AGEPRO VERSION 4.2

2025_MLS_scenario3

Date & Time of Run: 04 Mar 2025  12:22

Input File Name:    2025_MLS_scenario3.inp

First Age Class:                         1
Number of Age Classes:                  15
Number of Years in Projection:          14
Number of Fleets:                        9
Number of Recruitment Models:            3
Number of Bootstraps:                  100
Number of Simulations:                1000

Bootstrap File Name:            C:\Users\jon.brodziak\Desktop\2024 WCNPO MLS Rebuilding\Bootstrap-numbers-at-age\2023_WCNPOMLS.bsn

Number of Feasible Solutions:      99364  of     100000 Realizations

Input Harvest Scenario

Year  Type        Fleet-1    Fleet-2    Fleet-3    Fleet-4    Fleet-5    Fleet-6    Fleet-7    Fleet-8    Fleet-9    

2021  Landings        118        100        551         72         89         37         58        256        249 
2022  Landings         75         99        464         36         80         54         84        289        284 
2023  Landings        129         80        526         28        110         54         84        207        461 
2024  Landings         83        176        578         27        110         54         84        565        461 
2025  Landings        351        139       1296         65        213         95        197        393        476 
2026  Landings        351        139       1296         65        213         95        197        393        476 
2027  Landings        316        125        904         58        191         85        166        228        326 
2028  Landings        344        137        713         63        208         93        180        324        337 
2029  Landings        344        137        713         63        208         93        180        324        337 
2030  Landings        344        137        713         63        208         93        180        324        337 
2031  Landings        344        137        713         63        208         93        180        324        337 
2032  Landings        344        137        713         63        208         93        180        324        337 
2033  Landings        344        137        713         63        208         93        180        324        337 
2034  Landings        344        137        713         63        208         93        180        324        337 

Recruitment Selection Distribution

Year  Selection-1 Selection-2 Selection-3 

2021      0.1195     0.8418     0.0388 
2022      0.1211     0.8379     0.0410 
2023      0.1197     0.8408     0.0394 
2024      0.1198     0.8400     0.0402 
2025      0.1199     0.8408     0.0393 
2026      0.1200     0.8394     0.0406 
2027      0.1192     0.8406     0.0402 
2028      0.1218     0.8383     0.0400 
2029      0.1190     0.8409     0.0401 
2030      0.1183     0.8409     0.0408 
2031      0.1207     0.8393     0.0400 
2032      0.1198     0.8397     0.0405 
2033      0.1201     0.8406     0.0393 
2034      0.1191     0.8418     0.0391 

Recruits        1000  Fish

Year Class   Average        StdDev
2021        173.3330       81.3247
2022        174.0308       83.0947
2023        174.6207       84.5910
2024        174.7495       84.7398
2025        174.7865       83.7470
2026        174.4193       82.2243
2027        173.7273       82.0357
2028        173.7825       83.3901
2029        173.7509       82.2510
2030        173.9936       82.8226
2031        173.7018       82.4390
2032        173.9093       83.4255
2033        173.5658       82.8071
2034        173.8097       82.5109

Recruits Distribution

Year Class 1%         5%         10%        25%        50%        75%        90%        95%        99%    
2021    68.6589    70.6840    78.9478   104.4760   168.4826   236.5652   279.0149   306.1007   325.2328
2022    68.6531    70.6336    78.9612   104.9178   168.5061   236.6760   279.7406   306.8539   346.4527
2023    68.6496    70.5303    78.9922   104.8707   168.5980   237.1354   281.7054   307.6035   350.3139
2024    68.6852    70.7398    79.0365   104.9649   168.6545   236.7156   280.7758   307.5320   355.2496
2025    68.6576    70.8781    79.2900   105.0662   168.6808   237.5256   280.4148   307.2495   342.4244
2026    68.6568    70.7080    79.0477   105.1751   168.6438   237.1866   280.0492   307.3165   338.7376
2027    68.6573    70.8607    79.1154   104.8538   168.5156   236.6750   279.4307   306.5780   325.5566
2028    68.6403    70.8729    79.0756   104.8080   168.4352   236.3868   280.3401   307.3902   330.0012
2029    68.6449    70.8696    79.1543   104.9949   168.5074   236.5448   279.6460   307.0489   325.7126
2030    68.6285    70.7206    79.0739   104.8298   168.5896   236.7297   279.3433   306.5301   328.8467
2031    68.6092    70.5069    78.9312   104.6751   168.5369   236.5739   279.1942   306.4594   325.6364
2032    68.6424    70.6496    79.0625   104.8427   168.5039   236.8225   280.0382   306.6306   326.3138
2033    68.6211    70.5101    78.8561   104.7815   168.5120   236.1455   279.1268   306.1433   325.4845
2034    68.6119    70.6512    78.9631   104.8747   168.5616   236.3455   280.1139   306.9005   325.4036

Spawning Stock Biomass  x       1000 MT

Year       Average        StdDev
2021        2.7378        0.6261
2022        4.0636        0.8630
2023        5.6676        1.4214
2024        5.8946        1.7220
2025        5.2498        1.8996
2026        4.3190        1.9776
2027        3.9147        2.0061
2028        3.8751        2.0359
2029        3.8697        2.0471
2030        3.8541        2.0535
2031        3.8430        2.0738
2032        3.8345        2.0840
2033        3.8283        2.0948
2034        3.8226        2.1070

Spawning Stock Biomass Distribution

Year        1%         5%         10%        25%        50%        75%        90%        95%        99%   
2021     1.6039     1.9805     2.1194     2.3350     2.6414     3.0233     3.4239     3.7334     5.3640 
2022     2.3131     2.8198     3.0496     3.4860     3.9795     4.5233     5.2099     5.6441     6.6052 
2023     3.0299     3.6100     3.9600     4.6369     5.5283     6.5010     7.6079     8.3140     9.5682 
2024     2.6628     3.3717     3.8145     4.6572     5.7428     6.9635     8.1497     8.9191    10.5052 
2025     1.6640     2.4736     2.9622     3.9031     5.0968     6.4022     7.6795     8.5185    10.4464 
2026     0.7122     1.4855     1.9721     2.9211     4.1382     5.4786     6.8254     7.6990     9.8056 
2027     0.4133     1.0976     1.5581     2.4924     3.7028     5.0827     6.4431     7.3598     9.6593 
2028     0.3454     1.0138     1.4867     2.4276     3.6585     5.0533     6.4504     7.3742     9.6390 
2029     0.3080     0.9740     1.4543     2.4131     3.6550     5.0682     6.4838     7.4291     9.6681 
2030     0.2758     0.9475     1.4275     2.3806     3.6448     5.0520     6.4874     7.4330     9.6189 
2031     0.2356     0.9224     1.4001     2.3657     3.6193     5.0496     6.4916     7.4303     9.7430 
2032     0.2084     0.8980     1.3732     2.3525     3.6154     5.0505     6.4933     7.4454     9.7111 
2033     0.1803     0.8670     1.3597     2.3279     3.6171     5.0494     6.4951     7.4518     9.7435 
2034     0.1410     0.8484     1.3374     2.3186     3.6041     5.0488     6.5020     7.4427     9.7647 

JAN-1 Stock Biomass  x       1000 MT

Year       Average        StdDev
2021        9.2974        1.5953
2022       10.6315        2.0448
2023       11.5640        2.4035
2024       12.0036        2.6722
2025       11.8206        2.8574
2026       10.6980        2.9621
2027        9.7727        3.0070
2028        9.7215        3.0355
2029        9.6900        3.0715
2030        9.6644        3.0946
2031        9.6488        3.1221
2032        9.6345        3.1548
2033        9.6205        3.1822
2034        9.6047        3.2000

JAN-1 Stock Biomass Distribution

Year       1%         5%         10%        25%        50%        75%        90%        95%        99%    
2021     6.3273     6.9537     7.3697     8.1659     9.1733    10.1347    11.5541    12.2993    13.6997 
2022     6.7036     7.5917     8.1439     9.1915    10.4469    11.8910    13.3302    14.2674    16.0997 
2023     6.8913     7.9581     8.6412     9.8683    11.3887    13.0424    14.6852    15.7211    17.9537 
2024     6.7752     8.0047     8.7681    10.1327    11.8231    13.6365    15.3936    16.5584    19.1571 
2025     6.2081     7.5709     8.3745     9.8396    11.6199    13.5489    15.4220    16.6311    19.6087 
2026     4.8957     6.3057     7.1323     8.6665    10.4787    12.4721    14.4064    15.6956    18.8176 
2027     3.8463     5.3054     6.1662     7.6991     9.5525    11.5795    13.5549    14.8700    18.0588 
2028     3.7137     5.2001     6.0715     7.6434     9.5043    11.5418    13.5526    14.8681    18.1138 
2029     3.6349     5.1404     6.0241     7.5902     9.4745    11.5254    13.5526    14.9005    18.0265 
2030     3.4987     5.1001     5.9787     7.5409     9.4536    11.5169    13.5726    14.8850    18.1172 
2031     3.3979     5.0432     5.9382     7.5217     9.4418    11.5138    13.5381    14.9246    18.1536 
2032     3.2803     4.9955     5.8926     7.4966     9.4450    11.5219    13.5566    14.9036    18.1707 
2033     3.1564     4.9563     5.8595     7.4805     9.4249    11.5191    13.5781    14.9304    18.1373 
2034     3.0297     4.9134     5.8340     7.4598     9.4074    11.5098    13.5744    14.9342    18.1391 

Mean Biomass  x       1000 MT

Year       Average        StdDev
2021        9.0608        1.6990
2022       10.1815        2.1417
2023       10.8341        2.4618
2024       10.9331        2.7063
2025       10.1882        2.8772
2026        9.1423        2.9599
2027        8.7138        2.9812
2028        8.6787        3.0030
2029        8.6533        3.0355
2030        8.6322        3.0557
2031        8.6177        3.0780
2032        8.6024        3.1045
2033        8.5915        3.1344
2034        8.5762        3.1427

Mean Biomass Distribution

Year       1%         5%         10%        25%        50%        75%        90%        95%        99%    
2021     5.9440     6.5564     7.0100     7.8297     8.9274     9.9874    11.4696    12.2311    13.6790 
2022     6.1152     7.0083     7.5694     8.6589     9.9921    11.5108    13.0024    13.9613    15.8710 
2023     6.0466     7.1596     7.8398     9.0977    10.6501    12.3437    14.0092    15.0797    17.3968 
2024     5.6603     6.9081     7.6594     9.0502    10.7442    12.5867    14.3572    15.5042    18.2385 
2025     4.5465     5.9197     6.7355     8.2074     9.9828    11.9113    13.7866    15.0099    18.0264 
2026     3.3051     4.7602     5.5839     7.1257     8.9362    10.9174    12.8514    14.1249    17.2675 
2027     2.7961     4.2948     5.1394     6.6631     8.5070    10.4979    12.4815    13.7644    16.8399 
2028     2.7192     4.2057     5.0544     6.6172     8.4668    10.4861    12.4522    13.7644    16.8820 
2029     2.6496     4.1518     5.0329     6.5679     8.4409    10.4635    12.4673    13.8052    16.9108 
2030     2.5248     4.1135     4.9852     6.5422     8.4170    10.4646    12.4791    13.8017    16.9038 
2031     2.4020     4.0693     4.9615     6.5201     8.4146    10.4618    12.4637    13.8247    16.9177 
2032     2.3084     4.0119     4.9178     6.4971     8.4102    10.4674    12.4658    13.7921    16.9531 
2033     2.1740     3.9803     4.8813     6.4780     8.3940    10.4555    12.4823    13.8188    17.0362 
2034     2.0249     3.9382     4.8507     6.4679     8.3802    10.4477    12.4835    13.7838    17.0208 

Combined Catch Biomass  x       1000 MT

Year       Average        StdDev
2021        1.5310        0.0000
2022        1.4643        0.0000
2023        1.6786        0.0140
2024        2.1380        0.0203
2025        3.2247        0.0306
2026        3.2242        0.0520
2027        2.3985        0.0593
2028        2.3971        0.0834
2029        2.3953        0.1056
2030        2.3932        0.1277
2031        2.3912        0.1449
2032        2.3890        0.1624
2033        2.3868        0.1775
2034        2.3847        0.1908

Combined Catch Distribution

Year       1%         5%         10%        25%        50%        75%        90%        95%        99%    
2021     1.5310     1.5310     1.5310     1.5310     1.5310     1.5310     1.5310     1.5310     1.5310 
2022     1.4643     1.4643     1.4643     1.4643     1.4643     1.4643     1.4643     1.4643     1.4643 
2023     1.6787     1.6787     1.6787     1.6787     1.6787     1.6787     1.6787     1.6787     1.6787 
2024     2.1381     2.1382     2.1382     2.1382     2.1382     2.1382     2.1382     2.1382     2.1382 
2025     3.2250     3.2250     3.2250     3.2250     3.2250     3.2250     3.2250     3.2250     3.2250 
2026     3.2250     3.2250     3.2250     3.2250     3.2250     3.2250     3.2250     3.2250     3.2250 
2027     2.4000     2.4000     2.4000     2.4000     2.4000     2.4000     2.4000     2.4000     2.4000 
2028     2.4000     2.4000     2.4000     2.4000     2.4000     2.4000     2.4000     2.4000     2.4000 
2029     2.4000     2.4000     2.4000     2.4000     2.4000     2.4000     2.4000     2.4000     2.4000 
2030     2.4000     2.4000     2.4000     2.4000     2.4000     2.4000     2.4000     2.4000     2.4000 
2031     2.4000     2.4000     2.4000     2.4000     2.4000     2.4000     2.4000     2.4000     2.4000 
2032     2.4000     2.4000     2.4000     2.4000     2.4000     2.4000     2.4000     2.4000     2.4000 
2033     2.4000     2.4000     2.4000     2.4000     2.4000     2.4000     2.4000     2.4000     2.4000 
2034     2.4000     2.4000     2.4000     2.4000     2.4000     2.4000     2.4000     2.4000     2.4000 

Landings  x       1000 MT

Year       Average        StdDev
2021        1.5310        0.0000
2022        1.4643        0.0000
2023        1.6786        0.0140
2024        2.1380        0.0203
2025        3.2247        0.0306
2026        3.2242        0.0520
2027        2.3985        0.0593
2028        2.3971        0.0834
2029        2.3953        0.1056
2030        2.3932        0.1277
2031        2.3912        0.1449
2032        2.3890        0.1624
2033        2.3868        0.1775
2034        2.3847        0.1908

Landings Distribution

Year       1%         5%         10%        25%        50%        75%        90%        95%        99%    
2021     1.5310     1.5310     1.5310     1.5310     1.5310     1.5310     1.5310     1.5310     1.5310 
2022     1.4643     1.4643     1.4643     1.4643     1.4643     1.4643     1.4643     1.4643     1.4643 
2023     1.6787     1.6787     1.6787     1.6787     1.6787     1.6787     1.6787     1.6787     1.6787 
2024     2.1381     2.1382     2.1382     2.1382     2.1382     2.1382     2.1382     2.1382     2.1382 
2025     3.2250     3.2250     3.2250     3.2250     3.2250     3.2250     3.2250     3.2250     3.2250 
2026     3.2250     3.2250     3.2250     3.2250     3.2250     3.2250     3.2250     3.2250     3.2250 
2027     2.4000     2.4000     2.4000     2.4000     2.4000     2.4000     2.4000     2.4000     2.4000 
2028     2.4000     2.4000     2.4000     2.4000     2.4000     2.4000     2.4000     2.4000     2.4000 
2029     2.4000     2.4000     2.4000     2.4000     2.4000     2.4000     2.4000     2.4000     2.4000 
2030     2.4000     2.4000     2.4000     2.4000     2.4000     2.4000     2.4000     2.4000     2.4000 
2031     2.4000     2.4000     2.4000     2.4000     2.4000     2.4000     2.4000     2.4000     2.4000 
2032     2.4000     2.4000     2.4000     2.4000     2.4000     2.4000     2.4000     2.4000     2.4000 
2033     2.4000     2.4000     2.4000     2.4000     2.4000     2.4000     2.4000     2.4000     2.4000 
2034     2.4000     2.4000     2.4000     2.4000     2.4000     2.4000     2.4000     2.4000     2.4000 

Total Fishing Mortality

Year       Average        StdDev
2021        0.5252        0.0945
2022        0.3707        0.0745
2023        0.3797        0.0904
2024        0.4200        0.1180
2025        0.6950        0.2680
2026        0.8938        0.5543
2027        0.7799        0.6414
2028        0.8007        0.6819
2029        0.8100        0.6984
2030        0.8167        0.7134
2031        0.8233        0.7364
2032        0.8279        0.7459
2033        0.8324        0.7515
2034        0.8376        0.7757

Total Fishing Mortality Distribution

Year       1%         5%         10%        25%        50%        75%        90%        95%        99%    
2021     0.2820     0.3849     0.4163     0.4622     0.5229     0.5808     0.6349     0.6699     0.8279 
2022     0.2249     0.2592     0.2789     0.3233     0.3622     0.4124     0.4697     0.5070     0.5844 
2023     0.2232     0.2540     0.2752     0.3163     0.3681     0.4291     0.4999     0.5469     0.6446 
2024     0.2312     0.2690     0.2919     0.3369     0.3995     0.4803     0.5731     0.6432     0.7946 
2025     0.3334     0.4007     0.4403     0.5189     0.6357     0.8000     1.0149     1.1835     1.6397 
2026     0.3496     0.4376     0.4887     0.5931     0.7581     1.0182     1.4003     1.7593     2.9900 
2027     0.2659     0.3396     0.3826     0.4730     0.6214     0.8679     1.2686     1.6621     3.2720 
2028     0.2650     0.3389     0.3831     0.4759     0.6289     0.8882     1.3115     1.7569     3.5676 
2029     0.2640     0.3380     0.3819     0.4760     0.6312     0.8960     1.3392     1.8104     3.6722 
2030     0.2646     0.3376     0.3814     0.4762     0.6328     0.9050     1.3480     1.8268     3.8006 
2031     0.2633     0.3375     0.3807     0.4766     0.6359     0.9110     1.3627     1.8456     3.8740 
2032     0.2607     0.3370     0.3814     0.4759     0.6358     0.9139     1.3762     1.8603     3.9881 
2033     0.2624     0.3365     0.3807     0.4765     0.6367     0.9198     1.3883     1.8968     4.0208 
2034     0.2614     0.3367     0.3807     0.4763     0.6384     0.9246     1.4006     1.9105     4.0408 

JAN-1 Stock Numbers at Age  -       1000  Fish

2021

Age        1%         5%         10%        25%        50%        75%        90%        95%        99%    
1      140.2370   175.0900   184.8320   216.7130   261.1480   317.3690   385.6290   409.5080   464.9250
2       58.9389    77.9477    80.8620    85.4451   100.4175   112.5240   125.3470   138.4980   148.4390
3       34.1986    41.3466    43.5177    47.9381    54.8765    60.4455    67.3245    74.4817    84.8335
4        4.4701     6.3288     7.3712     8.3369     9.5330    10.8358    12.5169    14.0136    20.6054
5        1.2938     1.6031     1.7337     2.2441     2.6907     3.2695     4.2092     4.8898     7.4995
6        0.2917     0.4842     0.6024     0.6936     0.9665     1.2287     1.8234     2.1765     5.0518
7        0.0278     0.0584     0.0739     0.1025     0.1591     0.2261     0.3164     0.3996     1.3049
8        0.0082     0.0292     0.0370     0.0584     0.1092     0.1670     0.2575     0.4456     2.1858
9        0.0003     0.0014     0.0021     0.0035     0.0085     0.0144     0.0223     0.0334     0.2402
10        0.0001     0.0005     0.0007     0.0015     0.0043     0.0069     0.0143     0.0242     0.2609
11        0.0000     0.0001     0.0002     0.0004     0.0014     0.0028     0.0051     0.0082     0.1988
12        0.0000     0.0000     0.0000     0.0000     0.0001     0.0003     0.0005     0.0008     0.0280
13        0.0000     0.0000     0.0000     0.0000     0.0000     0.0002     0.0003     0.0005     0.0316
14        0.0000     0.0000     0.0000     0.0000     0.0000     0.0000     0.0001     0.0001     0.0183
15+       0.0000     0.0000     0.0000     0.0000     0.0000     0.0000     0.0000     0.0000     0.0127

2022

Age        1%         5%         10%        25%        50%        75%        90%        95%        99%    
1       68.6589    70.6840    78.9478   104.4760   168.4826   236.5652   279.0149   306.1007   325.2328
2       87.9173   103.9369   110.9480   128.2253   156.5634   191.6589   233.0163   253.6280   288.3072
3       30.1860    40.8106    43.1616    46.8612    54.2705    62.8430    71.6778    78.6723    89.0099
4       15.2529    18.6763    20.6331    23.1663    26.5801    30.7766    35.5102    39.9995    50.2049
5        1.9821     2.7464     3.2576     3.7835     4.4798     5.2603     6.4427     7.0769    11.9313
6        0.5409     0.6575     0.7421     1.0017     1.2064     1.5469     2.0863     2.4528     4.4832
7        0.1300     0.2172     0.2519     0.3108     0.4203     0.5827     0.8890     1.0829     3.0398
8        0.0133     0.0255     0.0326     0.0453     0.0694     0.1069     0.1611     0.2081     0.7903
9        0.0041     0.0128     0.0166     0.0270     0.0489     0.0803     0.1301     0.2200     1.3360
10        0.0001     0.0006     0.0009     0.0017     0.0038     0.0069     0.0111     0.0177     0.1482
11        0.0000     0.0002     0.0003     0.0007     0.0020     0.0033     0.0076     0.0123     0.1615
12        0.0000     0.0000     0.0001     0.0002     0.0007     0.0013     0.0026     0.0042     0.1247
13        0.0000     0.0000     0.0000     0.0000     0.0001     0.0001     0.0003     0.0004     0.0177
14        0.0000     0.0000     0.0000     0.0000     0.0000     0.0001     0.0001     0.0003     0.0199
15+       0.0000     0.0000     0.0000     0.0000     0.0000     0.0000     0.0001     0.0001     0.0199

2023

Age        1%         5%         10%        25%        50%        75%        90%        95%        99%    
1       68.6531    70.6336    78.9612   104.9178   168.5061   236.6760   279.7406   306.8539   346.4527
2       39.9181    43.3682    47.4448    62.7718   101.4990   143.4785   170.8953   185.5581   207.6205
3       48.4598    57.8409    62.3831    72.9073    90.8427   112.2867   138.0021   152.1313   174.7080
4       14.9047    20.7023    22.4451    25.0496    29.5568    35.0541    40.6718    44.7466    51.6545
5        7.0712     9.0688    10.3621    11.9620    13.9734    16.6915    19.6178    22.5375    29.4176
6        0.8873     1.3496     1.6122     1.9177     2.2991     2.7777     3.5028     3.8983     6.8462
7        0.2516     0.3055     0.3690     0.4985     0.6195     0.8075     1.1215     1.3170     2.6998
8        0.0601     0.1077     0.1205     0.1579     0.2187     0.3040     0.4840     0.5797     1.7872
9        0.0070     0.0128     0.0164     0.0233     0.0357     0.0558     0.0868     0.1120     0.4873
10        0.0021     0.0063     0.0084     0.0142     0.0250     0.0424     0.0715     0.1161     0.8284
11        0.0001     0.0003     0.0004     0.0009     0.0019     0.0037     0.0061     0.0098     0.0885
12        0.0000     0.0001     0.0002     0.0004     0.0010     0.0018     0.0042     0.0067     0.0991
13        0.0000     0.0000     0.0000     0.0001     0.0003     0.0007     0.0014     0.0023     0.0792
14        0.0000     0.0000     0.0000     0.0000     0.0000     0.0001     0.0002     0.0002     0.0111
15+       0.0000     0.0000     0.0000     0.0000     0.0000     0.0001     0.0001     0.0002     0.0240

2024

Age        1%         5%         10%        25%        50%        75%        90%        95%        99%    
1       68.6496    70.5303    78.9922   104.8707   168.5980   237.1354   281.7054   307.6035   350.3139
2       40.1375    43.5779    47.7060    63.3522   101.9661   144.0513   172.1233   187.2251   215.2492
3       22.0360    24.7539    27.2457    36.1274    58.8179    84.1346   101.9784   110.9924   127.8722
4       23.9398    29.4801    32.5033    38.9455    50.2295    63.3655    79.5979    88.8562   103.6877
5        6.9464     9.8294    11.1311    13.0348    15.8116    19.1183    22.7945    25.2538    29.7775
6        3.1914     4.3273     4.9697     6.0062     7.2734     8.8864    10.6990    12.3956    16.6419
7        0.3814     0.6361     0.7749     0.9541     1.1691     1.4625     1.8906     2.1624     3.8613
8        0.1129     0.1424     0.1791     0.2442     0.3182     0.4196     0.5956     0.7167     1.5486
9        0.0280     0.0513     0.0578     0.0785     0.1130     0.1571     0.2608     0.3124     1.0118
10        0.0032     0.0063     0.0080     0.0118     0.0182     0.0288     0.0460     0.0605     0.3021
11        0.0011     0.0031     0.0042     0.0073     0.0128     0.0221     0.0394     0.0602     0.4927
12        0.0000     0.0001     0.0002     0.0005     0.0010     0.0019     0.0034     0.0053     0.0515
13        0.0000     0.0001     0.0001     0.0002     0.0005     0.0010     0.0023     0.0037     0.0581
14        0.0000     0.0000     0.0000     0.0001     0.0002     0.0004     0.0008     0.0013     0.0501
15+       0.0000     0.0000     0.0000     0.0000     0.0000     0.0001     0.0001     0.0002     0.0210

2025

Age        1%         5%         10%        25%        50%        75%        90%        95%        99%    
1       68.6852    70.7398    79.0365   104.9649   168.6545   236.7156   280.7758   307.5320   355.2496
2       39.0822    42.5863    46.6574    61.9701   100.0239   141.8931   169.8366   184.5481   212.3930
3       20.4661    23.4360    25.8737    34.6046    56.4017    81.1236    99.2279   108.5465   128.4480
4        9.6851    11.8881    13.4479    18.1476    30.4170    44.8260    56.3928    62.0814    74.0140
5        9.8460    13.0876    15.0440    18.9978    25.5240    33.4440    43.1735    49.1667    58.8499
6        2.8715     4.1732     4.9582     6.2589     7.9155     9.8686    12.1131    13.5702    16.4964
7        1.3137     1.8906     2.2426     2.8718     3.6438     4.5749     5.6817     6.6306     9.0570
8        0.1571     0.2788     0.3541     0.4606     0.5870     0.7603     1.0039     1.1866     2.1121
9        0.0484     0.0659     0.0831     0.1194     0.1620     0.2190     0.3136     0.3903     0.8493
10        0.0131     0.0233     0.0277     0.0389     0.0578     0.0818     0.1395     0.1706     0.5612
11        0.0015     0.0030     0.0039     0.0059     0.0093     0.0150     0.0247     0.0325     0.1679
12        0.0006     0.0015     0.0021     0.0037     0.0066     0.0115     0.0217     0.0319     0.2750
13        0.0000     0.0001     0.0001     0.0002     0.0005     0.0010     0.0019     0.0028     0.0292
14        0.0000     0.0000     0.0000     0.0001     0.0003     0.0005     0.0013     0.0020     0.0329
15+       0.0000     0.0000     0.0000     0.0000     0.0001     0.0002     0.0005     0.0008     0.0402

2026

Age        1%         5%         10%        25%        50%        75%        90%        95%        99%    
1       68.6576    70.8781    79.2900   105.0662   168.6808   237.5256   280.4148   307.2495   342.4244
2       38.3830    42.1018    46.0688    61.1448    98.8374   139.7099   167.5603   182.2697   213.4479
3       15.8066    19.9787    22.5197    30.3508    50.2704    73.4008    91.4935   100.5028   120.8989
4        5.3166     8.0634     9.7864    14.0115    24.0626    36.8580    48.3043    54.2912    67.6688
5        2.0879     3.6015     4.5544     6.8786    12.1518    19.3113    26.1726    29.8660    37.7667
6        2.0168     3.6602     4.7619     6.9493    10.2046    14.5012    19.6013    22.9744    29.1028
7        0.6314     1.1831     1.5583     2.2825     3.2027     4.2981     5.5052     6.3488     8.0165
8        0.3051     0.5592     0.7317     1.0681     1.5007     2.0187     2.6318     3.1204     4.3132
9        0.0415     0.0850     0.1171     0.1759     0.2469     0.3414     0.4701     0.5775     1.0021
10        0.0128     0.0223     0.0300     0.0469     0.0697     0.0995     0.1456     0.1883     0.4080
11        0.0040     0.0076     0.0103     0.0159     0.0250     0.0375     0.0652     0.0834     0.2739
12        0.0005     0.0011     0.0015     0.0025     0.0041     0.0068     0.0116     0.0156     0.0819
13        0.0002     0.0006     0.0008     0.0016     0.0029     0.0053     0.0104     0.0152     0.1361
14        0.0000     0.0000     0.0000     0.0001     0.0002     0.0005     0.0009     0.0013     0.0145
15+       0.0000     0.0000     0.0000     0.0001     0.0002     0.0003     0.0008     0.0014     0.0369

2027

Age        1%         5%         10%        25%        50%        75%        90%        95%        99%    
1       68.6568    70.7080    79.0477   105.1751   168.6438   237.1866   280.0492   307.3165   338.7376
2       37.1646    41.4905    45.4615    60.3340    97.5237   138.5065   165.9679   180.5189   208.0160
3       10.8769    17.2301    20.3614    28.1002    47.1277    69.2711    87.9797    97.3771   118.6608
4        1.8796     4.9744     6.8818    10.9470    19.6460    31.5072    42.8329    48.9423    62.4754
5        0.4348     1.6050     2.5184     4.5736     8.7098    14.9122    21.3958    25.1701    33.5840
6        0.1520     0.6760     1.1168     2.1732     4.2734     7.6285    11.2601    13.4977    18.4419
7        0.1439     0.6695     1.1185     2.1335     3.7198     5.8838     8.5042    10.3276    13.9768
8        0.0491     0.2226     0.3742     0.7103     1.1937     1.7893     2.4412     2.8935     3.8704
9        0.0259     0.1124     0.1835     0.3446     0.5734     0.8577     1.1858     1.4398     2.0505
10        0.0042     0.0185     0.0305     0.0583     0.0973     0.1476     0.2136     0.2702     0.4598
11        0.0013     0.0052     0.0085     0.0161     0.0279     0.0435     0.0660     0.0881     0.1863
12        0.0005     0.0018     0.0030     0.0057     0.0101     0.0166     0.0288     0.0394     0.1271
13        0.0001     0.0003     0.0005     0.0009     0.0017     0.0030     0.0052     0.0073     0.0384
14        0.0000     0.0002     0.0003     0.0006     0.0012     0.0023     0.0046     0.0070     0.0638
15+       0.0000     0.0000     0.0000     0.0001     0.0002     0.0003     0.0008     0.0012     0.0246

2028

Age        1%         5%         10%        25%        50%        75%        90%        95%        99%    
1       68.6573    70.8607    79.1154   104.8538   168.5156   236.6750   279.4307   306.5780   325.5566
2       37.6150    42.0164    46.0344    61.3247    98.9250   140.7205   168.1518   183.2192   209.6297
3       10.0278    17.8626    21.3319    29.2973    49.1605    72.0277    91.2136   100.6592   120.6665
4        1.1018     4.4859     6.7058    11.1671    20.2134    32.5273    44.4192    50.8111    65.8271
5        0.1175     1.0461     1.9143     3.9861     7.9601    14.2404    20.8082    24.7787    33.5045
6        0.0238     0.3149     0.6608     1.6006     3.4913     6.5882    10.1636    12.4557    17.7558
7        0.0082     0.1325     0.2957     0.7629     1.7168     3.3714     5.3532     6.6916     9.6541
8        0.0080     0.1292     0.2918     0.7494     1.5403     2.6966     4.1143     5.1408     7.3731
9        0.0029     0.0451     0.1016     0.2554     0.5050     0.8373     1.2069     1.4731     2.0602
10        0.0017     0.0238     0.0519     0.1273     0.2485     0.4083     0.5948     0.7350     1.0791
11        0.0003     0.0041     0.0089     0.0219     0.0430     0.0711     0.1075     0.1386     0.2332
12        0.0001     0.0013     0.0026     0.0062     0.0124     0.0211     0.0331     0.0449     0.0940
13        0.0000     0.0005     0.0010     0.0022     0.0045     0.0081     0.0141     0.0203     0.0628
14        0.0000     0.0001     0.0001     0.0004     0.0007     0.0014     0.0026     0.0038     0.0192
15+       0.0000     0.0000     0.0001     0.0003     0.0006     0.0013     0.0026     0.0042     0.0445

2029

Age        1%         5%         10%        25%        50%        75%        90%        95%        99%    
1       68.6403    70.8729    79.0756   104.8080   168.4352   236.3868   280.3401   307.3902   330.0012
2       37.1996    41.7217    45.6845    60.5453    98.2687   139.0388   167.0716   181.4988   206.1719
3        9.2588    17.7381    21.3480    29.5111    49.3465    72.6510    92.0919   101.2984   121.8615
4        0.8515     4.4448     6.9605    11.6660    21.0275    33.7445    45.9998    52.3599    66.2956
5        0.0583     0.8905     1.8061     4.0552     8.2010    14.7333    21.6216    25.7814    35.4793
6        0.0054     0.1897     0.4879     1.3797     3.1941     6.3059     9.9339    12.3101    17.6596
7        0.0010     0.0577     0.1665     0.5521     1.4077     2.9344     4.8370     6.1628     9.3657
8        0.0006     0.0250     0.0775     0.2700     0.7058     1.5195     2.5807     3.3462     5.1016
9        0.0006     0.0249     0.0781     0.2667     0.6519     1.2568     2.0281     2.6007     3.9294
10        0.0002     0.0092     0.0277     0.0926     0.2178     0.3981     0.6087     0.7622     1.1098
11        0.0001     0.0050     0.0147     0.0474     0.1091     0.1966     0.3022     0.3828     0.5788
12        0.0000     0.0010     0.0026     0.0083     0.0191     0.0346     0.0547     0.0718     0.1224
13        0.0000     0.0003     0.0008     0.0024     0.0056     0.0103     0.0169     0.0231     0.0476
14        0.0000     0.0001     0.0003     0.0009     0.0020     0.0040     0.0071     0.0104     0.0309
15+       0.0000     0.0000     0.0001     0.0003     0.0006     0.0013     0.0026     0.0041     0.0319

2030

Age        1%         5%         10%        25%        50%        75%        90%        95%        99%    
1       68.6449    70.8696    79.1543   104.9949   168.5074   236.5448   279.6460   307.0489   325.7126
2       36.7732    41.6778    45.6570    60.5795    97.8266   138.9467   167.4246   182.3140   207.7550
3        8.3202    17.3762    21.0555    29.1360    49.0470    71.7886    91.3378   100.4683   119.9497
4        0.6515     4.2871     6.8407    11.6931    21.0944    34.1036    46.5262    52.7867    67.0834
5        0.0367     0.8303     1.8417     4.2026     8.5454    15.3289    22.3525    26.4998    35.5786
6        0.0023     0.1527     0.4447     1.3928     3.2809     6.5337    10.3059    12.8125    18.6719
7        0.0004     0.0325     0.1200     0.4694     1.2883     2.7977     4.7334     6.1096     9.3059
8        0.0001     0.0102     0.0424     0.1911     0.5764     1.3154     2.3347     3.0866     4.9689
9        0.0000     0.0046     0.0205     0.0956     0.2954     0.6935     1.2577     1.6912     2.7249
10        0.0000     0.0048     0.0210     0.0964     0.2793     0.5938     1.0117     1.3342     2.1118
11        0.0000     0.0018     0.0077     0.0339     0.0949     0.1909     0.3083     0.3957     0.6047
12        0.0000     0.0010     0.0042     0.0177     0.0480     0.0952     0.1540     0.1994     0.3115
13        0.0000     0.0002     0.0008     0.0032     0.0085     0.0169     0.0280     0.0374     0.0648
14        0.0000     0.0001     0.0002     0.0009     0.0025     0.0050     0.0086     0.0119     0.0246
15+       0.0000     0.0000     0.0001     0.0005     0.0012     0.0026     0.0049     0.0075     0.0304

2031

Age        1%         5%         10%        25%        50%        75%        90%        95%        99%    
1       68.6285    70.7206    79.0739   104.8298   168.5896   236.7297   279.3433   306.5301   328.8467
2       36.3804    41.5811    45.5332    60.6539    98.0865   138.9121   167.1437   182.0274   207.4334
3        7.6449    17.2853    21.0597    29.1070    48.6111    71.7276    91.5011   101.1286   120.9363
4        0.5062     4.0999     6.6935    11.5022    20.9014    33.7023    46.0639    52.4654    66.1790
5        0.0249     0.7781     1.7779     4.2068     8.5672    15.4370    22.6148    26.7560    35.9330
6        0.0012     0.1362     0.4432     1.4287     3.4192     6.8104    10.6634    13.1869    18.8076
7        0.0002     0.0250     0.1078     0.4687     1.3198     2.8950     4.9149     6.3651     9.8636
8        0.0000     0.0054     0.0295     0.1604     0.5257     1.2584     2.2863     3.0532     4.9428
9        0.0000     0.0018     0.0110     0.0669     0.2397     0.6012     1.1371     1.5581     2.6526
10        0.0000     0.0010     0.0054     0.0344     0.1253     0.3216     0.6209     0.8611     1.4529
11        0.0000     0.0010     0.0056     0.0351     0.1209     0.2811     0.5086     0.6889     1.1411
12        0.0000     0.0004     0.0021     0.0125     0.0413     0.0915     0.1573     0.2069     0.3285
13        0.0000     0.0003     0.0012     0.0066     0.0212     0.0461     0.0789     0.1048     0.1700
14        0.0000     0.0000     0.0002     0.0012     0.0038     0.0082     0.0144     0.0196     0.0346
15+       0.0000     0.0000     0.0001     0.0006     0.0017     0.0038     0.0069     0.0101     0.0263

2032

Age        1%         5%         10%        25%        50%        75%        90%        95%        99%    
1       68.6092    70.5069    78.9312   104.6751   168.5369   236.5739   279.1942   306.4594   325.6364
2       35.7292    41.4712    45.4145    60.4169    98.2160   139.0804   166.7753   181.5907   207.3099
3        6.7693    17.1557    20.9128    29.0128    48.7540    71.6680    91.4042   101.0339   120.6576
4        0.3702     4.0102     6.6252    11.4749    20.6252    33.5765    46.2279    52.7304    66.4490
5        0.0138     0.7329     1.7225     4.1092     8.4890    15.2898    22.4022    26.6149    35.5959
6        0.0010     0.1247     0.4220     1.4235     3.4233     6.8446    10.7899    13.3507    18.9245
7        0.0002     0.0224     0.1039     0.4766     1.3769     3.0245     5.1052     6.5511     9.9362
8        0.0000     0.0041     0.0264     0.1584     0.5381     1.3011     2.3681     3.1813     5.2190
9        0.0000     0.0010     0.0076     0.0558     0.2182     0.5730     1.1142     1.5426     2.6031
10        0.0000     0.0004     0.0029     0.0238     0.1013     0.2782     0.5614     0.7930     1.4050
11        0.0000     0.0002     0.0015     0.0124     0.0538     0.1510     0.3093     0.4407     0.7763
12        0.0000     0.0002     0.0016     0.0128     0.0525     0.1343     0.2563     0.3559     0.6141
13        0.0000     0.0001     0.0007     0.0046     0.0182     0.0441     0.0803     0.1085     0.1799
14        0.0000     0.0001     0.0004     0.0025     0.0094     0.0223     0.0405     0.0549     0.0921
15+       0.0000     0.0000     0.0001     0.0007     0.0025     0.0059     0.0110     0.0154     0.0308

2033

Age        1%         5%         10%        25%        50%        75%        90%        95%        99%    
1       68.6424    70.6496    79.0625   104.8427   168.5039   236.8225   280.0382   306.6306   326.3138
2       35.1516    41.3007    45.2665    60.2705    98.0168   138.8071   166.8470   181.6102   206.8565
3        5.8974    16.8812    20.7676    28.9316    48.8648    71.7837    91.0880   100.6417   120.7506
4        0.2995     3.8747     6.4938    11.4265    20.7055    33.6392    46.1728    52.6544    66.3938
5        0.0087     0.6921     1.6838     4.0858     8.3790    15.2506    22.5513    26.7102    35.6922
6        0.0010     0.1150     0.4018     1.3890     3.3827     6.7683    10.6709    13.2306    18.8323
7        0.0001     0.0196     0.0984     0.4714     1.3784     3.0426     5.1544     6.6402     9.9643
8        0.0000     0.0036     0.0249     0.1608     0.5606     1.3601     2.4662     3.2701     5.2659
9        0.0000     0.0010     0.0067     0.0548     0.2230     0.5937     1.1553     1.6104     2.7803
10        0.0000     0.0003     0.0019     0.0198     0.0913     0.2660     0.5505     0.7857     1.3947
11        0.0000     0.0001     0.0009     0.0086     0.0429     0.1304     0.2790     0.4071     0.7485
12        0.0000     0.0000     0.0005     0.0046     0.0231     0.0712     0.1549     0.2269     0.4135
13        0.0000     0.0001     0.0005     0.0047     0.0228     0.0644     0.1307     0.1857     0.3333
14        0.0000     0.0000     0.0002     0.0017     0.0079     0.0213     0.0411     0.0571     0.0975
15+       0.0000     0.0000     0.0001     0.0012     0.0053     0.0138     0.0266     0.0370     0.0646

2034

Age        1%         5%         10%        25%        50%        75%        90%        95%        99%    
1       68.6211    70.5101    78.8561   104.7815   168.5120   236.1455   279.1268   306.1433   325.4845
2       34.5711    41.2456    45.2203    60.3419    97.7982   138.7072   167.2565   181.8475   208.1303
3        5.1004    16.5969    20.6753    28.7716    48.6148    71.5295    91.3014   100.5117   120.4500
4        0.2046     3.6940     6.3928    11.3829    20.7283    33.7083    46.0957    52.5763    66.2544
5        0.0051     0.6406     1.6231     4.0636     8.4140    15.2756    22.4461    26.6729    35.7032
6        0.0010     0.1043     0.3854     1.3694     3.3498     6.7635    10.7571    13.3030    18.9111
7        0.0001     0.0169     0.0920     0.4601     1.3619     3.0037     5.1078     6.5788     9.9390
8        0.0000     0.0030     0.0234     0.1590     0.5620     1.3686     2.4924     3.3178     5.3147
9        0.0000     0.0009     0.0061     0.0553     0.2317     0.6191     1.2002     1.6544     2.8066
10        0.0000     0.0002     0.0017     0.0193     0.0936     0.2755     0.5695     0.8214     1.4899
11        0.0000     0.0001     0.0006     0.0071     0.0388     0.1239     0.2734     0.4027     0.7445
12        0.0000     0.0000     0.0002     0.0031     0.0184     0.0614     0.1397     0.2096     0.4008
13        0.0000     0.0000     0.0001     0.0017     0.0100     0.0339     0.0778     0.1172     0.2242
14        0.0000     0.0000     0.0001     0.0018     0.0100     0.0309     0.0664     0.0967     0.1802
15+       0.0000     0.0000     0.0001     0.0011     0.0059     0.0171     0.0348     0.0494     0.0872

Probability Spawning Stock Biomass Exceeds Threshold      3.660 (1000 MT)

Year    Probability

2021    0.058450
2022    0.670850
2023    0.944240
2024    0.919710
2025    0.794150
2026    0.600950
2027    0.509560
2028    0.499730
2029    0.498940
2030    0.496620
2031    0.492080
2032    0.490720
2033    0.491700
2034    0.489170

Probability Threshold Exceeded at Least Once =     0.9826

Probability Total Fishing Mortality Exceeds Threshold     0.8413 

Year    Probability

2021    0.007010
2022    0.000000
2023    0.000100
2024    0.005880
2025    0.209720
2026    0.399380
2027    0.267580
2028    0.280820
2029    0.284730
2030    0.287540
2031    0.291670
2032    0.293550
2033    0.294630
2034    0.296530

Probability Threshold Exceeded at Least Once =     0.6218


Requested Percentile Report

Percentile =    40.00 %

                                 2021       2022       2023       2024       2025       2026       2027       2028       2029       2030       2031       2032       2033       2034 

Recruits                     144.6919   144.9838   145.6334   146.2653   146.6465   146.4552   144.9939   144.1831   145.1638   145.9134   145.4481   144.9079   144.6887   145.6831 
Spawning Stock Biomass         2.5161     3.7986     5.1924     5.3174     4.6303     3.6640     3.2261     3.1753     3.1604     3.1512     3.1294     3.1187     3.1112     3.1018 
Jan-1 Stock Biomass            8.8190     9.9621    10.7958    11.1736    10.9419     9.7842     8.8483     8.7813     8.7511     8.7191     8.7037     8.6921     8.6694     8.6584 
Mean Biomass                   8.5338     9.4756    10.0540    10.0847     9.3035     8.2282     7.7956     7.7590     7.7287     7.7023     7.6822     7.6736     7.6512     7.6579 
Combined Catch Biomass         1.5310     1.4643     1.6787     2.1382     3.2250     3.2250     2.4000     2.4000     2.4000     2.4000     2.4000     2.4000     2.4000     2.4000 
Landings                       1.5310     1.4643     1.6787     2.1382     3.2250     3.2250     2.4000     2.4000     2.4000     2.4000     2.4000     2.4000     2.4000     2.4000 
FMort                          0.5022     0.3472     0.3480     0.3741     0.5868     0.6880     0.5576     0.5633     0.5645     0.5657     0.5660     0.5672     0.5668     0.5671 

Stock Numbers at Age
Age 1                        244.9740   144.6919   144.9838   145.6334   146.2653   146.6465   146.4552   144.9939   144.1831   145.1638   145.9134   145.4481   144.9079   144.6887 
Age 2                         93.8626   145.5919    87.2973    87.9413    86.3508    85.4349    84.0228    85.2617    83.9467    83.1955    83.5612    83.9442    83.3287    83.1748 
Age 3                         51.2273    51.0685    83.5757    50.3754    48.1020    42.1644    38.7294    40.3674    40.6262    40.0223    39.6090    39.7504    39.8788    39.7173 
Age 4                          9.1703    25.0199    27.6617    45.6141    25.4182    19.6618    15.7160    16.0794    16.7467    16.8212    16.6041    16.4203    16.5051    16.4758 
Age 5                          2.4696     4.2364    13.1030    14.6689    22.8430     9.8041     6.8324     6.1649     6.3303     6.5833     6.6108     6.5298     6.4424     6.4551 
Age 6                          0.8492     1.1169     2.1492     6.7703     7.2543     8.8504     3.3156     2.6248     2.3680     2.4267     2.5231     2.5287     2.4957     2.4751 
Age 7                          0.1227     0.3794     0.5695     1.0819     3.3451     2.8442     3.0563     1.2799     1.0169     0.9110     0.9324     0.9647     0.9652     0.9442 
Age 8                          0.0902     0.0564     0.1934     0.2908     0.5359     1.3293     1.0021     1.2074     0.5031     0.3959     0.3552     0.3601     0.3727     0.3716 
Age 9                          0.0063     0.0410     0.0288     0.0989     0.1460     0.2193     0.4822     0.4030     0.4852     0.2008     0.1567     0.1396     0.1410     0.1453 
Age 10                          0.0032     0.0030     0.0207     0.0148     0.0504     0.0608     0.0817     0.1987     0.1649     0.1970     0.0812     0.0628     0.0557     0.0558 
Age 11                          0.0009     0.0015     0.0015     0.0104     0.0077     0.0213     0.0231     0.0343     0.0831     0.0680     0.0807     0.0333     0.0255     0.0224 
Age 12                          0.0001     0.0004     0.0008     0.0008     0.0053     0.0034     0.0082     0.0098     0.0145     0.0348     0.0283     0.0334     0.0138     0.0104 
Age 13                          0.0000     0.0000     0.0002     0.0004     0.0004     0.0023     0.0013     0.0036     0.0042     0.0062     0.0146     0.0118     0.0138     0.0057 
Age 14                          0.0000     0.0000     0.0000     0.0001     0.0002     0.0002     0.0009     0.0006     0.0015     0.0018     0.0026     0.0061     0.0049     0.0057 
Age 15                          0.0000     0.0000     0.0000     0.0000     0.0001     0.0001     0.0001     0.0004     0.0005     0.0009     0.0012     0.0016     0.0033     0.0034 
