AGEPRO VERSION 4.2

Constant_F_ST

Date & Time of Run: 05 Apr 2024  16:42

Input File Name:    constant_F_ST.inp

First Age Class:                         1
Number of Age Classes:                  15
Number of Years in Projection:          14
Number of Fleets:                        9
Number of Recruitment Models:            1
Number of Bootstraps:                  100
Number of Simulations:                 100

Bootstrap File Name:            C:\Users\jon.brodziak\Desktop\2024 WCNPO MLS Rebuilding\Bootstrap-numbers-at-age\2023_WCNPOMLS.bsn

Input Harvest Scenario

Year  Type        Fleet-1    Fleet-2    Fleet-3    Fleet-4    Fleet-5    Fleet-6    Fleet-7    Fleet-8    Fleet-9    

2021  F-Mult       0.1651     0.0453     0.2588     0.0166     0.0610     0.0487     0.0642     0.0722     0.3475 
2022  F-Mult       0.1651     0.0453     0.2588     0.0166     0.0610     0.0487     0.0642     0.0722     0.3475 
2023  F-Mult       0.1651     0.0453     0.2588     0.0166     0.0610     0.0487     0.0642     0.0722     0.3475 
2024  F-Mult       0.1651     0.0453     0.2588     0.0166     0.0610     0.0487     0.0642     0.0722     0.3475 
2025  F-Mult       0.0631     0.0173     0.0990     0.0063     0.0233     0.0186     0.0245     0.0276     0.1329 
2026  F-Mult       0.0631     0.0173     0.0990     0.0063     0.0233     0.0186     0.0245     0.0276     0.1329 
2027  F-Mult       0.0631     0.0173     0.0990     0.0063     0.0233     0.0186     0.0245     0.0276     0.1329 
2028  F-Mult       0.0631     0.0173     0.0990     0.0063     0.0233     0.0186     0.0245     0.0276     0.1329 
2029  F-Mult       0.0631     0.0173     0.0990     0.0063     0.0233     0.0186     0.0245     0.0276     0.1329 
2030  F-Mult       0.0631     0.0173     0.0990     0.0063     0.0233     0.0186     0.0245     0.0276     0.1329 
2031  F-Mult       0.0631     0.0173     0.0990     0.0063     0.0233     0.0186     0.0245     0.0276     0.1329 
2032  F-Mult       0.0631     0.0173     0.0990     0.0063     0.0233     0.0186     0.0245     0.0276     0.1329 
2033  F-Mult       0.0631     0.0173     0.0990     0.0063     0.0233     0.0186     0.0245     0.0276     0.1329 
2034  F-Mult       0.0631     0.0173     0.0990     0.0063     0.0233     0.0186     0.0245     0.0276     0.1329 

Recruits        1000  Fish

Year Class   Average        StdDev
2021        129.6887       38.1976
2022        131.5555       38.8909
2023        130.4187       38.5627
2024        131.4723       39.4430
2025        130.9835       38.6322
2026        130.9704       39.0974
2027        130.9348       38.8721
2028        131.0695       38.8261
2029        131.2325       38.8483
2030        131.2034       39.0779
2031        131.3903       39.1976
2032        130.3348       38.5048
2033        130.4445       38.6753
2034        130.5950       38.6924

Recruits Distribution

Year Class 1%         5%         10%        25%        50%        75%        90%        95%        99%    
2021    78.9018    83.3214    88.9315   105.3471   114.2318   147.6193   195.1712   212.0054   225.2971
2022    79.0489    83.6212    89.6468   106.0438   115.4100   151.4601   197.0650   213.5721   225.7237
2023    79.1390    83.4774    89.1896   105.6208   114.2976   149.4456   195.5493   212.4081   225.1420
2024    79.2283    83.4014    88.7109   105.4982   115.1489   151.5526   198.1598   213.5152   225.4562
2025    79.2439    83.9914    89.6604   106.0373   114.7759   149.6652   197.2326   212.6526   225.2666
2026    79.2145    83.6801    88.9058   105.6326   115.0498   149.6554   198.9859   213.8904   225.7027
2027    79.0321    83.8399    89.5584   105.8034   114.6688   149.6812   197.8920   213.0668   225.3010
2028    79.0241    83.5534    88.8046   105.9670   115.3765   150.7583   196.8385   211.6472   225.5354
2029    79.1804    83.6568    89.2762   105.9554   115.0225   151.4095   197.1831   213.3416   225.2767
2030    78.9854    83.3092    88.8597   105.3305   115.2781   151.8770   196.8837   213.1530   225.3308
2031    79.0840    83.6505    89.5133   105.5943   115.3637   151.9008   198.3818   213.2445   225.3254
2032    79.1192    83.4650    88.6913   105.1775   114.3509   149.5746   195.1555   211.4167   225.1264
2033    79.2457    83.7123    89.0837   105.4024   114.3952   149.4197   195.6655   212.6087   225.7968
2034    79.0217    83.1924    88.7897   105.7768   114.5030   149.8340   195.3709   212.3159   225.2707

Spawning Stock Biomass  x       1000 MT

Year       Average        StdDev
2021        2.2955        0.4578
2022        2.6034        0.4274
2023        2.8162        0.5759
2024        2.1966        0.3940
2025        2.3387        0.4204
2026        2.9251        0.5313
2027        3.3571        0.5981
2028        3.6098        0.6175
2029        3.7516        0.6278
2030        3.8277        0.6276
2031        3.8714        0.6339
2032        3.8958        0.6377
2033        3.9097        0.6409
2034        3.9141        0.6425

Spawning Stock Biomass Distribution

Year        1%         5%         10%        25%        50%        75%        90%        95%        99%   
2021     1.4740     1.7230     1.8271     1.9971     2.2267     2.5128     2.8064     3.0373     4.1832 
2022     1.7461     1.9530     2.0806     2.3111     2.5699     2.8557     3.1782     3.3879     3.7526 
2023     1.8058     2.0108     2.1357     2.3910     2.7510     3.1577     3.6015     3.8957     4.4149 
2024     1.4652     1.6276     1.7298     1.9087     2.1492     2.4470     2.7357     2.9155     3.2638 
2025     1.5757     1.7415     1.8422     2.0288     2.2884     2.5956     2.9103     3.1145     3.4781 
2026     1.9616     2.1774     2.2993     2.5419     2.8551     3.2341     3.6494     3.8978     4.4086 
2027     2.2570     2.5086     2.6508     2.9176     3.2853     3.7270     4.1709     4.4618     4.9883 
2028     2.4598     2.7309     2.8686     3.1572     3.5425     3.9906     4.4466     4.7120     5.2770 
2029     2.5817     2.8459     3.0000     3.2898     3.6820     4.1465     4.5903     4.8790     5.4474 
2030     2.6406     2.9159     3.0684     3.3706     3.7681     4.2304     4.6617     4.9316     5.5635 
2031     2.6886     2.9482     3.1016     3.4096     3.8081     4.2693     4.7240     5.0098     5.5731 
2032     2.7199     2.9723     3.1289     3.4294     3.8342     4.2819     4.7587     5.0606     5.6374 
2033     2.7329     2.9864     3.1456     3.4416     3.8389     4.3036     4.7840     5.0826     5.6462 
2034     2.7286     2.9934     3.1424     3.4391     3.8403     4.3218     4.8008     5.0881     5.6092 

JAN-1 Stock Biomass  x       1000 MT

Year       Average        StdDev
2021        9.2888        1.5943
2022        8.8663        1.5141
2023        7.7494        1.2426
2024        6.7496        1.0448
2025        6.2646        1.0020
2026        7.1149        1.1067
2027        7.6752        1.1547
2028        8.0145        1.1760
2029        8.2080        1.1890
2030        8.3161        1.1924
2031        8.3761        1.1985
2032        8.4132        1.2093
2033        8.4179        1.2046
2034        8.4177        1.1968

JAN-1 Stock Biomass Distribution

Year       1%         5%         10%        25%        50%        75%        90%        95%        99%    
2021     6.3008     6.9536     7.3665     8.1701     9.1537    10.1202    11.5594    12.2988    13.6276 
2022     6.1014     6.6764     7.0581     7.7383     8.7218     9.7677    10.9497    11.6922    12.9599 
2023     5.4398     5.9545     6.2253     6.8270     7.6263     8.5290     9.4384     9.9892    11.0075 
2024     4.8034     5.2103     5.4830     5.9882     6.6377     7.4077     8.1519     8.6265     9.4743 
2025     4.3941     4.7915     5.0336     5.5429     6.1552     6.8926     7.6169     8.0913     8.9185 
2026     5.0350     5.4761     5.7698     6.3045     7.0230     7.8217     8.5867     9.1069    10.0338 
2027     5.4651     5.9525     6.2518     6.8380     7.5836     8.4283     9.2334     9.7187    10.7080 
2028     5.7533     6.2495     6.5657     7.1694     7.9175     8.7719     9.5851    10.1229    11.0837 
2029     5.9151     6.4385     6.7413     7.3364     8.1286     8.9740     9.7928    10.3099    11.2915 
2030     6.0308     6.5354     6.8447     7.4356     8.2393     9.0746     9.9279    10.4214    11.4500 
2031     6.0931     6.5989     6.8974     7.5210     8.2822     9.1278     9.9741    10.5109    11.5902 
2032     6.1265     6.6051     6.9387     7.5431     8.3032     9.1724    10.0371    10.6011    11.5924 
2033     6.1508     6.6395     6.9413     7.5453     8.3070     9.1736    10.0500    10.5695    11.6293 
2034     6.1468     6.6329     6.9604     7.5414     8.3203     9.1913    10.0369    10.5461    11.5661 

Mean Biomass  x       1000 MT

Year       Average        StdDev
2021        8.4128        1.5328
2022        7.5499        1.3363
2023        6.4322        1.0621
2024        5.6814        0.9359
2025        5.9592        1.0012
2026        6.6715        1.0838
2027        7.1208        1.1242
2028        7.3781        1.1264
2029        7.5245        1.1336
2030        7.6097        1.1390
2031        7.6538        1.1468
2032        7.6830        1.1549
2033        7.6821        1.1542
2034        7.6782        1.1492

Mean Biomass Distribution

Year       1%         5%         10%        25%        50%        75%        90%        95%        99%    
2021     5.6088     6.1826     6.5715     7.2786     8.2831     9.2744    10.5161    11.3219    12.5113 
2022     5.1542     5.6325     5.9595     6.5565     7.4181     8.3640     9.4018    10.0281    11.1953 
2023     4.4326     4.9046     5.1576     5.6479     6.3199     7.1055     7.8996     8.3701     9.2431 
2024     3.9814     4.3255     4.5542     4.9906     5.5841     6.2699     6.9470     7.3793     8.1563 
2025     4.1310     4.5213     4.7597     5.2212     5.8424     6.5846     7.3131     7.7618     8.6969 
2026     4.6962     5.0933     5.3635     5.8712     6.5694     7.3414     8.1424     8.6174     9.5798 
2027     5.0238     5.4779     5.7473     6.3007     7.0166     7.8409     8.6167     9.1754    10.0796 
2028     5.2531     5.7030     6.0130     6.5541     7.2802     8.0824     8.9056     9.3666    10.3681 
2029     5.3666     5.8275     6.1232     6.6983     7.4408     8.2494     9.0180     9.5124    10.5084 
2030     5.4668     5.9419     6.2112     6.7649     7.5136     8.3328     9.1457     9.6512    10.6537 
2031     5.4980     5.9606     6.2512     6.8239     7.5369     8.3690     9.1962     9.7136    10.7321 
2032     5.5292     5.9845     6.2802     6.8512     7.5639     8.4092     9.2496     9.7814    10.7891 
2033     5.4886     5.9877     6.2722     6.8446     7.5606     8.4196     9.2254     9.7693    10.7603 
2034     5.5257     6.0083     6.2835     6.8344     7.5446     8.4079     9.2751     9.7456    10.6960 

Combined Catch Biomass  x       1000 MT

Year       Average        StdDev
2021        2.9742        0.4782
2022        3.3502        0.5576
2023        3.0638        0.5206
2024        2.5478        0.3983
2025        1.0141        0.1603
2026        1.2133        0.1936
2027        1.3528        0.2120
2028        1.4349        0.2188
2029        1.4796        0.2207
2030        1.5036        0.2215
2031        1.5162        0.2220
2032        1.5231        0.2234
2033        1.5266        0.2247
2034        1.5268        0.2248

Combined Catch Distribution

Year       1%         5%         10%        25%        50%        75%        90%        95%        99%    
2021     1.9693     2.3560     2.4516     2.6588     2.9133     3.2322     3.5498     3.7836     4.7262 
2022     2.3325     2.5179     2.6763     2.9292     3.3214     3.6680     4.1347     4.3970     4.8571 
2023     2.1212     2.3167     2.4361     2.6752     3.0129     3.3815     3.7743     4.0378     4.4516 
2024     1.8018     1.9661     2.0666     2.2536     2.5033     2.7994     3.0890     3.2627     3.5978 
2025     0.7170     0.7831     0.8215     0.8976     0.9970     1.1150     1.2317     1.3005     1.4444 
2026     0.8559     0.9358     0.9787     1.0734     1.1938     1.3334     1.4724     1.5639     1.7351 
2027     0.9603     1.0423     1.0950     1.1986     1.3316     1.4864     1.6376     1.7325     1.9234 
2028     1.0191     1.1128     1.1681     1.2762     1.4137     1.5753     1.7286     1.8239     2.0043 
2029     1.0621     1.1544     1.2086     1.3192     1.4603     1.6201     1.7743     1.8653     2.0621 
2030     1.0815     1.1759     1.2316     1.3403     1.4877     1.6468     1.7952     1.8929     2.0915 
2031     1.0995     1.1895     1.2451     1.3516     1.4985     1.6571     1.8170     1.9099     2.1014 
2032     1.1048     1.1968     1.2520     1.3621     1.5014     1.6618     1.8234     1.9231     2.1284 
2033     1.1053     1.1981     1.2565     1.3613     1.5050     1.6682     1.8280     1.9364     2.1252 
2034     1.1072     1.2000     1.2558     1.3609     1.5028     1.6711     1.8321     1.9339     2.1233 

Landings  x       1000 MT

Year       Average        StdDev
2021        2.9742        0.4782
2022        3.3502        0.5576
2023        3.0638        0.5206
2024        2.5478        0.3983
2025        1.0141        0.1603
2026        1.2133        0.1936
2027        1.3528        0.2120
2028        1.4349        0.2188
2029        1.4796        0.2207
2030        1.5036        0.2215
2031        1.5162        0.2220
2032        1.5231        0.2234
2033        1.5266        0.2247
2034        1.5268        0.2248

Landings Distribution

Year       1%         5%         10%        25%        50%        75%        90%        95%        99%    
2021     1.9693     2.3560     2.4516     2.6588     2.9133     3.2322     3.5498     3.7836     4.7262 
2022     2.3325     2.5179     2.6763     2.9292     3.3214     3.6680     4.1347     4.3970     4.8571 
2023     2.1212     2.3167     2.4361     2.6752     3.0129     3.3815     3.7743     4.0378     4.4516 
2024     1.8018     1.9661     2.0666     2.2536     2.5033     2.7994     3.0890     3.2627     3.5978 
2025     0.7170     0.7831     0.8215     0.8976     0.9970     1.1150     1.2317     1.3005     1.4444 
2026     0.8559     0.9358     0.9787     1.0734     1.1938     1.3334     1.4724     1.5639     1.7351 
2027     0.9603     1.0423     1.0950     1.1986     1.3316     1.4864     1.6376     1.7325     1.9234 
2028     1.0191     1.1128     1.1681     1.2762     1.4137     1.5753     1.7286     1.8239     2.0043 
2029     1.0621     1.1544     1.2086     1.3192     1.4603     1.6201     1.7743     1.8653     2.0621 
2030     1.0815     1.1759     1.2316     1.3403     1.4877     1.6468     1.7952     1.8929     2.0915 
2031     1.0995     1.1895     1.2451     1.3516     1.4985     1.6571     1.8170     1.9099     2.1014 
2032     1.1048     1.1968     1.2520     1.3621     1.5014     1.6618     1.8234     1.9231     2.1284 
2033     1.1053     1.1981     1.2565     1.3613     1.5050     1.6682     1.8280     1.9364     2.1252 
2034     1.1072     1.2000     1.2558     1.3609     1.5028     1.6711     1.8321     1.9339     2.1233 

Total Fishing Mortality

Year       Average        StdDev
2021        1.0794        0.0000
2022        1.0794        0.0000
2023        1.0794        0.0000
2024        1.0794        0.0000
2025        0.4127        0.0000
2026        0.4127        0.0000
2027        0.4127        0.0000
2028        0.4127        0.0000
2029        0.4127        0.0000
2030        0.4127        0.0000
2031        0.4127        0.0000
2032        0.4127        0.0000
2033        0.4127        0.0000
2034        0.4127        0.0000

Total Fishing Mortality Distribution

Year       1%         5%         10%        25%        50%        75%        90%        95%        99%    
2021     1.0794     1.0794     1.0794     1.0794     1.0794     1.0794     1.0794     1.0794     1.0794 
2022     1.0794     1.0794     1.0794     1.0794     1.0794     1.0794     1.0794     1.0794     1.0794 
2023     1.0794     1.0794     1.0794     1.0794     1.0794     1.0794     1.0794     1.0794     1.0794 
2024     1.0794     1.0794     1.0794     1.0794     1.0794     1.0794     1.0794     1.0794     1.0794 
2025     0.4127     0.4127     0.4127     0.4127     0.4127     0.4127     0.4127     0.4127     0.4127 
2026     0.4127     0.4127     0.4127     0.4127     0.4127     0.4127     0.4127     0.4127     0.4127 
2027     0.4127     0.4127     0.4127     0.4127     0.4127     0.4127     0.4127     0.4127     0.4127 
2028     0.4127     0.4127     0.4127     0.4127     0.4127     0.4127     0.4127     0.4127     0.4127 
2029     0.4127     0.4127     0.4127     0.4127     0.4127     0.4127     0.4127     0.4127     0.4127 
2030     0.4127     0.4127     0.4127     0.4127     0.4127     0.4127     0.4127     0.4127     0.4127 
2031     0.4127     0.4127     0.4127     0.4127     0.4127     0.4127     0.4127     0.4127     0.4127 
2032     0.4127     0.4127     0.4127     0.4127     0.4127     0.4127     0.4127     0.4127     0.4127 
2033     0.4127     0.4127     0.4127     0.4127     0.4127     0.4127     0.4127     0.4127     0.4127 
2034     0.4127     0.4127     0.4127     0.4127     0.4127     0.4127     0.4127     0.4127     0.4127 

JAN-1 Stock Numbers at Age  -       1000  Fish

2021

Age        1%         5%         10%        25%        50%        75%        90%        95%        99%    
1      140.2370   175.0900   184.8320   216.7130   261.1480   317.3690   385.6290   409.5080   464.9250
2       58.9389    77.9477    80.8620    85.4451   100.4175   112.5240   125.3470   138.4980   148.4390
3       34.1986    41.3466    43.5177    47.9381    54.8765    60.4455    67.3245    74.4817    84.8335
4        4.4701     6.3288     7.3712     8.3369     9.5330    10.8358    12.5169    14.0136    20.6054
5        1.2938     1.6031     1.7337     2.2441     2.6907     3.2695     4.2092     4.8898     7.4995
6        0.2917     0.4842     0.6024     0.6936     0.9665     1.2287     1.8234     2.1765     5.0518
7        0.0278     0.0584     0.0739     0.1025     0.1591     0.2261     0.3164     0.3996     1.3049
8        0.0082     0.0292     0.0370     0.0584     0.1092     0.1670     0.2575     0.4456     2.1858
9        0.0003     0.0014     0.0021     0.0035     0.0085     0.0144     0.0223     0.0334     0.2402
10        0.0001     0.0005     0.0007     0.0015     0.0043     0.0069     0.0143     0.0242     0.2609
11        0.0000     0.0001     0.0002     0.0004     0.0014     0.0028     0.0051     0.0082     0.1988
12        0.0000     0.0000     0.0000     0.0000     0.0001     0.0003     0.0005     0.0008     0.0280
13        0.0000     0.0000     0.0000     0.0000     0.0000     0.0002     0.0003     0.0005     0.0316
14        0.0000     0.0000     0.0000     0.0000     0.0000     0.0000     0.0001     0.0001     0.0183
15+       0.0000     0.0000     0.0000     0.0000     0.0000     0.0000     0.0000     0.0000     0.0127

2022

Age        1%         5%         10%        25%        50%        75%        90%        95%        99%    
1       78.9018    83.3214    88.9315   105.3471   114.2318   147.6193   195.1712   212.0054   225.2971
2       85.4950   100.0901   106.9363   123.9239   150.3762   184.0939   222.9594   242.2211   274.5975
3       26.7877    34.5029    36.1415    39.1753    44.7628    50.9376    57.9248    62.6571    70.9481
4       11.9613    13.9019    14.9526    16.5175    18.5257    20.8306    23.6585    26.0293    31.2186
5        1.4331     1.9565     2.1937     2.5205     2.9086     3.3240     3.8803     4.3068     6.5279
6        0.3767     0.4601     0.5097     0.6455     0.7746     0.9507     1.2355     1.4518     2.4610
7        0.0964     0.1449     0.1713     0.2057     0.2743     0.3658     0.5293     0.6295     1.6022
8        0.0093     0.0177     0.0218     0.0304     0.0465     0.0678     0.0967     0.1261     0.4263
9        0.0029     0.0091     0.0114     0.0184     0.0336     0.0515     0.0816     0.1361     0.7652
10        0.0001     0.0005     0.0007     0.0011     0.0027     0.0046     0.0073     0.0111     0.0850
11        0.0000     0.0002     0.0002     0.0005     0.0014     0.0023     0.0049     0.0080     0.0961
12        0.0000     0.0000     0.0001     0.0001     0.0005     0.0009     0.0017     0.0028     0.0736
13        0.0000     0.0000     0.0000     0.0000     0.0000     0.0001     0.0002     0.0003     0.0104
14        0.0000     0.0000     0.0000     0.0000     0.0000     0.0001     0.0001     0.0002     0.0119
15+       0.0000     0.0000     0.0000     0.0000     0.0000     0.0000     0.0000     0.0001     0.0121

2023

Age        1%         5%         10%        25%        50%        75%        90%        95%        99%    
1       79.0489    83.6212    89.6468   106.0438   115.4100   151.4601   197.0650   213.5721   225.7237
2       44.1142    47.7679    51.1588    59.3904    67.2820    85.5995   112.2413   122.2631   132.6492
3       38.6402    44.7751    48.2009    55.7539    68.0494    83.3915   100.3427   109.9916   124.5793
4        9.1743    11.4819    12.2106    13.4477    15.3521    17.5548    20.0280    21.6139    24.6727
5        3.6258     4.1785     4.4844     4.9885     5.6119     6.3402     7.2061     7.9072     9.5473
6        0.4154     0.5621     0.6274     0.7264     0.8418     0.9660     1.1318     1.2530     1.8720
7        0.1070     0.1323     0.1472     0.1853     0.2243     0.2765     0.3606     0.4222     0.6915
8        0.0290     0.0432     0.0501     0.0611     0.0812     0.1090     0.1578     0.1871     0.4879
9        0.0032     0.0054     0.0066     0.0093     0.0142     0.0209     0.0296     0.0393     0.1418
10        0.0010     0.0029     0.0036     0.0058     0.0107     0.0163     0.0257     0.0424     0.2610
11        0.0000     0.0001     0.0002     0.0004     0.0009     0.0015     0.0024     0.0036     0.0281
12        0.0000     0.0001     0.0001     0.0002     0.0005     0.0007     0.0016     0.0026     0.0330
13        0.0000     0.0000     0.0000     0.0000     0.0002     0.0003     0.0006     0.0009     0.0260
14        0.0000     0.0000     0.0000     0.0000     0.0000     0.0000     0.0001     0.0001     0.0036
15+       0.0000     0.0000     0.0000     0.0000     0.0000     0.0000     0.0000     0.0001     0.0084

2024

Age        1%         5%         10%        25%        50%        75%        90%        95%        99%    
1       79.1390    83.4774    89.1896   105.6208   114.2976   149.4456   195.5493   212.4081   225.1420
2       44.2891    47.8934    51.5096    59.7879    68.0473    88.4438   113.1730   122.8602   133.2544
3       19.3592    21.4337    22.9872    26.6223    30.6235    38.7889    50.7325    55.3953    60.5873
4       13.0810    15.1878    16.4069    19.1462    23.4006    28.6743    34.4872    37.7713    43.6452
5        2.7721     3.4157     3.6657     4.0728     4.6483     5.3535     6.1165     6.5900     7.5651
6        1.0382     1.1927     1.2848     1.4372     1.6243     1.8409     2.0963     2.2984     2.7705
7        0.1204     0.1602     0.1793     0.2090     0.2441     0.2814     0.3284     0.3669     0.5404
8        0.0317     0.0388     0.0435     0.0545     0.0664     0.0829     0.1080     0.1261     0.2168
9        0.0089     0.0132     0.0152     0.0186     0.0248     0.0337     0.0488     0.0576     0.1498
10        0.0010     0.0017     0.0021     0.0029     0.0045     0.0066     0.0094     0.0124     0.0474
11        0.0003     0.0009     0.0012     0.0019     0.0035     0.0053     0.0084     0.0138     0.0817
12        0.0000     0.0000     0.0001     0.0001     0.0003     0.0005     0.0008     0.0012     0.0093
13        0.0000     0.0000     0.0000     0.0001     0.0002     0.0003     0.0005     0.0009     0.0113
14        0.0000     0.0000     0.0000     0.0000     0.0001     0.0001     0.0002     0.0003     0.0087
15+       0.0000     0.0000     0.0000     0.0000     0.0000     0.0000     0.0000     0.0001     0.0043

2025

Age        1%         5%         10%        25%        50%        75%        90%        95%        99%    
1       79.2283    83.4014    88.7109   105.4982   115.1489   151.5526   198.1598   213.5152   225.4562
2       44.3905    47.8125    51.0665    59.3005    67.4365    86.8180   112.4957   122.2980   133.0765
3       19.6166    21.5044    23.1724    26.7299    30.9130    40.1600    50.9683    55.7406    61.0164
4        6.5175     7.2694     7.8593     9.0723    10.5581    13.3422    17.4283    19.0254    21.1934
5        3.9443     4.5735     4.9526     5.7974     7.0703     8.7168    10.4614    11.5418    13.2751
6        0.7985     0.9746     1.0485     1.1749     1.3454     1.5539     1.7729     1.9194     2.2165
7        0.2970     0.3404     0.3679     0.4126     0.4697     0.5371     0.6147     0.6726     0.8048
8        0.0357     0.0474     0.0528     0.0616     0.0721     0.0839     0.0982     0.1110     0.1601
9        0.0096     0.0118     0.0133     0.0166     0.0203     0.0254     0.0332     0.0391     0.0659
10        0.0028     0.0041     0.0047     0.0059     0.0079     0.0107     0.0154     0.0182     0.0475
11        0.0004     0.0006     0.0007     0.0009     0.0014     0.0021     0.0030     0.0041     0.0159
12        0.0001     0.0003     0.0004     0.0006     0.0011     0.0018     0.0028     0.0045     0.0276
13        0.0000     0.0000     0.0000     0.0000     0.0001     0.0002     0.0003     0.0004     0.0031
14        0.0000     0.0000     0.0000     0.0000     0.0001     0.0001     0.0002     0.0003     0.0038
15+       0.0000     0.0000     0.0000     0.0000     0.0000     0.0000     0.0001     0.0001     0.0049

2026

Age        1%         5%         10%        25%        50%        75%        90%        95%        99%    
1       79.2439    83.9914    89.6604   106.0373   114.7759   149.6652   197.2326   212.6526   225.2666
2       46.4973    50.1843    53.6909    62.6200    71.2491    92.7375   119.7928   129.6785   140.0439
3       24.7867    26.9768    28.8849    33.3546    38.4289    49.4427    63.6832    69.2006    76.6551
4        9.9972    11.1046    11.9921    13.8239    16.1273    20.8216    26.3953    28.8893    32.0570
5        3.2090     3.6318     3.9308     4.5336     5.2871     6.7199     8.7162     9.5794    10.7087
6        1.9130     2.2408     2.4257     2.8514     3.4779     4.3004     5.1483     5.7214     6.5302
7        0.3909     0.4771     0.5133     0.5758     0.6614     0.7674     0.8758     0.9512     1.0984
8        0.1459     0.1678     0.1812     0.2046     0.2334     0.2677     0.3078     0.3372     0.4035
9        0.0179     0.0237     0.0264     0.0309     0.0363     0.0424     0.0496     0.0561     0.0811
10        0.0049     0.0060     0.0068     0.0084     0.0104     0.0130     0.0170     0.0199     0.0334
11        0.0014     0.0021     0.0024     0.0030     0.0040     0.0055     0.0080     0.0094     0.0242
12        0.0002     0.0003     0.0004     0.0005     0.0007     0.0011     0.0016     0.0021     0.0082
13        0.0001     0.0002     0.0002     0.0003     0.0006     0.0009     0.0015     0.0024     0.0143
14        0.0000     0.0000     0.0000     0.0000     0.0001     0.0001     0.0001     0.0002     0.0016
15+       0.0000     0.0000     0.0000     0.0000     0.0000     0.0001     0.0001     0.0002     0.0046

2027

Age        1%         5%         10%        25%        50%        75%        90%        95%        99%    
1       79.2145    83.6801    88.9058   105.6326   115.0498   149.6554   198.9859   213.8904   225.7027
2       46.8131    50.7013    54.0632    62.8431    71.0559    91.9052   118.9069   128.9540   139.7067
3       25.7268    28.3137    30.3225    35.1850    40.6241    52.7746    67.7666    73.5840    80.3399
4       12.6388    13.9209    14.9247    17.2101    20.0077    25.7073    33.1495    36.1142    40.2431
5        4.9376     5.5357     5.9862     6.9119     8.1016    10.4764    13.2126    14.5428    16.2750
6        1.5674     1.7837     1.9294     2.2235     2.6097     3.3202     4.2865     4.7502     5.3269
7        0.9439     1.0876     1.1964     1.3983     1.7146     2.1162     2.5376     2.8025     3.2555
8        0.1916     0.2340     0.2533     0.2856     0.3288     0.3826     0.4362     0.4751     0.5526
9        0.0732     0.0841     0.0906     0.1027     0.1172     0.1350     0.1562     0.1709     0.2054
10        0.0092     0.0119     0.0134     0.0157     0.0185     0.0216     0.0254     0.0288     0.0415
11        0.0025     0.0031     0.0035     0.0043     0.0053     0.0067     0.0087     0.0103     0.0170
12        0.0007     0.0011     0.0013     0.0016     0.0021     0.0029     0.0041     0.0049     0.0125
13        0.0001     0.0001     0.0002     0.0003     0.0004     0.0006     0.0008     0.0011     0.0042
14        0.0000     0.0001     0.0001     0.0002     0.0003     0.0005     0.0008     0.0012     0.0074
15+       0.0000     0.0000     0.0000     0.0000     0.0000     0.0001     0.0001     0.0002     0.0033

2028

Age        1%         5%         10%        25%        50%        75%        90%        95%        99%    
1       79.0321    83.8399    89.5584   105.8034   114.6688   149.6812   197.8920   213.0668   225.3010
2       46.9446    50.6889    53.8817    62.6758    71.0935    91.8331   119.5570   129.7846   140.5537
3       25.9455    28.5022    30.5876    35.3212    40.5851    52.1278    67.3449    73.0486    80.0624
4       13.0681    14.5613    15.6840    18.1650    21.1360    27.5139    35.2175    38.2626    42.1838
5        6.2744     6.9388     7.4610     8.6103    10.0752    12.8983    16.5948    18.2095    20.3879
6        2.4200     2.7119     2.9349     3.3850     4.0040     5.1538     6.5048     7.1631     8.0894
7        0.7659     0.8685     0.9451     1.0914     1.2877     1.6381     2.1013     2.3389     2.6407
8        0.4637     0.5389     0.5901     0.6940     0.8522     1.0536     1.2669     1.4017     1.6247
9        0.0958     0.1167     0.1268     0.1432     0.1656     0.1929     0.2210     0.2402     0.2805
10        0.0368     0.0422     0.0461     0.0521     0.0597     0.0690     0.0799     0.0872     0.1059
11        0.0046     0.0061     0.0068     0.0081     0.0095     0.0112     0.0131     0.0149     0.0213
12        0.0013     0.0016     0.0018     0.0022     0.0028     0.0035     0.0046     0.0054     0.0090
13        0.0004     0.0006     0.0007     0.0008     0.0011     0.0015     0.0021     0.0025     0.0066
14        0.0000     0.0001     0.0001     0.0001     0.0002     0.0003     0.0004     0.0006     0.0021
15+       0.0000     0.0000     0.0001     0.0001     0.0002     0.0003     0.0005     0.0008     0.0058

2029

Age        1%         5%         10%        25%        50%        75%        90%        95%        99%    
1       79.0241    83.5534    88.8046   105.9670   115.3765   150.7583   196.8385   211.6472   225.5354
2       46.6292    50.4595    54.0168    62.7669    71.1666    91.5023   119.2852   128.6542   139.3947
3       25.9954    28.4430    30.5508    35.1400    40.5485    52.1521    67.5498    73.5002    81.0865
4       13.2378    14.7427    15.8110    18.2015    21.1484    27.1625    34.9147    37.9456    41.9046
5        6.4630     7.2578     7.8554     9.0632    10.6195    13.7857    17.5979    19.2792    21.4365
6        3.0486     3.3961     3.6554     4.2186     4.9574     6.3368     8.1854     8.9935    10.1652
7        1.1828     1.3294     1.4351     1.6602     1.9744     2.5411     3.2002     3.5404     4.0429
8        0.3748     0.4286     0.4677     0.5402     0.6413     0.8146     1.0422     1.1654     1.3322
9        0.2306     0.2699     0.2954     0.3492     0.4287     0.5317     0.6401     0.7107     0.8309
10        0.0487     0.0591     0.0641     0.0726     0.0843     0.0985     0.1132     0.1230     0.1439
11        0.0187     0.0216     0.0235     0.0267     0.0308     0.0356     0.0412     0.0451     0.0546
12        0.0024     0.0031     0.0035     0.0042     0.0049     0.0058     0.0068     0.0077     0.0111
13        0.0007     0.0008     0.0009     0.0012     0.0014     0.0018     0.0024     0.0028     0.0048
14        0.0002     0.0003     0.0003     0.0004     0.0006     0.0008     0.0011     0.0013     0.0034
15+       0.0000     0.0001     0.0001     0.0001     0.0002     0.0003     0.0005     0.0007     0.0042

2030

Age        1%         5%         10%        25%        50%        75%        90%        95%        99%    
1       79.1804    83.6568    89.2762   105.9554   115.0225   151.4095   197.1831   213.3416   225.2767
2       46.7064    50.4763    53.9072    62.5997    71.2939    92.1584   118.9784   128.2884   139.1786
3       25.7500    28.3212    30.4091    35.2280    40.5581    52.0478    67.5163    73.3664    80.7175
4       13.2531    14.6611    15.7626    18.1325    21.0862    27.1390    35.1028    38.2664    42.7505
5        6.5629     7.3177     7.9078     9.1015    10.6196    13.6581    17.5235    19.0308    21.2667
6        3.1519     3.5458     3.8498     4.4611     5.2409     6.7794     8.7073     9.4921    10.7095
7        1.4718     1.6651     1.7889     2.0689     2.4447     3.1328     4.0205     4.4230     5.0340
8        0.5804     0.6557     0.7112     0.8251     0.9826     1.2646     1.5958     1.7736     2.0233
9        0.1860     0.2154     0.2350     0.2708     0.3232     0.4111     0.5248     0.5880     0.6753
10        0.1158     0.1369     0.1495     0.1774     0.2176     0.2710     0.3288     0.3632     0.4288
11        0.0248     0.0301     0.0328     0.0373     0.0434     0.0508     0.0585     0.0638     0.0744
12        0.0095     0.0111     0.0121     0.0138     0.0160     0.0185     0.0215     0.0236     0.0286
13        0.0012     0.0016     0.0018     0.0022     0.0026     0.0030     0.0036     0.0041     0.0058
14        0.0003     0.0004     0.0005     0.0006     0.0008     0.0010     0.0012     0.0015     0.0025
15+       0.0001     0.0002     0.0002     0.0003     0.0004     0.0006     0.0009     0.0011     0.0040

2031

Age        1%         5%         10%        25%        50%        75%        90%        95%        99%    
1       78.9854    83.3092    88.8597   105.3305   115.2781   151.8770   196.8837   213.1530   225.3308
2       46.7262    50.6129    54.0400    62.8391    71.3086    92.3521   118.9283   129.1612   140.4061
3       25.8815    28.4137    30.4724    35.0676    40.5808    52.4373    67.3009    72.9568    80.2890
4       13.2437    14.6172    15.7108    18.1997    21.1310    27.1260    34.9022    38.0464    42.3778
5        6.5432     7.3083     7.8714     9.0484    10.6033    13.6100    17.5418    19.2300    21.5740
6        3.1927     3.5685     3.8672     4.4689     5.2416     6.7394     8.6285     9.3925    10.5957
7        1.5345     1.7455     1.8907     2.1855     2.5836     3.3471     4.2852     4.7065     5.3564
8        0.7268     0.8242     0.8866     1.0265     1.2205     1.5561     2.0004     2.2095     2.5474
9        0.2878     0.3285     0.3580     0.4137     0.4961     0.6364     0.8074     0.8901     1.0402
10        0.0944     0.1091     0.1185     0.1380     0.1650     0.2097     0.2673     0.2995     0.3463
11        0.0592     0.0700     0.0767     0.0912     0.1123     0.1396     0.1691     0.1874     0.2209
12        0.0129     0.0155     0.0169     0.0193     0.0225     0.0264     0.0304     0.0333     0.0390
13        0.0049     0.0058     0.0063     0.0072     0.0083     0.0097     0.0113     0.0124     0.0150
14        0.0007     0.0009     0.0010     0.0011     0.0013     0.0016     0.0019     0.0021     0.0030
15+       0.0003     0.0003     0.0004     0.0005     0.0006     0.0008     0.0011     0.0013     0.0034

2032

Age        1%         5%         10%        25%        50%        75%        90%        95%        99%    
1       79.0840    83.6505    89.5133   105.5943   115.3637   151.9008   198.3818   213.2445   225.3254
2       46.6029    50.4278    53.6471    62.7182    71.1907    93.1260   118.9014   129.1579   140.2470
3       25.8997    28.5373    30.6095    35.2510    40.6551    52.3347    67.1897    73.3665    80.7862
4       13.2861    14.6908    15.7088    18.1415    21.1240    27.3252    34.8633    38.0307    41.9234
5        6.5266     7.3083     7.8483     9.0903    10.6039    13.6019    17.5216    19.1055    21.4571
6        3.1810     3.5775     3.8637     4.4431     5.2252     6.7305     8.6167     9.4987    10.7048
7        1.5588     1.7557     1.8989     2.1942     2.5870     3.3270     4.2393     4.6195     5.2663
8        0.7533     0.8605     0.9365     1.0863     1.2890     1.6631     2.1291     2.3417     2.6866
9        0.3596     0.4129     0.4449     0.5160     0.6131     0.7828     1.0037     1.1133     1.2957
10        0.1447     0.1658     0.1808     0.2097     0.2530     0.3254     0.4117     0.4573     0.5334
11        0.0479     0.0557     0.0606     0.0707     0.0848     0.1083     0.1382     0.1547     0.1789
12        0.0304     0.0360     0.0397     0.0473     0.0583     0.0723     0.0879     0.0979     0.1148
13        0.0067     0.0080     0.0088     0.0100     0.0117     0.0138     0.0160     0.0175     0.0205
14        0.0026     0.0030     0.0033     0.0038     0.0044     0.0051     0.0059     0.0065     0.0078
15+       0.0005     0.0007     0.0007     0.0009     0.0010     0.0013     0.0015     0.0018     0.0034

2033

Age        1%         5%         10%        25%        50%        75%        90%        95%        99%    
1       79.1192    83.4650    88.6913   105.1775   114.3509   149.5746   195.1555   211.4167   225.1264
2       46.5642    50.3705    53.8364    62.7295    71.3098    92.9561   120.0597   129.2420   140.2277
3       25.8511    28.3858    30.3723    35.2229    40.6477    52.7607    67.1853    73.0541    80.5185
4       13.1523    14.7192    15.8499    18.1801    21.1306    27.2275    34.8779    38.0412    42.6208
5        6.5928     7.3202     7.8665     9.0511    10.6128    13.7207    17.4648    19.0739    21.3448
6        3.1785     3.5750     3.8534     4.4546     5.2394     6.6989     8.6181     9.4763    10.6788
7        1.5510     1.7510     1.8982     2.1828     2.5803     3.3039     4.2540     4.6954     5.3555
8        0.7599     0.8685     0.9399     1.0903     1.2871     1.6545     2.1030     2.3166     2.6284
9        0.3751     0.4313     0.4679     0.5457     0.6497     0.8375     1.0674     1.1844     1.3676
10        0.1820     0.2088     0.2263     0.2618     0.3128     0.3994     0.5142     0.5703     0.6604
11        0.0736     0.0849     0.0927     0.1077     0.1302     0.1678     0.2116     0.2368     0.2765
12        0.0246     0.0287     0.0313     0.0366     0.0441     0.0562     0.0719     0.0807     0.0939
13        0.0157     0.0188     0.0206     0.0247     0.0304     0.0377     0.0459     0.0514     0.0601
14        0.0035     0.0042     0.0046     0.0053     0.0061     0.0073     0.0084     0.0092     0.0109
15+       0.0017     0.0020     0.0021     0.0024     0.0028     0.0033     0.0039     0.0043     0.0056

2034

Age        1%         5%         10%        25%        50%        75%        90%        95%        99%    
1       79.2457    83.7123    89.0837   105.4024   114.3952   149.4197   195.6655   212.6087   225.7968
2       46.4611    50.0930    53.6353    62.6417    70.8837    91.6017   118.5474   127.9678   139.7166
3       25.8720    28.2859    30.4144    35.1525    40.6182    52.6125    67.8226    73.5229    81.0663
4       13.2328    14.6335    15.6682    18.1585    21.1526    27.3710    34.9072    38.0025    42.1562
5        6.4854     7.3507     7.9147     9.0915    10.6321    13.6744    17.4594    19.1496    21.5346
6        3.1941     3.5730     3.8557     4.4388     5.2321     6.7823     8.5664     9.4313    10.7045
7        1.5501     1.7491     1.8913     2.1862     2.5859     3.3163     4.2524     4.6744     5.3083
8        0.7644     0.8664     0.9343     1.0792     1.2889     1.6454     2.1167     2.3252     2.6599
9        0.3802     0.4345     0.4726     0.5460     0.6478     0.8338     1.0586     1.1685     1.3371
10        0.1901     0.2185     0.2375     0.2771     0.3321     0.4279     0.5442     0.6044     0.7002
11        0.0924     0.1066     0.1158     0.1341     0.1608     0.2068     0.2644     0.2943     0.3418
12        0.0379     0.0437     0.0478     0.0558     0.0676     0.0871     0.1101     0.1226     0.1446
13        0.0128     0.0149     0.0162     0.0191     0.0230     0.0293     0.0376     0.0422     0.0491
14        0.0082     0.0098     0.0108     0.0129     0.0159     0.0198     0.0242     0.0269     0.0317
15+       0.0028     0.0033     0.0036     0.0041     0.0048     0.0056     0.0063     0.0068     0.0079

Probability Spawning Stock Biomass Exceeds Threshold      3.660 (1000 MT)

Year    Probability

2021    0.018100
2022    0.016500
2023    0.088400
2024    0.000900
2025    0.004100
2026    0.097800
2027    0.281700
2028    0.428500
2029    0.514100
2030    0.567000
2031    0.594800
2032    0.607800
2033    0.614500
2034    0.618400

Probability Threshold Exceeded at Least Once =     0.8799

Probability Total Fishing Mortality Exceeds Threshold     0.8413 

Year    Probability

2021    1.000000
2022    1.000000
2023    1.000000
2024    1.000000
2025    0.000000
2026    0.000000
2027    0.000000
2028    0.000000
2029    0.000000
2030    0.000000
2031    0.000000
2032    0.000000
2033    0.000000
2034    0.000000

Probability Threshold Exceeded at Least Once =     1.0000


Requested Percentile Report

Percentile =    50.00 %

                                 2021       2022       2023       2024       2025       2026       2027       2028       2029       2030       2031       2032       2033       2034 

Recruits                     114.2318   115.4100   114.2976   115.1489   114.7759   115.0498   114.6688   115.3765   115.0225   115.2781   115.3637   114.3509   114.3952   114.5030 
Spawning Stock Biomass         2.2267     2.5699     2.7510     2.1492     2.2884     2.8551     3.2853     3.5425     3.6820     3.7681     3.8081     3.8342     3.8389     3.8403 
Jan-1 Stock Biomass            9.1537     8.7218     7.6263     6.6377     6.1552     7.0230     7.5836     7.9175     8.1286     8.2393     8.2822     8.3032     8.3070     8.3203 
Mean Biomass                   8.2831     7.4181     6.3199     5.5841     5.8424     6.5694     7.0166     7.2802     7.4408     7.5136     7.5369     7.5639     7.5606     7.5446 
Combined Catch Biomass         2.9133     3.3214     3.0129     2.5033     0.9970     1.1938     1.3316     1.4137     1.4603     1.4877     1.4985     1.5014     1.5050     1.5028 
Landings                       2.9133     3.3214     3.0129     2.5033     0.9970     1.1938     1.3316     1.4137     1.4603     1.4877     1.4985     1.5014     1.5050     1.5028 
FMort                          1.0794     1.0794     1.0794     1.0794     0.4127     0.4127     0.4127     0.4127     0.4127     0.4127     0.4127     0.4127     0.4127     0.4127 

Stock Numbers at Age
Age 1                        261.1480   114.2318   115.4100   114.2976   115.1489   114.7759   115.0498   114.6688   115.3765   115.0225   115.2781   115.3637   114.3509   114.3952 
Age 2                        100.4175   150.3762    67.2820    68.0473    67.4365    71.2491    71.0559    71.0935    71.1666    71.2939    71.3086    71.1907    71.3098    70.8837 
Age 3                         54.8765    44.7628    68.0494    30.6235    30.9130    38.4289    40.6241    40.5851    40.5485    40.5581    40.5808    40.6551    40.6477    40.6182 
Age 4                          9.5330    18.5257    15.3521    23.4006    10.5581    16.1273    20.0077    21.1360    21.1484    21.0862    21.1310    21.1240    21.1306    21.1526 
Age 5                          2.6907     2.9086     5.6119     4.6483     7.0703     5.2871     8.1016    10.0752    10.6195    10.6196    10.6033    10.6039    10.6128    10.6321 
Age 6                          0.9665     0.7746     0.8418     1.6243     1.3454     3.4779     2.6097     4.0040     4.9574     5.2409     5.2416     5.2252     5.2394     5.2321 
Age 7                          0.1591     0.2743     0.2243     0.2441     0.4697     0.6614     1.7146     1.2877     1.9744     2.4447     2.5836     2.5870     2.5803     2.5859 
Age 8                          0.1092     0.0465     0.0812     0.0664     0.0721     0.2334     0.3288     0.8522     0.6413     0.9826     1.2205     1.2890     1.2871     1.2889 
Age 9                          0.0085     0.0336     0.0142     0.0248     0.0203     0.0363     0.1172     0.1656     0.4287     0.3232     0.4961     0.6131     0.6497     0.6478 
Age 10                          0.0043     0.0027     0.0107     0.0045     0.0079     0.0104     0.0185     0.0597     0.0843     0.2176     0.1650     0.2530     0.3128     0.3321 
Age 11                          0.0014     0.0014     0.0009     0.0035     0.0014     0.0040     0.0053     0.0095     0.0308     0.0434     0.1123     0.0848     0.1302     0.1608 
Age 12                          0.0001     0.0005     0.0005     0.0003     0.0011     0.0007     0.0021     0.0028     0.0049     0.0160     0.0225     0.0583     0.0441     0.0676 
Age 13                          0.0000     0.0000     0.0002     0.0002     0.0001     0.0006     0.0004     0.0011     0.0014     0.0026     0.0083     0.0117     0.0304     0.0230 
Age 14                          0.0000     0.0000     0.0000     0.0001     0.0001     0.0001     0.0003     0.0002     0.0006     0.0008     0.0013     0.0044     0.0061     0.0159 
Age 15                          0.0000     0.0000     0.0000     0.0000     0.0000     0.0000     0.0000     0.0002     0.0002     0.0004     0.0006     0.0010     0.0028     0.0048 
