AGEPRO VERSION 4.2

Fmsy_ST

Date & Time of Run: 05 Apr 2024  16:51

Input File Name:    Fmsy_sT.inp

First Age Class:                         1
Number of Age Classes:                  15
Number of Years in Projection:          14
Number of Fleets:                        9
Number of Recruitment Models:            1
Number of Bootstraps:                  100
Number of Simulations:                 100

Bootstrap File Name:            C:\Users\jon.brodziak\Desktop\2024 WCNPO MLS Rebuilding\Bootstrap-numbers-at-age\2023_WCNPOMLS.bsn

Input Harvest Scenario

Year  Type        Fleet-1    Fleet-2    Fleet-3    Fleet-4    Fleet-5    Fleet-6    Fleet-7    Fleet-8    Fleet-9    

2021  F-Mult       0.1651     0.0453     0.2588     0.0166     0.0610     0.0487     0.0642     0.0722     0.3475 
2022  F-Mult       0.1651     0.0453     0.2588     0.0166     0.0610     0.0487     0.0642     0.0722     0.3475 
2023  F-Mult       0.1651     0.0453     0.2588     0.0166     0.0610     0.0487     0.0642     0.0722     0.3475 
2024  F-Mult       0.1651     0.0453     0.2588     0.0166     0.0610     0.0487     0.0642     0.0722     0.3475 
2025  F-Mult       0.1529     0.0419     0.2398     0.0154     0.0565     0.0452     0.0595     0.0669     0.3220 
2026  F-Mult       0.1529     0.0419     0.2398     0.0154     0.0565     0.0452     0.0595     0.0669     0.3220 
2027  F-Mult       0.1529     0.0419     0.2398     0.0154     0.0565     0.0452     0.0595     0.0669     0.3220 
2028  F-Mult       0.1529     0.0419     0.2398     0.0154     0.0565     0.0452     0.0595     0.0669     0.3220 
2029  F-Mult       0.1529     0.0419     0.2398     0.0154     0.0565     0.0452     0.0595     0.0669     0.3220 
2030  F-Mult       0.1529     0.0419     0.2398     0.0154     0.0565     0.0452     0.0595     0.0669     0.3220 
2031  F-Mult       0.1529     0.0419     0.2398     0.0154     0.0565     0.0452     0.0595     0.0669     0.3220 
2032  F-Mult       0.1529     0.0419     0.2398     0.0154     0.0565     0.0452     0.0595     0.0669     0.3220 
2033  F-Mult       0.1529     0.0419     0.2398     0.0154     0.0565     0.0452     0.0595     0.0669     0.3220 
2034  F-Mult       0.1529     0.0419     0.2398     0.0154     0.0565     0.0452     0.0595     0.0669     0.3220 

Recruits        1000  Fish

Year Class   Average        StdDev
2021        130.9738       38.5804
2022        131.1588       39.1872
2023        130.6789       38.7710
2024        130.7929       39.0173
2025        130.7059       38.3979
2026        131.1142       39.1288
2027        130.4892       38.8284
2028        130.0687       38.5941
2029        130.9496       38.9279
2030        130.7664       39.2912
2031        129.9312       39.0530
2032        131.0302       39.0383
2033        131.3167       39.0066
2034        130.3115       38.3002

Recruits Distribution

Year Class 1%         5%         10%        25%        50%        75%        90%        95%        99%    
2021    79.0104    83.4279    89.2365   105.9951   114.9927   149.8383   196.0720   211.7803   225.6928
2022    78.9245    83.4490    89.1933   105.0085   115.4144   151.3874   197.0219   213.9907   225.7074
2023    79.2243    83.7466    88.7575   105.3909   114.7892   149.6795   196.0611   212.7128   225.7345
2024    79.0488    83.5350    89.1599   105.4503   114.4779   149.7263   196.9003   213.0254   225.3384
2025    79.1769    83.6400    89.4262   105.8418   115.8794   149.2429   195.4621   212.7865   225.6512
2026    79.1932    83.5119    89.1638   105.5761   114.5151   150.6317   197.7693   212.6543   225.5422
2027    78.9369    83.3150    88.8212   105.7163   114.3271   149.3091   196.6733   212.8911   225.8064
2028    79.2585    83.3068    88.5050   104.9719   114.2559   148.6909   196.4483   212.4211   225.4418
2029    79.2115    83.4654    89.3206   105.8737   114.6323   149.7959   197.1833   212.7885   225.5866
2030    78.8437    83.1640    88.6824   105.1411   114.2877   150.7409   197.8049   213.2076   225.2283
2031    79.0296    83.0108    88.2125   103.9064   114.0352   148.9898   197.2007   212.9749   225.6937
2032    79.0644    83.4196    89.1507   105.6526   114.4722   151.0289   197.6183   213.2137   224.6897
2033    79.2060    83.7071    89.5041   105.9535   115.1619   150.5986   197.7414   213.7125   225.7563
2034    79.1616    83.5902    89.2473   105.8032   114.5013   148.7730   195.4328   211.0060   224.8792

Spawning Stock Biomass  x       1000 MT

Year       Average        StdDev
2021        2.2960        0.4641
2022        2.6063        0.4343
2023        2.8219        0.5800
2024        2.2067        0.3986
2025        1.9472        0.3509
2026        1.8916        0.3482
2027        1.8789        0.3500
2028        1.8767        0.3505
2029        1.8771        0.3543
2030        1.8723        0.3519
2031        1.8708        0.3514
2032        1.8731        0.3519
2033        1.8725        0.3544
2034        1.8695        0.3515

Spawning Stock Biomass Distribution

Year        1%         5%         10%        25%        50%        75%        90%        95%        99%   
2021     1.4641     1.7248     1.8276     1.9948     2.2281     2.5112     2.8156     3.0379     4.1905 
2022     1.7553     1.9553     2.0746     2.3068     2.5736     2.8533     3.1936     3.4153     3.7838 
2023     1.8160     2.0206     2.1427     2.3856     2.7495     3.1638     3.6179     3.9287     4.4154 
2024     1.4721     1.6388     1.7308     1.9165     2.1606     2.4539     2.7471     2.9208     3.3025 
2025     1.3250     1.4516     1.5337     1.6959     1.9007     2.1571     2.4210     2.6024     2.9383 
2026     1.2759     1.4067     1.4863     1.6337     1.8450     2.1053     2.3674     2.5361     2.8598 
2027     1.2542     1.3934     1.4724     1.6193     1.8288     2.0888     2.3619     2.5282     2.8255 
2028     1.2541     1.3840     1.4625     1.6190     1.8310     2.0863     2.3605     2.5300     2.8332 
2029     1.2567     1.3830     1.4672     1.6192     1.8222     2.0913     2.3676     2.5455     2.8593 
2030     1.2588     1.3815     1.4628     1.6166     1.8182     2.0850     2.3614     2.5317     2.8351 
2031     1.2554     1.3836     1.4591     1.6103     1.8228     2.0815     2.3609     2.5274     2.8221 
2032     1.2545     1.3838     1.4609     1.6139     1.8239     2.0968     2.3561     2.5207     2.8515 
2033     1.2470     1.3787     1.4582     1.6104     1.8239     2.0896     2.3648     2.5385     2.8462 
2034     1.2407     1.3789     1.4546     1.6124     1.8226     2.0844     2.3503     2.5260     2.8327 

JAN-1 Stock Biomass  x       1000 MT

Year       Average        StdDev
2021        9.2940        1.5995
2022        8.8903        1.5076
2023        7.7749        1.2551
2024        6.7652        1.0442
2025        6.2648        0.9851
2026        6.1776        0.9878
2027        6.1583        0.9997
2028        6.1522        0.9981
2029        6.1393        0.9962
2030        6.1372        0.9944
2031        6.1428        0.9953
2032        6.1329        0.9957
2033        6.1370        0.9944
2034        6.1490        0.9926

JAN-1 Stock Biomass Distribution

Year       1%         5%         10%        25%        50%        75%        90%        95%        99%    
2021     6.3279     6.9360     7.3601     8.1604     9.1768    10.1208    11.5384    12.3413    13.7481 
2022     6.0443     6.7090     7.0817     7.7923     8.7471     9.7861    10.9846    11.6859    12.9212 
2023     5.4206     5.9590     6.2554     6.8683     7.6379     8.5660     9.5015    10.0451    11.0940 
2024     4.7702     5.2317     5.5029     6.0042     6.6666     7.4178     8.1726     8.6653     9.5448 
2025     4.4440     4.8314     5.0753     5.5345     6.1758     6.9025     7.5779     8.0066     8.9083 
2026     4.3525     4.7554     4.9804     5.4411     6.0726     6.8102     7.4925     7.9374     8.8633 
2027     4.3532     4.7481     4.9514     5.4276     6.0507     6.7707     7.5278     7.9837     8.8414 
2028     4.3633     4.7110     4.9480     5.4100     6.0454     6.7808     7.4930     7.9796     8.8433 
2029     4.3572     4.7100     4.9408     5.3922     6.0402     6.7692     7.4981     7.9481     8.7861 
2030     4.3354     4.7150     4.9262     5.4000     6.0368     6.7549     7.4883     7.9486     8.7868 
2031     4.3398     4.7135     4.9376     5.3968     6.0315     6.7714     7.4984     7.9299     8.8406 
2032     4.3159     4.6864     4.9235     5.3864     6.0353     6.7775     7.4963     7.9395     8.7433 
2033     4.3030     4.6735     4.9254     5.4070     6.0349     6.7585     7.4763     7.9245     8.8083 
2034     4.3106     4.7011     4.9335     5.4010     6.0585     6.7842     7.5038     7.9244     8.7870 

Mean Biomass  x       1000 MT

Year       Average        StdDev
2021        8.4047        1.5300
2022        7.5615        1.3243
2023        6.4403        1.0743
2024        5.6880        0.9364
2025        5.4188        0.9168
2026        5.3687        0.9130
2027        5.3631        0.9262
2028        5.3532        0.9170
2029        5.3401        0.9162
2030        5.3457        0.9205
2031        5.3499        0.9265
2032        5.3383        0.9238
2033        5.3446        0.9220
2034        5.3567        0.9213

Mean Biomass Distribution

Year       1%         5%         10%        25%        50%        75%        90%        95%        99%    
2021     5.6502     6.1804     6.5623     7.2670     8.2742     9.2685    10.5500    11.2994    12.5128 
2022     5.1357     5.6438     5.9718     6.5821     7.4393     8.3569     9.3867    10.0160    11.1181 
2023     4.4753     4.8778     5.1414     5.6469     6.3300     7.1182     7.8840     8.3705     9.3292 
2024     3.9527     4.3350     4.5498     4.9991     5.5929     6.2804     6.9457     7.3696     8.2122 
2025     3.7433     4.1256     4.3207     4.7317     5.3140     5.9977     6.6614     7.0952     7.8820 
2026     3.7082     4.0585     4.2655     4.6958     5.2636     5.9504     6.5928     7.0531     7.8161 
2027     3.7102     4.0401     4.2489     4.6741     5.2566     5.9441     6.6376     7.0461     7.8656 
2028     3.6915     4.0435     4.2546     4.6765     5.2490     5.9343     6.6198     7.0315     7.8052 
2029     3.6938     4.0349     4.2389     4.6654     5.2221     5.9348     6.5962     6.9932     7.8220 
2030     3.7101     4.0344     4.2447     4.6661     5.2390     5.9287     6.5893     6.9857     7.8390 
2031     3.6846     4.0415     4.2513     4.6651     5.2345     5.9386     6.6221     7.0476     7.8549 
2032     3.6594     4.0349     4.2392     4.6467     5.2151     5.9417     6.5955     7.0059     7.8120 
2033     3.6778     4.0382     4.2382     4.6573     5.2309     5.9366     6.5922     7.0215     7.8608 
2034     3.6956     4.0347     4.2520     4.6647     5.2620     5.9415     6.6166     7.0391     7.7996 

Combined Catch Biomass  x       1000 MT

Year       Average        StdDev
2021        2.9730        0.4790
2022        3.3525        0.5605
2023        3.0714        0.5228
2024        2.5534        0.4013
2025        2.1488        0.3381
2026        2.1025        0.3386
2027        2.0926        0.3395
2028        2.0908        0.3403
2029        2.0887        0.3395
2030        2.0852        0.3384
2031        2.0859        0.3391
2032        2.0865        0.3401
2033        2.0848        0.3410
2034        2.0866        0.3400

Combined Catch Distribution

Year       1%         5%         10%        25%        50%        75%        90%        95%        99%    
2021     1.9732     2.3480     2.4483     2.6624     2.9076     3.2316     3.5496     3.7887     4.7109 
2022     2.3322     2.5347     2.6769     2.9264     3.3187     3.6680     4.1373     4.4285     4.8317 
2023     2.1231     2.3206     2.4435     2.6874     3.0131     3.3965     3.7905     4.0419     4.4422 
2024     1.8029     1.9687     2.0720     2.2572     2.5141     2.8067     3.0894     3.2792     3.6127 
2025     1.5215     1.6604     1.7440     1.8986     2.1138     2.3612     2.6046     2.7583     3.0391 
2026     1.4916     1.6222     1.6981     1.8474     2.0626     2.3181     2.5550     2.7159     3.0204 
2027     1.4723     1.6107     1.6860     1.8439     2.0525     2.3108     2.5567     2.7112     3.0088 
2028     1.4721     1.6077     1.6874     1.8350     2.0513     2.3059     2.5593     2.7165     2.9957 
2029     1.4734     1.6034     1.6868     1.8322     2.0527     2.3043     2.5538     2.7016     3.0067 
2030     1.4736     1.6019     1.6802     1.8292     2.0447     2.3078     2.5472     2.6925     3.0099 
2031     1.4727     1.6020     1.6758     1.8321     2.0512     2.2986     2.5429     2.6995     2.9977 
2032     1.4669     1.5978     1.6813     1.8343     2.0450     2.3059     2.5522     2.7066     2.9970 
2033     1.4657     1.5928     1.6808     1.8281     2.0431     2.3063     2.5474     2.7022     2.9860 
2034     1.4642     1.5977     1.6746     1.8354     2.0464     2.3041     2.5499     2.7064     3.0009 

Landings  x       1000 MT

Year       Average        StdDev
2021        2.9730        0.4790
2022        3.3525        0.5605
2023        3.0714        0.5228
2024        2.5534        0.4013
2025        2.1488        0.3381
2026        2.1025        0.3386
2027        2.0926        0.3395
2028        2.0908        0.3403
2029        2.0887        0.3395
2030        2.0852        0.3384
2031        2.0859        0.3391
2032        2.0865        0.3401
2033        2.0848        0.3410
2034        2.0866        0.3400

Landings Distribution

Year       1%         5%         10%        25%        50%        75%        90%        95%        99%    
2021     1.9732     2.3480     2.4483     2.6624     2.9076     3.2316     3.5496     3.7887     4.7109 
2022     2.3322     2.5347     2.6769     2.9264     3.3187     3.6680     4.1373     4.4285     4.8317 
2023     2.1231     2.3206     2.4435     2.6874     3.0131     3.3965     3.7905     4.0419     4.4422 
2024     1.8029     1.9687     2.0720     2.2572     2.5141     2.8067     3.0894     3.2792     3.6127 
2025     1.5215     1.6604     1.7440     1.8986     2.1138     2.3612     2.6046     2.7583     3.0391 
2026     1.4916     1.6222     1.6981     1.8474     2.0626     2.3181     2.5550     2.7159     3.0204 
2027     1.4723     1.6107     1.6860     1.8439     2.0525     2.3108     2.5567     2.7112     3.0088 
2028     1.4721     1.6077     1.6874     1.8350     2.0513     2.3059     2.5593     2.7165     2.9957 
2029     1.4734     1.6034     1.6868     1.8322     2.0527     2.3043     2.5538     2.7016     3.0067 
2030     1.4736     1.6019     1.6802     1.8292     2.0447     2.3078     2.5472     2.6925     3.0099 
2031     1.4727     1.6020     1.6758     1.8321     2.0512     2.2986     2.5429     2.6995     2.9977 
2032     1.4669     1.5978     1.6813     1.8343     2.0450     2.3059     2.5522     2.7066     2.9970 
2033     1.4657     1.5928     1.6808     1.8281     2.0431     2.3063     2.5474     2.7022     2.9860 
2034     1.4642     1.5977     1.6746     1.8354     2.0464     2.3041     2.5499     2.7064     3.0009 

Total Fishing Mortality

Year       Average        StdDev
2021        1.0794        0.0000
2022        1.0794        0.0000
2023        1.0794        0.0000
2024        1.0794        0.0000
2025        1.0000        0.0000
2026        1.0000        0.0000
2027        1.0000        0.0000
2028        1.0000        0.0000
2029        1.0000        0.0000
2030        1.0000        0.0000
2031        1.0000        0.0000
2032        1.0000        0.0000
2033        1.0000        0.0000
2034        1.0000        0.0000

Total Fishing Mortality Distribution

Year       1%         5%         10%        25%        50%        75%        90%        95%        99%    
2021     1.0794     1.0794     1.0794     1.0794     1.0794     1.0794     1.0794     1.0794     1.0794 
2022     1.0794     1.0794     1.0794     1.0794     1.0794     1.0794     1.0794     1.0794     1.0794 
2023     1.0794     1.0794     1.0794     1.0794     1.0794     1.0794     1.0794     1.0794     1.0794 
2024     1.0794     1.0794     1.0794     1.0794     1.0794     1.0794     1.0794     1.0794     1.0794 
2025     1.0000     1.0000     1.0000     1.0000     1.0000     1.0000     1.0000     1.0000     1.0000 
2026     1.0000     1.0000     1.0000     1.0000     1.0000     1.0000     1.0000     1.0000     1.0000 
2027     1.0000     1.0000     1.0000     1.0000     1.0000     1.0000     1.0000     1.0000     1.0000 
2028     1.0000     1.0000     1.0000     1.0000     1.0000     1.0000     1.0000     1.0000     1.0000 
2029     1.0000     1.0000     1.0000     1.0000     1.0000     1.0000     1.0000     1.0000     1.0000 
2030     1.0000     1.0000     1.0000     1.0000     1.0000     1.0000     1.0000     1.0000     1.0000 
2031     1.0000     1.0000     1.0000     1.0000     1.0000     1.0000     1.0000     1.0000     1.0000 
2032     1.0000     1.0000     1.0000     1.0000     1.0000     1.0000     1.0000     1.0000     1.0000 
2033     1.0000     1.0000     1.0000     1.0000     1.0000     1.0000     1.0000     1.0000     1.0000 
2034     1.0000     1.0000     1.0000     1.0000     1.0000     1.0000     1.0000     1.0000     1.0000 

JAN-1 Stock Numbers at Age  -       1000  Fish

2021

Age        1%         5%         10%        25%        50%        75%        90%        95%        99%    
1      140.2370   175.0900   184.8320   216.7130   261.1480   317.3690   385.6290   409.5080   464.9250
2       58.9389    77.9477    80.8620    85.4451   100.4175   112.5240   125.3470   138.4980   148.4390
3       34.1986    41.3466    43.5177    47.9381    54.8765    60.4455    67.3245    74.4817    84.8335
4        4.4701     6.3288     7.3712     8.3369     9.5330    10.8358    12.5169    14.0136    20.6054
5        1.2938     1.6031     1.7337     2.2441     2.6907     3.2695     4.2092     4.8898     7.4995
6        0.2917     0.4842     0.6024     0.6936     0.9665     1.2287     1.8234     2.1765     5.0518
7        0.0278     0.0584     0.0739     0.1025     0.1591     0.2261     0.3164     0.3996     1.3049
8        0.0082     0.0292     0.0370     0.0584     0.1092     0.1670     0.2575     0.4456     2.1858
9        0.0003     0.0014     0.0021     0.0035     0.0085     0.0144     0.0223     0.0334     0.2402
10        0.0001     0.0005     0.0007     0.0015     0.0043     0.0069     0.0143     0.0242     0.2609
11        0.0000     0.0001     0.0002     0.0004     0.0014     0.0028     0.0051     0.0082     0.1988
12        0.0000     0.0000     0.0000     0.0000     0.0001     0.0003     0.0005     0.0008     0.0280
13        0.0000     0.0000     0.0000     0.0000     0.0000     0.0002     0.0003     0.0005     0.0316
14        0.0000     0.0000     0.0000     0.0000     0.0000     0.0000     0.0001     0.0001     0.0183
15+       0.0000     0.0000     0.0000     0.0000     0.0000     0.0000     0.0000     0.0000     0.0127

2022

Age        1%         5%         10%        25%        50%        75%        90%        95%        99%    
1       79.0104    83.4279    89.2365   105.9951   114.9927   149.8383   196.0720   211.7803   225.6928
2       85.3225   100.6705   107.2381   124.1689   150.5288   184.3451   222.9329   242.9258   275.2454
3       26.4570    34.4585    36.2227    39.2741    44.7361    51.1447    57.9596    62.6957    71.0716
4       11.9477    13.9027    14.9096    16.4901    18.5414    20.8109    23.6133    25.9326    31.3721
5        1.4352     1.9522     2.1879     2.5172     2.9054     3.3270     3.8877     4.3021     6.5246
6        0.3759     0.4636     0.5112     0.6450     0.7753     0.9551     1.2450     1.4532     2.3918
7        0.0987     0.1452     0.1720     0.2059     0.2742     0.3654     0.5296     0.6282     1.6495
8        0.0096     0.0178     0.0219     0.0304     0.0463     0.0677     0.0966     0.1284     0.4434
9        0.0028     0.0092     0.0114     0.0183     0.0336     0.0514     0.0808     0.1370     0.7742
10        0.0001     0.0004     0.0007     0.0011     0.0027     0.0045     0.0073     0.0111     0.0855
11        0.0000     0.0002     0.0002     0.0005     0.0014     0.0023     0.0049     0.0080     0.0979
12        0.0000     0.0000     0.0001     0.0001     0.0005     0.0009     0.0017     0.0028     0.0741
13        0.0000     0.0000     0.0000     0.0000     0.0000     0.0001     0.0002     0.0003     0.0104
14        0.0000     0.0000     0.0000     0.0000     0.0000     0.0001     0.0001     0.0002     0.0123
15+       0.0000     0.0000     0.0000     0.0000     0.0000     0.0000     0.0000     0.0001     0.0121

2023

Age        1%         5%         10%        25%        50%        75%        90%        95%        99%    
1       78.9245    83.4490    89.1933   105.0085   115.4144   151.3874   197.0219   213.9907   225.7074
2       44.5437    47.9819    51.3627    59.7263    67.8197    87.7365   112.9624   122.7256   133.0081
3       38.6568    44.9377    48.1584    55.9237    68.1653    83.5116   101.1012   110.8663   125.3484
4        9.0676    11.5453    12.2579    13.4579    15.3199    17.6250    20.0104    21.6031    24.6945
5        3.5969     4.1425     4.4819     4.9758     5.6181     6.3431     7.2076     7.9103     9.6346
6        0.4156     0.5630     0.6266     0.7263     0.8388     0.9664     1.1309     1.2622     1.8956
7        0.1090     0.1333     0.1481     0.1855     0.2231     0.2778     0.3632     0.4212     0.7228
8        0.0295     0.0431     0.0503     0.0610     0.0812     0.1096     0.1587     0.1872     0.4885
9        0.0031     0.0054     0.0067     0.0093     0.0142     0.0208     0.0297     0.0394     0.1521
10        0.0010     0.0029     0.0036     0.0058     0.0106     0.0163     0.0259     0.0431     0.2531
11        0.0000     0.0001     0.0002     0.0004     0.0009     0.0015     0.0024     0.0036     0.0282
12        0.0000     0.0001     0.0001     0.0002     0.0005     0.0007     0.0016     0.0026     0.0323
13        0.0000     0.0000     0.0000     0.0000     0.0002     0.0003     0.0006     0.0009     0.0261
14        0.0000     0.0000     0.0000     0.0000     0.0000     0.0000     0.0001     0.0001     0.0038
15+       0.0000     0.0000     0.0000     0.0000     0.0000     0.0000     0.0000     0.0001     0.0084

2024

Age        1%         5%         10%        25%        50%        75%        90%        95%        99%    
1       79.2243    83.7466    88.7575   105.3909   114.7892   149.6795   196.0611   212.7128   225.7345
2       44.4116    47.8172    51.0637    59.5581    67.7183    88.2659   113.1592   122.9013   133.8249
3       19.8048    21.6380    23.1221    26.7067    30.7795    39.9069    50.9187    55.5883    61.3277
4       13.1727    15.2388    16.4179    19.1136    23.3494    28.7073    34.7514    38.1789    43.5753
5        2.7296     3.4492     3.6762     4.0591     4.6461     5.3531     6.1085     6.5977     7.5600
6        1.0356     1.1859     1.2803     1.4350     1.6246     1.8459     2.1037     2.3004     2.7999
7        0.1202     0.1611     0.1806     0.2094     0.2432     0.2819     0.3292     0.3682     0.5494
8        0.0322     0.0390     0.0438     0.0546     0.0663     0.0833     0.1087     0.1263     0.2181
9        0.0088     0.0131     0.0152     0.0187     0.0249     0.0337     0.0488     0.0574     0.1507
10        0.0010     0.0017     0.0021     0.0029     0.0045     0.0066     0.0094     0.0125     0.0480
11        0.0003     0.0009     0.0012     0.0019     0.0034     0.0053     0.0084     0.0139     0.0814
12        0.0000     0.0000     0.0001     0.0001     0.0003     0.0005     0.0008     0.0012     0.0093
13        0.0000     0.0000     0.0000     0.0001     0.0002     0.0003     0.0005     0.0009     0.0116
14        0.0000     0.0000     0.0000     0.0000     0.0001     0.0001     0.0002     0.0003     0.0100
15+       0.0000     0.0000     0.0000     0.0000     0.0000     0.0000     0.0000     0.0001     0.0044

2025

Age        1%         5%         10%        25%        50%        75%        90%        95%        99%    
1       79.0488    83.5350    89.1599   105.4503   114.4779   149.7263   196.9003   213.0254   225.3384
2       44.6644    47.9747    51.1340    59.4915    67.5786    87.2202   112.4812   122.2107   132.9911
3       19.6039    21.4671    23.0447    26.7134    30.8757    40.0698    51.0024    55.7536    61.7199
4        6.6362     7.3925     7.8995     9.1000    10.6369    13.6619    17.4383    19.1820    21.3178
5        3.9164     4.5743     4.9514     5.7565     7.0451     8.7281    10.5871    11.6233    13.3630
6        0.7913     0.9821     1.0510     1.1726     1.3439     1.5527     1.7789     1.9214     2.2155
7        0.2923     0.3396     0.3676     0.4142     0.4706     0.5378     0.6122     0.6705     0.8150
8        0.0351     0.0474     0.0531     0.0617     0.0721     0.0841     0.0987     0.1113     0.1627
9        0.0097     0.0119     0.0134     0.0166     0.0203     0.0256     0.0334     0.0390     0.0666
10        0.0028     0.0041     0.0048     0.0059     0.0079     0.0107     0.0155     0.0182     0.0479
11        0.0003     0.0006     0.0007     0.0009     0.0014     0.0021     0.0031     0.0041     0.0157
12        0.0001     0.0003     0.0004     0.0006     0.0011     0.0018     0.0028     0.0046     0.0278
13        0.0000     0.0000     0.0000     0.0000     0.0001     0.0002     0.0003     0.0004     0.0032
14        0.0000     0.0000     0.0000     0.0000     0.0001     0.0001     0.0002     0.0003     0.0038
15+       0.0000     0.0000     0.0000     0.0000     0.0000     0.0000     0.0001     0.0001     0.0052

2026

Age        1%         5%         10%        25%        50%        75%        90%        95%        99%    
1       79.1769    83.6400    89.4262   105.8418   115.8794   149.2429   195.4621   212.7865   225.6512
2       44.6671    48.2813    51.5923    59.8629    67.8328    88.1208   114.5291   123.4796   133.3786
3       20.2184    22.1539    23.6733    27.3660    31.5552    40.7831    52.3178    57.2861    62.6871
4        6.8870     7.6517     8.2688     9.5467    11.1670    14.4256    18.4003    20.1742    22.5348
5        2.1133     2.3552     2.5328     2.9125     3.4400     4.4131     5.6134     6.1967     6.9596
6        1.1912     1.4002     1.5176     1.7753     2.1756     2.6979     3.2690     3.6159     4.1680
7        0.2438     0.2981     0.3217     0.3599     0.4144     0.4806     0.5518     0.5993     0.6938
8        0.0912     0.1061     0.1148     0.1299     0.1484     0.1704     0.1957     0.2143     0.2596
9        0.0114     0.0152     0.0171     0.0200     0.0235     0.0275     0.0323     0.0364     0.0532
10        0.0033     0.0040     0.0045     0.0055     0.0068     0.0086     0.0112     0.0132     0.0223
11        0.0010     0.0014     0.0016     0.0020     0.0027     0.0037     0.0053     0.0063     0.0161
12        0.0001     0.0002     0.0002     0.0003     0.0005     0.0007     0.0011     0.0014     0.0055
13        0.0000     0.0001     0.0001     0.0002     0.0004     0.0006     0.0010     0.0016     0.0099
14        0.0000     0.0000     0.0000     0.0000     0.0000     0.0001     0.0001     0.0001     0.0011
15+       0.0000     0.0000     0.0000     0.0000     0.0000     0.0000     0.0001     0.0002     0.0032

2027

Age        1%         5%         10%        25%        50%        75%        90%        95%        99%    
1       79.1932    83.5119    89.1638   105.5761   114.5151   150.6317   197.7693   212.6543   225.5422
2       44.5936    48.2948    51.6102    60.0073    68.3426    87.4814   113.0561   123.3634   133.9151
3       20.2237    22.3489    23.8622    27.5915    31.6658    41.0299    52.8196    57.4744    63.0732
4        7.1381     7.9290     8.4762     9.7831    11.4389    14.6759    18.8472    20.6495    23.0758
5        2.1854     2.4516     2.6447     3.0614     3.6110     4.6430     5.9317     6.5060     7.3912
6        0.6395     0.7198     0.7774     0.8945     1.0597     1.3606     1.7315     1.9083     2.1835
7        0.3638     0.4265     0.4662     0.5484     0.6702     0.8330     1.0075     1.1171     1.3005
8        0.0770     0.0926     0.1003     0.1130     0.1309     0.1522     0.1762     0.1910     0.2226
9        0.0290     0.0339     0.0370     0.0420     0.0483     0.0556     0.0639     0.0704     0.0859
10        0.0038     0.0050     0.0057     0.0066     0.0078     0.0092     0.0109     0.0123     0.0178
11        0.0011     0.0013     0.0015     0.0019     0.0023     0.0029     0.0039     0.0046     0.0075
12        0.0003     0.0005     0.0006     0.0007     0.0009     0.0013     0.0019     0.0022     0.0056
13        0.0000     0.0001     0.0001     0.0001     0.0002     0.0003     0.0004     0.0005     0.0019
14        0.0000     0.0000     0.0000     0.0001     0.0001     0.0002     0.0004     0.0006     0.0035
15+       0.0000     0.0000     0.0000     0.0000     0.0000     0.0000     0.0001     0.0001     0.0016

2028

Age        1%         5%         10%        25%        50%        75%        90%        95%        99%    
1       78.9369    83.3150    88.8212   105.7163   114.3271   149.3091   196.6733   212.8911   225.8064
2       44.9403    48.3506    51.5382    59.7576    67.9114    88.0626   114.9310   123.7343   133.5721
3       20.0672    22.2213    23.9933    27.7092    31.8865    40.8101    52.3726    57.2982    63.3128
4        7.1400     7.9677     8.5576     9.8812    11.4577    14.8000    19.0406    20.7409    23.1003
5        2.2646     2.5298     2.7222     3.1438     3.6919     4.7392     6.0553     6.6651     7.5339
6        0.6651     0.7526     0.8115     0.9391     1.1168     1.4388     1.8307     2.0179     2.3010
7        0.1941     0.2197     0.2380     0.2742     0.3281     0.4208     0.5348     0.5935     0.6841
8        0.1139     0.1331     0.1457     0.1724     0.2122     0.2632     0.3207     0.3566     0.4170
9        0.0244     0.0297     0.0322     0.0365     0.0426     0.0496     0.0575     0.0626     0.0730
10        0.0097     0.0112     0.0123     0.0140     0.0161     0.0187     0.0217     0.0237     0.0287
11        0.0013     0.0017     0.0019     0.0023     0.0027     0.0032     0.0038     0.0042     0.0061
12        0.0004     0.0005     0.0005     0.0007     0.0008     0.0010     0.0014     0.0016     0.0026
13        0.0001     0.0002     0.0002     0.0002     0.0003     0.0005     0.0007     0.0008     0.0020
14        0.0000     0.0000     0.0000     0.0000     0.0001     0.0001     0.0001     0.0002     0.0007
15+       0.0000     0.0000     0.0000     0.0000     0.0001     0.0001     0.0002     0.0003     0.0019

2029

Age        1%         5%         10%        25%        50%        75%        90%        95%        99%    
1       79.2585    83.3068    88.5050   104.9719   114.2559   148.6909   196.4483   212.4211   225.4418
2       44.6400    48.2630    51.2652    59.8890    67.8139    87.5784   114.0940   123.0577   133.7325
3       20.4458    22.3498    23.8616    27.4324    31.8355    40.9710    53.0784    57.5498    63.2671
4        7.1192     7.9523     8.5702     9.9080    11.5412    14.7459    18.8666    20.6318    23.1942
5        2.2679     2.5486     2.7432     3.1636     3.7036     4.7755     6.1136     6.7255     7.5403
6        0.6890     0.7748     0.8366     0.9643     1.1377     1.4643     1.8707     2.0690     2.3596
7        0.2012     0.2302     0.2499     0.2890     0.3452     0.4439     0.5646     0.6245     0.7201
8        0.0600     0.0689     0.0748     0.0862     0.1039     0.1337     0.1698     0.1883     0.2180
9        0.0362     0.0429     0.0470     0.0558     0.0688     0.0859     0.1047     0.1164     0.1361
10        0.0080     0.0098     0.0107     0.0122     0.0143     0.0167     0.0194     0.0213     0.0248
11        0.0033     0.0038     0.0042     0.0048     0.0055     0.0064     0.0075     0.0082     0.0099
12        0.0004     0.0006     0.0007     0.0008     0.0009     0.0011     0.0013     0.0015     0.0021
13        0.0001     0.0002     0.0002     0.0002     0.0003     0.0004     0.0005     0.0006     0.0009
14        0.0000     0.0001     0.0001     0.0001     0.0001     0.0002     0.0002     0.0003     0.0007
15+       0.0000     0.0000     0.0000     0.0000     0.0000     0.0001     0.0001     0.0002     0.0009

2030

Age        1%         5%         10%        25%        50%        75%        90%        95%        99%    
1       79.2115    83.4654    89.3206   105.8737   114.6323   149.7959   197.1833   212.7885   225.5866
2       44.5027    48.0638    51.1808    59.5774    67.6950    86.9608   113.4555   122.5931   133.3281
3       20.1809    22.1644    23.7668    27.5675    31.7073    40.9220    52.7091    57.3861    62.5146
4        7.1803     7.9809     8.5597     9.8349    11.5093    14.9097    19.1355    20.7234    23.0951
5        2.2681     2.5500     2.7462     3.1778     3.7354     4.7601     6.0647     6.7037     7.5650
6        0.6874     0.7805     0.8421     0.9674     1.1437     1.4795     1.8912     2.0881     2.3383
7        0.2086     0.2371     0.2560     0.2954     0.3520     0.4542     0.5783     0.6428     0.7352
8        0.0629     0.0719     0.0782     0.0908     0.1092     0.1403     0.1784     0.1983     0.2311
9        0.0190     0.0221     0.0241     0.0279     0.0339     0.0436     0.0550     0.0614     0.0723
10        0.0119     0.0142     0.0156     0.0186     0.0230     0.0288     0.0353     0.0392     0.0466
11        0.0027     0.0033     0.0036     0.0042     0.0049     0.0057     0.0067     0.0074     0.0086
12        0.0011     0.0013     0.0014     0.0017     0.0019     0.0023     0.0026     0.0029     0.0035
13        0.0002     0.0002     0.0002     0.0003     0.0003     0.0004     0.0005     0.0005     0.0008
14        0.0000     0.0001     0.0001     0.0001     0.0001     0.0001     0.0002     0.0002     0.0003
15+       0.0000     0.0000     0.0000     0.0000     0.0001     0.0001     0.0001     0.0002     0.0006

2031

Age        1%         5%         10%        25%        50%        75%        90%        95%        99%    
1       78.8437    83.1640    88.6824   105.1411   114.2877   150.7409   197.8049   213.2076   225.2283
2       44.6662    48.4842    51.7183    59.9333    67.9274    87.9498   114.3435   123.7650   133.1992
3       20.2494    22.1168    23.7154    27.4693    31.7002    40.5591    52.4028    57.2581    62.7868
4        7.1114     7.9626     8.5360     9.8380    11.4629    14.7681    18.9862    20.7067    23.0015
5        2.2832     2.5469     2.7504     3.1549     3.7196     4.8012     6.1527     6.7309     7.5523
6        0.6886     0.7781     0.8434     0.9723     1.1544     1.4672     1.8731     2.0760     2.3554
7        0.2088     0.2390     0.2585     0.2971     0.3538     0.4563     0.5856     0.6477     0.7323
8        0.0649     0.0743     0.0805     0.0928     0.1113     0.1439     0.1835     0.2034     0.2366
9        0.0202     0.0231     0.0252     0.0294     0.0356     0.0456     0.0581     0.0649     0.0752
10        0.0063     0.0073     0.0080     0.0093     0.0113     0.0147     0.0185     0.0206     0.0244
11        0.0040     0.0048     0.0053     0.0064     0.0079     0.0099     0.0122     0.0135     0.0161
12        0.0009     0.0011     0.0013     0.0015     0.0017     0.0020     0.0024     0.0026     0.0030
13        0.0004     0.0005     0.0005     0.0006     0.0007     0.0008     0.0009     0.0010     0.0012
14        0.0001     0.0001     0.0001     0.0001     0.0001     0.0001     0.0002     0.0002     0.0003
15+       0.0000     0.0000     0.0000     0.0000     0.0001     0.0001     0.0001     0.0001     0.0003

2032

Age        1%         5%         10%        25%        50%        75%        90%        95%        99%    
1       79.0296    83.0108    88.2125   103.9064   114.0352   148.9898   197.2007   212.9749   225.6937
2       44.4899    48.2874    51.4819    59.8050    67.6198    87.9731   114.1771   123.5495   134.0570
3       20.3587    22.4298    24.0095    27.6221    31.7441    40.9794    52.9565    57.2731    63.0352
4        7.1456     7.8997     8.4978     9.8135    11.4828    14.6699    18.9142    20.6809    23.0366
5        2.2694     2.5407     2.7375     3.1585     3.7089     4.7600     6.1133     6.6888     7.4894
6        0.6927     0.7801     0.8430     0.9691     1.1484     1.4839     1.9036     2.0801     2.3621
7        0.2079     0.2383     0.2577     0.2997     0.3575     0.4540     0.5763     0.6423     0.7353
8        0.0657     0.0750     0.0811     0.0933     0.1121     0.1446     0.1854     0.2054     0.2360
9        0.0204     0.0238     0.0259     0.0301     0.0364     0.0467     0.0596     0.0664     0.0788
10        0.0066     0.0077     0.0084     0.0098     0.0119     0.0153     0.0194     0.0219     0.0257
11        0.0021     0.0025     0.0027     0.0032     0.0039     0.0050     0.0064     0.0071     0.0086
12        0.0014     0.0017     0.0018     0.0022     0.0028     0.0035     0.0043     0.0048     0.0056
13        0.0003     0.0004     0.0004     0.0005     0.0006     0.0007     0.0008     0.0009     0.0011
14        0.0001     0.0002     0.0002     0.0002     0.0002     0.0003     0.0003     0.0004     0.0005
15+       0.0000     0.0000     0.0000     0.0001     0.0001     0.0001     0.0001     0.0001     0.0002

2033

Age        1%         5%         10%        25%        50%        75%        90%        95%        99%    
1       79.0644    83.4196    89.1507   105.6526   114.4722   151.0289   197.6183   213.2137   224.6897
2       44.6514    48.1781    51.0296    59.4081    67.3713    87.0336   113.5158   123.6193   133.5623
3       20.3265    22.2185    23.7159    27.5133    31.6136    41.0924    52.8349    57.4364    63.5016
4        7.1680     8.0016     8.5802     9.8565    11.4949    14.8497    19.0526    20.7986    23.1396
5        2.2539     2.5295     2.7180     3.1464     3.7104     4.7334     6.0864     6.6833     7.5335
6        0.6840     0.7765     0.8410     0.9663     1.1466     1.4770     1.8787     2.0737     2.3357
7        0.2085     0.2381     0.2580     0.2974     0.3552     0.4582     0.5861     0.6428     0.7432
8        0.0644     0.0744     0.0811     0.0939     0.1131     0.1439     0.1833     0.2049     0.2366
9        0.0207     0.0241     0.0261     0.0301     0.0364     0.0469     0.0599     0.0673     0.0786
10        0.0067     0.0079     0.0086     0.0100     0.0122     0.0157     0.0200     0.0224     0.0266
11        0.0022     0.0026     0.0029     0.0034     0.0041     0.0052     0.0067     0.0075     0.0089
12        0.0007     0.0009     0.0009     0.0011     0.0014     0.0018     0.0022     0.0025     0.0030
13        0.0005     0.0006     0.0006     0.0008     0.0010     0.0012     0.0015     0.0017     0.0020
14        0.0001     0.0001     0.0002     0.0002     0.0002     0.0003     0.0003     0.0003     0.0004
15+       0.0001     0.0001     0.0001     0.0001     0.0001     0.0001     0.0002     0.0002     0.0002

2034

Age        1%         5%         10%        25%        50%        75%        90%        95%        99%    
1       79.2060    83.7071    89.5041   105.9535   115.1619   150.5986   197.7414   213.7125   225.7563
2       44.8500    48.2181    51.5118    59.8304    67.8983    88.3606   114.2815   123.4929   133.0653
3       20.2055    22.1420    23.6538    27.3791    31.5307    40.5462    52.5047    57.4632    63.0140
4        7.1673     7.9306     8.5003     9.8448    11.4722    14.8405    19.0992    20.8293    23.2674
5        2.2809     2.5654     2.7443     3.1610     3.7066     4.7930     6.1432     6.7264     7.5346
6        0.6857     0.7711     0.8360     0.9653     1.1466     1.4643     1.8714     2.0644     2.3358
7        0.2076     0.2378     0.2571     0.2978     0.3548     0.4550     0.5800     0.6415     0.7315
8        0.0645     0.0745     0.0810     0.0936     0.1124     0.1456     0.1855     0.2046     0.2389
9        0.0206     0.0240     0.0261     0.0305     0.0368     0.0467     0.0597     0.0668     0.0783
10        0.0068     0.0079     0.0087     0.0101     0.0123     0.0158     0.0201     0.0226     0.0266
11        0.0023     0.0027     0.0029     0.0034     0.0042     0.0054     0.0069     0.0077     0.0093
12        0.0008     0.0009     0.0010     0.0012     0.0014     0.0018     0.0023     0.0026     0.0031
13        0.0003     0.0003     0.0003     0.0004     0.0005     0.0006     0.0008     0.0009     0.0011
14        0.0002     0.0002     0.0002     0.0003     0.0004     0.0004     0.0005     0.0006     0.0007
15+       0.0001     0.0001     0.0001     0.0001     0.0001     0.0001     0.0002     0.0002     0.0002

Probability Spawning Stock Biomass Exceeds Threshold      3.660 (1000 MT)

Year    Probability

2021    0.019000
2022    0.019100
2023    0.091400
2024    0.001300
2025    0.000000
2026    0.000000
2027    0.000000
2028    0.000000
2029    0.000000
2030    0.000000
2031    0.000000
2032    0.000000
2033    0.000000
2034    0.000100

Probability Threshold Exceeded at Least Once =     0.1028

Probability Total Fishing Mortality Exceeds Threshold     0.8413 

Year    Probability

2021    1.000000
2022    1.000000
2023    1.000000
2024    1.000000
2025    1.000000
2026    1.000000
2027    1.000000
2028    1.000000
2029    1.000000
2030    1.000000
2031    1.000000
2032    1.000000
2033    1.000000
2034    1.000000

Probability Threshold Exceeded at Least Once =     1.0000


Requested Percentile Report

Percentile =    50.00 %

                                 2021       2022       2023       2024       2025       2026       2027       2028       2029       2030       2031       2032       2033       2034 

Recruits                     114.9927   115.4144   114.7892   114.4779   115.8794   114.5151   114.3271   114.2559   114.6323   114.2877   114.0352   114.4722   115.1619   114.5013 
Spawning Stock Biomass         2.2281     2.5736     2.7495     2.1606     1.9007     1.8450     1.8288     1.8310     1.8222     1.8182     1.8228     1.8239     1.8239     1.8226 
Jan-1 Stock Biomass            9.1768     8.7471     7.6379     6.6666     6.1758     6.0726     6.0507     6.0454     6.0402     6.0368     6.0315     6.0353     6.0349     6.0585 
Mean Biomass                   8.2742     7.4393     6.3300     5.5929     5.3140     5.2636     5.2566     5.2490     5.2221     5.2390     5.2345     5.2151     5.2309     5.2620 
Combined Catch Biomass         2.9076     3.3187     3.0131     2.5141     2.1138     2.0626     2.0525     2.0513     2.0527     2.0447     2.0512     2.0450     2.0431     2.0464 
Landings                       2.9076     3.3187     3.0131     2.5141     2.1138     2.0626     2.0525     2.0513     2.0527     2.0447     2.0512     2.0450     2.0431     2.0464 
FMort                          1.0794     1.0794     1.0794     1.0794     1.0000     1.0000     1.0000     1.0000     1.0000     1.0000     1.0000     1.0000     1.0000     1.0000 

Stock Numbers at Age
Age 1                        261.1480   114.9927   115.4144   114.7892   114.4779   115.8794   114.5151   114.3271   114.2559   114.6323   114.2877   114.0352   114.4722   115.1619 
Age 2                        100.4175   150.5288    67.8197    67.7183    67.5786    67.8328    68.3426    67.9114    67.8139    67.6950    67.9274    67.6198    67.3713    67.8983 
Age 3                         54.8765    44.7361    68.1653    30.7795    30.8757    31.5552    31.6658    31.8865    31.8355    31.7073    31.7002    31.7441    31.6136    31.5307 
Age 4                          9.5330    18.5414    15.3199    23.3494    10.6369    11.1670    11.4389    11.4577    11.5412    11.5093    11.4629    11.4828    11.4949    11.4722 
Age 5                          2.6907     2.9054     5.6181     4.6461     7.0451     3.4400     3.6110     3.6919     3.7036     3.7354     3.7196     3.7089     3.7104     3.7066 
Age 6                          0.9665     0.7753     0.8388     1.6246     1.3439     2.1756     1.0597     1.1168     1.1377     1.1437     1.1544     1.1484     1.1466     1.1466 
Age 7                          0.1591     0.2742     0.2231     0.2432     0.4706     0.4144     0.6702     0.3281     0.3452     0.3520     0.3538     0.3575     0.3552     0.3548 
Age 8                          0.1092     0.0463     0.0812     0.0663     0.0721     0.1484     0.1309     0.2122     0.1039     0.1092     0.1113     0.1121     0.1131     0.1124 
Age 9                          0.0085     0.0336     0.0142     0.0249     0.0203     0.0235     0.0483     0.0426     0.0688     0.0339     0.0356     0.0364     0.0364     0.0368 
Age 10                          0.0043     0.0027     0.0106     0.0045     0.0079     0.0068     0.0078     0.0161     0.0143     0.0230     0.0113     0.0119     0.0122     0.0123 
Age 11                          0.0014     0.0014     0.0009     0.0034     0.0014     0.0027     0.0023     0.0027     0.0055     0.0049     0.0079     0.0039     0.0041     0.0042 
Age 12                          0.0001     0.0005     0.0005     0.0003     0.0011     0.0005     0.0009     0.0008     0.0009     0.0019     0.0017     0.0028     0.0014     0.0014 
Age 13                          0.0000     0.0000     0.0002     0.0002     0.0001     0.0004     0.0002     0.0003     0.0003     0.0003     0.0007     0.0006     0.0010     0.0005 
Age 14                          0.0000     0.0000     0.0000     0.0001     0.0001     0.0000     0.0001     0.0001     0.0001     0.0001     0.0001     0.0002     0.0002     0.0004 
Age 15                          0.0000     0.0000     0.0000     0.0000     0.0000     0.0000     0.0000     0.0001     0.0000     0.0001     0.0001     0.0001     0.0001     0.0001 
