AGEPRO VERSION 4.2

Fmsy_template

Date & Time of Run: 26 Mar 2024  11:47

Input File Name:    fmsy_template.inp

First Age Class:                         1
Number of Age Classes:                  15
Number of Years in Projection:          14
Number of Fleets:                        9
Number of Recruitment Models:            3
Number of Bootstraps:                  100
Number of Simulations:                 100

Bootstrap File Name:            C:\Users\jon.brodziak\Desktop\2024 WCNPO MLS Rebuilding\Bootstrap-numbers-at-age\2023_WCNPOMLS.bsn

Input Harvest Scenario

Year  Type        Fleet-1    Fleet-2    Fleet-3    Fleet-4    Fleet-5    Fleet-6    Fleet-7    Fleet-8    Fleet-9    

2021  F-Mult       0.1651     0.0453     0.2588     0.0166     0.0610     0.0487     0.0642     0.0722     0.3475 
2022  F-Mult       0.1651     0.0453     0.2588     0.0166     0.0610     0.0487     0.0642     0.0722     0.3475 
2023  F-Mult       0.1651     0.0453     0.2588     0.0166     0.0610     0.0487     0.0642     0.0722     0.3475 
2024  F-Mult       0.1651     0.0453     0.2588     0.0166     0.0610     0.0487     0.0642     0.0722     0.3475 
2025  F-Mult       0.1529     0.0419     0.2398     0.0154     0.0565     0.0452     0.0595     0.0669     0.3220 
2026  F-Mult       0.1529     0.0419     0.2398     0.0154     0.0565     0.0452     0.0595     0.0669     0.3220 
2027  F-Mult       0.1529     0.0419     0.2398     0.0154     0.0565     0.0452     0.0595     0.0669     0.3220 
2028  F-Mult       0.1529     0.0419     0.2398     0.0154     0.0565     0.0452     0.0595     0.0669     0.3220 
2029  F-Mult       0.1529     0.0419     0.2398     0.0154     0.0565     0.0452     0.0595     0.0669     0.3220 
2030  F-Mult       0.1529     0.0419     0.2398     0.0154     0.0565     0.0452     0.0595     0.0669     0.3220 
2031  F-Mult       0.1529     0.0419     0.2398     0.0154     0.0565     0.0452     0.0595     0.0669     0.3220 
2032  F-Mult       0.1529     0.0419     0.2398     0.0154     0.0565     0.0452     0.0595     0.0669     0.3220 
2033  F-Mult       0.1529     0.0419     0.2398     0.0154     0.0565     0.0452     0.0595     0.0669     0.3220 
2034  F-Mult       0.1529     0.0419     0.2398     0.0154     0.0565     0.0452     0.0595     0.0669     0.3220 

Recruitment Selection Distribution

Year  Selection-1 Selection-2 Selection-3 

2021      0.1196     0.8427     0.0377 
2022      0.1223     0.8361     0.0416 
2023      0.1204     0.8413     0.0383 
2024      0.1176     0.8439     0.0385 
2025      0.1280     0.8324     0.0396 
2026      0.1204     0.8405     0.0391 
2027      0.1193     0.8415     0.0392 
2028      0.1213     0.8386     0.0401 
2029      0.1182     0.8422     0.0396 
2030      0.1195     0.8388     0.0417 
2031      0.1184     0.8411     0.0405 
2032      0.1193     0.8425     0.0382 
2033      0.1246     0.8404     0.0350 
2034      0.1244     0.8386     0.0370 

Recruits        1000  Fish

Year Class   Average        StdDev
2021        173.5848       80.1430
2022        173.2190       80.8836
2023        174.3819       81.7168
2024        174.3322       82.3462
2025        174.5451       81.3375
2026        173.2171       80.5875
2027        172.9900       80.5587
2028        171.5681       77.9017
2029        173.6509       84.3538
2030        171.8823       79.3845
2031        173.1879       79.0328
2032        173.7008       84.5199
2033        171.4387       78.9931
2034        172.7814       78.8578

Recruits Distribution

Year Class 1%         5%         10%        25%        50%        75%        90%        95%        99%    
2021    68.6328    71.3913    79.5643   104.2335   168.5415   237.4336   279.0277   304.8705   324.6222
2022    68.5863    70.4803    79.0629   105.1303   168.4465   236.1918   277.9230   305.7083   325.6647
2023    68.5887    70.2381    79.0374   105.8250   168.7273   237.0558   281.4211   307.0208   325.1151
2024    68.6801    70.5528    78.9650   105.0666   168.6504   237.6396   279.9178   306.0136   325.6349
2025    68.6372    71.0652    79.7558   105.9838   168.6902   237.1403   279.0943   307.4055   325.1803
2026    68.6276    70.0740    78.4584   104.3905   168.5727   237.2517   278.3000   304.7997   324.3853
2027    68.6327    70.7562    79.0880   104.2318   168.5288   236.0866   278.0407   306.1493   325.1158
2028    68.6403    70.5546    78.9773   103.9655   168.2466   234.1549   277.1664   304.6664   324.2872
2029    68.6119    70.5337    78.9796   104.4461   168.4843   236.7012   280.7813   305.8033   325.4786
2030    68.6216    70.5872    78.9012   104.3088   168.2772   234.8804   278.6320   306.4074   325.1723
2031    68.5773    70.4603    78.6698   104.9301   168.5487   236.4363   277.6223   304.5756   324.6215
2032    68.6211    70.5774    78.9362   104.0125   168.3826   236.8754   279.2714   306.3653   325.6733
2033    68.6240    70.5225    78.6661   103.2380   168.2737   234.8741   277.5220   304.8484   324.1292
2034    68.6272    70.8154    78.9478   105.8046   168.3496   235.7009   276.7001   304.0438   324.4614

Spawning Stock Biomass  x       1000 MT

Year       Average        StdDev
2021        2.2969        0.4565
2022        2.6099        0.4285
2023        2.9424        0.6128
2024        2.5906        0.6327
2025        2.4636        0.6534
2026        2.4764        0.6758
2027        2.4934        0.6900
2028        2.4982        0.6928
2029        2.4920        0.6861
2030        2.4828        0.6801
2031        2.4775        0.6752
2032        2.4813        0.6988
2033        2.4773        0.6774
2034        2.4847        0.6836

Spawning Stock Biomass Distribution

Year        1%         5%         10%        25%        50%        75%        90%        95%        99%   
2021     1.4699     1.7278     1.8324     2.0041     2.2282     2.5135     2.8073     3.0285     4.1831 
2022     1.7558     1.9637     2.0860     2.3130     2.5758     2.8543     3.2046     3.4043     3.7453 
2023     1.8300     2.0768     2.2117     2.4933     2.8721     3.3071     3.7769     4.0784     4.5790 
2024     1.4536     1.6840     1.8315     2.1300     2.5295     2.9912     3.4110     3.6814     4.2190 
2025     1.3098     1.5432     1.6848     1.9891     2.3991     2.8587     3.3090     3.5849     4.2450 
2026     1.2633     1.5158     1.6759     1.9904     2.4051     2.8920     3.3501     3.6283     4.2157 
2027     1.2833     1.5149     1.6712     1.9993     2.4267     2.9195     3.3638     3.6561     4.3659 
2028     1.2660     1.5150     1.6693     1.9965     2.4359     2.9240     3.3785     3.6721     4.2672 
2029     1.2641     1.4973     1.6688     1.9982     2.4220     2.9376     3.3839     3.6494     4.2953 
2030     1.2640     1.5083     1.6665     1.9856     2.4086     2.9148     3.3789     3.6635     4.1739 
2031     1.2636     1.5042     1.6602     1.9821     2.4216     2.8928     3.3583     3.6502     4.2372 
2032     1.2667     1.5088     1.6645     1.9793     2.4081     2.9065     3.3627     3.6649     4.2592 
2033     1.2565     1.5081     1.6719     1.9822     2.4139     2.9011     3.3623     3.6412     4.2552 
2034     1.2701     1.5002     1.6684     1.9877     2.4217     2.9069     3.3591     3.6385     4.2965 

JAN-1 Stock Biomass  x       1000 MT

Year       Average        StdDev
2021        9.3038        1.5887
2022        9.4773        1.7912
2023        8.9808        1.8834
2024        8.4179        1.9223
2025        8.1342        1.9419
2026        8.1679        1.9773
2027        8.1736        1.9854
2028        8.1688        1.9810
2029        8.1364        1.9487
2030        8.1333        1.9868
2031        8.1241        1.9931
2032        8.1281        1.9590
2033        8.1424        1.9911
2034        8.1289        1.9924

JAN-1 Stock Biomass Distribution

Year       1%         5%         10%        25%        50%        75%        90%        95%        99%    
2021     6.3438     6.9649     7.3827     8.1747     9.1816    10.1475    11.5938    12.2839    13.6217 
2022     6.0881     6.8021     7.2429     8.1851     9.3235    10.5866    11.8911    12.6456    14.1979 
2023     5.4076     6.1562     6.6697     7.6310     8.8438    10.1719    11.3990    12.1608    13.9845 
2024     4.7680     5.5801     6.0891     7.0491     8.2857     9.6112    10.8446    11.6389    13.5090 
2025     4.4243     5.2466     5.7693     6.7881     7.9959     9.3170    10.5981    11.3851    13.2112 
2026     4.3987     5.2371     5.7898     6.7795     8.0134     9.3982    10.6271    11.4202    13.4920 
2027     4.3907     5.2325     5.7494     6.7899     8.0370     9.3879    10.6915    11.4985    13.6256 
2028     4.4091     5.1883     5.7400     6.7602     8.0326     9.3974    10.6839    11.4830    13.3681 
2029     4.3734     5.2129     5.7035     6.7496     8.0068     9.3731    10.6495    11.4523    13.1275 
2030     4.3560     5.2056     5.7328     6.7269     7.9842     9.3738    10.6559    11.4478    13.4497 
2031     4.3467     5.2072     5.7042     6.7187     8.0029     9.3266    10.6252    11.5125    13.4515 
2032     4.3773     5.2218     5.7454     6.7464     7.9808     9.3466    10.6227    11.4642    13.1551 
2033     4.4499     5.2089     5.7284     6.7457     7.9979     9.3576    10.6648    11.4478    13.3618 
2034     4.4156     5.1918     5.7207     6.7356     7.9806     9.3283    10.6269    11.4618    13.3279 

Mean Biomass  x       1000 MT

Year       Average        StdDev
2021        8.4033        1.5250
2022        8.1979        1.7060
2023        7.6139        1.7566
2024        7.1885        1.7916
2025        7.0834        1.8202
2026        7.1121        1.8356
2027        7.1150        1.8295
2028        7.1022        1.8352
2029        7.0713        1.7981
2030        7.0767        1.8473
2031        7.0668        1.8434
2032        7.0725        1.7997
2033        7.0911        1.8734
2034        7.0689        1.8444

Mean Biomass Distribution

Year       1%         5%         10%        25%        50%        75%        90%        95%        99%    
2021     5.6126     6.1901     6.5679     7.2736     8.2750     9.2618    10.5321    11.2658    12.5781 
2022     5.0836     5.6869     6.0825     6.9568     8.0685     9.2718    10.4373    11.1519    12.5973 
2023     4.3135     5.0055     5.4670     6.3698     7.4826     8.6957     9.8470    10.5715    12.2030 
2024     3.9041     4.5789     5.0103     5.9117     7.0450     8.2834     9.4436    10.1834    11.9889 
2025     3.7067     4.4130     4.8808     5.8197     6.9565     8.1983     9.3616    10.0991    11.9100 
2026     3.7070     4.4364     4.8925     5.8103     6.9708     8.2457     9.4203    10.1860    12.0700 
2027     3.6717     4.4125     4.8746     5.8299     6.9678     8.2552     9.4283    10.1999    11.9192 
2028     3.7036     4.3895     4.8784     5.7655     6.9625     8.2460     9.4250    10.1806    11.8554 
2029     3.7253     4.3940     4.8779     5.7616     6.9456     8.1923     9.4393    10.1597    11.6105 
2030     3.6520     4.3851     4.8587     5.7651     6.9484     8.1732     9.3952    10.1664    11.8110 
2031     3.6910     4.3767     4.8363     5.7501     6.9335     8.1998     9.3941    10.1358    11.7315 
2032     3.6738     4.4499     4.8640     5.7819     6.9329     8.2088     9.4132    10.1599    11.8000 
2033     3.7322     4.4010     4.8540     5.7690     6.9459     8.2058     9.4158    10.2073    11.9448 
2034     3.7094     4.4031     4.8523     5.7446     6.9408     8.1855     9.3851    10.1080    11.9468 

Combined Catch Biomass  x       1000 MT

Year       Average        StdDev
2021        2.9756        0.4774
2022        3.4216        0.5690
2023        3.3773        0.6631
2024        3.0844        0.6859
2025        2.7561        0.6548
2026        2.7664        0.6704
2027        2.7784        0.6807
2028        2.7785        0.6821
2029        2.7715        0.6822
2030        2.7626        0.6709
2031        2.7626        0.6858
2032        2.7606        0.6829
2033        2.7629        0.6719
2034        2.7663        0.6898

Combined Catch Distribution

Year       1%         5%         10%        25%        50%        75%        90%        95%        99%    
2021     1.9701     2.3523     2.4590     2.6633     2.9158     3.2362     3.5477     3.7996     4.7035 
2022     2.3573     2.5783     2.7231     2.9996     3.3832     3.7540     4.2116     4.4976     4.8859 
2023     2.1380     2.3792     2.5574     2.8926     3.3283     3.7961     4.2433     4.5307     5.0844 
2024     1.8040     2.0592     2.2470     2.5938     3.0425     3.5047     3.9490     4.2418     4.9143 
2025     1.5339     1.8039     1.9604     2.2921     2.7100     3.1523     3.5850     3.8686     4.5077 
2026     1.5171     1.7748     1.9506     2.2910     2.7229     3.1760     3.6193     3.8893     4.5205 
2027     1.5016     1.7858     1.9547     2.3012     2.7238     3.1950     3.6323     3.9183     4.5980 
2028     1.4982     1.7659     1.9460     2.2956     2.7306     3.2043     3.6332     3.9081     4.5942 
2029     1.5034     1.7661     1.9391     2.2829     2.7253     3.1972     3.6261     3.9039     4.5240 
2030     1.5020     1.7645     1.9411     2.2794     2.7130     3.1889     3.6254     3.8963     4.4753 
2031     1.4871     1.7625     1.9352     2.2780     2.7207     3.1752     3.6273     3.9167     4.5754 
2032     1.5182     1.7587     1.9370     2.2797     2.7171     3.1814     3.6183     3.9070     4.4749 
2033     1.5179     1.7669     1.9410     2.2777     2.7159     3.1826     3.6323     3.9070     4.4879 
2034     1.5048     1.7599     1.9368     2.2843     2.7179     3.1816     3.6163     3.8962     4.5833 

Landings  x       1000 MT

Year       Average        StdDev
2021        2.9756        0.4774
2022        3.4216        0.5690
2023        3.3773        0.6631
2024        3.0844        0.6859
2025        2.7561        0.6548
2026        2.7664        0.6704
2027        2.7784        0.6807
2028        2.7785        0.6821
2029        2.7715        0.6822
2030        2.7626        0.6709
2031        2.7626        0.6858
2032        2.7606        0.6829
2033        2.7629        0.6719
2034        2.7663        0.6898

Landings Distribution

Year       1%         5%         10%        25%        50%        75%        90%        95%        99%    
2021     1.9701     2.3523     2.4590     2.6633     2.9158     3.2362     3.5477     3.7996     4.7035 
2022     2.3573     2.5783     2.7231     2.9996     3.3832     3.7540     4.2116     4.4976     4.8859 
2023     2.1380     2.3792     2.5574     2.8926     3.3283     3.7961     4.2433     4.5307     5.0844 
2024     1.8040     2.0592     2.2470     2.5938     3.0425     3.5047     3.9490     4.2418     4.9143 
2025     1.5339     1.8039     1.9604     2.2921     2.7100     3.1523     3.5850     3.8686     4.5077 
2026     1.5171     1.7748     1.9506     2.2910     2.7229     3.1760     3.6193     3.8893     4.5205 
2027     1.5016     1.7858     1.9547     2.3012     2.7238     3.1950     3.6323     3.9183     4.5980 
2028     1.4982     1.7659     1.9460     2.2956     2.7306     3.2043     3.6332     3.9081     4.5942 
2029     1.5034     1.7661     1.9391     2.2829     2.7253     3.1972     3.6261     3.9039     4.5240 
2030     1.5020     1.7645     1.9411     2.2794     2.7130     3.1889     3.6254     3.8963     4.4753 
2031     1.4871     1.7625     1.9352     2.2780     2.7207     3.1752     3.6273     3.9167     4.5754 
2032     1.5182     1.7587     1.9370     2.2797     2.7171     3.1814     3.6183     3.9070     4.4749 
2033     1.5179     1.7669     1.9410     2.2777     2.7159     3.1826     3.6323     3.9070     4.4879 
2034     1.5048     1.7599     1.9368     2.2843     2.7179     3.1816     3.6163     3.8962     4.5833 

Total Fishing Mortality

Year       Average        StdDev
2021        1.0794        0.0000
2022        1.0794        0.0000
2023        1.0794        0.0000
2024        1.0794        0.0000
2025        1.0000        0.0000
2026        1.0000        0.0000
2027        1.0000        0.0000
2028        1.0000        0.0000
2029        1.0000        0.0000
2030        1.0000        0.0000
2031        1.0000        0.0000
2032        1.0000        0.0000
2033        1.0000        0.0000
2034        1.0000        0.0000

Total Fishing Mortality Distribution

Year       1%         5%         10%        25%        50%        75%        90%        95%        99%    
2021     1.0794     1.0794     1.0794     1.0794     1.0794     1.0794     1.0794     1.0794     1.0794 
2022     1.0794     1.0794     1.0794     1.0794     1.0794     1.0794     1.0794     1.0794     1.0794 
2023     1.0794     1.0794     1.0794     1.0794     1.0794     1.0794     1.0794     1.0794     1.0794 
2024     1.0794     1.0794     1.0794     1.0794     1.0794     1.0794     1.0794     1.0794     1.0794 
2025     1.0000     1.0000     1.0000     1.0000     1.0000     1.0000     1.0000     1.0000     1.0000 
2026     1.0000     1.0000     1.0000     1.0000     1.0000     1.0000     1.0000     1.0000     1.0000 
2027     1.0000     1.0000     1.0000     1.0000     1.0000     1.0000     1.0000     1.0000     1.0000 
2028     1.0000     1.0000     1.0000     1.0000     1.0000     1.0000     1.0000     1.0000     1.0000 
2029     1.0000     1.0000     1.0000     1.0000     1.0000     1.0000     1.0000     1.0000     1.0000 
2030     1.0000     1.0000     1.0000     1.0000     1.0000     1.0000     1.0000     1.0000     1.0000 
2031     1.0000     1.0000     1.0000     1.0000     1.0000     1.0000     1.0000     1.0000     1.0000 
2032     1.0000     1.0000     1.0000     1.0000     1.0000     1.0000     1.0000     1.0000     1.0000 
2033     1.0000     1.0000     1.0000     1.0000     1.0000     1.0000     1.0000     1.0000     1.0000 
2034     1.0000     1.0000     1.0000     1.0000     1.0000     1.0000     1.0000     1.0000     1.0000 

JAN-1 Stock Numbers at Age  -       1000  Fish

2021

Age        1%         5%         10%        25%        50%        75%        90%        95%        99%    
1      140.2370   175.0900   184.8320   216.7130   261.1480   317.3690   385.6290   409.5080   464.9250
2       58.9389    77.9477    80.8620    85.4451   100.4175   112.5240   125.3470   138.4980   148.4390
3       34.1986    41.3466    43.5177    47.9381    54.8765    60.4455    67.3245    74.4817    84.8335
4        4.4701     6.3288     7.3712     8.3369     9.5330    10.8358    12.5169    14.0136    20.6054
5        1.2938     1.6031     1.7337     2.2441     2.6907     3.2695     4.2092     4.8898     7.4995
6        0.2917     0.4842     0.6024     0.6936     0.9665     1.2287     1.8234     2.1765     5.0518
7        0.0278     0.0584     0.0739     0.1025     0.1591     0.2261     0.3164     0.3996     1.3049
8        0.0082     0.0292     0.0370     0.0584     0.1092     0.1670     0.2575     0.4456     2.1858
9        0.0003     0.0014     0.0021     0.0035     0.0085     0.0144     0.0223     0.0334     0.2402
10        0.0001     0.0005     0.0007     0.0015     0.0043     0.0069     0.0143     0.0242     0.2609
11        0.0000     0.0001     0.0002     0.0004     0.0014     0.0028     0.0051     0.0082     0.1988
12        0.0000     0.0000     0.0000     0.0000     0.0001     0.0003     0.0005     0.0008     0.0280
13        0.0000     0.0000     0.0000     0.0000     0.0000     0.0002     0.0003     0.0005     0.0316
14        0.0000     0.0000     0.0000     0.0000     0.0000     0.0000     0.0001     0.0001     0.0183
15+       0.0000     0.0000     0.0000     0.0000     0.0000     0.0000     0.0000     0.0000     0.0127

2022

Age        1%         5%         10%        25%        50%        75%        90%        95%        99%    
1       68.6328    71.3913    79.5643   104.2335   168.5415   237.4336   279.0277   304.8705   324.6222
2       85.9941   100.4354   107.1676   123.7656   150.7915   183.7717   222.6097   243.2501   276.0458
3       26.7593    34.3542    36.1934    39.1505    44.7984    51.0482    58.0506    62.8911    71.0894
4       11.9452    13.9777    14.9656    16.5280    18.5486    20.8436    23.6580    26.0417    31.4999
5        1.4250     1.9534     2.1936     2.5175     2.9084     3.3279     3.9001     4.2842     6.5264
6        0.3776     0.4632     0.5103     0.6475     0.7741     0.9516     1.2416     1.4549     2.4137
7        0.0955     0.1459     0.1719     0.2057     0.2737     0.3652     0.5312     0.6258     1.6129
8        0.0094     0.0177     0.0218     0.0304     0.0465     0.0673     0.0972     0.1256     0.4334
9        0.0029     0.0092     0.0114     0.0183     0.0335     0.0514     0.0814     0.1379     0.8002
10        0.0001     0.0004     0.0007     0.0011     0.0027     0.0045     0.0074     0.0110     0.0884
11        0.0000     0.0002     0.0002     0.0005     0.0014     0.0023     0.0049     0.0080     0.0956
12        0.0000     0.0000     0.0001     0.0001     0.0005     0.0009     0.0017     0.0028     0.0729
13        0.0000     0.0000     0.0000     0.0000     0.0000     0.0001     0.0002     0.0003     0.0105
14        0.0000     0.0000     0.0000     0.0000     0.0000     0.0001     0.0001     0.0002     0.0118
15+       0.0000     0.0000     0.0000     0.0000     0.0000     0.0000     0.0000     0.0001     0.0121

2023

Age        1%         5%         10%        25%        50%        75%        90%        95%        99%    
1       68.5863    70.4803    79.0629   105.1303   168.4465   236.1918   277.9230   305.7083   325.6647
2       38.2180    41.6352    45.6497    59.7659    96.6026   137.1187   162.2830   175.4561   194.6648
3       38.6652    45.0596    48.1035    55.8623    68.0578    83.2788   100.5996   110.3258   126.6153
4        9.0986    11.5124    12.2562    13.4330    15.3659    17.5783    20.1142    21.6573    24.9917
5        3.6000     4.1799     4.4925     5.0008     5.6150     6.3445     7.2232     7.9490     9.5506
6        0.4175     0.5606     0.6298     0.7261     0.8419     0.9660     1.1306     1.2548     1.8678
7        0.1088     0.1325     0.1483     0.1860     0.2234     0.2765     0.3633     0.4181     0.7383
8        0.0299     0.0435     0.0503     0.0610     0.0809     0.1094     0.1583     0.1858     0.4915
9        0.0029     0.0055     0.0067     0.0093     0.0142     0.0208     0.0296     0.0391     0.1462
10        0.0009     0.0029     0.0036     0.0058     0.0106     0.0163     0.0258     0.0432     0.2428
11        0.0000     0.0001     0.0002     0.0004     0.0009     0.0015     0.0024     0.0036     0.0289
12        0.0000     0.0001     0.0001     0.0002     0.0005     0.0007     0.0016     0.0026     0.0340
13        0.0000     0.0000     0.0000     0.0000     0.0002     0.0003     0.0006     0.0009     0.0268
14        0.0000     0.0000     0.0000     0.0000     0.0000     0.0000     0.0001     0.0001     0.0038
15+       0.0000     0.0000     0.0000     0.0000     0.0000     0.0000     0.0000     0.0001     0.0084

2024

Age        1%         5%         10%        25%        50%        75%        90%        95%        99%    
1       68.5887    70.2381    79.0374   105.8250   168.7273   237.0558   281.4211   307.0208   325.1151
2       37.8362    41.2524    45.2312    60.3278    96.3576   135.5677   162.6228   176.4996   199.3066
3       16.9750    18.7460    20.6532    26.9199    43.3230    61.5644    73.5560    79.4821    90.0827
4       13.2056    15.2520    16.4749    19.0866    23.3756    28.6601    34.6832    38.1525    44.0731
5        2.7528     3.4449     3.6816     4.0716     4.6558     5.3465     6.1158     6.6102     7.5963
6        1.0319     1.1900     1.2864     1.4415     1.6272     1.8437     2.0944     2.3077     2.7609
7        0.1208     0.1609     0.1802     0.2090     0.2435     0.2817     0.3289     0.3651     0.5442
8        0.0318     0.0391     0.0439     0.0549     0.0664     0.0826     0.1080     0.1253     0.2165
9        0.0091     0.0132     0.0153     0.0187     0.0249     0.0337     0.0489     0.0572     0.1517
10        0.0010     0.0017     0.0021     0.0029     0.0045     0.0066     0.0094     0.0125     0.0461
11        0.0003     0.0009     0.0012     0.0019     0.0034     0.0053     0.0084     0.0138     0.0861
12        0.0000     0.0000     0.0001     0.0001     0.0003     0.0005     0.0008     0.0012     0.0096
13        0.0000     0.0000     0.0000     0.0001     0.0002     0.0003     0.0005     0.0009     0.0112
14        0.0000     0.0000     0.0000     0.0000     0.0001     0.0001     0.0002     0.0003     0.0089
15+       0.0000     0.0000     0.0000     0.0000     0.0000     0.0000     0.0000     0.0001     0.0043

2025

Age        1%         5%         10%        25%        50%        75%        90%        95%        99%    
1       68.6801    70.5528    78.9650   105.0666   168.6504   237.6396   279.9178   306.0136   325.6349
2       38.1544    41.2315    45.2946    60.3445    97.0648   136.6773   163.1702   176.4117   197.5250
3       16.7211    18.6045    20.4135    27.1681    43.2231    60.6910    73.6395    79.9410    92.8740
4        5.6894     6.4040     7.0789     9.2472    14.7646    21.0682    25.4641    27.4894    31.8348
5        3.9582     4.5613     4.9755     5.7872     7.0833     8.7172    10.5292    11.6353    13.3409
6        0.7871     0.9771     1.0567     1.1758     1.3451     1.5528     1.7782     1.9275     2.2382
7        0.2932     0.3420     0.3690     0.4137     0.4709     0.5381     0.6100     0.6745     0.8017
8        0.0361     0.0475     0.0531     0.0619     0.0721     0.0841     0.0983     0.1097     0.1600
9        0.0097     0.0119     0.0134     0.0167     0.0203     0.0254     0.0333     0.0388     0.0671
10        0.0028     0.0042     0.0048     0.0059     0.0079     0.0107     0.0154     0.0181     0.0474
11        0.0003     0.0006     0.0007     0.0009     0.0015     0.0021     0.0031     0.0040     0.0161
12        0.0001     0.0003     0.0004     0.0006     0.0011     0.0018     0.0028     0.0045     0.0278
13        0.0000     0.0000     0.0000     0.0000     0.0001     0.0002     0.0003     0.0004     0.0032
14        0.0000     0.0000     0.0000     0.0000     0.0001     0.0001     0.0002     0.0003     0.0038
15+       0.0000     0.0000     0.0000     0.0000     0.0000     0.0000     0.0001     0.0001     0.0051

2026

Age        1%         5%         10%        25%        50%        75%        90%        95%        99%    
1       68.6372    71.0652    79.7558   105.9838   168.6902   237.1403   279.0943   307.4055   325.1803
2       38.4216    41.3748    45.5859    60.5275    97.7818   137.9675   163.5616   177.0810   199.0680
3       17.3733    19.1524    21.0420    27.9121    44.6652    63.1550    76.0164    82.0119    94.1637
4        5.9111     6.6888     7.3446     9.7833    15.4819    21.7875    26.7106    29.1136    34.1663
5        1.8095     2.0573     2.2632     2.9716     4.7499     6.7687     8.1945     8.9108    10.3175
6        1.1996     1.4013     1.5223     1.7843     2.1850     2.6932     3.2640     3.5908     4.1640
7        0.2431     0.2966     0.3217     0.3609     0.4148     0.4812     0.5529     0.6000     0.6960
8        0.0912     0.1069     0.1150     0.1300     0.1486     0.1705     0.1944     0.2154     0.2554
9        0.0116     0.0153     0.0171     0.0200     0.0234     0.0275     0.0322     0.0361     0.0524
10        0.0032     0.0039     0.0045     0.0056     0.0068     0.0086     0.0111     0.0130     0.0225
11        0.0010     0.0014     0.0016     0.0020     0.0027     0.0037     0.0053     0.0063     0.0162
12        0.0001     0.0002     0.0002     0.0003     0.0005     0.0007     0.0011     0.0014     0.0054
13        0.0000     0.0001     0.0001     0.0002     0.0004     0.0006     0.0010     0.0016     0.0100
14        0.0000     0.0000     0.0000     0.0000     0.0000     0.0001     0.0001     0.0001     0.0011
15+       0.0000     0.0000     0.0000     0.0000     0.0000     0.0000     0.0001     0.0002     0.0032

2027

Age        1%         5%         10%        25%        50%        75%        90%        95%        99%    
1       68.6276    70.0740    78.4584   104.3905   168.5727   237.2517   278.3000   304.7997   324.3853
2       38.3576    41.8784    46.0898    60.9428    97.2805   137.8376   163.7060   177.0581   199.4572
3       17.3929    19.2743    21.1141    27.9219    45.0615    63.5840    76.3522    82.9385    95.3420
4        6.0979     6.8756     7.5623    10.0395    16.0046    22.6752    27.5367    29.7877    34.5435
5        1.8726     2.1333     2.3613     3.1437     4.9700     6.9940     8.6260     9.4042    11.1040
6        0.5475     0.6294     0.6970     0.9155     1.4593     2.0737     2.5366     2.7630     3.2354
7        0.3669     0.4279     0.4662     0.5481     0.6741     0.8332     1.0049     1.1147     1.3013
8        0.0754     0.0923     0.1003     0.1137     0.1310     0.1525     0.1755     0.1916     0.2220
9        0.0292     0.0342     0.0370     0.0420     0.0483     0.0557     0.0640     0.0704     0.0851
10        0.0039     0.0051     0.0057     0.0067     0.0078     0.0092     0.0108     0.0123     0.0176
11        0.0011     0.0013     0.0015     0.0019     0.0023     0.0030     0.0038     0.0045     0.0076
12        0.0003     0.0005     0.0006     0.0007     0.0009     0.0013     0.0018     0.0022     0.0057
13        0.0000     0.0001     0.0001     0.0001     0.0002     0.0003     0.0004     0.0005     0.0020
14        0.0000     0.0000     0.0000     0.0001     0.0001     0.0002     0.0004     0.0006     0.0035
15+       0.0000     0.0000     0.0000     0.0000     0.0000     0.0000     0.0001     0.0001     0.0016

2028

Age        1%         5%         10%        25%        50%        75%        90%        95%        99%    
1       68.6327    70.7562    79.0880   104.2318   168.5288   236.0866   278.0407   306.1493   325.1158
2       38.2647    41.3072    45.1676    60.1830    97.2825   137.7640   162.9945   177.3182   196.7185
3       17.3850    19.4172    21.3432    28.0744    44.8879    63.6036    76.2605    82.8572    94.6021
4        6.1453     6.9050     7.5961    10.0832    16.1707    22.7972    27.5387    29.9809    35.0862
5        1.9340     2.1964     2.4403     3.2281     5.1388     7.2871     8.8628     9.6315    11.3329
6        0.5727     0.6578     0.7261     0.9684     1.5263     2.1524     2.6700     2.9148     3.4882
7        0.1674     0.1942     0.2148     0.2821     0.4487     0.6364     0.7863     0.8616     1.0108
8        0.1148     0.1343     0.1464     0.1720     0.2130     0.2626     0.3181     0.3528     0.4220
9        0.0244     0.0294     0.0321     0.0367     0.0426     0.0499     0.0575     0.0627     0.0738
10        0.0097     0.0113     0.0122     0.0140     0.0161     0.0187     0.0216     0.0237     0.0288
11        0.0013     0.0017     0.0019     0.0023     0.0027     0.0032     0.0037     0.0042     0.0061
12        0.0004     0.0005     0.0005     0.0007     0.0008     0.0010     0.0013     0.0016     0.0027
13        0.0001     0.0002     0.0002     0.0002     0.0003     0.0005     0.0007     0.0008     0.0020
14        0.0000     0.0000     0.0000     0.0000     0.0001     0.0001     0.0001     0.0002     0.0007
15+       0.0000     0.0000     0.0000     0.0000     0.0001     0.0001     0.0002     0.0002     0.0019

2029

Age        1%         5%         10%        25%        50%        75%        90%        95%        99%    
1       68.6403    70.5546    78.9773   103.9655   168.2466   234.1549   277.1664   304.6664   324.2872
2       38.1833    41.5183    45.4982    60.0382    97.0844   136.5773   163.2885   177.1246   196.2446
3       17.3346    19.1506    20.8766    27.8285    44.8518    63.3418    76.2635    82.3825    94.0745
4        6.1819     6.9901     7.6577    10.1215    16.1246    22.8199    27.5813    30.1724    34.9900
5        1.9384     2.2119     2.4393     3.2325     5.1901     7.3063     8.9346     9.7355    11.6555
6        0.5882     0.6763     0.7489     0.9948     1.5813     2.2360     2.7442     2.9769     3.5970
7        0.1758     0.2020     0.2248     0.2974     0.4691     0.6590     0.8267     0.9073     1.0954
8        0.0522     0.0605     0.0677     0.0890     0.1415     0.2008     0.2485     0.2733     0.3238
9        0.0369     0.0430     0.0473     0.0558     0.0691     0.0857     0.1042     0.1158     0.1391
10        0.0081     0.0097     0.0106     0.0122     0.0143     0.0168     0.0193     0.0213     0.0250
11        0.0033     0.0038     0.0042     0.0048     0.0055     0.0064     0.0075     0.0082     0.0100
12        0.0005     0.0006     0.0007     0.0008     0.0009     0.0011     0.0013     0.0015     0.0021
13        0.0001     0.0002     0.0002     0.0002     0.0003     0.0004     0.0005     0.0006     0.0009
14        0.0000     0.0001     0.0001     0.0001     0.0001     0.0002     0.0002     0.0003     0.0007
15+       0.0000     0.0000     0.0000     0.0000     0.0000     0.0001     0.0001     0.0002     0.0009

2030

Age        1%         5%         10%        25%        50%        75%        90%        95%        99%    
1       68.6119    70.5337    78.9796   104.4461   168.4843   236.7012   280.7813   305.8033   325.4786
2       38.4070    41.5942    45.5309    59.8712    96.5296   134.7317   162.1836   176.6416   196.1799
3       17.3236    19.2414    21.0902    27.8584    44.6459    63.0207    76.1184    82.5852    93.2543
4        6.1308     6.8474     7.5690     9.9989    16.0478    22.8080    27.5742    29.9328    34.6504
5        1.9754     2.2376     2.4742     3.2642     5.1903     7.2779     8.9382     9.6818    11.4325
6        0.5937     0.6782     0.7516     0.9962     1.5982     2.2435     2.7699     3.0255     3.6325
7        0.1788     0.2075     0.2316     0.3065     0.4862     0.6872     0.8489     0.9249     1.1189
8        0.0545     0.0634     0.0709     0.0940     0.1471     0.2078     0.2621     0.2894     0.3495
9        0.0167     0.0196     0.0220     0.0288     0.0458     0.0649     0.0808     0.0893     0.1077
10        0.0121     0.0143     0.0157     0.0187     0.0231     0.0288     0.0350     0.0389     0.0466
11        0.0027     0.0033     0.0036     0.0042     0.0049     0.0058     0.0067     0.0073     0.0087
12        0.0011     0.0013     0.0014     0.0017     0.0019     0.0023     0.0026     0.0029     0.0035
13        0.0002     0.0002     0.0002     0.0003     0.0003     0.0004     0.0005     0.0005     0.0008
14        0.0000     0.0001     0.0001     0.0001     0.0001     0.0001     0.0002     0.0002     0.0003
15+       0.0000     0.0000     0.0000     0.0000     0.0001     0.0001     0.0001     0.0002     0.0006

2031

Age        1%         5%         10%        25%        50%        75%        90%        95%        99%    
1       68.6216    70.5872    78.9012   104.3088   168.2772   234.8804   278.6320   306.4074   325.1723
2       38.1418    41.5957    45.4779    60.3126    96.8961   136.7788   163.9904   178.1476   199.9173
3       17.4855    19.3030    21.0647    27.7335    44.5150    62.3134    75.6290    82.0588    93.7321
4        6.1000     6.9310     7.6099     9.9391    16.0308    22.7608    27.4682    29.9131    34.4537
5        1.9434     2.1980     2.4287     3.2180     5.1630     7.3099     8.8780     9.6554    11.2586
6        0.5982     0.6856     0.7617     1.0069     1.5962     2.2325     2.7644     3.0080     3.5572
7        0.1802     0.2076     0.2317     0.3076     0.4898     0.6889     0.8540     0.9367     1.1366
8        0.0554     0.0650     0.0728     0.0971     0.1524     0.2164     0.2692     0.2955     0.3580
9        0.0174     0.0204     0.0229     0.0305     0.0477     0.0673     0.0853     0.0947     0.1134
10        0.0054     0.0065     0.0073     0.0096     0.0153     0.0217     0.0272     0.0300     0.0366
11        0.0041     0.0049     0.0053     0.0064     0.0079     0.0099     0.0120     0.0134     0.0160
12        0.0009     0.0011     0.0013     0.0015     0.0017     0.0020     0.0023     0.0026     0.0031
13        0.0004     0.0005     0.0005     0.0006     0.0007     0.0008     0.0009     0.0010     0.0013
14        0.0001     0.0001     0.0001     0.0001     0.0001     0.0001     0.0002     0.0002     0.0003
15+       0.0000     0.0000     0.0000     0.0000     0.0001     0.0001     0.0001     0.0001     0.0003

2032

Age        1%         5%         10%        25%        50%        75%        90%        95%        99%    
1       68.5773    70.4603    78.6698   104.9301   168.5487   236.4363   277.6223   304.5756   324.6215
2       38.3013    41.6310    45.3265    59.8542    96.5318   135.8759   162.8574   177.7287   196.7464
3       17.2761    19.2369    21.0435    27.8583    44.7111    63.4717    76.5344    82.9774    95.5566
4        6.1463     6.9406     7.6108     9.9476    15.9837    22.3676    27.3478    29.8725    34.4332
5        1.9411     2.2318     2.4459     3.2154     5.1410     7.2706     8.8355     9.7256    11.1879
6        0.5943     0.6763     0.7478     0.9906     1.5875     2.2499     2.7470     3.0058     3.5474
7        0.1816     0.2108     0.2342     0.3099     0.4907     0.6868     0.8550     0.9360     1.1184
8        0.0565     0.0657     0.0730     0.0970     0.1537     0.2158     0.2709     0.2989     0.3688
9        0.0178     0.0210     0.0235     0.0315     0.0494     0.0702     0.0880     0.0969     0.1186
10        0.0057     0.0068     0.0077     0.0102     0.0159     0.0226     0.0288     0.0320     0.0384
11        0.0018     0.0022     0.0025     0.0033     0.0052     0.0075     0.0094     0.0104     0.0127
12        0.0014     0.0017     0.0019     0.0022     0.0028     0.0035     0.0042     0.0047     0.0057
13        0.0003     0.0004     0.0004     0.0005     0.0006     0.0007     0.0008     0.0009     0.0011
14        0.0001     0.0002     0.0002     0.0002     0.0002     0.0003     0.0003     0.0004     0.0005
15+       0.0000     0.0000     0.0000     0.0001     0.0001     0.0001     0.0001     0.0001     0.0002

2033

Age        1%         5%         10%        25%        50%        75%        90%        95%        99%    
1       68.6211    70.5774    78.9362   104.0125   168.3826   236.8754   279.2714   306.3653   325.6733
2       38.1314    41.4501    45.4833    60.4562    97.4736   136.7092   162.4782   175.6235   197.3188
3       17.2549    19.2663    21.0307    27.6215    44.3891    62.8571    76.0112    82.6405    93.9294
4        6.1164     6.8638     7.6036    10.0083    16.0132    22.7924    27.5927    30.0466    35.4264
5        1.9555     2.2299     2.4479     3.2050     5.1169     7.1455     8.8232     9.6789    11.1978
6        0.5853     0.6805     0.7547     0.9842     1.5798     2.2263     2.7388     3.0076     3.5135
7        0.1796     0.2071     0.2283     0.3059     0.4882     0.6911     0.8512     0.9313     1.1161
8        0.0568     0.0660     0.0740     0.0979     0.1539     0.2167     0.2707     0.2980     0.3580
9        0.0181     0.0211     0.0237     0.0315     0.0497     0.0702     0.0884     0.0981     0.1209
10        0.0059     0.0070     0.0079     0.0105     0.0165     0.0235     0.0297     0.0328     0.0397
11        0.0019     0.0023     0.0026     0.0035     0.0054     0.0077     0.0099     0.0110     0.0134
12        0.0006     0.0008     0.0009     0.0012     0.0018     0.0026     0.0033     0.0037     0.0045
13        0.0005     0.0006     0.0007     0.0008     0.0010     0.0012     0.0015     0.0017     0.0020
14        0.0001     0.0001     0.0002     0.0002     0.0002     0.0003     0.0003     0.0003     0.0004
15+       0.0001     0.0001     0.0001     0.0001     0.0001     0.0001     0.0002     0.0002     0.0002

2034

Age        1%         5%         10%        25%        50%        75%        90%        95%        99%    
1       68.6240    70.5225    78.6661   103.2380   168.2737   234.8741   277.5220   304.8484   324.1292
2       38.3657    41.5522    45.3702    60.0301    96.5551   137.1394   163.7930   177.3250   199.9903
3       17.2424    19.1700    21.1070    27.8913    45.1322    63.0338    75.5810    81.8668    94.5269
4        6.1481     6.9094     7.5633     9.9111    15.9090    22.4978    27.5300    30.1144    34.4690
5        1.9435     2.1926     2.4455     3.2103     5.1356     7.3041     8.9149     9.7404    11.5484
6        0.5972     0.6831     0.7575     0.9839     1.5673     2.1971     2.7298     2.9980     3.5507
7        0.1768     0.2091     0.2325     0.3036     0.4855     0.6871     0.8478     0.9293     1.0984
8        0.0557     0.0648     0.0723     0.0962     0.1530     0.2178     0.2702     0.2971     0.3579
9        0.0181     0.0214     0.0239     0.0317     0.0500     0.0708     0.0882     0.0975     0.1165
10        0.0059     0.0070     0.0079     0.0105     0.0166     0.0234     0.0298     0.0332     0.0411
11        0.0020     0.0024     0.0027     0.0036     0.0056     0.0080     0.0102     0.0113     0.0139
12        0.0007     0.0008     0.0009     0.0012     0.0019     0.0027     0.0035     0.0039     0.0048
13        0.0002     0.0003     0.0003     0.0004     0.0006     0.0009     0.0012     0.0013     0.0016
14        0.0002     0.0002     0.0002     0.0003     0.0004     0.0004     0.0005     0.0006     0.0007
15+       0.0001     0.0001     0.0001     0.0001     0.0001     0.0001     0.0002     0.0002     0.0002

Probability Spawning Stock Biomass Exceeds Threshold      3.660 (1000 MT)

Year    Probability

2021    0.017700
2022    0.015300
2023    0.128200
2024    0.053000
2025    0.039900
2026    0.045200
2027    0.049300
2028    0.052400
2029    0.048100
2030    0.050500
2031    0.048400
2032    0.051000
2033    0.047100
2034    0.046500

Probability Threshold Exceeded at Least Once =     0.3274

Probability Total Fishing Mortality Exceeds Threshold     0.8413 

Year    Probability

2021    1.000000
2022    1.000000
2023    1.000000
2024    1.000000
2025    1.000000
2026    1.000000
2027    1.000000
2028    1.000000
2029    1.000000
2030    1.000000
2031    1.000000
2032    1.000000
2033    1.000000
2034    1.000000

Probability Threshold Exceeded at Least Once =     1.0000


Requested Percentile Report

Percentile =    50.00 %

                                 2021       2022       2023       2024       2025       2026       2027       2028       2029       2030       2031       2032       2033       2034 

Recruits                     168.5415   168.4465   168.7273   168.6504   168.6902   168.5727   168.5288   168.2466   168.4843   168.2772   168.5487   168.3826   168.2737   168.3496 
Spawning Stock Biomass         2.2282     2.5758     2.8721     2.5295     2.3991     2.4051     2.4267     2.4359     2.4220     2.4086     2.4216     2.4081     2.4139     2.4217 
Jan-1 Stock Biomass            9.1816     9.3235     8.8438     8.2857     7.9959     8.0134     8.0370     8.0326     8.0068     7.9842     8.0029     7.9808     7.9979     7.9806 
Mean Biomass                   8.2750     8.0685     7.4826     7.0450     6.9565     6.9708     6.9678     6.9625     6.9456     6.9484     6.9335     6.9329     6.9459     6.9408 
Combined Catch Biomass         2.9158     3.3832     3.3283     3.0425     2.7100     2.7229     2.7238     2.7306     2.7253     2.7130     2.7207     2.7171     2.7159     2.7179 
Landings                       2.9158     3.3832     3.3283     3.0425     2.7100     2.7229     2.7238     2.7306     2.7253     2.7130     2.7207     2.7171     2.7159     2.7179 
FMort                          1.0794     1.0794     1.0794     1.0794     1.0000     1.0000     1.0000     1.0000     1.0000     1.0000     1.0000     1.0000     1.0000     1.0000 

Stock Numbers at Age
Age 1                        261.1480   168.5415   168.4465   168.7273   168.6504   168.6902   168.5727   168.5288   168.2466   168.4843   168.2772   168.5487   168.3826   168.2737 
Age 2                        100.4175   150.7915    96.6026    96.3576    97.0648    97.7818    97.2805    97.2825    97.0844    96.5296    96.8961    96.5318    97.4736    96.5551 
Age 3                         54.8765    44.7984    68.0578    43.3230    43.2231    44.6652    45.0615    44.8879    44.8518    44.6459    44.5150    44.7111    44.3891    45.1322 
Age 4                          9.5330    18.5486    15.3659    23.3756    14.7646    15.4819    16.0046    16.1707    16.1246    16.0478    16.0308    15.9837    16.0132    15.9090 
Age 5                          2.6907     2.9084     5.6150     4.6558     7.0833     4.7499     4.9700     5.1388     5.1901     5.1903     5.1630     5.1410     5.1169     5.1356 
Age 6                          0.9665     0.7741     0.8419     1.6272     1.3451     2.1850     1.4593     1.5263     1.5813     1.5982     1.5962     1.5875     1.5798     1.5673 
Age 7                          0.1591     0.2737     0.2234     0.2435     0.4709     0.4148     0.6741     0.4487     0.4691     0.4862     0.4898     0.4907     0.4882     0.4855 
Age 8                          0.1092     0.0465     0.0809     0.0664     0.0721     0.1486     0.1310     0.2130     0.1415     0.1471     0.1524     0.1537     0.1539     0.1530 
Age 9                          0.0085     0.0335     0.0142     0.0249     0.0203     0.0234     0.0483     0.0426     0.0691     0.0458     0.0477     0.0494     0.0497     0.0500 
Age 10                          0.0043     0.0027     0.0106     0.0045     0.0079     0.0068     0.0078     0.0161     0.0143     0.0231     0.0153     0.0159     0.0165     0.0166 
Age 11                          0.0014     0.0014     0.0009     0.0034     0.0015     0.0027     0.0023     0.0027     0.0055     0.0049     0.0079     0.0052     0.0054     0.0056 
Age 12                          0.0001     0.0005     0.0005     0.0003     0.0011     0.0005     0.0009     0.0008     0.0009     0.0019     0.0017     0.0028     0.0018     0.0019 
Age 13                          0.0000     0.0000     0.0002     0.0002     0.0001     0.0004     0.0002     0.0003     0.0003     0.0003     0.0007     0.0006     0.0010     0.0006 
Age 14                          0.0000     0.0000     0.0000     0.0001     0.0001     0.0000     0.0001     0.0001     0.0001     0.0001     0.0001     0.0002     0.0002     0.0004 
Age 15                          0.0000     0.0000     0.0000     0.0000     0.0000     0.0000     0.0000     0.0001     0.0000     0.0001     0.0001     0.0001     0.0001     0.0001 
