AGEPRO VERSION 4.2

FSQ_template

Date & Time of Run: 06 May 2024  16:55

Input File Name:    FSQ_template.inp

First Age Class:                         1
Number of Age Classes:                  15
Number of Years in Projection:          14
Number of Fleets:                        9
Number of Recruitment Models:            3
Number of Bootstraps:                  100
Number of Simulations:                 100

Bootstrap File Name:            C:\Users\jon.brodziak\Desktop\2024 WCNPO MLS Rebuilding\Bootstrap-numbers-at-age\2023_WCNPOMLS.bsn

Input Harvest Scenario

Year  Type        Fleet-1    Fleet-2    Fleet-3    Fleet-4    Fleet-5    Fleet-6    Fleet-7    Fleet-8    Fleet-9    

2021  F-Mult       0.1651     0.0453     0.2588     0.0166     0.0610     0.0487     0.0642     0.0722     0.3475 
2022  F-Mult       0.1651     0.0453     0.2588     0.0166     0.0610     0.0487     0.0642     0.0722     0.3475 
2023  F-Mult       0.1651     0.0453     0.2588     0.0166     0.0610     0.0487     0.0642     0.0722     0.3475 
2024  F-Mult       0.1651     0.0453     0.2588     0.0166     0.0610     0.0487     0.0642     0.0722     0.3475 
2025  F-Mult       0.1651     0.0453     0.2588     0.0166     0.0610     0.0487     0.0642     0.0722     0.3475 
2026  F-Mult       0.1651     0.0453     0.2588     0.0166     0.0610     0.0487     0.0642     0.0722     0.3475 
2027  F-Mult       0.1651     0.0453     0.2588     0.0166     0.0610     0.0487     0.0642     0.0722     0.3475 
2028  F-Mult       0.1651     0.0453     0.2588     0.0166     0.0610     0.0487     0.0642     0.0722     0.3475 
2029  F-Mult       0.1651     0.0453     0.2588     0.0166     0.0610     0.0487     0.0642     0.0722     0.3475 
2030  F-Mult       0.1651     0.0453     0.2588     0.0166     0.0610     0.0487     0.0642     0.0722     0.3475 
2031  F-Mult       0.1651     0.0453     0.2588     0.0166     0.0610     0.0487     0.0642     0.0722     0.3475 
2032  F-Mult       0.1651     0.0453     0.2588     0.0166     0.0610     0.0487     0.0642     0.0722     0.3475 
2033  F-Mult       0.1651     0.0453     0.2588     0.0166     0.0610     0.0487     0.0642     0.0722     0.3475 
2034  F-Mult       0.1651     0.0453     0.2588     0.0166     0.0610     0.0487     0.0642     0.0722     0.3475 

Recruitment Selection Distribution

Year  Selection-1 Selection-2 Selection-3 

2021      0.1235     0.8374     0.0391 
2022      0.1140     0.8491     0.0369 
2023      0.1189     0.8428     0.0383 
2024      0.1234     0.8407     0.0359 
2025      0.1176     0.8419     0.0405 
2026      0.1216     0.8412     0.0372 
2027      0.1189     0.8449     0.0362 
2028      0.1237     0.8377     0.0386 
2029      0.1237     0.8331     0.0432 
2030      0.1194     0.8429     0.0377 
2031      0.1178     0.8426     0.0396 
2032      0.1154     0.8448     0.0398 
2033      0.1136     0.8453     0.0411 
2034      0.1178     0.8418     0.0404 

Recruits        1000  Fish

Year Class   Average        StdDev
2021        172.8768       81.8862
2022        172.4945       80.4983
2023        173.9036       82.5401
2024        172.4646       77.9731
2025        173.7724       78.7597
2026        172.6700       80.9923
2027        173.0241       79.0267
2028        172.8220       79.9906
2029        174.8983       79.4460
2030        172.9289       78.6231
2031        172.1939       79.8006
2032        173.4408       80.1044
2033        173.2400       80.6931
2034        173.3305       80.9028

Recruits Distribution

Year Class 1%         5%         10%        25%        50%        75%        90%        95%        99%    
2021    68.6414    71.0811    79.1989   103.2561   168.3299   236.1658   278.5519   305.6928   324.9590
2022    68.6098    70.2087    78.8832   104.2236   168.6162   234.6677   277.9834   306.1274   324.5034
2023    68.6917    70.6846    79.3350   105.8787   168.5408   235.8968   281.5896   304.6399   325.4729
2024    68.6271    70.2638    78.7814   104.6013   168.4558   236.5405   278.6754   306.4030   324.6491
2025    68.5847    70.9763    79.0927   104.6831   168.6368   237.4881   282.0180   307.0845   324.8732
2026    68.6233    70.6681    78.9339   103.6921   168.1121   236.2408   280.7923   307.2395   325.4573
2027    68.6294    70.5250    78.8149   104.9200   168.5599   237.1507   277.6015   304.9060   324.9810
2028    68.6722    71.2972    79.4889   105.0498   168.3124   235.1840   277.2075   304.4059   324.2681
2029    68.6292    71.1399    79.4886   106.0006   168.9260   237.7554   282.1415   307.8439   325.4789
2030    68.6608    70.9391    79.4555   105.3898   168.5036   236.4973   277.2970   305.2595   324.8251
2031    68.6701    70.8648    78.5815   104.0888   168.2935   235.5178   277.8483   305.0566   325.1459
2032    68.6149    70.7168    79.0507   104.5887   168.5229   237.1686   281.0656   307.1865   325.5960
2033    68.6084    70.3374    78.8242   104.2269   168.4638   236.8605   279.2409   305.6410   324.8389
2034    68.6430    70.4971    78.5786   103.9230   168.5281   237.3831   280.8703   306.4872   325.2319

Spawning Stock Biomass  x       1000 MT

Year       Average        StdDev
2021        2.2967        0.4595
2022        2.6083        0.4281
2023        2.9373        0.6096
2024        2.5823        0.6438
2025        2.3940        0.6392
2026        2.3287        0.6381
2027        2.3041        0.6188
2028        2.2988        0.6194
2029        2.2929        0.6274
2030        2.2912        0.6266
2031        2.2980        0.6371
2032        2.3041        0.6304
2033        2.2960        0.6287
2034        2.2909        0.6327

Spawning Stock Biomass Distribution

Year        1%         5%         10%        25%        50%        75%        90%        95%        99%   
2021     1.4570     1.7307     1.8283     1.9990     2.2321     2.5113     2.8122     3.0281     4.1826 
2022     1.7444     1.9640     2.0846     2.3153     2.5775     2.8514     3.1857     3.3869     3.7592 
2023     1.8242     2.0643     2.2006     2.4991     2.8684     3.2987     3.7593     4.0628     4.6264 
2024     1.4695     1.6729     1.8166     2.1051     2.5244     2.9805     3.4112     3.6797     4.2092 
2025     1.2753     1.4833     1.6337     1.9297     2.3306     2.7970     3.2241     3.4862     4.0255 
2026     1.1984     1.4190     1.5746     1.8722     2.2700     2.7127     3.1384     3.4090     3.9753 
2027     1.1609     1.3917     1.5541     1.8533     2.2426     2.7001     3.1169     3.3738     3.8711 
2028     1.1702     1.3947     1.5422     1.8415     2.2358     2.7072     3.1204     3.3751     3.9209 
2029     1.1750     1.3983     1.5410     1.8269     2.2272     2.7010     3.1242     3.3708     3.8848 
2030     1.1718     1.3807     1.5361     1.8341     2.2232     2.6831     3.1261     3.3841     3.9123 
2031     1.1579     1.3915     1.5408     1.8352     2.2332     2.6935     3.1273     3.3854     3.9268 
2032     1.1877     1.3988     1.5380     1.8418     2.2408     2.7084     3.1366     3.3853     3.9726 
2033     1.1739     1.3968     1.5426     1.8370     2.2340     2.6882     3.1265     3.3754     3.9708 
2034     1.1776     1.3903     1.5342     1.8243     2.2326     2.6908     3.1176     3.3634     3.9246 

JAN-1 Stock Biomass  x       1000 MT

Year       Average        StdDev
2021        9.2895        1.5992
2022        9.4560        1.8168
2023        8.9461        1.9238
2024        8.3868        1.9553
2025        8.0803        1.9302
2026        7.9718        1.9042
2027        7.9294        1.9102
2028        7.9125        1.9194
2029        7.9033        1.9283
2030        7.9241        1.9270
2031        7.9289        1.9161
2032        7.9134        1.9243
2033        7.9065        1.9322
2034        7.9084        1.9493

JAN-1 Stock Biomass Distribution

Year       1%         5%         10%        25%        50%        75%        90%        95%        99%    
2021     6.3175     6.9288     7.3594     8.1586     9.1601    10.1300    11.5471    12.2869    13.7468 
2022     6.0515     6.7635     7.2098     8.1640     9.3078    10.5714    11.8604    12.6568    14.2532 
2023     5.3995     6.0946     6.5936     7.5700     8.8100    10.1265    11.4372    12.1736    13.8635 
2024     4.7708     5.5145     6.0257     7.0113     8.2484     9.5615    10.8406    11.6218    13.5175 
2025     4.4527     5.1961     5.7454     6.7260     7.9517     9.2711    10.5616    11.3534    13.0459 
2026     4.2720     5.0721     5.5896     6.6181     7.8744     9.1846    10.4041    11.2586    12.7450 
2027     4.2256     5.0430     5.5641     6.5656     7.7794     9.1596    10.4160    11.1947    12.8095 
2028     4.2311     5.0372     5.5523     6.5436     7.7797     9.0932    10.4114    11.2234    13.1014 
2029     4.2318     5.0207     5.5422     6.5480     7.7568     9.0856    10.4026    11.1726    13.0665 
2030     4.2128     5.0624     5.5735     6.5346     7.7806     9.1213    10.4095    11.2092    12.9145 
2031     4.2872     5.0510     5.5533     6.5650     7.8053     9.1425    10.3644    11.1710    12.9538 
2032     4.2338     5.0567     5.5557     6.5419     7.7651     9.1196    10.3669    11.2050    13.0700 
2033     4.2547     5.0397     5.5389     6.5371     7.7685     9.1118    10.3554    11.1571    13.1095 
2034     4.1934     4.9865     5.4816     6.5109     7.8046     9.1272    10.3617    11.1888    13.0946 

Mean Biomass  x       1000 MT

Year       Average        StdDev
2021        8.4097        1.5250
2022        8.1998        1.7359
2023        7.5996        1.7893
2024        7.1709        1.8165
2025        6.9631        1.7597
2026        6.8992        1.7408
2027        6.8685        1.7601
2028        6.8585        1.7620
2029        6.8508        1.7748
2030        6.8794        1.7719
2031        6.8746        1.7527
2032        6.8545        1.7628
2033        6.8557        1.7821
2034        6.8621        1.8029

Mean Biomass Distribution

Year       1%         5%         10%        25%        50%        75%        90%        95%        99%    
2021     5.6783     6.2035     6.5609     7.2711     8.2827     9.2746    10.5415    11.2548    12.6295 
2022     5.0601     5.6734     6.0752     6.9603     8.0440     9.2775    10.4542    11.2415    12.6919 
2023     4.3899     5.0033     5.4141     6.3158     7.4641     8.7221     9.8810    10.6210    12.0704 
2024     3.8861     4.5586     5.0009     5.8865     7.0371     8.2633     9.4217    10.1813    11.8481 
2025     3.6356     4.3224     4.7957     5.7105     6.8498     8.0844     9.2518     9.9445    11.4953 
2026     3.5642     4.2653     4.7164     5.6423     6.7988     8.0258     9.1828     9.8836    11.3810 
2027     3.5363     4.2551     4.7065     5.5975     6.7399     8.0036     9.1765     9.8561    11.3583 
2028     3.5746     4.2496     4.7034     5.5799     6.7166     7.9522     9.1519     9.8952    11.4118 
2029     3.5227     4.2096     4.6932     5.5995     6.7028     7.9353     9.1405     9.8407    11.5112 
2030     3.5410     4.2662     4.7368     5.5863     6.7535     7.9813     9.1849     9.8683    11.3960 
2031     3.5777     4.2511     4.7067     5.6165     6.7666     7.9657     9.1418     9.9247    11.4720 
2032     3.5715     4.2580     4.7048     5.5824     6.7227     7.9406     9.1460     9.8678    11.5449 
2033     3.5741     4.2414     4.6608     5.5565     6.7293     7.9613     9.1415     9.9487    11.5551 
2034     3.5028     4.1953     4.6341     5.5576     6.7494     7.9866     9.1400     9.8868    11.6550 

Combined Catch Biomass  x       1000 MT

Year       Average        StdDev
2021        2.9750        0.4787
2022        3.4198        0.5718
2023        3.3717        0.6762
2024        3.0759        0.6992
2025        2.9121        0.7035
2026        2.8494        0.6892
2027        2.8304        0.6763
2028        2.8231        0.6848
2029        2.8183        0.6879
2030        2.8197        0.6905
2031        2.8275        0.6902
2032        2.8267        0.6841
2033        2.8187        0.6902
2034        2.8191        0.6963

Combined Catch Distribution

Year       1%         5%         10%        25%        50%        75%        90%        95%        99%    
2021     1.9723     2.3482     2.4541     2.6646     2.9132     3.2376     3.5421     3.7896     4.7157 
2022     2.3515     2.5767     2.7203     3.0001     3.3797     3.7441     4.2149     4.4921     4.9161 
2023     2.1257     2.3920     2.5444     2.8868     3.3166     3.7970     4.2564     4.5354     5.1105 
2024     1.8172     2.0564     2.2293     2.5790     3.0241     3.5072     3.9735     4.2526     4.8631 
2025     1.6289     1.8863     2.0642     2.4189     2.8635     3.3404     3.8052     4.1016     4.6835 
2026     1.5448     1.8305     2.0064     2.3593     2.8031     3.2804     3.7414     4.0235     4.5692 
2027     1.5150     1.8067     1.9902     2.3398     2.7930     3.2693     3.7054     3.9948     4.5692 
2028     1.5114     1.8021     1.9762     2.3294     2.7717     3.2650     3.7149     3.9924     4.5861 
2029     1.5288     1.7916     1.9789     2.3215     2.7694     3.2499     3.7049     3.9999     4.6608 
2030     1.5076     1.7857     1.9717     2.3271     2.7749     3.2510     3.7023     3.9843     4.6278 
2031     1.5158     1.7978     1.9882     2.3289     2.7835     3.2562     3.7224     3.9966     4.5822 
2032     1.5309     1.8065     1.9783     2.3381     2.7777     3.2552     3.7136     4.0109     4.6395 
2033     1.5371     1.8040     1.9821     2.3201     2.7696     3.2478     3.6955     4.0009     4.6773 
2034     1.5248     1.7832     1.9617     2.3195     2.7739     3.2515     3.7131     3.9865     4.6196 

Landings  x       1000 MT

Year       Average        StdDev
2021        2.9750        0.4787
2022        3.4198        0.5718
2023        3.3717        0.6762
2024        3.0759        0.6992
2025        2.9121        0.7035
2026        2.8494        0.6892
2027        2.8304        0.6763
2028        2.8231        0.6848
2029        2.8183        0.6879
2030        2.8197        0.6905
2031        2.8275        0.6902
2032        2.8267        0.6841
2033        2.8187        0.6902
2034        2.8191        0.6963

Landings Distribution

Year       1%         5%         10%        25%        50%        75%        90%        95%        99%    
2021     1.9723     2.3482     2.4541     2.6646     2.9132     3.2376     3.5421     3.7896     4.7157 
2022     2.3515     2.5767     2.7203     3.0001     3.3797     3.7441     4.2149     4.4921     4.9161 
2023     2.1257     2.3920     2.5444     2.8868     3.3166     3.7970     4.2564     4.5354     5.1105 
2024     1.8172     2.0564     2.2293     2.5790     3.0241     3.5072     3.9735     4.2526     4.8631 
2025     1.6289     1.8863     2.0642     2.4189     2.8635     3.3404     3.8052     4.1016     4.6835 
2026     1.5448     1.8305     2.0064     2.3593     2.8031     3.2804     3.7414     4.0235     4.5692 
2027     1.5150     1.8067     1.9902     2.3398     2.7930     3.2693     3.7054     3.9948     4.5692 
2028     1.5114     1.8021     1.9762     2.3294     2.7717     3.2650     3.7149     3.9924     4.5861 
2029     1.5288     1.7916     1.9789     2.3215     2.7694     3.2499     3.7049     3.9999     4.6608 
2030     1.5076     1.7857     1.9717     2.3271     2.7749     3.2510     3.7023     3.9843     4.6278 
2031     1.5158     1.7978     1.9882     2.3289     2.7835     3.2562     3.7224     3.9966     4.5822 
2032     1.5309     1.8065     1.9783     2.3381     2.7777     3.2552     3.7136     4.0109     4.6395 
2033     1.5371     1.8040     1.9821     2.3201     2.7696     3.2478     3.6955     4.0009     4.6773 
2034     1.5248     1.7832     1.9617     2.3195     2.7739     3.2515     3.7131     3.9865     4.6196 

Total Fishing Mortality

Year       Average        StdDev
2021        1.0794        0.0000
2022        1.0794        0.0000
2023        1.0794        0.0000
2024        1.0794        0.0000
2025        1.0794        0.0000
2026        1.0794        0.0000
2027        1.0794        0.0000
2028        1.0794        0.0000
2029        1.0794        0.0000
2030        1.0794        0.0000
2031        1.0794        0.0000
2032        1.0794        0.0000
2033        1.0794        0.0000
2034        1.0794        0.0000

Total Fishing Mortality Distribution

Year       1%         5%         10%        25%        50%        75%        90%        95%        99%    
2021     1.0794     1.0794     1.0794     1.0794     1.0794     1.0794     1.0794     1.0794     1.0794 
2022     1.0794     1.0794     1.0794     1.0794     1.0794     1.0794     1.0794     1.0794     1.0794 
2023     1.0794     1.0794     1.0794     1.0794     1.0794     1.0794     1.0794     1.0794     1.0794 
2024     1.0794     1.0794     1.0794     1.0794     1.0794     1.0794     1.0794     1.0794     1.0794 
2025     1.0794     1.0794     1.0794     1.0794     1.0794     1.0794     1.0794     1.0794     1.0794 
2026     1.0794     1.0794     1.0794     1.0794     1.0794     1.0794     1.0794     1.0794     1.0794 
2027     1.0794     1.0794     1.0794     1.0794     1.0794     1.0794     1.0794     1.0794     1.0794 
2028     1.0794     1.0794     1.0794     1.0794     1.0794     1.0794     1.0794     1.0794     1.0794 
2029     1.0794     1.0794     1.0794     1.0794     1.0794     1.0794     1.0794     1.0794     1.0794 
2030     1.0794     1.0794     1.0794     1.0794     1.0794     1.0794     1.0794     1.0794     1.0794 
2031     1.0794     1.0794     1.0794     1.0794     1.0794     1.0794     1.0794     1.0794     1.0794 
2032     1.0794     1.0794     1.0794     1.0794     1.0794     1.0794     1.0794     1.0794     1.0794 
2033     1.0794     1.0794     1.0794     1.0794     1.0794     1.0794     1.0794     1.0794     1.0794 
2034     1.0794     1.0794     1.0794     1.0794     1.0794     1.0794     1.0794     1.0794     1.0794 

JAN-1 Stock Numbers at Age  -       1000  Fish

2021

Age        1%         5%         10%        25%        50%        75%        90%        95%        99%    
1      140.2370   175.0900   184.8320   216.7130   261.1480   317.3690   385.6290   409.5080   464.9250
2       58.9389    77.9477    80.8620    85.4451   100.4175   112.5240   125.3470   138.4980   148.4390
3       34.1986    41.3466    43.5177    47.9381    54.8765    60.4455    67.3245    74.4817    84.8335
4        4.4701     6.3288     7.3712     8.3369     9.5330    10.8358    12.5169    14.0136    20.6054
5        1.2938     1.6031     1.7337     2.2441     2.6907     3.2695     4.2092     4.8898     7.4995
6        0.2917     0.4842     0.6024     0.6936     0.9665     1.2287     1.8234     2.1765     5.0518
7        0.0278     0.0584     0.0739     0.1025     0.1591     0.2261     0.3164     0.3996     1.3049
8        0.0082     0.0292     0.0370     0.0584     0.1092     0.1670     0.2575     0.4456     2.1858
9        0.0003     0.0014     0.0021     0.0035     0.0085     0.0144     0.0223     0.0334     0.2402
10        0.0001     0.0005     0.0007     0.0015     0.0043     0.0069     0.0143     0.0242     0.2609
11        0.0000     0.0001     0.0002     0.0004     0.0014     0.0028     0.0051     0.0082     0.1988
12        0.0000     0.0000     0.0000     0.0000     0.0001     0.0003     0.0005     0.0008     0.0280
13        0.0000     0.0000     0.0000     0.0000     0.0000     0.0002     0.0003     0.0005     0.0316
14        0.0000     0.0000     0.0000     0.0000     0.0000     0.0000     0.0001     0.0001     0.0183
15+       0.0000     0.0000     0.0000     0.0000     0.0000     0.0000     0.0000     0.0000     0.0127

2022

Age        1%         5%         10%        25%        50%        75%        90%        95%        99%    
1       68.6414    71.0811    79.1989   103.2561   168.3299   236.1658   278.5519   305.6928   324.9590
2       85.9837   100.6595   107.2963   123.6226   150.5410   184.5012   222.5910   243.4433   273.5705
3       26.6970    34.4681    36.2064    39.1764    44.8492    51.0955    57.8778    62.6692    70.4711
4       11.9207    13.9488    14.9511    16.5496    18.5502    20.8247    23.6822    25.9605    31.3772
5        1.4392     1.9517     2.1959     2.5269     2.9116     3.3230     3.8945     4.3013     6.5615
6        0.3762     0.4639     0.5105     0.6443     0.7729     0.9508     1.2423     1.4487     2.4797
7        0.0941     0.1445     0.1709     0.2060     0.2741     0.3652     0.5292     0.6296     1.6367
8        0.0091     0.0178     0.0218     0.0305     0.0464     0.0672     0.0972     0.1276     0.4399
9        0.0028     0.0091     0.0114     0.0183     0.0337     0.0515     0.0811     0.1375     0.7682
10        0.0001     0.0005     0.0007     0.0011     0.0027     0.0045     0.0073     0.0112     0.0846
11        0.0000     0.0002     0.0002     0.0005     0.0014     0.0023     0.0049     0.0080     0.0951
12        0.0000     0.0000     0.0001     0.0001     0.0005     0.0009     0.0017     0.0028     0.0733
13        0.0000     0.0000     0.0000     0.0000     0.0000     0.0001     0.0002     0.0003     0.0103
14        0.0000     0.0000     0.0000     0.0000     0.0000     0.0001     0.0001     0.0002     0.0121
15+       0.0000     0.0000     0.0000     0.0000     0.0000     0.0000     0.0000     0.0001     0.0120

2023

Age        1%         5%         10%        25%        50%        75%        90%        95%        99%    
1       68.6098    70.2087    78.8832   104.2236   168.6162   234.6677   277.9834   306.1274   324.5034
2       38.1922    41.4964    45.3885    59.1963    96.2122   136.2481   162.5120   176.8588   195.7285
3       38.6357    45.0030    48.2483    55.7244    68.0464    83.4284   100.4292   110.6338   125.0602
4        9.0901    11.5802    12.2870    13.4711    15.3552    17.5873    20.0502    21.6765    24.3879
5        3.5849     4.1741     4.5039     4.9971     5.6172     6.3502     7.2419     7.9232     9.5772
6        0.4138     0.5578     0.6293     0.7265     0.8395     0.9644     1.1308     1.2555     1.8982
7        0.1087     0.1328     0.1473     0.1856     0.2230     0.2772     0.3637     0.4197     0.7286
8        0.0295     0.0431     0.0504     0.0609     0.0813     0.1090     0.1583     0.1871     0.4833
9        0.0030     0.0055     0.0067     0.0093     0.0142     0.0207     0.0297     0.0394     0.1467
10        0.0009     0.0029     0.0036     0.0058     0.0107     0.0163     0.0260     0.0429     0.2533
11        0.0000     0.0001     0.0002     0.0004     0.0009     0.0015     0.0024     0.0036     0.0287
12        0.0000     0.0001     0.0001     0.0002     0.0005     0.0007     0.0016     0.0027     0.0333
13        0.0000     0.0000     0.0000     0.0000     0.0002     0.0003     0.0006     0.0009     0.0260
14        0.0000     0.0000     0.0000     0.0000     0.0000     0.0000     0.0001     0.0001     0.0038
15+       0.0000     0.0000     0.0000     0.0000     0.0000     0.0000     0.0000     0.0001     0.0084

2024

Age        1%         5%         10%        25%        50%        75%        90%        95%        99%    
1       68.6917    70.6846    79.3350   105.8787   168.5408   235.8968   281.5896   304.6399   325.4729
2       37.8864    41.2132    45.1453    59.7867    96.7714   134.7591   161.5073   176.0027   196.0214
3       16.8996    18.7039    20.4311    26.6957    43.1151    61.1520    73.7123    79.8958    91.4729
4       13.1373    15.3109    16.5196    19.1697    23.3059    28.7207    34.6697    38.2035    43.3181
5        2.7436     3.4546     3.6880     4.0714     4.6502     5.3526     6.0983     6.6031     7.4754
6        1.0174     1.1929     1.2833     1.4361     1.6254     1.8470     2.1040     2.3098     2.7967
7        0.1191     0.1609     0.1801     0.2089     0.2430     0.2812     0.3285     0.3679     0.5505
8        0.0321     0.0392     0.0438     0.0546     0.0662     0.0829     0.1086     0.1262     0.2130
9        0.0090     0.0131     0.0152     0.0187     0.0249     0.0336     0.0486     0.0574     0.1505
10        0.0010     0.0017     0.0021     0.0029     0.0045     0.0065     0.0094     0.0126     0.0484
11        0.0003     0.0009     0.0012     0.0019     0.0035     0.0053     0.0085     0.0139     0.0831
12        0.0000     0.0000     0.0001     0.0001     0.0003     0.0005     0.0008     0.0012     0.0095
13        0.0000     0.0000     0.0000     0.0001     0.0002     0.0003     0.0005     0.0009     0.0112
14        0.0000     0.0000     0.0000     0.0000     0.0001     0.0001     0.0002     0.0003     0.0091
15+       0.0000     0.0000     0.0000     0.0000     0.0000     0.0000     0.0000     0.0001     0.0043

2025

Age        1%         5%         10%        25%        50%        75%        90%        95%        99%    
1       68.6271    70.2638    78.7814   104.6013   168.4558   236.5405   278.6754   306.4030   324.6491
2       38.0490    41.2179    45.4257    60.3253    96.4391   136.0689   163.3429   176.4069   199.3372
3       16.7320    18.6206    20.3324    26.9217    43.2697    60.4994    73.4018    79.7223    90.5136
4        5.7257     6.4161     7.0143     9.1463    14.6871    20.9225    25.3625    27.6681    32.0585
5        3.9351     4.5981     4.9825     5.7927     7.0737     8.7225    10.5438    11.5994    13.3222
6        0.7855     0.9820     1.0551     1.1748     1.3432     1.5544     1.7697     1.9214     2.1902
7        0.2900     0.3409     0.3673     0.4140     0.4704     0.5374     0.6137     0.6720     0.8121
8        0.0351     0.0473     0.0531     0.0619     0.0720     0.0839     0.0982     0.1101     0.1629
9        0.0098     0.0119     0.0133     0.0166     0.0203     0.0255     0.0333     0.0389     0.0665
10        0.0029     0.0041     0.0048     0.0059     0.0079     0.0107     0.0154     0.0182     0.0469
11        0.0003     0.0006     0.0007     0.0010     0.0014     0.0021     0.0030     0.0041     0.0159
12        0.0001     0.0003     0.0004     0.0006     0.0011     0.0018     0.0028     0.0046     0.0278
13        0.0000     0.0000     0.0000     0.0000     0.0001     0.0002     0.0003     0.0004     0.0032
14        0.0000     0.0000     0.0000     0.0000     0.0001     0.0001     0.0002     0.0003     0.0038
15+       0.0000     0.0000     0.0000     0.0000     0.0000     0.0000     0.0001     0.0001     0.0047

2026

Age        1%         5%         10%        25%        50%        75%        90%        95%        99%    
1       68.5847    70.9763    79.0927   104.6831   168.6368   237.4881   282.0180   307.0845   324.8732
2       37.9556    41.3262    45.0349    59.8911    96.3429   135.8447   162.9448   176.6386   195.5993
3       16.8433    18.6584    20.4518    27.0597    43.2684    61.1978    73.7776    79.8079    91.3488
4        5.6433     6.3544     6.9978     9.2199    14.7711    20.6345    25.3255    27.5881    32.0164
5        1.7075     1.9335     2.1196     2.7733     4.4428     6.3140     7.7320     8.4527     9.7488
6        1.1250     1.3165     1.4340     1.6722     2.0459     2.5260     3.0455     3.3543     3.9184
7        0.2242     0.2795     0.3024     0.3385     0.3891     0.4509     0.5169     0.5612     0.6506
8        0.0852     0.0997     0.1081     0.1221     0.1395     0.1602     0.1843     0.2020     0.2434
9        0.0107     0.0144     0.0161     0.0188     0.0220     0.0258     0.0303     0.0341     0.0496
10        0.0031     0.0037     0.0042     0.0052     0.0064     0.0081     0.0106     0.0125     0.0207
11        0.0009     0.0013     0.0015     0.0019     0.0026     0.0035     0.0050     0.0060     0.0154
12        0.0001     0.0002     0.0002     0.0003     0.0005     0.0007     0.0010     0.0014     0.0053
13        0.0000     0.0001     0.0001     0.0002     0.0004     0.0006     0.0010     0.0015     0.0094
14        0.0000     0.0000     0.0000     0.0000     0.0000     0.0001     0.0001     0.0001     0.0011
15+       0.0000     0.0000     0.0000     0.0000     0.0000     0.0000     0.0001     0.0002     0.0031

2027

Age        1%         5%         10%        25%        50%        75%        90%        95%        99%    
1       68.6233    70.6681    78.9339   103.6921   168.1121   236.2408   280.7923   307.2395   325.4573
2       37.8771    41.4456    45.2044    59.8929    96.7680   136.7184   163.6326   177.0353   194.6031
3       16.7471    18.5798    20.3699    26.9336    43.2064    61.0656    73.6639    79.7339    89.5530
4        5.6665     6.3928     7.0112     9.3105    14.8428    20.8212    25.4856    27.5623    32.1746
5        1.6838     1.9304     2.1078     2.7908     4.4590     6.2276     7.6880     8.3888     9.8989
6        0.4882     0.5562     0.6123     0.8013     1.2779     1.8230     2.2441     2.4538     2.8569
7        0.3227     0.3775     0.4089     0.4825     0.5922     0.7336     0.8847     0.9777     1.1431
8        0.0670     0.0816     0.0887     0.1003     0.1155     0.1344     0.1545     0.1682     0.1941
9        0.0255     0.0300     0.0327     0.0372     0.0427     0.0493     0.0571     0.0625     0.0750
10        0.0034     0.0045     0.0050     0.0059     0.0070     0.0082     0.0097     0.0110     0.0156
11        0.0010     0.0012     0.0014     0.0017     0.0021     0.0026     0.0035     0.0041     0.0067
12        0.0003     0.0004     0.0005     0.0006     0.0008     0.0012     0.0017     0.0020     0.0050
13        0.0000     0.0001     0.0001     0.0001     0.0002     0.0002     0.0003     0.0005     0.0018
14        0.0000     0.0000     0.0000     0.0001     0.0001     0.0002     0.0003     0.0005     0.0031
15+       0.0000     0.0000     0.0000     0.0000     0.0000     0.0000     0.0001     0.0001     0.0014

2028

Age        1%         5%         10%        25%        50%        75%        90%        95%        99%    
1       68.6294    70.5250    78.8149   104.9200   168.5599   237.1507   277.6015   304.9060   324.9810
2       38.0861    41.2148    45.2438    59.2855    96.0610   135.7132   163.3181   176.5634   197.3930
3       16.9520    18.6791    20.4138    26.9372    43.4256    61.5034    73.9099    80.2276    90.1309
4        5.6477     6.3278     6.9957     9.2060    14.7687    20.7824    25.4109    27.5889    31.3696
5        1.6918     1.9397     2.1350     2.8187     4.4620     6.2989     7.7612     8.4291     9.9029
6        0.4795     0.5555     0.6107     0.8070     1.2874     1.8013     2.2352     2.4439     2.8906
7        0.1383     0.1597     0.1757     0.2319     0.3689     0.5273     0.6492     0.7144     0.8490
8        0.0955     0.1109     0.1210     0.1423     0.1756     0.2183     0.2644     0.2929     0.3437
9        0.0201     0.0245     0.0268     0.0305     0.0354     0.0413     0.0477     0.0522     0.0610
10        0.0080     0.0094     0.0103     0.0117     0.0135     0.0157     0.0182     0.0200     0.0241
11        0.0011     0.0015     0.0016     0.0019     0.0023     0.0027     0.0032     0.0036     0.0051
12        0.0003     0.0004     0.0004     0.0006     0.0007     0.0009     0.0011     0.0014     0.0022
13        0.0001     0.0001     0.0002     0.0002     0.0003     0.0004     0.0006     0.0007     0.0017
14        0.0000     0.0000     0.0000     0.0000     0.0001     0.0001     0.0001     0.0002     0.0006
15+       0.0000     0.0000     0.0000     0.0000     0.0001     0.0001     0.0001     0.0002     0.0016

2029

Age        1%         5%         10%        25%        50%        75%        90%        95%        99%    
1       68.6722    71.2972    79.4889   105.0498   168.3124   235.1840   277.2075   304.4059   324.2681
2       38.2855    41.3653    45.1314    59.9762    96.4504   136.8416   161.7035   174.9973   196.0772
3       16.7835    18.5465    20.3311    26.7221    42.9997    61.1602    73.6995    80.2871    91.4448
4        5.7033     6.3984     6.9996     9.2681    14.8617    21.1075    25.3935    27.7044    31.7800
5        1.6829     1.9135     2.1173     2.7895     4.4714     6.3069     7.7124     8.4214     9.7823
6        0.4814     0.5552     0.6163     0.8164     1.2877     1.8145     2.2503     2.4489     2.8866
7        0.1356     0.1592     0.1770     0.2334     0.3715     0.5193     0.6471     0.7127     0.8381
8        0.0409     0.0470     0.0520     0.0687     0.1090     0.1564     0.1938     0.2133     0.2554
9        0.0289     0.0337     0.0367     0.0435     0.0539     0.0671     0.0814     0.0900     0.1070
10        0.0064     0.0076     0.0084     0.0096     0.0112     0.0131     0.0152     0.0167     0.0196
11        0.0026     0.0030     0.0033     0.0038     0.0044     0.0051     0.0059     0.0066     0.0079
12        0.0004     0.0005     0.0005     0.0006     0.0007     0.0009     0.0011     0.0012     0.0017
13        0.0001     0.0001     0.0002     0.0002     0.0002     0.0003     0.0004     0.0005     0.0008
14        0.0000     0.0000     0.0001     0.0001     0.0001     0.0001     0.0002     0.0002     0.0006
15+       0.0000     0.0000     0.0000     0.0000     0.0000     0.0001     0.0001     0.0001     0.0008

2030

Age        1%         5%         10%        25%        50%        75%        90%        95%        99%    
1       68.6292    71.1399    79.4886   106.0006   168.9260   237.7554   282.1415   307.8439   325.4789
2       37.8811    41.3680    45.5938    60.0989    96.2830   135.1708   161.3511   175.2656   195.3704
3       16.8321    18.6244    20.4198    26.9353    43.2555    61.3618    73.3214    79.2099    89.9514
4        5.6873     6.3777     6.9934     9.1441    14.7007    20.8846    25.3814    27.7675    32.0820
5        1.7047     1.9324     2.1221     2.8119     4.4795     6.3724     7.7407     8.4332     9.7825
6        0.4806     0.5500     0.6116     0.8039     1.2855     1.8087     2.2298     2.4552     2.8656
7        0.1369     0.1590     0.1775     0.2361     0.3718     0.5223     0.6491     0.7130     0.8401
8        0.0395     0.0469     0.0525     0.0694     0.1101     0.1534     0.1928     0.2130     0.2558
9        0.0121     0.0143     0.0159     0.0210     0.0333     0.0477     0.0595     0.0659     0.0800
10        0.0090     0.0106     0.0116     0.0138     0.0170     0.0212     0.0260     0.0288     0.0340
11        0.0020     0.0025     0.0027     0.0031     0.0036     0.0043     0.0050     0.0055     0.0065
12        0.0008     0.0010     0.0011     0.0012     0.0015     0.0017     0.0020     0.0022     0.0026
13        0.0001     0.0002     0.0002     0.0002     0.0003     0.0003     0.0004     0.0004     0.0006
14        0.0000     0.0000     0.0001     0.0001     0.0001     0.0001     0.0001     0.0002     0.0003
15+       0.0000     0.0000     0.0000     0.0000     0.0000     0.0001     0.0001     0.0001     0.0005

2031

Age        1%         5%         10%        25%        50%        75%        90%        95%        99%    
1       68.6608    70.9391    79.4555   105.3898   168.5036   236.4973   277.2970   305.2595   324.8251
2       38.0546    41.5389    45.5073    60.7939    96.8455   137.4102   163.6152   177.0395   196.9853
3       16.8191    18.6865    20.5465    27.0013    43.2578    60.8784    73.4998    79.3904    90.1382
4        5.6998     6.3706     7.0116     9.2217    14.8145    20.9904    25.2771    27.2850    31.3479
5        1.6901     1.9284     2.1338     2.7666     4.4357     6.3162     7.7372     8.4395     9.9359
6        0.4819     0.5569     0.6114     0.8073     1.2962     1.8299     2.2472     2.4453     2.8694
7        0.1366     0.1585     0.1769     0.2331     0.3715     0.5210     0.6504     0.7164     0.8375
8        0.0399     0.0469     0.0527     0.0701     0.1104     0.1543     0.1932     0.2130     0.2545
9        0.0120     0.0143     0.0160     0.0212     0.0337     0.0471     0.0593     0.0659     0.0798
10        0.0038     0.0045     0.0050     0.0066     0.0105     0.0150     0.0189     0.0211     0.0259
11        0.0029     0.0034     0.0037     0.0045     0.0055     0.0069     0.0085     0.0094     0.0112
12        0.0007     0.0008     0.0009     0.0010     0.0012     0.0014     0.0017     0.0018     0.0022
13        0.0003     0.0003     0.0004     0.0004     0.0005     0.0006     0.0007     0.0007     0.0009
14        0.0000     0.0001     0.0001     0.0001     0.0001     0.0001     0.0001     0.0001     0.0002
15+       0.0000     0.0000     0.0000     0.0000     0.0000     0.0001     0.0001     0.0001     0.0002

2032

Age        1%         5%         10%        25%        50%        75%        90%        95%        99%    
1       68.6701    70.8648    78.5815   104.0888   168.2935   235.5178   277.8483   305.0566   325.1459
2       38.0593    41.4713    45.5087    60.2322    96.6486   136.1804   161.6027   175.2155   194.8580
3       16.7673    18.7713    20.6275    27.2849    43.4895    61.8081    74.1479    80.4650    91.8954
4        5.6678     6.3826     7.0315     9.2408    14.7804    20.7673    25.3002    27.4250    31.7552
5        1.6994     1.9247     2.1336     2.7911     4.4770     6.3361     7.7067     8.3290     9.6878
6        0.4811     0.5526     0.6112     0.8006     1.2760     1.8224     2.2517     2.4561     2.8912
7        0.1378     0.1593     0.1768     0.2333     0.3728     0.5285     0.6530     0.7119     0.8397
8        0.0398     0.0467     0.0526     0.0692     0.1097     0.1539     0.1934     0.2144     0.2541
9        0.0119     0.0142     0.0160     0.0215     0.0337     0.0472     0.0593     0.0656     0.0800
10        0.0037     0.0045     0.0051     0.0067     0.0106     0.0148     0.0189     0.0210     0.0253
11        0.0012     0.0014     0.0016     0.0022     0.0034     0.0049     0.0062     0.0069     0.0085
12        0.0009     0.0011     0.0012     0.0015     0.0018     0.0023     0.0028     0.0031     0.0037
13        0.0002     0.0003     0.0003     0.0003     0.0004     0.0005     0.0006     0.0006     0.0007
14        0.0001     0.0001     0.0001     0.0001     0.0002     0.0002     0.0002     0.0003     0.0003
15+       0.0000     0.0000     0.0000     0.0000     0.0000     0.0001     0.0001     0.0001     0.0002

2033

Age        1%         5%         10%        25%        50%        75%        90%        95%        99%    
1       68.6149    70.7168    79.0507   104.5887   168.5229   237.1686   281.0656   307.1865   325.5960
2       38.0349    41.4351    44.8835    59.5482    96.3183   135.2141   161.4678   175.3225   196.4805
3       16.7356    18.6636    20.5481    27.1652    43.3460    61.1096    73.5545    79.5994    90.1647
4        5.6509     6.4055     7.0567     9.3513    14.8949    21.0888    25.5904    27.7283    32.4445
5        1.6890     1.9267     2.1306     2.8006     4.4612     6.2861     7.6927     8.3802     9.8062
6        0.4821     0.5517     0.6145     0.8062     1.2865     1.8225     2.2331     2.4174     2.8306
7        0.1382     0.1590     0.1775     0.2312     0.3681     0.5250     0.6503     0.7162     0.8567
8        0.0403     0.0472     0.0525     0.0689     0.1102     0.1565     0.1941     0.2145     0.2558
9        0.0120     0.0142     0.0160     0.0213     0.0334     0.0473     0.0593     0.0661     0.0797
10        0.0037     0.0044     0.0051     0.0068     0.0107     0.0149     0.0189     0.0210     0.0257
11        0.0012     0.0014     0.0016     0.0022     0.0034     0.0048     0.0061     0.0068     0.0083
12        0.0004     0.0005     0.0005     0.0007     0.0011     0.0016     0.0021     0.0023     0.0028
13        0.0003     0.0004     0.0004     0.0005     0.0006     0.0008     0.0010     0.0011     0.0013
14        0.0001     0.0001     0.0001     0.0001     0.0001     0.0002     0.0002     0.0002     0.0003
15+       0.0000     0.0000     0.0001     0.0001     0.0001     0.0001     0.0001     0.0001     0.0002

2034

Age        1%         5%         10%        25%        50%        75%        90%        95%        99%    
1       68.6084    70.3374    78.8242   104.2269   168.4638   236.8605   279.2409   305.6410   324.8389
2       38.1545    41.2539    45.1873    59.7342    96.8194   136.9881   162.9704   177.0056   197.6582
3       16.8047    18.6767    20.2670    26.7717    43.1568    60.6636    73.8003    79.5441    89.9154
4        5.6667     6.3567     7.0117     9.3034    14.8008    20.9484    25.2376    27.4545    31.8797
5        1.6976     1.9399     2.1343     2.8389     4.5073     6.3943     7.7829     8.4626     9.9303
6        0.4846     0.5536     0.6152     0.8074     1.2842     1.8037     2.2366     2.4402     2.8580
7        0.1386     0.1595     0.1774     0.2338     0.3717     0.5258     0.6480     0.7063     0.8433
8        0.0406     0.0470     0.0525     0.0687     0.1090     0.1548     0.1940     0.2145     0.2591
9        0.0121     0.0143     0.0161     0.0212     0.0337     0.0478     0.0597     0.0660     0.0795
10        0.0037     0.0045     0.0051     0.0067     0.0105     0.0149     0.0188     0.0210     0.0255
11        0.0012     0.0014     0.0016     0.0022     0.0035     0.0048     0.0061     0.0069     0.0085
12        0.0004     0.0005     0.0005     0.0007     0.0011     0.0016     0.0020     0.0023     0.0028
13        0.0001     0.0002     0.0002     0.0002     0.0004     0.0005     0.0007     0.0008     0.0010
14        0.0001     0.0001     0.0001     0.0002     0.0002     0.0003     0.0003     0.0004     0.0004
15+       0.0000     0.0000     0.0001     0.0001     0.0001     0.0001     0.0001     0.0001     0.0001

Probability Spawning Stock Biomass Exceeds Threshold      3.660 (1000 MT)

Year    Probability

2021    0.017800
2022    0.015800
2023    0.122300
2024    0.052600
2025    0.028400
2026    0.022700
2027    0.021200
2028    0.020200
2029    0.022100
2030    0.021100
2031    0.020900
2032    0.025200
2033    0.020900
2034    0.021700

Probability Threshold Exceeded at Least Once =     0.2392

Probability Total Fishing Mortality Exceeds Threshold     0.8413 

Year    Probability

2021    1.000000
2022    1.000000
2023    1.000000
2024    1.000000
2025    1.000000
2026    1.000000
2027    1.000000
2028    1.000000
2029    1.000000
2030    1.000000
2031    1.000000
2032    1.000000
2033    1.000000
2034    1.000000

Probability Threshold Exceeded at Least Once =     1.0000


Requested Percentile Report

Percentile =    50.00 %

                                 2021       2022       2023       2024       2025       2026       2027       2028       2029       2030       2031       2032       2033       2034 

Recruits                     168.3299   168.6162   168.5408   168.4558   168.6368   168.1121   168.5599   168.3124   168.9260   168.5036   168.2935   168.5229   168.4638   168.5281 
Spawning Stock Biomass         2.2321     2.5775     2.8684     2.5244     2.3306     2.2700     2.2426     2.2358     2.2272     2.2232     2.2332     2.2408     2.2340     2.2326 
Jan-1 Stock Biomass            9.1601     9.3078     8.8100     8.2484     7.9517     7.8744     7.7794     7.7797     7.7568     7.7806     7.8053     7.7651     7.7685     7.8046 
Mean Biomass                   8.2827     8.0440     7.4641     7.0371     6.8498     6.7988     6.7399     6.7166     6.7028     6.7535     6.7666     6.7227     6.7293     6.7494 
Combined Catch Biomass         2.9132     3.3797     3.3166     3.0241     2.8635     2.8031     2.7930     2.7717     2.7694     2.7749     2.7835     2.7777     2.7696     2.7739 
Landings                       2.9132     3.3797     3.3166     3.0241     2.8635     2.8031     2.7930     2.7717     2.7694     2.7749     2.7835     2.7777     2.7696     2.7739 
FMort                          1.0794     1.0794     1.0794     1.0794     1.0794     1.0794     1.0794     1.0794     1.0794     1.0794     1.0794     1.0794     1.0794     1.0794 

Stock Numbers at Age
Age 1                        261.1480   168.3299   168.6162   168.5408   168.4558   168.6368   168.1121   168.5599   168.3124   168.9260   168.5036   168.2935   168.5229   168.4638 
Age 2                        100.4175   150.5410    96.2122    96.7714    96.4391    96.3429    96.7680    96.0610    96.4504    96.2830    96.8455    96.6486    96.3183    96.8194 
Age 3                         54.8765    44.8492    68.0464    43.1151    43.2697    43.2684    43.2064    43.4256    42.9997    43.2555    43.2578    43.4895    43.3460    43.1568 
Age 4                          9.5330    18.5502    15.3552    23.3059    14.6871    14.7711    14.8428    14.7687    14.8617    14.7007    14.8145    14.7804    14.8949    14.8008 
Age 5                          2.6907     2.9116     5.6172     4.6502     7.0737     4.4428     4.4590     4.4620     4.4714     4.4795     4.4357     4.4770     4.4612     4.5073 
Age 6                          0.9665     0.7729     0.8395     1.6254     1.3432     2.0459     1.2779     1.2874     1.2877     1.2855     1.2962     1.2760     1.2865     1.2842 
Age 7                          0.1591     0.2741     0.2230     0.2430     0.4704     0.3891     0.5922     0.3689     0.3715     0.3718     0.3715     0.3728     0.3681     0.3717 
Age 8                          0.1092     0.0464     0.0813     0.0662     0.0720     0.1395     0.1155     0.1756     0.1090     0.1101     0.1104     0.1097     0.1102     0.1090 
Age 9                          0.0085     0.0337     0.0142     0.0249     0.0203     0.0220     0.0427     0.0354     0.0539     0.0333     0.0337     0.0337     0.0334     0.0337 
Age 10                          0.0043     0.0027     0.0107     0.0045     0.0079     0.0064     0.0070     0.0135     0.0112     0.0170     0.0105     0.0106     0.0107     0.0105 
Age 11                          0.0014     0.0014     0.0009     0.0035     0.0014     0.0026     0.0021     0.0023     0.0044     0.0036     0.0055     0.0034     0.0034     0.0035 
Age 12                          0.0001     0.0005     0.0005     0.0003     0.0011     0.0005     0.0008     0.0007     0.0007     0.0015     0.0012     0.0018     0.0011     0.0011 
Age 13                          0.0000     0.0000     0.0002     0.0002     0.0001     0.0004     0.0002     0.0003     0.0002     0.0003     0.0005     0.0004     0.0006     0.0004 
Age 14                          0.0000     0.0000     0.0000     0.0001     0.0001     0.0000     0.0001     0.0001     0.0001     0.0001     0.0001     0.0002     0.0001     0.0002 
Age 15                          0.0000     0.0000     0.0000     0.0000     0.0000     0.0000     0.0000     0.0001     0.0000     0.0000     0.0000     0.0000     0.0001     0.0001 
