AGEPRO VERSION 4.2

Phased_Q_22502175

Date & Time of Run: 03 May 2024  17:22

Input File Name:    Phased_Q_22502175.inp

First Age Class:                         1
Number of Age Classes:                  15
Number of Years in Projection:          14
Number of Fleets:                        9
Number of Recruitment Models:            3
Number of Bootstraps:                  100
Number of Simulations:                 100

Bootstrap File Name:            C:\Users\jon.brodziak\Desktop\2024 WCNPO MLS Rebuilding\Bootstrap-numbers-at-age\2023_WCNPOMLS.bsn

Number of Feasible Solutions:       9980  of      10000 Realizations

Input Harvest Scenario

Year  Type        Fleet-1    Fleet-2    Fleet-3    Fleet-4    Fleet-5    Fleet-6    Fleet-7    Fleet-8    Fleet-9    

2021  F-Mult       0.1651     0.0453     0.2588     0.0166     0.0610     0.0487     0.0642     0.0722     0.3475 
2022  F-Mult       0.1651     0.0453     0.2588     0.0166     0.0610     0.0487     0.0642     0.0722     0.3475 
2023  F-Mult       0.1651     0.0453     0.2588     0.0166     0.0610     0.0487     0.0642     0.0722     0.3475 
2024  F-Mult       0.1651     0.0453     0.2588     0.0166     0.0610     0.0487     0.0642     0.0722     0.3475 
2025  Landings        323        128        669         59        195         87        169        303        316 
2026  Landings        323        128        669         59        195         87        169        303        316 
2027  Landings        323        128        669         59        195         87        169        303        316 
2028  Landings        312        124        647         57        189         84        163        293        305 
2029  Landings        312        124        647         57        189         84        163        293        305 
2030  Landings        312        124        647         57        189         84        163        293        305 
2031  Landings        312        124        647         57        189         84        163        293        305 
2032  Landings        312        124        647         57        189         84        163        293        305 
2033  Landings        312        124        647         57        189         84        163        293        305 
2034  Landings        312        124        647         57        189         84        163        293        305 

Recruitment Selection Distribution

Year  Selection-1 Selection-2 Selection-3 

2021      0.1182     0.8383     0.0435 
2022      0.1171     0.8432     0.0397 
2023      0.1171     0.8442     0.0387 
2024      0.1232     0.8375     0.0393 
2025      0.1224     0.8323     0.0453 
2026      0.1216     0.8368     0.0416 
2027      0.1176     0.8415     0.0409 
2028      0.1211     0.8402     0.0387 
2029      0.1196     0.8428     0.0376 
2030      0.1211     0.8375     0.0414 
2031      0.1164     0.8432     0.0404 
2032      0.1250     0.8379     0.0371 
2033      0.1209     0.8397     0.0394 
2034      0.1225     0.8382     0.0393 

Recruits        1000  Fish

Year Class   Average        StdDev
2021        173.4571       80.5770
2022        173.8076       80.0705
2023        173.2510       80.2419
2024        173.3392       79.2098
2025        174.6011       81.1121
2026        173.7351       82.3304
2027        172.5079       79.8453
2028        174.9174       80.7102
2029        173.7274       83.2936
2030        174.5531       82.2278
2031        174.0993       81.6235
2032        174.1841       82.3998
2033        173.4020       81.7404
2034        172.7255       81.7188

Recruits Distribution

Year Class 1%         5%         10%        25%        50%        75%        90%        95%        99%    
2021    68.6340    70.5490    79.2952   104.3477   168.4603   236.3873   280.6739   306.3683   325.6177
2022    68.6156    71.0901    79.2186   104.9900   168.6150   236.6554   278.8827   307.2000   324.8263
2023    68.6447    70.1727    78.7051   104.3030   168.5224   236.8302   278.5253   306.6300   325.3732
2024    68.6687    70.8142    79.1333   104.6188   168.3580   237.0547   281.0196   306.3504   325.0050
2025    68.6288    70.3405    79.2797   106.7136   168.7919   236.2665   280.7717   306.5741   325.2817
2026    68.6784    71.0842    79.0687   104.6427   168.4842   235.7865   278.7917   306.1024   325.6567
2027    68.6519    70.1831    78.7857   103.0147   168.4636   236.0460   280.4365   306.4988   325.1441
2028    68.6586    70.9262    79.0505   106.4870   168.7711   237.4001   281.5227   306.6718   325.5703
2029    68.6299    70.2884    79.1950   105.5031   168.5674   237.1951   279.8332   305.6084   325.5058
2030    68.6158    71.2848    79.0221   105.2585   168.7609   238.5465   281.2364   306.7600   325.4825
2031    68.5907    70.1111    78.7909   104.5700   168.5605   237.6760   279.4658   307.0659   330.3582
2032    68.6338    70.6029    79.3666   105.2620   168.6217   236.3249   279.4062   306.9295   331.0199
2033    68.6685    70.9305    79.1658   104.7830   168.4189   235.4479   279.5329   308.1871   325.5817
2034    68.6101    70.1316    78.9479   104.4134   168.4466   235.3150   277.3296   305.3553   325.5151

Spawning Stock Biomass  x       1000 MT

Year       Average        StdDev
2021        2.2948        0.4571
2022        2.6075        0.4299
2023        2.9390        0.6116
2024        2.5900        0.6363
2025        2.6312        0.8680
2026        2.9576        1.2822
2027        3.2678        1.5541
2028        3.5483        1.7488
2029        3.7867        1.8896
2030        3.9693        1.9569
2031        4.1256        2.0059
2032        4.2392        2.0670
2033        4.3332        2.1072
2034        4.4025        2.1245

Spawning Stock Biomass Distribution

Year        1%         5%         10%        25%        50%        75%        90%        95%        99%   
2021     1.4669     1.7327     1.8295     1.9964     2.2295     2.5111     2.8151     3.0307     4.1516 
2022     1.7637     1.9566     2.0805     2.3091     2.5773     2.8514     3.1975     3.3939     3.7781 
2023     1.8343     2.0708     2.2094     2.4941     2.8652     3.3025     3.7754     4.0871     4.6315 
2024     1.4746     1.6848     1.8278     2.1222     2.5178     2.9863     3.4315     3.7007     4.2614 
2025     1.0639     1.3750     1.5851     2.0006     2.5563     3.1720     3.7507     4.1100     4.9155 
2026     0.7014     1.1149     1.4164     2.0285     2.8352     3.7552     4.6114     5.1425     6.3755 
2027     0.5145     1.0105     1.3877     2.1260     3.1247     4.2506     5.2852     5.9555     7.5252 
2028     0.4453     1.0253     1.4263     2.2926     3.4015     4.6015     5.7979     6.5411     8.1752 
2029     0.4533     1.0582     1.5450     2.4373     3.6189     4.9107     6.1705     7.0374     9.0402 
2030     0.4443     1.1417     1.6439     2.5676     3.7914     5.1274     6.4891     7.3961     9.6073 
2031     0.4511     1.2167     1.7238     2.7088     3.9445     5.3051     6.6691     7.5824     9.7403 
2032     0.4531     1.2803     1.7806     2.7868     4.0622     5.4300     6.8226     7.7504    10.1123 
2033     0.4676     1.2986     1.8297     2.8816     4.1378     5.5671     7.0140     7.9216    10.1840 
2034     0.5336     1.3141     1.8753     2.9043     4.2038     5.6663     7.0940     8.0040    10.3302 

JAN-1 Stock Biomass  x       1000 MT

Year       Average        StdDev
2021        9.2915        1.5929
2022        9.4691        1.7976
2023        8.9795        1.8979
2024        8.4088        1.9336
2025        8.1051        1.9319
2026        8.5375        2.2977
2027        8.9023        2.5676
2028        9.1864        2.7475
2029        9.4895        2.8497
2030        9.7277        2.9538
2031        9.9146        3.0072
2032       10.0535        3.0634
2033       10.1689        3.1163
2034       10.2452        3.1213

JAN-1 Stock Biomass Distribution

Year       1%         5%         10%        25%        50%        75%        90%        95%        99%    
2021     6.3221     6.9654     7.3644     8.1614     9.1704    10.1454    11.5388    12.2754    13.6664 
2022     6.1111     6.8296     7.2561     8.1738     9.3155    10.5967    11.8581    12.6538    14.2783 
2023     5.4203     6.1562     6.6597     7.6270     8.8293    10.1700    11.4374    12.2082    13.9529 
2024     4.7396     5.5112     6.0481     7.0219     8.2871     9.6095    10.8902    11.6998    13.4144 
2025     4.4540     5.1931     5.6925     6.7352     7.9889     9.3268    10.5893    11.3870    13.1740 
2026     4.0841     5.0181     5.6812     6.9055     8.4205    10.0008    11.4784    12.4150    14.4970 
2027     3.8329     4.9996     5.7440     7.0902     8.7449    10.5235    12.1576    13.2333    15.6553 
2028     3.8188     5.0038     5.8425     7.2855     9.0051    10.9061    12.7043    13.8263    16.5282 
2029     3.8031     5.1685     6.0354     7.5319     9.2945    11.2484    13.1119    14.3453    17.0226 
2030     3.7994     5.3030     6.1902     7.7454     9.5298    11.4894    13.3756    14.6941    17.6442 
2031     3.7609     5.4158     6.2885     7.8980     9.7434    11.6893    13.6618    15.0304    18.1178 
2032     3.8016     5.4216     6.3526     7.9837     9.8635    11.8888    13.8926    15.2438    18.3832 
2033     3.9453     5.5055     6.4488     8.0451     9.9958    12.0138    14.0581    15.4139    18.6319 
2034     3.9174     5.6178     6.4841     8.1091    10.0420    12.1049    14.1484    15.5682    18.8867 

Mean Biomass  x       1000 MT

Year       Average        StdDev
2021        8.4098        1.5238
2022        8.2073        1.7190
2023        7.6275        1.7546
2024        7.1879        1.7815
2025        7.2938        2.0498
2026        7.7069        2.3715
2027        8.0465        2.6282
2028        8.3301        2.7627
2029        8.6076        2.8497
2030        8.8153        2.9385
2031        8.9902        2.9947
2032        9.1159        3.0481
2033        9.2111        3.0717
2034        9.2742        3.0835

Mean Biomass Distribution

Year       1%         5%         10%        25%        50%        75%        90%        95%        99%    
2021     5.6568     6.2056     6.5790     7.2786     8.2948     9.2783    10.5711    11.2971    12.5005 
2022     5.0847     5.6931     6.1291     6.9454     8.0399     9.2843    10.4494    11.2456    12.7458 
2023     4.3442     5.0132     5.4591     6.3874     7.4912     8.7392     9.8882    10.6029    12.3190 
2024     3.8685     4.5333     5.0126     5.9098     7.0604     8.2937     9.4679    10.2280    11.9261 
2025     3.4334     4.2081     4.7363     5.8303     7.1660     8.5654     9.9796    10.7442    12.6665 
2026     3.0519     4.1373     4.7883     6.0142     7.5652     9.2261    10.7351    11.7018    13.9046 
2027     2.8385     4.0881     4.8373     6.2215     7.8756     9.6767    11.3361    12.4957    15.0561 
2028     2.8836     4.1047     4.9728     6.4054     8.1415    10.0193    11.7803    13.0536    15.6996 
2029     2.9177     4.2827     5.1500     6.6622     8.4042    10.3491    12.2153    13.4716    16.2789 
2030     2.9451     4.4720     5.2944     6.8119     8.6356    10.5828    12.4560    13.6884    16.7730 
2031     2.9870     4.4869     5.4108     6.9328     8.8110    10.7772    12.7230    14.0705    17.1619 
2032     2.9222     4.5902     5.4277     7.0439     8.9111    10.9440    12.9571    14.2585    17.4444 
2033     3.0778     4.6004     5.5433     7.0931     9.0225    11.0575    13.0569    14.4013    17.6389 
2034     3.0886     4.7172     5.6050     7.1839     9.0375    11.0761    13.1491    14.5095    17.8248 

Combined Catch Biomass  x       1000 MT

Year       Average        StdDev
2021        2.9747        0.4777
2022        3.4211        0.5694
2023        3.3787        0.6659
2024        3.0867        0.6879
2025        2.2500        0.0000
2026        2.2500        0.0000
2027        2.2498        0.0225
2028        2.1746        0.0308
2029        2.1735        0.0575
2030        2.1728        0.0687
2031        2.1722        0.0784
2032        2.1722        0.0784
2033        2.1715        0.0869
2034        2.1706        0.0972

Combined Catch Distribution

Year       1%         5%         10%        25%        50%        75%        90%        95%        99%    
2021     1.9691     2.3549     2.4533     2.6671     2.9134     3.2288     3.5533     3.7892     4.7140 
2022     2.3617     2.5813     2.7268     3.0046     3.3789     3.7468     4.2148     4.4975     4.9256 
2023     2.1432     2.3986     2.5605     2.8951     3.3238     3.7987     4.2465     4.5395     5.1945 
2024     1.8064     2.0563     2.2329     2.5959     3.0416     3.5166     3.9747     4.2566     4.9255 
2025     2.2500     2.2500     2.2500     2.2500     2.2500     2.2500     2.2500     2.2500     2.2500 
2026     2.2500     2.2500     2.2500     2.2500     2.2500     2.2500     2.2500     2.2500     2.2500 
2027     2.2500     2.2500     2.2500     2.2500     2.2500     2.2500     2.2500     2.2500     2.2500 
2028     2.1750     2.1750     2.1750     2.1750     2.1750     2.1750     2.1750     2.1750     2.1750 
2029     2.1750     2.1750     2.1750     2.1750     2.1750     2.1750     2.1750     2.1750     2.1750 
2030     2.1750     2.1750     2.1750     2.1750     2.1750     2.1750     2.1750     2.1750     2.1750 
2031     2.1750     2.1750     2.1750     2.1750     2.1750     2.1750     2.1750     2.1750     2.1750 
2032     2.1750     2.1750     2.1750     2.1750     2.1750     2.1750     2.1750     2.1750     2.1750 
2033     2.1750     2.1750     2.1750     2.1750     2.1750     2.1750     2.1750     2.1750     2.1750 
2034     2.1750     2.1750     2.1750     2.1750     2.1750     2.1750     2.1750     2.1750     2.1750 

Landings  x       1000 MT

Year       Average        StdDev
2021        2.9747        0.4777
2022        3.4211        0.5694
2023        3.3787        0.6659
2024        3.0867        0.6879
2025        2.2500        0.0000
2026        2.2500        0.0000
2027        2.2498        0.0225
2028        2.1746        0.0308
2029        2.1735        0.0575
2030        2.1728        0.0687
2031        2.1722        0.0784
2032        2.1722        0.0784
2033        2.1715        0.0869
2034        2.1706        0.0972

Landings Distribution

Year       1%         5%         10%        25%        50%        75%        90%        95%        99%    
2021     1.9691     2.3549     2.4533     2.6671     2.9134     3.2288     3.5533     3.7892     4.7140 
2022     2.3617     2.5813     2.7268     3.0046     3.3789     3.7468     4.2148     4.4975     4.9256 
2023     2.1432     2.3986     2.5605     2.8951     3.3238     3.7987     4.2465     4.5395     5.1945 
2024     1.8064     2.0563     2.2329     2.5959     3.0416     3.5166     3.9747     4.2566     4.9255 
2025     2.2500     2.2500     2.2500     2.2500     2.2500     2.2500     2.2500     2.2500     2.2500 
2026     2.2500     2.2500     2.2500     2.2500     2.2500     2.2500     2.2500     2.2500     2.2500 
2027     2.2500     2.2500     2.2500     2.2500     2.2500     2.2500     2.2500     2.2500     2.2500 
2028     2.1750     2.1750     2.1750     2.1750     2.1750     2.1750     2.1750     2.1750     2.1750 
2029     2.1750     2.1750     2.1750     2.1750     2.1750     2.1750     2.1750     2.1750     2.1750 
2030     2.1750     2.1750     2.1750     2.1750     2.1750     2.1750     2.1750     2.1750     2.1750 
2031     2.1750     2.1750     2.1750     2.1750     2.1750     2.1750     2.1750     2.1750     2.1750 
2032     2.1750     2.1750     2.1750     2.1750     2.1750     2.1750     2.1750     2.1750     2.1750 
2033     2.1750     2.1750     2.1750     2.1750     2.1750     2.1750     2.1750     2.1750     2.1750 
2034     2.1750     2.1750     2.1750     2.1750     2.1750     2.1750     2.1750     2.1750     2.1750 

Total Fishing Mortality

Year       Average        StdDev
2021        1.0794        0.0000
2022        1.0794        0.0000
2023        1.0794        0.0000
2024        1.0794        0.0000
2025        0.8503        0.2636
2026        0.8330        0.3916
2027        0.8119        0.5014
2028        0.7572        0.5518
2029        0.7218        0.5567
2030        0.6906        0.5414
2031        0.6652        0.5165
2032        0.6516        0.5361
2033        0.6402        0.5405
2034        0.6238        0.4744

Total Fishing Mortality Distribution

Year       1%         5%         10%        25%        50%        75%        90%        95%        99%    
2021     1.0794     1.0794     1.0794     1.0794     1.0794     1.0794     1.0794     1.0794     1.0794 
2022     1.0794     1.0794     1.0794     1.0794     1.0794     1.0794     1.0794     1.0794     1.0794 
2023     1.0794     1.0794     1.0794     1.0794     1.0794     1.0794     1.0794     1.0794     1.0794 
2024     1.0794     1.0794     1.0794     1.0794     1.0794     1.0794     1.0794     1.0794     1.0794 
2025     0.4457     0.5277     0.5732     0.6645     0.7940     0.9807     1.2018     1.3662     1.6827 
2026     0.3617     0.4385     0.4832     0.5797     0.7305     0.9650     1.3051     1.5844     2.2881 
2027     0.3140     0.3860     0.4319     0.5193     0.6782     0.9254     1.3209     1.6809     2.7606 
2028     0.2765     0.3418     0.3815     0.4676     0.6123     0.8485     1.2296     1.6375     3.0097 
2029     0.2569     0.3201     0.3611     0.4433     0.5798     0.8053     1.1600     1.5742     2.8770 
2030     0.2462     0.3077     0.3470     0.4266     0.5556     0.7675     1.1065     1.4629     2.7476 
2031     0.2377     0.3003     0.3384     0.4141     0.5389     0.7383     1.0623     1.4001     2.7744 
2032     0.2324     0.2948     0.3306     0.4058     0.5246     0.7207     1.0380     1.3621     2.6456 
2033     0.2317     0.2885     0.3237     0.3985     0.5151     0.7034     1.0227     1.3288     2.6132 
2034     0.2271     0.2865     0.3200     0.3931     0.5081     0.6948     0.9992     1.3087     2.3700 

JAN-1 Stock Numbers at Age  -       1000  Fish

2021

Age        1%         5%         10%        25%        50%        75%        90%        95%        99%    
1      140.2370   175.0900   184.8320   216.7130   261.1480   317.3690   385.6290   409.5080   464.9250
2       58.9389    77.9477    80.8620    85.4451   100.4175   112.5240   125.3470   138.4980   148.4390
3       34.1986    41.3466    43.5177    47.9381    54.8765    60.4455    67.3245    74.4817    84.8335
4        4.4701     6.3288     7.3712     8.3369     9.5330    10.8358    12.5169    14.0136    20.6054
5        1.2938     1.6031     1.7337     2.2441     2.6907     3.2695     4.2092     4.8898     7.4995
6        0.2917     0.4842     0.6024     0.6936     0.9665     1.2287     1.8234     2.1765     5.0518
7        0.0278     0.0584     0.0739     0.1025     0.1591     0.2261     0.3164     0.3996     1.3049
8        0.0082     0.0292     0.0370     0.0584     0.1092     0.1670     0.2575     0.4456     2.1858
9        0.0003     0.0014     0.0021     0.0035     0.0085     0.0144     0.0223     0.0334     0.2402
10        0.0001     0.0005     0.0007     0.0015     0.0043     0.0069     0.0143     0.0242     0.2609
11        0.0000     0.0001     0.0002     0.0004     0.0014     0.0028     0.0051     0.0082     0.1988
12        0.0000     0.0000     0.0000     0.0000     0.0001     0.0003     0.0005     0.0008     0.0280
13        0.0000     0.0000     0.0000     0.0000     0.0000     0.0002     0.0003     0.0005     0.0316
14        0.0000     0.0000     0.0000     0.0000     0.0000     0.0000     0.0001     0.0001     0.0183
15+       0.0000     0.0000     0.0000     0.0000     0.0000     0.0000     0.0000     0.0000     0.0127

2022

Age        1%         5%         10%        25%        50%        75%        90%        95%        99%    
1       68.6340    70.5490    79.2952   104.3477   168.4603   236.3873   280.6739   306.3683   325.6177
2       85.7577   100.1488   107.1203   123.9647   150.4101   184.6267   222.6175   242.2787   276.1498
3       26.7123    34.4139    36.2886    39.2354    44.7193    51.0828    57.9646    62.9264    70.9023
4       12.0055    13.8990    14.9568    16.4924    18.5530    20.8160    23.6739    26.0078    31.7037
5        1.4486     1.9595     2.2012     2.5195     2.9080     3.3194     3.8995     4.2915     6.5086
6        0.3767     0.4615     0.5099     0.6459     0.7736     0.9525     1.2374     1.4452     2.3639
7        0.0954     0.1450     0.1715     0.2055     0.2734     0.3646     0.5301     0.6298     1.6517
8        0.0095     0.0178     0.0220     0.0304     0.0466     0.0676     0.0973     0.1265     0.4320
9        0.0028     0.0092     0.0114     0.0184     0.0336     0.0513     0.0816     0.1363     0.7400
10        0.0001     0.0004     0.0007     0.0011     0.0027     0.0046     0.0074     0.0111     0.0884
11        0.0000     0.0002     0.0002     0.0005     0.0014     0.0023     0.0050     0.0080     0.0979
12        0.0000     0.0000     0.0001     0.0001     0.0005     0.0009     0.0017     0.0028     0.0738
13        0.0000     0.0000     0.0000     0.0000     0.0000     0.0001     0.0002     0.0003     0.0106
14        0.0000     0.0000     0.0000     0.0000     0.0000     0.0001     0.0001     0.0002     0.0122
15+       0.0000     0.0000     0.0000     0.0000     0.0000     0.0000     0.0000     0.0001     0.0121

2023

Age        1%         5%         10%        25%        50%        75%        90%        95%        99%    
1       68.6156    71.0901    79.2186   104.9900   168.6150   236.6554   278.8827   307.2000   324.8263
2       37.9676    41.3585    45.3831    59.7523    96.4536   136.8391   163.0266   176.9333   198.6614
3       38.3499    44.7924    48.2556    56.0718    68.0269    83.5979   101.2039   110.2014   125.4705
4        9.0943    11.5423    12.2599    13.4737    15.3150    17.5716    20.0873    21.6757    24.5984
5        3.6128     4.1680     4.5043     4.9935     5.6226     6.3499     7.2176     7.9119     9.4763
6        0.4186     0.5629     0.6303     0.7263     0.8419     0.9652     1.1324     1.2552     1.8674
7        0.1079     0.1325     0.1478     0.1854     0.2235     0.2768     0.3593     0.4196     0.7270
8        0.0286     0.0432     0.0502     0.0609     0.0814     0.1090     0.1581     0.1866     0.4941
9        0.0030     0.0054     0.0067     0.0093     0.0141     0.0207     0.0297     0.0392     0.1361
10        0.0009     0.0029     0.0036     0.0058     0.0106     0.0163     0.0259     0.0431     0.2491
11        0.0000     0.0001     0.0002     0.0004     0.0009     0.0015     0.0024     0.0036     0.0287
12        0.0000     0.0001     0.0001     0.0002     0.0005     0.0008     0.0016     0.0027     0.0331
13        0.0000     0.0000     0.0000     0.0000     0.0002     0.0003     0.0006     0.0009     0.0261
14        0.0000     0.0000     0.0000     0.0000     0.0000     0.0000     0.0001     0.0001     0.0040
15+       0.0000     0.0000     0.0000     0.0000     0.0000     0.0000     0.0000     0.0001     0.0083

2024

Age        1%         5%         10%        25%        50%        75%        90%        95%        99%    
1       68.6447    70.1727    78.7051   104.3030   168.5224   236.8302   278.5253   306.6300   325.3732
2       38.1523    41.6269    45.3908    60.1205    97.1262   135.5965   162.8459   176.7295   197.4478
3       16.7850    18.6382    20.4867    26.8812    43.2829    61.4255    74.1223    80.2086    91.7885
4       13.1316    15.1837    16.4491    19.1923    23.3668    28.7648    34.7459    37.9996    43.6518
5        2.7567     3.4451     3.6950     4.0807     4.6412     5.3516     6.1163     6.6166     7.5508
6        1.0309     1.1929     1.2898     1.4375     1.6267     1.8450     2.1048     2.3064     2.7499
7        0.1199     0.1620     0.1803     0.2089     0.2435     0.2806     0.3287     0.3669     0.5422
8        0.0318     0.0388     0.0437     0.0547     0.0663     0.0828     0.1078     0.1264     0.2185
9        0.0087     0.0131     0.0151     0.0186     0.0249     0.0337     0.0487     0.0573     0.1492
10        0.0010     0.0017     0.0021     0.0029     0.0045     0.0066     0.0094     0.0126     0.0456
11        0.0003     0.0009     0.0011     0.0019     0.0034     0.0053     0.0084     0.0139     0.0849
12        0.0000     0.0000     0.0001     0.0001     0.0003     0.0005     0.0008     0.0012     0.0093
13        0.0000     0.0000     0.0000     0.0001     0.0002     0.0003     0.0006     0.0009     0.0111
14        0.0000     0.0000     0.0000     0.0000     0.0001     0.0001     0.0002     0.0003     0.0097
15+       0.0000     0.0000     0.0000     0.0000     0.0000     0.0000     0.0000     0.0001     0.0043

2025

Age        1%         5%         10%        25%        50%        75%        90%        95%        99%    
1       68.6687    70.8142    79.1333   104.6188   168.3580   237.0547   281.0196   306.3504   325.0050
2       38.1003    41.0630    44.8011    59.5402    97.0059   136.6641   161.9499   176.5941   195.7264
3       16.7036    18.7362    20.5231    27.0974    43.6375    60.9332    74.1202    80.0634    91.7267
4        5.6666     6.3509     7.0126     9.2191    14.7366    21.0441    25.5235    27.7516    32.5893
5        3.9443     4.5554     4.9551     5.8006     7.0748     8.7487    10.5100    11.6057    13.3525
6        0.8010     0.9842     1.0594     1.1747     1.3425     1.5508     1.7801     1.9295     2.2121
7        0.2959     0.3412     0.3683     0.4138     0.4699     0.5366     0.6146     0.6710     0.8075
8        0.0358     0.0474     0.0529     0.0616     0.0722     0.0840     0.0986     0.1106     0.1619
9        0.0097     0.0118     0.0134     0.0166     0.0203     0.0255     0.0331     0.0388     0.0668
10        0.0028     0.0041     0.0048     0.0059     0.0079     0.0107     0.0153     0.0182     0.0467
11        0.0003     0.0006     0.0007     0.0009     0.0014     0.0021     0.0030     0.0041     0.0157
12        0.0001     0.0003     0.0004     0.0006     0.0011     0.0018     0.0028     0.0046     0.0269
13        0.0000     0.0000     0.0000     0.0000     0.0001     0.0002     0.0003     0.0004     0.0031
14        0.0000     0.0000     0.0000     0.0000     0.0001     0.0001     0.0002     0.0003     0.0037
15+       0.0000     0.0000     0.0000     0.0000     0.0000     0.0000     0.0001     0.0001     0.0047

2026

Age        1%         5%         10%        25%        50%        75%        90%        95%        99%    
1       68.6288    70.3405    79.2797   106.7136   168.7919   236.2665   280.7717   306.5741   325.2817
2       38.0520    41.6390    45.6383    60.3979    97.6014   139.4778   167.0227   180.3897   202.7907
3       14.7514    17.9450    20.1382    27.5560    47.2956    69.3309    85.5202    93.9343   109.5621
4        4.4656     6.0040     7.0376    10.0006    17.3805    26.0631    33.7640    37.6090    44.5801
5        1.3171     1.9069     2.2850     3.1691     5.2884     7.9332    10.5146    11.7912    14.5224
6        0.9253     1.2894     1.5133     1.9325     2.5094     3.2467     4.0351     4.5665     5.5266
7        0.2008     0.2725     0.3125     0.3882     0.4780     0.5792     0.6849     0.7528     0.9039
8        0.0729     0.0992     0.1138     0.1399     0.1703     0.2043     0.2389     0.2659     0.3204
9        0.0104     0.0146     0.0170     0.0214     0.0265     0.0323     0.0390     0.0446     0.0635
10        0.0029     0.0039     0.0046     0.0059     0.0077     0.0099     0.0131     0.0156     0.0263
11        0.0009     0.0014     0.0017     0.0022     0.0030     0.0042     0.0061     0.0074     0.0186
12        0.0001     0.0002     0.0002     0.0004     0.0006     0.0008     0.0012     0.0016     0.0060
13        0.0000     0.0001     0.0001     0.0002     0.0004     0.0007     0.0011     0.0018     0.0111
14        0.0000     0.0000     0.0000     0.0000     0.0000     0.0001     0.0001     0.0002     0.0013
15+       0.0000     0.0000     0.0000     0.0000     0.0000     0.0001     0.0001     0.0002     0.0035

2027

Age        1%         5%         10%        25%        50%        75%        90%        95%        99%    
1       68.6784    71.0842    79.0687   104.6427   168.4842   235.7865   278.7917   306.1024   325.6567
2       37.8286    41.7219    45.9248    61.6915    98.6055   139.2874   167.2532   181.5926   203.7604
3       12.8579    17.7446    20.6413    28.3455    48.0063    71.7740    89.9892    98.2020   114.8510
4        2.7922     4.9501     6.6064    10.3299    19.5355    31.2158    41.4069    46.9988    57.3969
5        0.6374     1.4533     2.0511     3.5007     6.5413    10.7261    15.1172    17.4551    22.2530
6        0.1808     0.4451     0.6482     1.0916     1.8960     3.1039     4.4512     5.2862     6.9405
7        0.1181     0.2740     0.3955     0.6350     0.9502     1.3232     1.7395     2.0308     2.5773
8        0.0257     0.0593     0.0821     0.1282     0.1854     0.2443     0.3044     0.3456     0.4229
9        0.0097     0.0227     0.0312     0.0477     0.0673     0.0874     0.1080     0.1210     0.1528
10        0.0016     0.0036     0.0049     0.0075     0.0106     0.0140     0.0177     0.0205     0.0283
11        0.0005     0.0010     0.0014     0.0022     0.0031     0.0043     0.0058     0.0071     0.0113
12        0.0002     0.0004     0.0005     0.0008     0.0012     0.0018     0.0026     0.0033     0.0081
13        0.0000     0.0001     0.0001     0.0001     0.0002     0.0004     0.0005     0.0007     0.0027
14        0.0000     0.0000     0.0001     0.0001     0.0002     0.0003     0.0005     0.0007     0.0048
15+       0.0000     0.0000     0.0000     0.0000     0.0000     0.0001     0.0001     0.0001     0.0021

2028

Age        1%         5%         10%        25%        50%        75%        90%        95%        99%    
1       68.6519    70.1831    78.7857   103.0147   168.4636   236.0460   280.4365   306.4988   325.1441
2       37.6499    41.8248    45.8925    60.8344    98.3190   139.3628   167.8571   181.7600   207.3690
3       11.6883    17.8080    21.0081    29.5489    49.1917    72.1126    90.7087    99.9324   116.7019
4        1.8597     4.6578     6.5994    10.9899    20.2002    33.3253    44.7346    50.3311    62.1283
5        0.2998     1.0636     1.8516     3.6561     7.6510    13.6635    19.6001    22.9636    29.6855
6        0.0605     0.2977     0.5466     1.2086     2.4945     4.5064     6.8453     8.2294    11.2438
7        0.0190     0.0896     0.1685     0.3805     0.7339     1.3008     2.0041     2.4765     3.5354
8        0.0109     0.0521     0.1007     0.2148     0.3840     0.5818     0.8110     0.9643     1.2730
9        0.0026     0.0118     0.0215     0.0448     0.0760     0.1107     0.1460     0.1698     0.2151
10        0.0011     0.0046     0.0084     0.0170     0.0280     0.0403     0.0524     0.0604     0.0784
11        0.0002     0.0008     0.0014     0.0027     0.0045     0.0065     0.0087     0.0102     0.0139
12        0.0001     0.0002     0.0004     0.0008     0.0013     0.0020     0.0028     0.0034     0.0055
13        0.0000     0.0001     0.0002     0.0003     0.0005     0.0008     0.0012     0.0016     0.0035
14        0.0000     0.0000     0.0000     0.0001     0.0001     0.0002     0.0003     0.0003     0.0012
15+       0.0000     0.0000     0.0000     0.0000     0.0001     0.0002     0.0003     0.0004     0.0032

2029

Age        1%         5%         10%        25%        50%        75%        90%        95%        99%    
1       68.6586    70.9262    79.0505   106.4870   168.7711   237.4001   281.5227   306.6718   325.5703
2       37.9040    41.9199    45.7504    59.9437    98.2139   139.6419   167.9925   182.1615   206.1434
3       11.3688    18.2311    21.5423    29.7528    49.8816    72.5515    92.3541   101.8742   120.4355
4        1.4237     4.9264     7.2075    11.9192    21.5844    34.3289    46.3292    52.3790    64.0649
5        0.1517     1.0382     1.9288     4.1094     8.4037    15.2283    21.9745    25.6926    32.9463
6        0.0234     0.2272     0.4964     1.3119     3.0638     6.0827     9.2938    11.3489    15.8098
7        0.0055     0.0603     0.1521     0.4319     1.0053     2.0199     3.2368     4.0701     5.8409
8        0.0016     0.0193     0.0469     0.1359     0.3068     0.5895     0.9610     1.2191     1.8406
9        0.0010     0.0115     0.0280     0.0787     0.1652     0.2739     0.4004     0.4841     0.6754
10        0.0003     0.0026     0.0061     0.0168     0.0329     0.0528     0.0738     0.0866     0.1155
11        0.0001     0.0011     0.0025     0.0064     0.0124     0.0196     0.0266     0.0312     0.0417
12        0.0000     0.0002     0.0004     0.0011     0.0020     0.0032     0.0044     0.0052     0.0074
13        0.0000     0.0001     0.0001     0.0003     0.0006     0.0010     0.0014     0.0018     0.0028
14        0.0000     0.0000     0.0001     0.0001     0.0002     0.0004     0.0006     0.0008     0.0017
15+       0.0000     0.0000     0.0000     0.0000     0.0001     0.0002     0.0003     0.0004     0.0021

2030

Age        1%         5%         10%        25%        50%        75%        90%        95%        99%    
1       68.6299    70.2884    79.1950   105.5031   168.5674   237.1951   279.8332   305.6084   325.5058
2       38.1141    42.2796    46.2132    62.2253    99.3218   140.8778   168.2879   183.0451   208.4021
3       11.0792    18.8586    21.9408    29.7558    50.1693    73.5071    92.8915   102.2940   120.1745
4        1.4823     5.0603     7.5930    12.4449    22.3940    35.1938    47.4417    54.2304    67.1867
5        0.1384     1.1422     2.1615     4.6009     9.0898    16.0831    23.1053    26.9248    34.9684
6        0.0137     0.2243     0.5590     1.5071     3.4822     7.0021    10.6138    12.9135    17.7385
7        0.0017     0.0495     0.1405     0.4893     1.2773     2.7577     4.5420     5.7044     8.3464
8        0.0005     0.0144     0.0446     0.1616     0.4269     0.9340     1.5712     2.0309     3.1132
9        0.0002     0.0048     0.0142     0.0513     0.1345     0.2745     0.4740     0.6161     0.9842
10        0.0001     0.0028     0.0086     0.0302     0.0731     0.1325     0.2040     0.2520     0.3645
11        0.0000     0.0007     0.0019     0.0065     0.0148     0.0262     0.0379     0.0458     0.0639
12        0.0000     0.0003     0.0008     0.0025     0.0056     0.0097     0.0138     0.0167     0.0234
13        0.0000     0.0000     0.0001     0.0004     0.0009     0.0016     0.0023     0.0028     0.0041
14        0.0000     0.0000     0.0000     0.0001     0.0003     0.0005     0.0007     0.0009     0.0015
15+       0.0000     0.0000     0.0000     0.0001     0.0002     0.0003     0.0005     0.0006     0.0018

2031

Age        1%         5%         10%        25%        50%        75%        90%        95%        99%    
1       68.6158    71.2848    79.0221   105.2585   168.7609   238.5465   281.2364   306.7600   325.4825
2       37.6883    42.0248    46.2898    61.5234    99.0152   140.7465   167.6582   181.9752   204.7869
3       11.6993    19.1048    22.5909    31.4054    51.4158    74.8050    93.4135   102.8462   121.4659
4        1.3425     5.5301     8.0279    12.6344    22.6596    35.7838    48.4412    54.7979    66.7908
5        0.1355     1.2256     2.3610     4.9230     9.6697    16.6217    23.8738    28.2519    37.1791
6        0.0140     0.2549     0.6310     1.7514     3.8884     7.4476    11.4245    13.7153    18.7897
7        0.0013     0.0514     0.1660     0.5638     1.4845     3.2450     5.2370     6.6241     9.5011
8        0.0002     0.0124     0.0429     0.1853     0.5493     1.2850     2.2478     2.9109     4.4864
9        0.0001     0.0038     0.0140     0.0640     0.1903     0.4455     0.7883     1.0552     1.6944
10        0.0000     0.0013     0.0045     0.0205     0.0612     0.1330     0.2396     0.3194     0.5339
11        0.0000     0.0008     0.0028     0.0120     0.0335     0.0661     0.1055     0.1351     0.2011
12        0.0000     0.0002     0.0006     0.0026     0.0068     0.0132     0.0200     0.0247     0.0356
13        0.0000     0.0001     0.0003     0.0010     0.0026     0.0049     0.0073     0.0090     0.0130
14        0.0000     0.0000     0.0000     0.0002     0.0004     0.0008     0.0012     0.0015     0.0023
15+       0.0000     0.0000     0.0000     0.0001     0.0002     0.0004     0.0006     0.0008     0.0017

2032

Age        1%         5%         10%        25%        50%        75%        90%        95%        99%    
1       68.5907    70.1111    78.7909   104.5700   168.5605   237.6760   279.4658   307.0659   330.3582
2       37.8230    42.2526    46.3693    61.5826    99.7647   141.6318   169.0638   182.8013   207.9433
3       11.7064    19.4149    22.6067    31.1449    51.0840    75.4383    93.7492   102.8717   121.2145
4        1.5656     5.9197     8.5824    13.5823    23.5647    36.7110    48.7504    55.2397    68.6573
5        0.1440     1.4262     2.6062     5.1393     9.8972    17.0761    24.5335    28.6241    37.4106
6        0.0121     0.3007     0.7075     1.8972     4.1631     7.7853    11.8228    14.4525    20.3518
7        0.0014     0.0619     0.1908     0.6680     1.6919     3.4987     5.7104     7.0283    10.1778
8        0.0002     0.0132     0.0525     0.2231     0.6602     1.5264     2.6336     3.4487     5.2053
9        0.0000     0.0034     0.0138     0.0731     0.2468     0.6219     1.1471     1.5084     2.4350
10        0.0000     0.0011     0.0045     0.0260     0.0866     0.2155     0.4009     0.5573     0.9232
11        0.0000     0.0004     0.0015     0.0086     0.0281     0.0655     0.1234     0.1675     0.2929
12        0.0000     0.0002     0.0010     0.0050     0.0157     0.0332     0.0556     0.0723     0.1130
13        0.0000     0.0001     0.0002     0.0011     0.0032     0.0067     0.0106     0.0135     0.0202
14        0.0000     0.0000     0.0001     0.0004     0.0012     0.0025     0.0039     0.0049     0.0075
15+       0.0000     0.0000     0.0000     0.0001     0.0003     0.0006     0.0010     0.0012     0.0021

2033

Age        1%         5%         10%        25%        50%        75%        90%        95%        99%    
1       68.6338    70.6029    79.3666   105.2620   168.6217   236.3249   279.4062   306.9295   331.0199
2       37.6271    42.0277    46.0688    61.0076    99.5353   141.4401   169.4758   182.9886   210.6247
3       11.8986    19.5710    22.8715    31.2884    52.1858    75.9288    94.6946   103.8227   122.3014
4        1.5938     6.1228     8.5616    13.5581    23.4128    37.1013    48.9882    55.0634    68.9003
5        0.1431     1.5765     2.8367     5.5827    10.3313    17.6313    24.8985    28.9338    38.0057
6        0.0119     0.3549     0.8222     2.0254     4.3389     8.1372    12.2938    14.8082    20.5910
7        0.0010     0.0758     0.2156     0.7467     1.8537     3.6995     5.9670     7.4826    11.1000
8        0.0002     0.0147     0.0642     0.2680     0.7522     1.6883     2.8664     3.6644     5.6887
9        0.0000     0.0035     0.0178     0.0909     0.2980     0.7392     1.3397     1.7992     2.8138
10        0.0000     0.0010     0.0048     0.0306     0.1137     0.3082     0.5861     0.7916     1.3498
11        0.0000     0.0003     0.0017     0.0106     0.0402     0.1064     0.2078     0.2969     0.5120
12        0.0000     0.0001     0.0006     0.0037     0.0133     0.0329     0.0645     0.0889     0.1611
13        0.0000     0.0001     0.0003     0.0021     0.0074     0.0169     0.0294     0.0392     0.0620
14        0.0000     0.0000     0.0001     0.0005     0.0015     0.0034     0.0057     0.0074     0.0114
15+       0.0000     0.0000     0.0000     0.0002     0.0008     0.0016     0.0026     0.0033     0.0054

2034

Age        1%         5%         10%        25%        50%        75%        90%        95%        99%    
1       68.6685    70.9305    79.1658   104.7830   168.4189   235.4479   279.5329   308.1871   325.5817
2       37.7427    42.3642    46.3465    61.9567    99.5335   139.9106   168.6653   183.4789   210.9846
3       11.6927    19.8867    22.9537    31.0595    52.0357    76.5300    94.7844   103.7423   124.3502
4        1.4917     6.2586     8.8301    13.7750    24.1548    37.7881    49.8412    55.9391    69.1621
5        0.1427     1.6519     2.8630     5.5893    10.5108    17.9895    24.9674    29.2273    38.1340
6        0.0125     0.3971     0.8840     2.2276     4.5370     8.3436    12.5445    14.9837    21.0336
7        0.0011     0.0888     0.2542     0.8054     1.9286     3.8874     6.1616     7.7641    11.1309
8        0.0001     0.0201     0.0703     0.3020     0.8357     1.7902     3.0047     3.9374     6.0930
9        0.0000     0.0044     0.0216     0.1105     0.3454     0.8261     1.4561     1.9307     3.1031
10        0.0000     0.0011     0.0064     0.0374     0.1379     0.3643     0.6942     0.9644     1.5493
11        0.0000     0.0003     0.0017     0.0130     0.0533     0.1525     0.3095     0.4253     0.7492
12        0.0000     0.0001     0.0007     0.0045     0.0190     0.0538     0.1092     0.1587     0.2817
13        0.0000     0.0000     0.0002     0.0016     0.0064     0.0168     0.0338     0.0483     0.0894
14        0.0000     0.0000     0.0001     0.0009     0.0035     0.0086     0.0158     0.0215     0.0350
15+       0.0000     0.0000     0.0000     0.0003     0.0011     0.0026     0.0045     0.0059     0.0093

Probability Spawning Stock Biomass Exceeds Threshold      3.660 (1000 MT)

Year    Probability

2021    0.018400
2022    0.017900
2023    0.128900
2024    0.055600
2025    0.117300
2026    0.271500
2027    0.371000
2028    0.437700
2029    0.491500
2030    0.526000
2031    0.558200
2032    0.583300
2033    0.596600
2034    0.608000

Probability Threshold Exceeded at Least Once =     0.8479

Probability Total Fishing Mortality Exceeds Threshold     0.8413 

Year    Probability

2021    1.000000
2022    1.000000
2023    1.000000
2024    1.000000
2025    0.420600
2026    0.361000
2027    0.313600
2028    0.255200
2029    0.224600
2030    0.201700
2031    0.184200
2032    0.168700
2033    0.162600
2034    0.155700

Probability Threshold Exceeded at Least Once =     1.0000


Requested Percentile Report

Percentile =    40.00 %

                                 2021       2022       2023       2024       2025       2026       2027       2028       2029       2030       2031       2032       2033       2034 

Recruits                     143.2481   147.5212   144.6331   143.6780   149.0073   146.5928   142.9746   149.9464   143.5113   146.1870   145.6717   146.1461   145.5188   144.2181 
Spawning Stock Biomass         2.1320     2.4770     2.7163     2.3673     2.3349     2.5209     2.7184     2.9722     3.1498     3.3026     3.4734     3.5790     3.6378     3.6947 
Jan-1 Stock Biomass            8.8150     8.8676     8.3630     7.8116     7.4765     7.8211     8.1155     8.3460     8.6366     8.8516     9.0366     9.1537     9.2420     9.3111 
Mean Biomass                   7.8902     7.6111     7.0418     6.6205     6.6387     6.9767     7.2479     7.4940     7.7343     7.9238     8.1215     8.1960     8.2787     8.3064 
Combined Catch Biomass         2.8219     3.2368     3.1548     2.8579     2.2500     2.2500     2.2500     2.1750     2.1750     2.1750     2.1750     2.1750     2.1750     2.1750 
Landings                       2.8219     3.2368     3.1548     2.8579     2.2500     2.2500     2.2500     2.1750     2.1750     2.1750     2.1750     2.1750     2.1750     2.1750 
FMort                          1.0794     1.0794     1.0794     1.0794     0.7408     0.6650     0.6111     0.5510     0.5208     0.4998     0.4871     0.4720     0.4649     0.4569 

Stock Numbers at Age
Age 1                        244.9740   143.2481   147.5212   144.6331   143.6780   149.0073   146.5928   142.9746   149.9464   143.5113   146.1870   145.6717   146.1461   145.5188 
Age 2                         93.8626   140.1479    82.5229    84.3855    82.7945    83.0585    86.0789    84.3718    83.2627    86.7371    84.2291    85.4815    85.1444    85.3059 
Age 3                         51.2273    42.4757    63.1453    37.1964    37.9765    39.5180    39.5428    40.7784    41.1880    41.0593    43.1351    42.0762    43.0965    43.0038 
Age 4                          9.1703    17.6801    14.5399    21.6363    12.6465    14.3791    15.3090    16.0195    17.1753    17.8585    18.1922    19.0506    18.9900    19.3194 
Age 5                          2.4696     2.7635     5.3665     4.4137     6.5504     4.3341     5.1530     5.8359     6.4248     7.1322     7.5350     7.7185     8.2034     8.2864 
Age 6                          0.8492     0.7223     0.7975     1.5508     1.2736     2.2710     1.5435     1.9033     2.2919     2.5908     2.9129     3.1973     3.2613     3.5360 
Age 7                          0.1227     0.2448     0.2090     0.2303     0.4479     0.4443     0.8320     0.5764     0.7576     0.9169     1.0653     1.2506     1.3594     1.3995 
Age 8                          0.0902     0.0371     0.0725     0.0619     0.0682     0.1584     0.1638     0.3178     0.2328     0.3078     0.3877     0.4590     0.5343     0.5930 
Age 9                          0.0063     0.0279     0.0114     0.0223     0.0189     0.0245     0.0598     0.0629     0.1289     0.0978     0.1305     0.1685     0.1974     0.2365 
Age 10                          0.0032     0.0020     0.0088     0.0036     0.0071     0.0070     0.0094     0.0238     0.0261     0.0546     0.0426     0.0573     0.0742     0.0880 
Age 11                          0.0009     0.0011     0.0007     0.0029     0.0012     0.0027     0.0027     0.0038     0.0100     0.0112     0.0239     0.0190     0.0257     0.0337 
Age 12                          0.0001     0.0003     0.0003     0.0002     0.0009     0.0005     0.0011     0.0011     0.0016     0.0043     0.0050     0.0108     0.0086     0.0117 
Age 13                          0.0000     0.0000     0.0001     0.0001     0.0001     0.0004     0.0002     0.0004     0.0005     0.0007     0.0019     0.0023     0.0049     0.0039 
Age 14                          0.0000     0.0000     0.0000     0.0000     0.0000     0.0000     0.0001     0.0001     0.0002     0.0002     0.0003     0.0009     0.0010     0.0023 
Age 15                          0.0000     0.0000     0.0000     0.0000     0.0000     0.0000     0.0000     0.0001     0.0001     0.0001     0.0002     0.0002     0.0005     0.0007 
