AGEPRO VERSION 4.2

Phased_Q_240022002100

Date & Time of Run: 22 May 2024  18:10

Input File Name:    Phased_Q_240022002100.inp

First Age Class:                         1
Number of Age Classes:                  15
Number of Years in Projection:          14
Number of Fleets:                        9
Number of Recruitment Models:            3
Number of Bootstraps:                  100
Number of Simulations:                 100

Bootstrap File Name:            C:\Users\jon.brodziak\Desktop\2024 WCNPO MLS Rebuilding\Bootstrap-numbers-at-age\2023_WCNPOMLS.bsn

Number of Feasible Solutions:       9966  of      10000 Realizations

Input Harvest Scenario

Year  Type        Fleet-1    Fleet-2    Fleet-3    Fleet-4    Fleet-5    Fleet-6    Fleet-7    Fleet-8    Fleet-9    

2021  F-Mult       0.1651     0.0453     0.2588     0.0166     0.0610     0.0487     0.0642     0.0722     0.3475 
2022  F-Mult       0.1651     0.0453     0.2588     0.0166     0.0610     0.0487     0.0642     0.0722     0.3475 
2023  F-Mult       0.1651     0.0453     0.2588     0.0166     0.0610     0.0487     0.0642     0.0722     0.3475 
2024  F-Mult       0.1651     0.0453     0.2588     0.0166     0.0610     0.0487     0.0642     0.0722     0.3475 
2025  Landings        344        137        713         63        208         93        180        324        337 
2026  Landings        344        137        713         63        208         93        180        324        337 
2027  Landings        344        137        713         63        208         93        180        324        337 
2028  Landings        316        125        654         58        191         85        165        297        309 
2029  Landings        316        125        654         58        191         85        165        297        309 
2030  Landings        316        125        654         58        191         85        165        297        309 
2031  Landings        316        125        654         58        191         85        165        297        309 
2032  Landings        301        119        624         56        182         82        157        283        295 
2033  Landings        301        119        624         56        182         82        157        283        295 
2034  Landings        301        119        624         56        182         82        157        283        295 

Recruitment Selection Distribution

Year  Selection-1 Selection-2 Selection-3 

2021      0.1251     0.8370     0.0379 
2022      0.1199     0.8383     0.0418 
2023      0.1223     0.8350     0.0427 
2024      0.1240     0.8377     0.0383 
2025      0.1183     0.8365     0.0452 
2026      0.1262     0.8379     0.0359 
2027      0.1189     0.8399     0.0412 
2028      0.1219     0.8352     0.0429 
2029      0.1222     0.8348     0.0430 
2030      0.1225     0.8399     0.0376 
2031      0.1203     0.8388     0.0409 
2032      0.1192     0.8388     0.0420 
2033      0.1223     0.8368     0.0409 
2034      0.1177     0.8417     0.0406 

Recruits        1000  Fish

Year Class   Average        StdDev
2021        172.6750       78.2081
2022        173.7567       80.0992
2023        171.7557       81.1717
2024        172.5342       80.6020
2025        173.4208       81.7800
2026        174.4866       81.5282
2027        172.6649       80.4749
2028        173.3060       82.7211
2029        174.3820       80.4908
2030        173.6869       80.8971
2031        174.3915       82.1266
2032        173.9636       82.9784
2033        173.1506       80.9609
2034        174.6991       82.7351

Recruits Distribution

Year Class 1%         5%         10%        25%        50%        75%        90%        95%        99%    
2021    68.6487    70.7551    78.7847   104.8209   168.4403   236.7907   277.5419   304.7521   324.1506
2022    68.6788    70.5996    79.0872   105.4657   168.6278   236.4677   279.0841   305.3829   325.3604
2023    68.6025    69.8702    78.5696   103.2777   168.0499   234.8542   277.4400   303.7393   325.2383
2024    68.5994    70.3920    78.6336   103.4764   168.2458   236.4013   278.3367   304.8813   324.8249
2025    68.5801    70.5172    78.6859   104.1517   168.4452   236.8235   281.4869   307.4429   333.4773
2026    68.6832    71.6303    79.4743   106.1397   168.6918   236.6895   279.4422   306.0774   325.1896
2027    68.6216    70.3377    79.1365   104.2295   168.3082   236.3280   276.5628   304.0238   324.8288
2028    68.5720    70.5638    79.0730   105.3164   168.5209   235.3198   279.5980   306.5535   332.5930
2029    68.6433    70.8102    79.1412   104.3852   168.7357   237.8522   280.7898   306.5036   325.0594
2030    68.5938    70.4119    79.0226   105.0146   168.5429   236.8151   279.1596   305.5521   324.6155
2031    68.6805    70.5333    79.2605   105.5677   168.7703   236.9366   278.1126   305.6735   325.4692
2032    68.6710    71.0994    79.2313   105.3436   168.5442   236.6706   278.8207   307.0270   327.1356
2033    68.6805    71.0164    79.3322   104.7153   168.3747   235.5136   279.4881   306.2184   324.9368
2034    68.6873    70.6004    78.9156   104.6585   168.7015   237.9414   281.6427   307.9018   339.6319

Spawning Stock Biomass  x       1000 MT

Year       Average        StdDev
2021        2.2966        0.4560
2022        2.6088        0.4283
2023        2.9407        0.6181
2024        2.5877        0.6349
2025        2.5677        0.8617
2026        2.7881        1.2667
2027        3.0102        1.5549
2028        3.2701        1.7347
2029        3.5392        1.8629
2030        3.7494        1.9415
2031        3.9206        2.0165
2032        4.0980        2.0612
2033        4.2684        2.0804
2034        4.4075        2.1097

Spawning Stock Biomass Distribution

Year        1%         5%         10%        25%        50%        75%        90%        95%        99%   
2021     1.4502     1.7383     1.8314     1.9988     2.2288     2.5174     2.8106     3.0290     4.0933 
2022     1.7430     1.9579     2.0860     2.3111     2.5761     2.8554     3.1889     3.3989     3.7514 
2023     1.8475     2.0668     2.2045     2.4863     2.8633     3.3204     3.7935     4.0975     4.5927 
2024     1.4538     1.6705     1.8210     2.1185     2.5277     2.9803     3.4277     3.6823     4.2638 
2025     1.0128     1.3259     1.5326     1.9446     2.4818     3.1131     3.6815     4.0430     4.7876 
2026     0.5706     0.9900     1.2857     1.8830     2.6530     3.5723     4.4308     4.9389     6.1642 
2027     0.3445     0.8273     1.1840     1.8805     2.8463     3.9365     4.9814     5.6490     7.2353 
2028     0.2781     0.8548     1.2351     2.0001     3.0698     4.3235     5.4954     6.2532     8.0499 
2029     0.3007     0.9062     1.3170     2.1999     3.3551     4.6248     5.9351     6.7381     8.7074 
2030     0.3217     0.9647     1.4186     2.3719     3.5489     4.9044     6.2341     7.1427     9.1065 
2031     0.3268     1.0072     1.5334     2.5102     3.7150     5.1051     6.5003     7.4277     9.7129 
2032     0.3966     1.1576     1.6356     2.6256     3.9097     5.3291     6.6916     7.6242    10.0802 
2033     0.4671     1.2612     1.7644     2.7905     4.0582     5.5348     6.9565     7.8248    10.1311 
2034     0.4984     1.3583     1.8920     2.9156     4.2046     5.6904     7.0972     8.0402    10.2045 

JAN-1 Stock Biomass  x       1000 MT

Year       Average        StdDev
2021        9.2937        1.5950
2022        9.4633        1.8013
2023        8.9719        1.8988
2024        8.3834        1.9246
2025        8.0713        1.9382
2026        8.3643        2.3327
2027        8.6422        2.5924
2028        8.8481        2.7558
2029        9.1735        2.8931
2030        9.4532        2.9818
2031        9.6675        3.0461
2032        9.8382        3.0783
2033       10.0527        3.1265
2034       10.2075        3.1268

JAN-1 Stock Biomass Distribution

Year       1%         5%         10%        25%        50%        75%        90%        95%        99%    
2021     6.3260     6.9576     7.3684     8.1705     9.1683    10.1278    11.5632    12.2685    13.8052 
2022     6.1065     6.7785     7.2517     8.1776     9.3028    10.6083    11.8290    12.6756    14.2696 
2023     5.3642     6.1415     6.6227     7.6023     8.8502    10.1763    11.4445    12.2347    13.9265 
2024     4.7573     5.5289     6.0372     7.0162     8.2676     9.5757    10.8719    11.6111    13.3986 
2025     4.3950     5.2016     5.7176     6.7096     7.9046     9.2692    10.5214    11.3674    13.1715 
2026     3.8514     4.8585     5.5561     6.7029     8.1885     9.8195    11.3332    12.2997    14.5139 
2027     3.5323     4.8064     5.5290     6.8328     8.4332    10.2277    11.9430    13.0354    15.4422 
2028     3.4268     4.7267     5.5268     6.9299     8.6684    10.5203    12.3320    13.5022    16.2317 
2029     3.4314     4.8422     5.7005     7.2162     8.9652    10.9274    12.8635    14.0226    17.0131 
2030     3.4315     4.9769     5.8613     7.4212     9.2390    11.2624    13.1977    14.5298    17.6947 
2031     3.5420     5.1130     5.9987     7.5589     9.4950    11.5172    13.4773    14.7685    18.0705 
2032     3.6648     5.3279     6.1487     7.7582     9.6160    11.7081    13.7671    14.9578    18.1737 
2033     3.6695     5.4590     6.3339     7.9187     9.8237    11.9525    13.9879    15.2567    18.5293 
2034     3.7765     5.5265     6.4581     8.1120    10.0410    12.1267    14.1266    15.4273    18.5513 

Mean Biomass  x       1000 MT

Year       Average        StdDev
2021        8.4041        1.5274
2022        8.1913        1.7162
2023        7.6174        1.7713
2024        7.1570        1.7807
2025        7.1797        2.0536
2026        7.4623        2.4142
2027        7.7190        2.6239
2028        7.9996        2.7623
2029        8.2930        2.8732
2030        8.5494        2.9633
2031        8.7370        2.9954
2032        8.9448        3.0255
2033        9.1357        3.0735
2034        9.2731        3.0763

Mean Biomass Distribution

Year       1%         5%         10%        25%        50%        75%        90%        95%        99%    
2021     5.6427     6.1927     6.5705     7.2844     8.2684     9.2548    10.5365    11.2559    12.5690 
2022     5.0791     5.6655     6.0889     6.9287     8.0338     9.2979    10.4518    11.2318    12.7082 
2023     4.3290     4.9854     5.4433     6.3286     7.4774     8.7358     9.9528    10.6270    12.1929 
2024     3.8811     4.5759     4.9852     5.8723     7.0249     8.2654     9.4127    10.1404    11.6489 
2025     3.2889     4.1272     4.6645     5.7403     7.0271     8.4521     9.7897    10.6028    12.6450 
2026     2.7758     3.8472     4.5819     5.7315     7.2858     8.9743    10.5158    11.5133    13.7797 
2027     2.5142     3.8295     4.5257     5.8819     7.5317     9.3139    11.0725    12.1617    14.7333 
2028     2.5461     3.8858     4.6575     6.0876     7.8194     9.6726    11.4981    12.6696    15.3336 
2029     2.5036     3.9631     4.8319     6.3360     8.0799    10.0302    11.9407    13.1243    16.3481 
2030     2.5815     4.0936     5.0124     6.5135     8.3497    10.3485    12.2560    13.5391    16.5492 
2031     2.7085     4.2851     5.1372     6.6711     8.5534    10.5871    12.4855    13.7235    16.9492 
2032     2.8881     4.4531     5.3270     6.8700     8.7319    10.7718    12.7112    13.9969    16.9904 
2033     2.9548     4.5949     5.4716     7.0229     8.9156    11.0134    12.9867    14.2586    17.5705 
2034     2.9896     4.6705     5.5666     7.2002     9.1140    11.1500    13.1668    14.3367    17.6127 

Combined Catch Biomass  x       1000 MT

Year       Average        StdDev
2021        2.9737        0.4787
2022        3.4188        0.5721
2023        3.3731        0.6679
2024        3.0793        0.6868
2025        2.4000        0.0000
2026        2.4000        0.0000
2027        2.3986        0.0588
2028        2.1967        0.0851
2029        2.1960        0.0933
2030        2.1949        0.1054
2031        2.1938        0.1163
2032        2.0933        0.1186
2033        2.0931        0.1204
2034        2.0929        0.1222

Combined Catch Distribution

Year       1%         5%         10%        25%        50%        75%        90%        95%        99%    
2021     1.9840     2.3569     2.4525     2.6610     2.9080     3.2297     3.5501     3.7912     4.7250 
2022     2.3690     2.5745     2.7168     2.9979     3.3750     3.7381     4.2173     4.5050     4.9236 
2023     2.1424     2.3774     2.5520     2.8853     3.3201     3.7992     4.2566     4.5455     5.1232 
2024     1.8009     2.0503     2.2337     2.5881     3.0299     3.5117     3.9654     4.2576     4.8489 
2025     2.4000     2.4000     2.4000     2.4000     2.4000     2.4000     2.4000     2.4000     2.4000 
2026     2.4000     2.4000     2.4000     2.4000     2.4000     2.4000     2.4000     2.4000     2.4000 
2027     2.4000     2.4000     2.4000     2.4000     2.4000     2.4000     2.4000     2.4000     2.4000 
2028     2.2000     2.2000     2.2000     2.2000     2.2000     2.2000     2.2000     2.2000     2.2000 
2029     2.2000     2.2000     2.2000     2.2000     2.2000     2.2000     2.2000     2.2000     2.2000 
2030     2.2000     2.2000     2.2000     2.2000     2.2000     2.2000     2.2000     2.2000     2.2000 
2031     2.2000     2.2000     2.2000     2.2000     2.2000     2.2000     2.2000     2.2000     2.2000 
2032     2.1000     2.1000     2.1000     2.1000     2.1000     2.1000     2.1000     2.1000     2.1000 
2033     2.1000     2.1000     2.1000     2.1000     2.1000     2.1000     2.1000     2.1000     2.1000 
2034     2.1000     2.1000     2.1000     2.1000     2.1000     2.1000     2.1000     2.1000     2.1000 

Landings  x       1000 MT

Year       Average        StdDev
2021        2.9737        0.4787
2022        3.4188        0.5721
2023        3.3731        0.6679
2024        3.0793        0.6868
2025        2.4000        0.0000
2026        2.4000        0.0000
2027        2.3986        0.0588
2028        2.1967        0.0851
2029        2.1960        0.0933
2030        2.1949        0.1054
2031        2.1938        0.1163
2032        2.0933        0.1186
2033        2.0931        0.1204
2034        2.0929        0.1222

Landings Distribution

Year       1%         5%         10%        25%        50%        75%        90%        95%        99%    
2021     1.9840     2.3569     2.4525     2.6610     2.9080     3.2297     3.5501     3.7912     4.7250 
2022     2.3690     2.5745     2.7168     2.9979     3.3750     3.7381     4.2173     4.5050     4.9236 
2023     2.1424     2.3774     2.5520     2.8853     3.3201     3.7992     4.2566     4.5455     5.1232 
2024     1.8009     2.0503     2.2337     2.5881     3.0299     3.5117     3.9654     4.2576     4.8489 
2025     2.4000     2.4000     2.4000     2.4000     2.4000     2.4000     2.4000     2.4000     2.4000 
2026     2.4000     2.4000     2.4000     2.4000     2.4000     2.4000     2.4000     2.4000     2.4000 
2027     2.4000     2.4000     2.4000     2.4000     2.4000     2.4000     2.4000     2.4000     2.4000 
2028     2.2000     2.2000     2.2000     2.2000     2.2000     2.2000     2.2000     2.2000     2.2000 
2029     2.2000     2.2000     2.2000     2.2000     2.2000     2.2000     2.2000     2.2000     2.2000 
2030     2.2000     2.2000     2.2000     2.2000     2.2000     2.2000     2.2000     2.2000     2.2000 
2031     2.2000     2.2000     2.2000     2.2000     2.2000     2.2000     2.2000     2.2000     2.2000 
2032     2.1000     2.1000     2.1000     2.1000     2.1000     2.1000     2.1000     2.1000     2.1000 
2033     2.1000     2.1000     2.1000     2.1000     2.1000     2.1000     2.1000     2.1000     2.1000 
2034     2.1000     2.1000     2.1000     2.1000     2.1000     2.1000     2.1000     2.1000     2.1000 

Total Fishing Mortality

Year       Average        StdDev
2021        1.0794        0.0000
2022        1.0794        0.0000
2023        1.0794        0.0000
2024        1.0794        0.0000
2025        0.9276        0.2924
2026        0.9502        0.5052
2027        0.9644        0.7236
2028        0.8480        0.6846
2029        0.7997        0.6725
2030        0.7601        0.6647
2031        0.7244        0.6118
2032        0.6542        0.5150
2033        0.6228        0.4781
2034        0.6025        0.4815

Total Fishing Mortality Distribution

Year       1%         5%         10%        25%        50%        75%        90%        95%        99%    
2021     1.0794     1.0794     1.0794     1.0794     1.0794     1.0794     1.0794     1.0794     1.0794 
2022     1.0794     1.0794     1.0794     1.0794     1.0794     1.0794     1.0794     1.0794     1.0794 
2023     1.0794     1.0794     1.0794     1.0794     1.0794     1.0794     1.0794     1.0794     1.0794 
2024     1.0794     1.0794     1.0794     1.0794     1.0794     1.0794     1.0794     1.0794     1.0794 
2025     0.4886     0.5745     0.6233     0.7214     0.8659     1.0693     1.3154     1.4884     1.8857 
2026     0.3951     0.4826     0.5373     0.6451     0.8255     1.0961     1.4908     1.8343     2.7912 
2027     0.3405     0.4299     0.4813     0.5897     0.7773     1.0953     1.5650     2.0640     3.7588 
2028     0.2866     0.3605     0.4056     0.4999     0.6682     0.9542     1.4085     1.8636     3.5498 
2029     0.2666     0.3377     0.3797     0.4713     0.6257     0.8911     1.3314     1.7686     3.4431 
2030     0.2533     0.3218     0.3614     0.4487     0.5955     0.8344     1.2484     1.7185     3.2424 
2031     0.2436     0.3104     0.3511     0.4332     0.5736     0.8007     1.1884     1.5955     3.1826 
2032     0.2256     0.2889     0.3253     0.3981     0.5237     0.7340     1.0656     1.4082     2.6365 
2033     0.2239     0.2831     0.3147     0.3865     0.5077     0.6986     1.0022     1.3040     2.3677 
2034     0.2190     0.2760     0.3088     0.3772     0.4917     0.6759     0.9652     1.2327     2.3067 

JAN-1 Stock Numbers at Age  -       1000  Fish

2021

Age        1%         5%         10%        25%        50%        75%        90%        95%        99%    
1      140.2370   175.0900   184.8320   216.7130   261.1480   317.3690   385.6290   409.5080   464.9250
2       58.9389    77.9477    80.8620    85.4451   100.4175   112.5240   125.3470   138.4980   148.4390
3       34.1986    41.3466    43.5177    47.9381    54.8765    60.4455    67.3245    74.4817    84.8335
4        4.4701     6.3288     7.3712     8.3369     9.5330    10.8358    12.5169    14.0136    20.6054
5        1.2938     1.6031     1.7337     2.2441     2.6907     3.2695     4.2092     4.8898     7.4995
6        0.2917     0.4842     0.6024     0.6936     0.9665     1.2287     1.8234     2.1765     5.0518
7        0.0278     0.0584     0.0739     0.1025     0.1591     0.2261     0.3164     0.3996     1.3049
8        0.0082     0.0292     0.0370     0.0584     0.1092     0.1670     0.2575     0.4456     2.1858
9        0.0003     0.0014     0.0021     0.0035     0.0085     0.0144     0.0223     0.0334     0.2402
10        0.0001     0.0005     0.0007     0.0015     0.0043     0.0069     0.0143     0.0242     0.2609
11        0.0000     0.0001     0.0002     0.0004     0.0014     0.0028     0.0051     0.0082     0.1988
12        0.0000     0.0000     0.0000     0.0000     0.0001     0.0003     0.0005     0.0008     0.0280
13        0.0000     0.0000     0.0000     0.0000     0.0000     0.0002     0.0003     0.0005     0.0316
14        0.0000     0.0000     0.0000     0.0000     0.0000     0.0000     0.0001     0.0001     0.0183
15+       0.0000     0.0000     0.0000     0.0000     0.0000     0.0000     0.0000     0.0000     0.0127

2022

Age        1%         5%         10%        25%        50%        75%        90%        95%        99%    
1       68.6487    70.7551    78.7847   104.8209   168.4403   236.7907   277.5419   304.7521   324.1506
2       85.1849   100.7588   107.7163   123.8429   150.5184   184.6651   223.1051   242.1925   275.4633
3       26.6360    34.3819    36.1555    39.2746    44.7658    51.0077    58.1281    62.7906    70.4853
4       11.9156    13.9294    15.0138    16.5316    18.5484    20.8174    23.5703    25.9099    31.0963
5        1.4512     1.9561     2.1915     2.5167     2.9079     3.3268     3.8860     4.2990     6.5164
6        0.3757     0.4625     0.5116     0.6465     0.7725     0.9512     1.2405     1.4557     2.4317
7        0.0953     0.1455     0.1717     0.2051     0.2742     0.3643     0.5299     0.6275     1.6019
8        0.0091     0.0178     0.0220     0.0304     0.0466     0.0673     0.0966     0.1272     0.4194
9        0.0029     0.0092     0.0114     0.0184     0.0336     0.0515     0.0811     0.1367     0.7793
10        0.0001     0.0004     0.0007     0.0011     0.0027     0.0046     0.0074     0.0109     0.0853
11        0.0000     0.0002     0.0002     0.0005     0.0014     0.0023     0.0049     0.0080     0.0952
12        0.0000     0.0000     0.0001     0.0001     0.0005     0.0009     0.0017     0.0028     0.0725
13        0.0000     0.0000     0.0000     0.0000     0.0000     0.0001     0.0002     0.0003     0.0105
14        0.0000     0.0000     0.0000     0.0000     0.0000     0.0001     0.0001     0.0002     0.0122
15+       0.0000     0.0000     0.0000     0.0000     0.0000     0.0000     0.0000     0.0001     0.0120

2023

Age        1%         5%         10%        25%        50%        75%        90%        95%        99%    
1       68.6788    70.5996    79.0872   105.4657   168.6278   236.4677   279.0841   305.3829   325.3604
2       38.1479    41.2237    45.3309    59.9221    96.5451   136.2975   162.0550   175.5486   194.3165
3       38.5309    44.9522    48.4395    55.9592    68.0375    83.3136   100.9487   110.0639   126.4688
4        9.0590    11.5660    12.2667    13.4474    15.3112    17.5933    20.1103    21.5965    24.5728
5        3.5786     4.1671     4.5034     4.9813     5.6096     6.3397     7.2105     7.9219     9.4661
6        0.4194     0.5612     0.6285     0.7249     0.8395     0.9689     1.1306     1.2530     1.8666
7        0.1083     0.1318     0.1477     0.1857     0.2233     0.2771     0.3607     0.4213     0.7244
8        0.0290     0.0432     0.0501     0.0609     0.0813     0.1091     0.1578     0.1856     0.4809
9        0.0030     0.0055     0.0067     0.0093     0.0142     0.0207     0.0296     0.0388     0.1375
10        0.0009     0.0029     0.0036     0.0058     0.0106     0.0164     0.0257     0.0426     0.2484
11        0.0000     0.0001     0.0002     0.0004     0.0009     0.0015     0.0024     0.0036     0.0285
12        0.0000     0.0001     0.0001     0.0002     0.0005     0.0008     0.0016     0.0027     0.0319
13        0.0000     0.0000     0.0000     0.0000     0.0002     0.0003     0.0006     0.0009     0.0258
14        0.0000     0.0000     0.0000     0.0000     0.0000     0.0000     0.0001     0.0001     0.0037
15+       0.0000     0.0000     0.0000     0.0000     0.0000     0.0000     0.0000     0.0001     0.0083

2024

Age        1%         5%         10%        25%        50%        75%        90%        95%        99%    
1       68.6025    69.8702    78.5696   103.2777   168.0499   234.8542   277.4400   303.7393   325.2383
2       38.1415    41.5002    45.3998    60.2462    96.8799   136.5809   162.3611   175.9446   197.3192
3       16.8831    18.6312    20.4459    26.9251    43.4547    61.3967    73.6064    79.7271    90.2307
4       13.1300    15.3585    16.4712    19.1479    23.3700    28.7762    34.7360    38.0258    44.0063
5        2.7437     3.4475     3.6819     4.0715     4.6490     5.3484     6.1142     6.5866     7.4965
6        1.0337     1.1927     1.2884     1.4339     1.6208     1.8406     2.1032     2.2987     2.7759
7        0.1205     0.1615     0.1795     0.2087     0.2426     0.2813     0.3266     0.3657     0.5462
8        0.0314     0.0388     0.0440     0.0547     0.0662     0.0826     0.1075     0.1260     0.2165
9        0.0090     0.0132     0.0152     0.0187     0.0250     0.0337     0.0484     0.0568     0.1493
10        0.0010     0.0017     0.0021     0.0029     0.0044     0.0066     0.0094     0.0123     0.0451
11        0.0003     0.0009     0.0012     0.0019     0.0034     0.0053     0.0084     0.0138     0.0843
12        0.0000     0.0000     0.0001     0.0001     0.0003     0.0005     0.0008     0.0012     0.0094
13        0.0000     0.0000     0.0000     0.0001     0.0002     0.0003     0.0005     0.0009     0.0111
14        0.0000     0.0000     0.0000     0.0000     0.0001     0.0001     0.0002     0.0003     0.0090
15+       0.0000     0.0000     0.0000     0.0000     0.0000     0.0000     0.0000     0.0001     0.0043

2025

Age        1%         5%         10%        25%        50%        75%        90%        95%        99%    
1       68.5994    70.3920    78.6336   103.4764   168.2458   236.4013   278.3367   304.8813   324.8249
2       38.0587    41.1162    44.9708    59.1544    95.8045   135.1926   161.3830   174.7932   196.0398
3       16.8894    18.6473    20.4505    27.2023    43.6213    61.3180    73.5565    79.8832    90.7773
4        5.6879     6.3507     6.9929     9.2577    14.7927    20.9408    25.3164    27.6286    31.9479
5        3.9138     4.6165     4.9856     5.7916     7.0757     8.7273    10.5343    11.6010    13.4028
6        0.7965     0.9818     1.0584     1.1732     1.3398     1.5517     1.7743     1.9202     2.2112
7        0.2954     0.3413     0.3678     0.4128     0.4687     0.5362     0.6112     0.6694     0.8117
8        0.0358     0.0474     0.0527     0.0614     0.0721     0.0840     0.0978     0.1092     0.1605
9        0.0096     0.0118     0.0134     0.0166     0.0203     0.0254     0.0331     0.0389     0.0658
10        0.0028     0.0041     0.0048     0.0059     0.0079     0.0107     0.0153     0.0180     0.0469
11        0.0003     0.0006     0.0007     0.0010     0.0014     0.0021     0.0030     0.0040     0.0148
12        0.0001     0.0003     0.0004     0.0006     0.0011     0.0018     0.0028     0.0045     0.0282
13        0.0000     0.0000     0.0000     0.0000     0.0001     0.0002     0.0003     0.0004     0.0032
14        0.0000     0.0000     0.0000     0.0000     0.0001     0.0001     0.0002     0.0003     0.0037
15+       0.0000     0.0000     0.0000     0.0000     0.0000     0.0000     0.0001     0.0001     0.0048

2026

Age        1%         5%         10%        25%        50%        75%        90%        95%        99%    
1       68.5801    70.5172    78.6859   104.1517   168.4452   236.8235   281.4869   307.4429   333.4773
2       37.3531    41.1458    44.8269    59.5553    97.1490   138.0830   165.0851   178.6501   201.3413
3       13.9586    17.2792    19.5301    26.6361    45.2467    67.3444    83.6557    91.5788   107.5966
4        4.0388     5.5533     6.6604     9.4710    16.4481    25.2824    32.6824    36.3456    43.6090
5        1.1907     1.7533     2.1277     3.0045     4.9889     7.4851     9.8959    11.1902    13.6367
6        0.8157     1.1690     1.3922     1.8044     2.3628     3.0708     3.8587     4.3953     5.4311
7        0.1752     0.2452     0.2857     0.3637     0.4513     0.5488     0.6518     0.7212     0.8803
8        0.0671     0.0903     0.1047     0.1304     0.1601     0.1930     0.2293     0.2547     0.3086
9        0.0094     0.0132     0.0156     0.0201     0.0251     0.0309     0.0374     0.0425     0.0587
10        0.0027     0.0036     0.0043     0.0056     0.0073     0.0095     0.0125     0.0150     0.0244
11        0.0008     0.0013     0.0016     0.0021     0.0029     0.0040     0.0058     0.0071     0.0177
12        0.0001     0.0002     0.0002     0.0003     0.0005     0.0008     0.0012     0.0016     0.0057
13        0.0000     0.0001     0.0001     0.0002     0.0004     0.0007     0.0011     0.0017     0.0106
14        0.0000     0.0000     0.0000     0.0000     0.0000     0.0001     0.0001     0.0002     0.0012
15+       0.0000     0.0000     0.0000     0.0000     0.0000     0.0000     0.0001     0.0002     0.0033

2027

Age        1%         5%         10%        25%        50%        75%        90%        95%        99%    
1       68.6832    71.6303    79.4743   106.1397   168.6918   236.6895   279.4422   306.0774   325.1896
2       36.9113    41.1054    44.8291    59.6486    97.2386   138.0023   166.4240   180.9829   203.5267
3       11.0890    16.1889    19.2264    26.9740    45.8086    68.6474    87.1499    95.6078   113.1760
4        1.9247     4.2122     5.7159     9.2886    17.3847    29.0931    39.0374    44.0196    55.5548
5        0.3913     1.1358     1.7043     3.0587     5.7165     9.8069    13.9021    16.2544    20.9622
6        0.1110     0.3370     0.5241     0.9291     1.6552     2.7729     4.0282     4.7597     6.3380
7        0.0703     0.2069     0.3186     0.5373     0.8300     1.1859     1.5857     1.8613     2.4632
8        0.0152     0.0437     0.0662     0.1088     0.1626     0.2183     0.2757     0.3164     0.4038
9        0.0058     0.0169     0.0251     0.0401     0.0588     0.0794     0.0994     0.1117     0.1410
10        0.0010     0.0027     0.0039     0.0064     0.0095     0.0128     0.0162     0.0188     0.0256
11        0.0003     0.0008     0.0011     0.0019     0.0028     0.0039     0.0053     0.0065     0.0101
12        0.0001     0.0003     0.0004     0.0007     0.0011     0.0017     0.0024     0.0031     0.0069
13        0.0000     0.0000     0.0001     0.0001     0.0002     0.0003     0.0005     0.0007     0.0023
14        0.0000     0.0000     0.0000     0.0001     0.0002     0.0003     0.0005     0.0007     0.0042
15+       0.0000     0.0000     0.0000     0.0000     0.0000     0.0000     0.0001     0.0001     0.0018

2028

Age        1%         5%         10%        25%        50%        75%        90%        95%        99%    
1       68.6216    70.3377    79.1365   104.2295   168.3082   236.3280   276.5628   304.0238   324.8288
2       36.6176    41.2338    45.5684    60.7792    97.6405   138.7375   165.9486   179.7962   203.1529
3        8.0227    15.8611    19.2075    27.0904    46.3058    69.5179    88.6373    98.0515   116.2678
4        0.9345     3.4570     5.3695     9.4950    18.2069    30.3334    41.8231    47.7321    60.0784
5        0.1143     0.6638     1.3429     2.9569     6.2953    12.0617    17.5886    20.7783    27.9930
6        0.0213     0.1743     0.3787     0.9217     2.0265     3.8665     6.0407     7.3686    10.3608
7        0.0047     0.0517     0.1166     0.2821     0.5880     1.0983     1.7232     2.1363     3.0742
8        0.0030     0.0307     0.0655     0.1604     0.3059     0.4923     0.7024     0.8571     1.1787
9        0.0008     0.0065     0.0145     0.0327     0.0613     0.0936     0.1276     0.1492     0.2003
10        0.0003     0.0027     0.0056     0.0125     0.0230     0.0346     0.0460     0.0531     0.0724
11        0.0001     0.0004     0.0009     0.0021     0.0037     0.0056     0.0076     0.0090     0.0122
12        0.0000     0.0001     0.0003     0.0006     0.0011     0.0017     0.0025     0.0030     0.0046
13        0.0000     0.0001     0.0001     0.0002     0.0004     0.0007     0.0011     0.0015     0.0028
14        0.0000     0.0000     0.0000     0.0000     0.0001     0.0001     0.0002     0.0003     0.0009
15+       0.0000     0.0000     0.0000     0.0000     0.0001     0.0001     0.0002     0.0004     0.0024

2029

Age        1%         5%         10%        25%        50%        75%        90%        95%        99%    
1       68.5720    70.5638    79.0730   105.3164   168.5209   235.3198   279.5980   306.5535   332.5930
2       36.9249    41.7051    45.7838    60.5889    97.5539   138.8391   165.5582   180.1066   205.1138
3        8.2863    17.0100    20.6314    29.2692    48.6208    71.5612    90.6893    99.7807   117.6406
4        0.5776     3.7723     6.0199    10.4793    19.6807    32.5087    44.5960    50.7378    63.3201
5        0.0391     0.6453     1.3592     3.3001     7.2258    13.4929    20.1070    23.9129    31.5375
6        0.0042     0.1253     0.3124     0.9805     2.4335     5.2045     8.2143    10.1194    14.3512
7        0.0010     0.0290     0.0912     0.2992     0.7918     1.6556     2.8018     3.5224     5.3208
8        0.0003     0.0090     0.0294     0.0926     0.2344     0.4820     0.8077     1.0324     1.5815
9        0.0002     0.0054     0.0161     0.0533     0.1249     0.2238     0.3372     0.4260     0.6234
10        0.0000     0.0012     0.0036     0.0113     0.0255     0.0439     0.0633     0.0762     0.1070
11        0.0000     0.0005     0.0014     0.0044     0.0097     0.0162     0.0230     0.0274     0.0385
12        0.0000     0.0001     0.0002     0.0007     0.0016     0.0027     0.0038     0.0046     0.0066
13        0.0000     0.0000     0.0001     0.0002     0.0005     0.0008     0.0012     0.0016     0.0024
14        0.0000     0.0000     0.0000     0.0001     0.0002     0.0003     0.0006     0.0007     0.0013
15+       0.0000     0.0000     0.0000     0.0000     0.0001     0.0001     0.0002     0.0003     0.0014

2030

Age        1%         5%         10%        25%        50%        75%        90%        95%        99%    
1       68.6433    70.8102    79.1412   104.3852   168.7357   237.8522   280.7898   306.5036   325.0594
2       36.6190    41.7282    45.8225    60.9368    98.5217   138.9186   166.8941   181.7288   207.0209
3        9.2513    17.5130    21.1611    29.3438    49.1031    71.9402    91.4494   100.1396   117.8100
4        0.6583     4.1562     6.6456    11.6957    21.2254    33.9754    46.3080    52.0739    64.5539
5        0.0301     0.7560     1.5967     3.7605     8.1077    14.8851    21.8329    25.9657    33.7052
6        0.0015     0.1202     0.3331     1.1295     2.9086     5.9868     9.6487    11.8838    16.8553
7        0.0003     0.0236     0.0754     0.3365     0.9795     2.2888     3.9282     5.0215     7.6001
8        0.0001     0.0059     0.0223     0.1006     0.3290     0.7407     1.3455     1.7656     2.7994
9        0.0000     0.0018     0.0072     0.0329     0.0996     0.2211     0.3906     0.5215     0.8456
10        0.0000     0.0011     0.0042     0.0192     0.0535     0.1063     0.1695     0.2194     0.3386
11        0.0000     0.0003     0.0010     0.0041     0.0111     0.0210     0.0323     0.0399     0.0578
12        0.0000     0.0001     0.0004     0.0016     0.0043     0.0079     0.0119     0.0145     0.0212
13        0.0000     0.0000     0.0001     0.0003     0.0007     0.0013     0.0020     0.0024     0.0035
14        0.0000     0.0000     0.0000     0.0001     0.0002     0.0004     0.0006     0.0008     0.0013
15+       0.0000     0.0000     0.0000     0.0000     0.0001     0.0002     0.0004     0.0006     0.0013

2031

Age        1%         5%         10%        25%        50%        75%        90%        95%        99%    
1       68.5938    70.4119    79.0226   105.0146   168.5429   236.8151   279.1596   305.5521   324.6155
2       36.7724    41.7162    45.6871    60.8037    99.4670   141.9091   168.4476   182.7102   204.7089
3        9.1102    18.1337    21.7419    30.1082    49.7109    72.6140    92.4159   102.0781   122.2731
4        0.7985     4.4819     7.1113    12.1180    21.6318    34.5110    47.0574    53.0609    65.9418
5        0.0423     0.8871     1.8484     4.3824     8.8923    15.7396    22.9086    26.8502    35.6657
6        0.0014     0.1413     0.4062     1.3422     3.3851     6.7121    10.6031    13.0706    18.2009
7        0.0002     0.0229     0.0837     0.3981     1.2115     2.7089     4.7103     6.0182     8.9038
8        0.0000     0.0045     0.0208     0.1210     0.4075     1.0497     1.9119     2.5273     3.9884
9        0.0000     0.0013     0.0060     0.0378     0.1400     0.3439     0.6653     0.9036     1.4802
10        0.0000     0.0005     0.0020     0.0123     0.0434     0.1051     0.1948     0.2678     0.4565
11        0.0000     0.0003     0.0012     0.0073     0.0236     0.0516     0.0875     0.1154     0.1858
12        0.0000     0.0001     0.0003     0.0016     0.0049     0.0104     0.0167     0.0212     0.0313
13        0.0000     0.0000     0.0001     0.0006     0.0019     0.0039     0.0062     0.0078     0.0118
14        0.0000     0.0000     0.0000     0.0001     0.0003     0.0007     0.0010     0.0013     0.0020
15+       0.0000     0.0000     0.0000     0.0001     0.0002     0.0003     0.0005     0.0007     0.0013

2032

Age        1%         5%         10%        25%        50%        75%        90%        95%        99%    
1       68.6805    70.5333    79.2605   105.5677   168.7703   236.9366   278.1126   305.6735   325.4692
2       37.4252    41.8281    45.8121    61.2282    99.2951   140.7170   167.4484   181.8827   204.1624
3        9.1284    18.4470    21.9003    30.3578    50.8723    75.0052    93.9590   102.9019   119.8489
4        0.9003     4.9168     7.6135    12.5138    22.2611    35.0090    47.9178    54.5707    68.7673
5        0.0522     0.9592     2.0794     4.6946     9.2746    16.1985    23.6959    27.6574    36.3496
6        0.0027     0.1685     0.5017     1.6077     3.7454     7.2834    11.2275    13.6769    19.4370
7        0.0004     0.0277     0.1089     0.4907     1.4302     3.0921     5.2155     6.6655     9.8398
8        0.0000     0.0049     0.0249     0.1470     0.5219     1.2562     2.3260     3.0752     4.8349
9        0.0000     0.0010     0.0061     0.0461     0.1785     0.4954     0.9534     1.2971     2.2190
10        0.0000     0.0003     0.0018     0.0148     0.0625     0.1655     0.3373     0.4676     0.8113
11        0.0000     0.0001     0.0007     0.0048     0.0194     0.0516     0.0991     0.1394     0.2432
12        0.0000     0.0001     0.0004     0.0029     0.0108     0.0257     0.0451     0.0618     0.1019
13        0.0000     0.0000     0.0001     0.0006     0.0023     0.0052     0.0087     0.0114     0.0175
14        0.0000     0.0000     0.0000     0.0003     0.0009     0.0019     0.0033     0.0042     0.0067
15+       0.0000     0.0000     0.0000     0.0001     0.0002     0.0005     0.0008     0.0011     0.0017

2033

Age        1%         5%         10%        25%        50%        75%        90%        95%        99%    
1       68.6710    71.0994    79.2313   105.3436   168.5442   236.6706   278.8207   307.0270   327.1356
2       37.3445    42.1145    46.3065    61.9175    99.8309   140.6887   168.4542   182.7466   204.5241
3       11.0404    19.4799    22.6876    31.0958    51.4691    75.4670    94.2574   103.2073   121.5830
4        1.2608     5.5684     8.3014    13.0190    23.4059    37.2517    49.5676    55.5697    67.8560
5        0.0666     1.2506     2.4228     5.0995     9.7964    17.0205    24.4640    28.7029    38.1343
6        0.0044     0.2287     0.6203     1.8332     4.0478     7.6992    11.9162    14.4433    20.2122
7        0.0008     0.0381     0.1576     0.6296     1.6712     3.4510     5.6466     7.1488    10.5902
8        0.0001     0.0063     0.0343     0.1957     0.6375     1.4969     2.6273     3.4969     5.4001
9        0.0000     0.0013     0.0077     0.0594     0.2366     0.6137     1.1823     1.6370     2.6530
10        0.0000     0.0003     0.0020     0.0188     0.0816     0.2437     0.4928     0.6896     1.2490
11        0.0000     0.0001     0.0007     0.0062     0.0290     0.0823     0.1734     0.2526     0.4536
12        0.0000     0.0000     0.0002     0.0020     0.0091     0.0261     0.0518     0.0754     0.1362
13        0.0000     0.0000     0.0001     0.0013     0.0051     0.0130     0.0240     0.0335     0.0568
14        0.0000     0.0000     0.0000     0.0003     0.0011     0.0026     0.0047     0.0062     0.0099
15+       0.0000     0.0000     0.0000     0.0001     0.0005     0.0013     0.0022     0.0029     0.0047

2034

Age        1%         5%         10%        25%        50%        75%        90%        95%        99%    
1       68.6805    71.0164    79.3322   104.7153   168.3747   235.5136   279.4881   306.2184   324.9368
2       37.3189    42.2803    46.2718    61.3681    99.5276   141.1727   169.4925   184.3116   209.0469
3       11.2771    20.0541    23.3375    31.7182    52.5809    75.8411    94.7982   104.0402   121.3477
4        1.6117     6.2991     8.8360    13.6958    24.0292    37.6559    49.7942    56.2445    68.9704
5        0.1348     1.5129     2.7812     5.3824    10.5348    18.1769    25.5190    29.5574    37.7341
6        0.0066     0.3057     0.7751     2.0494     4.3399     8.2248    12.3177    15.0519    21.4807
7        0.0010     0.0592     0.1946     0.7356     1.8233     3.6948     6.0132     7.6148    10.9962
8        0.0001     0.0100     0.0502     0.2574     0.7520     1.6903     2.8907     3.7515     5.9576
9        0.0000     0.0018     0.0118     0.0804     0.2906     0.7354     1.3733     1.8511     2.9904
10        0.0000     0.0005     0.0026     0.0244     0.1087     0.3025     0.6191     0.8667     1.4705
11        0.0000     0.0001     0.0008     0.0079     0.0391     0.1209     0.2580     0.3745     0.6724
12        0.0000     0.0000     0.0002     0.0026     0.0137     0.0410     0.0912     0.1364     0.2519
13        0.0000     0.0000     0.0001     0.0009     0.0044     0.0132     0.0275     0.0408     0.0770
14        0.0000     0.0000     0.0001     0.0006     0.0024     0.0067     0.0130     0.0184     0.0321
15+       0.0000     0.0000     0.0000     0.0002     0.0008     0.0020     0.0037     0.0051     0.0082

Probability Spawning Stock Biomass Exceeds Threshold      3.660 (1000 MT)

Year    Probability

2021    0.017100
2022    0.016100
2023    0.129100
2024    0.054200
2025    0.103600
2026    0.228600
2027    0.305700
2028    0.371400
2029    0.431500
2030    0.475300
2031    0.511300
2032    0.548400
2033    0.579600
2034    0.608700

Probability Threshold Exceeded at Least Once =     0.8269

Probability Total Fishing Mortality Exceeds Threshold     0.8413 

Year    Probability

2021    1.000000
2022    1.000000
2023    1.000000
2024    1.000000
2025    0.536700
2026    0.480700
2027    0.433800
2028    0.324900
2029    0.279500
2030    0.243600
2031    0.220000
2032    0.181200
2033    0.154800
2034    0.139900

Probability Threshold Exceeded at Least Once =     1.0000


Requested Percentile Report

Percentile =    40.00 %

                                 2021       2022       2023       2024       2025       2026       2027       2028       2029       2030       2031       2032       2033       2034 

Recruits                     144.8233   145.8561   139.0689   143.2287   142.6466   147.7904   143.1695   143.8728   146.6766   146.5654   147.6513   145.7239   144.1171   145.4916 
Spawning Stock Biomass         2.1351     2.4798     2.7118     2.3698     2.2678     2.3482     2.4589     2.6576     2.9040     3.0849     3.2318     3.4078     3.5647     3.7061 
Jan-1 Stock Biomass            8.8165     8.8671     8.3761     7.7534     7.4520     7.6226     7.8480     8.0020     8.2839     8.5401     8.7387     8.8963     9.1096     9.2591 
Mean Biomass                   7.8925     7.6027     7.0473     6.5791     6.5327     6.7156     6.9235     7.1496     7.3960     7.6377     7.8352     8.0125     8.2151     8.3504 
Combined Catch Biomass         2.8187     3.2423     3.1504     2.8546     2.4000     2.4000     2.4000     2.2000     2.2000     2.2000     2.2000     2.1000     2.1000     2.1000 
Landings                       2.8187     3.2423     3.1504     2.8546     2.4000     2.4000     2.4000     2.2000     2.2000     2.2000     2.2000     2.1000     2.1000     2.1000 
FMort                          1.0794     1.0794     1.0794     1.0794     0.8074     0.7476     0.6957     0.5975     0.5586     0.5314     0.5114     0.4711     0.4535     0.4426 

Stock Numbers at Age
Age 1                        244.9740   144.8233   145.8561   139.0689   143.2287   142.6466   147.7904   143.1695   143.8728   146.6766   146.5654   147.6513   145.7239   144.1171 
Age 2                         93.8626   140.4482    83.3992    83.8432    80.2018    82.5819    82.2444    84.8094    83.5892    83.6406    85.2186    84.9266    86.0878    85.2640 
Age 3                         51.2273    42.5318    63.3148    37.2858    37.7588    37.2701    37.7710    37.7587    40.1898    40.3154    40.7638    41.6051    42.6469    43.6217 
Age 4                          9.1703    17.6882    14.5572    21.6561    12.6842    13.5246    13.6978    14.1982    15.5035    16.8104    17.3804    17.7744    18.7616    19.4480 
Age 5                          2.4696     2.7607     5.3624     4.4043     6.5579     4.0961     4.4874     4.7014     5.4212     6.2073     6.9366     7.2278     7.6859     8.2904 
Age 6                          0.8492     0.7215     0.7952     1.5476     1.2706     2.1346     1.3341     1.5051     1.7579     2.0982     2.4665     2.8221     3.0719     3.3334 
Age 7                          0.1227     0.2443     0.2084     0.2295     0.4472     0.4190     0.7157     0.4534     0.5629     0.6766     0.8434     0.9892     1.1935     1.3281 
Age 8                          0.0902     0.0370     0.0726     0.0617     0.0680     0.1490     0.1413     0.2466     0.1702     0.2248     0.2724     0.3472     0.4236     0.5221 
Age 9                          0.0063     0.0278     0.0114     0.0222     0.0189     0.0231     0.0519     0.0497     0.0943     0.0682     0.0921     0.1121     0.1512     0.1881 
Age 10                          0.0032     0.0020     0.0088     0.0036     0.0070     0.0066     0.0082     0.0188     0.0193     0.0382     0.0286     0.0397     0.0496     0.0681 
Age 11                          0.0009     0.0010     0.0007     0.0029     0.0012     0.0025     0.0024     0.0031     0.0075     0.0080     0.0162     0.0123     0.0177     0.0226 
Age 12                          0.0001     0.0003     0.0003     0.0002     0.0009     0.0004     0.0009     0.0009     0.0012     0.0031     0.0035     0.0070     0.0056     0.0081 
Age 13                          0.0000     0.0000     0.0001     0.0001     0.0001     0.0003     0.0002     0.0004     0.0004     0.0005     0.0014     0.0015     0.0032     0.0026 
Age 14                          0.0000     0.0000     0.0000     0.0000     0.0000     0.0000     0.0001     0.0001     0.0002     0.0002     0.0002     0.0006     0.0007     0.0015 
Age 15                          0.0000     0.0000     0.0000     0.0000     0.0000     0.0000     0.0000     0.0001     0.0001     0.0001     0.0001     0.0002     0.0004     0.0005 
