AGEPRO VERSION 4.2

Phased_Q_240022252100

Date & Time of Run: 06 May 2024  11:45

Input File Name:    Phased_Q_240022252100.inp

First Age Class:                         1
Number of Age Classes:                  15
Number of Years in Projection:          14
Number of Fleets:                        9
Number of Recruitment Models:            3
Number of Bootstraps:                  100
Number of Simulations:                 100

Bootstrap File Name:            C:\Users\jon.brodziak\Desktop\2024 WCNPO MLS Rebuilding\Bootstrap-numbers-at-age\2023_WCNPOMLS.bsn

Number of Feasible Solutions:       9963  of      10000 Realizations

Input Harvest Scenario

Year  Type        Fleet-1    Fleet-2    Fleet-3    Fleet-4    Fleet-5    Fleet-6    Fleet-7    Fleet-8    Fleet-9    

2021  F-Mult       0.1651     0.0453     0.2588     0.0166     0.0610     0.0487     0.0642     0.0722     0.3475 
2022  F-Mult       0.1651     0.0453     0.2588     0.0166     0.0610     0.0487     0.0642     0.0722     0.3475 
2023  F-Mult       0.1651     0.0453     0.2588     0.0166     0.0610     0.0487     0.0642     0.0722     0.3475 
2024  F-Mult       0.1651     0.0453     0.2588     0.0166     0.0610     0.0487     0.0642     0.0722     0.3475 
2025  Landings        344        137        713         63        208         93        180        324        337 
2026  Landings        344        137        713         63        208         93        180        324        337 
2027  Landings        344        137        713         63        208         93        180        324        337 
2028  Landings        319        127        661         59        193         86        167        300        312 
2029  Landings        319        127        661         59        193         86        167        300        312 
2030  Landings        319        127        661         59        193         86        167        300        312 
2031  Landings        319        127        661         59        193         86        167        300        312 
2032  Landings        301        119        624         56        182         82        157        283        295 
2033  Landings        301        119        624         56        182         82        157        283        295 
2034  Landings        301        119        624         56        182         82        157        283        295 

Recruitment Selection Distribution

Year  Selection-1 Selection-2 Selection-3 

2021      0.1270     0.8333     0.0397 
2022      0.1219     0.8372     0.0409 
2023      0.1166     0.8413     0.0421 
2024      0.1209     0.8409     0.0382 
2025      0.1161     0.8417     0.0422 
2026      0.1183     0.8418     0.0399 
2027      0.1218     0.8389     0.0393 
2028      0.1214     0.8388     0.0398 
2029      0.1248     0.8331     0.0421 
2030      0.1202     0.8412     0.0386 
2031      0.1213     0.8380     0.0407 
2032      0.1203     0.8409     0.0388 
2033      0.1232     0.8354     0.0414 
2034      0.1202     0.8376     0.0422 

Recruits        1000  Fish

Year Class   Average        StdDev
2021        172.5436       79.2045
2022        173.4931       81.5491
2023        173.2280       83.6167
2024        173.0525       79.6566
2025        173.3570       81.7398
2026        173.9561       83.5403
2027        173.0237       79.3044
2028        173.3930       82.1008
2029        173.6044       80.8892
2030        174.2681       80.9809
2031        175.1514       85.0459
2032        175.1494       81.2986
2033        175.5145       87.1659
2034        173.7770       82.8197

Recruits Distribution

Year Class 1%         5%         10%        25%        50%        75%        90%        95%        99%    
2021    68.6658    70.5905    78.9955   104.7229   168.4538   236.1466   277.6960   303.8608   324.5069
2022    68.6437    70.5806    78.9096   104.4496   168.5312   236.1335   281.0993   307.0895   325.6284
2023    68.5843    70.1169    78.9532   104.1177   168.3403   235.6593   278.3329   305.6393   328.4096
2024    68.6364    70.3096    78.5739   104.3475   168.3698   236.4621   279.0609   305.7142   325.2947
2025    68.6167    70.5387    78.7700   104.4471   168.2448   236.6439   280.0754   306.9079   331.0382
2026    68.7051    70.4625    78.6445   105.0764   168.3421   236.3754   281.0459   307.3770   341.2204
2027    68.5996    70.8362    79.3473   104.8155   168.4265   235.9015   277.9570   304.2226   324.9560
2028    68.6112    70.7909    79.0882   104.7991   168.4246   235.4379   280.1708   306.6237   325.1076
2029    68.5968    71.1694    79.5527   104.2915   168.6255   236.4944   279.0452   304.7785   325.1063
2030    68.6597    71.2062    79.4859   104.8794   168.6927   238.0325   279.0093   305.6244   324.5282
2031    68.6850    70.8507    79.2782   106.0013   169.1923   236.7200   278.4589   306.5763   325.4187
2032    68.6497    71.5383    79.5274   105.7890   168.7432   238.1540   282.8047   308.2397   325.6699
2033    68.7125    71.1883    79.4003   105.7703   168.6649   237.3084   281.2637   306.8798   338.4063
2034    68.6655    70.4624    78.8704   104.7143   168.2653   236.8596   281.2226   307.4183   341.9056

Spawning Stock Biomass  x       1000 MT

Year       Average        StdDev
2021        2.2955        0.4567
2022        2.6061        0.4245
2023        2.9329        0.5982
2024        2.5791        0.6272
2025        2.5654        0.8784
2026        2.7995        1.3080
2027        3.0188        1.5704
2028        3.2616        1.7528
2029        3.5083        1.9014
2030        3.7042        1.9755
2031        3.8612        2.0398
2032        4.0303        2.0664
2033        4.2220        2.1039
2034        4.3834        2.1567

Spawning Stock Biomass Distribution

Year        1%         5%         10%        25%        50%        75%        90%        95%        99%   
2021     1.4604     1.7252     1.8308     1.9996     2.2331     2.5076     2.8063     3.0149     4.1253 
2022     1.7561     1.9604     2.0810     2.3135     2.5759     2.8547     3.1863     3.3870     3.7279 
2023     1.8461     2.0636     2.1976     2.5029     2.8774     3.3009     3.7367     4.0266     4.5541 
2024     1.4453     1.6748     1.8212     2.1128     2.5203     2.9756     3.4007     3.6572     4.1766 
2025     1.0048     1.3212     1.5366     1.9285     2.4749     3.1065     3.7092     4.0703     4.8401 
2026     0.5771     0.9844     1.2732     1.8747     2.6595     3.5775     4.4618     4.9803     6.3072 
2027     0.3276     0.8349     1.1817     1.8818     2.8426     3.9581     5.0668     5.7092     7.1556 
2028     0.3060     0.8046     1.1764     2.0064     3.0694     4.2810     5.5100     6.3293     8.1726 
2029     0.3168     0.8703     1.2769     2.1331     3.3024     4.5880     5.9481     6.7263     8.8884 
2030     0.3273     0.9604     1.3646     2.2901     3.4824     4.8566     6.2599     7.1498     9.4227 
2031     0.3201     0.9623     1.4683     2.4331     3.6518     5.0273     6.4386     7.3778     9.6459 
2032     0.3412     1.0909     1.5812     2.5449     3.8377     5.2498     6.6153     7.6191     9.9711 
2033     0.3719     1.2384     1.7206     2.7366     4.0090     5.4448     6.8835     7.8688    10.1362 
2034     0.4411     1.3156     1.8400     2.8830     4.1816     5.6365     7.1006     8.0279    10.2720 

JAN-1 Stock Biomass  x       1000 MT

Year       Average        StdDev
2021        9.2933        1.5913
2022        9.4552        1.7692
2023        8.9554        1.9107
2024        8.3847        1.9625
2025        8.0841        1.9599
2026        8.3744        2.3380
2027        8.6373        2.6136
2028        8.8439        2.7873
2029        9.1525        2.9253
2030        9.3959        3.0054
2031        9.5985        3.0625
2032        9.7676        3.1063
2033       10.0113        3.1482
2034       10.2158        3.2148

JAN-1 Stock Biomass Distribution

Year       1%         5%         10%        25%        50%        75%        90%        95%        99%    
2021     6.3582     6.9768     7.3902     8.1671     9.1621    10.1296    11.5466    12.3156    13.6651 
2022     6.1002     6.8109     7.2780     8.1664     9.3282    10.5806    11.7838    12.5355    14.1542 
2023     5.3389     6.1104     6.6136     7.5885     8.8192    10.1606    11.3904    12.2015    13.9851 
2024     4.7460     5.5370     6.0541     6.9787     8.2469     9.5711    10.8611    11.7075    13.5438 
2025     4.4759     5.1907     5.7124     6.7176     7.9243     9.2630    10.5443    11.3647    13.3408 
2026     3.8362     4.8877     5.5491     6.7370     8.2249     9.7671    11.3693    12.3193    14.4892 
2027     3.6222     4.7585     5.4754     6.8537     8.4405    10.2017    11.9583    13.0982    15.6949 
2028     3.4529     4.7449     5.4857     6.9254     8.6439    10.5131    12.3386    13.5660    16.5436 
2029     3.4736     4.8757     5.6592     7.1416     8.9463    10.8810    12.8126    14.1107    17.4602 
2030     3.5104     4.9332     5.7495     7.3479     9.2177    11.1810    13.1363    14.5235    17.9001 
2031     3.4744     5.0979     5.9534     7.4849     9.4100    11.4222    13.4094    14.7357    18.2113 
2032     3.5492     5.2394     6.1023     7.6748     9.5539    11.6351    13.6576    14.9585    18.4534 
2033     3.5814     5.4293     6.2543     7.8674     9.8168    11.8513    13.9097    15.2407    18.7094 
2034     3.7935     5.4675     6.4560     8.0799    10.0169    12.1364    14.1025    15.5014    19.3515 

Mean Biomass  x       1000 MT

Year       Average        StdDev
2021        8.3952        1.5124
2022        8.1760        1.6712
2023        7.5948        1.7754
2024        7.1583        1.8125
2025        7.1883        2.0839
2026        7.4715        2.4211
2027        7.7157        2.6703
2028        7.9792        2.8029
2029        8.2521        2.9139
2030        8.4747        2.9799
2031        8.6571        3.0131
2032        8.8780        3.0677
2033        9.1047        3.1074
2034        9.2860        3.1835

Mean Biomass Distribution

Year       1%         5%         10%        25%        50%        75%        90%        95%        99%    
2021     5.6215     6.1850     6.5719     7.2865     8.2591     9.2583    10.5069    11.1873    12.5174 
2022     5.0429     5.6984     6.1254     6.9482     8.0451     9.2420    10.3618    11.0556    12.5651 
2023     4.3374     4.9963     5.4433     6.3078     7.4502     8.7064     9.8634    10.6184    12.1583 
2024     3.9077     4.5645     5.0220     5.8600     7.0036     8.2512     9.4282    10.2085    11.8726 
2025     3.3432     4.1138     4.6527     5.7431     7.0325     8.4706     9.8159    10.6623    12.6295 
2026     2.7209     3.8707     4.5428     5.7839     7.2998     8.9309    10.5277    11.6078    14.0989 
2027     2.5499     3.7424     4.4822     5.8745     7.5273     9.3042    11.0565    12.2024    14.9496 
2028     2.5506     3.8919     4.6205     6.0205     7.7507     9.6572    11.5219    12.7477    15.6622 
2029     2.5475     3.9487     4.7841     6.2319     8.0367     9.9685    11.8751    13.1912    16.6621 
2030     2.6305     4.0417     4.8688     6.4078     8.2917    10.2692    12.1763    13.5155    16.7473 
2031     2.5926     4.2064     5.0498     6.5678     8.4611    10.4389    12.3828    13.6618    17.0040 
2032     2.6664     4.3709     5.2453     6.8207     8.6578    10.6903    12.6517    13.9984    17.3070 
2033     2.8465     4.5773     5.4004     7.0096     8.9166    10.9487    12.9231    14.2760    17.7160 
2034     3.0250     4.6446     5.5655     7.1500     9.1074    11.1329    13.1399    14.4819    18.2811 

Combined Catch Biomass  x       1000 MT

Year       Average        StdDev
2021        2.9738        0.4788
2022        3.4173        0.5693
2023        3.3677        0.6606
2024        3.0756        0.6970
2025        2.4000        0.0000
2026        2.4000        0.0000
2027        2.3990        0.0480
2028        2.2230        0.0667
2029        2.2217        0.0861
2030        2.2199        0.1066
2031        2.2192        0.1133
2032        2.0935        0.1167
2033        2.0926        0.1240
2034        2.0922        0.1275

Combined Catch Distribution

Year       1%         5%         10%        25%        50%        75%        90%        95%        99%    
2021     1.9709     2.3487     2.4496     2.6628     2.9120     3.2315     3.5507     3.7949     4.7104 
2022     2.3506     2.5737     2.7180     2.9991     3.3886     3.7388     4.2119     4.4830     4.9224 
2023     2.1264     2.3834     2.5501     2.8882     3.3225     3.7882     4.2283     4.5070     5.0237 
2024     1.7994     2.0561     2.2281     2.5759     3.0265     3.5047     3.9674     4.2551     4.8571 
2025     2.4000     2.4000     2.4000     2.4000     2.4000     2.4000     2.4000     2.4000     2.4000 
2026     2.4000     2.4000     2.4000     2.4000     2.4000     2.4000     2.4000     2.4000     2.4000 
2027     2.4000     2.4000     2.4000     2.4000     2.4000     2.4000     2.4000     2.4000     2.4000 
2028     2.2250     2.2250     2.2250     2.2250     2.2250     2.2250     2.2250     2.2250     2.2250 
2029     2.2250     2.2250     2.2250     2.2250     2.2250     2.2250     2.2250     2.2250     2.2250 
2030     2.2250     2.2250     2.2250     2.2250     2.2250     2.2250     2.2250     2.2250     2.2250 
2031     2.2250     2.2250     2.2250     2.2250     2.2250     2.2250     2.2250     2.2250     2.2250 
2032     2.1000     2.1000     2.1000     2.1000     2.1000     2.1000     2.1000     2.1000     2.1000 
2033     2.1000     2.1000     2.1000     2.1000     2.1000     2.1000     2.1000     2.1000     2.1000 
2034     2.1000     2.1000     2.1000     2.1000     2.1000     2.1000     2.1000     2.1000     2.1000 

Landings  x       1000 MT

Year       Average        StdDev
2021        2.9738        0.4788
2022        3.4173        0.5693
2023        3.3677        0.6606
2024        3.0756        0.6970
2025        2.4000        0.0000
2026        2.4000        0.0000
2027        2.3990        0.0480
2028        2.2230        0.0667
2029        2.2217        0.0861
2030        2.2199        0.1066
2031        2.2192        0.1133
2032        2.0935        0.1167
2033        2.0926        0.1240
2034        2.0922        0.1275

Landings Distribution

Year       1%         5%         10%        25%        50%        75%        90%        95%        99%    
2021     1.9709     2.3487     2.4496     2.6628     2.9120     3.2315     3.5507     3.7949     4.7104 
2022     2.3506     2.5737     2.7180     2.9991     3.3886     3.7388     4.2119     4.4830     4.9224 
2023     2.1264     2.3834     2.5501     2.8882     3.3225     3.7882     4.2283     4.5070     5.0237 
2024     1.7994     2.0561     2.2281     2.5759     3.0265     3.5047     3.9674     4.2551     4.8571 
2025     2.4000     2.4000     2.4000     2.4000     2.4000     2.4000     2.4000     2.4000     2.4000 
2026     2.4000     2.4000     2.4000     2.4000     2.4000     2.4000     2.4000     2.4000     2.4000 
2027     2.4000     2.4000     2.4000     2.4000     2.4000     2.4000     2.4000     2.4000     2.4000 
2028     2.2250     2.2250     2.2250     2.2250     2.2250     2.2250     2.2250     2.2250     2.2250 
2029     2.2250     2.2250     2.2250     2.2250     2.2250     2.2250     2.2250     2.2250     2.2250 
2030     2.2250     2.2250     2.2250     2.2250     2.2250     2.2250     2.2250     2.2250     2.2250 
2031     2.2250     2.2250     2.2250     2.2250     2.2250     2.2250     2.2250     2.2250     2.2250 
2032     2.1000     2.1000     2.1000     2.1000     2.1000     2.1000     2.1000     2.1000     2.1000 
2033     2.1000     2.1000     2.1000     2.1000     2.1000     2.1000     2.1000     2.1000     2.1000 
2034     2.1000     2.1000     2.1000     2.1000     2.1000     2.1000     2.1000     2.1000     2.1000 

Total Fishing Mortality

Year       Average        StdDev
2021        1.0794        0.0000
2022        1.0794        0.0000
2023        1.0794        0.0000
2024        1.0794        0.0000
2025        0.9292        0.2950
2026        0.9499        0.5004
2027        0.9665        0.7120
2028        0.8686        0.7052
2029        0.8188        0.6829
2030        0.7783        0.6577
2031        0.7521        0.6459
2032        0.6740        0.5746
2033        0.6355        0.5185
2034        0.6065        0.4524

Total Fishing Mortality Distribution

Year       1%         5%         10%        25%        50%        75%        90%        95%        99%    
2021     1.0794     1.0794     1.0794     1.0794     1.0794     1.0794     1.0794     1.0794     1.0794 
2022     1.0794     1.0794     1.0794     1.0794     1.0794     1.0794     1.0794     1.0794     1.0794 
2023     1.0794     1.0794     1.0794     1.0794     1.0794     1.0794     1.0794     1.0794     1.0794 
2024     1.0794     1.0794     1.0794     1.0794     1.0794     1.0794     1.0794     1.0794     1.0794 
2025     0.4809     0.5699     0.6190     0.7184     0.8714     1.0792     1.3140     1.4967     1.8957 
2026     0.3935     0.4802     0.5325     0.6410     0.8240     1.0965     1.5038     1.8530     2.7852 
2027     0.3412     0.4265     0.4765     0.5927     0.7771     1.0885     1.5971     2.0842     3.9091 
2028     0.2845     0.3614     0.4087     0.5105     0.6769     0.9716     1.4814     1.9739     3.6703 
2029     0.2623     0.3392     0.3842     0.4803     0.6397     0.9227     1.3822     1.8110     3.6668 
2030     0.2474     0.3220     0.3667     0.4594     0.6094     0.8679     1.3160     1.7377     3.3157 
2031     0.2440     0.3120     0.3588     0.4428     0.5880     0.8323     1.2511     1.6773     3.3044 
2032     0.2252     0.2895     0.3272     0.4046     0.5322     0.7527     1.1011     1.4329     2.9980 
2033     0.2204     0.2824     0.3158     0.3908     0.5108     0.7079     1.0242     1.3252     2.6197 
2034     0.2175     0.2760     0.3100     0.3796     0.4925     0.6810     0.9856     1.2609     2.3913 

JAN-1 Stock Numbers at Age  -       1000  Fish

2021

Age        1%         5%         10%        25%        50%        75%        90%        95%        99%    
1      140.2370   175.0900   184.8320   216.7130   261.1480   317.3690   385.6290   409.5080   464.9250
2       58.9389    77.9477    80.8620    85.4451   100.4175   112.5240   125.3470   138.4980   148.4390
3       34.1986    41.3466    43.5177    47.9381    54.8765    60.4455    67.3245    74.4817    84.8335
4        4.4701     6.3288     7.3712     8.3369     9.5330    10.8358    12.5169    14.0136    20.6054
5        1.2938     1.6031     1.7337     2.2441     2.6907     3.2695     4.2092     4.8898     7.4995
6        0.2917     0.4842     0.6024     0.6936     0.9665     1.2287     1.8234     2.1765     5.0518
7        0.0278     0.0584     0.0739     0.1025     0.1591     0.2261     0.3164     0.3996     1.3049
8        0.0082     0.0292     0.0370     0.0584     0.1092     0.1670     0.2575     0.4456     2.1858
9        0.0003     0.0014     0.0021     0.0035     0.0085     0.0144     0.0223     0.0334     0.2402
10        0.0001     0.0005     0.0007     0.0015     0.0043     0.0069     0.0143     0.0242     0.2609
11        0.0000     0.0001     0.0002     0.0004     0.0014     0.0028     0.0051     0.0082     0.1988
12        0.0000     0.0000     0.0000     0.0000     0.0001     0.0003     0.0005     0.0008     0.0280
13        0.0000     0.0000     0.0000     0.0000     0.0000     0.0002     0.0003     0.0005     0.0316
14        0.0000     0.0000     0.0000     0.0000     0.0000     0.0000     0.0001     0.0001     0.0183
15+       0.0000     0.0000     0.0000     0.0000     0.0000     0.0000     0.0000     0.0000     0.0127

2022

Age        1%         5%         10%        25%        50%        75%        90%        95%        99%    
1       68.6658    70.5905    78.9955   104.7229   168.4538   236.1466   277.6960   303.8608   324.5069
2       85.5202   100.3788   106.9394   123.5796   150.5229   183.9982   222.3888   242.5200   274.6332
3       26.6324    34.4329    36.1501    39.1642    44.7194    51.0321    57.8898    62.8549    71.0131
4       11.9415    13.9169    14.9792    16.5227    18.5254    20.8622    23.6010    26.1160    31.5709
5        1.4499     1.9580     2.1946     2.5187     2.9096     3.3147     3.8909     4.2990     6.4926
6        0.3755     0.4633     0.5097     0.6436     0.7742     0.9504     1.2414     1.4442     2.5030
7        0.0963     0.1449     0.1713     0.2060     0.2744     0.3648     0.5312     0.6230     1.6522
8        0.0093     0.0178     0.0220     0.0304     0.0463     0.0675     0.0968     0.1269     0.4396
9        0.0028     0.0092     0.0114     0.0184     0.0337     0.0514     0.0811     0.1374     0.7418
10        0.0001     0.0004     0.0007     0.0011     0.0027     0.0046     0.0074     0.0110     0.0844
11        0.0000     0.0002     0.0002     0.0005     0.0014     0.0023     0.0050     0.0080     0.0971
12        0.0000     0.0000     0.0001     0.0001     0.0005     0.0009     0.0017     0.0028     0.0772
13        0.0000     0.0000     0.0000     0.0000     0.0000     0.0001     0.0002     0.0003     0.0105
14        0.0000     0.0000     0.0000     0.0000     0.0000     0.0001     0.0001     0.0002     0.0119
15+       0.0000     0.0000     0.0000     0.0000     0.0000     0.0000     0.0000     0.0001     0.0119

2023

Age        1%         5%         10%        25%        50%        75%        90%        95%        99%    
1       68.6437    70.5806    78.9096   104.4496   168.5312   236.1335   281.0993   307.0895   325.6284
2       37.9829    41.1707    45.1268    59.7890    96.1438   135.3945   161.7533   174.5147   194.3639
3       38.6467    44.7668    48.2667    55.7845    68.0692    83.3761   100.3360   109.4968   125.6532
4        9.1663    11.5161    12.2564    13.4642    15.2988    17.6130    20.0027    21.7534    24.4978
5        3.5768     4.1506     4.4921     4.9960     5.6131     6.3531     7.2014     7.9071     9.5586
6        0.4170     0.5619     0.6264     0.7252     0.8414     0.9653     1.1250     1.2581     1.8801
7        0.1082     0.1331     0.1477     0.1853     0.2237     0.2767     0.3622     0.4199     0.7287
8        0.0296     0.0431     0.0503     0.0609     0.0816     0.1090     0.1589     0.1860     0.4919
9        0.0031     0.0054     0.0067     0.0093     0.0142     0.0207     0.0297     0.0396     0.1385
10        0.0009     0.0029     0.0036     0.0058     0.0106     0.0163     0.0258     0.0429     0.2487
11        0.0000     0.0001     0.0002     0.0004     0.0009     0.0015     0.0024     0.0036     0.0279
12        0.0000     0.0001     0.0001     0.0002     0.0005     0.0008     0.0016     0.0027     0.0338
13        0.0000     0.0000     0.0000     0.0000     0.0002     0.0003     0.0006     0.0009     0.0267
14        0.0000     0.0000     0.0000     0.0000     0.0000     0.0000     0.0001     0.0001     0.0038
15+       0.0000     0.0000     0.0000     0.0000     0.0000     0.0000     0.0000     0.0001     0.0083

2024

Age        1%         5%         10%        25%        50%        75%        90%        95%        99%    
1       68.5843    70.1169    78.9532   104.1177   168.3403   235.6593   278.3329   305.6393   328.4096
2       38.0826    41.1009    45.2467    59.8164    96.5326   135.8917   162.9178   176.8422   198.3299
3       16.8061    18.6233    20.4280    26.8823    43.3060    60.7352    73.3300    79.1571    90.2307
4       13.0775    15.2171    16.4679    19.1131    23.3590    28.6094    34.5085    37.8354    43.7387
5        2.7507     3.4329     3.6641     4.0621     4.6465     5.3564     6.1072     6.6227     7.4799
6        1.0291     1.1853     1.2876     1.4357     1.6229     1.8459     2.0962     2.2959     2.8031
7        0.1196     0.1607     0.1798     0.2091     0.2433     0.2806     0.3279     0.3678     0.5413
8        0.0318     0.0390     0.0438     0.0546     0.0663     0.0828     0.1082     0.1262     0.2220
9        0.0091     0.0131     0.0152     0.0187     0.0250     0.0335     0.0488     0.0571     0.1508
10        0.0010     0.0017     0.0021     0.0029     0.0045     0.0066     0.0094     0.0126     0.0465
11        0.0003     0.0009     0.0012     0.0019     0.0035     0.0053     0.0084     0.0139     0.0854
12        0.0000     0.0000     0.0001     0.0001     0.0003     0.0005     0.0008     0.0012     0.0095
13        0.0000     0.0000     0.0000     0.0001     0.0002     0.0003     0.0005     0.0009     0.0111
14        0.0000     0.0000     0.0000     0.0000     0.0001     0.0001     0.0002     0.0003     0.0099
15+       0.0000     0.0000     0.0000     0.0000     0.0000     0.0000     0.0000     0.0001     0.0043

2025

Age        1%         5%         10%        25%        50%        75%        90%        95%        99%    
1       68.6364    70.3096    78.5739   104.3475   168.3698   236.4621   279.0609   305.7142   325.2947
2       38.0888    41.1857    45.0422    59.6138    96.4227   135.3586   161.7221   175.7936   199.9311
3       16.8214    18.6956    20.3540    26.7977    43.2181    61.1497    74.0021    80.3658    91.6075
4        5.6487     6.3587     6.9826     9.2302    14.7516    20.8303    25.2050    27.3932    31.5520
5        3.9249     4.5506     4.9510     5.7812     7.0930     8.7184    10.4729    11.4658    13.3384
6        0.7949     0.9761     1.0507     1.1727     1.3442     1.5544     1.7753     1.9278     2.1917
7        0.2937     0.3379     0.3682     0.4138     0.4696     0.5365     0.6126     0.6703     0.8112
8        0.0352     0.0472     0.0528     0.0617     0.0720     0.0837     0.0982     0.1101     0.1589
9        0.0096     0.0119     0.0134     0.0166     0.0203     0.0256     0.0333     0.0388     0.0670
10        0.0028     0.0041     0.0048     0.0059     0.0079     0.0106     0.0154     0.0182     0.0472
11        0.0003     0.0006     0.0007     0.0010     0.0014     0.0021     0.0030     0.0041     0.0157
12        0.0001     0.0003     0.0004     0.0006     0.0011     0.0018     0.0028     0.0046     0.0285
13        0.0000     0.0000     0.0000     0.0000     0.0001     0.0002     0.0003     0.0004     0.0032
14        0.0000     0.0000     0.0000     0.0000     0.0001     0.0001     0.0002     0.0003     0.0039
15+       0.0000     0.0000     0.0000     0.0000     0.0000     0.0000     0.0001     0.0001     0.0045

2026

Age        1%         5%         10%        25%        50%        75%        90%        95%        99%    
1       68.6167    70.5387    78.7700   104.4471   168.2448   236.6439   280.0754   306.9079   331.0382
2       37.5130    41.1524    44.7681    59.9191    97.1395   138.1644   165.3663   179.3341   202.0005
3       14.0924    17.3056    19.6338    26.7520    45.5262    67.4484    83.7484    92.1930   110.5254
4        4.0229     5.5787     6.5713     9.3445    16.2254    25.2023    32.9296    36.6172    44.0076
5        1.2063     1.7495     2.1381     2.9988     4.9424     7.4340     9.9052    11.2665    13.6431
6        0.7928     1.1510     1.3822     1.7897     2.3639     3.0812     3.8488     4.3359     5.3004
7        0.1745     0.2433     0.2848     0.3610     0.4501     0.5505     0.6577     0.7281     0.8782
8        0.0648     0.0896     0.1048     0.1308     0.1599     0.1938     0.2318     0.2570     0.3066
9        0.0097     0.0133     0.0157     0.0199     0.0251     0.0309     0.0373     0.0428     0.0587
10        0.0026     0.0037     0.0043     0.0056     0.0073     0.0094     0.0125     0.0152     0.0246
11        0.0009     0.0013     0.0016     0.0021     0.0028     0.0040     0.0057     0.0071     0.0177
12        0.0001     0.0002     0.0002     0.0003     0.0005     0.0008     0.0012     0.0016     0.0060
13        0.0000     0.0001     0.0001     0.0002     0.0004     0.0007     0.0011     0.0017     0.0108
14        0.0000     0.0000     0.0000     0.0000     0.0000     0.0001     0.0001     0.0002     0.0013
15+       0.0000     0.0000     0.0000     0.0000     0.0000     0.0000     0.0001     0.0002     0.0034

2027

Age        1%         5%         10%        25%        50%        75%        90%        95%        99%    
1       68.7051    70.4625    78.6445   105.0764   168.3421   236.3754   281.0459   307.3770   341.2204
2       36.9264    41.3515    44.9321    59.6789    96.7049   137.6262   165.9223   181.6349   203.3425
3       11.0020    16.1790    19.1944    26.9118    45.9492    69.0662    87.7119    96.2336   113.1326
4        1.9421     4.1438     5.6206     9.3586    17.5542    29.1374    39.0175    44.6868    55.9650
5        0.4041     1.1018     1.6795     2.9758     5.6712     9.8860    14.1463    16.5616    21.2372
6        0.1089     0.3424     0.5298     0.9351     1.6376     2.7653     4.0233     4.8006     6.3352
7        0.0682     0.2032     0.3129     0.5349     0.8300     1.1937     1.5861     1.8670     2.4363
8        0.0146     0.0425     0.0646     0.1079     0.1620     0.2207     0.2804     0.3236     0.4084
9        0.0059     0.0163     0.0248     0.0402     0.0589     0.0790     0.1003     0.1144     0.1428
10        0.0010     0.0027     0.0039     0.0063     0.0094     0.0127     0.0162     0.0189     0.0264
11        0.0003     0.0008     0.0012     0.0018     0.0028     0.0039     0.0053     0.0067     0.0104
12        0.0001     0.0003     0.0004     0.0007     0.0011     0.0016     0.0024     0.0031     0.0072
13        0.0000     0.0000     0.0001     0.0001     0.0002     0.0003     0.0005     0.0007     0.0024
14        0.0000     0.0000     0.0000     0.0001     0.0002     0.0003     0.0005     0.0007     0.0046
15+       0.0000     0.0000     0.0000     0.0000     0.0000     0.0000     0.0001     0.0001     0.0020

2028

Age        1%         5%         10%        25%        50%        75%        90%        95%        99%    
1       68.5996    70.8362    79.3473   104.8155   168.4265   235.9015   277.9570   304.2226   324.9560
2       36.6246    41.2074    45.0695    60.1428    96.9263   138.3693   166.8477   181.0154   208.7190
3        8.2607    15.6969    19.2716    27.2088    46.3734    68.6071    88.5010    98.2826   116.8736
4        0.8347     3.4407     5.3101     9.5468    18.2360    30.7063    42.0628    47.9920    58.6646
5        0.0877     0.6619     1.3134     2.9784     6.3745    12.0296    17.7357    21.0048    28.4931
6        0.0172     0.1632     0.3586     0.9040     1.9883     3.8997     6.1574     7.6164    10.3601
7        0.0041     0.0508     0.1105     0.2815     0.5833     1.0919     1.7327     2.1442     3.0668
8        0.0025     0.0296     0.0645     0.1586     0.3048     0.4965     0.7126     0.8584     1.1956
9        0.0006     0.0065     0.0137     0.0331     0.0612     0.0948     0.1292     0.1528     0.2050
10        0.0003     0.0026     0.0055     0.0125     0.0228     0.0346     0.0465     0.0552     0.0720
11        0.0000     0.0004     0.0009     0.0021     0.0037     0.0056     0.0077     0.0092     0.0131
12        0.0000     0.0001     0.0003     0.0006     0.0011     0.0017     0.0025     0.0031     0.0049
13        0.0000     0.0001     0.0001     0.0002     0.0004     0.0007     0.0011     0.0015     0.0031
14        0.0000     0.0000     0.0000     0.0000     0.0001     0.0001     0.0002     0.0003     0.0011
15+       0.0000     0.0000     0.0000     0.0000     0.0001     0.0001     0.0002     0.0004     0.0028

2029

Age        1%         5%         10%        25%        50%        75%        90%        95%        99%    
1       68.6112    70.7909    79.0882   104.7991   168.4246   235.4379   280.1708   306.6237   325.1076
2       36.9001    41.5998    45.7882    60.5642    97.7450   137.9818   166.3084   180.3162   204.3222
3        8.4701    16.5406    20.3250    28.4977    47.8132    70.8585    90.8611   100.4308   121.1608
4        0.7050     3.5366     5.8297    10.4027    19.4193    31.8993    44.3407    51.2320    64.5206
5        0.0498     0.5775     1.3176     3.2952     7.2044    13.5507    20.1103    23.8849    30.9696
6        0.0044     0.1112     0.2985     0.9665     2.4593     5.1368     8.2833    10.2621    14.9207
7        0.0010     0.0254     0.0838     0.2900     0.7794     1.6547     2.8553     3.6743     5.4628
8        0.0003     0.0083     0.0264     0.0933     0.2298     0.4782     0.8040     1.0448     1.5838
9        0.0002     0.0048     0.0147     0.0525     0.1236     0.2251     0.3441     0.4291     0.6144
10        0.0000     0.0011     0.0033     0.0111     0.0253     0.0439     0.0639     0.0781     0.1102
11        0.0000     0.0005     0.0014     0.0044     0.0095     0.0162     0.0233     0.0283     0.0390
12        0.0000     0.0001     0.0002     0.0007     0.0016     0.0026     0.0039     0.0047     0.0068
13        0.0000     0.0000     0.0001     0.0002     0.0005     0.0008     0.0012     0.0016     0.0026
14        0.0000     0.0000     0.0000     0.0001     0.0002     0.0003     0.0005     0.0007     0.0015
15+       0.0000     0.0000     0.0000     0.0000     0.0001     0.0001     0.0002     0.0004     0.0018

2030

Age        1%         5%         10%        25%        50%        75%        90%        95%        99%    
1       68.5968    71.1694    79.5527   104.2915   168.6255   236.4944   279.0452   304.7785   325.1063
2       36.8938    41.6138    45.5587    60.6243    98.2866   138.3150   167.2720   181.5170   203.8251
3        8.7056    17.4429    21.0845    29.1070    48.6692    71.3029    91.2992   100.7388   118.7718
4        0.7658     3.9220     6.3238    11.1883    20.6980    33.4118    46.2752    52.5325    66.8860
5        0.0367     0.6548     1.4652     3.6700     7.9355    14.5043    21.6259    25.9777    34.6074
6        0.0026     0.1049     0.3080     1.1083     2.8655     5.9642     9.6066    11.8888    16.4805
7        0.0004     0.0187     0.0721     0.3301     0.9808     2.2417     3.9608     5.1154     7.7463
8        0.0001     0.0046     0.0202     0.0979     0.3157     0.7356     1.3499     1.8347     2.8881
9        0.0000     0.0016     0.0067     0.0322     0.0957     0.2167     0.3858     0.5197     0.8276
10        0.0000     0.0010     0.0039     0.0186     0.0528     0.1060     0.1706     0.2199     0.3288
11        0.0000     0.0002     0.0009     0.0040     0.0108     0.0208     0.0326     0.0408     0.0597
12        0.0000     0.0001     0.0004     0.0016     0.0041     0.0078     0.0120     0.0148     0.0215
13        0.0000     0.0000     0.0001     0.0003     0.0007     0.0013     0.0020     0.0025     0.0036
14        0.0000     0.0000     0.0000     0.0001     0.0002     0.0004     0.0006     0.0009     0.0014
15+       0.0000     0.0000     0.0000     0.0000     0.0001     0.0002     0.0004     0.0006     0.0016

2031

Age        1%         5%         10%        25%        50%        75%        90%        95%        99%    
1       68.6597    71.2062    79.4859   104.8794   168.6927   238.0325   279.0093   305.6244   324.5282
2       36.4568    41.6316    45.9606    60.3385    98.4598   140.1001   168.3080   181.1430   206.8110
3        8.9647    17.5497    21.3385    29.6926    49.4477    72.3816    91.6461   101.0346   119.4827
4        0.8145     4.4912     6.9460    11.7452    21.0670    34.2198    46.7752    53.1314    66.0454
5        0.0482     0.7914     1.6934     4.0680     8.5107    15.3478    22.8044    26.9878    36.4397
6        0.0019     0.1231     0.3742     1.2681     3.2130     6.5625    10.4348    13.0805    18.6646
7        0.0003     0.0195     0.0812     0.3752     1.1707     2.6732     4.6625     6.0406     8.7368
8        0.0000     0.0036     0.0189     0.1155     0.3993     1.0209     1.9220     2.5751     4.1021
9        0.0000     0.0010     0.0054     0.0351     0.1334     0.3402     0.6622     0.9268     1.5469
10        0.0000     0.0004     0.0019     0.0115     0.0416     0.1016     0.1930     0.2692     0.4544
11        0.0000     0.0002     0.0011     0.0068     0.0231     0.0508     0.0876     0.1148     0.1822
12        0.0000     0.0001     0.0003     0.0015     0.0048     0.0102     0.0168     0.0215     0.0326
13        0.0000     0.0000     0.0001     0.0006     0.0019     0.0038     0.0062     0.0079     0.0120
14        0.0000     0.0000     0.0000     0.0001     0.0003     0.0006     0.0010     0.0013     0.0020
15+       0.0000     0.0000     0.0000     0.0001     0.0002     0.0003     0.0005     0.0008     0.0014

2032

Age        1%         5%         10%        25%        50%        75%        90%        95%        99%    
1       68.6850    70.8507    79.2782   106.0013   169.1923   236.7200   278.4589   306.5763   325.4187
2       36.7762    41.9113    46.1442    61.0525    99.0294   140.9506   167.6254   181.4939   203.9830
3        8.6757    18.0202    21.5837    29.8305    49.9820    73.5870    92.6875   101.4142   120.5090
4        0.8160     4.5770     7.2028    12.2266    22.0088    34.6371    47.3443    53.6183    66.2451
5        0.0437     0.8700     1.9341     4.4474     8.8974    15.9610    23.3904    27.4588    36.9756
6        0.0030     0.1450     0.4332     1.4757     3.5359     7.0115    11.0864    13.8132    19.4057
7        0.0004     0.0243     0.0947     0.4524     1.3435     2.9935     5.0936     6.6902    10.1395
8        0.0000     0.0041     0.0212     0.1354     0.4929     1.2376     2.2749     3.0460     4.6856
9        0.0000     0.0009     0.0052     0.0414     0.1728     0.4858     0.9562     1.3221     2.2092
10        0.0000     0.0003     0.0015     0.0132     0.0589     0.1605     0.3296     0.4708     0.8396
11        0.0000     0.0001     0.0006     0.0044     0.0184     0.0492     0.0970     0.1391     0.2494
12        0.0000     0.0001     0.0003     0.0026     0.0104     0.0249     0.0453     0.0607     0.1009
13        0.0000     0.0000     0.0001     0.0006     0.0022     0.0051     0.0088     0.0115     0.0180
14        0.0000     0.0000     0.0000     0.0002     0.0009     0.0019     0.0033     0.0043     0.0068
15+       0.0000     0.0000     0.0000     0.0001     0.0002     0.0005     0.0008     0.0011     0.0018

2033

Age        1%         5%         10%        25%        50%        75%        90%        95%        99%    
1       68.6497    71.5383    79.5274   105.7890   168.7432   238.1540   282.8047   308.2397   325.6699
2       37.4520    41.9081    46.0711    61.7377   100.2181   140.2569   168.4283   183.3161   205.6909
3        9.8470    19.2624    22.7800    30.8061    51.3697    75.2012    94.1303   102.9709   121.3058
4        0.9522     5.3048     8.0410    12.8550    22.9078    36.5444    48.7502    55.0729    68.0253
5        0.0566     1.0971     2.2591     4.9641     9.6414    16.7583    24.0665    28.5132    37.0281
6        0.0031     0.1938     0.5663     1.7136     3.8415     7.6094    11.7497    14.3547    20.5995
7        0.0006     0.0329     0.1269     0.5593     1.5570     3.3258     5.5737     7.2185    10.7670
8        0.0000     0.0053     0.0273     0.1771     0.5995     1.4356     2.5774     3.4719     5.6385
9        0.0000     0.0010     0.0063     0.0520     0.2214     0.6017     1.1681     1.6236     2.5342
10        0.0000     0.0003     0.0017     0.0163     0.0786     0.2387     0.4901     0.6911     1.2179
11        0.0000     0.0001     0.0005     0.0054     0.0270     0.0800     0.1704     0.2507     0.4618
12        0.0000     0.0000     0.0002     0.0018     0.0086     0.0248     0.0512     0.0745     0.1387
13        0.0000     0.0000     0.0001     0.0011     0.0049     0.0127     0.0239     0.0328     0.0569
14        0.0000     0.0000     0.0000     0.0002     0.0010     0.0026     0.0047     0.0063     0.0103
15+       0.0000     0.0000     0.0000     0.0001     0.0005     0.0012     0.0022     0.0030     0.0049

2034

Age        1%         5%         10%        25%        50%        75%        90%        95%        99%    
1       68.7125    71.1883    79.4003   105.7703   168.6649   237.3084   281.2637   306.8798   338.4063
2       37.2575    42.4756    46.5577    61.6671   100.1052   142.0124   170.5611   184.8992   208.1392
3       10.5833    19.4677    23.0687    31.6873    52.8903    74.9532    94.8048   104.7266   121.7480
4        1.1255     5.9909     8.8518    13.5148    23.9650    37.5251    49.8438    56.1223    70.4098
5        0.0770     1.4166     2.6755     5.2525    10.2957    17.7536    25.0613    29.1179    38.2606
6        0.0039     0.2712     0.7074     1.9671     4.2758     8.0243    12.2557    14.9522    21.0220
7        0.0007     0.0518     0.1771     0.6772     1.7230     3.6714     5.9320     7.6083    11.3428
8        0.0001     0.0083     0.0417     0.2228     0.7053     1.6116     2.8413     3.8171     5.9722
9        0.0000     0.0013     0.0098     0.0710     0.2727     0.7073     1.3408     1.8452     3.0702
10        0.0000     0.0003     0.0022     0.0213     0.1028     0.2985     0.6014     0.8619     1.4151
11        0.0000     0.0001     0.0006     0.0069     0.0367     0.1190     0.2572     0.3708     0.6797
12        0.0000     0.0000     0.0002     0.0023     0.0127     0.0403     0.0900     0.1349     0.2623
13        0.0000     0.0000     0.0001     0.0008     0.0041     0.0126     0.0272     0.0403     0.0781
14        0.0000     0.0000     0.0000     0.0005     0.0023     0.0065     0.0129     0.0179     0.0320
15+       0.0000     0.0000     0.0000     0.0002     0.0008     0.0020     0.0037     0.0051     0.0084

Probability Spawning Stock Biomass Exceeds Threshold      3.660 (1000 MT)

Year    Probability

2021    0.017900
2022    0.014600
2023    0.118000
2024    0.049700
2025    0.108900
2026    0.231900
2027    0.306900
2028    0.367700
2029    0.422800
2030    0.461900
2031    0.498600
2032    0.534700
2033    0.571400
2034    0.600900

Probability Threshold Exceeded at Least Once =     0.8163

Probability Total Fishing Mortality Exceeds Threshold     0.8413 

Year    Probability

2021    1.000000
2022    1.000000
2023    1.000000
2024    1.000000
2025    0.544500
2026    0.477900
2027    0.433200
2028    0.334800
2029    0.298700
2030    0.264700
2031    0.240500
2032    0.192300
2033    0.163000
2034    0.144700

Probability Threshold Exceeded at Least Once =     1.0000


Requested Percentile Report

Percentile =    40.00 %

                                 2021       2022       2023       2024       2025       2026       2027       2028       2029       2030       2031       2032       2033       2034 

Recruits                     144.2002   144.1969   144.2670   144.5687   143.4794   144.9807   146.5885   145.0598   143.7319   146.8504   149.6447   147.4655   147.5127   142.7193 
Spawning Stock Biomass         2.1398     2.4803     2.7291     2.3650     2.2506     2.3513     2.4651     2.6424     2.8536     2.9962     3.1383     3.3400     3.5115     3.6628 
Jan-1 Stock Biomass            8.8219     8.8788     8.3535     7.7355     7.4740     7.6433     7.8465     7.9789     8.2711     8.4514     8.6373     8.8131     9.0685     9.2388 
Mean Biomass                   7.9102     7.6082     7.0252     6.5649     6.5278     6.7149     6.8949     7.0862     7.3638     7.5557     7.7647     7.9475     8.1912     8.3648 
Combined Catch Biomass         2.8178     3.2377     3.1542     2.8535     2.4000     2.4000     2.4000     2.2250     2.2250     2.2250     2.2250     2.1000     2.1000     2.1000 
Landings                       2.8178     3.2377     3.1542     2.8535     2.4000     2.4000     2.4000     2.2250     2.2250     2.2250     2.2250     2.1000     2.1000     2.1000 
FMort                          1.0794     1.0794     1.0794     1.0794     0.8081     0.7464     0.6979     0.6075     0.5706     0.5468     0.5229     0.4772     0.4615     0.4446 

Stock Numbers at Age
Age 1                        244.9740   144.2002   144.1969   144.2670   144.5687   143.4794   144.9807   146.5885   145.0598   143.7319   146.8504   149.6447   147.4655   147.5127 
Age 2                         93.8626   140.0742    82.6817    82.5850    82.7853    83.1121    82.4353    83.0251    84.2239    84.4161    83.4862    84.2766    86.5881    86.0357 
Age 3                         51.2273    42.4655    63.2373    37.1835    37.0404    38.1478    37.7665    37.5527    39.0538    39.9533    40.6494    40.8573    42.3261    43.7362 
Age 4                          9.1703    17.6860    14.5720    21.7083    12.6415    13.3182    13.8386    14.2173    15.3512    16.1607    17.0774    17.4859    18.2725    19.2160 
Age 5                          2.4696     2.7667     5.3541     4.4141     6.5689     4.0844     4.4186     4.7879     5.3928     5.9740     6.6119     6.9122     7.4603     7.9873 
Age 6                          0.8492     0.7214     0.7967     1.5475     1.2738     2.1378     1.3244     1.5042     1.7400     2.0513     2.3514     2.6363     2.9021     3.2012 
Age 7                          0.1227     0.2454     0.2088     0.2305     0.4478     0.4166     0.7118     0.4502     0.5486     0.6671     0.8042     0.9379     1.1134     1.2402 
Age 8                          0.0902     0.0371     0.0726     0.0617     0.0681     0.1483     0.1410     0.2478     0.1686     0.2135     0.2639     0.3292     0.3970     0.4885 
Age 9                          0.0063     0.0279     0.0114     0.0222     0.0189     0.0231     0.0517     0.0498     0.0943     0.0658     0.0869     0.1086     0.1416     0.1764 
Age 10                          0.0032     0.0020     0.0088     0.0036     0.0070     0.0066     0.0082     0.0188     0.0193     0.0379     0.0273     0.0361     0.0480     0.0634 
Age 11                          0.0009     0.0011     0.0007     0.0029     0.0012     0.0025     0.0024     0.0031     0.0074     0.0079     0.0158     0.0117     0.0162     0.0218 
Age 12                          0.0001     0.0003     0.0003     0.0002     0.0009     0.0004     0.0009     0.0009     0.0012     0.0031     0.0033     0.0067     0.0053     0.0074 
Age 13                          0.0000     0.0000     0.0001     0.0001     0.0001     0.0003     0.0002     0.0004     0.0004     0.0005     0.0013     0.0014     0.0030     0.0024 
Age 14                          0.0000     0.0000     0.0000     0.0000     0.0000     0.0000     0.0001     0.0001     0.0001     0.0002     0.0002     0.0006     0.0007     0.0014 
Age 15                          0.0000     0.0000     0.0000     0.0000     0.0000     0.0000     0.0000     0.0001     0.0000     0.0001     0.0001     0.0001     0.0003     0.0005 
