AGEPRO VERSION 4.2

Phased_F_055037

Date & Time of Run: 26 Mar 2024  17:55

Input File Name:    phased_F_055037.inp

First Age Class:                         1
Number of Age Classes:                  15
Number of Years in Projection:          14
Number of Fleets:                        9
Number of Recruitment Models:            3
Number of Bootstraps:                  100
Number of Simulations:                 100

Bootstrap File Name:            C:\Users\jon.brodziak\Desktop\2024 WCNPO MLS Rebuilding\Bootstrap-numbers-at-age\2023_WCNPOMLS.bsn

Input Harvest Scenario

Year  Type        Fleet-1    Fleet-2    Fleet-3    Fleet-4    Fleet-5    Fleet-6    Fleet-7    Fleet-8    Fleet-9    

2021  F-Mult       0.1651     0.0453     0.2588     0.0166     0.0610     0.0487     0.0642     0.0722     0.3475 
2022  F-Mult       0.1651     0.0453     0.2588     0.0166     0.0610     0.0487     0.0642     0.0722     0.3475 
2023  F-Mult       0.1651     0.0453     0.2588     0.0166     0.0610     0.0487     0.0642     0.0722     0.3475 
2024  F-Mult       0.1651     0.0453     0.2588     0.0166     0.0610     0.0487     0.0642     0.0722     0.3475 
2025  F-Mult       0.1335     0.0366     0.2093     0.0134     0.0493     0.0394     0.0519     0.0584     0.2811 
2026  F-Mult       0.1335     0.0366     0.2093     0.0134     0.0493     0.0394     0.0519     0.0584     0.2811 
2027  F-Mult       0.1335     0.0366     0.2093     0.0134     0.0493     0.0394     0.0519     0.0584     0.2811 
2028  F-Mult       0.0898     0.0246     0.1408     0.0090     0.0332     0.0265     0.0349     0.0393     0.1891 
2029  F-Mult       0.0898     0.0246     0.1408     0.0090     0.0332     0.0265     0.0349     0.0393     0.1891 
2030  F-Mult       0.0898     0.0246     0.1408     0.0090     0.0332     0.0265     0.0349     0.0393     0.1891 
2031  F-Mult       0.0898     0.0246     0.1408     0.0090     0.0332     0.0265     0.0349     0.0393     0.1891 
2032  F-Mult       0.0898     0.0246     0.1408     0.0090     0.0332     0.0265     0.0349     0.0393     0.1891 
2033  F-Mult       0.0898     0.0246     0.1408     0.0090     0.0332     0.0265     0.0349     0.0393     0.1891 
2034  F-Mult       0.0898     0.0246     0.1408     0.0090     0.0332     0.0265     0.0349     0.0393     0.1891 

Recruitment Selection Distribution

Year  Selection-1 Selection-2 Selection-3 

2021      0.1196     0.8427     0.0377 
2022      0.1223     0.8361     0.0416 
2023      0.1204     0.8413     0.0383 
2024      0.1176     0.8439     0.0385 
2025      0.1280     0.8324     0.0396 
2026      0.1204     0.8405     0.0391 
2027      0.1193     0.8415     0.0392 
2028      0.1213     0.8386     0.0401 
2029      0.1182     0.8422     0.0396 
2030      0.1195     0.8388     0.0417 
2031      0.1184     0.8411     0.0405 
2032      0.1193     0.8425     0.0382 
2033      0.1246     0.8404     0.0350 
2034      0.1244     0.8386     0.0370 

Recruits        1000  Fish

Year Class   Average        StdDev
2021        173.5848       80.1430
2022        173.2190       80.8836
2023        174.3819       81.7168
2024        174.3322       82.3462
2025        174.6381       81.5565
2026        173.4125       81.0050
2027        173.2412       81.1262
2028        172.0176       78.7356
2029        174.4087       86.5013
2030        172.7812       81.2877
2031        174.1151       80.9559
2032        174.7170       87.3586
2033        172.2949       80.8966
2034        173.7165       81.0218

Recruits Distribution

Year Class 1%         5%         10%        25%        50%        75%        90%        95%        99%    
2021    68.6328    71.3913    79.5643   104.2335   168.5415   237.4336   279.0277   304.8705   324.6222
2022    68.5863    70.4803    79.0629   105.1303   168.4465   236.1918   277.9230   305.7083   325.6647
2023    68.5887    70.2381    79.0374   105.8250   168.7273   237.0558   281.4211   307.0208   325.1151
2024    68.6801    70.5528    78.9650   105.0666   168.6504   237.6396   279.9178   306.0136   325.6349
2025    68.6372    71.1238    79.7586   106.0144   168.6964   237.2487   279.3580   307.6194   325.3829
2026    68.6352    70.1153    78.4877   104.4619   168.5920   237.3285   278.3403   305.0670   324.7288
2027    68.6466    70.7563    79.1485   104.3468   168.5539   236.2789   278.1349   306.3472   325.2797
2028    68.6591    70.6560    79.0058   104.1056   168.3283   234.3855   277.6083   305.7262   324.6148
2029    68.6158    70.5337    79.0779   104.5064   168.5225   236.9862   281.8452   306.5084   341.5769
2030    68.6286    70.6623    78.9904   104.4677   168.3970   235.7560   279.4353   306.9964   342.3698
2031    68.6044    70.5706    78.8379   105.1744   168.6723   236.9798   278.4738   305.9998   326.5270
2032    68.6452    70.6397    79.0148   104.1922   168.4449   237.5615   280.3196   307.5278   354.7457
2033    68.6270    70.5896    78.8166   103.4203   168.3492   235.4962   278.2630   306.2010   324.8546
2034    68.6532    70.9773    78.9918   105.9009   168.4195   236.0379   277.1169   305.2909   325.3947

Spawning Stock Biomass  x       1000 MT

Year       Average        StdDev
2021        2.2969        0.4565
2022        2.6099        0.4285
2023        2.9424        0.6128
2024        2.5906        0.6327
2025        2.5622        0.6788
2026        2.7116        0.7356
2027        2.8016        0.7642
2028        3.1048        0.8445
2029        3.5242        0.9405
2030        3.7726        0.9818
2031        3.8985        0.9902
2032        3.9706        1.0355
2033        3.9993        1.0199
2034        4.0248        1.0204

Spawning Stock Biomass Distribution

Year        1%         5%         10%        25%        50%        75%        90%        95%        99%   
2021     1.4699     1.7278     1.8324     2.0041     2.2282     2.5135     2.8073     3.0285     4.1831 
2022     1.7558     1.9637     2.0860     2.3130     2.5758     2.8543     3.2046     3.4043     3.7453 
2023     1.8300     2.0768     2.2117     2.4933     2.8721     3.3071     3.7769     4.0784     4.5790 
2024     1.4536     1.6840     1.8315     2.1300     2.5295     2.9912     3.4110     3.6814     4.2190 
2025     1.3633     1.6046     1.7533     2.0681     2.4962     2.9731     3.4395     3.7269     4.4103 
2026     1.3899     1.6673     1.8406     2.1864     2.6355     3.1674     3.6618     3.9648     4.6181 
2027     1.4483     1.7173     1.8877     2.2537     2.7293     3.2753     3.7677     4.0826     4.8687 
2028     1.5995     1.9050     2.0964     2.5000     3.0317     3.6202     4.1722     4.5382     5.3137 
2029     1.8257     2.1596     2.3873     2.8545     3.4321     4.1236     4.7200     5.0975     6.0145 
2030     1.9848     2.3488     2.5909     3.0603     3.6741     4.3933     5.0408     5.4599     6.2385 
2031     2.0768     2.4629     2.7124     3.1812     3.8071     4.5142     5.1890     5.6093     6.5150 
2032     2.1286     2.5174     2.7536     3.2375     3.8774     4.5802     5.2503     5.7141     6.6668 
2033     2.1592     2.5476     2.7954     3.2666     3.9061     4.6193     5.2842     5.7189     6.6700 
2034     2.1841     2.5586     2.8069     3.2915     3.9356     4.6448     5.3076     5.7526     6.8094 

JAN-1 Stock Biomass  x       1000 MT

Year       Average        StdDev
2021        9.3038        1.5887
2022        9.4773        1.7912
2023        8.9808        1.8834
2024        8.4179        1.9223
2025        8.1342        1.9419
2026        8.3985        2.0138
2027        8.5192        2.0382
2028        8.5670        2.0410
2029        9.1758        2.1120
2030        9.5432        2.2023
2031        9.7294        2.2344
2032        9.8334        2.2196
2033        9.8977        2.2554
2034        9.9080        2.2595

JAN-1 Stock Biomass Distribution

Year       1%         5%         10%        25%        50%        75%        90%        95%        99%    
2021     6.3438     6.9649     7.3827     8.1747     9.1816    10.1475    11.5938    12.2839    13.6217 
2022     6.0881     6.8021     7.2429     8.1851     9.3235    10.5866    11.8911    12.6456    14.1979 
2023     5.4076     6.1562     6.6697     7.6310     8.8438    10.1719    11.3990    12.1608    13.9845 
2024     4.7680     5.5801     6.0891     7.0491     8.2857     9.6112    10.8446    11.6389    13.5090 
2025     4.4243     5.2466     5.7693     6.7881     7.9959     9.3170    10.5981    11.3851    13.2112 
2026     4.5547     5.4153     5.9718     6.9878     8.2405     9.6537    10.8919    11.7196    13.8398 
2027     4.6254     5.5023     6.0295     7.1003     8.3780     9.7652    11.0890    11.9398    14.1645 
2028     4.6806     5.5088     6.0695     7.1313     8.4232     9.8237    11.1419    11.9722    13.9241 
2029     5.0434     5.9916     6.5507     7.6744     9.0433    10.4922    11.8432    12.7431    14.7138 
2030     5.2964     6.2838     6.8939     7.9987     9.3778    10.9129    12.2932    13.2525    15.4027 
2031     5.4287     6.4881     7.0418     8.1662     9.5847    11.0607    12.5392    13.4771    15.8060 
2032     5.5904     6.5890     7.1683     8.2913     9.6679    11.1715    12.6276    13.6108    15.6379 
2033     5.6866     6.6105     7.2116     8.3278     9.7214    11.2188    12.7048    13.6584    15.9348 
2034     5.6556     6.6267     7.2108     8.3538     9.7316    11.2203    12.6971    13.6578    15.9388 

Mean Biomass  x       1000 MT

Year       Average        StdDev
2021        8.4033        1.5250
2022        8.1979        1.7060
2023        7.6139        1.7566
2024        7.1885        1.7916
2025        7.2193        1.8464
2026        7.4169        1.8874
2027        7.5007        1.8932
2028        7.8776        1.9741
2029        8.3486        2.0130
2030        8.6306        2.0995
2031        8.7650        2.1203
2032        8.8428        2.0845
2033        8.8981        2.1627
2034        8.8934        2.1403

Mean Biomass Distribution

Year       1%         5%         10%        25%        50%        75%        90%        95%        99%    
2021     5.6126     6.1901     6.5679     7.2736     8.2750     9.2618    10.5321    11.2658    12.5781 
2022     5.0836     5.6869     6.0825     6.9568     8.0685     9.2718    10.4373    11.1519    12.5973 
2023     4.3135     5.0055     5.4670     6.3698     7.4826     8.6957     9.8470    10.5715    12.2030 
2024     3.9041     4.5789     5.0103     5.9117     7.0450     8.2834     9.4436    10.1834    11.9889 
2025     3.7803     4.5088     4.9830     5.9370     7.0885     8.3480     9.5366    10.2870    12.1010 
2026     3.9025     4.6625     5.1309     6.0850     7.2737     8.5792     9.7835    10.5801    12.5089 
2027     3.9293     4.6998     5.2007     6.1698     7.3511     8.6610     9.8816    10.6860    12.5283 
2028     4.1875     4.9617     5.5026     6.4512     7.7265     9.1005    10.3452    11.1694    13.0742 
2029     4.5428     5.3454     5.8951     6.8998     8.2128     9.5919    10.9651    11.8072    13.4628 
2030     4.6978     5.5351     6.1108     7.1753     8.4788     9.8992    11.2363    12.1226    14.0831 
2031     4.7782     5.6674     6.2446     7.2976     8.6072    10.0444    11.4019    12.2863    14.3286 
2032     4.8905     5.8109     6.3334     7.3687     8.6752    10.1193    11.5128    12.4153    14.3559 
2033     4.9652     5.8060     6.3490     7.3861     8.7208    10.1562    11.5494    12.4442    14.8162 
2034     4.9704     5.8059     6.3443     7.4234     8.7407    10.1574    11.4962    12.4092    14.6828 

Combined Catch Biomass  x       1000 MT

Year       Average        StdDev
2021        2.9756        0.4774
2022        3.4216        0.5690
2023        3.3773        0.6631
2024        3.0844        0.6859
2025        2.4736        0.5872
2026        2.5829        0.6214
2027        2.6450        0.6391
2028        1.9166        0.4625
2029        2.1175        0.5054
2030        2.2326        0.5182
2031        2.2946        0.5349
2032        2.3239        0.5415
2033        2.3399        0.5364
2034        2.3494        0.5463

Combined Catch Distribution

Year       1%         5%         10%        25%        50%        75%        90%        95%        99%    
2021     1.9701     2.3523     2.4590     2.6633     2.9158     3.2362     3.5477     3.7996     4.7035 
2022     2.3573     2.5783     2.7231     2.9996     3.3832     3.7540     4.2116     4.4976     4.8859 
2023     2.1380     2.3792     2.5574     2.8926     3.3283     3.7961     4.2433     4.5307     5.0844 
2024     1.8040     2.0592     2.2470     2.5938     3.0425     3.5047     3.9490     4.2418     4.9143 
2025     1.3781     1.6183     1.7608     2.0572     2.4334     2.8305     3.2180     3.4706     4.0369 
2026     1.4280     1.6646     1.8274     2.1420     2.5420     2.9631     3.3745     3.6264     4.2128 
2027     1.4358     1.7116     1.8701     2.2001     2.5940     3.0340     3.4425     3.7083     4.3555 
2028     1.0445     1.2300     1.3546     1.5914     1.8828     2.2004     2.4978     2.6849     3.1483 
2029     1.1674     1.3699     1.4997     1.7600     2.0816     2.4304     2.7491     2.9479     3.4313 
2030     1.2499     1.4610     1.5939     1.8672     2.1955     2.5566     2.8982     3.1073     3.5397 
2031     1.2738     1.5115     1.6497     1.9247     2.2567     2.6113     2.9622     3.1902     3.7203 
2032     1.3213     1.5408     1.6796     1.9454     2.2840     2.6437     2.9943     3.2350     3.7322 
2033     1.3336     1.5541     1.6974     1.9593     2.2997     2.6666     3.0244     3.2395     3.7403 
2034     1.3442     1.5575     1.7000     1.9711     2.3080     2.6664     3.0151     3.2483     3.8388 

Landings  x       1000 MT

Year       Average        StdDev
2021        2.9756        0.4774
2022        3.4216        0.5690
2023        3.3773        0.6631
2024        3.0844        0.6859
2025        2.4736        0.5872
2026        2.5829        0.6214
2027        2.6450        0.6391
2028        1.9166        0.4625
2029        2.1175        0.5054
2030        2.2326        0.5182
2031        2.2946        0.5349
2032        2.3239        0.5415
2033        2.3399        0.5364
2034        2.3494        0.5463

Landings Distribution

Year       1%         5%         10%        25%        50%        75%        90%        95%        99%    
2021     1.9701     2.3523     2.4590     2.6633     2.9158     3.2362     3.5477     3.7996     4.7035 
2022     2.3573     2.5783     2.7231     2.9996     3.3832     3.7540     4.2116     4.4976     4.8859 
2023     2.1380     2.3792     2.5574     2.8926     3.3283     3.7961     4.2433     4.5307     5.0844 
2024     1.8040     2.0592     2.2470     2.5938     3.0425     3.5047     3.9490     4.2418     4.9143 
2025     1.3781     1.6183     1.7608     2.0572     2.4334     2.8305     3.2180     3.4706     4.0369 
2026     1.4280     1.6646     1.8274     2.1420     2.5420     2.9631     3.3745     3.6264     4.2128 
2027     1.4358     1.7116     1.8701     2.2001     2.5940     3.0340     3.4425     3.7083     4.3555 
2028     1.0445     1.2300     1.3546     1.5914     1.8828     2.2004     2.4978     2.6849     3.1483 
2029     1.1674     1.3699     1.4997     1.7600     2.0816     2.4304     2.7491     2.9479     3.4313 
2030     1.2499     1.4610     1.5939     1.8672     2.1955     2.5566     2.8982     3.1073     3.5397 
2031     1.2738     1.5115     1.6497     1.9247     2.2567     2.6113     2.9622     3.1902     3.7203 
2032     1.3213     1.5408     1.6796     1.9454     2.2840     2.6437     2.9943     3.2350     3.7322 
2033     1.3336     1.5541     1.6974     1.9593     2.2997     2.6666     3.0244     3.2395     3.7403 
2034     1.3442     1.5575     1.7000     1.9711     2.3080     2.6664     3.0151     3.2483     3.8388 

Total Fishing Mortality

Year       Average        StdDev
2021        1.0794        0.0000
2022        1.0794        0.0000
2023        1.0794        0.0000
2024        1.0794        0.0000
2025        0.8730        0.0000
2026        0.8730        0.0000
2027        0.8730        0.0000
2028        0.5873        0.0000
2029        0.5873        0.0000
2030        0.5873        0.0000
2031        0.5873        0.0000
2032        0.5873        0.0000
2033        0.5873        0.0000
2034        0.5873        0.0000

Total Fishing Mortality Distribution

Year       1%         5%         10%        25%        50%        75%        90%        95%        99%    
2021     1.0794     1.0794     1.0794     1.0794     1.0794     1.0794     1.0794     1.0794     1.0794 
2022     1.0794     1.0794     1.0794     1.0794     1.0794     1.0794     1.0794     1.0794     1.0794 
2023     1.0794     1.0794     1.0794     1.0794     1.0794     1.0794     1.0794     1.0794     1.0794 
2024     1.0794     1.0794     1.0794     1.0794     1.0794     1.0794     1.0794     1.0794     1.0794 
2025     0.8730     0.8730     0.8730     0.8730     0.8730     0.8730     0.8730     0.8730     0.8730 
2026     0.8730     0.8730     0.8730     0.8730     0.8730     0.8730     0.8730     0.8730     0.8730 
2027     0.8730     0.8730     0.8730     0.8730     0.8730     0.8730     0.8730     0.8730     0.8730 
2028     0.5873     0.5873     0.5873     0.5873     0.5873     0.5873     0.5873     0.5873     0.5873 
2029     0.5873     0.5873     0.5873     0.5873     0.5873     0.5873     0.5873     0.5873     0.5873 
2030     0.5873     0.5873     0.5873     0.5873     0.5873     0.5873     0.5873     0.5873     0.5873 
2031     0.5873     0.5873     0.5873     0.5873     0.5873     0.5873     0.5873     0.5873     0.5873 
2032     0.5873     0.5873     0.5873     0.5873     0.5873     0.5873     0.5873     0.5873     0.5873 
2033     0.5873     0.5873     0.5873     0.5873     0.5873     0.5873     0.5873     0.5873     0.5873 
2034     0.5873     0.5873     0.5873     0.5873     0.5873     0.5873     0.5873     0.5873     0.5873 

JAN-1 Stock Numbers at Age  -       1000  Fish

2021

Age        1%         5%         10%        25%        50%        75%        90%        95%        99%    
1      140.2370   175.0900   184.8320   216.7130   261.1480   317.3690   385.6290   409.5080   464.9250
2       58.9389    77.9477    80.8620    85.4451   100.4175   112.5240   125.3470   138.4980   148.4390
3       34.1986    41.3466    43.5177    47.9381    54.8765    60.4455    67.3245    74.4817    84.8335
4        4.4701     6.3288     7.3712     8.3369     9.5330    10.8358    12.5169    14.0136    20.6054
5        1.2938     1.6031     1.7337     2.2441     2.6907     3.2695     4.2092     4.8898     7.4995
6        0.2917     0.4842     0.6024     0.6936     0.9665     1.2287     1.8234     2.1765     5.0518
7        0.0278     0.0584     0.0739     0.1025     0.1591     0.2261     0.3164     0.3996     1.3049
8        0.0082     0.0292     0.0370     0.0584     0.1092     0.1670     0.2575     0.4456     2.1858
9        0.0003     0.0014     0.0021     0.0035     0.0085     0.0144     0.0223     0.0334     0.2402
10        0.0001     0.0005     0.0007     0.0015     0.0043     0.0069     0.0143     0.0242     0.2609
11        0.0000     0.0001     0.0002     0.0004     0.0014     0.0028     0.0051     0.0082     0.1988
12        0.0000     0.0000     0.0000     0.0000     0.0001     0.0003     0.0005     0.0008     0.0280
13        0.0000     0.0000     0.0000     0.0000     0.0000     0.0002     0.0003     0.0005     0.0316
14        0.0000     0.0000     0.0000     0.0000     0.0000     0.0000     0.0001     0.0001     0.0183
15+       0.0000     0.0000     0.0000     0.0000     0.0000     0.0000     0.0000     0.0000     0.0127

2022

Age        1%         5%         10%        25%        50%        75%        90%        95%        99%    
1       68.6328    71.3913    79.5643   104.2335   168.5415   237.4336   279.0277   304.8705   324.6222
2       85.9941   100.4354   107.1676   123.7656   150.7915   183.7717   222.6097   243.2501   276.0458
3       26.7593    34.3542    36.1934    39.1505    44.7984    51.0482    58.0506    62.8911    71.0894
4       11.9452    13.9777    14.9656    16.5280    18.5486    20.8436    23.6580    26.0417    31.4999
5        1.4250     1.9534     2.1936     2.5175     2.9084     3.3279     3.9001     4.2842     6.5264
6        0.3776     0.4632     0.5103     0.6475     0.7741     0.9516     1.2416     1.4549     2.4137
7        0.0955     0.1459     0.1719     0.2057     0.2737     0.3652     0.5312     0.6258     1.6129
8        0.0094     0.0177     0.0218     0.0304     0.0465     0.0673     0.0972     0.1256     0.4334
9        0.0029     0.0092     0.0114     0.0183     0.0335     0.0514     0.0814     0.1379     0.8002
10        0.0001     0.0004     0.0007     0.0011     0.0027     0.0045     0.0074     0.0110     0.0884
11        0.0000     0.0002     0.0002     0.0005     0.0014     0.0023     0.0049     0.0080     0.0956
12        0.0000     0.0000     0.0001     0.0001     0.0005     0.0009     0.0017     0.0028     0.0729
13        0.0000     0.0000     0.0000     0.0000     0.0000     0.0001     0.0002     0.0003     0.0105
14        0.0000     0.0000     0.0000     0.0000     0.0000     0.0001     0.0001     0.0002     0.0118
15+       0.0000     0.0000     0.0000     0.0000     0.0000     0.0000     0.0000     0.0001     0.0121

2023

Age        1%         5%         10%        25%        50%        75%        90%        95%        99%    
1       68.5863    70.4803    79.0629   105.1303   168.4465   236.1918   277.9230   305.7083   325.6647
2       38.2180    41.6352    45.6497    59.7659    96.6026   137.1187   162.2830   175.4561   194.6648
3       38.6652    45.0596    48.1035    55.8623    68.0578    83.2788   100.5996   110.3258   126.6153
4        9.0986    11.5124    12.2562    13.4330    15.3659    17.5783    20.1142    21.6573    24.9917
5        3.6000     4.1799     4.4925     5.0008     5.6150     6.3445     7.2232     7.9490     9.5506
6        0.4175     0.5606     0.6298     0.7261     0.8419     0.9660     1.1306     1.2548     1.8678
7        0.1088     0.1325     0.1483     0.1860     0.2234     0.2765     0.3633     0.4181     0.7383
8        0.0299     0.0435     0.0503     0.0610     0.0809     0.1094     0.1583     0.1858     0.4915
9        0.0029     0.0055     0.0067     0.0093     0.0142     0.0208     0.0296     0.0391     0.1462
10        0.0009     0.0029     0.0036     0.0058     0.0106     0.0163     0.0258     0.0432     0.2428
11        0.0000     0.0001     0.0002     0.0004     0.0009     0.0015     0.0024     0.0036     0.0289
12        0.0000     0.0001     0.0001     0.0002     0.0005     0.0007     0.0016     0.0026     0.0340
13        0.0000     0.0000     0.0000     0.0000     0.0002     0.0003     0.0006     0.0009     0.0268
14        0.0000     0.0000     0.0000     0.0000     0.0000     0.0000     0.0001     0.0001     0.0038
15+       0.0000     0.0000     0.0000     0.0000     0.0000     0.0000     0.0000     0.0001     0.0084

2024

Age        1%         5%         10%        25%        50%        75%        90%        95%        99%    
1       68.5887    70.2381    79.0374   105.8250   168.7273   237.0558   281.4211   307.0208   325.1151
2       37.8362    41.2524    45.2312    60.3278    96.3576   135.5677   162.6228   176.4996   199.3066
3       16.9750    18.7460    20.6532    26.9199    43.3230    61.5644    73.5560    79.4821    90.0827
4       13.2056    15.2520    16.4749    19.0866    23.3756    28.6601    34.6832    38.1525    44.0731
5        2.7528     3.4449     3.6816     4.0716     4.6558     5.3465     6.1158     6.6102     7.5963
6        1.0319     1.1900     1.2864     1.4415     1.6272     1.8437     2.0944     2.3077     2.7609
7        0.1208     0.1609     0.1802     0.2090     0.2435     0.2817     0.3289     0.3651     0.5442
8        0.0318     0.0391     0.0439     0.0549     0.0664     0.0826     0.1080     0.1253     0.2165
9        0.0091     0.0132     0.0153     0.0187     0.0249     0.0337     0.0489     0.0572     0.1517
10        0.0010     0.0017     0.0021     0.0029     0.0045     0.0066     0.0094     0.0125     0.0461
11        0.0003     0.0009     0.0012     0.0019     0.0034     0.0053     0.0084     0.0138     0.0861
12        0.0000     0.0000     0.0001     0.0001     0.0003     0.0005     0.0008     0.0012     0.0096
13        0.0000     0.0000     0.0000     0.0001     0.0002     0.0003     0.0005     0.0009     0.0112
14        0.0000     0.0000     0.0000     0.0000     0.0001     0.0001     0.0002     0.0003     0.0089
15+       0.0000     0.0000     0.0000     0.0000     0.0000     0.0000     0.0000     0.0001     0.0043

2025

Age        1%         5%         10%        25%        50%        75%        90%        95%        99%    
1       68.6801    70.5528    78.9650   105.0666   168.6504   237.6396   279.9178   306.0136   325.6349
2       38.1544    41.2315    45.2946    60.3445    97.0648   136.6773   163.1702   176.4117   197.5250
3       16.7211    18.6045    20.4135    27.1681    43.2231    60.6910    73.6395    79.9410    92.8740
4        5.6894     6.4040     7.0789     9.2472    14.7646    21.0682    25.4641    27.4894    31.8348
5        3.9582     4.5613     4.9755     5.7872     7.0833     8.7172    10.5292    11.6353    13.3409
6        0.7871     0.9771     1.0567     1.1758     1.3451     1.5528     1.7782     1.9275     2.2382
7        0.2932     0.3420     0.3690     0.4137     0.4709     0.5381     0.6100     0.6745     0.8017
8        0.0361     0.0475     0.0531     0.0619     0.0721     0.0841     0.0983     0.1097     0.1600
9        0.0097     0.0119     0.0134     0.0167     0.0203     0.0254     0.0333     0.0388     0.0671
10        0.0028     0.0042     0.0048     0.0059     0.0079     0.0107     0.0154     0.0181     0.0474
11        0.0003     0.0006     0.0007     0.0009     0.0015     0.0021     0.0031     0.0040     0.0161
12        0.0001     0.0003     0.0004     0.0006     0.0011     0.0018     0.0028     0.0045     0.0278
13        0.0000     0.0000     0.0000     0.0000     0.0001     0.0002     0.0003     0.0004     0.0032
14        0.0000     0.0000     0.0000     0.0000     0.0001     0.0001     0.0002     0.0003     0.0038
15+       0.0000     0.0000     0.0000     0.0000     0.0000     0.0000     0.0001     0.0001     0.0051

2026

Age        1%         5%         10%        25%        50%        75%        90%        95%        99%    
1       68.6372    71.1238    79.7586   106.0144   168.6964   237.2487   279.3580   307.6194   325.3829
2       38.8177    41.7726    46.0216    61.1227    98.7352   139.3170   165.1093   178.7792   200.9705
3       18.1300    20.0024    21.9589    29.1646    46.6513    65.9751    79.3752    85.6942    98.4668
4        6.4023     7.2340     7.9421    10.5775    16.7650    23.5952    28.8932    31.4867    36.9206
5        1.9931     2.2633     2.4912     3.2731     5.2252     7.4518     9.0186     9.8016    11.3419
6        1.3252     1.5513     1.6848     1.9758     2.4178     2.9785     3.6127     3.9719     4.6047
7        0.2690     0.3284     0.3567     0.3994     0.4590     0.5317     0.6115     0.6633     0.7697
8        0.1009     0.1180     0.1271     0.1435     0.1640     0.1879     0.2141     0.2372     0.2812
9        0.0127     0.0168     0.0187     0.0220     0.0257     0.0302     0.0354     0.0396     0.0574
10        0.0035     0.0043     0.0049     0.0061     0.0075     0.0094     0.0122     0.0143     0.0247
11        0.0011     0.0016     0.0018     0.0022     0.0029     0.0040     0.0058     0.0068     0.0177
12        0.0001     0.0002     0.0003     0.0004     0.0006     0.0008     0.0012     0.0015     0.0059
13        0.0000     0.0001     0.0001     0.0002     0.0004     0.0007     0.0011     0.0017     0.0109
14        0.0000     0.0000     0.0000     0.0000     0.0000     0.0001     0.0001     0.0002     0.0012
15+       0.0000     0.0000     0.0000     0.0000     0.0000     0.0000     0.0001     0.0002     0.0034

2027

Age        1%         5%         10%        25%        50%        75%        90%        95%        99%    
1       68.6352    70.1153    78.4877   104.4619   168.5920   237.3285   278.3403   305.0670   324.7288
2       38.7214    42.2869    46.5433    61.5175    98.2572   139.1886   165.2648   178.8307   202.3270
3       18.3479    20.3088    22.2418    29.4110    47.5084    67.0402    80.5175    87.4064   100.5942
4        6.9012     7.7733     8.5485    11.3432    18.0954    25.6158    31.1081    33.6929    38.9759
5        2.2309     2.5421     2.8103     3.7439     5.9188     8.3350    10.2670    11.1807    13.1984
6        0.6660     0.7673     0.8486     1.1157     1.7772     2.5247     3.0874     3.3593     3.9436
7        0.4498     0.5249     0.5709     0.6713     0.8254     1.0190     1.2297     1.3638     1.5880
8        0.0927     0.1130     0.1228     0.1388     0.1598     0.1859     0.2140     0.2339     0.2706
9        0.0355     0.0416     0.0450     0.0510     0.0585     0.0674     0.0773     0.0853     0.1029
10        0.0047     0.0061     0.0068     0.0080     0.0094     0.0111     0.0130     0.0147     0.0211
11        0.0013     0.0016     0.0018     0.0023     0.0028     0.0035     0.0046     0.0054     0.0092
12        0.0004     0.0006     0.0007     0.0008     0.0011     0.0015     0.0022     0.0026     0.0067
13        0.0000     0.0001     0.0001     0.0001     0.0002     0.0003     0.0004     0.0006     0.0023
14        0.0000     0.0000     0.0001     0.0001     0.0002     0.0003     0.0004     0.0007     0.0041
15+       0.0000     0.0000     0.0000     0.0000     0.0000     0.0000     0.0001     0.0001     0.0019

2028

Age        1%         5%         10%        25%        50%        75%        90%        95%        99%    
1       68.6466    70.7563    79.1485   104.3468   168.5539   236.2789   278.1349   306.3472   325.2797
2       38.6417    41.7211    45.6261    60.7972    98.2650   139.1829   164.6074   179.2055   198.9995
3       18.3024    20.4839    22.5123    29.6067    47.2994    67.0702    80.3907    87.2691    99.7186
4        7.0198     7.8813     8.6628    11.4971    18.4626    26.0331    31.4307    34.1667    40.0747
5        2.4066     2.7349     3.0328     4.0099     6.3915     9.0651    11.0134    11.9602    14.0370
6        0.7574     0.8668     0.9567     1.2749     2.0118     2.8365     3.5135     3.8349     4.5776
7        0.2262     0.2618     0.2893     0.3806     0.6054     0.8583     1.0572     1.1578     1.3586
8        0.1555     0.1816     0.1979     0.2326     0.2875     0.3544     0.4294     0.4759     0.5690
9        0.0330     0.0396     0.0432     0.0494     0.0571     0.0668     0.0769     0.0841     0.0985
10        0.0129     0.0151     0.0163     0.0186     0.0214     0.0248     0.0286     0.0314     0.0381
11        0.0017     0.0023     0.0025     0.0030     0.0035     0.0042     0.0049     0.0056     0.0080
12        0.0005     0.0006     0.0007     0.0009     0.0011     0.0013     0.0017     0.0021     0.0035
13        0.0002     0.0002     0.0003     0.0003     0.0004     0.0006     0.0008     0.0010     0.0026
14        0.0000     0.0000     0.0000     0.0001     0.0001     0.0001     0.0002     0.0002     0.0009
15+       0.0000     0.0000     0.0000     0.0000     0.0001     0.0001     0.0002     0.0003     0.0024

2029

Age        1%         5%         10%        25%        50%        75%        90%        95%        99%    
1       68.6591    70.6560    79.0058   104.1056   168.3283   234.3855   277.6083   305.7262   324.6148
2       39.4211    42.8671    46.9650    61.9350   100.2587   141.2095   168.6443   182.9236   203.9686
3       20.1470    22.2241    24.3176    32.3393    52.0940    73.6374    88.4511    95.8062   109.2150
4        8.4505     9.5197    10.4477    13.8048    21.9583    31.0935    37.5264    40.9212    47.5710
5        3.0352     3.4476     3.7989     5.0313     8.0837    11.3843    13.8901    15.1343    17.9323
6        1.0234     1.1666     1.2971     1.7186     2.7324     3.8690     4.7401     5.1317     6.1711
7        0.3212     0.3707     0.4108     0.5436     0.8592     1.2100     1.5122     1.6566     1.9988
8        0.0977     0.1126     0.1256     0.1652     0.2629     0.3720     0.4589     0.5045     0.5981
9        0.0683     0.0796     0.0871     0.1028     0.1268     0.1574     0.1910     0.2116     0.2528
10        0.0146     0.0176     0.0192     0.0221     0.0257     0.0302     0.0346     0.0381     0.0445
11        0.0059     0.0068     0.0074     0.0085     0.0098     0.0113     0.0131     0.0145     0.0175
12        0.0008     0.0010     0.0012     0.0014     0.0016     0.0019     0.0023     0.0026     0.0037
13        0.0002     0.0003     0.0003     0.0004     0.0005     0.0006     0.0008     0.0010     0.0016
14        0.0001     0.0001     0.0001     0.0001     0.0002     0.0003     0.0004     0.0005     0.0012
15+       0.0000     0.0000     0.0000     0.0000     0.0001     0.0001     0.0002     0.0003     0.0016

2030

Age        1%         5%         10%        25%        50%        75%        90%        95%        99%    
1       68.6158    70.5337    79.0779   104.5064   168.5225   236.9862   281.8452   306.5084   341.5769
2       39.6604    42.9222    47.0371    61.8449    99.6747   139.2920   167.6132   182.8541   203.7116
3       20.6109    22.8008    25.0589    33.0459    53.0609    74.7824    90.2376    97.9637   110.6994
4        9.2396    10.2856    11.3458    15.0075    24.1263    34.2990    41.3159    44.9132    51.9302
5        3.6845     4.1649     4.6095     6.0723     9.6522    13.5475    16.5780    17.9561    21.1684
6        1.2896     1.4733     1.6282     2.1554     3.4635     4.8567     5.9805     6.5284     7.8259
7        0.4323     0.4997     0.5543     0.7344     1.1664     1.6505     2.0343     2.2054     2.6651
8        0.1386     0.1599     0.1789     0.2365     0.3719     0.5244     0.6593     0.7234     0.8641
9        0.0424     0.0496     0.0554     0.0727     0.1157     0.1641     0.2033     0.2244     0.2673
10        0.0303     0.0354     0.0391     0.0462     0.0569     0.0708     0.0862     0.0952     0.1133
11        0.0066     0.0080     0.0087     0.0100     0.0117     0.0138     0.0159     0.0174     0.0207
12        0.0027     0.0031     0.0034     0.0039     0.0045     0.0052     0.0061     0.0067     0.0081
13        0.0004     0.0005     0.0005     0.0006     0.0008     0.0009     0.0011     0.0012     0.0017
14        0.0001     0.0001     0.0002     0.0002     0.0002     0.0003     0.0004     0.0005     0.0008
15+       0.0000     0.0001     0.0001     0.0001     0.0001     0.0002     0.0003     0.0003     0.0013

2031

Age        1%         5%         10%        25%        50%        75%        90%        95%        99%    
1       68.6286    70.6623    78.9904   104.4677   168.3970   235.7560   279.4353   306.9964   342.3698
2       39.4352    42.9350    46.9741    62.2717   100.1102   141.4700   169.7676   184.4887   209.5170
3       20.8033    22.8961    25.0112    32.9268    52.9493    74.0396    89.8294    97.6747   112.5119
4        9.4013    10.6362    11.6793    15.2416    24.6353    34.9511    42.0564    45.7804    52.6851
5        3.9969     4.5081     4.9718     6.6035    10.5936    15.0154    18.1725    19.6833    22.9711
6        1.5616     1.7748     1.9660     2.5967     4.1359     5.7692     7.1146     7.7690     9.1459
7        0.5448     0.6278     0.6969     0.9268     1.4747     2.0721     2.5546     2.8033     3.3933
8        0.1847     0.2157     0.2410     0.3209     0.5046     0.7160     0.8874     0.9694     1.1773
9        0.0602     0.0703     0.0787     0.1047     0.1640     0.2308     0.2915     0.3214     0.3839
10        0.0188     0.0223     0.0248     0.0326     0.0520     0.0738     0.0916     0.1009     0.1205
11        0.0136     0.0161     0.0177     0.0210     0.0259     0.0324     0.0393     0.0437     0.0517
12        0.0030     0.0036     0.0040     0.0046     0.0054     0.0063     0.0073     0.0081     0.0096
13        0.0012     0.0014     0.0016     0.0018     0.0021     0.0024     0.0028     0.0031     0.0038
14        0.0002     0.0002     0.0003     0.0003     0.0004     0.0004     0.0005     0.0006     0.0008
15+       0.0001     0.0001     0.0001     0.0001     0.0002     0.0002     0.0003     0.0004     0.0010

2032

Age        1%         5%         10%        25%        50%        75%        90%        95%        99%    
1       68.6044    70.5706    78.8379   105.1744   168.6723   236.9798   278.4738   305.9998   326.5270
2       39.6198    43.0346    46.8149    61.8852    99.8231   140.7368   168.4460   183.9612   207.3108
3       20.5681    22.8378    24.9997    33.1136    53.1869    75.5605    91.0150    98.5376   113.9196
4        9.5030    10.6573    11.6590    15.2734    24.5568    34.4512    41.9234    45.8768    53.0076
5        4.0841     4.6783     5.1228     6.7238    10.7772    15.2605    18.4878    20.3264    23.3825
6        1.6992     1.9254     2.1200     2.8163     4.5272     6.4170     7.7921     8.5155    10.0276
7        0.6579     0.7592     0.8419     1.1127     1.7694     2.4702     3.0572     3.3313     3.9635
8        0.2357     0.2721     0.3012     0.4012     0.6385     0.8974     1.1162     1.2264     1.4899
9        0.0808     0.0951     0.1062     0.1414     0.2223     0.3150     0.3926     0.4303     0.5221
10        0.0268     0.0316     0.0354     0.0469     0.0734     0.1040     0.1315     0.1454     0.1737
11        0.0085     0.0101     0.0113     0.0149     0.0236     0.0336     0.0419     0.0462     0.0557
12        0.0062     0.0073     0.0081     0.0097     0.0119     0.0149     0.0182     0.0202     0.0241
13        0.0014     0.0017     0.0018     0.0021     0.0025     0.0030     0.0034     0.0038     0.0045
14        0.0006     0.0007     0.0007     0.0008     0.0010     0.0011     0.0013     0.0015     0.0018
15+       0.0001     0.0002     0.0002     0.0002     0.0002     0.0003     0.0004     0.0004     0.0008

2033

Age        1%         5%         10%        25%        50%        75%        90%        95%        99%    
1       68.6452    70.6397    79.0148   104.1922   168.4449   237.5615   280.3196   307.5278   354.7457
2       39.4611    42.8637    47.0407    62.4854   100.8387   141.5386   168.1605   182.0889   206.7817
3       20.5694    22.8804    24.9541    32.8289    52.8109    75.0493    90.2368    98.4061   114.1353
4        9.4305    10.5668    11.6512    15.3450    24.6280    35.0202    42.4339    46.1872    54.7740
5        4.1319     4.6747     5.1181     6.7087    10.7512    15.0171    18.4592    20.2158    23.4500
6        1.7199     1.9806     2.1932     2.8681     4.6039     6.5009     7.9602     8.7081    10.1959
7        0.7198     0.8218     0.9034     1.2082     1.9302     2.7409     3.3540     3.6733     4.3408
8        0.2833     0.3269     0.3641     0.4834     0.7640     1.0709     1.3304     1.4575     1.7374
9        0.1035     0.1198     0.1332     0.1767     0.2815     0.3961     0.4928     0.5444     0.6617
10        0.0363     0.0426     0.0476     0.0636     0.0997     0.1416     0.1771     0.1948     0.2359
11        0.0120     0.0143     0.0161     0.0215     0.0335     0.0473     0.0600     0.0666     0.0808
12        0.0039     0.0046     0.0052     0.0069     0.0108     0.0155     0.0194     0.0214     0.0261
13        0.0029     0.0034     0.0038     0.0045     0.0056     0.0070     0.0085     0.0094     0.0112
14        0.0006     0.0008     0.0009     0.0010     0.0012     0.0014     0.0016     0.0018     0.0021
15+       0.0003     0.0004     0.0004     0.0005     0.0006     0.0007     0.0008     0.0009     0.0012

2034

Age        1%         5%         10%        25%        50%        75%        90%        95%        99%    
1       68.6270    70.5896    78.8166   103.4203   168.3492   235.4962   278.2630   306.2010   324.8546
2       39.6394    42.9014    46.8536    62.0746    99.7765   142.0507   169.3670   183.7591   213.8575
3       20.5740    22.8150    25.0459    33.2056    53.6494    75.0311    89.8697    97.7029   112.7652
4        9.5048    10.6428    11.6137    15.2224    24.4783    34.7209    42.1760    46.1386    54.0037
5        4.0855     4.6127     5.1148     6.7371    10.7992    15.3311    18.6712    20.4414    24.3793
6        1.7563     1.9922     2.2001     2.8651     4.5763     6.4098     7.9327     8.7096    10.1973
7        0.7206     0.8480     0.9380     1.2272     1.9669     2.7789     3.4243     3.7328     4.3943
8        0.3089     0.3557     0.3943     0.5245     0.8373     1.1851     1.4658     1.6060     1.9140
9        0.1242     0.1445     0.1608     0.2133     0.3367     0.4754     0.5882     0.6495     0.7708
10        0.0457     0.0536     0.0598     0.0797     0.1264     0.1777     0.2228     0.2465     0.3018
11        0.0163     0.0194     0.0216     0.0289     0.0454     0.0645     0.0812     0.0897     0.1086
12        0.0055     0.0066     0.0074     0.0099     0.0153     0.0217     0.0277     0.0308     0.0373
13        0.0018     0.0021     0.0024     0.0032     0.0050     0.0072     0.0090     0.0100     0.0123
14        0.0013     0.0016     0.0018     0.0021     0.0026     0.0033     0.0040     0.0044     0.0053
15+       0.0005     0.0006     0.0006     0.0007     0.0008     0.0010     0.0011     0.0012     0.0014

Probability Spawning Stock Biomass Exceeds Threshold      3.660 (1000 MT)

Year    Probability

2021    0.017700
2022    0.015300
2023    0.128200
2024    0.053000
2025    0.059700
2026    0.100500
2027    0.123400
2028    0.236500
2029    0.410100
2030    0.506600
2031    0.564100
2032    0.585100
2033    0.597400
2034    0.608100

Probability Threshold Exceeded at Least Once =     0.9002

Probability Total Fishing Mortality Exceeds Threshold     0.8413 

Year    Probability

2021    1.000000
2022    1.000000
2023    1.000000
2024    1.000000
2025    1.000000
2026    1.000000
2027    1.000000
2028    0.000000
2029    0.000000
2030    0.000000
2031    0.000000
2032    0.000000
2033    0.000000
2034    0.000000

Probability Threshold Exceeded at Least Once =     1.0000


Requested Percentile Report

Percentile =    50.00 %

                                 2021       2022       2023       2024       2025       2026       2027       2028       2029       2030       2031       2032       2033       2034 

Recruits                     168.5415   168.4465   168.7273   168.6504   168.6964   168.5920   168.5539   168.3283   168.5225   168.3970   168.6723   168.4449   168.3492   168.4195 
Spawning Stock Biomass         2.2282     2.5758     2.8721     2.5295     2.4962     2.6355     2.7293     3.0317     3.4321     3.6741     3.8071     3.8774     3.9061     3.9356 
Jan-1 Stock Biomass            9.1816     9.3235     8.8438     8.2857     7.9959     8.2405     8.3780     8.4232     9.0433     9.3778     9.5847     9.6679     9.7214     9.7316 
Mean Biomass                   8.2750     8.0685     7.4826     7.0450     7.0885     7.2737     7.3511     7.7265     8.2128     8.4788     8.6072     8.6752     8.7208     8.7407 
Combined Catch Biomass         2.9158     3.3832     3.3283     3.0425     2.4334     2.5420     2.5940     1.8828     2.0816     2.1955     2.2567     2.2840     2.2997     2.3080 
Landings                       2.9158     3.3832     3.3283     3.0425     2.4334     2.5420     2.5940     1.8828     2.0816     2.1955     2.2567     2.2840     2.2997     2.3080 
FMort                          1.0794     1.0794     1.0794     1.0794     0.8730     0.8730     0.8730     0.5873     0.5873     0.5873     0.5873     0.5873     0.5873     0.5873 

Stock Numbers at Age
Age 1                        261.1480   168.5415   168.4465   168.7273   168.6504   168.6964   168.5920   168.5539   168.3283   168.5225   168.3970   168.6723   168.4449   168.3492 
Age 2                        100.4175   150.7915    96.6026    96.3576    97.0648    98.7352    98.2572    98.2650   100.2587    99.6747   100.1102    99.8231   100.8387    99.7765 
Age 3                         54.8765    44.7984    68.0578    43.3230    43.2231    46.6513    47.5084    47.2994    52.0940    53.0609    52.9493    53.1869    52.8109    53.6494 
Age 4                          9.5330    18.5486    15.3659    23.3756    14.7646    16.7650    18.0954    18.4626    21.9583    24.1263    24.6353    24.5568    24.6280    24.4783 
Age 5                          2.6907     2.9084     5.6150     4.6558     7.0833     5.2252     5.9188     6.3915     8.0837     9.6522    10.5936    10.7772    10.7512    10.7992 
Age 6                          0.9665     0.7741     0.8419     1.6272     1.3451     2.4178     1.7772     2.0118     2.7324     3.4635     4.1359     4.5272     4.6039     4.5763 
Age 7                          0.1591     0.2737     0.2234     0.2435     0.4709     0.4590     0.8254     0.6054     0.8592     1.1664     1.4747     1.7694     1.9302     1.9669 
Age 8                          0.1092     0.0465     0.0809     0.0664     0.0721     0.1640     0.1598     0.2875     0.2629     0.3719     0.5046     0.6385     0.7640     0.8373 
Age 9                          0.0085     0.0335     0.0142     0.0249     0.0203     0.0257     0.0585     0.0571     0.1268     0.1157     0.1640     0.2223     0.2815     0.3367 
Age 10                          0.0043     0.0027     0.0106     0.0045     0.0079     0.0075     0.0094     0.0214     0.0257     0.0569     0.0520     0.0734     0.0997     0.1264 
Age 11                          0.0014     0.0014     0.0009     0.0034     0.0015     0.0029     0.0028     0.0035     0.0098     0.0117     0.0259     0.0236     0.0335     0.0454 
Age 12                          0.0001     0.0005     0.0005     0.0003     0.0011     0.0006     0.0011     0.0011     0.0016     0.0045     0.0054     0.0119     0.0108     0.0153 
Age 13                          0.0000     0.0000     0.0002     0.0002     0.0001     0.0004     0.0002     0.0004     0.0005     0.0008     0.0021     0.0025     0.0056     0.0050 
Age 14                          0.0000     0.0000     0.0000     0.0001     0.0001     0.0000     0.0002     0.0001     0.0002     0.0002     0.0004     0.0010     0.0012     0.0026 
Age 15                          0.0000     0.0000     0.0000     0.0000     0.0000     0.0000     0.0000     0.0001     0.0001     0.0001     0.0002     0.0002     0.0006     0.0008 
