AGEPRO VERSION 4.2

Constant_F_MT

Date & Time of Run: 05 Apr 2024  13:36

Input File Name:    constant_F_MT.inp

First Age Class:                         1
Number of Age Classes:                  15
Number of Years in Projection:          14
Number of Fleets:                        9
Number of Recruitment Models:            1
Number of Bootstraps:                  100
Number of Simulations:                 100

Bootstrap File Name:            C:\Users\jon.brodziak\Desktop\2024 WCNPO MLS Rebuilding\Bootstrap-numbers-at-age\2023_WCNPOMLS.bsn

Input Harvest Scenario

Year  Type        Fleet-1    Fleet-2    Fleet-3    Fleet-4    Fleet-5    Fleet-6    Fleet-7    Fleet-8    Fleet-9    

2021  F-Mult       0.1651     0.0453     0.2588     0.0166     0.0610     0.0487     0.0642     0.0722     0.3475 
2022  F-Mult       0.1651     0.0453     0.2588     0.0166     0.0610     0.0487     0.0642     0.0722     0.3475 
2023  F-Mult       0.1651     0.0453     0.2588     0.0166     0.0610     0.0487     0.0642     0.0722     0.3475 
2024  F-Mult       0.1651     0.0453     0.2588     0.0166     0.0610     0.0487     0.0642     0.0722     0.3475 
2025  F-Mult       0.0922     0.0253     0.1446     0.0093     0.0341     0.0272     0.0359     0.0404     0.1942 
2026  F-Mult       0.0922     0.0253     0.1446     0.0093     0.0341     0.0272     0.0359     0.0404     0.1942 
2027  F-Mult       0.0922     0.0253     0.1446     0.0093     0.0341     0.0272     0.0359     0.0404     0.1942 
2028  F-Mult       0.0922     0.0253     0.1446     0.0093     0.0341     0.0272     0.0359     0.0404     0.1942 
2029  F-Mult       0.0922     0.0253     0.1446     0.0093     0.0341     0.0272     0.0359     0.0404     0.1942 
2030  F-Mult       0.0922     0.0253     0.1446     0.0093     0.0341     0.0272     0.0359     0.0404     0.1942 
2031  F-Mult       0.0922     0.0253     0.1446     0.0093     0.0341     0.0272     0.0359     0.0404     0.1942 
2032  F-Mult       0.0922     0.0253     0.1446     0.0093     0.0341     0.0272     0.0359     0.0404     0.1942 
2033  F-Mult       0.0922     0.0253     0.1446     0.0093     0.0341     0.0272     0.0359     0.0404     0.1942 
2034  F-Mult       0.0922     0.0253     0.1446     0.0093     0.0341     0.0272     0.0359     0.0404     0.1942 

Recruits        1000  Fish

Year Class   Average        StdDev
2021        173.8674       75.1098
2022        177.5485       75.8643
2023        175.0040       75.5787
2024        176.8273       76.6828
2025        176.2824       75.3551
2026        175.9024       76.2350
2027        175.8376       75.9473
2028        176.4620       75.8069
2029        176.7255       75.9499
2030        176.3619       76.2343
2031        176.5111       76.4361
2032        175.2173       75.5197
2033        175.1493       75.6948
2034        175.3909       75.7638

Recruits Distribution

Year Class 1%         5%         10%        25%        50%        75%        90%        95%        99%    
2021    68.5828    69.7548    76.9324   102.6705   170.7299   238.8141   278.3696   303.8603   321.3229
2022    68.6217    69.8343    77.9224   104.7066   172.3537   245.9150   281.0647   305.9302   321.8830
2023    68.6456    69.7961    77.2897   103.1182   170.9336   243.0615   278.7520   304.4021   321.1194
2024    68.6693    69.7760    76.6270   102.9177   172.1535   246.0204   282.7351   305.8555   321.5318
2025    68.6735    70.0951    77.9411   104.6728   171.8674   243.6209   281.3204   304.7231   321.2830
2026    68.6657    69.8499    76.8968   103.1375   172.0775   243.5960   283.9956   306.3481   321.8555
2027    68.6173    69.8922    77.8000   103.4568   171.7853   243.6617   282.3265   305.2669   321.3281
2028    68.6152    69.8163    76.7568   104.3074   172.3279   245.1144   280.7191   303.3138   321.6359
2029    68.6566    69.8437    77.4095   104.2469   172.0565   245.8572   281.2448   305.6276   321.2961
2030    68.6049    69.7515    76.8331   102.6433   172.2525   246.3904   280.7880   305.3800   321.3672
2031    68.6311    69.8420    77.7376   103.0748   172.3182   246.4176   283.0737   305.5002   321.3602
2032    68.6404    69.7928    76.5999   102.3929   171.0984   243.3902   278.3558   302.9621   321.0989
2033    68.6739    69.8584    77.1430   102.7609   171.2354   242.9956   278.9293   304.6654   321.9790
2034    68.6145    69.7206    76.7361   103.3735   171.5689   244.0507   278.5459   304.2811   321.2883

Spawning Stock Biomass  x       1000 MT

Year       Average        StdDev
2021        2.2955        0.4578
2022        2.6055        0.4274
2023        2.9380        0.6057
2024        2.5976        0.6058
2025        2.8151        0.7021
2026        3.3303        0.8417
2027        3.6696        0.9113
2028        3.8398        0.9200
2029        3.9197        0.9256
2030        3.9572        0.9233
2031        3.9815        0.9310
2032        3.9944        0.9349
2033        3.9986        0.9383
2034        3.9953        0.9361

Spawning Stock Biomass Distribution

Year        1%         5%         10%        25%        50%        75%        90%        95%        99%   
2021     1.4740     1.7230     1.8271     1.9971     2.2267     2.5128     2.8064     3.0373     4.1832 
2022     1.7476     1.9550     2.0824     2.3123     2.5719     2.8579     3.1803     3.3898     3.7574 
2023     1.8325     2.0663     2.2124     2.4952     2.8727     3.3032     3.7571     4.0602     4.6004 
2024     1.4520     1.6863     1.8417     2.1400     2.5583     3.0082     3.4196     3.6606     4.0888 
2025     1.4638     1.7430     1.9243     2.2822     2.7720     3.3025     3.7542     4.0337     4.4850 
2026     1.7070     2.0359     2.2633     2.7087     3.2726     3.8935     4.4607     4.7913     5.4003 
2027     1.8842     2.2719     2.5147     2.9999     3.6181     4.2911     4.8919     5.2675     5.8643 
2028     2.0162     2.4241     2.6686     3.1578     3.7941     4.4724     5.0710     5.4266     6.0716 
2029     2.1083     2.4805     2.7391     3.2395     3.8607     4.5502     5.1491     5.5076     6.2081 
2030     2.1008     2.5200     2.7786     3.2825     3.9103     4.5918     5.1738     5.5256     6.2515 
2031     2.1225     2.5470     2.7962     3.3022     3.9291     4.6132     5.2200     5.5912     6.2445 
2032     2.1394     2.5552     2.8116     3.3052     3.9398     4.6183     5.2476     5.6321     6.3040 
2033     2.1606     2.5518     2.8070     3.3054     3.9440     4.6302     5.2558     5.6392     6.2998 
2034     2.1839     2.5519     2.8129     3.3026     3.9335     4.6343     5.2637     5.6286     6.2497 

JAN-1 Stock Biomass  x       1000 MT

Year       Average        StdDev
2021        9.2888        1.5943
2022        9.4652        1.7636
2023        9.0253        1.8317
2024        8.4823        1.8367
2025        8.2096        1.8573
2026        9.0170        1.9878
2027        9.4817        2.0324
2028        9.7234        2.0471
2029        9.8482        2.0662
2030        9.9152        2.0622
2031        9.9471        2.0739
2032        9.9645        2.0816
2033        9.9509        2.0659
2034        9.9385        2.0540

JAN-1 Stock Biomass Distribution

Year       1%         5%         10%        25%        50%        75%        90%        95%        99%    
2021     6.3008     6.9536     7.3665     8.1701     9.1537    10.1202    11.5594    12.2988    13.6276 
2022     6.1192     6.8200     7.2598     8.1717     9.3413    10.5842    11.8509    12.5796    14.0786 
2023     5.3838     6.1745     6.7202     7.6874     8.9421    10.2470    11.4993    12.1681    13.4849 
2024     4.7023     5.5680     6.1403     7.1610     8.3967     9.7371    10.9331    11.6498    12.8874 
2025     4.3781     5.2446     5.8001     6.8858     8.1419     9.4577    10.7046    11.3748    12.6327 
2026     4.8707     5.8261     6.4793     7.5916     8.9587    10.3478    11.6454    12.4027    13.7585 
2027     5.1855     6.2266     6.8748     8.0195     9.4179    10.8360    12.1556    12.9179    14.3529 
2028     5.4193     6.4378     7.0775     8.2596     9.6692    11.1017    12.4094    13.2314    14.5991 
2029     5.4870     6.5435     7.1810     8.3595     9.8161    11.2267    12.5729    13.3515    14.8393 
2030     5.6160     6.6381     7.2595     8.4491     9.8376    11.3012    12.6732    13.4116    14.8617 
2031     5.5813     6.6388     7.2718     8.4846     9.8842    11.3617    12.6837    13.4759    15.0394 
2032     5.6941     6.6780     7.3000     8.4854     9.8624    11.3763    12.7252    13.5461    15.1313 
2033     5.7245     6.6718     7.3299     8.4517     9.8666    11.3466    12.6735    13.5097    14.9563 
2034     5.7038     6.6699     7.3186     8.4607     9.8385    11.3483    12.6831    13.4240    14.8824 

Mean Biomass  x       1000 MT

Year       Average        StdDev
2021        8.4128        1.5328
2022        8.2079        1.6669
2023        7.6855        1.6980
2024        7.2569        1.6914
2025        7.6103        1.8101
2026        8.2516        1.9028
2027        8.6037        1.9391
2028        8.7704        1.9303
2029        8.8617        1.9420
2030        8.9157        1.9396
2031        8.9351        1.9567
2032        8.9489        1.9621
2033        8.9332        1.9507
2034        8.9180        1.9463

Mean Biomass Distribution

Year       1%         5%         10%        25%        50%        75%        90%        95%        99%    
2021     5.6088     6.1826     6.5715     7.2786     8.2831     9.2744    10.5161    11.3219    12.5113 
2022     5.0874     5.7058     6.1036     6.9662     8.0848     9.2823    10.4332    11.1687    12.4797 
2023     4.3189     5.0088     5.5390     6.4436     7.5924     8.8376     9.9902    10.6526    11.7837 
2024     3.8642     4.5964     5.0764     6.0033     7.1908     8.4168     9.4841    10.1591    11.3431 
2025     3.9363     4.7545     5.2851     6.3016     7.5342     8.8201    10.0403    10.7154    12.0399 
2026     4.3799     5.2421     5.8138     6.8781     8.1800     9.5199    10.7807    11.5159    12.9040 
2027     4.6315     5.5129     6.1232     7.2004     8.5489     9.9058    11.1413    11.9153    13.2680 
2028     4.7885     5.6987     6.2859     7.3842     8.7160    10.0774    11.3177    12.0400    13.4210 
2029     4.8088     5.7477     6.3502     7.4686     8.8103    10.1791    11.4409    12.1508    13.4887 
2030     4.9161     5.8693     6.4319     7.4982     8.8613    10.2074    11.5084    12.2882    13.5539 
2031     4.8715     5.8661     6.4056     7.5390     8.8667    10.2231    11.5333    12.3034    13.6689 
2032     4.9460     5.8681     6.4346     7.5380     8.8697    10.2652    11.5593    12.3339    13.7363 
2033     4.9770     5.8305     6.4233     7.5411     8.8736    10.2452    11.4966    12.2780    13.7425 
2034     4.9943     5.8627     6.4524     7.5057     8.8312    10.2456    11.5452    12.2757    13.5568 

Combined Catch Biomass  x       1000 MT

Year       Average        StdDev
2021        2.9742        0.4782
2022        3.4189        0.5678
2023        3.3826        0.6496
2024        3.1094        0.6607
2025        1.8333        0.4105
2026        2.0942        0.4719
2027        2.2554        0.4978
2028        2.3365        0.5037
2029        2.3739        0.5041
2030        2.3932        0.5054
2031        2.4033        0.5055
2032        2.4076        0.5085
2033        2.4088        0.5093
2034        2.4059        0.5067

Combined Catch Distribution

Year       1%         5%         10%        25%        50%        75%        90%        95%        99%    
2021     1.9693     2.3560     2.4516     2.6588     2.9133     3.2322     3.5498     3.7836     4.7262 
2022     2.3687     2.5783     2.7283     2.9967     3.3823     3.7504     4.1948     4.4734     4.9279 
2023     2.1375     2.4041     2.5704     2.8991     3.3333     3.8138     4.2546     4.5280     5.0221 
2024     1.7837     2.0705     2.2693     2.6288     3.0753     3.5520     4.0083     4.2528     4.6908 
2025     0.9944     1.1791     1.3070     1.5353     1.8160     2.1123     2.3829     2.5400     2.8107 
2026     1.1318     1.3469     1.4880     1.7546     2.0752     2.4063     2.7137     2.9094     3.2329 
2027     1.2385     1.4638     1.6188     1.9025     2.2314     2.5910     2.9141     3.1114     3.4681 
2028     1.3046     1.5353     1.6938     1.9770     2.3185     2.6766     3.0071     3.1863     3.5385 
2029     1.3228     1.5802     1.7243     2.0099     2.3591     2.7145     3.0351     3.2244     3.5989 
2030     1.3411     1.5909     1.7447     2.0292     2.3760     2.7332     3.0625     3.2472     3.6190 
2031     1.3558     1.6035     1.7607     2.0388     2.3862     2.7480     3.0748     3.2721     3.6167 
2032     1.3550     1.5999     1.7591     2.0441     2.3855     2.7457     3.0834     3.2901     3.6463 
2033     1.3776     1.6098     1.7558     2.0422     2.3935     2.7491     3.0869     3.2878     3.6567 
2034     1.3714     1.6028     1.7555     2.0395     2.3844     2.7466     3.0759     3.2802     3.6465 

Landings  x       1000 MT

Year       Average        StdDev
2021        2.9742        0.4782
2022        3.4189        0.5678
2023        3.3826        0.6496
2024        3.1094        0.6607
2025        1.8333        0.4105
2026        2.0942        0.4719
2027        2.2554        0.4978
2028        2.3365        0.5037
2029        2.3739        0.5041
2030        2.3932        0.5054
2031        2.4033        0.5055
2032        2.4076        0.5085
2033        2.4088        0.5093
2034        2.4059        0.5067

Landings Distribution

Year       1%         5%         10%        25%        50%        75%        90%        95%        99%    
2021     1.9693     2.3560     2.4516     2.6588     2.9133     3.2322     3.5498     3.7836     4.7262 
2022     2.3687     2.5783     2.7283     2.9967     3.3823     3.7504     4.1948     4.4734     4.9279 
2023     2.1375     2.4041     2.5704     2.8991     3.3333     3.8138     4.2546     4.5280     5.0221 
2024     1.7837     2.0705     2.2693     2.6288     3.0753     3.5520     4.0083     4.2528     4.6908 
2025     0.9944     1.1791     1.3070     1.5353     1.8160     2.1123     2.3829     2.5400     2.8107 
2026     1.1318     1.3469     1.4880     1.7546     2.0752     2.4063     2.7137     2.9094     3.2329 
2027     1.2385     1.4638     1.6188     1.9025     2.2314     2.5910     2.9141     3.1114     3.4681 
2028     1.3046     1.5353     1.6938     1.9770     2.3185     2.6766     3.0071     3.1863     3.5385 
2029     1.3228     1.5802     1.7243     2.0099     2.3591     2.7145     3.0351     3.2244     3.5989 
2030     1.3411     1.5909     1.7447     2.0292     2.3760     2.7332     3.0625     3.2472     3.6190 
2031     1.3558     1.6035     1.7607     2.0388     2.3862     2.7480     3.0748     3.2721     3.6167 
2032     1.3550     1.5999     1.7591     2.0441     2.3855     2.7457     3.0834     3.2901     3.6463 
2033     1.3776     1.6098     1.7558     2.0422     2.3935     2.7491     3.0869     3.2878     3.6567 
2034     1.3714     1.6028     1.7555     2.0395     2.3844     2.7466     3.0759     3.2802     3.6465 

Total Fishing Mortality

Year       Average        StdDev
2021        1.0794        0.0000
2022        1.0794        0.0000
2023        1.0794        0.0000
2024        1.0794        0.0000
2025        0.6032        0.0000
2026        0.6032        0.0000
2027        0.6032        0.0000
2028        0.6032        0.0000
2029        0.6032        0.0000
2030        0.6032        0.0000
2031        0.6032        0.0000
2032        0.6032        0.0000
2033        0.6032        0.0000
2034        0.6032        0.0000

Total Fishing Mortality Distribution

Year       1%         5%         10%        25%        50%        75%        90%        95%        99%    
2021     1.0794     1.0794     1.0794     1.0794     1.0794     1.0794     1.0794     1.0794     1.0794 
2022     1.0794     1.0794     1.0794     1.0794     1.0794     1.0794     1.0794     1.0794     1.0794 
2023     1.0794     1.0794     1.0794     1.0794     1.0794     1.0794     1.0794     1.0794     1.0794 
2024     1.0794     1.0794     1.0794     1.0794     1.0794     1.0794     1.0794     1.0794     1.0794 
2025     0.6032     0.6032     0.6032     0.6032     0.6032     0.6032     0.6032     0.6032     0.6032 
2026     0.6032     0.6032     0.6032     0.6032     0.6032     0.6032     0.6032     0.6032     0.6032 
2027     0.6032     0.6032     0.6032     0.6032     0.6032     0.6032     0.6032     0.6032     0.6032 
2028     0.6032     0.6032     0.6032     0.6032     0.6032     0.6032     0.6032     0.6032     0.6032 
2029     0.6032     0.6032     0.6032     0.6032     0.6032     0.6032     0.6032     0.6032     0.6032 
2030     0.6032     0.6032     0.6032     0.6032     0.6032     0.6032     0.6032     0.6032     0.6032 
2031     0.6032     0.6032     0.6032     0.6032     0.6032     0.6032     0.6032     0.6032     0.6032 
2032     0.6032     0.6032     0.6032     0.6032     0.6032     0.6032     0.6032     0.6032     0.6032 
2033     0.6032     0.6032     0.6032     0.6032     0.6032     0.6032     0.6032     0.6032     0.6032 
2034     0.6032     0.6032     0.6032     0.6032     0.6032     0.6032     0.6032     0.6032     0.6032 

JAN-1 Stock Numbers at Age  -       1000  Fish

2021

Age        1%         5%         10%        25%        50%        75%        90%        95%        99%    
1      140.2370   175.0900   184.8320   216.7130   261.1480   317.3690   385.6290   409.5080   464.9250
2       58.9389    77.9477    80.8620    85.4451   100.4175   112.5240   125.3470   138.4980   148.4390
3       34.1986    41.3466    43.5177    47.9381    54.8765    60.4455    67.3245    74.4817    84.8335
4        4.4701     6.3288     7.3712     8.3369     9.5330    10.8358    12.5169    14.0136    20.6054
5        1.2938     1.6031     1.7337     2.2441     2.6907     3.2695     4.2092     4.8898     7.4995
6        0.2917     0.4842     0.6024     0.6936     0.9665     1.2287     1.8234     2.1765     5.0518
7        0.0278     0.0584     0.0739     0.1025     0.1591     0.2261     0.3164     0.3996     1.3049
8        0.0082     0.0292     0.0370     0.0584     0.1092     0.1670     0.2575     0.4456     2.1858
9        0.0003     0.0014     0.0021     0.0035     0.0085     0.0144     0.0223     0.0334     0.2402
10        0.0001     0.0005     0.0007     0.0015     0.0043     0.0069     0.0143     0.0242     0.2609
11        0.0000     0.0001     0.0002     0.0004     0.0014     0.0028     0.0051     0.0082     0.1988
12        0.0000     0.0000     0.0000     0.0000     0.0001     0.0003     0.0005     0.0008     0.0280
13        0.0000     0.0000     0.0000     0.0000     0.0000     0.0002     0.0003     0.0005     0.0316
14        0.0000     0.0000     0.0000     0.0000     0.0000     0.0000     0.0001     0.0001     0.0183
15+       0.0000     0.0000     0.0000     0.0000     0.0000     0.0000     0.0000     0.0000     0.0127

2022

Age        1%         5%         10%        25%        50%        75%        90%        95%        99%    
1       68.5828    69.7548    76.9324   102.6705   170.7299   238.8141   278.3696   303.8603   321.3229
2       85.4950   100.0901   106.9363   123.9239   150.3762   184.0939   222.9594   242.2211   274.5975
3       26.7877    34.5029    36.1415    39.1753    44.7628    50.9376    57.9248    62.6571    70.9481
4       11.9613    13.9019    14.9526    16.5175    18.5257    20.8306    23.6585    26.0293    31.2186
5        1.4331     1.9565     2.1937     2.5205     2.9086     3.3240     3.8803     4.3068     6.5279
6        0.3767     0.4601     0.5097     0.6455     0.7746     0.9507     1.2355     1.4518     2.4610
7        0.0964     0.1449     0.1713     0.2057     0.2743     0.3658     0.5293     0.6295     1.6022
8        0.0093     0.0177     0.0218     0.0304     0.0465     0.0678     0.0967     0.1261     0.4263
9        0.0029     0.0091     0.0114     0.0184     0.0336     0.0515     0.0816     0.1361     0.7652
10        0.0001     0.0005     0.0007     0.0011     0.0027     0.0046     0.0073     0.0111     0.0850
11        0.0000     0.0002     0.0002     0.0005     0.0014     0.0023     0.0049     0.0080     0.0961
12        0.0000     0.0000     0.0001     0.0001     0.0005     0.0009     0.0017     0.0028     0.0736
13        0.0000     0.0000     0.0000     0.0000     0.0000     0.0001     0.0002     0.0003     0.0104
14        0.0000     0.0000     0.0000     0.0000     0.0000     0.0001     0.0001     0.0002     0.0119
15+       0.0000     0.0000     0.0000     0.0000     0.0000     0.0000     0.0000     0.0001     0.0121

2023

Age        1%         5%         10%        25%        50%        75%        90%        95%        99%    
1       68.6217    69.8343    77.9224   104.7066   172.3537   245.9150   281.0647   305.9302   321.8830
2       37.8156    40.6756    44.0550    59.0194    98.4221   137.9489   161.7790   174.6756   189.3226
3       38.6402    44.7751    48.2009    55.7539    68.0494    83.3915   100.3427   109.9916   124.5793
4        9.1743    11.4819    12.2106    13.4477    15.3521    17.5548    20.0280    21.6139    24.6727
5        3.6258     4.1785     4.4844     4.9885     5.6119     6.3402     7.2061     7.9072     9.5473
6        0.4154     0.5621     0.6274     0.7264     0.8418     0.9660     1.1318     1.2530     1.8720
7        0.1070     0.1323     0.1472     0.1853     0.2243     0.2765     0.3606     0.4222     0.6915
8        0.0290     0.0432     0.0501     0.0611     0.0812     0.1090     0.1578     0.1871     0.4879
9        0.0032     0.0054     0.0066     0.0093     0.0142     0.0209     0.0296     0.0393     0.1418
10        0.0010     0.0029     0.0036     0.0058     0.0107     0.0163     0.0257     0.0424     0.2610
11        0.0000     0.0001     0.0002     0.0004     0.0009     0.0015     0.0024     0.0036     0.0281
12        0.0000     0.0001     0.0001     0.0002     0.0005     0.0007     0.0016     0.0026     0.0330
13        0.0000     0.0000     0.0000     0.0000     0.0002     0.0003     0.0006     0.0009     0.0260
14        0.0000     0.0000     0.0000     0.0000     0.0000     0.0000     0.0001     0.0001     0.0036
15+       0.0000     0.0000     0.0000     0.0000     0.0000     0.0000     0.0000     0.0001     0.0084

2024

Age        1%         5%         10%        25%        50%        75%        90%        95%        99%    
1       68.6456    69.7961    77.2897   103.1182   170.9336   243.0615   278.7520   304.4021   321.1194
2       37.9208    40.8891    44.5544    60.0301    99.6883   141.8016   162.8299   175.8468   190.3405
3       16.6796    18.2930    19.8517    26.6356    44.2762    62.0465    73.5291    79.3458    86.5586
4       13.0810    15.1878    16.4069    19.1462    23.4006    28.6743    34.4872    37.7713    43.6452
5        2.7721     3.4157     3.6657     4.0728     4.6483     5.3535     6.1165     6.5900     7.5651
6        1.0382     1.1927     1.2848     1.4372     1.6243     1.8409     2.0963     2.2984     2.7705
7        0.1204     0.1602     0.1793     0.2090     0.2441     0.2814     0.3284     0.3669     0.5404
8        0.0317     0.0388     0.0435     0.0545     0.0664     0.0829     0.1080     0.1261     0.2168
9        0.0089     0.0132     0.0152     0.0186     0.0248     0.0337     0.0488     0.0576     0.1498
10        0.0010     0.0017     0.0021     0.0029     0.0045     0.0066     0.0094     0.0124     0.0474
11        0.0003     0.0009     0.0012     0.0019     0.0035     0.0053     0.0084     0.0138     0.0817
12        0.0000     0.0000     0.0001     0.0001     0.0003     0.0005     0.0008     0.0012     0.0093
13        0.0000     0.0000     0.0000     0.0001     0.0002     0.0003     0.0005     0.0009     0.0113
14        0.0000     0.0000     0.0000     0.0000     0.0001     0.0001     0.0002     0.0003     0.0087
15+       0.0000     0.0000     0.0000     0.0000     0.0000     0.0000     0.0000     0.0001     0.0043

2025

Age        1%         5%         10%        25%        50%        75%        90%        95%        99%    
1       68.6693    69.7760    76.6270   102.9177   172.1535   246.0204   282.7351   305.8555   321.5318
2       37.9369    40.6963    44.0986    59.1514    98.7756   139.5538   162.5981   174.9924   190.3064
3       16.7574    18.4642    20.0991    27.1243    44.9374    63.8972    73.8820    79.7527    87.1373
4        5.5805     6.2371     6.8374     9.0833    15.1479    21.1519    25.3274    27.3023    30.3035
5        3.9443     4.5735     4.9526     5.7974     7.0703     8.7168    10.4614    11.5418    13.2751
6        0.7985     0.9746     1.0485     1.1749     1.3454     1.5539     1.7729     1.9194     2.2165
7        0.2970     0.3404     0.3679     0.4126     0.4697     0.5371     0.6147     0.6726     0.8048
8        0.0357     0.0474     0.0528     0.0616     0.0721     0.0839     0.0982     0.1110     0.1601
9        0.0096     0.0118     0.0133     0.0166     0.0203     0.0254     0.0332     0.0391     0.0659
10        0.0028     0.0041     0.0047     0.0059     0.0079     0.0107     0.0154     0.0182     0.0475
11        0.0004     0.0006     0.0007     0.0009     0.0014     0.0021     0.0030     0.0041     0.0159
12        0.0001     0.0003     0.0004     0.0006     0.0011     0.0018     0.0028     0.0045     0.0276
13        0.0000     0.0000     0.0000     0.0000     0.0001     0.0002     0.0003     0.0004     0.0031
14        0.0000     0.0000     0.0000     0.0000     0.0001     0.0001     0.0002     0.0003     0.0038
15+       0.0000     0.0000     0.0000     0.0000     0.0000     0.0000     0.0001     0.0001     0.0049

2026

Age        1%         5%         10%        25%        50%        75%        90%        95%        99%    
1       68.6735    70.0951    77.9411   104.6728   171.8674   243.6209   281.3204   304.7231   321.2830
2       39.2667    42.1392    45.6511    61.2619   103.0256   146.4602   169.9367   182.9192   196.8255
3       19.7016    21.6087    23.4777    31.2619    52.2382    73.8517    86.4660    93.0974   102.5816
4        7.5756     8.4765     9.2555    12.5114    20.7213    29.3595    34.1494    36.8605    40.7459
5        2.3806     2.6989     2.9614     3.9535     6.5565     9.1898    11.0213    11.9581    13.2824
6        1.6473     1.9225     2.0811     2.4482     2.9878     3.6926     4.4287     4.9111     5.6088
7        0.3346     0.4093     0.4405     0.4949     0.5681     0.6592     0.7521     0.8186     0.9466
8        0.1258     0.1446     0.1561     0.1762     0.2015     0.2310     0.2656     0.2918     0.3484
9        0.0156     0.0205     0.0229     0.0268     0.0315     0.0368     0.0431     0.0487     0.0703
10        0.0042     0.0052     0.0059     0.0073     0.0090     0.0114     0.0148     0.0174     0.0292
11        0.0012     0.0018     0.0021     0.0027     0.0035     0.0048     0.0070     0.0082     0.0212
12        0.0002     0.0003     0.0003     0.0004     0.0007     0.0010     0.0014     0.0019     0.0072
13        0.0001     0.0001     0.0002     0.0003     0.0005     0.0008     0.0013     0.0021     0.0127
14        0.0000     0.0000     0.0000     0.0000     0.0000     0.0001     0.0001     0.0002     0.0014
15+       0.0000     0.0000     0.0000     0.0000     0.0000     0.0001     0.0001     0.0002     0.0041

2027

Age        1%         5%         10%        25%        50%        75%        90%        95%        99%    
1       68.6657    69.8499    76.8968   103.1375   172.0775   243.5960   283.9956   306.3481   321.8555
2       39.4430    42.5414    45.9274    62.5216   102.5845   145.7004   168.7770   181.7440   196.6430
3       20.2661    22.2881    24.2524    32.5430    54.6133    77.3623    90.5565    97.3063   106.1603
4        8.9598     9.9125    10.7922    14.4103    24.0441    33.9110    40.2392    43.1866    48.1188
5        3.2362     3.6578     4.0151     5.4334     8.9881    12.7077    14.8869    16.0640    17.9742
6        0.9999     1.1401     1.2527     1.6707     2.7687     3.8655     4.6707     5.0905     5.6740
7        0.6939     0.8038     0.8830     1.0322     1.2654     1.5637     1.8731     2.0746     2.4173
8        0.1423     0.1733     0.1872     0.2117     0.2439     0.2838     0.3239     0.3531     0.4102
9        0.0547     0.0627     0.0678     0.0767     0.0878     0.1013     0.1172     0.1278     0.1533
10        0.0069     0.0090     0.0101     0.0119     0.0140     0.0164     0.0193     0.0218     0.0315
11        0.0019     0.0023     0.0027     0.0033     0.0041     0.0051     0.0067     0.0079     0.0131
12        0.0006     0.0008     0.0010     0.0012     0.0016     0.0022     0.0032     0.0038     0.0097
13        0.0001     0.0001     0.0001     0.0002     0.0003     0.0005     0.0006     0.0009     0.0033
14        0.0000     0.0001     0.0001     0.0001     0.0002     0.0004     0.0006     0.0010     0.0058
15+       0.0000     0.0000     0.0000     0.0000     0.0000     0.0001     0.0001     0.0002     0.0026

2028

Age        1%         5%         10%        25%        50%        75%        90%        95%        99%    
1       68.6173    69.8922    77.8000   103.4568   171.7853   243.6617   282.3265   305.2669   321.3281
2       39.5464    42.5262    45.7112    61.5510   102.7077   145.4043   169.5791   183.0115   197.8725
3       20.5035    22.4957    24.4489    33.0421    54.5470    76.7043    90.1365    96.5894   106.0500
4        9.1736    10.2442    11.1694    14.9931    25.1157    35.6063    41.9867    45.0489    49.6345
5        3.8590     4.2867     4.6807     6.2389    10.4367    14.6678    17.5220    18.9112    21.1122
6        1.3622     1.5411     1.6956     2.2916     3.8032     5.3600     6.2919     6.8275     7.6651
7        0.4171     0.4777     0.5292     0.7082     1.1704     1.6340     1.9766     2.1606     2.4217
8        0.2939     0.3418     0.3751     0.4416     0.5429     0.6711     0.8081     0.8937     1.0390
9        0.0616     0.0748     0.0814     0.0921     0.1067     0.1243     0.1424     0.1552     0.1816
10        0.0240     0.0275     0.0300     0.0340     0.0390     0.0452     0.0524     0.0572     0.0696
11        0.0031     0.0041     0.0045     0.0053     0.0063     0.0074     0.0087     0.0099     0.0142
12        0.0009     0.0011     0.0012     0.0015     0.0019     0.0024     0.0031     0.0036     0.0061
13        0.0003     0.0004     0.0004     0.0006     0.0007     0.0010     0.0015     0.0017     0.0045
14        0.0000     0.0001     0.0001     0.0001     0.0001     0.0002     0.0003     0.0004     0.0015
15+       0.0000     0.0000     0.0000     0.0001     0.0001     0.0002     0.0003     0.0005     0.0040

2029

Age        1%         5%         10%        25%        50%        75%        90%        95%        99%    
1       68.6152    69.8163    76.7568   104.3074   172.3279   245.1144   280.7191   303.3138   321.6359
2       39.3828    42.3628    45.9717    61.6575   102.7277   144.9492   169.3109   181.4333   196.1249
3       20.4653    22.4779    24.4167    32.5508    54.3956    76.8542    90.4677    97.1214   106.7477
4        9.2666    10.3599    11.2754    15.2499    25.0883    35.3686    41.6674    44.6949    49.2728
5        3.9189     4.4140     4.8503     6.4862    10.8769    15.3762    18.2473    19.7050    21.8483
6        1.6208     1.8032     1.9749     2.6448     4.4031     6.1767     7.4281     8.0289     9.0489
7        0.5720     0.6491     0.7155     0.9736     1.6077     2.2551     2.6672     2.9057     3.2917
8        0.1767     0.2048     0.2267     0.3029     0.5010     0.6992     0.8493     0.9286     1.0524
9        0.1265     0.1487     0.1630     0.1928     0.2371     0.2940     0.3549     0.3940     0.4615
10        0.0274     0.0330     0.0359     0.0407     0.0474     0.0554     0.0637     0.0693     0.0811
11        0.0107     0.0123     0.0134     0.0152     0.0176     0.0204     0.0236     0.0260     0.0315
12        0.0014     0.0018     0.0021     0.0024     0.0029     0.0034     0.0040     0.0045     0.0065
13        0.0004     0.0005     0.0006     0.0007     0.0009     0.0011     0.0014     0.0017     0.0028
14        0.0001     0.0002     0.0002     0.0003     0.0003     0.0005     0.0007     0.0008     0.0021
15+       0.0000     0.0000     0.0001     0.0001     0.0001     0.0002     0.0003     0.0004     0.0026

2030

Age        1%         5%         10%        25%        50%        75%        90%        95%        99%    
1       68.6566    69.8437    77.4095   104.2469   172.0565   245.8572   281.2448   305.6276   321.2961
2       39.3486    42.3548    45.7324    62.1329   103.0217   146.1580   168.7618   180.7880   196.0357
3       20.3556    22.3338    24.3377    32.7304    54.3912    76.8049    90.4187    97.0128   106.5647
4        9.2584    10.3351    11.2413    14.9459    25.0579    35.3099    41.9062    45.0904    50.2093
5        3.9690     4.4604     4.9037     6.6331    10.8602    15.2952    18.1505    19.4510    21.6709
6        1.6424     1.8599     2.0520     2.7585     4.6037     6.4896     7.7473     8.3709     9.3929
7        0.6721     0.7616     0.8376     1.1136     1.8575     2.6081     3.1518     3.4080     3.8554
8        0.2423     0.2770     0.3057     0.4157     0.6879     0.9626     1.1551     1.2562     1.4261
9        0.0761     0.0887     0.0989     0.1326     0.2182     0.3048     0.3706     0.4075     0.4630
10        0.0557     0.0658     0.0720     0.0855     0.1050     0.1311     0.1588     0.1760     0.2076
11        0.0121     0.0147     0.0161     0.0183     0.0213     0.0250     0.0289     0.0316     0.0369
12        0.0048     0.0056     0.0061     0.0069     0.0081     0.0094     0.0109     0.0120     0.0145
13        0.0006     0.0008     0.0009     0.0011     0.0013     0.0016     0.0019     0.0021     0.0030
14        0.0002     0.0002     0.0003     0.0003     0.0004     0.0005     0.0007     0.0008     0.0013
15+       0.0001     0.0001     0.0001     0.0002     0.0002     0.0003     0.0005     0.0006     0.0022

2031

Age        1%         5%         10%        25%        50%        75%        90%        95%        99%    
1       68.6049    69.7515    76.8331   102.6433   172.2525   246.3904   280.7880   305.3800   321.3672
2       39.4470    42.5406    45.9296    62.0097   102.8226   146.0621   169.0219   182.0358   197.5336
3       20.4055    22.3637    24.3478    32.7944    54.5582    77.1480    89.8391    96.6351   105.7915
4        9.2575    10.2652    11.2228    15.0901    25.0826    35.3233    41.6317    44.7710    49.8123
5        3.9646     4.4476     4.8865     6.4980    10.8419    15.2541    18.1667    19.6380    21.9024
6        1.6551     1.8781     2.0675     2.7964     4.5806     6.4530     7.6904     8.2796     9.2943
7        0.6831     0.7842     0.8691     1.1611     1.9431     2.7345     3.2839     3.5585     4.0253
8        0.2843     0.3247     0.3601     0.4777     0.7974     1.1101     1.3512     1.4683     1.6740
9        0.1038     0.1208     0.1340     0.1815     0.3006     0.4179     0.5061     0.5494     0.6381
10        0.0336     0.0392     0.0440     0.0588     0.0967     0.1353     0.1657     0.1821     0.2080
11        0.0249     0.0294     0.0324     0.0385     0.0474     0.0591     0.0718     0.0796     0.0939
12        0.0055     0.0067     0.0073     0.0083     0.0098     0.0115     0.0133     0.0145     0.0171
13        0.0022     0.0026     0.0028     0.0032     0.0037     0.0043     0.0050     0.0055     0.0067
14        0.0003     0.0004     0.0004     0.0005     0.0006     0.0007     0.0009     0.0010     0.0014
15+       0.0001     0.0002     0.0002     0.0002     0.0003     0.0004     0.0005     0.0006     0.0016

2032

Age        1%         5%         10%        25%        50%        75%        90%        95%        99%    
1       68.6311    69.8420    77.7376   103.0748   172.3182   246.4176   283.0737   305.5002   321.3602
2       39.4513    42.2713    45.6522    61.5839   102.8647   146.7313   169.0264   182.0668   197.4187
3       20.4818    22.5081    24.4569    32.9048    54.4963    77.0949    89.9465    97.0897   106.6847
4        9.2971    10.3140    11.1616    15.0875    25.0859    35.5289    41.6992    44.8282    49.2531
5        3.9569     4.4538     4.8684     6.5360    10.8566    15.2809    18.1345    19.5342    21.8640
6        1.6586     1.8808     2.0665     2.7493     4.5718     6.4277     7.6955     8.3545     9.3785
7        0.6969     0.7904     0.8748     1.1798     1.9342     2.7224     3.2567     3.5032     3.9608
8        0.2902     0.3354     0.3723     0.5006     0.8311     1.1727     1.4092     1.5296     1.7433
9        0.1222     0.1417     0.1570     0.2088     0.3474     0.4841     0.5901     0.6472     0.7454
10        0.0457     0.0533     0.0594     0.0810     0.1337     0.1856     0.2254     0.2467     0.2858
11        0.0150     0.0177     0.0197     0.0266     0.0437     0.0609     0.0748     0.0824     0.0945
12        0.0111     0.0133     0.0147     0.0176     0.0217     0.0269     0.0328     0.0367     0.0431
13        0.0025     0.0030     0.0033     0.0038     0.0045     0.0053     0.0062     0.0067     0.0079
14        0.0010     0.0012     0.0013     0.0015     0.0017     0.0020     0.0023     0.0026     0.0031
15+       0.0002     0.0003     0.0003     0.0004     0.0004     0.0005     0.0006     0.0007     0.0014

2033

Age        1%         5%         10%        25%        50%        75%        90%        95%        99%    
1       68.6404    69.7928    76.5999   102.3929   171.0984   243.3902   278.3558   302.9621   321.0989
2       39.1878    42.3361    45.8146    61.3971   102.8675   146.5782   170.0309   182.1644   197.4422
3       20.4507    22.3874    24.2556    32.5020    54.5011    77.3677    90.1636    96.5692   106.2600
4        9.2063    10.3392    11.2948    15.2309    25.0746    35.4014    41.7157    44.7907    50.0931
5        3.9840     4.4478     4.8570     6.5412    10.8886    15.4037    18.0984    19.4726    21.7355
6        1.6571     1.8771     2.0571     2.7667     4.5861     6.4413     7.6907     8.3352     9.3582
7        0.6924     0.7895     0.8732     1.1604     1.9342     2.7219     3.2720     3.5617     4.0269
8        0.2943     0.3395     0.3747     0.5066     0.8287     1.1598     1.4048     1.5153     1.7108
9        0.1249     0.1457     0.1622     0.2180     0.3641     0.5099     0.6176     0.6713     0.7718
10        0.0536     0.0624     0.0698     0.0929     0.1546     0.2149     0.2636     0.2897     0.3312
11        0.0204     0.0239     0.0267     0.0365     0.0600     0.0838     0.1019     0.1116     0.1297
12        0.0067     0.0080     0.0090     0.0122     0.0200     0.0277     0.0343     0.0380     0.0435
13        0.0051     0.0061     0.0068     0.0081     0.0100     0.0124     0.0152     0.0169     0.0199
14        0.0012     0.0014     0.0015     0.0018     0.0021     0.0025     0.0029     0.0031     0.0037
15+       0.0006     0.0007     0.0007     0.0009     0.0010     0.0012     0.0014     0.0015     0.0020

2034

Age        1%         5%         10%        25%        50%        75%        90%        95%        99%    
1       68.6739    69.8584    77.1430   102.7609   171.2354   242.9956   278.9293   304.6654   321.9790
2       39.0393    42.1491    45.5069    61.2659   102.2724   145.1613   168.3799   180.4128   196.6565
3       20.4573    22.3011    24.2703    32.5970    54.5006    77.3662    90.3821    97.2606   106.8252
4        9.2775    10.2772    11.1448    14.9652    25.1134    35.4301    41.6786    44.7585    49.6007
5        3.9316     4.4719     4.8988     6.6050    10.8701    15.3002    18.1098    19.6044    21.9141
6        1.6672     1.8641     2.0499     2.7577     4.6046     6.5239     7.6894     8.3091     9.3703
7        0.6931     0.7909     0.8687     1.1676     1.9351     2.7099     3.2702     3.5381     3.9890
8        0.2954     0.3360     0.3729     0.4980     0.8281     1.1635     1.4065     1.5245     1.7289
9        0.1274     0.1474     0.1639     0.2222     0.3607     0.5064     0.6132     0.6646     0.7566
10        0.0551     0.0644     0.0721     0.0969     0.1622     0.2258     0.2745     0.3010     0.3469
11        0.0239     0.0282     0.0314     0.0420     0.0696     0.0968     0.1189     0.1313     0.1508
12        0.0092     0.0108     0.0122     0.0167     0.0275     0.0383     0.0467     0.0512     0.0596
13        0.0031     0.0037     0.0041     0.0056     0.0092     0.0128     0.0159     0.0175     0.0202
14        0.0024     0.0028     0.0031     0.0037     0.0046     0.0058     0.0071     0.0079     0.0093
15+       0.0009     0.0010     0.0011     0.0012     0.0015     0.0017     0.0019     0.0021     0.0024

Probability Spawning Stock Biomass Exceeds Threshold      3.660 (1000 MT)

Year    Probability

2021    0.018100
2022    0.016700
2023    0.124100
2024    0.050100
2025    0.128400
2026    0.339900
2027    0.479300
2028    0.553500
2029    0.583600
2030    0.604400
2031    0.612600
2032    0.617800
2033    0.618100
2034    0.613400

Probability Threshold Exceeded at Least Once =     0.9539

Probability Total Fishing Mortality Exceeds Threshold     0.8413 

Year    Probability

2021    1.000000
2022    1.000000
2023    1.000000
2024    1.000000
2025    0.000000
2026    0.000000
2027    0.000000
2028    0.000000
2029    0.000000
2030    0.000000
2031    0.000000
2032    0.000000
2033    0.000000
2034    0.000000

Probability Threshold Exceeded at Least Once =     1.0000


Requested Percentile Report

Percentile =    50.00 %

                                 2021       2022       2023       2024       2025       2026       2027       2028       2029       2030       2031       2032       2033       2034 

Recruits                     170.7299   172.3537   170.9336   172.1535   171.8674   172.0775   171.7853   172.3279   172.0565   172.2525   172.3182   171.0984   171.2354   171.5689 
Spawning Stock Biomass         2.2267     2.5719     2.8727     2.5583     2.7720     3.2726     3.6181     3.7941     3.8607     3.9103     3.9291     3.9398     3.9440     3.9335 
Jan-1 Stock Biomass            9.1537     9.3413     8.9421     8.3967     8.1419     8.9587     9.4179     9.6692     9.8161     9.8376     9.8842     9.8624     9.8666     9.8385 
Mean Biomass                   8.2831     8.0848     7.5924     7.1908     7.5342     8.1800     8.5489     8.7160     8.8103     8.8613     8.8667     8.8697     8.8736     8.8312 
Combined Catch Biomass         2.9133     3.3823     3.3333     3.0753     1.8160     2.0752     2.2314     2.3185     2.3591     2.3760     2.3862     2.3855     2.3935     2.3844 
Landings                       2.9133     3.3823     3.3333     3.0753     1.8160     2.0752     2.2314     2.3185     2.3591     2.3760     2.3862     2.3855     2.3935     2.3844 
FMort                          1.0794     1.0794     1.0794     1.0794     0.6032     0.6032     0.6032     0.6032     0.6032     0.6032     0.6032     0.6032     0.6032     0.6032 

Stock Numbers at Age
Age 1                        261.1480   170.7299   172.3537   170.9336   172.1535   171.8674   172.0775   171.7853   172.3279   172.0565   172.2525   172.3182   171.0984   171.2354 
Age 2                        100.4175   150.3762    98.4221    99.6883    98.7756   103.0256   102.5845   102.7077   102.7277   103.0217   102.8226   102.8647   102.8675   102.2724 
Age 3                         54.8765    44.7628    68.0494    44.2762    44.9374    52.2382    54.6133    54.5470    54.3956    54.3912    54.5582    54.4963    54.5011    54.5006 
Age 4                          9.5330    18.5257    15.3521    23.4006    15.1479    20.7213    24.0441    25.1157    25.0883    25.0579    25.0826    25.0859    25.0746    25.1134 
Age 5                          2.6907     2.9086     5.6119     4.6483     7.0703     6.5565     8.9881    10.4367    10.8769    10.8602    10.8419    10.8566    10.8886    10.8701 
Age 6                          0.9665     0.7746     0.8418     1.6243     1.3454     2.9878     2.7687     3.8032     4.4031     4.6037     4.5806     4.5718     4.5861     4.6046 
Age 7                          0.1591     0.2743     0.2243     0.2441     0.4697     0.5681     1.2654     1.1704     1.6077     1.8575     1.9431     1.9342     1.9342     1.9351 
Age 8                          0.1092     0.0465     0.0812     0.0664     0.0721     0.2015     0.2439     0.5429     0.5010     0.6879     0.7974     0.8311     0.8287     0.8281 
Age 9                          0.0085     0.0336     0.0142     0.0248     0.0203     0.0315     0.0878     0.1067     0.2371     0.2182     0.3006     0.3474     0.3641     0.3607 
Age 10                          0.0043     0.0027     0.0107     0.0045     0.0079     0.0090     0.0140     0.0390     0.0474     0.1050     0.0967     0.1337     0.1546     0.1622 
Age 11                          0.0014     0.0014     0.0009     0.0035     0.0014     0.0035     0.0041     0.0063     0.0176     0.0213     0.0474     0.0437     0.0600     0.0696 
Age 12                          0.0001     0.0005     0.0005     0.0003     0.0011     0.0007     0.0016     0.0019     0.0029     0.0081     0.0098     0.0217     0.0200     0.0275 
Age 13                          0.0000     0.0000     0.0002     0.0002     0.0001     0.0005     0.0003     0.0007     0.0009     0.0013     0.0037     0.0045     0.0100     0.0092 
Age 14                          0.0000     0.0000     0.0000     0.0001     0.0001     0.0000     0.0002     0.0001     0.0003     0.0004     0.0006     0.0017     0.0021     0.0046 
Age 15                          0.0000     0.0000     0.0000     0.0000     0.0000     0.0000     0.0000     0.0001     0.0001     0.0002     0.0003     0.0004     0.0010     0.0015 
