AGEPRO VERSION 4.2

Fmsy_MT

Date & Time of Run: 05 Apr 2024  14:32

Input File Name:    Fmsy_MT.inp

First Age Class:                         1
Number of Age Classes:                  15
Number of Years in Projection:          14
Number of Fleets:                        9
Number of Recruitment Models:            1
Number of Bootstraps:                  100
Number of Simulations:                 100

Bootstrap File Name:            C:\Users\jon.brodziak\Desktop\2024 WCNPO MLS Rebuilding\Bootstrap-numbers-at-age\2023_WCNPOMLS.bsn

Input Harvest Scenario

Year  Type        Fleet-1    Fleet-2    Fleet-3    Fleet-4    Fleet-5    Fleet-6    Fleet-7    Fleet-8    Fleet-9    

2021  F-Mult       0.1651     0.0453     0.2588     0.0166     0.0610     0.0487     0.0642     0.0722     0.3475 
2022  F-Mult       0.1651     0.0453     0.2588     0.0166     0.0610     0.0487     0.0642     0.0722     0.3475 
2023  F-Mult       0.1651     0.0453     0.2588     0.0166     0.0610     0.0487     0.0642     0.0722     0.3475 
2024  F-Mult       0.1651     0.0453     0.2588     0.0166     0.0610     0.0487     0.0642     0.0722     0.3475 
2025  F-Mult       0.1529     0.0419     0.2398     0.0154     0.0565     0.0452     0.0595     0.0669     0.3220 
2026  F-Mult       0.1529     0.0419     0.2398     0.0154     0.0565     0.0452     0.0595     0.0669     0.3220 
2027  F-Mult       0.1529     0.0419     0.2398     0.0154     0.0565     0.0452     0.0595     0.0669     0.3220 
2028  F-Mult       0.1529     0.0419     0.2398     0.0154     0.0565     0.0452     0.0595     0.0669     0.3220 
2029  F-Mult       0.1529     0.0419     0.2398     0.0154     0.0565     0.0452     0.0595     0.0669     0.3220 
2030  F-Mult       0.1529     0.0419     0.2398     0.0154     0.0565     0.0452     0.0595     0.0669     0.3220 
2031  F-Mult       0.1529     0.0419     0.2398     0.0154     0.0565     0.0452     0.0595     0.0669     0.3220 
2032  F-Mult       0.1529     0.0419     0.2398     0.0154     0.0565     0.0452     0.0595     0.0669     0.3220 
2033  F-Mult       0.1529     0.0419     0.2398     0.0154     0.0565     0.0452     0.0595     0.0669     0.3220 
2034  F-Mult       0.1529     0.0419     0.2398     0.0154     0.0565     0.0452     0.0595     0.0669     0.3220 

Recruits        1000  Fish

Year Class   Average        StdDev
2021        176.4412       75.5229
2022        176.0375       76.5597
2023        175.4212       75.9220
2024        175.4646       76.1189
2025        175.8443       75.4004
2026        176.0396       76.2919
2027        175.2159       75.7507
2028        174.3043       75.8739
2029        175.9422       75.8288
2030        175.2922       76.6131
2031        173.6786       76.4293
2032        175.9654       76.3357
2033        176.7023       75.9215
2034        174.9079       75.2375

Recruits Distribution

Year Class 1%         5%         10%        25%        50%        75%        90%        95%        99%    
2021    68.6115    69.7830    77.3545   104.4533   172.0336   244.0616   279.5495   303.5167   321.8425
2022    68.5888    69.7886    77.2947   102.1166   172.3570   245.8321   280.9990   306.4798   321.8616
2023    68.6683    69.8675    76.6916   102.7421   171.8776   243.6573   279.5329   304.8021   321.8971
2024    68.6217    69.8114    77.2485   102.8393   171.4914   243.7765   280.8133   305.2125   321.3771
2025    68.6557    69.8393    77.6171   103.6565   172.7136   242.5455   278.6264   304.8989   321.7879
2026    68.6600    69.8053    77.2539   103.0450   171.6064   244.9701   282.1392   304.7253   321.6447
2027    68.5920    69.7531    76.7798   103.2745   171.0249   242.7141   280.4670   305.0362   321.9917
2028    68.6773    69.7509    76.3421   102.0567   170.8046   241.1395   280.1237   304.4191   321.5130
2029    68.6649    69.7929    77.4710   103.8223   171.7573   243.9537   281.2452   304.9016   321.7030
2030    68.5673    69.7130    76.5877   102.3335   170.9030   245.0947   282.1936   305.4517   321.2326
2031    68.6166    69.6724    75.9372   100.3135   170.1220   241.9009   281.2717   305.1462   321.8436
2032    68.6259    69.7808    77.2357   103.1702   171.4735   245.4231   281.9089   305.4597   320.5256
2033    68.6634    69.8570    77.7249   104.2372   172.1635   244.9323   282.0967   306.1145   321.9258
2034    68.6516    69.8260    77.3695   103.4559   171.5637   241.3487   278.6005   302.3354   320.7744

Spawning Stock Biomass  x       1000 MT

Year       Average        StdDev
2021        2.2960        0.4641
2022        2.6085        0.4343
2023        2.9474        0.6080
2024        2.6125        0.6088
2025        2.4887        0.6212
2026        2.4960        0.6353
2027        2.5075        0.6425
2028        2.5166        0.6452
2029        2.5197        0.6481
2030        2.5128        0.6447
2031        2.5103        0.6459
2032        2.5138        0.6462
2033        2.5105        0.6520
2034        2.5041        0.6484

Spawning Stock Biomass Distribution

Year        1%         5%         10%        25%        50%        75%        90%        95%        99%   
2021     1.4641     1.7248     1.8276     1.9948     2.2281     2.5112     2.8156     3.0379     4.1905 
2022     1.7572     1.9581     2.0769     2.3090     2.5756     2.8555     3.1949     3.4177     3.7870 
2023     1.8287     2.0841     2.2214     2.5004     2.8783     3.3144     3.7785     4.0680     4.5857 
2024     1.4435     1.6931     1.8459     2.1507     2.5747     3.0292     3.4269     3.6668     4.1459 
2025     1.2810     1.5343     1.7053     2.0259     2.4499     2.9057     3.3178     3.5727     4.0150 
2026     1.2709     1.5290     1.6960     2.0104     2.4528     2.9360     3.3450     3.5903     4.0623 
2027     1.2928     1.5217     1.6903     2.0265     2.4671     2.9466     3.3688     3.6274     4.0954 
2028     1.2812     1.5161     1.6872     2.0348     2.4863     2.9564     3.3749     3.6354     4.0847 
2029     1.2810     1.5307     1.7017     2.0346     2.4743     2.9659     3.3968     3.6502     4.1306 
2030     1.2734     1.5294     1.7010     2.0315     2.4638     2.9517     3.3952     3.6430     4.0888 
2031     1.2831     1.5237     1.6923     2.0281     2.4640     2.9572     3.3909     3.6360     4.0666 
2032     1.2595     1.5202     1.6911     2.0301     2.4687     2.9676     3.3692     3.6387     4.0994 
2033     1.2393     1.5122     1.6855     2.0246     2.4695     2.9638     3.4008     3.6504     4.0790 
2034     1.2469     1.5010     1.6830     2.0153     2.4662     2.9549     3.3799     3.6203     4.0789 

JAN-1 Stock Biomass  x       1000 MT

Year       Average        StdDev
2021        9.2940        1.5995
2022        9.5056        1.7497
2023        9.0555        1.8419
2024        8.4970        1.8346
2025        8.1974        1.8223
2026        8.2224        1.8541
2027        8.2465        1.8720
2028        8.2543        1.8628
2029        8.2386        1.8648
2030        8.2362        1.8665
2031        8.2433        1.8711
2032        8.2182        1.8761
2033        8.2259        1.8719
2034        8.2517        1.8602

JAN-1 Stock Biomass Distribution

Year       1%         5%         10%        25%        50%        75%        90%        95%        99%    
2021     6.3279     6.9360     7.3601     8.1604     9.1768    10.1208    11.5384    12.3413    13.7481 
2022     6.0630     6.8238     7.3019     8.2612     9.3957    10.6306    11.8568    12.6033    14.0095 
2023     5.3561     6.1876     6.7360     7.7157     8.9781    10.3085    11.4892    12.2422    13.6549 
2024     4.6151     5.5803     6.1684     7.1937     8.4092     9.7180    10.9202    11.6373    12.9233 
2025     4.4228     5.3060     5.8446     6.8720     8.1340     9.4708    10.5764    11.2939    12.5479 
2026     4.4305     5.2937     5.8264     6.8616     8.1879     9.4847    10.6525    11.3311    12.7510 
2027     4.4636     5.2877     5.8736     6.9167     8.1800     9.5010    10.7535    11.5058    12.8058 
2028     4.4387     5.2761     5.8640     6.9374     8.2004     9.4886    10.7115    11.4416    12.8440 
2029     4.4227     5.3134     5.8385     6.8905     8.1558     9.4826    10.7204    11.4300    12.7035 
2030     4.4793     5.3026     5.8456     6.8840     8.1546     9.4758    10.7183    11.4669    12.7636 
2031     4.3691     5.3015     5.8666     6.8985     8.1583     9.5024    10.7158    11.4232    12.8435 
2032     4.3589     5.2171     5.8103     6.8645     8.1521     9.4986    10.6991    11.3984    12.7214 
2033     4.3235     5.2030     5.8069     6.8830     8.1640     9.5042    10.7004    11.4058    12.7333 
2034     4.3436     5.2826     5.8212     6.9206     8.1964     9.5278    10.7293    11.4181    12.6784 

Mean Biomass  x       1000 MT

Year       Average        StdDev
2021        8.4047        1.5300
2022        8.2391        1.6494
2023        7.6916        1.7093
2024        7.2606        1.6894
2025        7.1382        1.7011
2026        7.1650        1.7131
2027        7.1885        1.7312
2028        7.1851        1.7134
2029        7.1637        1.7179
2030        7.1747        1.7223
2031        7.1789        1.7365
2032        7.1514        1.7369
2033        7.1638        1.7332
2034        7.1914        1.7233

Mean Biomass Distribution

Year       1%         5%         10%        25%        50%        75%        90%        95%        99%    
2021     5.6502     6.1804     6.5623     7.2670     8.2742     9.2685    10.5500    11.2994    12.5128 
2022     5.0581     5.7103     6.1468     7.0298     8.1526     9.3267    10.4438    11.1457    12.3801 
2023     4.3062     5.0065     5.5010     6.4402     7.6179     8.8496     9.9630    10.6198    11.8417 
2024     3.7631     4.5766     5.0915     6.0539     7.1975     8.4011     9.4897    10.1698    11.3450 
2025     3.7263     4.4902     4.9458     5.8937     7.0689     8.2970     9.4076    10.1029    11.2203 
2026     3.7318     4.4505     4.9606     5.9275     7.1028     8.3349     9.4375    10.1097    11.3022 
2027     3.7319     4.4607     4.9618     5.9260     7.1280     8.3599     9.4896    10.1657    11.4370 
2028     3.7411     4.4644     4.9860     5.9481     7.1200     8.3320     9.4582    10.1814    11.2994 
2029     3.7394     4.4758     4.9446     5.9252     7.0754     8.3415     9.4637    10.1130    11.3465 
2030     3.7381     4.4283     4.9469     5.9320     7.1130     8.3252     9.4706    10.1448    11.3717 
2031     3.6348     4.4373     4.9706     5.9205     7.0881     8.3714     9.5178    10.1700    11.4047 
2032     3.6408     4.3858     4.9277     5.8767     7.0855     8.3264     9.4753    10.1109    11.2897 
2033     3.6234     4.4001     4.9195     5.9239     7.1059     8.3352     9.4550    10.1380    11.3283 
2034     3.7014     4.4725     4.9637     5.9422     7.1483     8.3485     9.4992    10.1669    11.3226 

Combined Catch Biomass  x       1000 MT

Year       Average        StdDev
2021        2.9730        0.4790
2022        3.4231        0.5694
2023        3.3955        0.6488
2024        3.1155        0.6631
2025        2.7812        0.6192
2026        2.7875        0.6321
2027        2.7993        0.6376
2028        2.8046        0.6387
2029        2.8038        0.6366
2030        2.7983        0.6369
2031        2.7990        0.6391
2032        2.7984        0.6413
2033        2.7935        0.6426
2034        2.7973        0.6399

Combined Catch Distribution

Year       1%         5%         10%        25%        50%        75%        90%        95%        99%    
2021     1.9732     2.3480     2.4483     2.6624     2.9076     3.2316     3.5496     3.7887     4.7109 
2022     2.3732     2.5958     2.7293     3.0024     3.3831     3.7512     4.2186     4.4992     4.9261 
2023     2.1267     2.4020     2.5798     2.9236     3.3514     3.8240     4.2652     4.5388     5.0309 
2024     1.7729     2.0723     2.2663     2.6336     3.0924     3.5540     3.9999     4.2669     4.7432 
2025     1.5120     1.8030     1.9859     2.3364     2.7626     3.2005     3.6047     3.8523     4.2391 
2026     1.5133     1.7989     1.9745     2.3229     2.7629     3.2199     3.6215     3.8684     4.3014 
2027     1.5093     1.7825     1.9801     2.3346     2.7770     3.2288     3.6417     3.8990     4.3297 
2028     1.5200     1.7904     1.9763     2.3387     2.7807     3.2350     3.6624     3.9018     4.3162 
2029     1.5123     1.7927     1.9903     2.3329     2.7830     3.2347     3.6511     3.9091     4.3489 
2030     1.5166     1.7911     1.9752     2.3420     2.7649     3.2364     3.6455     3.8814     4.3388 
2031     1.5070     1.7876     1.9737     2.3355     2.7752     3.2296     3.6489     3.9123     4.3261 
2032     1.4739     1.7840     1.9882     2.3323     2.7739     3.2361     3.6601     3.8971     4.3322 
2033     1.4710     1.7715     1.9687     2.3168     2.7736     3.2358     3.6456     3.8788     4.3163 
2034     1.4737     1.7728     1.9651     2.3397     2.7763     3.2350     3.6373     3.8990     4.3160 

Landings  x       1000 MT

Year       Average        StdDev
2021        2.9730        0.4790
2022        3.4231        0.5694
2023        3.3955        0.6488
2024        3.1155        0.6631
2025        2.7812        0.6192
2026        2.7875        0.6321
2027        2.7993        0.6376
2028        2.8046        0.6387
2029        2.8038        0.6366
2030        2.7983        0.6369
2031        2.7990        0.6391
2032        2.7984        0.6413
2033        2.7935        0.6426
2034        2.7973        0.6399

Landings Distribution

Year       1%         5%         10%        25%        50%        75%        90%        95%        99%    
2021     1.9732     2.3480     2.4483     2.6624     2.9076     3.2316     3.5496     3.7887     4.7109 
2022     2.3732     2.5958     2.7293     3.0024     3.3831     3.7512     4.2186     4.4992     4.9261 
2023     2.1267     2.4020     2.5798     2.9236     3.3514     3.8240     4.2652     4.5388     5.0309 
2024     1.7729     2.0723     2.2663     2.6336     3.0924     3.5540     3.9999     4.2669     4.7432 
2025     1.5120     1.8030     1.9859     2.3364     2.7626     3.2005     3.6047     3.8523     4.2391 
2026     1.5133     1.7989     1.9745     2.3229     2.7629     3.2199     3.6215     3.8684     4.3014 
2027     1.5093     1.7825     1.9801     2.3346     2.7770     3.2288     3.6417     3.8990     4.3297 
2028     1.5200     1.7904     1.9763     2.3387     2.7807     3.2350     3.6624     3.9018     4.3162 
2029     1.5123     1.7927     1.9903     2.3329     2.7830     3.2347     3.6511     3.9091     4.3489 
2030     1.5166     1.7911     1.9752     2.3420     2.7649     3.2364     3.6455     3.8814     4.3388 
2031     1.5070     1.7876     1.9737     2.3355     2.7752     3.2296     3.6489     3.9123     4.3261 
2032     1.4739     1.7840     1.9882     2.3323     2.7739     3.2361     3.6601     3.8971     4.3322 
2033     1.4710     1.7715     1.9687     2.3168     2.7736     3.2358     3.6456     3.8788     4.3163 
2034     1.4737     1.7728     1.9651     2.3397     2.7763     3.2350     3.6373     3.8990     4.3160 

Total Fishing Mortality

Year       Average        StdDev
2021        1.0794        0.0000
2022        1.0794        0.0000
2023        1.0794        0.0000
2024        1.0794        0.0000
2025        1.0000        0.0000
2026        1.0000        0.0000
2027        1.0000        0.0000
2028        1.0000        0.0000
2029        1.0000        0.0000
2030        1.0000        0.0000
2031        1.0000        0.0000
2032        1.0000        0.0000
2033        1.0000        0.0000
2034        1.0000        0.0000

Total Fishing Mortality Distribution

Year       1%         5%         10%        25%        50%        75%        90%        95%        99%    
2021     1.0794     1.0794     1.0794     1.0794     1.0794     1.0794     1.0794     1.0794     1.0794 
2022     1.0794     1.0794     1.0794     1.0794     1.0794     1.0794     1.0794     1.0794     1.0794 
2023     1.0794     1.0794     1.0794     1.0794     1.0794     1.0794     1.0794     1.0794     1.0794 
2024     1.0794     1.0794     1.0794     1.0794     1.0794     1.0794     1.0794     1.0794     1.0794 
2025     1.0000     1.0000     1.0000     1.0000     1.0000     1.0000     1.0000     1.0000     1.0000 
2026     1.0000     1.0000     1.0000     1.0000     1.0000     1.0000     1.0000     1.0000     1.0000 
2027     1.0000     1.0000     1.0000     1.0000     1.0000     1.0000     1.0000     1.0000     1.0000 
2028     1.0000     1.0000     1.0000     1.0000     1.0000     1.0000     1.0000     1.0000     1.0000 
2029     1.0000     1.0000     1.0000     1.0000     1.0000     1.0000     1.0000     1.0000     1.0000 
2030     1.0000     1.0000     1.0000     1.0000     1.0000     1.0000     1.0000     1.0000     1.0000 
2031     1.0000     1.0000     1.0000     1.0000     1.0000     1.0000     1.0000     1.0000     1.0000 
2032     1.0000     1.0000     1.0000     1.0000     1.0000     1.0000     1.0000     1.0000     1.0000 
2033     1.0000     1.0000     1.0000     1.0000     1.0000     1.0000     1.0000     1.0000     1.0000 
2034     1.0000     1.0000     1.0000     1.0000     1.0000     1.0000     1.0000     1.0000     1.0000 

JAN-1 Stock Numbers at Age  -       1000  Fish

2021

Age        1%         5%         10%        25%        50%        75%        90%        95%        99%    
1      140.2370   175.0900   184.8320   216.7130   261.1480   317.3690   385.6290   409.5080   464.9250
2       58.9389    77.9477    80.8620    85.4451   100.4175   112.5240   125.3470   138.4980   148.4390
3       34.1986    41.3466    43.5177    47.9381    54.8765    60.4455    67.3245    74.4817    84.8335
4        4.4701     6.3288     7.3712     8.3369     9.5330    10.8358    12.5169    14.0136    20.6054
5        1.2938     1.6031     1.7337     2.2441     2.6907     3.2695     4.2092     4.8898     7.4995
6        0.2917     0.4842     0.6024     0.6936     0.9665     1.2287     1.8234     2.1765     5.0518
7        0.0278     0.0584     0.0739     0.1025     0.1591     0.2261     0.3164     0.3996     1.3049
8        0.0082     0.0292     0.0370     0.0584     0.1092     0.1670     0.2575     0.4456     2.1858
9        0.0003     0.0014     0.0021     0.0035     0.0085     0.0144     0.0223     0.0334     0.2402
10        0.0001     0.0005     0.0007     0.0015     0.0043     0.0069     0.0143     0.0242     0.2609
11        0.0000     0.0001     0.0002     0.0004     0.0014     0.0028     0.0051     0.0082     0.1988
12        0.0000     0.0000     0.0000     0.0000     0.0001     0.0003     0.0005     0.0008     0.0280
13        0.0000     0.0000     0.0000     0.0000     0.0000     0.0002     0.0003     0.0005     0.0316
14        0.0000     0.0000     0.0000     0.0000     0.0000     0.0000     0.0001     0.0001     0.0183
15+       0.0000     0.0000     0.0000     0.0000     0.0000     0.0000     0.0000     0.0000     0.0127

2022

Age        1%         5%         10%        25%        50%        75%        90%        95%        99%    
1       68.6115    69.7830    77.3545   104.4533   172.0336   244.0616   279.5495   303.5167   321.8425
2       85.3225   100.6705   107.2381   124.1689   150.5288   184.3451   222.9329   242.9258   275.2454
3       26.4570    34.4585    36.2227    39.2741    44.7361    51.1447    57.9596    62.6957    71.0716
4       11.9477    13.9027    14.9096    16.4901    18.5414    20.8109    23.6133    25.9326    31.3721
5        1.4352     1.9522     2.1879     2.5172     2.9054     3.3270     3.8877     4.3021     6.5246
6        0.3759     0.4636     0.5112     0.6450     0.7753     0.9551     1.2450     1.4532     2.3918
7        0.0987     0.1452     0.1720     0.2059     0.2742     0.3654     0.5296     0.6282     1.6495
8        0.0096     0.0178     0.0219     0.0304     0.0463     0.0677     0.0966     0.1284     0.4434
9        0.0028     0.0092     0.0114     0.0183     0.0336     0.0514     0.0808     0.1370     0.7742
10        0.0001     0.0004     0.0007     0.0011     0.0027     0.0045     0.0073     0.0111     0.0855
11        0.0000     0.0002     0.0002     0.0005     0.0014     0.0023     0.0049     0.0080     0.0979
12        0.0000     0.0000     0.0001     0.0001     0.0005     0.0009     0.0017     0.0028     0.0741
13        0.0000     0.0000     0.0000     0.0000     0.0000     0.0001     0.0002     0.0003     0.0104
14        0.0000     0.0000     0.0000     0.0000     0.0000     0.0001     0.0001     0.0002     0.0123
15+       0.0000     0.0000     0.0000     0.0000     0.0000     0.0000     0.0000     0.0001     0.0121

2023

Age        1%         5%         10%        25%        50%        75%        90%        95%        99%    
1       68.5888    69.7886    77.2947   102.1166   172.3570   245.8321   280.9990   306.4798   321.8616
2       38.0694    40.9742    44.3038    59.9904    99.2520   140.7002   162.5586   175.3458   189.9513
3       38.6568    44.9377    48.1584    55.9237    68.1653    83.5116   101.1012   110.8663   125.3484
4        9.0676    11.5453    12.2579    13.4579    15.3199    17.6250    20.0104    21.6031    24.6945
5        3.5969     4.1425     4.4819     4.9758     5.6181     6.3431     7.2076     7.9103     9.6346
6        0.4156     0.5630     0.6266     0.7263     0.8388     0.9664     1.1309     1.2622     1.8956
7        0.1090     0.1333     0.1481     0.1855     0.2231     0.2778     0.3632     0.4212     0.7228
8        0.0295     0.0431     0.0503     0.0610     0.0812     0.1096     0.1587     0.1872     0.4885
9        0.0031     0.0054     0.0067     0.0093     0.0142     0.0208     0.0297     0.0394     0.1521
10        0.0010     0.0029     0.0036     0.0058     0.0106     0.0163     0.0259     0.0431     0.2531
11        0.0000     0.0001     0.0002     0.0004     0.0009     0.0015     0.0024     0.0036     0.0282
12        0.0000     0.0001     0.0001     0.0002     0.0005     0.0007     0.0016     0.0026     0.0323
13        0.0000     0.0000     0.0000     0.0000     0.0002     0.0003     0.0006     0.0009     0.0261
14        0.0000     0.0000     0.0000     0.0000     0.0000     0.0000     0.0001     0.0001     0.0038
15+       0.0000     0.0000     0.0000     0.0000     0.0000     0.0000     0.0000     0.0001     0.0084

2024

Age        1%         5%         10%        25%        50%        75%        90%        95%        99%    
1       68.6683    69.8675    76.6916   102.7421   171.8776   243.6573   279.5329   304.8021   321.8971
2       38.0564    40.7736    44.0911    58.9308    99.1368   141.2662   163.0870   175.6970   191.0489
3       16.8876    18.4994    20.0195    27.0057    44.7215    63.1824    73.9077    79.6361    87.6160
4       13.1727    15.2388    16.4179    19.1136    23.3494    28.7073    34.7514    38.1789    43.5753
5        2.7296     3.4492     3.6762     4.0591     4.6461     5.3531     6.1085     6.5977     7.5600
6        1.0356     1.1859     1.2803     1.4350     1.6246     1.8459     2.1037     2.3004     2.7999
7        0.1202     0.1611     0.1806     0.2094     0.2432     0.2819     0.3292     0.3682     0.5494
8        0.0322     0.0390     0.0438     0.0546     0.0663     0.0833     0.1087     0.1263     0.2181
9        0.0088     0.0131     0.0152     0.0187     0.0249     0.0337     0.0488     0.0574     0.1507
10        0.0010     0.0017     0.0021     0.0029     0.0045     0.0066     0.0094     0.0125     0.0480
11        0.0003     0.0009     0.0012     0.0019     0.0034     0.0053     0.0084     0.0139     0.0814
12        0.0000     0.0000     0.0001     0.0001     0.0003     0.0005     0.0008     0.0012     0.0093
13        0.0000     0.0000     0.0000     0.0001     0.0002     0.0003     0.0005     0.0009     0.0116
14        0.0000     0.0000     0.0000     0.0000     0.0001     0.0001     0.0002     0.0003     0.0100
15+       0.0000     0.0000     0.0000     0.0000     0.0000     0.0000     0.0000     0.0001     0.0044

2025

Age        1%         5%         10%        25%        50%        75%        90%        95%        99%    
1       68.6217    69.8114    77.2485   102.8393   171.4914   243.7765   280.8133   305.2125   321.3771
2       38.1521    40.8291    44.0663    58.9502    99.0979   140.2168   162.5285   174.8371   190.1619
3       16.7626    18.3780    19.9365    26.6651    44.7904    63.4871    73.9146    79.7381    88.2244
4        5.6666     6.3262     6.8722     9.2547    15.3427    21.5728    25.3920    27.4868    30.4439
5        3.9164     4.5743     4.9514     5.7565     7.0451     8.7281    10.5871    11.6233    13.3630
6        0.7913     0.9821     1.0510     1.1726     1.3439     1.5527     1.7789     1.9214     2.2155
7        0.2923     0.3396     0.3676     0.4142     0.4706     0.5378     0.6122     0.6705     0.8150
8        0.0351     0.0474     0.0531     0.0617     0.0721     0.0841     0.0987     0.1113     0.1627
9        0.0097     0.0119     0.0134     0.0166     0.0203     0.0256     0.0334     0.0390     0.0666
10        0.0028     0.0041     0.0048     0.0059     0.0079     0.0107     0.0155     0.0182     0.0479
11        0.0003     0.0006     0.0007     0.0009     0.0014     0.0021     0.0031     0.0041     0.0157
12        0.0001     0.0003     0.0004     0.0006     0.0011     0.0018     0.0028     0.0046     0.0278
13        0.0000     0.0000     0.0000     0.0000     0.0001     0.0002     0.0003     0.0004     0.0032
14        0.0000     0.0000     0.0000     0.0000     0.0001     0.0001     0.0002     0.0003     0.0038
15+       0.0000     0.0000     0.0000     0.0000     0.0000     0.0000     0.0001     0.0001     0.0052

2026

Age        1%         5%         10%        25%        50%        75%        90%        95%        99%    
1       68.6557    69.8393    77.6171   103.6565   172.7136   242.5455   278.6264   304.8989   321.7879
2       38.1886    41.0824    44.5180    59.3118    99.4217   141.3507   164.5315   176.6998   190.5248
3       17.2784    18.8948    20.4688    27.3206    45.8907    64.8938    75.9770    82.0544    89.4772
4        5.9090     6.5650     7.1935     9.5652    16.0387    22.7797    26.7353    28.9330    32.2282
5        1.8106     2.0272     2.2165     2.9673     4.9356     6.9132     8.2075     8.8812     9.9641
6        1.1912     1.4002     1.5176     1.7753     2.1756     2.6979     3.2690     3.6159     4.1680
7        0.2438     0.2981     0.3217     0.3599     0.4144     0.4806     0.5518     0.5993     0.6938
8        0.0912     0.1061     0.1148     0.1299     0.1484     0.1704     0.1957     0.2143     0.2596
9        0.0114     0.0152     0.0171     0.0200     0.0235     0.0275     0.0323     0.0364     0.0532
10        0.0033     0.0040     0.0045     0.0055     0.0068     0.0086     0.0112     0.0132     0.0223
11        0.0010     0.0014     0.0016     0.0020     0.0027     0.0037     0.0053     0.0063     0.0161
12        0.0001     0.0002     0.0002     0.0003     0.0005     0.0007     0.0011     0.0014     0.0055
13        0.0000     0.0001     0.0001     0.0002     0.0004     0.0006     0.0010     0.0016     0.0099
14        0.0000     0.0000     0.0000     0.0000     0.0000     0.0001     0.0001     0.0001     0.0011
15+       0.0000     0.0000     0.0000     0.0000     0.0000     0.0000     0.0001     0.0002     0.0032

2027

Age        1%         5%         10%        25%        50%        75%        90%        95%        99%    
1       68.6600    69.8053    77.2539   103.0450   171.6064   244.9701   282.1392   304.7253   321.6447
2       38.1533    41.1702    44.5646    60.0607    99.9289   140.7078   163.2618   176.4151   191.0565
3       17.3383    19.0850    20.6380    27.5725    45.9717    65.2365    76.4692    82.3688    90.1285
4        6.0821     6.7912     7.3701     9.8255    16.4953    23.1873    27.4265    29.6567    33.0230
5        1.8735     2.1091     2.3145     3.0773     5.1720     7.2752     8.6352     9.3582    10.5518
6        0.5466     0.6198     0.6842     0.9165     1.5201     2.1226     2.5348     2.7489     3.1205
7        0.3638     0.4265     0.4662     0.5484     0.6702     0.8330     1.0075     1.1171     1.3005
8        0.0770     0.0926     0.1003     0.1130     0.1309     0.1522     0.1762     0.1910     0.2226
9        0.0290     0.0339     0.0370     0.0420     0.0483     0.0556     0.0639     0.0704     0.0859
10        0.0038     0.0050     0.0057     0.0066     0.0078     0.0092     0.0109     0.0123     0.0178
11        0.0011     0.0013     0.0015     0.0019     0.0023     0.0029     0.0039     0.0046     0.0075
12        0.0003     0.0005     0.0006     0.0007     0.0009     0.0013     0.0019     0.0022     0.0056
13        0.0000     0.0001     0.0001     0.0001     0.0002     0.0003     0.0004     0.0005     0.0019
14        0.0000     0.0000     0.0000     0.0001     0.0001     0.0002     0.0004     0.0006     0.0035
15+       0.0000     0.0000     0.0000     0.0000     0.0000     0.0000     0.0001     0.0001     0.0016

2028

Age        1%         5%         10%        25%        50%        75%        90%        95%        99%    
1       68.5920    69.7531    76.7798   103.2745   171.0249   242.7141   280.4670   305.0362   321.9917
2       38.3751    41.1640    44.4082    59.3112    99.8220   141.5292   165.3119   177.0307   190.9242
3       17.1321    18.9996    20.7119    27.8184    46.1868    65.1766    76.1791    82.1897    90.4987
4        6.1238     6.8343     7.4228     9.9081    16.5234    23.3947    27.7504    29.7082    33.0503
5        1.9339     2.1713     2.3712     3.1735     5.2857     7.4356     8.8594     9.5850    10.7690
6        0.5699     0.6487     0.7100     0.9478     1.5928     2.2398     2.6751     2.8996     3.2882
7        0.1661     0.1897     0.2111     0.2841     0.4669     0.6551     0.7861     0.8577     0.9802
8        0.1139     0.1331     0.1457     0.1724     0.2122     0.2632     0.3207     0.3566     0.4170
9        0.0244     0.0297     0.0322     0.0365     0.0426     0.0496     0.0575     0.0626     0.0730
10        0.0097     0.0112     0.0123     0.0140     0.0161     0.0187     0.0217     0.0237     0.0287
11        0.0013     0.0017     0.0019     0.0023     0.0027     0.0032     0.0038     0.0042     0.0061
12        0.0004     0.0005     0.0005     0.0007     0.0008     0.0010     0.0014     0.0016     0.0026
13        0.0001     0.0002     0.0002     0.0002     0.0003     0.0005     0.0007     0.0008     0.0020
14        0.0000     0.0000     0.0000     0.0000     0.0001     0.0001     0.0001     0.0002     0.0007
15+       0.0000     0.0000     0.0000     0.0000     0.0001     0.0001     0.0002     0.0003     0.0019

2029

Age        1%         5%         10%        25%        50%        75%        90%        95%        99%    
1       68.6773    69.7509    76.3421   102.0567   170.8046   241.1395   280.1237   304.4191   321.5130
2       38.2989    41.0570    44.1088    59.5161    99.3306   141.0616   164.1985   175.9992   190.7281
3       17.4412    19.0932    20.6403    27.5705    46.2412    65.2396    76.7710    82.4486    90.3986
4        6.0822     6.7989     7.4597    10.0590    16.6218    23.3570    27.5711    29.5885    33.1839
5        1.9410     2.1825     2.3922     3.1971     5.2900     7.5020     8.9602     9.6839    10.7739
6        0.5904     0.6670     0.7332     0.9778     1.6274     2.2829     2.7358     2.9755     3.3733
7        0.1719     0.1987     0.2195     0.2929     0.4889     0.6894     0.8273     0.9008     1.0288
8        0.0513     0.0596     0.0666     0.0897     0.1476     0.2062     0.2489     0.2729     0.3117
9        0.0362     0.0429     0.0470     0.0558     0.0688     0.0859     0.1047     0.1164     0.1361
10        0.0080     0.0098     0.0107     0.0122     0.0143     0.0167     0.0194     0.0213     0.0248
11        0.0033     0.0038     0.0042     0.0048     0.0055     0.0064     0.0075     0.0082     0.0099
12        0.0004     0.0006     0.0007     0.0008     0.0009     0.0011     0.0013     0.0015     0.0021
13        0.0001     0.0002     0.0002     0.0002     0.0003     0.0004     0.0005     0.0006     0.0009
14        0.0000     0.0001     0.0001     0.0001     0.0001     0.0002     0.0002     0.0003     0.0007
15+       0.0000     0.0000     0.0000     0.0000     0.0000     0.0001     0.0001     0.0002     0.0009

2030

Age        1%         5%         10%        25%        50%        75%        90%        95%        99%    
1       68.6649    69.7929    77.4710   103.8223   171.7573   243.9537   281.2452   304.9016   321.7030
2       38.0143    40.8682    44.0412    58.9899    99.2791   140.0251   163.6232   175.2750   190.3893
3       17.2931    18.9567    20.5521    27.6469    45.9535    65.3055    76.3415    82.1967    89.3068
4        6.1572     6.8363     7.4513     9.8746    16.6167    23.5167    27.7426    29.7467    32.9785
5        1.9377     2.1879     2.3996     3.2372     5.3433     7.4692     8.8892     9.6128    10.8039
6        0.5898     0.6730     0.7377     0.9812     1.6297     2.3094     2.7737     3.0020     3.3504
7        0.1783     0.2046     0.2252     0.3014     0.5020     0.7052     0.8474     0.9262     1.0589
8        0.0539     0.0624     0.0693     0.0923     0.1547     0.2159     0.2631     0.2873     0.3308
9        0.0164     0.0193     0.0215     0.0291     0.0477     0.0668     0.0814     0.0893     0.1035
10        0.0119     0.0142     0.0156     0.0186     0.0230     0.0288     0.0353     0.0392     0.0466
11        0.0027     0.0033     0.0036     0.0042     0.0049     0.0057     0.0067     0.0074     0.0086
12        0.0011     0.0013     0.0014     0.0017     0.0019     0.0023     0.0026     0.0029     0.0035
13        0.0002     0.0002     0.0002     0.0003     0.0003     0.0004     0.0005     0.0005     0.0008
14        0.0000     0.0001     0.0001     0.0001     0.0001     0.0001     0.0002     0.0002     0.0003
15+       0.0000     0.0000     0.0000     0.0000     0.0001     0.0001     0.0001     0.0002     0.0006

2031

Age        1%         5%         10%        25%        50%        75%        90%        95%        99%    
1       68.5673    69.7130    76.5877   102.3335   170.9030   245.0947   282.1936   305.4517   321.2326
2       38.2406    41.3090    44.6452    60.0485    99.6979   141.4633   164.6070   177.0217   190.2005
3       17.2083    18.8766    20.4911    27.3548    45.9292    64.8640    76.0993    81.9317    89.8098
4        6.1110     6.8248     7.4028     9.9434    16.4988    23.3424    27.6316    29.7172    32.8768
5        1.9463     2.1846     2.4014     3.1714     5.3327     7.5311     8.9531     9.6644    10.8022
6        0.5861     0.6693     0.7400     0.9974     1.6502     2.2998     2.7464     2.9850     3.3704
7        0.1790     0.2064     0.2273     0.3017     0.5023     0.7083     0.8596     0.9346     1.0501
8        0.0557     0.0644     0.0712     0.0949     0.1578     0.2220     0.2694     0.2942     0.3388
9        0.0172     0.0201     0.0225     0.0300     0.0502     0.0702     0.0856     0.0940     0.1078
10        0.0054     0.0064     0.0072     0.0098     0.0160     0.0223     0.0273     0.0300     0.0350
11        0.0040     0.0048     0.0053     0.0064     0.0079     0.0099     0.0122     0.0135     0.0161
12        0.0009     0.0011     0.0013     0.0015     0.0017     0.0020     0.0024     0.0026     0.0030
13        0.0004     0.0005     0.0005     0.0006     0.0007     0.0008     0.0009     0.0010     0.0012
14        0.0001     0.0001     0.0001     0.0001     0.0001     0.0001     0.0002     0.0002     0.0003
15+       0.0000     0.0000     0.0000     0.0000     0.0001     0.0001     0.0001     0.0001     0.0003

2032

Age        1%         5%         10%        25%        50%        75%        90%        95%        99%    
1       68.6166    69.6724    75.9372   100.3135   170.1220   241.9009   281.2717   305.1462   321.8436
2       38.1646    41.1307    44.3262    59.1325    99.1301   141.4471   164.2455   176.7829   191.3769
3       17.3675    19.1237    20.8452    27.7089    46.2266    65.1825    76.7052    81.9214    89.9663
4        6.1256     6.7654     7.3339     9.8323    16.5252    23.1910    27.5132    29.6934    32.9117
5        1.9441     2.1818     2.3870     3.2053     5.3093     7.4591     8.9398     9.6007    10.7019
6        0.5916     0.6712     0.7379     0.9784     1.6403     2.3153     2.7736     2.9990     3.3768
7        0.1779     0.2054     0.2281     0.3073     0.5070     0.7070     0.8491     0.9272     1.0531
8        0.0562     0.0649     0.0716     0.0954     0.1583     0.2228     0.2726     0.2970     0.3377
9        0.0176     0.0208     0.0230     0.0309     0.0511     0.0718     0.0877     0.0964     0.1129
10        0.0056     0.0067     0.0075     0.0101     0.0168     0.0235     0.0288     0.0317     0.0369
11        0.0018     0.0022     0.0025     0.0033     0.0054     0.0076     0.0094     0.0104     0.0123
12        0.0014     0.0017     0.0018     0.0022     0.0028     0.0035     0.0043     0.0048     0.0056
13        0.0003     0.0004     0.0004     0.0005     0.0006     0.0007     0.0008     0.0009     0.0011
14        0.0001     0.0002     0.0002     0.0002     0.0002     0.0003     0.0003     0.0004     0.0005
15+       0.0000     0.0000     0.0000     0.0001     0.0001     0.0001     0.0001     0.0001     0.0002

2033

Age        1%         5%         10%        25%        50%        75%        90%        95%        99%    
1       68.6259    69.7808    77.2357   103.1702   171.4735   245.4231   281.9089   305.4597   320.5256
2       38.1448    41.0452    43.8744    57.9327    98.6935   140.0438   163.5499   176.7132   190.8323
3       17.4115    18.9754    20.5483    27.4014    45.9085    65.3204    76.5238    82.1955    90.6980
4        6.0944     6.8524     7.4717    10.0037    16.6021    23.4192    27.7366    29.8318    33.0574
5        1.9348     2.1647     2.3627     3.1616     5.3110     7.4465     8.8902     9.6144    10.7656
6        0.5882     0.6696     0.7326     0.9871     1.6330     2.2991     2.7673     2.9858     3.3311
7        0.1785     0.2056     0.2279     0.3017     0.5059     0.7104     0.8580     0.9275     1.0635
8        0.0549     0.0644     0.0719     0.0970     0.1605     0.2225     0.2707     0.2949     0.3396
9        0.0179     0.0209     0.0233     0.0312     0.0513     0.0721     0.0888     0.0973     0.1126
10        0.0058     0.0069     0.0077     0.0103     0.0171     0.0240     0.0296     0.0326     0.0381
11        0.0019     0.0023     0.0026     0.0035     0.0057     0.0080     0.0099     0.0109     0.0128
12        0.0006     0.0008     0.0009     0.0012     0.0019     0.0027     0.0033     0.0037     0.0043
13        0.0005     0.0006     0.0006     0.0008     0.0010     0.0012     0.0015     0.0017     0.0020
14        0.0001     0.0001     0.0002     0.0002     0.0002     0.0003     0.0003     0.0003     0.0004
15+       0.0001     0.0001     0.0001     0.0001     0.0001     0.0001     0.0002     0.0002     0.0002

2034

Age        1%         5%         10%        25%        50%        75%        90%        95%        99%    
1       68.6634    69.8570    77.7249   104.2372   172.1635   244.9323   282.0967   306.1145   321.9258
2       38.2853    41.0538    44.4824    59.7153    99.5262   141.9264   164.4488   176.6294   190.2665
3       17.2756    18.9760    20.4040    26.8944    45.6728    64.7091    76.3735    82.2725    90.0158
4        6.1340     6.8006     7.3746     9.7902    16.5361    23.4281    27.8086    29.8538    33.2657
5        1.9464     2.2069     2.3995     3.2295     5.3233     7.5006     8.9712     9.6591    10.7688
6        0.5864     0.6627     0.7254     0.9750     1.6334     2.2883     2.7471     2.9726     3.3400
7        0.1771     0.2050     0.2259     0.3044     0.5038     0.7057     0.8526     0.9255     1.0468
8        0.0552     0.0646     0.0720     0.0954     0.1588     0.2238     0.2715     0.2954     0.3411
9        0.0176     0.0209     0.0232     0.0316     0.0517     0.0716     0.0881     0.0966     0.1126
10        0.0059     0.0070     0.0078     0.0105     0.0171     0.0241     0.0298     0.0330     0.0381
11        0.0020     0.0024     0.0026     0.0036     0.0058     0.0082     0.0102     0.0113     0.0133
12        0.0007     0.0008     0.0009     0.0012     0.0020     0.0028     0.0035     0.0038     0.0045
13        0.0002     0.0003     0.0003     0.0004     0.0007     0.0009     0.0012     0.0013     0.0016
14        0.0002     0.0002     0.0002     0.0003     0.0004     0.0004     0.0005     0.0006     0.0007
15+       0.0001     0.0001     0.0001     0.0001     0.0001     0.0001     0.0002     0.0002     0.0002

Probability Spawning Stock Biomass Exceeds Threshold      3.660 (1000 MT)

Year    Probability

2021    0.019000
2022    0.019400
2023    0.128300
2024    0.051400
2025    0.039100
2026    0.040200
2027    0.044900
2028    0.047000
2029    0.048500
2030    0.047800
2031    0.046800
2032    0.046800
2033    0.048100
2034    0.045000

Probability Threshold Exceeded at Least Once =     0.3103

Probability Total Fishing Mortality Exceeds Threshold     0.8413 

Year    Probability

2021    1.000000
2022    1.000000
2023    1.000000
2024    1.000000
2025    1.000000
2026    1.000000
2027    1.000000
2028    1.000000
2029    1.000000
2030    1.000000
2031    1.000000
2032    1.000000
2033    1.000000
2034    1.000000

Probability Threshold Exceeded at Least Once =     1.0000


Requested Percentile Report

Percentile =    50.00 %

                                 2021       2022       2023       2024       2025       2026       2027       2028       2029       2030       2031       2032       2033       2034 

Recruits                     172.0336   172.3570   171.8776   171.4914   172.7136   171.6064   171.0249   170.8046   171.7573   170.9030   170.1220   171.4735   172.1635   171.5637 
Spawning Stock Biomass         2.2281     2.5756     2.8783     2.5747     2.4499     2.4528     2.4671     2.4863     2.4743     2.4638     2.4640     2.4687     2.4695     2.4662 
Jan-1 Stock Biomass            9.1768     9.3957     8.9781     8.4092     8.1340     8.1879     8.1800     8.2004     8.1558     8.1546     8.1583     8.1521     8.1640     8.1964 
Mean Biomass                   8.2742     8.1526     7.6179     7.1975     7.0689     7.1028     7.1280     7.1200     7.0754     7.1130     7.0881     7.0855     7.1059     7.1483 
Combined Catch Biomass         2.9076     3.3831     3.3514     3.0924     2.7626     2.7629     2.7770     2.7807     2.7830     2.7649     2.7752     2.7739     2.7736     2.7763 
Landings                       2.9076     3.3831     3.3514     3.0924     2.7626     2.7629     2.7770     2.7807     2.7830     2.7649     2.7752     2.7739     2.7736     2.7763 
FMort                          1.0794     1.0794     1.0794     1.0794     1.0000     1.0000     1.0000     1.0000     1.0000     1.0000     1.0000     1.0000     1.0000     1.0000 

Stock Numbers at Age
Age 1                        261.1480   172.0336   172.3570   171.8776   171.4914   172.7136   171.6064   171.0249   170.8046   171.7573   170.9030   170.1220   171.4735   172.1635 
Age 2                        100.4175   150.5288    99.2520    99.1368    99.0979    99.4217    99.9289    99.8220    99.3306    99.2791    99.6979    99.1301    98.6935    99.5262 
Age 3                         54.8765    44.7361    68.1653    44.7215    44.7904    45.8907    45.9717    46.1868    46.2412    45.9535    45.9292    46.2266    45.9085    45.6728 
Age 4                          9.5330    18.5414    15.3199    23.3494    15.3427    16.0387    16.4953    16.5234    16.6218    16.6167    16.4988    16.5252    16.6021    16.5361 
Age 5                          2.6907     2.9054     5.6181     4.6461     7.0451     4.9356     5.1720     5.2857     5.2900     5.3433     5.3327     5.3093     5.3110     5.3233 
Age 6                          0.9665     0.7753     0.8388     1.6246     1.3439     2.1756     1.5201     1.5928     1.6274     1.6297     1.6502     1.6403     1.6330     1.6334 
Age 7                          0.1591     0.2742     0.2231     0.2432     0.4706     0.4144     0.6702     0.4669     0.4889     0.5020     0.5023     0.5070     0.5059     0.5038 
Age 8                          0.1092     0.0463     0.0812     0.0663     0.0721     0.1484     0.1309     0.2122     0.1476     0.1547     0.1578     0.1583     0.1605     0.1588 
Age 9                          0.0085     0.0336     0.0142     0.0249     0.0203     0.0235     0.0483     0.0426     0.0688     0.0477     0.0502     0.0511     0.0513     0.0517 
Age 10                          0.0043     0.0027     0.0106     0.0045     0.0079     0.0068     0.0078     0.0161     0.0143     0.0230     0.0160     0.0168     0.0171     0.0171 
Age 11                          0.0014     0.0014     0.0009     0.0034     0.0014     0.0027     0.0023     0.0027     0.0055     0.0049     0.0079     0.0054     0.0057     0.0058 
Age 12                          0.0001     0.0005     0.0005     0.0003     0.0011     0.0005     0.0009     0.0008     0.0009     0.0019     0.0017     0.0028     0.0019     0.0020 
Age 13                          0.0000     0.0000     0.0002     0.0002     0.0001     0.0004     0.0002     0.0003     0.0003     0.0003     0.0007     0.0006     0.0010     0.0007 
Age 14                          0.0000     0.0000     0.0000     0.0001     0.0001     0.0000     0.0001     0.0001     0.0001     0.0001     0.0001     0.0002     0.0002     0.0004 
Age 15                          0.0000     0.0000     0.0000     0.0000     0.0000     0.0000     0.0000     0.0001     0.0000     0.0001     0.0001     0.0001     0.0001     0.0001 
