AGEPRO VERSION 4.2

Constant_Q_2200_CR_age1_lowS

Date & Time of Run: 06 May 2024  15:31

Input File Name:    Constant_Q_2200_CR_age1_lowS.inp

First Age Class:                         1
Number of Age Classes:                  15
Number of Years in Projection:          14
Number of Fleets:                        9
Number of Recruitment Models:            3
Number of Bootstraps:                  100
Number of Simulations:                 100

Bootstrap File Name:            C:\Users\jon.brodziak\Desktop\2024 WCNPO MLS Rebuilding\Bootstrap-numbers-at-age\2023_WCNPOMLS.bsn

Number of Feasible Solutions:       9976  of      10000 Realizations

Input Harvest Scenario

Year  Type        Fleet-1    Fleet-2    Fleet-3    Fleet-4    Fleet-5    Fleet-6    Fleet-7    Fleet-8    Fleet-9    

2021  F-Mult       0.1651     0.0453     0.2588     0.0166     0.0610     0.0487     0.0642     0.0722     0.3475 
2022  F-Mult       0.1651     0.0453     0.2588     0.0166     0.0610     0.0487     0.0642     0.0722     0.3475 
2023  F-Mult       0.1651     0.0453     0.2588     0.0166     0.0610     0.0487     0.0642     0.0722     0.3475 
2024  F-Mult       0.1651     0.0453     0.2588     0.0166     0.0610     0.0487     0.0642     0.0722     0.3475 
2025  Landings        316        125        654         58        191         85        165        297        309 
2026  Landings        316        125        654         58        191         85        165        297        309 
2027  Landings        316        125        654         58        191         85        165        297        309 
2028  Landings        316        125        654         58        191         85        165        297        309 
2029  Landings        316        125        654         58        191         85        165        297        309 
2030  Landings        316        125        654         58        191         85        165        297        309 
2031  Landings        316        125        654         58        191         85        165        297        309 
2032  Landings        316        125        654         58        191         85        165        297        309 
2033  Landings        316        125        654         58        191         85        165        297        309 
2034  Landings        316        125        654         58        191         85        165        297        309 

Recruitment Selection Distribution

Year  Selection-1 Selection-2 Selection-3 

2021      0.1268     0.8336     0.0396 
2022      0.1150     0.8472     0.0378 
2023      0.1228     0.8395     0.0377 
2024      0.1199     0.8396     0.0405 
2025      0.1143     0.8448     0.0409 
2026      0.1219     0.8391     0.0390 
2027      0.1184     0.8453     0.0363 
2028      0.1264     0.8334     0.0402 
2029      0.1269     0.8321     0.0410 
2030      0.1177     0.8474     0.0349 
2031      0.1155     0.8463     0.0382 
2032      0.1135     0.8454     0.0411 
2033      0.1165     0.8419     0.0416 
2034      0.1218     0.8373     0.0409 

Recruits        1000  Fish

Year Class   Average        StdDev
2021        172.7065       81.9985
2022        173.1599       80.7431
2023        172.6077       79.2861
2024        171.4708       78.6445
2025        173.4543       79.8429
2026        172.7732       82.1360
2027        173.4590       80.8584
2028        173.2624       80.5151
2029        174.0966       80.9962
2030        173.6285       82.4415
2031        173.4939       81.7470
2032        174.0240       82.2305
2033        175.3822       84.5303
2034        174.2444       84.3315

Recruits Distribution

Year Class 1%         5%         10%        25%        50%        75%        90%        95%        99%    
2021    68.5984    70.7894    79.0715   104.2338   168.3417   235.4938   277.3257   305.3701   324.9273
2022    68.6421    70.8387    78.9307   104.4015   168.5449   236.4955   279.3638   306.0980   324.1864
2023    68.5997    70.6034    79.2409   105.0326   168.3717   235.1026   278.9379   304.1331   324.9705
2024    68.6243    70.4577    78.9994   103.5073   168.1221   234.9246   278.5396   306.5748   325.0732
2025    68.5902    70.2968    78.4325   104.1204   168.4059   237.6773   283.1698   307.9495   324.8477
2026    68.6725    70.1226    78.4735   103.4759   168.2487   236.1121   278.6280   306.2661   330.5107
2027    68.6320    70.5041    78.8693   104.9200   168.5493   237.0555   277.9677   305.6359   325.0518
2028    68.6068    70.4677    79.1536   104.8916   168.3756   236.5238   278.1003   305.3911   324.3309
2029    68.6367    70.5036    78.8810   105.3069   168.4916   237.1239   281.8682   307.3114   332.4382
2030    68.6291    70.3790    78.8456   105.1766   168.3280   236.9837   280.3033   306.6565   325.4499
2031    68.6456    70.9733    78.8331   104.2055   168.4007   236.8014   281.5329   306.7109   325.6658
2032    68.6541    70.5313    79.2023   104.9825   168.5038   236.3539   280.6962   307.1311   350.5039
2033    68.6292    70.9325    78.9340   105.8009   168.8182   237.6141   282.3285   308.0194   342.0857
2034    68.6596    70.4862    78.6899   104.3004   168.7238   236.2808   281.0291   306.8825   334.5275

Spawning Stock Biomass  x       1000 MT

Year       Average        StdDev
2021        2.2937        0.4555
2022        2.6199        0.4295
2023        2.9709        0.6187
2024        2.6199        0.6533
2025        2.6736        0.8899
2026        3.0191        1.3017
2027        3.3306        1.5685
2028        3.5911        1.7424
2029        3.7958        1.8724
2030        3.9542        1.9481
2031        4.0780        1.9986
2032        4.1784        2.0351
2033        4.2524        2.0804
2034        4.3092        2.1081

Spawning Stock Biomass Distribution

Year        1%         5%         10%        25%        50%        75%        90%        95%        99%   
2021     1.4586     1.7310     1.8331     1.9957     2.2265     2.5108     2.8075     3.0333     4.1260 
2022     1.7487     1.9785     2.1031     2.3184     2.5850     2.8671     3.2115     3.4058     3.7685 
2023     1.8468     2.0904     2.2337     2.5211     2.9020     3.3416     3.8045     4.1113     4.6637 
2024     1.4673     1.6959     1.8469     2.1469     2.5551     3.0189     3.4596     3.7378     4.2922 
2025     1.0667     1.3999     1.6094     2.0348     2.5853     3.2283     3.8188     4.1548     4.9730 
2026     0.6946     1.1555     1.4702     2.0785     2.9028     3.8088     4.6967     5.2605     6.4579 
2027     0.5310     1.0801     1.4495     2.1888     3.1841     4.2757     5.4171     6.1104     7.4446 
2028     0.4618     1.0892     1.4930     2.3050     3.4210     4.6679     5.9056     6.6486     8.3117 
2029     0.4597     1.1044     1.5681     2.4227     3.5991     4.9432     6.2139     7.1037     8.8318 
2030     0.4593     1.1308     1.6270     2.5398     3.7592     5.1315     6.4638     7.3120     9.4404 
2031     0.4596     1.2020     1.6947     2.6400     3.8917     5.2879     6.6267     7.4746     9.5403 
2032     0.4624     1.2178     1.7381     2.7253     4.0015     5.3907     6.7550     7.7116     9.7361 
2033     0.4828     1.2232     1.7954     2.7851     4.0452     5.4869     6.9033     7.8507     9.9845 
2034     0.4801     1.2890     1.7930     2.7988     4.1089     5.5665     6.9781     7.9155    10.0802 

JAN-1 Stock Biomass  x       1000 MT

Year       Average        StdDev
2021        9.2900        1.5941
2022        9.5247        1.8352
2023        9.0453        1.9572
2024        8.4719        1.9631
2025        8.1473        1.9398
2026        8.5911        2.2993
2027        8.9740        2.5680
2028        9.2910        2.7359
2029        9.5380        2.8587
2030        9.7377        2.9240
2031        9.8926        2.9878
2032       10.0073        3.0487
2033       10.1036        3.0854
2034       10.1944        3.1294

JAN-1 Stock Biomass Distribution

Year       1%         5%         10%        25%        50%        75%        90%        95%        99%    
2021     6.2859     6.9278     7.3510     8.1635     9.1734    10.1334    11.5339    12.2798    13.7089 
2022     6.0774     6.8252     7.3057     8.1965     9.3575    10.6974    11.8997    12.6938    14.2817 
2023     5.3938     6.1707     6.6484     7.6566     8.8999    10.2537    11.5232    12.2990    14.0475 
2024     4.7811     5.5597     6.0812     7.0951     8.3513     9.6790    10.9461    11.7611    13.6260 
2025     4.4421     5.2614     5.7853     6.7565     7.9982     9.3418    10.6874    11.5194    13.0626 
2026     4.1298     5.1372     5.7516     6.9700     8.4292    10.0141    11.6042    12.5373    14.5153 
2027     3.8567     5.1287     5.8524     7.1454     8.7600    10.6182    12.3400    13.3890    15.6812 
2028     3.9115     5.1764     5.9580     7.3557     9.1059    10.9738    12.8697    14.0223    16.6387 
2029     3.9237     5.2717     6.0549     7.5438     9.3514    11.2977    13.1741    14.3402    17.1771 
2030     3.9183     5.3269     6.1794     7.6857     9.5812    11.5463    13.4923    14.6066    17.4988 
2031     3.9150     5.3747     6.2942     7.8312     9.6796    11.7397    13.6021    14.9309    17.7804 
2032     4.0158     5.3934     6.3284     7.9084     9.8293    11.8796    13.8569    15.1249    18.2341 
2033     3.9279     5.5334     6.4088     7.9681     9.8913    11.9750    14.0161    15.2803    18.4043 
2034     3.9237     5.4813     6.4440     8.0519    10.0078    12.1056    14.1088    15.4418    18.5756 

Mean Biomass  x       1000 MT

Year       Average        StdDev
2021        8.4465        1.5289
2022        8.2773        1.7481
2023        7.7074        1.8116
2024        7.2560        1.8139
2025        7.3611        2.0600
2026        7.7837        2.3785
2027        8.1322        2.6100
2028        8.4146        2.7397
2029        8.6368        2.8480
2030        8.8228        2.9025
2031        8.9558        2.9551
2032        9.0576        3.0107
2033        9.1424        3.0435
2034        9.2344        3.0994

Mean Biomass Distribution

Year       1%         5%         10%        25%        50%        75%        90%        95%        99%    
2021     5.6871     6.2030     6.5900     7.3309     8.3235     9.3084    10.5899    11.2792    12.6437 
2022     5.0956     5.7509     6.1553     6.9837     8.1450     9.3822    10.5546    11.2384    12.7670 
2023     4.4073     5.0287     5.4814     6.4059     7.5779     8.8281    10.0207    10.7132    12.3342 
2024     3.8913     4.5765     5.0519     5.9601     7.1279     8.3760     9.5601    10.3337    11.9221 
2025     3.3945     4.2856     4.8341     5.8947     7.2289     8.6573    10.0643    10.9492    12.7309 
2026     3.1013     4.1628     4.8497     6.0888     7.6168     9.3029    10.8622    11.8962    14.0131 
2027     2.9263     4.1836     4.9734     6.2871     7.9503     9.7729    11.5205    12.5100    15.0255 
2028     3.0060     4.3271     5.1062     6.4910     8.2109    10.1167    11.9428    13.1167    15.5759 
2029     3.0230     4.3677     5.1917     6.6525     8.4590    10.3594    12.2420    13.3996    16.2540 
2030     2.9822     4.4669     5.2781     6.7913     8.6431    10.6352    12.4971    13.7455    16.4622 
2031     2.9693     4.5196     5.3695     6.9186     8.7420    10.7690    12.7292    13.9430    16.7652 
2032     3.0968     4.5072     5.4175     6.9509     8.8724    10.9161    12.8679    14.1216    17.1531 
2033     3.1091     4.6141     5.4777     7.0219     8.9256    11.0269    12.9713    14.2819    17.5445 
2034     2.9853     4.5460     5.5057     7.1055     9.0343    11.1102    13.1363    14.4349    17.7958 

Combined Catch Biomass  x       1000 MT

Year       Average        StdDev
2021        2.8921        0.4674
2022        3.3929        0.5722
2023        3.3614        0.6830
2024        3.0687        0.7054
2025        2.2000        0.0000
2026        2.2000        0.0000
2027        2.2000        0.0000
2028        2.1993        0.0381
2029        2.1989        0.0492
2030        2.1982        0.0622
2031        2.1976        0.0729
2032        2.1967        0.0851
2033        2.1954        0.1007
2034        2.1947        0.1077

Combined Catch Distribution

Year       1%         5%         10%        25%        50%        75%        90%        95%        99%    
2021     1.9008     2.2943     2.3921     2.5812     2.8317     3.1510     3.4388     3.6750     4.6400 
2022     2.3370     2.5431     2.6920     2.9652     3.3570     3.7302     4.1862     4.4649     4.8969 
2023     2.1066     2.3647     2.5338     2.8664     3.3071     3.7969     4.2406     4.5402     5.1109 
2024     1.7671     2.0323     2.2087     2.5676     3.0161     3.5106     3.9533     4.2574     4.8679 
2025     2.2000     2.2000     2.2000     2.2000     2.2000     2.2000     2.2000     2.2000     2.2000 
2026     2.2000     2.2000     2.2000     2.2000     2.2000     2.2000     2.2000     2.2000     2.2000 
2027     2.2000     2.2000     2.2000     2.2000     2.2000     2.2000     2.2000     2.2000     2.2000 
2028     2.2000     2.2000     2.2000     2.2000     2.2000     2.2000     2.2000     2.2000     2.2000 
2029     2.2000     2.2000     2.2000     2.2000     2.2000     2.2000     2.2000     2.2000     2.2000 
2030     2.2000     2.2000     2.2000     2.2000     2.2000     2.2000     2.2000     2.2000     2.2000 
2031     2.2000     2.2000     2.2000     2.2000     2.2000     2.2000     2.2000     2.2000     2.2000 
2032     2.2000     2.2000     2.2000     2.2000     2.2000     2.2000     2.2000     2.2000     2.2000 
2033     2.2000     2.2000     2.2000     2.2000     2.2000     2.2000     2.2000     2.2000     2.2000 
2034     2.2000     2.2000     2.2000     2.2000     2.2000     2.2000     2.2000     2.2000     2.2000 

Landings  x       1000 MT

Year       Average        StdDev
2021        2.8921        0.4674
2022        3.3929        0.5722
2023        3.3614        0.6830
2024        3.0687        0.7054
2025        2.2000        0.0000
2026        2.2000        0.0000
2027        2.2000        0.0000
2028        2.1993        0.0381
2029        2.1989        0.0492
2030        2.1982        0.0622
2031        2.1976        0.0729
2032        2.1967        0.0851
2033        2.1954        0.1007
2034        2.1947        0.1077

Landings Distribution

Year       1%         5%         10%        25%        50%        75%        90%        95%        99%    
2021     1.9008     2.2943     2.3921     2.5812     2.8317     3.1510     3.4388     3.6750     4.6400 
2022     2.3370     2.5431     2.6920     2.9652     3.3570     3.7302     4.1862     4.4649     4.8969 
2023     2.1066     2.3647     2.5338     2.8664     3.3071     3.7969     4.2406     4.5402     5.1109 
2024     1.7671     2.0323     2.2087     2.5676     3.0161     3.5106     3.9533     4.2574     4.8679 
2025     2.2000     2.2000     2.2000     2.2000     2.2000     2.2000     2.2000     2.2000     2.2000 
2026     2.2000     2.2000     2.2000     2.2000     2.2000     2.2000     2.2000     2.2000     2.2000 
2027     2.2000     2.2000     2.2000     2.2000     2.2000     2.2000     2.2000     2.2000     2.2000 
2028     2.2000     2.2000     2.2000     2.2000     2.2000     2.2000     2.2000     2.2000     2.2000 
2029     2.2000     2.2000     2.2000     2.2000     2.2000     2.2000     2.2000     2.2000     2.2000 
2030     2.2000     2.2000     2.2000     2.2000     2.2000     2.2000     2.2000     2.2000     2.2000 
2031     2.2000     2.2000     2.2000     2.2000     2.2000     2.2000     2.2000     2.2000     2.2000 
2032     2.2000     2.2000     2.2000     2.2000     2.2000     2.2000     2.2000     2.2000     2.2000 
2033     2.2000     2.2000     2.2000     2.2000     2.2000     2.2000     2.2000     2.2000     2.2000 
2034     2.2000     2.2000     2.2000     2.2000     2.2000     2.2000     2.2000     2.2000     2.2000 

Total Fishing Mortality

Year       Average        StdDev
2021        1.0794        0.0000
2022        1.0794        0.0000
2023        1.0794        0.0000
2024        1.0794        0.0000
2025        0.8339        0.2612
2026        0.8129        0.3832
2027        0.7901        0.4907
2028        0.7635        0.5599
2029        0.7375        0.5823
2030        0.7134        0.5830
2031        0.6937        0.5652
2032        0.6767        0.5354
2033        0.6640        0.5187
2034        0.6543        0.4918

Total Fishing Mortality Distribution

Year       1%         5%         10%        25%        50%        75%        90%        95%        99%    
2021     1.0794     1.0794     1.0794     1.0794     1.0794     1.0794     1.0794     1.0794     1.0794 
2022     1.0794     1.0794     1.0794     1.0794     1.0794     1.0794     1.0794     1.0794     1.0794 
2023     1.0794     1.0794     1.0794     1.0794     1.0794     1.0794     1.0794     1.0794     1.0794 
2024     1.0794     1.0794     1.0794     1.0794     1.0794     1.0794     1.0794     1.0794     1.0794 
2025     0.4366     0.5130     0.5589     0.6496     0.7802     0.9602     1.1843     1.3427     1.6948 
2026     0.3551     0.4242     0.4688     0.5666     0.7163     0.9433     1.2594     1.5251     2.3132 
2027     0.3081     0.3734     0.4157     0.5097     0.6615     0.9061     1.2727     1.6062     2.7219 
2028     0.2829     0.3421     0.3856     0.4723     0.6245     0.8641     1.2277     1.6047     3.0064 
2029     0.2628     0.3270     0.3663     0.4511     0.5961     0.8274     1.1873     1.5706     2.9509 
2030     0.2526     0.3178     0.3546     0.4348     0.5704     0.7970     1.1469     1.5204     2.8621 
2031     0.2491     0.3091     0.3471     0.4233     0.5559     0.7742     1.1235     1.4747     2.8346 
2032     0.2442     0.3018     0.3380     0.4156     0.5435     0.7541     1.0828     1.4566     2.8186 
2033     0.2372     0.2995     0.3331     0.4099     0.5382     0.7431     1.0690     1.4318     2.6143 
2034     0.2361     0.2950     0.3288     0.4044     0.5286     0.7339     1.0585     1.3657     2.7157 

JAN-1 Stock Numbers at Age  -       1000  Fish

2021

Age        1%         5%         10%        25%        50%        75%        90%        95%        99%    
1      140.2370   175.0900   184.8320   216.7130   261.1480   317.3690   385.6290   409.5080   464.9250
2       58.9389    77.9477    80.8620    85.4451   100.4175   112.5240   125.3470   138.4980   148.4390
3       34.1986    41.3466    43.5177    47.9381    54.8765    60.4455    67.3245    74.4817    84.8335
4        4.4701     6.3288     7.3712     8.3369     9.5330    10.8358    12.5169    14.0136    20.6054
5        1.2938     1.6031     1.7337     2.2441     2.6907     3.2695     4.2092     4.8898     7.4995
6        0.2917     0.4842     0.6024     0.6936     0.9665     1.2287     1.8234     2.1765     5.0518
7        0.0278     0.0584     0.0739     0.1025     0.1591     0.2261     0.3164     0.3996     1.3049
8        0.0082     0.0292     0.0370     0.0584     0.1092     0.1670     0.2575     0.4456     2.1858
9        0.0003     0.0014     0.0021     0.0035     0.0085     0.0144     0.0223     0.0334     0.2402
10        0.0001     0.0005     0.0007     0.0015     0.0043     0.0069     0.0143     0.0242     0.2609
11        0.0000     0.0001     0.0002     0.0004     0.0014     0.0028     0.0051     0.0082     0.1988
12        0.0000     0.0000     0.0000     0.0000     0.0001     0.0003     0.0005     0.0008     0.0280
13        0.0000     0.0000     0.0000     0.0000     0.0000     0.0002     0.0003     0.0005     0.0316
14        0.0000     0.0000     0.0000     0.0000     0.0000     0.0000     0.0001     0.0001     0.0183
15+       0.0000     0.0000     0.0000     0.0000     0.0000     0.0000     0.0000     0.0000     0.0127

2022

Age        1%         5%         10%        25%        50%        75%        90%        95%        99%    
1       68.5984    70.7894    79.0715   104.2338   168.3417   235.4938   277.3257   305.3701   324.9273
2       86.5525   102.2301   108.8794   125.8120   152.9828   187.6815   226.4400   246.4112   278.9079
3       26.6236    34.4615    36.1709    39.2164    44.7126    51.1698    58.0500    62.7725    70.8109
4       11.9462    13.8844    14.9322    16.4795    18.5776    20.8600    23.6771    25.9618    31.0206
5        1.4279     1.9483     2.1934     2.5216     2.9142     3.3244     3.8983     4.3014     6.5194
6        0.3764     0.4632     0.5108     0.6473     0.7753     0.9542     1.2392     1.4498     2.3922
7        0.0959     0.1453     0.1716     0.2052     0.2739     0.3637     0.5330     0.6289     1.6231
8        0.0093     0.0177     0.0219     0.0304     0.0465     0.0673     0.0964     0.1265     0.4640
9        0.0028     0.0092     0.0114     0.0184     0.0336     0.0515     0.0814     0.1369     0.7463
10        0.0001     0.0004     0.0007     0.0012     0.0027     0.0045     0.0074     0.0110     0.0844
11        0.0000     0.0002     0.0002     0.0005     0.0014     0.0023     0.0049     0.0080     0.0946
12        0.0000     0.0000     0.0001     0.0001     0.0005     0.0009     0.0017     0.0028     0.0751
13        0.0000     0.0000     0.0000     0.0000     0.0000     0.0001     0.0002     0.0003     0.0113
14        0.0000     0.0000     0.0000     0.0000     0.0000     0.0001     0.0001     0.0002     0.0122
15+       0.0000     0.0000     0.0000     0.0000     0.0000     0.0000     0.0000     0.0001     0.0119

2023

Age        1%         5%         10%        25%        50%        75%        90%        95%        99%    
1       68.6421    70.8387    78.9307   104.4015   168.5449   236.4955   279.3638   306.0980   324.1864
2       38.5119    42.0185    46.0566    60.5351    97.6445   138.2177   164.5258   179.5549   199.1917
3       39.0845    45.5312    49.0051    56.8900    69.2025    85.1297   102.2735   112.1071   127.3236
4        9.0638    11.5189    12.2875    13.4607    15.3120    17.6122    20.0669    21.6001    24.6791
5        3.5862     4.1561     4.4865     4.9751     5.6173     6.3502     7.2231     7.9489     9.6061
6        0.4134     0.5624     0.6272     0.7278     0.8412     0.9673     1.1279     1.2584     1.8662
7        0.1084     0.1327     0.1483     0.1855     0.2238     0.2771     0.3607     0.4203     0.7042
8        0.0288     0.0431     0.0502     0.0608     0.0813     0.1085     0.1589     0.1866     0.4890
9        0.0029     0.0055     0.0067     0.0093     0.0141     0.0207     0.0297     0.0390     0.1470
10        0.0009     0.0029     0.0036     0.0058     0.0106     0.0163     0.0260     0.0430     0.2502
11        0.0000     0.0001     0.0002     0.0004     0.0009     0.0015     0.0024     0.0036     0.0279
12        0.0000     0.0001     0.0001     0.0002     0.0005     0.0008     0.0016     0.0026     0.0322
13        0.0000     0.0000     0.0000     0.0000     0.0002     0.0003     0.0006     0.0009     0.0286
14        0.0000     0.0000     0.0000     0.0000     0.0000     0.0000     0.0001     0.0001     0.0041
15+       0.0000     0.0000     0.0000     0.0000     0.0000     0.0000     0.0000     0.0001     0.0083

2024

Age        1%         5%         10%        25%        50%        75%        90%        95%        99%    
1       68.5997    70.6034    79.2409   105.0326   168.3717   235.1026   278.9379   304.1331   324.9705
2       38.7272    42.0634    46.0391    60.7358    98.2207   138.3040   165.4542   178.5305   200.9699
3       17.0276    18.9635    20.7854    27.3120    43.8475    62.0252    74.8699    81.1944    92.4596
4       13.3271    15.5344    16.7114    19.4589    23.7840    29.2913    35.0639    38.5982    44.2270
5        2.7487     3.4446     3.6883     4.0806     4.6360     5.3660     6.1060     6.5991     7.5855
6        1.0188     1.1926     1.2844     1.4382     1.6241     1.8472     2.0985     2.3012     2.7638
7        0.1194     0.1607     0.1798     0.2092     0.2436     0.2810     0.3285     0.3688     0.5444
8        0.0320     0.0388     0.0438     0.0545     0.0664     0.0826     0.1078     0.1253     0.2162
9        0.0091     0.0132     0.0152     0.0186     0.0249     0.0335     0.0490     0.0572     0.1493
10        0.0010     0.0017     0.0021     0.0029     0.0045     0.0065     0.0094     0.0124     0.0449
11        0.0003     0.0009     0.0012     0.0019     0.0034     0.0053     0.0084     0.0137     0.0822
12        0.0000     0.0000     0.0001     0.0001     0.0003     0.0005     0.0008     0.0012     0.0092
13        0.0000     0.0000     0.0000     0.0001     0.0002     0.0003     0.0005     0.0009     0.0113
14        0.0000     0.0000     0.0000     0.0000     0.0001     0.0001     0.0002     0.0003     0.0103
15+       0.0000     0.0000     0.0000     0.0000     0.0000     0.0000     0.0000     0.0001     0.0043

2025

Age        1%         5%         10%        25%        50%        75%        90%        95%        99%    
1       68.6243    70.4577    78.9994   103.5073   168.1221   234.9246   278.5396   306.5748   325.0732
2       38.5512    41.9244    46.2532    60.8432    97.7949   137.4235   165.3269   179.1873   199.4518
3       17.1210    19.0076    20.7234    27.4808    43.9498    62.0907    75.0249    81.2849    92.3688
4        5.7636     6.5008     7.1511     9.3617    14.9384    21.1486    25.7432    27.9649    32.4109
5        4.0163     4.6453     5.0303     5.8860     7.1960     8.8665    10.7183    11.7884    13.6227
6        0.7860     0.9807     1.0559     1.1750     1.3431     1.5601     1.7737     1.9241     2.2175
7        0.2907     0.3409     0.3676     0.4132     0.4700     0.5374     0.6131     0.6738     0.8058
8        0.0353     0.0474     0.0526     0.0618     0.0721     0.0839     0.0985     0.1105     0.1611
9        0.0096     0.0118     0.0134     0.0166     0.0203     0.0255     0.0332     0.0388     0.0666
10        0.0028     0.0042     0.0048     0.0059     0.0079     0.0106     0.0155     0.0182     0.0460
11        0.0003     0.0006     0.0007     0.0009     0.0014     0.0021     0.0031     0.0041     0.0152
12        0.0001     0.0003     0.0004     0.0006     0.0011     0.0018     0.0028     0.0046     0.0272
13        0.0000     0.0000     0.0000     0.0000     0.0001     0.0002     0.0003     0.0004     0.0032
14        0.0000     0.0000     0.0000     0.0000     0.0001     0.0001     0.0002     0.0003     0.0037
15+       0.0000     0.0000     0.0000     0.0000     0.0000     0.0000     0.0001     0.0001     0.0046

2026

Age        1%         5%         10%        25%        50%        75%        90%        95%        99%    
1       68.5902    70.2968    78.4325   104.1204   168.4059   237.6773   283.1698   307.9495   324.8477
2       38.6073    42.1524    46.1452    60.8542    98.1827   139.2911   168.1554   182.9873   204.4468
3       14.9889    18.4416    20.8527    28.2273    47.6047    70.3815    87.1525    95.7502   110.4205
4        4.5252     6.1649     7.1827    10.1004    17.6517    26.8583    34.6464    38.2021    46.1696
5        1.3429     1.9811     2.3414     3.2856     5.3874     8.0651    10.6760    11.9969    14.7108
6        0.9504     1.3174     1.5568     1.9896     2.5836     3.3393     4.1630     4.7135     5.7308
7        0.2002     0.2740     0.3177     0.3963     0.4843     0.5884     0.6946     0.7655     0.9228
8        0.0746     0.1001     0.1151     0.1420     0.1723     0.2059     0.2427     0.2681     0.3240
9        0.0107     0.0148     0.0173     0.0217     0.0268     0.0325     0.0395     0.0450     0.0647
10        0.0030     0.0040     0.0047     0.0060     0.0078     0.0100     0.0132     0.0158     0.0257
11        0.0010     0.0014     0.0017     0.0022     0.0030     0.0042     0.0062     0.0075     0.0186
12        0.0001     0.0002     0.0003     0.0004     0.0006     0.0009     0.0012     0.0016     0.0063
13        0.0000     0.0001     0.0001     0.0002     0.0004     0.0007     0.0012     0.0018     0.0113
14        0.0000     0.0000     0.0000     0.0000     0.0000     0.0001     0.0001     0.0002     0.0013
15+       0.0000     0.0000     0.0000     0.0000     0.0000     0.0001     0.0001     0.0002     0.0036

2027

Age        1%         5%         10%        25%        50%        75%        90%        95%        99%    
1       68.6725    70.1226    78.4735   103.4759   168.2487   236.1121   278.6280   306.2661   330.5107
2       38.5724    42.1442    45.9851    60.9756    99.1890   141.7603   169.9042   184.7864   203.9886
3       13.1062    18.0610    20.9719    28.6983    48.1880    71.8784    90.7819    99.9518   115.7551
4        2.7564     5.2174     6.8979    10.7281    19.7107    31.8392    42.5152    47.5836    58.7188
5        0.6730     1.5234     2.1292     3.6226     6.6936    11.0902    15.6253    17.9572    23.1513
6        0.1942     0.4772     0.6863     1.1434     1.9470     3.2355     4.5843     5.4408     7.1268
7        0.1126     0.3000     0.4202     0.6692     0.9876     1.3829     1.8039     2.0981     2.7512
8        0.0252     0.0614     0.0871     0.1335     0.1887     0.2503     0.3123     0.3524     0.4352
9        0.0104     0.0238     0.0327     0.0492     0.0685     0.0895     0.1108     0.1241     0.1572
10        0.0017     0.0038     0.0052     0.0077     0.0108     0.0143     0.0181     0.0210     0.0293
11        0.0005     0.0011     0.0015     0.0022     0.0032     0.0044     0.0059     0.0072     0.0118
12        0.0002     0.0004     0.0006     0.0008     0.0012     0.0018     0.0027     0.0035     0.0083
13        0.0000     0.0001     0.0001     0.0001     0.0002     0.0004     0.0006     0.0007     0.0027
14        0.0000     0.0000     0.0001     0.0001     0.0002     0.0003     0.0005     0.0008     0.0051
15+       0.0000     0.0000     0.0000     0.0000     0.0000     0.0001     0.0001     0.0002     0.0022

2028

Age        1%         5%         10%        25%        50%        75%        90%        95%        99%    
1       68.6320    70.5041    78.8693   104.9200   168.5493   237.0555   277.9677   305.6359   325.0518
2       38.2108    42.3348    46.0409    60.8491    99.0122   140.3657   167.9923   182.8923   208.5228
3       11.9651    18.3015    21.2193    29.3442    49.6415    73.5412    92.3889   101.6721   118.6176
4        1.9817     4.8716     6.9682    11.2249    20.3961    33.5991    45.4199    51.5070    62.6949
5        0.3159     1.1846     1.9765     3.8812     7.8492    13.9551    20.3831    23.6952    30.8797
6        0.0696     0.3304     0.5948     1.2665     2.5880     4.7471     7.1506     8.6668    11.9443
7        0.0215     0.1031     0.1905     0.3964     0.7611     1.3746     2.1051     2.5826     3.6257
8        0.0120     0.0632     0.1141     0.2311     0.4009     0.6107     0.8516     1.0193     1.3665
9        0.0030     0.0136     0.0237     0.0469     0.0783     0.1140     0.1513     0.1753     0.2234
10        0.0012     0.0054     0.0092     0.0179     0.0289     0.0417     0.0542     0.0620     0.0810
11        0.0002     0.0009     0.0015     0.0029     0.0046     0.0067     0.0089     0.0105     0.0150
12        0.0001     0.0003     0.0005     0.0008     0.0014     0.0021     0.0029     0.0036     0.0058
13        0.0000     0.0001     0.0002     0.0003     0.0005     0.0009     0.0013     0.0017     0.0038
14        0.0000     0.0000     0.0000     0.0001     0.0001     0.0002     0.0003     0.0004     0.0013
15+       0.0000     0.0000     0.0000     0.0000     0.0001     0.0002     0.0003     0.0004     0.0034

2029

Age        1%         5%         10%        25%        50%        75%        90%        95%        99%    
1       68.6068    70.4677    79.1536   104.8916   168.3756   236.5238   278.1003   305.3911   324.3309
2       38.5574    42.5303    46.5239    61.5091    99.8531   141.6922   168.5183   182.1763   205.9151
3       11.1842    18.5395    21.8320    29.6736    49.8558    73.2172    92.2886   101.5435   120.2348
4        1.5577     5.0193     7.2231    11.8683    21.5924    34.7566    46.9685    53.0170    65.2346
5        0.1729     1.0883     2.0090     4.1417     8.4217    15.2286    22.1102    26.1069    33.7290
6        0.0256     0.2582     0.5510     1.3865     3.1556     6.1494     9.7108    11.7924    16.3218
7        0.0056     0.0688     0.1660     0.4501     1.0429     2.0992     3.3651     4.2521     6.1386
8        0.0018     0.0237     0.0535     0.1415     0.3165     0.6167     0.9972     1.2600     1.8559
9        0.0011     0.0140     0.0323     0.0831     0.1709     0.2842     0.4207     0.5161     0.7161
10        0.0003     0.0030     0.0069     0.0174     0.0341     0.0541     0.0759     0.0901     0.1201
11        0.0001     0.0013     0.0028     0.0068     0.0127     0.0201     0.0275     0.0324     0.0432
12        0.0000     0.0002     0.0005     0.0011     0.0021     0.0033     0.0046     0.0054     0.0079
13        0.0000     0.0001     0.0001     0.0003     0.0006     0.0010     0.0015     0.0018     0.0030
14        0.0000     0.0000     0.0001     0.0001     0.0003     0.0004     0.0007     0.0009     0.0018
15+       0.0000     0.0000     0.0000     0.0000     0.0001     0.0002     0.0003     0.0004     0.0022

2030

Age        1%         5%         10%        25%        50%        75%        90%        95%        99%    
1       68.6367    70.5036    78.8810   105.3069   168.4916   237.1239   281.8682   307.3114   332.4382
2       38.1698    42.4012    46.8431    61.8045    99.7012   141.2129   168.7822   182.9150   205.8540
3       11.1762    18.7454    22.1902    30.3397    50.8102    74.3932    92.8536   102.0858   119.5310
4        1.4063     5.1048     7.6120    12.2275    21.8798    35.1870    47.3983    53.6726    66.0734
5        0.1458     1.1541     2.1787     4.4754     9.0585    16.2043    23.2175    27.1976    35.5245
6        0.0122     0.2375     0.5762     1.5090     3.4997     6.9047    10.7312    13.2180    17.7850
7        0.0019     0.0569     0.1564     0.4970     1.2997     2.7825     4.6473     5.9091     8.5986
8        0.0005     0.0173     0.0480     0.1654     0.4410     0.9556     1.6303     2.1526     3.2963
9        0.0002     0.0056     0.0157     0.0532     0.1378     0.2852     0.4930     0.6490     0.9918
10        0.0001     0.0033     0.0096     0.0318     0.0752     0.1377     0.2133     0.2666     0.3837
11        0.0000     0.0008     0.0021     0.0066     0.0152     0.0266     0.0389     0.0471     0.0663
12        0.0000     0.0003     0.0009     0.0026     0.0057     0.0099     0.0143     0.0173     0.0236
13        0.0000     0.0001     0.0002     0.0004     0.0009     0.0016     0.0024     0.0029     0.0042
14        0.0000     0.0000     0.0000     0.0001     0.0003     0.0005     0.0008     0.0010     0.0016
15+       0.0000     0.0000     0.0000     0.0001     0.0002     0.0003     0.0005     0.0007     0.0018

2031

Age        1%         5%         10%        25%        50%        75%        90%        95%        99%    
1       68.6291    70.3790    78.8456   105.1766   168.3280   236.9837   280.3033   306.6565   325.4499
2       38.2007    42.7816    46.5217    62.0612    99.4102   141.9004   170.3833   184.6849   208.9501
3       11.0758    19.3220    22.4918    30.6733    50.9150    74.6924    93.5416   102.8386   118.9854
4        1.3979     5.2450     7.8671    12.7285    22.6357    35.8022    47.9773    54.1724    66.3214
5        0.1423     1.1849     2.2810     4.7443     9.3435    16.5280    23.7472    27.8572    36.6198
6        0.0130     0.2558     0.6392     1.6604     3.8164     7.3874    11.4362    13.9046    18.9359
7        0.0012     0.0516     0.1640     0.5596     1.4704     3.1666     5.2359     6.6416     9.5990
8        0.0003     0.0132     0.0461     0.1859     0.5561     1.3104     2.2867     3.0011     4.5785
9        0.0001     0.0040     0.0148     0.0637     0.1916     0.4506     0.8113     1.1096     1.7622
10        0.0000     0.0014     0.0047     0.0211     0.0611     0.1377     0.2497     0.3360     0.5199
11        0.0000     0.0009     0.0031     0.0125     0.0340     0.0677     0.1100     0.1418     0.2106
12        0.0000     0.0002     0.0007     0.0027     0.0069     0.0133     0.0203     0.0254     0.0364
13        0.0000     0.0001     0.0003     0.0011     0.0027     0.0050     0.0075     0.0093     0.0132
14        0.0000     0.0000     0.0000     0.0002     0.0004     0.0008     0.0012     0.0016     0.0023
15+       0.0000     0.0000     0.0000     0.0001     0.0002     0.0004     0.0007     0.0009     0.0017

2032

Age        1%         5%         10%        25%        50%        75%        90%        95%        99%    
1       68.6456    70.9733    78.8331   104.2055   168.4007   236.8014   281.5329   306.7109   325.6658
2       38.2993    42.6999    46.5993    62.1840    99.3809   141.5429   169.5120   184.0643   206.1700
3       11.0575    19.4334    22.6653    30.9899    51.1495    75.1785    94.9578   104.1439   122.7635
4        1.3772     5.7175     8.0988    13.0597    23.0507    36.3671    48.7296    54.8146    66.4074
5        0.1233     1.2682     2.4357     5.0311     9.8038    16.9629    24.1753    28.1546    36.3719
6        0.0106     0.2669     0.6722     1.7941     3.9579     7.7031    11.7448    14.2275    19.8471
7        0.0010     0.0580     0.1816     0.6299     1.6401     3.4458     5.6659     7.0981    10.1335
8        0.0001     0.0125     0.0486     0.2117     0.6381     1.4612     2.5925     3.3992     5.2189
9        0.0000     0.0033     0.0142     0.0725     0.2462     0.6178     1.1439     1.5436     2.4745
10        0.0000     0.0010     0.0047     0.0256     0.0859     0.2159     0.4132     0.5819     0.9554
11        0.0000     0.0004     0.0016     0.0086     0.0280     0.0674     0.1272     0.1759     0.2824
12        0.0000     0.0003     0.0010     0.0051     0.0157     0.0338     0.0571     0.0753     0.1172
13        0.0000     0.0001     0.0002     0.0011     0.0032     0.0067     0.0107     0.0139     0.0200
14        0.0000     0.0000     0.0001     0.0004     0.0012     0.0025     0.0040     0.0051     0.0073
15+       0.0000     0.0000     0.0000     0.0001     0.0003     0.0006     0.0010     0.0013     0.0021

2033

Age        1%         5%         10%        25%        50%        75%        90%        95%        99%    
1       68.6541    70.5313    79.2023   104.9825   168.5038   236.3539   280.6962   307.1311   350.5039
2       38.3291    42.6184    46.5950    61.8085    99.8002   142.4244   170.2309   184.6041   210.1838
3       11.6822    19.5490    22.7544    31.1794    51.0469    75.0258    94.8890   104.4770   122.8456
4        1.4673     5.8489     8.3399    13.3783    23.2685    36.5775    49.2085    55.6275    70.2775
5        0.1281     1.3809     2.6160     5.1659    10.0091    17.3270    24.4304    28.5637    36.8424
6        0.0094     0.2880     0.7410     1.9265     4.2122     7.9943    11.9680    14.5319    19.6498
7        0.0010     0.0626     0.1984     0.6842     1.7269     3.6109     5.8272     7.3472    10.5393
8        0.0002     0.0138     0.0550     0.2378     0.7144     1.6209     2.8410     3.6524     5.3948
9        0.0000     0.0032     0.0157     0.0835     0.2856     0.6999     1.3110     1.7638     2.8674
10        0.0000     0.0009     0.0047     0.0289     0.1117     0.3004     0.5873     0.8092     1.3643
11        0.0000     0.0003     0.0017     0.0104     0.0395     0.1059     0.2095     0.3009     0.5180
12        0.0000     0.0001     0.0006     0.0036     0.0129     0.0335     0.0659     0.0937     0.1562
13        0.0000     0.0001     0.0004     0.0021     0.0073     0.0170     0.0304     0.0402     0.0660
14        0.0000     0.0000     0.0001     0.0005     0.0015     0.0034     0.0057     0.0074     0.0112
15+       0.0000     0.0000     0.0000     0.0002     0.0007     0.0016     0.0027     0.0034     0.0053

2034

Age        1%         5%         10%        25%        50%        75%        90%        95%        99%    
1       68.6292    70.9325    78.9340   105.8009   168.8182   237.6141   282.3285   308.0194   342.0857
2       38.5161    42.5218    46.9283    61.9408   100.2210   141.5380   169.9144   184.9606   212.2107
3       12.0312    19.4800    22.6435    30.7768    51.9892    75.8230    95.2589   103.9164   123.3372
4        1.6807     5.9227     8.4943    13.3867    23.1273    36.8349    49.7265    55.9436    69.1722
5        0.1520     1.4149     2.6995     5.3855    10.2319    17.4764    24.9354    29.1734    38.1312
6        0.0134     0.3173     0.8044     2.0048     4.3448     8.2029    12.1921    14.7260    19.7696
7        0.0010     0.0649     0.2305     0.7437     1.8372     3.7842     5.9835     7.4250    10.6282
8        0.0002     0.0146     0.0612     0.2718     0.7612     1.7200     2.8987     3.8168     5.8097
9        0.0000     0.0034     0.0180     0.0960     0.3225     0.7749     1.4454     1.9119     2.9284
10        0.0000     0.0010     0.0053     0.0338     0.1306     0.3404     0.6658     0.9343     1.5841
11        0.0000     0.0003     0.0017     0.0120     0.0517     0.1479     0.3024     0.4220     0.7517
12        0.0000     0.0001     0.0006     0.0043     0.0186     0.0527     0.1078     0.1610     0.2807
13        0.0000     0.0000     0.0002     0.0015     0.0060     0.0168     0.0347     0.0494     0.0873
14        0.0000     0.0000     0.0001     0.0009     0.0035     0.0086     0.0160     0.0217     0.0366
15+       0.0000     0.0000     0.0001     0.0003     0.0011     0.0026     0.0045     0.0059     0.0090

Probability Spawning Stock Biomass Exceeds Threshold      3.660 (1000 MT)

Year    Probability

2021    0.018000
2022    0.017900
2023    0.134200
2024    0.060400
2025    0.130200
2026    0.285200
2027    0.380500
2028    0.446500
2029    0.487500
2030    0.521200
2031    0.547500
2032    0.568000
2033    0.576100
2034    0.592500

Probability Threshold Exceeded at Least Once =     0.8497

Probability Total Fishing Mortality Exceeds Threshold     0.8413 

Year    Probability

2021    1.000000
2022    1.000000
2023    1.000000
2024    1.000000
2025    0.399700
2026    0.338900
2027    0.295900
2028    0.267400
2029    0.241900
2030    0.221800
2031    0.202100
2032    0.191000
2033    0.183200
2034    0.180000

Probability Threshold Exceeded at Least Once =     1.0000


Requested Percentile Report

Percentile =    50.00 %

                                 2021       2022       2023       2024       2025       2026       2027       2028       2029       2030       2031       2032       2033       2034 

Recruits                     168.3417   168.5449   168.3717   168.1221   168.4059   168.2487   168.5493   168.3756   168.4916   168.3280   168.4007   168.5038   168.8182   168.7238 
Spawning Stock Biomass         2.2265     2.5850     2.9020     2.5551     2.5853     2.9028     3.1841     3.4210     3.5991     3.7592     3.8917     4.0015     4.0452     4.1089 
Jan-1 Stock Biomass            9.1734     9.3575     8.8999     8.3513     7.9982     8.4292     8.7600     9.1059     9.3514     9.5812     9.6796     9.8293     9.8913    10.0078 
Mean Biomass                   8.3235     8.1450     7.5779     7.1279     7.2289     7.6168     7.9503     8.2109     8.4590     8.6431     8.7420     8.8724     8.9256     9.0343 
Combined Catch Biomass         2.8317     3.3570     3.3071     3.0161     2.2000     2.2000     2.2000     2.2000     2.2000     2.2000     2.2000     2.2000     2.2000     2.2000 
Landings                       2.8317     3.3570     3.3071     3.0161     2.2000     2.2000     2.2000     2.2000     2.2000     2.2000     2.2000     2.2000     2.2000     2.2000 
FMort                          1.0794     1.0794     1.0794     1.0794     0.7802     0.7163     0.6615     0.6245     0.5961     0.5704     0.5559     0.5435     0.5382     0.5286 

Stock Numbers at Age
Age 1                        261.1480   168.3417   168.5449   168.3717   168.1221   168.4059   168.2487   168.5493   168.3756   168.4916   168.3280   168.4007   168.5038   168.8182 
Age 2                        100.4175   152.9828    97.6445    98.2207    97.7949    98.1827    99.1890    99.0122    99.8531    99.7012    99.4102    99.3809    99.8002   100.2210 
Age 3                         54.8765    44.7126    69.2025    43.8475    43.9498    47.6047    48.1880    49.6415    49.8558    50.8102    50.9150    51.1495    51.0469    51.9892 
Age 4                          9.5330    18.5776    15.3120    23.7840    14.9384    17.6517    19.7107    20.3961    21.5924    21.8798    22.6357    23.0507    23.2685    23.1273 
Age 5                          2.6907     2.9142     5.6173     4.6360     7.1960     5.3874     6.6936     7.8492     8.4217     9.0585     9.3435     9.8038    10.0091    10.2319 
Age 6                          0.9665     0.7753     0.8412     1.6241     1.3431     2.5836     1.9470     2.5880     3.1556     3.4997     3.8164     3.9579     4.2122     4.3448 
Age 7                          0.1591     0.2739     0.2238     0.2436     0.4700     0.4843     0.9876     0.7611     1.0429     1.2997     1.4704     1.6401     1.7269     1.8372 
Age 8                          0.1092     0.0465     0.0813     0.0664     0.0721     0.1723     0.1887     0.4009     0.3165     0.4410     0.5561     0.6381     0.7144     0.7612 
Age 9                          0.0085     0.0336     0.0141     0.0249     0.0203     0.0268     0.0685     0.0783     0.1709     0.1378     0.1916     0.2462     0.2856     0.3225 
Age 10                          0.0043     0.0027     0.0106     0.0045     0.0079     0.0078     0.0108     0.0289     0.0341     0.0752     0.0611     0.0859     0.1117     0.1306 
Age 11                          0.0014     0.0014     0.0009     0.0034     0.0014     0.0030     0.0032     0.0046     0.0127     0.0152     0.0340     0.0280     0.0395     0.0517 
Age 12                          0.0001     0.0005     0.0005     0.0003     0.0011     0.0006     0.0012     0.0014     0.0021     0.0057     0.0069     0.0157     0.0129     0.0186 
Age 13                          0.0000     0.0000     0.0002     0.0002     0.0001     0.0004     0.0002     0.0005     0.0006     0.0009     0.0027     0.0032     0.0073     0.0060 
Age 14                          0.0000     0.0000     0.0000     0.0001     0.0001     0.0000     0.0002     0.0001     0.0003     0.0003     0.0004     0.0012     0.0015     0.0035 
Age 15                          0.0000     0.0000     0.0000     0.0000     0.0000     0.0000     0.0000     0.0001     0.0001     0.0002     0.0002     0.0003     0.0007     0.0011 
