AGEPRO VERSION 4.2

Constant_Q_2185_CR_age1_lowS

Date & Time of Run: 07 May 2024  23:06

Input File Name:    Constant_Q2185_CR_age1_lowS.inp

First Age Class:                         1
Number of Age Classes:                  15
Number of Years in Projection:          14
Number of Fleets:                        9
Number of Recruitment Models:            3
Number of Bootstraps:                  100
Number of Simulations:                 100

Bootstrap File Name:            C:\Users\jon.brodziak\Desktop\2024 WCNPO MLS Rebuilding\Bootstrap-numbers-at-age\2023_WCNPOMLS.bsn

Number of Feasible Solutions:       9979  of      10000 Realizations

Input Harvest Scenario

Year  Type        Fleet-1    Fleet-2    Fleet-3    Fleet-4    Fleet-5    Fleet-6    Fleet-7    Fleet-8    Fleet-9    

2021  F-Mult       0.1651     0.0453     0.2588     0.0166     0.0610     0.0487     0.0642     0.0722     0.3475 
2022  F-Mult       0.1651     0.0453     0.2588     0.0166     0.0610     0.0487     0.0642     0.0722     0.3475 
2023  F-Mult       0.1651     0.0453     0.2588     0.0166     0.0610     0.0487     0.0642     0.0722     0.3475 
2024  F-Mult       0.1651     0.0453     0.2588     0.0166     0.0610     0.0487     0.0642     0.0722     0.3475 
2025  Landings        314        124        649         58        190         85        164        295        307 
2026  Landings        314        124        649         58        190         85        164        295        307 
2027  Landings        314        124        649         58        190         85        164        295        307 
2028  Landings        314        124        649         58        190         85        164        295        307 
2029  Landings        314        124        649         58        190         85        164        295        307 
2030  Landings        314        124        649         58        190         85        164        295        307 
2031  Landings        314        124        649         58        190         85        164        295        307 
2032  Landings        314        124        649         58        190         85        164        295        307 
2033  Landings        314        124        649         58        190         85        164        295        307 
2034  Landings        314        124        649         58        190         85        164        295        307 

Recruitment Selection Distribution

Year  Selection-1 Selection-2 Selection-3 

2021      0.1216     0.8348     0.0436 
2022      0.1180     0.8426     0.0394 
2023      0.1170     0.8397     0.0433 
2024      0.1248     0.8343     0.0409 
2025      0.1176     0.8409     0.0415 
2026      0.1221     0.8387     0.0392 
2027      0.1185     0.8393     0.0422 
2028      0.1218     0.8393     0.0389 
2029      0.1184     0.8422     0.0394 
2030      0.1142     0.8456     0.0402 
2031      0.1187     0.8443     0.0370 
2032      0.1215     0.8400     0.0385 
2033      0.1201     0.8413     0.0386 
2034      0.1203     0.8393     0.0404 

Recruits        1000  Fish

Year Class   Average        StdDev
2021        172.2645       81.0840
2022        175.1304       80.2219
2023        174.5707       82.5190
2024        172.9316       80.8284
2025        173.0550       80.3623
2026        173.2359       79.6008
2027        174.2519       82.7810
2028        173.0662       85.1602
2029        173.2997       81.9570
2030        174.0415       82.1688
2031        172.8860       83.6712
2032        172.8698       80.3885
2033        173.8233       80.4490
2034        173.4203       80.7541

Recruits Distribution

Year Class 1%         5%         10%        25%        50%        75%        90%        95%        99%    
2021    68.6043    70.0640    78.4414   104.1632   168.0819   236.1532   277.6595   307.0621   326.6068
2022    68.7141    71.8888    79.5269   106.5091   168.7988   238.0336   279.6521   306.6939   324.9181
2023    68.6320    71.6530    79.4936   105.0279   168.7322   238.2653   279.9639   306.2504   325.0798
2024    68.6478    69.8787    78.5011   104.6077   168.4431   235.7990   279.5742   306.2066   325.4101
2025    68.6935    70.6837    79.1143   104.3009   168.5196   236.0453   277.3447   305.7587   324.9008
2026    68.6361    70.9003    79.5551   105.7249   168.4319   235.7705   279.2602   306.8256   324.8817
2027    68.5962    70.4986    79.1445   104.6017   168.4778   237.2528   279.7768   308.2204   338.2591
2028    68.6342    70.5899    78.8404   104.6859   168.4887   235.9214   277.7109   305.0980   325.3259
2029    68.6046    70.7939    79.2708   104.7863   168.4984   235.4495   277.8827   306.7673   325.0676
2030    68.5706    70.8523    79.0066   104.6612   168.6467   236.7582   281.0596   306.9600   331.0329
2031    68.7131    70.9072    78.9848   104.0457   168.2661   236.1282   277.7191   304.5757   325.1991
2032    68.6839    70.4198    78.5155   104.6904   168.4054   236.0418   277.7229   305.8559   324.8812
2033    68.6076    70.8559    79.3437   104.9692   168.7589   237.2015   279.0549   305.6997   325.3001
2034    68.7056    71.1357    78.8904   104.5531   168.3446   237.4611   280.8593   307.6404   332.1429

Spawning Stock Biomass  x       1000 MT

Year       Average        StdDev
2021        2.2948        0.4594
2022        2.6202        0.4333
2023        2.9712        0.6191
2024        2.6232        0.6483
2025        2.7033        0.8965
2026        3.0805        1.3479
2027        3.4065        1.6319
2028        3.6663        1.7927
2029        3.8712        1.8890
2030        4.0339        1.9778
2031        4.1483        2.0567
2032        4.2380        2.0877
2033        4.3114        2.1387
2034        4.3570        2.1766

Spawning Stock Biomass Distribution

Year        1%         5%         10%        25%        50%        75%        90%        95%        99%   
2021     1.4702     1.7287     1.8313     1.9984     2.2245     2.5087     2.7995     3.0431     4.1541 
2022     1.7684     1.9761     2.0941     2.3169     2.5839     2.8699     3.2106     3.4384     3.7751 
2023     1.8588     2.0945     2.2370     2.5176     2.8995     3.3384     3.8209     4.1145     4.6681 
2024     1.4742     1.6945     1.8461     2.1459     2.5644     3.0284     3.4594     3.7438     4.3075 
2025     1.0797     1.4091     1.6172     2.0539     2.6199     3.2646     3.8367     4.2203     5.1017 
2026     0.7583     1.1859     1.4902     2.1090     2.9317     3.8924     4.7918     5.3779     6.6665 
2027     0.5749     1.0976     1.4827     2.2188     3.2379     4.3703     5.4919     6.2036     7.9521 
2028     0.5069     1.0836     1.5202     2.3814     3.4844     4.7571     5.9494     6.7406     8.5832 
2029     0.4835     1.1404     1.5910     2.5025     3.6803     5.0267     6.3100     7.1103     9.0671 
2030     0.4811     1.2058     1.6787     2.6113     3.8308     5.2051     6.5666     7.3898     9.5943 
2031     0.4519     1.2434     1.7577     2.7089     3.9548     5.3350     6.7365     7.6530     9.8232 
2032     0.4516     1.2749     1.7839     2.7708     4.0310     5.4448     6.8446     7.8237     9.8772 
2033     0.4905     1.2653     1.7704     2.8269     4.0975     5.5832     6.9856     7.9739    10.1055 
2034     0.4495     1.2790     1.8087     2.8180     4.1822     5.6104     7.0816     8.0033    10.2509 

JAN-1 Stock Biomass  x       1000 MT

Year       Average        StdDev
2021        9.3018        1.6028
2022        9.5306        1.8227
2023        9.0744        1.9579
2024        8.5361        2.0245
2025        8.2253        2.0088
2026        8.6766        2.3601
2027        9.0659        2.5962
2028        9.3914        2.7554
2029        9.6332        2.8693
2030        9.8221        2.9685
2031        9.9755        3.0385
2032       10.0796        3.1034
2033       10.1575        3.1383
2034       10.2233        3.1551

JAN-1 Stock Biomass Distribution

Year       1%         5%         10%        25%        50%        75%        90%        95%        99%    
2021     6.3087     6.9605     7.3639     8.1724     9.1675    10.1455    11.5917    12.3207    13.7492 
2022     6.1183     6.8454     7.3133     8.2300     9.3629    10.6629    11.9178    12.6950    14.3610 
2023     5.3723     6.1937     6.7049     7.6657     8.9344    10.2585    11.5894    12.4106    14.2230 
2024     4.7290     5.5819     6.0894     7.1279     8.3653     9.7757    11.0675    11.8543    13.8904 
2025     4.5001     5.2740     5.8246     6.8186     8.0581     9.4540    10.7346    11.5407    13.5194 
2026     4.1318     5.1339     5.7812     7.0284     8.5404    10.1210    11.6597    12.5814    15.0685 
2027     3.9396     5.1483     5.8964     7.2343     8.9167    10.6754    12.3690    13.4446    15.9762 
2028     3.9439     5.2443     6.0241     7.4522     9.2054    11.1130    12.9504    14.0019    16.6018 
2029     3.9328     5.3737     6.1519     7.6533     9.4091    11.4175    13.2505    14.5124    17.1801 
2030     3.8325     5.4535     6.2914     7.7860     9.6447    11.6020    13.5364    14.7737    17.6900 
2031     3.8449     5.4759     6.3349     7.8993     9.7383    11.8194    13.7982    15.1203    18.0072 
2032     3.9444     5.4518     6.3628     7.9487     9.8903    11.9250    13.9417    15.2366    18.3408 
2033     3.8784     5.5168     6.3858     8.0156     9.9389    12.0311    14.0560    15.3362    18.5632 
2034     3.8255     5.4980     6.4584     8.0866    10.0449    12.1222    14.1063    15.4613    18.5971 

Mean Biomass  x       1000 MT

Year       Average        StdDev
2021        8.4386        1.5301
2022        8.2675        1.7319
2023        7.7252        1.8066
2024        7.3029        1.8584
2025        7.4356        2.1320
2026        7.8619        2.4411
2027        8.2170        2.6411
2028        8.5128        2.7785
2029        8.7269        2.8888
2030        8.8927        2.9563
2031        9.0270        3.0221
2032        9.1186        3.1078
2033        9.1820        3.0991
2034        9.2435        3.1119

Mean Biomass Distribution

Year       1%         5%         10%        25%        50%        75%        90%        95%        99%    
2021     5.6702     6.1973     6.5916     7.3172     8.3224     9.3006    10.5382    11.3083    12.6865 
2022     5.1380     5.7586     6.1534     7.0117     8.1015     9.3399    10.5503    11.2637    12.8062 
2023     4.3959     5.0779     5.5191     6.4376     7.5955     8.8244    10.0571    10.7622    12.4725 
2024     3.9280     4.6050     5.0570     5.9861     7.1338     8.4281     9.6470    10.4012    12.1902 
2025     3.5453     4.3390     4.8930     5.9313     7.2635     8.7187    10.1325    11.0099    13.0927 
2026     3.1718     4.1952     4.8758     6.1394     7.6966     9.3597    10.9694    12.0150    14.3294 
2027     3.0687     4.2476     4.9681     6.3601     8.0479     9.8391    11.6224    12.6664    15.2033 
2028     3.0901     4.3390     5.1194     6.5713     8.3337    10.2377    12.0406    13.1510    16.0593 
2029     3.0408     4.4203     5.2506     6.7410     8.4921    10.4928    12.3460    13.5728    16.5543 
2030     2.9883     4.5293     5.3804     6.8555     8.7166    10.6277    12.5960    13.9162    16.7251 
2031     2.9435     4.5987     5.3993     6.9625     8.8201    10.8380    12.8751    14.1388    17.0305 
2032     3.0938     4.5869     5.4613     7.0091     8.9167    10.9442    12.9492    14.2334    17.2856 
2033     2.9820     4.6296     5.4588     7.0831     9.0036    11.0253    13.0162    14.2894    17.3106 
2034     2.9649     4.6156     5.5168     7.1375     9.0668    11.1237    13.0762    14.3355    17.5699 

Combined Catch Biomass  x       1000 MT

Year       Average        StdDev
2021        2.8918        0.4688
2022        3.3926        0.5707
2023        3.3609        0.6749
2024        3.0791        0.7072
2025        2.1850        0.0000
2026        2.1850        0.0000
2027        2.1850        0.0000
2028        2.1846        0.0309
2029        2.1843        0.0378
2030        2.1841        0.0437
2031        2.1830        0.0655
2032        2.1819        0.0817
2033        2.1811        0.0926
2034        2.1804        0.1000

Combined Catch Distribution

Year       1%         5%         10%        25%        50%        75%        90%        95%        99%    
2021     1.8973     2.2903     2.3939     2.5803     2.8297     3.1489     3.4396     3.6905     4.6186 
2022     2.3363     2.5591     2.6958     2.9674     3.3626     3.7159     4.2057     4.4681     4.9073 
2023     2.1190     2.3642     2.5370     2.8727     3.3034     3.7787     4.2412     4.5388     5.1501 
2024     1.7719     2.0361     2.2082     2.5712     3.0383     3.5155     3.9787     4.2705     4.9431 
2025     2.1850     2.1850     2.1850     2.1850     2.1850     2.1850     2.1850     2.1850     2.1850 
2026     2.1850     2.1850     2.1850     2.1850     2.1850     2.1850     2.1850     2.1850     2.1850 
2027     2.1850     2.1850     2.1850     2.1850     2.1850     2.1850     2.1850     2.1850     2.1850 
2028     2.1850     2.1850     2.1850     2.1850     2.1850     2.1850     2.1850     2.1850     2.1850 
2029     2.1850     2.1850     2.1850     2.1850     2.1850     2.1850     2.1850     2.1850     2.1850 
2030     2.1850     2.1850     2.1850     2.1850     2.1850     2.1850     2.1850     2.1850     2.1850 
2031     2.1850     2.1850     2.1850     2.1850     2.1850     2.1850     2.1850     2.1850     2.1850 
2032     2.1850     2.1850     2.1850     2.1850     2.1850     2.1850     2.1850     2.1850     2.1850 
2033     2.1850     2.1850     2.1850     2.1850     2.1850     2.1850     2.1850     2.1850     2.1850 
2034     2.1850     2.1850     2.1850     2.1850     2.1850     2.1850     2.1850     2.1850     2.1850 

Landings  x       1000 MT

Year       Average        StdDev
2021        2.8918        0.4688
2022        3.3926        0.5707
2023        3.3609        0.6749
2024        3.0791        0.7072
2025        2.1850        0.0000
2026        2.1850        0.0000
2027        2.1850        0.0000
2028        2.1846        0.0309
2029        2.1843        0.0378
2030        2.1841        0.0437
2031        2.1830        0.0655
2032        2.1819        0.0817
2033        2.1811        0.0926
2034        2.1804        0.1000

Landings Distribution

Year       1%         5%         10%        25%        50%        75%        90%        95%        99%    
2021     1.8973     2.2903     2.3939     2.5803     2.8297     3.1489     3.4396     3.6905     4.6186 
2022     2.3363     2.5591     2.6958     2.9674     3.3626     3.7159     4.2057     4.4681     4.9073 
2023     2.1190     2.3642     2.5370     2.8727     3.3034     3.7787     4.2412     4.5388     5.1501 
2024     1.7719     2.0361     2.2082     2.5712     3.0383     3.5155     3.9787     4.2705     4.9431 
2025     2.1850     2.1850     2.1850     2.1850     2.1850     2.1850     2.1850     2.1850     2.1850 
2026     2.1850     2.1850     2.1850     2.1850     2.1850     2.1850     2.1850     2.1850     2.1850 
2027     2.1850     2.1850     2.1850     2.1850     2.1850     2.1850     2.1850     2.1850     2.1850 
2028     2.1850     2.1850     2.1850     2.1850     2.1850     2.1850     2.1850     2.1850     2.1850 
2029     2.1850     2.1850     2.1850     2.1850     2.1850     2.1850     2.1850     2.1850     2.1850 
2030     2.1850     2.1850     2.1850     2.1850     2.1850     2.1850     2.1850     2.1850     2.1850 
2031     2.1850     2.1850     2.1850     2.1850     2.1850     2.1850     2.1850     2.1850     2.1850 
2032     2.1850     2.1850     2.1850     2.1850     2.1850     2.1850     2.1850     2.1850     2.1850 
2033     2.1850     2.1850     2.1850     2.1850     2.1850     2.1850     2.1850     2.1850     2.1850 
2034     2.1850     2.1850     2.1850     2.1850     2.1850     2.1850     2.1850     2.1850     2.1850 

Total Fishing Mortality

Year       Average        StdDev
2021        1.0794        0.0000
2022        1.0794        0.0000
2023        1.0794        0.0000
2024        1.0794        0.0000
2025        0.8202        0.2573
2026        0.7932        0.3665
2027        0.7700        0.4780
2028        0.7411        0.5088
2029        0.7143        0.5343
2030        0.6964        0.5730
2031        0.6785        0.5604
2032        0.6633        0.5283
2033        0.6543        0.5133
2034        0.6513        0.5312

Total Fishing Mortality Distribution

Year       1%         5%         10%        25%        50%        75%        90%        95%        99%    
2021     1.0794     1.0794     1.0794     1.0794     1.0794     1.0794     1.0794     1.0794     1.0794 
2022     1.0794     1.0794     1.0794     1.0794     1.0794     1.0794     1.0794     1.0794     1.0794 
2023     1.0794     1.0794     1.0794     1.0794     1.0794     1.0794     1.0794     1.0794     1.0794 
2024     1.0794     1.0794     1.0794     1.0794     1.0794     1.0794     1.0794     1.0794     1.0794 
2025     0.4192     0.5046     0.5521     0.6387     0.7667     0.9473     1.1671     1.3268     1.6362 
2026     0.3353     0.4161     0.4613     0.5544     0.6987     0.9197     1.2312     1.4867     2.1542 
2027     0.2906     0.3685     0.4096     0.4994     0.6442     0.8804     1.2410     1.5844     2.6777 
2028     0.2691     0.3373     0.3789     0.4623     0.6031     0.8422     1.2080     1.5619     2.7740 
2029     0.2572     0.3220     0.3583     0.4408     0.5770     0.8028     1.1603     1.5011     2.8133 
2030     0.2470     0.3094     0.3471     0.4263     0.5606     0.7707     1.1143     1.4697     2.9169 
2031     0.2370     0.3016     0.3399     0.4190     0.5439     0.7532     1.0848     1.4077     2.8033 
2032     0.2372     0.2953     0.3339     0.4088     0.5348     0.7371     1.0668     1.4060     2.6701 
2033     0.2323     0.2914     0.3288     0.4023     0.5281     0.7302     1.0590     1.3886     2.6233 
2034     0.2318     0.2906     0.3258     0.4001     0.5208     0.7255     1.0567     1.3680     2.7239 

JAN-1 Stock Numbers at Age  -       1000  Fish

2021

Age        1%         5%         10%        25%        50%        75%        90%        95%        99%    
1      140.2370   175.0900   184.8320   216.7130   261.1480   317.3690   385.6290   409.5080   464.9250
2       58.9389    77.9477    80.8620    85.4451   100.4175   112.5240   125.3470   138.4980   148.4390
3       34.1986    41.3466    43.5177    47.9381    54.8765    60.4455    67.3245    74.4817    84.8335
4        4.4701     6.3288     7.3712     8.3369     9.5330    10.8358    12.5169    14.0136    20.6054
5        1.2938     1.6031     1.7337     2.2441     2.6907     3.2695     4.2092     4.8898     7.4995
6        0.2917     0.4842     0.6024     0.6936     0.9665     1.2287     1.8234     2.1765     5.0518
7        0.0278     0.0584     0.0739     0.1025     0.1591     0.2261     0.3164     0.3996     1.3049
8        0.0082     0.0292     0.0370     0.0584     0.1092     0.1670     0.2575     0.4456     2.1858
9        0.0003     0.0014     0.0021     0.0035     0.0085     0.0144     0.0223     0.0334     0.2402
10        0.0001     0.0005     0.0007     0.0015     0.0043     0.0069     0.0143     0.0242     0.2609
11        0.0000     0.0001     0.0002     0.0004     0.0014     0.0028     0.0051     0.0082     0.1988
12        0.0000     0.0000     0.0000     0.0000     0.0001     0.0003     0.0005     0.0008     0.0280
13        0.0000     0.0000     0.0000     0.0000     0.0000     0.0002     0.0003     0.0005     0.0316
14        0.0000     0.0000     0.0000     0.0000     0.0000     0.0000     0.0001     0.0001     0.0183
15+       0.0000     0.0000     0.0000     0.0000     0.0000     0.0000     0.0000     0.0000     0.0127

2022

Age        1%         5%         10%        25%        50%        75%        90%        95%        99%    
1       68.6043    70.0640    78.4414   104.1632   168.0819   236.1532   277.6595   307.0621   326.6068
2       87.4290   102.3451   109.0142   125.9338   152.8416   187.5139   226.1683   246.8354   279.8704
3       26.8775    34.5034    36.2726    39.1792    44.6886    51.1686    57.9880    62.9325    70.6866
4       11.9117    13.8470    14.9461    16.5320    18.5340    20.8243    23.5793    26.0940    31.0177
5        1.4362     1.9516     2.1932     2.5227     2.9119     3.3253     3.8952     4.3062     6.5412
6        0.3759     0.4633     0.5093     0.6459     0.7732     0.9533     1.2394     1.4420     2.3801
7        0.0949     0.1454     0.1716     0.2056     0.2730     0.3651     0.5308     0.6353     1.6544
8        0.0095     0.0179     0.0220     0.0304     0.0464     0.0677     0.0973     0.1275     0.4241
9        0.0030     0.0092     0.0114     0.0183     0.0336     0.0513     0.0810     0.1371     0.7485
10        0.0001     0.0004     0.0007     0.0011     0.0027     0.0045     0.0073     0.0111     0.0856
11        0.0000     0.0002     0.0002     0.0005     0.0014     0.0022     0.0049     0.0079     0.0971
12        0.0000     0.0000     0.0001     0.0001     0.0005     0.0009     0.0017     0.0028     0.0723
13        0.0000     0.0000     0.0000     0.0000     0.0000     0.0001     0.0002     0.0003     0.0108
14        0.0000     0.0000     0.0000     0.0000     0.0000     0.0001     0.0001     0.0002     0.0125
15+       0.0000     0.0000     0.0000     0.0000     0.0000     0.0000     0.0000     0.0001     0.0121

2023

Age        1%         5%         10%        25%        50%        75%        90%        95%        99%    
1       68.7141    71.8888    79.5269   106.5091   168.7988   238.0336   279.6521   306.6939   324.9181
2       38.3767    41.6848    45.6866    60.7152    97.5177   138.2694   164.7965   179.2699   200.8006
3       39.5621    45.5922    49.0648    56.7592    69.1053    85.1886   102.4002   112.4030   127.7261
4        9.1682    11.5142    12.2552    13.4570    15.2863    17.5794    20.0529    21.7420    24.7684
5        3.5915     4.1616     4.4963     4.9855     5.6148     6.3560     7.2029     7.9382     9.5630
6        0.4197     0.5611     0.6292     0.7254     0.8406     0.9674     1.1287     1.2537     1.8925
7        0.1088     0.1320     0.1476     0.1857     0.2233     0.2777     0.3623     0.4199     0.7063
8        0.0292     0.0430     0.0500     0.0612     0.0808     0.1092     0.1588     0.1878     0.4825
9        0.0031     0.0054     0.0067     0.0093     0.0142     0.0208     0.0298     0.0396     0.1334
10        0.0010     0.0029     0.0036     0.0058     0.0106     0.0163     0.0260     0.0431     0.2465
11        0.0000     0.0001     0.0002     0.0004     0.0009     0.0015     0.0024     0.0036     0.0273
12        0.0000     0.0001     0.0001     0.0002     0.0005     0.0007     0.0016     0.0026     0.0325
13        0.0000     0.0000     0.0000     0.0000     0.0002     0.0003     0.0006     0.0009     0.0258
14        0.0000     0.0000     0.0000     0.0000     0.0000     0.0000     0.0001     0.0001     0.0040
15+       0.0000     0.0000     0.0000     0.0000     0.0000     0.0000     0.0000     0.0001     0.0085

2024

Age        1%         5%         10%        25%        50%        75%        90%        95%        99%    
1       68.6320    71.6530    79.4936   105.0279   168.7322   238.2653   279.9639   306.2504   325.0798
2       38.8519    42.3884    46.2999    61.9459    99.1911   139.2088   165.2557   179.1461   198.2312
3       17.0587    18.7695    20.6090    27.2999    43.6701    62.0481    74.9429    81.3387    93.7193
4       13.4728    15.5385    16.7334    19.3862    23.7112    29.2495    35.3055    38.9355    44.3593
5        2.7636     3.4479     3.6829     4.0721     4.6392     5.3606     6.1080     6.6350     7.5608
6        1.0294     1.1881     1.2842     1.4375     1.6245     1.8493     2.1041     2.2994     2.7751
7        0.1201     0.1613     0.1798     0.2086     0.2437     0.2811     0.3285     0.3664     0.5524
8        0.0319     0.0388     0.0437     0.0549     0.0662     0.0832     0.1083     0.1263     0.2123
9        0.0088     0.0131     0.0152     0.0187     0.0249     0.0336     0.0489     0.0578     0.1465
10        0.0010     0.0017     0.0021     0.0029     0.0045     0.0066     0.0094     0.0125     0.0443
11        0.0003     0.0009     0.0012     0.0019     0.0034     0.0053     0.0084     0.0140     0.0845
12        0.0000     0.0000     0.0001     0.0001     0.0003     0.0005     0.0008     0.0012     0.0093
13        0.0000     0.0000     0.0000     0.0001     0.0002     0.0003     0.0005     0.0009     0.0108
14        0.0000     0.0000     0.0000     0.0000     0.0001     0.0001     0.0002     0.0003     0.0092
15+       0.0000     0.0000     0.0000     0.0000     0.0000     0.0000     0.0000     0.0001     0.0044

2025

Age        1%         5%         10%        25%        50%        75%        90%        95%        99%    
1       68.6478    69.8787    78.5011   104.6077   168.4431   235.7990   279.5742   306.2066   325.4101
2       38.9548    42.2853    46.1279    60.9494    98.8031   139.9450   165.6919   178.8744   201.0834
3       17.2141    19.1165    20.9998    27.9108    44.6261    62.4881    75.1382    80.8320    93.0771
4        5.6873     6.4050     7.0533     9.3311    14.8791    21.1330    25.7028    28.0846    32.7463
5        4.0541     4.6709     5.0498     5.8846     7.1834     8.8808    10.7226    11.8577    13.6434
6        0.8031     0.9792     1.0536     1.1747     1.3450     1.5566     1.7733     1.9376     2.2045
7        0.2915     0.3404     0.3659     0.4147     0.4701     0.5365     0.6150     0.6755     0.8115
8        0.0356     0.0474     0.0526     0.0618     0.0723     0.0840     0.0986     0.1102     0.1638
9        0.0097     0.0118     0.0133     0.0167     0.0204     0.0256     0.0332     0.0391     0.0651
10        0.0028     0.0041     0.0048     0.0059     0.0079     0.0107     0.0155     0.0183     0.0466
11        0.0003     0.0006     0.0007     0.0009     0.0014     0.0021     0.0031     0.0041     0.0151
12        0.0001     0.0003     0.0004     0.0006     0.0011     0.0018     0.0028     0.0046     0.0283
13        0.0000     0.0000     0.0000     0.0000     0.0001     0.0002     0.0003     0.0004     0.0032
14        0.0000     0.0000     0.0000     0.0000     0.0001     0.0001     0.0002     0.0003     0.0038
15+       0.0000     0.0000     0.0000     0.0000     0.0000     0.0000     0.0001     0.0001     0.0049

2026

Age        1%         5%         10%        25%        50%        75%        90%        95%        99%    
1       68.6935    70.6837    79.1143   104.3009   168.5196   236.0453   277.3447   305.7587   324.9008
2       38.5518    42.0576    45.9943    61.2603    99.1549   139.8186   168.5728   182.0114   204.2719
3       15.4439    18.6403    21.0567    28.3570    48.3480    71.7679    88.2099    96.3243   112.4254
4        4.6605     6.1934     7.3034    10.4894    18.1576    27.3062    34.6670    38.4344    46.4488
5        1.3780     1.9606     2.3315     3.2752     5.4380     8.1237    10.6835    12.1500    15.1323
6        0.9938     1.3586     1.5865     2.0152     2.6034     3.3604     4.2056     4.7575     5.7524
7        0.2074     0.2806     0.3239     0.4000     0.4888     0.5922     0.7024     0.7733     0.9236
8        0.0771     0.1019     0.1165     0.1431     0.1737     0.2089     0.2460     0.2723     0.3306
9        0.0110     0.0149     0.0174     0.0219     0.0272     0.0333     0.0401     0.0454     0.0641
10        0.0031     0.0041     0.0047     0.0060     0.0078     0.0101     0.0135     0.0162     0.0261
11        0.0010     0.0014     0.0017     0.0023     0.0031     0.0043     0.0063     0.0076     0.0186
12        0.0001     0.0002     0.0003     0.0004     0.0006     0.0009     0.0013     0.0017     0.0061
13        0.0000     0.0001     0.0002     0.0002     0.0004     0.0007     0.0012     0.0018     0.0111
14        0.0000     0.0000     0.0000     0.0000     0.0000     0.0001     0.0001     0.0002     0.0013
15+       0.0000     0.0000     0.0000     0.0000     0.0000     0.0001     0.0001     0.0002     0.0036

2027

Age        1%         5%         10%        25%        50%        75%        90%        95%        99%    
1       68.6361    70.9003    79.5551   105.7249   168.4319   235.7705   279.2602   306.8256   324.8817
2       38.6698    42.4738    46.3674    61.4226    99.5011   140.9141   167.8562   182.8017   203.0182
3       13.7278    18.2773    21.1470    29.0327    49.1579    72.5002    91.0543    99.8479   117.5284
4        3.1235     5.3762     7.0828    10.8410    20.3204    32.7271    43.3132    48.9143    59.8411
5        0.7648     1.6079     2.2391     3.7747     6.9880    11.4731    15.8881    18.3707    23.6132
6        0.2221     0.4844     0.7082     1.1597     2.0046     3.3031     4.6439     5.5527     7.4027
7        0.1438     0.3145     0.4400     0.6881     1.0087     1.4018     1.8402     2.1535     2.7703
8        0.0312     0.0650     0.0897     0.1369     0.1930     0.2548     0.3189     0.3624     0.4443
9        0.0120     0.0246     0.0332     0.0505     0.0701     0.0918     0.1139     0.1283     0.1595
10        0.0019     0.0039     0.0052     0.0079     0.0111     0.0147     0.0186     0.0213     0.0294
11        0.0006     0.0011     0.0015     0.0023     0.0033     0.0045     0.0061     0.0075     0.0117
12        0.0002     0.0004     0.0006     0.0009     0.0013     0.0019     0.0028     0.0035     0.0084
13        0.0000     0.0001     0.0001     0.0001     0.0002     0.0004     0.0006     0.0008     0.0027
14        0.0000     0.0000     0.0001     0.0001     0.0002     0.0003     0.0005     0.0008     0.0050
15+       0.0000     0.0000     0.0000     0.0000     0.0000     0.0001     0.0001     0.0002     0.0022

2028

Age        1%         5%         10%        25%        50%        75%        90%        95%        99%    
1       68.5962    70.4986    79.1445   104.6017   168.4778   237.2528   279.7768   308.2204   338.2591
2       38.2447    42.7288    47.0665    62.1236    99.5162   139.8125   169.1109   183.7424   205.0587
3       12.4905    18.5927    21.5851    29.6103    50.2407    73.2795    92.1562   100.9987   117.3399
4        2.1294     5.0830     7.2026    11.4326    21.1616    33.9263    45.6781    51.7353    65.2256
5        0.3562     1.2584     2.0740     3.9968     8.1705    14.6315    20.9991    24.5097    32.1805
6        0.0804     0.3527     0.6354     1.3476     2.7388     4.9463     7.3895     8.8958    12.3079
7        0.0235     0.1082     0.1975     0.4125     0.7921     1.4183     2.1409     2.6353     3.7631
8        0.0153     0.0683     0.1223     0.2422     0.4159     0.6251     0.8694     1.0488     1.4315
9        0.0033     0.0143     0.0253     0.0487     0.0809     0.1175     0.1550     0.1814     0.2333
10        0.0014     0.0057     0.0098     0.0183     0.0302     0.0429     0.0559     0.0644     0.0832
11        0.0002     0.0010     0.0016     0.0030     0.0049     0.0069     0.0092     0.0108     0.0148
12        0.0001     0.0003     0.0005     0.0009     0.0014     0.0021     0.0030     0.0037     0.0057
13        0.0000     0.0001     0.0002     0.0003     0.0006     0.0009     0.0013     0.0017     0.0037
14        0.0000     0.0000     0.0000     0.0001     0.0001     0.0002     0.0003     0.0004     0.0013
15+       0.0000     0.0000     0.0000     0.0000     0.0001     0.0002     0.0003     0.0005     0.0034

2029

Age        1%         5%         10%        25%        50%        75%        90%        95%        99%    
1       68.6342    70.5899    78.8404   104.6859   168.4887   235.9214   277.7109   305.0980   325.3259
2       38.5828    42.5794    46.7622    61.9741    99.5001   141.5642   169.6329   184.4339   209.9575
3       12.3895    18.7421    22.1626    30.3087    50.5090    73.4610    93.2328   102.7637   118.6626
4        1.6878     5.1659     7.3785    12.0287    22.0369    35.0001    47.0019    53.0433    65.1316
5        0.2330     1.1888     2.1319     4.3007     8.8692    15.6297    22.3822    26.3412    35.1134
6        0.0344     0.2864     0.5750     1.4397     3.3531     6.5041    10.0637    12.1702    16.8514
7        0.0068     0.0813     0.1807     0.4852     1.1070     2.2162     3.5322     4.3953     6.5320
8        0.0022     0.0247     0.0572     0.1504     0.3331     0.6396     1.0266     1.3062     1.9465
9        0.0014     0.0157     0.0352     0.0895     0.1793     0.2941     0.4336     0.5323     0.7615
10        0.0003     0.0034     0.0075     0.0183     0.0356     0.0565     0.0786     0.0938     0.1285
11        0.0001     0.0014     0.0030     0.0070     0.0135     0.0210     0.0285     0.0337     0.0446
12        0.0000     0.0002     0.0005     0.0012     0.0022     0.0034     0.0047     0.0056     0.0079
13        0.0000     0.0001     0.0002     0.0003     0.0006     0.0011     0.0015     0.0019     0.0029
14        0.0000     0.0000     0.0001     0.0001     0.0003     0.0004     0.0007     0.0009     0.0018
15+       0.0000     0.0000     0.0000     0.0000     0.0001     0.0002     0.0003     0.0004     0.0021

2030

Age        1%         5%         10%        25%        50%        75%        90%        95%        99%    
1       68.6046    70.7939    79.2708   104.7863   168.4984   235.4495   277.8827   306.7673   325.0676
2       38.9352    42.6550    46.4998    61.7877    99.7249   140.9254   168.6129   182.1836   207.7232
3       12.5180    19.1063    22.6407    30.8104    50.9208    74.5981    93.9341   103.3763   124.1197
4        1.7040     5.3878     7.7756    12.6097    22.6038    35.3956    48.1467    54.2890    66.0849
5        0.1738     1.2564     2.2587     4.6769     9.3157    16.3806    23.4016    27.3408    35.1751
6        0.0223     0.2667     0.6112     1.5842     3.7028     7.2030    10.9491    13.3285    18.6123
7        0.0034     0.0651     0.1711     0.5307     1.4058     2.9668     4.8764     6.1684     9.0275
8        0.0008     0.0190     0.0541     0.1808     0.4744     1.0233     1.7296     2.2368     3.4971
9        0.0003     0.0062     0.0174     0.0574     0.1463     0.3024     0.5092     0.6691     1.0412
10        0.0002     0.0039     0.0110     0.0342     0.0795     0.1429     0.2214     0.2795     0.4167
11        0.0000     0.0009     0.0023     0.0071     0.0161     0.0280     0.0409     0.0494     0.0712
12        0.0000     0.0004     0.0010     0.0028     0.0062     0.0105     0.0149     0.0180     0.0247
13        0.0000     0.0001     0.0002     0.0005     0.0010     0.0017     0.0025     0.0031     0.0043
14        0.0000     0.0000     0.0001     0.0001     0.0003     0.0005     0.0008     0.0010     0.0016
15+       0.0000     0.0000     0.0000     0.0001     0.0002     0.0003     0.0005     0.0007     0.0019

2031

Age        1%         5%         10%        25%        50%        75%        90%        95%        99%    
1       68.5706    70.8523    79.0066   104.6612   168.6467   236.7582   281.0596   306.9600   331.0329
2       38.6459    42.8565    46.6424    61.9295    99.9170   141.0474   168.1056   183.9715   208.0768
3       11.5138    19.2757    22.5673    30.8715    51.2592    73.9091    93.6833   103.2346   120.3281
4        1.6233     5.6485     8.2819    13.0545    22.8260    36.2506    48.6419    55.0188    69.4939
5        0.1619     1.3477     2.3930     4.9851     9.6871    16.8413    24.1081    28.1640    36.6795
6        0.0145     0.2899     0.6729     1.7571     3.9583     7.6201    11.4667    13.8578    18.9372
7        0.0012     0.0626     0.1785     0.5941     1.5729     3.3416     5.4194     6.8110     9.8505
8        0.0003     0.0155     0.0511     0.2004     0.6132     1.4030     2.4189     3.1507     5.0015
9        0.0001     0.0048     0.0167     0.0701     0.2096     0.4872     0.8675     1.1580     1.8846
10        0.0000     0.0016     0.0056     0.0224     0.0659     0.1456     0.2589     0.3454     0.5614
11        0.0000     0.0011     0.0036     0.0138     0.0367     0.0713     0.1160     0.1483     0.2301
12        0.0000     0.0002     0.0008     0.0029     0.0074     0.0140     0.0215     0.0267     0.0398
13        0.0000     0.0001     0.0003     0.0011     0.0029     0.0053     0.0080     0.0099     0.0139
14        0.0000     0.0000     0.0001     0.0002     0.0005     0.0009     0.0013     0.0016     0.0024
15+       0.0000     0.0000     0.0000     0.0001     0.0002     0.0004     0.0007     0.0009     0.0017

2032

Age        1%         5%         10%        25%        50%        75%        90%        95%        99%    
1       68.7131    70.9072    78.9848   104.0457   168.2661   236.1282   277.7191   304.5757   325.1991
2       38.3529    42.7173    46.7873    61.6804   100.5984   141.4992   170.4909   184.6767   210.8109
3       11.7276    19.8633    22.8012    31.1275    51.6244    75.1208    93.9107   103.2417   122.0559
4        1.5267     5.8644     8.4010    13.1972    23.1828    36.1995    48.9322    55.1715    68.2557
5        0.1479     1.4176     2.6440     5.2085     9.8881    17.1835    24.4500    28.8599    37.9649
6        0.0123     0.3268     0.7473     1.9309     4.1800     7.8858    11.9973    14.4815    20.0088
7        0.0010     0.0681     0.2059     0.6629     1.7140     3.5788     5.6768     7.1141    10.0827
8        0.0002     0.0159     0.0570     0.2292     0.6912     1.5822     2.6948     3.5185     5.3881
9        0.0000     0.0044     0.0161     0.0792     0.2715     0.6681     1.2171     1.6558     2.7286
10        0.0000     0.0013     0.0057     0.0282     0.0955     0.2359     0.4384     0.6080     1.0377
11        0.0000     0.0005     0.0019     0.0093     0.0302     0.0724     0.1339     0.1843     0.3149
12        0.0000     0.0003     0.0012     0.0056     0.0171     0.0356     0.0611     0.0800     0.1270
13        0.0000     0.0001     0.0003     0.0012     0.0035     0.0071     0.0114     0.0145     0.0223
14        0.0000     0.0000     0.0001     0.0005     0.0014     0.0027     0.0042     0.0053     0.0080
15+       0.0000     0.0000     0.0000     0.0001     0.0003     0.0007     0.0011     0.0014     0.0022

2033

Age        1%         5%         10%        25%        50%        75%        90%        95%        99%    
1       68.6839    70.4198    78.5155   104.6904   168.4054   236.0418   277.7229   305.8559   324.8812
2       38.5314    42.7084    46.7170    61.5941    99.4049   141.3791   168.9999   183.9157   206.8068
3       12.2105    19.6826    22.6936    30.9021    52.1712    75.6886    95.2581   104.5604   124.6520
4        1.5421     6.1140     8.4670    13.4156    23.6096    36.7176    49.0833    55.4989    68.0057
5        0.1348     1.4885     2.7083     5.3098    10.1672    17.3481    24.7903    28.8625    37.4371
6        0.0113     0.3401     0.8016     2.0245     4.2970     8.0914    12.2472    14.9529    20.5404
7        0.0010     0.0776     0.2281     0.7308     1.8139     3.7319     5.9322     7.4890    10.8651
8        0.0002     0.0179     0.0666     0.2623     0.7654     1.7049     2.8787     3.6646     5.6284
9        0.0000     0.0042     0.0190     0.0917     0.3093     0.7587     1.3795     1.8319     2.9495
10        0.0000     0.0011     0.0057     0.0321     0.1231     0.3253     0.6241     0.8753     1.4473
11        0.0000     0.0004     0.0020     0.0117     0.0444     0.1162     0.2266     0.3238     0.5688
12        0.0000     0.0001     0.0007     0.0039     0.0139     0.0361     0.0697     0.0997     0.1723
13        0.0000     0.0001     0.0004     0.0024     0.0080     0.0180     0.0327     0.0433     0.0708
14        0.0000     0.0000     0.0001     0.0005     0.0017     0.0036     0.0061     0.0080     0.0123
15+       0.0000     0.0000     0.0001     0.0003     0.0008     0.0017     0.0028     0.0037     0.0056

2034

Age        1%         5%         10%        25%        50%        75%        90%        95%        99%    
1       68.6076    70.8559    79.3437   104.9692   168.7589   237.2015   279.0549   305.6997   325.3001
2       38.2791    42.6259    46.4774    61.8059   100.0726   141.4267   168.5740   182.8906   205.5835
3       12.6534    19.7511    22.9068    31.0416    51.6764    75.6216    94.6942   104.0609   122.1322
4        1.6629     6.0087     8.3830    13.3517    24.0376    37.2298    50.0549    56.3898    69.5606
5        0.1716     1.5808     2.7315     5.4915    10.3805    17.7197    24.9920    29.1108    37.5989
6        0.0128     0.3574     0.8180     2.0746     4.4377     8.2432    12.3312    14.9951    20.4809
7        0.0015     0.0810     0.2440     0.7963     1.8836     3.8308     6.1696     7.7679    11.3074
8        0.0002     0.0192     0.0719     0.2886     0.8143     1.7914     3.0111     3.9018     5.9956
9        0.0000     0.0044     0.0213     0.1058     0.3469     0.8269     1.4770     1.9351     3.0843
10        0.0000     0.0013     0.0063     0.0374     0.1427     0.3706     0.7111     0.9770     1.6569
11        0.0000     0.0004     0.0020     0.0134     0.0570     0.1587     0.3244     0.4649     0.8091
12        0.0000     0.0001     0.0008     0.0049     0.0210     0.0578     0.1183     0.1741     0.3140
13        0.0000     0.0000     0.0003     0.0016     0.0066     0.0182     0.0364     0.0538     0.0964
14        0.0000     0.0000     0.0002     0.0010     0.0038     0.0092     0.0172     0.0237     0.0394
15+       0.0000     0.0000     0.0001     0.0003     0.0012     0.0027     0.0048     0.0064     0.0101

Probability Spawning Stock Biomass Exceeds Threshold      3.660 (1000 MT)

Year    Probability

2021    0.017900
2022    0.018100
2023    0.136800
2024    0.062400
2025    0.137200
2026    0.302300
2027    0.399700
2028    0.463100
2029    0.504300
2030    0.537000
2031    0.558900
2032    0.577400
2033    0.585600
2034    0.598200

Probability Threshold Exceeded at Least Once =     0.8557

Probability Total Fishing Mortality Exceeds Threshold     0.8413 

Year    Probability

2021    1.000000
2022    1.000000
2023    1.000000
2024    1.000000
2025    0.378000
2026    0.324100
2027    0.281600
2028    0.250400
2029    0.224600
2030    0.202200
2031    0.191100
2032    0.181600
2033    0.178500
2034    0.174200

Probability Threshold Exceeded at Least Once =     1.0000


Requested Percentile Report

Percentile =    50.00 %

                                 2021       2022       2023       2024       2025       2026       2027       2028       2029       2030       2031       2032       2033       2034 

Recruits                     168.0819   168.7988   168.7322   168.4431   168.5196   168.4319   168.4778   168.4887   168.4984   168.6467   168.2661   168.4054   168.7589   168.3446 
Spawning Stock Biomass         2.2245     2.5839     2.8995     2.5644     2.6199     2.9317     3.2379     3.4844     3.6803     3.8308     3.9548     4.0310     4.0975     4.1822 
Jan-1 Stock Biomass            9.1675     9.3629     8.9344     8.3653     8.0581     8.5404     8.9167     9.2054     9.4091     9.6447     9.7383     9.8903     9.9389    10.0449 
Mean Biomass                   8.3224     8.1015     7.5955     7.1338     7.2635     7.6966     8.0479     8.3337     8.4921     8.7166     8.8201     8.9167     9.0036     9.0668 
Combined Catch Biomass         2.8297     3.3626     3.3034     3.0383     2.1850     2.1850     2.1850     2.1850     2.1850     2.1850     2.1850     2.1850     2.1850     2.1850 
Landings                       2.8297     3.3626     3.3034     3.0383     2.1850     2.1850     2.1850     2.1850     2.1850     2.1850     2.1850     2.1850     2.1850     2.1850 
FMort                          1.0794     1.0794     1.0794     1.0794     0.7667     0.6987     0.6442     0.6031     0.5770     0.5606     0.5439     0.5348     0.5281     0.5208 

Stock Numbers at Age
Age 1                        261.1480   168.0819   168.7988   168.7322   168.4431   168.5196   168.4319   168.4778   168.4887   168.4984   168.6467   168.2661   168.4054   168.7589 
Age 2                        100.4175   152.8416    97.5177    99.1911    98.8031    99.1549    99.5011    99.5162    99.5001    99.7249    99.9170   100.5984    99.4049   100.0726 
Age 3                         54.8765    44.6886    69.1053    43.6701    44.6261    48.3480    49.1579    50.2407    50.5090    50.9208    51.2592    51.6244    52.1712    51.6764 
Age 4                          9.5330    18.5340    15.2863    23.7112    14.8791    18.1576    20.3204    21.1616    22.0369    22.6038    22.8260    23.1828    23.6096    24.0376 
Age 5                          2.6907     2.9119     5.6148     4.6392     7.1834     5.4380     6.9880     8.1705     8.8692     9.3157     9.6871     9.8881    10.1672    10.3805 
Age 6                          0.9665     0.7732     0.8406     1.6245     1.3450     2.6034     2.0046     2.7388     3.3531     3.7028     3.9583     4.1800     4.2970     4.4377 
Age 7                          0.1591     0.2730     0.2233     0.2437     0.4701     0.4888     1.0087     0.7921     1.1070     1.4058     1.5729     1.7140     1.8139     1.8836 
Age 8                          0.1092     0.0464     0.0808     0.0662     0.0723     0.1737     0.1930     0.4159     0.3331     0.4744     0.6132     0.6912     0.7654     0.8143 
Age 9                          0.0085     0.0336     0.0142     0.0249     0.0204     0.0272     0.0701     0.0809     0.1793     0.1463     0.2096     0.2715     0.3093     0.3469 
Age 10                          0.0043     0.0027     0.0106     0.0045     0.0079     0.0078     0.0111     0.0302     0.0356     0.0795     0.0659     0.0955     0.1231     0.1427 
Age 11                          0.0014     0.0014     0.0009     0.0034     0.0014     0.0031     0.0033     0.0049     0.0135     0.0161     0.0367     0.0302     0.0444     0.0570 
Age 12                          0.0001     0.0005     0.0005     0.0003     0.0011     0.0006     0.0013     0.0014     0.0022     0.0062     0.0074     0.0171     0.0139     0.0210 
Age 13                          0.0000     0.0000     0.0002     0.0002     0.0001     0.0004     0.0002     0.0006     0.0006     0.0010     0.0029     0.0035     0.0080     0.0066 
Age 14                          0.0000     0.0000     0.0000     0.0001     0.0001     0.0000     0.0002     0.0001     0.0003     0.0003     0.0005     0.0014     0.0017     0.0038 
Age 15                          0.0000     0.0000     0.0000     0.0000     0.0000     0.0000     0.0000     0.0001     0.0001     0.0002     0.0002     0.0003     0.0008     0.0012 
