AGEPRO VERSION 4.2

Constant_Q_2200_CR_age1_highS

Date & Time of Run: 06 May 2024  15:57

Input File Name:    Constant_Q_2200_CR_age1_highS.inp

First Age Class:                         1
Number of Age Classes:                  15
Number of Years in Projection:          14
Number of Fleets:                        9
Number of Recruitment Models:            3
Number of Bootstraps:                  100
Number of Simulations:                 100

Bootstrap File Name:            C:\Users\jon.brodziak\Desktop\2024 WCNPO MLS Rebuilding\Bootstrap-numbers-at-age\2023_WCNPOMLS.bsn

Number of Feasible Solutions:       9972  of      10000 Realizations

Input Harvest Scenario

Year  Type        Fleet-1    Fleet-2    Fleet-3    Fleet-4    Fleet-5    Fleet-6    Fleet-7    Fleet-8    Fleet-9    

2021  F-Mult       0.1651     0.0453     0.2588     0.0166     0.0610     0.0487     0.0642     0.0722     0.3475 
2022  F-Mult       0.1651     0.0453     0.2588     0.0166     0.0610     0.0487     0.0642     0.0722     0.3475 
2023  F-Mult       0.1651     0.0453     0.2588     0.0166     0.0610     0.0487     0.0642     0.0722     0.3475 
2024  F-Mult       0.1651     0.0453     0.2588     0.0166     0.0610     0.0487     0.0642     0.0722     0.3475 
2025  Landings        316        125        654         58        191         85        165        297        309 
2026  Landings        316        125        654         58        191         85        165        297        309 
2027  Landings        316        125        654         58        191         85        165        297        309 
2028  Landings        316        125        654         58        191         85        165        297        309 
2029  Landings        316        125        654         58        191         85        165        297        309 
2030  Landings        316        125        654         58        191         85        165        297        309 
2031  Landings        316        125        654         58        191         85        165        297        309 
2032  Landings        316        125        654         58        191         85        165        297        309 
2033  Landings        316        125        654         58        191         85        165        297        309 
2034  Landings        316        125        654         58        191         85        165        297        309 

Recruitment Selection Distribution

Year  Selection-1 Selection-2 Selection-3 

2021      0.1254     0.8350     0.0396 
2022      0.1204     0.8411     0.0385 
2023      0.1232     0.8380     0.0388 
2024      0.1175     0.8446     0.0379 
2025      0.1168     0.8428     0.0404 
2026      0.1164     0.8460     0.0376 
2027      0.1213     0.8372     0.0415 
2028      0.1231     0.8367     0.0402 
2029      0.1185     0.8396     0.0419 
2030      0.1229     0.8367     0.0404 
2031      0.1218     0.8398     0.0384 
2032      0.1237     0.8348     0.0415 
2033      0.1221     0.8366     0.0413 
2034      0.1217     0.8374     0.0409 

Recruits        1000  Fish

Year Class   Average        StdDev
2021        173.0651       78.8867
2022        173.2841       77.9887
2023        173.7220       81.3616
2024        173.3647       84.4818
2025        173.1547       81.7479
2026        173.4547       79.6283
2027        174.1753       82.1924
2028        172.5163       81.1040
2029        174.2364       82.9204
2030        173.8069       85.2098
2031        174.0030       81.0002
2032        173.0997       82.2686
2033        173.2322       83.3017
2034        174.7405       81.8751

Recruits Distribution

Year Class 1%         5%         10%        25%        50%        75%        90%        95%        99%    
2021    68.6861    71.3393    79.5151   105.9430   168.4411   235.9384   277.6720   305.7281   325.1186
2022    68.6646    70.8798    79.2328   104.9013   168.5227   237.0545   279.3348   306.3741   324.6762
2023    68.5939    70.3457    79.1088   104.8216   168.5303   237.1793   280.9882   306.1814   325.0436
2024    68.6232    70.1406    78.8409   104.4484   168.4413   235.9263   278.5467   306.7533   325.5894
2025    68.6414    70.9408    79.0963   104.4484   168.4687   236.1212   279.0547   307.3236   331.7012
2026    68.6433    70.7624    79.0864   104.6204   168.6073   236.6650   278.3965   304.9325   325.2227
2027    68.6672    70.9676    79.4101   104.5501   168.6451   237.0917   278.1519   306.1982   325.6926
2028    68.6516    70.6783    78.9901   103.3654   168.1760   235.6767   278.5957   306.0591   349.0572
2029    68.6611    70.4005    79.2380   104.6952   168.4636   237.5521   282.0679   308.1658   337.3178
2030    68.6469    70.3306    79.1062   104.4434   168.4079   237.1143   278.2215   306.7141   338.2170
2031    68.6976    70.6899    79.4149   105.2067   168.5649   236.9006   278.0982   306.8100   325.6949
2032    68.6562    70.9437    78.5924   104.3453   168.3904   235.4253   279.1481   306.2999   325.4371
2033    68.6236    71.3551    78.9256   104.2654   168.3406   236.1448   277.6246   305.4974   351.1385
2034    68.6459    70.9078    79.0864   105.4699   168.6981   237.0722   281.9893   307.1236   337.8713

Spawning Stock Biomass  x       1000 MT

Year       Average        StdDev
2021        2.2959        0.4576
2022        2.6336        0.4327
2023        3.0147        0.6228
2024        2.6648        0.6395
2025        2.7254        0.8780
2026        3.0846        1.3282
2027        3.4018        1.6426
2028        3.6520        1.8273
2029        3.8501        1.9171
2030        4.0002        1.9952
2031        4.1100        2.0515
2032        4.2017        2.0839
2033        4.2716        2.1227
2034        4.3238        2.1480

Spawning Stock Biomass Distribution

Year        1%         5%         10%        25%        50%        75%        90%        95%        99%   
2021     1.4640     1.7232     1.8294     2.0007     2.2280     2.5152     2.8036     3.0281     4.1401 
2022     1.7646     1.9715     2.1030     2.3330     2.6015     2.8845     3.2150     3.4247     3.7978 
2023     1.8747     2.1222     2.2665     2.5630     2.9444     3.3937     3.8522     4.1623     4.7463 
2024     1.5048     1.7427     1.8887     2.2009     2.5963     3.0745     3.5085     3.7732     4.3198 
2025     1.1053     1.4250     1.6605     2.0881     2.6456     3.2906     3.8831     4.2421     4.9506 
2026     0.7207     1.1736     1.5028     2.1221     2.9674     3.9173     4.8168     5.3398     6.5882 
2027     0.5259     1.0860     1.4758     2.2400     3.2262     4.3698     5.5074     6.1750     7.7230 
2028     0.4885     1.0998     1.5266     2.3447     3.4715     4.7377     5.9239     6.8074     8.7465 
2029     0.4661     1.1395     1.5891     2.4775     3.6576     4.9785     6.2643     7.2078     9.2554 
2030     0.4708     1.1839     1.6637     2.5726     3.7787     5.1678     6.5344     7.4260     9.8156 
2031     0.4690     1.1927     1.6974     2.6540     3.8972     5.2876     6.7243     7.6540    10.0286 
2032     0.4888     1.2024     1.7277     2.7201     4.0033     5.4467     6.8797     7.8272     9.9846 
2033     0.5237     1.2326     1.7589     2.7808     4.0579     5.5134     6.9690     7.9386    10.2312 
2034     0.4868     1.2695     1.7770     2.7810     4.1198     5.5768     7.0382     7.9846    10.2751 

JAN-1 Stock Biomass  x       1000 MT

Year       Average        StdDev
2021        9.2930        1.6030
2022        9.6002        1.8013
2023        9.1498        1.8978
2024        8.5938        1.9465
2025        8.2973        1.9954
2026        8.7337        2.3961
2027        9.1005        2.6377
2028        9.4102        2.7816
2029        9.6316        2.9038
2030        9.8241        2.9785
2031        9.9641        3.0401
2032       10.0762        3.0901
2033       10.1472        3.1159
2034       10.1999        3.1428

JAN-1 Stock Biomass Distribution

Year       1%         5%         10%        25%        50%        75%        90%        95%        99%    
2021     6.3140     6.9545     7.3647     8.1577     9.1600    10.1337    11.5637    12.3045    13.8212 
2022     6.2467     6.9292     7.4012     8.2810     9.4507    10.7431    11.9967    12.7902    14.4700 
2023     5.4844     6.2706     6.8086     7.7905     9.0247    10.3646    11.6041    12.3874    14.1015 
2024     4.8558     5.6524     6.2188     7.2257     8.4594     9.8081    11.0920    11.8698    13.7709 
2025     4.5443     5.3657     5.8884     6.8917     8.1423     9.5074    10.8450    11.6225    13.4664 
2026     4.1633     5.1979     5.8600     7.0639     8.5318    10.1977    11.7855    12.7469    15.0786 
2027     3.9775     5.2142     5.9378     7.2577     8.9115    10.6657    12.3942    13.5761    16.1957 
2028     3.9539     5.3057     6.0959     7.4566     9.2074    11.0971    12.9078    14.1324    16.9933 
2029     3.9287     5.3461     6.1626     7.6072     9.4141    11.3539    13.2500    14.5737    17.7636 
2030     3.9580     5.4543     6.2668     7.7697     9.6307    11.6359    13.5567    14.9544    18.0567 
2031     4.0093     5.4658     6.3208     7.8696     9.7203    11.8215    13.8051    15.1691    18.3944 
2032     4.1098     5.4924     6.3929     7.9515     9.8699    11.8737    13.9279    15.4020    18.6997 
2033     4.0529     5.5905     6.4315     7.9757     9.9609    11.9799    14.1219    15.4413    18.4840 
2034     3.9432     5.5947     6.4667     8.0832    10.0047    12.0305    14.2110    15.6031    18.6492 

Mean Biomass  x       1000 MT

Year       Average        StdDev
2021        8.4741        1.5318
2022        8.3638        1.7156
2023        7.8057        1.7659
2024        7.3740        1.8023
2025        7.5029        2.1194
2026        7.9068        2.4523
2027        8.2463        2.6624
2028        8.5252        2.7864
2029        8.7217        2.8927
2030        8.8886        2.9464
2031        9.0122        3.0038
2032        9.1162        3.0548
2033        9.1792        3.0595
2034        9.2242        3.0974

Mean Biomass Distribution

Year       1%         5%         10%        25%        50%        75%        90%        95%        99%    
2021     5.6995     6.2472     6.6256     7.3479     8.3388     9.3341    10.6167    11.3861    12.6500 
2022     5.2129     5.8504     6.2633     7.1234     8.2041     9.4812    10.6076    11.3439    12.9440 
2023     4.4935     5.1646     5.6364     6.5168     7.6904     8.9070    10.0887    10.8298    12.3997 
2024     4.0254     4.6699     5.1944     6.0882     7.2415     8.5013     9.6978    10.4351    11.9644 
2025     3.5359     4.3725     4.9169     6.0052     7.3642     8.7818    10.1909    11.0407    12.9273 
2026     3.1984     4.2891     4.9653     6.1829     7.7151     9.3994    10.9906    12.0054    14.5922 
2027     3.0752     4.2885     5.0386     6.3888     8.0686     9.8193    11.5527    12.7080    15.5070 
2028     3.0491     4.3987     5.2182     6.5994     8.3404    10.1885    12.0067    13.2284    16.2583 
2029     3.0277     4.4685     5.3000     6.6989     8.4832    10.4568    12.3527    13.6138    16.8149 
2030     3.0688     4.5319     5.3641     6.8391     8.6615    10.6675    12.6444    13.9375    16.8489 
2031     3.1127     4.5254     5.3971     6.9558     8.7598    10.8350    12.8185    14.1173    17.1702 
2032     3.2116     4.6206     5.4502     6.9837     8.9121    10.9609    12.9162    14.3835    17.4479 
2033     3.1541     4.6083     5.5063     7.0706     8.9932    11.0231    13.0243    14.4247    17.5229 
2034     3.0383     4.6357     5.5699     7.1073     9.0013    11.0573    13.1819    14.5330    17.5668 

Combined Catch Biomass  x       1000 MT

Year       Average        StdDev
2021        2.7973        0.4578
2022        3.3628        0.5727
2023        3.3485        0.6688
2024        3.0611        0.6871
2025        2.2000        0.0000
2026        2.2000        0.0000
2027        2.1996        0.0311
2028        2.1993        0.0381
2029        2.1978        0.0695
2030        2.1971        0.0793
2031        2.1963        0.0906
2032        2.1956        0.0983
2033        2.1945        0.1099
2034        2.1938        0.1163

Combined Catch Distribution

Year       1%         5%         10%        25%        50%        75%        90%        95%        99%    
2021     1.8230     2.2247     2.3120     2.4861     2.7313     3.0548     3.3292     3.5686     4.4651 
2022     2.3130     2.5183     2.6660     2.9281     3.3346     3.6899     4.1618     4.4639     4.8852 
2023     2.1123     2.3562     2.5290     2.8582     3.2875     3.7855     4.2323     4.5078     5.1128 
2024     1.7677     2.0326     2.2096     2.5593     3.0208     3.4935     3.9627     4.2341     4.8818 
2025     2.2000     2.2000     2.2000     2.2000     2.2000     2.2000     2.2000     2.2000     2.2000 
2026     2.2000     2.2000     2.2000     2.2000     2.2000     2.2000     2.2000     2.2000     2.2000 
2027     2.2000     2.2000     2.2000     2.2000     2.2000     2.2000     2.2000     2.2000     2.2000 
2028     2.2000     2.2000     2.2000     2.2000     2.2000     2.2000     2.2000     2.2000     2.2000 
2029     2.2000     2.2000     2.2000     2.2000     2.2000     2.2000     2.2000     2.2000     2.2000 
2030     2.2000     2.2000     2.2000     2.2000     2.2000     2.2000     2.2000     2.2000     2.2000 
2031     2.2000     2.2000     2.2000     2.2000     2.2000     2.2000     2.2000     2.2000     2.2000 
2032     2.2000     2.2000     2.2000     2.2000     2.2000     2.2000     2.2000     2.2000     2.2000 
2033     2.2000     2.2000     2.2000     2.2000     2.2000     2.2000     2.2000     2.2000     2.2000 
2034     2.2000     2.2000     2.2000     2.2000     2.2000     2.2000     2.2000     2.2000     2.2000 

Landings  x       1000 MT

Year       Average        StdDev
2021        2.7973        0.4578
2022        3.3628        0.5727
2023        3.3485        0.6688
2024        3.0611        0.6871
2025        2.2000        0.0000
2026        2.2000        0.0000
2027        2.1996        0.0311
2028        2.1993        0.0381
2029        2.1978        0.0695
2030        2.1971        0.0793
2031        2.1963        0.0906
2032        2.1956        0.0983
2033        2.1945        0.1099
2034        2.1938        0.1163

Landings Distribution

Year       1%         5%         10%        25%        50%        75%        90%        95%        99%    
2021     1.8230     2.2247     2.3120     2.4861     2.7313     3.0548     3.3292     3.5686     4.4651 
2022     2.3130     2.5183     2.6660     2.9281     3.3346     3.6899     4.1618     4.4639     4.8852 
2023     2.1123     2.3562     2.5290     2.8582     3.2875     3.7855     4.2323     4.5078     5.1128 
2024     1.7677     2.0326     2.2096     2.5593     3.0208     3.4935     3.9627     4.2341     4.8818 
2025     2.2000     2.2000     2.2000     2.2000     2.2000     2.2000     2.2000     2.2000     2.2000 
2026     2.2000     2.2000     2.2000     2.2000     2.2000     2.2000     2.2000     2.2000     2.2000 
2027     2.2000     2.2000     2.2000     2.2000     2.2000     2.2000     2.2000     2.2000     2.2000 
2028     2.2000     2.2000     2.2000     2.2000     2.2000     2.2000     2.2000     2.2000     2.2000 
2029     2.2000     2.2000     2.2000     2.2000     2.2000     2.2000     2.2000     2.2000     2.2000 
2030     2.2000     2.2000     2.2000     2.2000     2.2000     2.2000     2.2000     2.2000     2.2000 
2031     2.2000     2.2000     2.2000     2.2000     2.2000     2.2000     2.2000     2.2000     2.2000 
2032     2.2000     2.2000     2.2000     2.2000     2.2000     2.2000     2.2000     2.2000     2.2000 
2033     2.2000     2.2000     2.2000     2.2000     2.2000     2.2000     2.2000     2.2000     2.2000 
2034     2.2000     2.2000     2.2000     2.2000     2.2000     2.2000     2.2000     2.2000     2.2000 

Total Fishing Mortality

Year       Average        StdDev
2021        1.0794        0.0000
2022        1.0794        0.0000
2023        1.0794        0.0000
2024        1.0794        0.0000
2025        0.8317        0.2623
2026        0.8124        0.3964
2027        0.7929        0.5238
2028        0.7692        0.5926
2029        0.7363        0.5816
2030        0.7184        0.5979
2031        0.7020        0.5919
2032        0.6864        0.5573
2033        0.6735        0.5354
2034        0.6662        0.5232

Total Fishing Mortality Distribution

Year       1%         5%         10%        25%        50%        75%        90%        95%        99%    
2021     1.0794     1.0794     1.0794     1.0794     1.0794     1.0794     1.0794     1.0794     1.0794 
2022     1.0794     1.0794     1.0794     1.0794     1.0794     1.0794     1.0794     1.0794     1.0794 
2023     1.0794     1.0794     1.0794     1.0794     1.0794     1.0794     1.0794     1.0794     1.0794 
2024     1.0794     1.0794     1.0794     1.0794     1.0794     1.0794     1.0794     1.0794     1.0794 
2025     0.4418     0.5149     0.5578     0.6445     0.7764     0.9597     1.1795     1.3459     1.6957 
2026     0.3536     0.4234     0.4673     0.5626     0.7106     0.9379     1.2700     1.5360     2.3205 
2027     0.2981     0.3714     0.4148     0.5085     0.6611     0.9010     1.2677     1.6311     2.8045 
2028     0.2715     0.3426     0.3860     0.4744     0.6203     0.8618     1.2440     1.6199     2.8615 
2029     0.2531     0.3264     0.3677     0.4521     0.5932     0.8282     1.1827     1.5541     2.8951 
2030     0.2458     0.3137     0.3554     0.4392     0.5757     0.8004     1.1554     1.5303     2.8876 
2031     0.2441     0.3060     0.3445     0.4275     0.5615     0.7856     1.1237     1.4969     2.8380 
2032     0.2419     0.3002     0.3393     0.4194     0.5505     0.7678     1.1143     1.4722     2.7153 
2033     0.2350     0.2963     0.3351     0.4138     0.5393     0.7552     1.1036     1.4457     2.5952 
2034     0.2367     0.2933     0.3314     0.4116     0.5356     0.7483     1.0844     1.4249     2.6658 

JAN-1 Stock Numbers at Age  -       1000  Fish

2021

Age        1%         5%         10%        25%        50%        75%        90%        95%        99%    
1      140.2370   175.0900   184.8320   216.7130   261.1480   317.3690   385.6290   409.5080   464.9250
2       58.9389    77.9477    80.8620    85.4451   100.4175   112.5240   125.3470   138.4980   148.4390
3       34.1986    41.3466    43.5177    47.9381    54.8765    60.4455    67.3245    74.4817    84.8335
4        4.4701     6.3288     7.3712     8.3369     9.5330    10.8358    12.5169    14.0136    20.6054
5        1.2938     1.6031     1.7337     2.2441     2.6907     3.2695     4.2092     4.8898     7.4995
6        0.2917     0.4842     0.6024     0.6936     0.9665     1.2287     1.8234     2.1765     5.0518
7        0.0278     0.0584     0.0739     0.1025     0.1591     0.2261     0.3164     0.3996     1.3049
8        0.0082     0.0292     0.0370     0.0584     0.1092     0.1670     0.2575     0.4456     2.1858
9        0.0003     0.0014     0.0021     0.0035     0.0085     0.0144     0.0223     0.0334     0.2402
10        0.0001     0.0005     0.0007     0.0015     0.0043     0.0069     0.0143     0.0242     0.2609
11        0.0000     0.0001     0.0002     0.0004     0.0014     0.0028     0.0051     0.0082     0.1988
12        0.0000     0.0000     0.0000     0.0000     0.0001     0.0003     0.0005     0.0008     0.0280
13        0.0000     0.0000     0.0000     0.0000     0.0000     0.0002     0.0003     0.0005     0.0316
14        0.0000     0.0000     0.0000     0.0000     0.0000     0.0000     0.0001     0.0001     0.0183
15+       0.0000     0.0000     0.0000     0.0000     0.0000     0.0000     0.0000     0.0000     0.0127

2022

Age        1%         5%         10%        25%        50%        75%        90%        95%        99%    
1       68.6861    71.3393    79.5151   105.9430   168.4411   235.9384   277.6720   305.7281   325.1186
2       87.9200   104.3739   110.9660   128.3939   156.1186   190.7352   229.2527   251.2754   284.8747
3       26.9955    34.4247    36.1530    39.2337    44.7100    51.0221    58.0803    62.9286    70.5191
4       11.9980    13.9361    14.9853    16.5343    18.5623    20.8169    23.5988    26.1115    31.2313
5        1.4195     1.9468     2.1843     2.5137     2.9109     3.3197     3.8669     4.2943     6.5282
6        0.3764     0.4622     0.5103     0.6461     0.7738     0.9534     1.2429     1.4581     2.4761
7        0.0942     0.1444     0.1722     0.2060     0.2742     0.3635     0.5292     0.6312     1.6265
8        0.0094     0.0178     0.0219     0.0305     0.0464     0.0673     0.0970     0.1269     0.4337
9        0.0030     0.0092     0.0114     0.0183     0.0337     0.0515     0.0811     0.1367     0.7495
10        0.0001     0.0004     0.0007     0.0011     0.0027     0.0045     0.0073     0.0111     0.0886
11        0.0000     0.0002     0.0002     0.0005     0.0014     0.0023     0.0049     0.0080     0.0978
12        0.0000     0.0000     0.0001     0.0001     0.0005     0.0009     0.0017     0.0028     0.0768
13        0.0000     0.0000     0.0000     0.0000     0.0000     0.0001     0.0002     0.0003     0.0107
14        0.0000     0.0000     0.0000     0.0000     0.0000     0.0001     0.0001     0.0002     0.0119
15+       0.0000     0.0000     0.0000     0.0000     0.0000     0.0000     0.0000     0.0001     0.0121

2023

Age        1%         5%         10%        25%        50%        75%        90%        95%        99%    
1       68.6646    70.8798    79.2328   104.9013   168.5227   237.0545   279.3348   306.3741   324.6762
2       39.2413    42.9631    47.1677    62.8472    99.6987   140.5365   167.4715   182.2861   202.9792
3       39.6023    46.5937    50.1124    57.9373    70.4330    86.3359   103.6956   114.5672   130.3220
4        9.2226    11.5238    12.2632    13.4514    15.3373    17.6199    20.0977    21.7253    24.5786
5        3.6051     4.1594     4.4833     4.9812     5.6116     6.3328     7.2333     7.9552     9.6355
6        0.4111     0.5593     0.6254     0.7249     0.8411     0.9649     1.1279     1.2511     1.8695
7        0.1084     0.1325     0.1478     0.1854     0.2236     0.2777     0.3617     0.4210     0.7432
8        0.0293     0.0434     0.0503     0.0609     0.0814     0.1089     0.1575     0.1862     0.4838
9        0.0030     0.0055     0.0067     0.0093     0.0142     0.0208     0.0296     0.0392     0.1384
10        0.0010     0.0029     0.0036     0.0058     0.0106     0.0163     0.0259     0.0429     0.2678
11        0.0000     0.0001     0.0002     0.0004     0.0009     0.0015     0.0024     0.0036     0.0281
12        0.0000     0.0001     0.0001     0.0002     0.0005     0.0007     0.0016     0.0027     0.0334
13        0.0000     0.0000     0.0000     0.0000     0.0002     0.0003     0.0006     0.0009     0.0258
14        0.0000     0.0000     0.0000     0.0000     0.0000     0.0000     0.0001     0.0001     0.0038
15+       0.0000     0.0000     0.0000     0.0000     0.0000     0.0000     0.0000     0.0001     0.0084

2024

Age        1%         5%         10%        25%        50%        75%        90%        95%        99%    
1       68.5939    70.3457    79.1088   104.8216   168.5303   237.1793   280.9882   306.1814   325.0436
2       39.2603    42.9434    47.1527    62.2815   100.1357   141.4934   168.5546   182.6139   200.1380
3       17.4141    19.4122    21.3006    28.2227    44.7859    63.0887    76.2667    82.2204    93.9898
4       13.5427    15.8056    17.0778    19.7895    24.1787    29.6992    35.7734    39.5998    45.3897
5        2.7665     3.4214     3.6749     4.0744     4.6423     5.3603     6.0867     6.6240     7.5572
6        1.0290     1.1891     1.2868     1.4344     1.6246     1.8430     2.1030     2.3207     2.7958
7        0.1190     0.1605     0.1786     0.2090     0.2429     0.2812     0.3288     0.3645     0.5411
8        0.0317     0.0388     0.0438     0.0546     0.0663     0.0831     0.1077     0.1264     0.2183
9        0.0091     0.0132     0.0152     0.0187     0.0250     0.0336     0.0485     0.0572     0.1470
10        0.0010     0.0017     0.0021     0.0029     0.0045     0.0066     0.0094     0.0125     0.0456
11        0.0003     0.0009     0.0012     0.0019     0.0035     0.0053     0.0085     0.0140     0.0839
12        0.0000     0.0000     0.0001     0.0001     0.0003     0.0005     0.0008     0.0012     0.0093
13        0.0000     0.0000     0.0000     0.0001     0.0002     0.0003     0.0005     0.0009     0.0110
14        0.0000     0.0000     0.0000     0.0000     0.0001     0.0001     0.0002     0.0003     0.0092
15+       0.0000     0.0000     0.0000     0.0000     0.0000     0.0000     0.0000     0.0001     0.0043

2025

Age        1%         5%         10%        25%        50%        75%        90%        95%        99%    
1       68.6232    70.1406    78.8409   104.4484   168.4413   235.9263   278.5467   306.7533   325.5894
2       39.3943    42.6895    46.8423    62.0075    99.8801   141.6275   168.3845   183.2310   203.9963
3       17.3772    19.3010    21.2357    27.9987    44.8866    63.6832    76.3675    82.5029    93.0721
4        5.8403     6.6337     7.3098     9.6734    15.2589    21.4907    26.2527    28.5276    32.9671
5        4.0621     4.7412     5.1548     5.9944     7.3468     9.0437    10.8451    12.0126    13.8419
6        0.7944     0.9743     1.0489     1.1742     1.3427     1.5564     1.7751     1.9281     2.2213
7        0.2933     0.3404     0.3680     0.4134     0.4698     0.5380     0.6158     0.6719     0.8098
8        0.0353     0.0473     0.0525     0.0616     0.0720     0.0840     0.0979     0.1099     0.1612
9        0.0096     0.0118     0.0134     0.0167     0.0203     0.0256     0.0331     0.0388     0.0674
10        0.0028     0.0041     0.0048     0.0059     0.0079     0.0107     0.0154     0.0181     0.0462
11        0.0003     0.0006     0.0007     0.0010     0.0014     0.0021     0.0031     0.0041     0.0147
12        0.0001     0.0003     0.0004     0.0006     0.0011     0.0018     0.0028     0.0046     0.0277
13        0.0000     0.0000     0.0000     0.0000     0.0001     0.0002     0.0003     0.0004     0.0031
14        0.0000     0.0000     0.0000     0.0000     0.0001     0.0001     0.0002     0.0003     0.0037
15+       0.0000     0.0000     0.0000     0.0000     0.0000     0.0000     0.0001     0.0001     0.0048

2026

Age        1%         5%         10%        25%        50%        75%        90%        95%        99%    
1       68.6414    70.9408    79.0963   104.4484   168.4687   236.1212   279.0547   307.3236   331.7012
2       39.5201    42.7409    46.9487    62.0910   100.4813   141.9181   169.8491   184.8567   209.3910
3       14.9569    18.6423    21.1634    28.7236    48.5834    72.3742    89.4144    97.7730   114.6718
4        4.6554     6.2266     7.4355    10.4533    18.0525    27.4633    34.9603    38.8317    46.0820
5        1.3699     2.0268     2.4241     3.3819     5.5188     8.1987    10.8434    12.2720    14.9015
6        0.9721     1.3580     1.5736     2.0224     2.6280     3.4100     4.2466     4.7707     5.8433
7        0.2032     0.2733     0.3185     0.3961     0.4848     0.5870     0.6985     0.7700     0.9172
8        0.0757     0.1000     0.1151     0.1420     0.1729     0.2079     0.2425     0.2697     0.3260
9        0.0112     0.0148     0.0172     0.0217     0.0269     0.0328     0.0398     0.0456     0.0632
10        0.0030     0.0040     0.0047     0.0060     0.0078     0.0100     0.0134     0.0157     0.0255
11        0.0010     0.0014     0.0017     0.0022     0.0031     0.0043     0.0062     0.0075     0.0184
12        0.0001     0.0002     0.0003     0.0004     0.0006     0.0009     0.0012     0.0017     0.0061
13        0.0000     0.0001     0.0001     0.0003     0.0004     0.0007     0.0012     0.0018     0.0110
14        0.0000     0.0000     0.0000     0.0000     0.0000     0.0001     0.0001     0.0002     0.0013
15+       0.0000     0.0000     0.0000     0.0000     0.0000     0.0001     0.0001     0.0002     0.0036

2027

Age        1%         5%         10%        25%        50%        75%        90%        95%        99%    
1       68.6433    70.7624    79.0864   104.6204   168.6073   236.6650   278.3965   304.9325   325.2227
2       39.3501    43.2646    47.4005    62.2812   100.4458   141.4509   169.8951   185.1244   211.5166
3       13.4030    18.5510    21.1654    29.3268    49.3906    72.9622    91.7335   101.2116   120.0760
4        2.8138     5.2309     6.9228    10.9298    20.1957    32.8569    43.9594    49.0203    60.2438
5        0.6586     1.5576     2.1855     3.6954     6.8499    11.4610    15.7835    18.1603    23.0068
6        0.2099     0.4837     0.6985     1.1795     2.0191     3.2955     4.6847     5.5450     7.1953
7        0.1335     0.3002     0.4273     0.6844     1.0120     1.4111     1.8534     2.1577     2.7695
8        0.0268     0.0628     0.0864     0.1344     0.1902     0.2509     0.3147     0.3536     0.4378
9        0.0104     0.0238     0.0327     0.0496     0.0693     0.0908     0.1114     0.1255     0.1572
10        0.0018     0.0037     0.0051     0.0078     0.0110     0.0145     0.0183     0.0212     0.0284
11        0.0005     0.0011     0.0015     0.0022     0.0032     0.0044     0.0060     0.0072     0.0114
12        0.0002     0.0004     0.0006     0.0009     0.0013     0.0019     0.0027     0.0035     0.0080
13        0.0000     0.0001     0.0001     0.0001     0.0002     0.0004     0.0006     0.0007     0.0026
14        0.0000     0.0000     0.0001     0.0001     0.0002     0.0003     0.0005     0.0008     0.0048
15+       0.0000     0.0000     0.0000     0.0000     0.0000     0.0001     0.0001     0.0002     0.0021

2028

Age        1%         5%         10%        25%        50%        75%        90%        95%        99%    
1       68.6672    70.9676    79.4101   104.5501   168.6451   237.0917   278.1519   306.1982   325.6926
2       39.3940    43.1433    47.2750    62.2326   101.3983   142.6918   170.3119   184.1139   207.9578
3       12.1232    18.8509    21.9219    29.7298    49.8960    72.9119    93.0956   102.5903   120.9901
4        1.8768     4.9640     7.0111    11.5390    21.0574    33.9435    46.1704    52.3330    64.8440
5        0.2950     1.1478     1.9578     3.9408     8.0090    14.5215    20.8563    24.3637    31.6893
6        0.0649     0.3242     0.5997     1.2841     2.6486     4.8845     7.2340     8.6589    11.5984
7        0.0213     0.1037     0.1885     0.4111     0.7915     1.4194     2.1374     2.6107     3.5693
8        0.0122     0.0622     0.1131     0.2377     0.4134     0.6290     0.8712     1.0469     1.3877
9        0.0025     0.0134     0.0235     0.0472     0.0793     0.1149     0.1532     0.1756     0.2282
10        0.0010     0.0053     0.0092     0.0177     0.0296     0.0422     0.0546     0.0627     0.0816
11        0.0002     0.0009     0.0015     0.0029     0.0047     0.0068     0.0090     0.0107     0.0145
12        0.0001     0.0003     0.0005     0.0009     0.0014     0.0021     0.0029     0.0036     0.0055
13        0.0000     0.0001     0.0002     0.0003     0.0006     0.0009     0.0013     0.0017     0.0036
14        0.0000     0.0000     0.0000     0.0001     0.0001     0.0002     0.0003     0.0004     0.0012
15+       0.0000     0.0000     0.0000     0.0000     0.0001     0.0002     0.0003     0.0004     0.0030

2029

Age        1%         5%         10%        25%        50%        75%        90%        95%        99%    
1       68.6516    70.6783    78.9901   103.3654   168.1760   235.6767   278.5957   306.0591   349.0572
2       39.4418    43.2670    47.3762    62.5858   101.3277   143.5719   170.9278   185.4335   208.3935
3       11.2755    18.9088    22.0563    30.3714    50.7290    74.5621    93.3738   102.3621   120.8809
4        1.5599     5.0608     7.4411    11.8887    21.5959    34.8243    47.2512    53.5265    66.6055
5        0.1659     1.0781     2.0210     4.2608     8.4865    15.4161    22.3835    26.3574    34.4371
6        0.0281     0.2395     0.5486     1.3948     3.2038     6.3691     9.8592    12.0071    16.9122
7        0.0057     0.0661     0.1653     0.4605     1.0709     2.1473     3.4226     4.2360     5.9795
8        0.0019     0.0229     0.0532     0.1474     0.3306     0.6319     1.0245     1.2874     1.8231
9        0.0011     0.0134     0.0317     0.0857     0.1763     0.2924     0.4311     0.5249     0.7432
10        0.0003     0.0029     0.0068     0.0175     0.0345     0.0548     0.0767     0.0903     0.1213
11        0.0001     0.0012     0.0027     0.0067     0.0131     0.0203     0.0279     0.0325     0.0438
12        0.0000     0.0002     0.0005     0.0011     0.0021     0.0033     0.0046     0.0055     0.0077
13        0.0000     0.0001     0.0001     0.0003     0.0006     0.0010     0.0015     0.0018     0.0029
14        0.0000     0.0000     0.0001     0.0001     0.0003     0.0004     0.0006     0.0009     0.0017
15+       0.0000     0.0000     0.0000     0.0000     0.0001     0.0002     0.0003     0.0004     0.0020

2030

Age        1%         5%         10%        25%        50%        75%        90%        95%        99%    
1       68.6611    70.4005    79.2380   104.6952   168.4636   237.5521   282.0679   308.1658   337.3178
2       39.4264    43.1835    47.0649    62.0176   100.5806   142.6344   170.3338   185.9483   217.2404
3       11.5338    19.4124    22.5857    30.7642    51.3955    75.0704    94.1679   103.8195   121.5014
4        1.3887     5.3778     7.7085    12.4576    22.3460    35.5313    47.8023    54.0633    67.3302
5        0.1317     1.1550     2.2031     4.5078     9.0397    16.1304    23.3573    27.2754    36.5021
6        0.0153     0.2308     0.5590     1.5505     3.5037     6.9759    10.8580    13.2867    18.6869
7        0.0023     0.0525     0.1543     0.5088     1.3268     2.8751     4.7339     6.0229     8.9573
8        0.0007     0.0142     0.0481     0.1703     0.4539     0.9731     1.6538     2.1387     3.2035
9        0.0003     0.0050     0.0160     0.0561     0.1425     0.2947     0.5037     0.6587     0.9651
10        0.0001     0.0032     0.0097     0.0331     0.0775     0.1413     0.2186     0.2734     0.4077
11        0.0000     0.0007     0.0021     0.0067     0.0154     0.0267     0.0395     0.0475     0.0658
12        0.0000     0.0003     0.0009     0.0026     0.0059     0.0100     0.0145     0.0174     0.0239
13        0.0000     0.0001     0.0002     0.0004     0.0010     0.0016     0.0024     0.0029     0.0042
14        0.0000     0.0000     0.0000     0.0001     0.0003     0.0005     0.0008     0.0010     0.0015
15+       0.0000     0.0000     0.0000     0.0001     0.0002     0.0003     0.0005     0.0007     0.0017

2031

Age        1%         5%         10%        25%        50%        75%        90%        95%        99%    
1       68.6469    70.3306    79.1062   104.4434   168.4079   237.1143   278.2215   306.7141   338.2170
2       38.7275    43.0177    47.1541    62.4899   101.3751   144.2739   171.7213   187.0868   213.0353
3       11.8005    19.1228    22.5516    30.4090    50.9968    75.5496    94.4568   104.4327   125.4834
4        1.4570     5.6239     8.0341    12.8509    22.7512    36.0884    48.4337    54.9639    68.1680
5        0.1118     1.2495     2.3634     4.8205     9.4170    16.7245    23.8286    28.1013    37.1859
6        0.0099     0.2470     0.6324     1.6638     3.8144     7.3563    11.3691    13.7766    19.8681
7        0.0012     0.0493     0.1643     0.5680     1.4882     3.1917     5.2949     6.7091    10.0694
8        0.0002     0.0116     0.0452     0.1911     0.5709     1.3401     2.3067     3.0600     4.7873
9        0.0001     0.0033     0.0147     0.0654     0.1972     0.4610     0.8313     1.0956     1.7194
10        0.0000     0.0012     0.0052     0.0222     0.0633     0.1397     0.2546     0.3415     0.5293
11        0.0000     0.0008     0.0031     0.0130     0.0352     0.0693     0.1131     0.1444     0.2228
12        0.0000     0.0002     0.0007     0.0027     0.0071     0.0133     0.0206     0.0255     0.0366
13        0.0000     0.0001     0.0003     0.0011     0.0027     0.0050     0.0076     0.0093     0.0133
14        0.0000     0.0000     0.0000     0.0002     0.0005     0.0008     0.0013     0.0016     0.0024
15+       0.0000     0.0000     0.0000     0.0001     0.0002     0.0004     0.0007     0.0009     0.0016

2032

Age        1%         5%         10%        25%        50%        75%        90%        95%        99%    
1       68.6976    70.6899    79.4149   105.2067   168.5649   236.9006   278.0982   306.8100   325.6949
2       39.0846    43.0265    47.3939    62.7122   100.8799   143.1659   170.9974   186.2324   210.8981
3       11.0701    19.4597    22.5635    30.9429    51.8318    75.8824    95.1471   104.6509   124.9838
4        1.4766     5.4530     8.1000    12.8967    22.6214    36.7336    49.1172    55.3917    70.5398
5        0.1113     1.3119     2.4455     5.0235     9.6733    16.8999    24.3994    28.9465    38.0447
6        0.0092     0.2795     0.6911     1.8177     3.9829     7.7452    11.8508    14.4139    20.1722
7        0.0010     0.0575     0.1860     0.6122     1.6280     3.4146     5.6189     7.0654    10.8678
8        0.0002     0.0122     0.0483     0.2181     0.6467     1.4914     2.6117     3.4498     5.4631
9        0.0000     0.0030     0.0142     0.0744     0.2514     0.6370     1.1496     1.5755     2.5959
10        0.0000     0.0009     0.0046     0.0262     0.0887     0.2250     0.4194     0.5748     0.9584
11        0.0000     0.0003     0.0017     0.0087     0.0291     0.0690     0.1306     0.1801     0.2956
12        0.0000     0.0002     0.0010     0.0053     0.0161     0.0346     0.0585     0.0770     0.1256
13        0.0000     0.0000     0.0002     0.0011     0.0033     0.0067     0.0109     0.0137     0.0206
14        0.0000     0.0000     0.0001     0.0004     0.0013     0.0025     0.0041     0.0051     0.0075
15+       0.0000     0.0000     0.0000     0.0001     0.0003     0.0006     0.0010     0.0013     0.0021

2033

Age        1%         5%         10%        25%        50%        75%        90%        95%        99%    
1       68.6562    70.9437    78.5924   104.3453   168.3904   235.4253   279.1481   306.2999   325.4371
2       38.8366    43.1330    47.4590    63.0988   100.9954   143.6235   170.8916   186.3612   210.3481
3       11.6413    19.6955    22.9532    31.0541    51.7219    76.0785    95.2368   104.9452   124.1850
4        1.5249     5.6557     8.2639    13.2382    23.4668    37.1005    49.6124    56.0155    70.1199
5        0.1395     1.3199     2.5048     5.0994     9.7641    17.4346    24.6939    28.9608    37.8826
6        0.0098     0.2900     0.7291     1.9189     4.1089     7.8653    12.0482    14.8212    20.5729
7        0.0010     0.0649     0.2032     0.6901     1.7128     3.5926     5.8672     7.4333    10.9158
8        0.0001     0.0138     0.0539     0.2365     0.7103     1.6024     2.8089     3.6693     5.9065
9        0.0000     0.0033     0.0152     0.0845     0.2863     0.7070     1.3207     1.8007     3.0462
10        0.0000     0.0009     0.0046     0.0292     0.1134     0.3072     0.5841     0.8186     1.4146
11        0.0000     0.0003     0.0015     0.0104     0.0407     0.1087     0.2160     0.3022     0.5219
12        0.0000     0.0001     0.0006     0.0036     0.0136     0.0340     0.0679     0.0953     0.1618
13        0.0000     0.0001     0.0004     0.0022     0.0076     0.0173     0.0308     0.0414     0.0689
14        0.0000     0.0000     0.0001     0.0005     0.0016     0.0034     0.0058     0.0075     0.0117
15+       0.0000     0.0000     0.0000     0.0002     0.0008     0.0016     0.0027     0.0034     0.0053

2034

Age        1%         5%         10%        25%        50%        75%        90%        95%        99%    
1       68.6236    71.3551    78.9256   104.2654   168.3406   236.1448   277.6246   305.4974   351.1385
2       39.1123    43.1787    47.1931    62.3647   101.2940   142.5070   170.7978   186.1160   209.5757
3       11.8426    19.8655    23.1203    31.5873    52.1519    76.4810    95.3662   105.0093   122.6488
4        1.6605     5.8633     8.4140    13.3224    23.4420    36.8616    49.7430    55.8733    69.7345
5        0.1431     1.3151     2.5959     5.2316    10.1630    17.5643    25.1324    29.4430    38.2543
6        0.0126     0.2937     0.7302     1.9581     4.1901     8.1914    12.2898    15.0839    20.9063
7        0.0010     0.0669     0.2112     0.7321     1.7849     3.7206     6.0246     7.6344    11.1179
8        0.0002     0.0155     0.0618     0.2663     0.7514     1.6965     2.9520     3.8627     5.9114
9        0.0000     0.0036     0.0171     0.0953     0.3155     0.7682     1.4107     1.8944     3.2640
10        0.0000     0.0010     0.0050     0.0340     0.1304     0.3435     0.6751     0.9502     1.6677
11        0.0000     0.0003     0.0015     0.0117     0.0526     0.1502     0.3028     0.4272     0.7907
12        0.0000     0.0001     0.0006     0.0043     0.0189     0.0538     0.1122     0.1613     0.2952
13        0.0000     0.0000     0.0002     0.0015     0.0063     0.0169     0.0353     0.0512     0.0899
14        0.0000     0.0000     0.0001     0.0009     0.0036     0.0087     0.0163     0.0225     0.0384
15+       0.0000     0.0000     0.0000     0.0003     0.0011     0.0026     0.0045     0.0059     0.0095

Probability Spawning Stock Biomass Exceeds Threshold      3.660 (1000 MT)

Year    Probability

2021    0.018000
2022    0.019700
2023    0.149500
2024    0.068000
2025    0.147600
2026    0.309600
2027    0.392700
2028    0.456500
2029    0.499600
2030    0.527500
2031    0.546900
2032    0.567400
2033    0.584000
2034    0.594000

Probability Threshold Exceeded at Least Once =     0.8545

Probability Total Fishing Mortality Exceeds Threshold     0.8413 

Year    Probability

2021    1.000000
2022    1.000000
2023    1.000000
2024    1.000000
2025    0.400000
2026    0.337200
2027    0.295700
2028    0.266400
2029    0.238500
2030    0.220600
2031    0.208500
2032    0.198600
2033    0.193600
2034    0.189200

Probability Threshold Exceeded at Least Once =     1.0000


Requested Percentile Report

Percentile =    50.00 %

                                 2021       2022       2023       2024       2025       2026       2027       2028       2029       2030       2031       2032       2033       2034 

Recruits                     168.4411   168.5227   168.5303   168.4413   168.4687   168.6073   168.6451   168.1760   168.4636   168.4079   168.5649   168.3904   168.3406   168.6981 
Spawning Stock Biomass         2.2280     2.6015     2.9444     2.5963     2.6456     2.9674     3.2262     3.4715     3.6576     3.7787     3.8972     4.0033     4.0579     4.1198 
Jan-1 Stock Biomass            9.1600     9.4507     9.0247     8.4594     8.1423     8.5318     8.9115     9.2074     9.4141     9.6307     9.7203     9.8699     9.9609    10.0047 
Mean Biomass                   8.3388     8.2041     7.6904     7.2415     7.3642     7.7151     8.0686     8.3404     8.4832     8.6615     8.7598     8.9121     8.9932     9.0013 
Combined Catch Biomass         2.7313     3.3346     3.2875     3.0208     2.2000     2.2000     2.2000     2.2000     2.2000     2.2000     2.2000     2.2000     2.2000     2.2000 
Landings                       2.7313     3.3346     3.2875     3.0208     2.2000     2.2000     2.2000     2.2000     2.2000     2.2000     2.2000     2.2000     2.2000     2.2000 
FMort                          1.0794     1.0794     1.0794     1.0794     0.7764     0.7106     0.6611     0.6203     0.5932     0.5757     0.5615     0.5505     0.5393     0.5356 

Stock Numbers at Age
Age 1                        261.1480   168.4411   168.5227   168.5303   168.4413   168.4687   168.6073   168.6451   168.1760   168.4636   168.4079   168.5649   168.3904   168.3406 
Age 2                        100.4175   156.1186    99.6987   100.1357    99.8801   100.4813   100.4458   101.3983   101.3277   100.5806   101.3751   100.8799   100.9954   101.2940 
Age 3                         54.8765    44.7100    70.4330    44.7859    44.8866    48.5834    49.3906    49.8960    50.7290    51.3955    50.9968    51.8318    51.7219    52.1519 
Age 4                          9.5330    18.5623    15.3373    24.1787    15.2589    18.0525    20.1957    21.0574    21.5959    22.3460    22.7512    22.6214    23.4668    23.4420 
Age 5                          2.6907     2.9109     5.6116     4.6423     7.3468     5.5188     6.8499     8.0090     8.4865     9.0397     9.4170     9.6733     9.7641    10.1630 
Age 6                          0.9665     0.7738     0.8411     1.6246     1.3427     2.6280     2.0191     2.6486     3.2038     3.5037     3.8144     3.9829     4.1089     4.1901 
Age 7                          0.1591     0.2742     0.2236     0.2429     0.4698     0.4848     1.0120     0.7915     1.0709     1.3268     1.4882     1.6280     1.7128     1.7849 
Age 8                          0.1092     0.0464     0.0814     0.0663     0.0720     0.1729     0.1902     0.4134     0.3306     0.4539     0.5709     0.6467     0.7103     0.7514 
Age 9                          0.0085     0.0337     0.0142     0.0250     0.0203     0.0269     0.0693     0.0793     0.1763     0.1425     0.1972     0.2514     0.2863     0.3155 
Age 10                          0.0043     0.0027     0.0106     0.0045     0.0079     0.0078     0.0110     0.0296     0.0345     0.0775     0.0633     0.0887     0.1134     0.1304 
Age 11                          0.0014     0.0014     0.0009     0.0035     0.0014     0.0031     0.0032     0.0047     0.0131     0.0154     0.0352     0.0291     0.0407     0.0526 
Age 12                          0.0001     0.0005     0.0005     0.0003     0.0011     0.0006     0.0013     0.0014     0.0021     0.0059     0.0071     0.0161     0.0136     0.0189 
Age 13                          0.0000     0.0000     0.0002     0.0002     0.0001     0.0004     0.0002     0.0006     0.0006     0.0010     0.0027     0.0033     0.0076     0.0063 
Age 14                          0.0000     0.0000     0.0000     0.0001     0.0001     0.0000     0.0002     0.0001     0.0003     0.0003     0.0005     0.0013     0.0016     0.0036 
Age 15                          0.0000     0.0000     0.0000     0.0000     0.0000     0.0000     0.0000     0.0001     0.0001     0.0002     0.0002     0.0003     0.0008     0.0011 
