AGEPRO VERSION 4.2

Constant_Q2181_CR_age1_lowS

Date & Time of Run: 07 May 2024  23:31

Input File Name:    Constant_Q2181_CR_age1_lowS.inp

First Age Class:                         1
Number of Age Classes:                  15
Number of Years in Projection:          14
Number of Fleets:                        9
Number of Recruitment Models:            3
Number of Bootstraps:                  100
Number of Simulations:                 100

Bootstrap File Name:            C:\Users\jon.brodziak\Desktop\2024 WCNPO MLS Rebuilding\Bootstrap-numbers-at-age\2023_WCNPOMLS.bsn

Number of Feasible Solutions:       9986  of      10000 Realizations

Input Harvest Scenario

Year  Type        Fleet-1    Fleet-2    Fleet-3    Fleet-4    Fleet-5    Fleet-6    Fleet-7    Fleet-8    Fleet-9    

2021  F-Mult       0.1651     0.0453     0.2588     0.0166     0.0610     0.0487     0.0642     0.0722     0.3475 
2022  F-Mult       0.1651     0.0453     0.2588     0.0166     0.0610     0.0487     0.0642     0.0722     0.3475 
2023  F-Mult       0.1651     0.0453     0.2588     0.0166     0.0610     0.0487     0.0642     0.0722     0.3475 
2024  F-Mult       0.1651     0.0453     0.2588     0.0166     0.0610     0.0487     0.0642     0.0722     0.3475 
2025  Landings        313        124        648         58        189         85        163        294        306 
2026  Landings        313        124        648         58        189         85        163        294        306 
2027  Landings        313        124        648         58        189         85        163        294        306 
2028  Landings        313        124        648         58        189         85        163        294        306 
2029  Landings        313        124        648         58        189         85        163        294        306 
2030  Landings        313        124        648         58        189         85        163        294        306 
2031  Landings        313        124        648         58        189         85        163        294        306 
2032  Landings        313        124        648         58        189         85        163        294        306 
2033  Landings        313        124        648         58        189         85        163        294        306 
2034  Landings        313        124        648         58        189         85        163        294        306 

Recruitment Selection Distribution

Year  Selection-1 Selection-2 Selection-3 

2021      0.1175     0.8391     0.0434 
2022      0.1167     0.8430     0.0403 
2023      0.1207     0.8397     0.0396 
2024      0.1213     0.8395     0.0392 
2025      0.1146     0.8459     0.0395 
2026      0.1172     0.8464     0.0364 
2027      0.1209     0.8383     0.0408 
2028      0.1194     0.8418     0.0388 
2029      0.1234     0.8376     0.0390 
2030      0.1191     0.8401     0.0408 
2031      0.1151     0.8452     0.0397 
2032      0.1191     0.8415     0.0394 
2033      0.1264     0.8368     0.0368 
2034      0.1194     0.8366     0.0440 

Recruits        1000  Fish

Year Class   Average        StdDev
2021        173.3201       80.4516
2022        173.5049       80.3337
2023        173.5909       80.9730
2024        173.7472       82.5827
2025        173.2352       82.4868
2026        173.3676       81.0746
2027        174.2787       83.0169
2028        173.9521       83.1116
2029        172.0721       80.9244
2030        172.7563       82.2155
2031        173.5872       82.6191
2032        175.1181       81.8185
2033        173.8646       85.3617
2034        174.2749       82.4871

Recruits Distribution

Year Class 1%         5%         10%        25%        50%        75%        90%        95%        99%    
2021    68.6839    71.1127    79.2295   105.7051   168.3336   235.8567   278.5597   306.0789   325.3487
2022    68.6295    70.2050    78.9346   104.0941   168.7283   236.5810   280.7822   305.9697   325.3650
2023    68.7313    70.6964    79.0941   104.5456   168.4852   236.2675   282.0915   306.9105   325.1690
2024    68.7291    70.8350    79.2069   104.0753   168.5252   235.8311   278.4872   308.0703   325.7242
2025    68.6243    70.3363    78.5059   104.3256   168.5584   235.6729   279.9937   305.9751   325.1429
2026    68.6641    70.1979    78.3447   104.2781   168.4708   237.7917   280.1123   307.0188   324.9695
2027    68.6336    70.9513    79.4374   105.6462   168.5600   236.2915   280.2302   307.9497   326.2656
2028    68.6330    69.8764    78.5752   104.8386   168.5875   236.9442   280.0856   306.3862   325.4905
2029    68.6707    70.9668    79.0695   103.4845   168.0651   234.8498   279.1128   306.1899   325.7230
2030    68.6802    70.7669    78.8108   104.4645   168.1923   235.6957   280.0453   307.4059   325.3635
2031    68.7055    71.1056    79.2771   103.6513   168.5172   237.4416   279.1486   306.0267   325.3777
2032    68.6284    70.4051    78.9536   105.1185   168.8019   238.6008   283.1324   308.2892   325.6469
2033    68.5774    70.7238    79.0567   104.6766   168.5082   236.4078   278.4021   306.2033   325.4250
2034    68.6454    70.7104    79.1003   105.0191   168.6770   235.9993   280.0318   306.4074   361.8651

Spawning Stock Biomass  x       1000 MT

Year       Average        StdDev
2021        2.2940        0.4626
2022        2.6201        0.4310
2023        2.9729        0.6153
2024        2.6246        0.6442
2025        2.6927        0.8863
2026        3.0657        1.3265
2027        3.4073        1.6401
2028        3.6733        1.8162
2029        3.8791        1.9129
2030        4.0490        2.0058
2031        4.1665        2.0564
2032        4.2412        2.0707
2033        4.3038        2.0948
2034        4.3679        2.1136

Spawning Stock Biomass Distribution

Year        1%         5%         10%        25%        50%        75%        90%        95%        99%   
2021     1.4584     1.7284     1.8258     1.9955     2.2266     2.5062     2.8079     3.0185     4.2121 
2022     1.7553     1.9718     2.0921     2.3243     2.5869     2.8681     3.2048     3.4154     3.7944 
2023     1.8713     2.0946     2.2359     2.5233     2.9087     3.3381     3.8024     4.0993     4.6624 
2024     1.4868     1.7074     1.8657     2.1563     2.5502     3.0265     3.4812     3.7414     4.2973 
2025     1.1114     1.4145     1.6278     2.0571     2.6067     3.2382     3.8361     4.2078     5.0190 
2026     0.7430     1.1865     1.4983     2.1115     2.9134     3.8671     4.7676     5.2970     6.5375 
2027     0.5769     1.1043     1.4672     2.2293     3.2636     4.3704     5.4312     6.1796     7.8470 
2028     0.5232     1.1064     1.5324     2.3701     3.4858     4.7458     5.9477     6.7390     8.7332 
2029     0.4729     1.1231     1.6099     2.5257     3.6831     5.0072     6.3352     7.1833     9.1051 
2030     0.4833     1.1461     1.6659     2.6164     3.8228     5.2587     6.5896     7.4920     9.5121 
2031     0.5150     1.2055     1.7151     2.7133     3.9548     5.3794     6.7587     7.6956     9.8645 
2032     0.5263     1.2327     1.7458     2.7738     4.0403     5.4860     6.8379     7.7868     9.9873 
2033     0.5513     1.2613     1.7736     2.8100     4.1037     5.5866     6.9932     7.8622    10.1158 
2034     0.5271     1.3033     1.8499     2.8373     4.1794     5.6748     7.0823     7.9637    10.1611 

JAN-1 Stock Biomass  x       1000 MT

Year       Average        StdDev
2021        9.2934        1.5984
2022        9.5347        1.8173
2023        9.0619        1.9239
2024        8.4963        1.9747
2025        8.2075        1.9903
2026        8.6668        2.3729
2027        9.0601        2.6181
2028        9.3937        2.8011
2029        9.6556        2.9188
2030        9.8313        2.9767
2031        9.9662        3.0405
2032       10.0742        3.0753
2033       10.1831        3.0818
2034       10.2510        3.0996

JAN-1 Stock Biomass Distribution

Year       1%         5%         10%        25%        50%        75%        90%        95%        99%    
2021     6.3197     6.9566     7.3630     8.1603     9.1638    10.1401    11.5430    12.2838    13.7003 
2022     6.1359     6.8575     7.3151     8.2507     9.3719    10.6631    11.9263    12.7693    14.4548 
2023     5.4225     6.2110     6.7214     7.6739     8.9351    10.2390    11.5195    12.3239    14.0353 
2024     4.8395     5.5928     6.1106     7.1078     8.3264     9.7123    11.0118    11.8297    13.6716 
2025     4.5395     5.2898     5.7873     6.8202     8.0644     9.3909    10.7110    11.6010    13.3730 
2026     4.1308     5.1521     5.7798     7.0040     8.5111    10.0902    11.6647    12.6650    15.1403 
2027     3.9840     5.1673     5.8688     7.2453     8.8687    10.6335    12.3714    13.4916    16.1009 
2028     3.9558     5.1993     6.0274     7.4571     9.1997    11.0972    12.9246    14.1083    16.7088 
2029     3.8797     5.2596     6.1172     7.6654     9.4274    11.4420    13.3569    14.6366    17.4070 
2030     3.9356     5.3413     6.1966     7.7640     9.6459    11.6812    13.5785    14.8361    17.9775 
2031     4.0544     5.3781     6.2774     7.8553     9.7366    11.8110    13.7872    15.1178    18.3056 
2032     4.0530     5.4624     6.3179     7.9385     9.8961    11.9725    13.9734    15.1868    18.2219 
2033     4.0394     5.5339     6.4058     8.0472    10.0018    12.0810    14.1515    15.3293    18.3546 
2034     4.0909     5.6070     6.4706     8.0998    10.0833    12.1324    14.1413    15.5091    18.4170 

Mean Biomass  x       1000 MT

Year       Average        StdDev
2021        8.4435        1.5381
2022        8.2830        1.7317
2023        7.7151        1.7883
2024        7.2776        1.8228
2025        7.4227        2.1149
2026        7.8602        2.4562
2027        8.2203        2.6694
2028        8.5179        2.8118
2029        8.7575        2.9240
2030        8.9047        2.9602
2031        9.0147        3.0020
2032        9.1139        3.0216
2033        9.2181        3.0410
2034        9.2871        3.0596

Mean Biomass Distribution

Year       1%         5%         10%        25%        50%        75%        90%        95%        99%    
2021     5.6325     6.2154     6.5868     7.3418     8.3097     9.2996    10.5831    11.3378    12.6331 
2022     5.1315     5.7535     6.1558     7.0182     8.1293     9.3731    10.5584    11.2577    12.8750 
2023     4.4014     5.0656     5.5231     6.4172     7.6107     8.8275    10.0174    10.7123    12.3504 
2024     3.9205     4.6270     5.1039     5.9842     7.1171     8.3867     9.6149    10.3376    12.0708 
2025     3.4968     4.3279     4.8715     5.9292     7.2811     8.7108    10.0541    10.8934    13.1189 
2026     3.1912     4.2438     4.8691     6.1273     7.7211     9.3396    10.9143    11.9405    14.4436 
2027     3.1277     4.2439     5.0282     6.3751     8.0335     9.8304    11.5768    12.7034    15.3175 
2028     3.0877     4.3235     5.0999     6.5523     8.2910    10.2300    12.0809    13.2629    15.9513 
2029     3.0198     4.3803     5.2386     6.7408     8.5286    10.5180    12.4437    13.6976    16.6127 
2030     3.0614     4.5055     5.3039     6.8410     8.6940    10.6932    12.6577    13.8784    17.0120 
2031     3.1164     4.4863     5.3781     6.9483     8.7969    10.8601    12.8276    14.0854    17.2795 
2032     3.2041     4.5956     5.4040     6.9989     8.9154    10.9906    12.9441    14.1705    17.1078 
2033     3.1980     4.6426     5.5031     7.0935     9.0266    11.1209    13.1156    14.2719    17.0677 
2034     3.2035     4.6850     5.5850     7.1865     9.0813    11.1487    13.1517    14.4943    17.3098 

Combined Catch Biomass  x       1000 MT

Year       Average        StdDev
2021        2.8919        0.4690
2022        3.3936        0.5713
2023        3.3653        0.6737
2024        3.0750        0.6984
2025        2.1810        0.0000
2026        2.1810        0.0000
2027        2.1810        0.0000
2028        2.1808        0.0218
2029        2.1806        0.0308
2030        2.1806        0.0308
2031        2.1795        0.0577
2032        2.1788        0.0689
2033        2.1788        0.0689
2034        2.1779        0.0816

Combined Catch Distribution

Year       1%         5%         10%        25%        50%        75%        90%        95%        99%    
2021     1.9101     2.2937     2.3904     2.5797     2.8293     3.1530     3.4467     3.6903     4.6069 
2022     2.3282     2.5501     2.7003     2.9654     3.3622     3.7166     4.1957     4.4684     4.9025 
2023     2.1332     2.3727     2.5423     2.8788     3.3127     3.7895     4.2414     4.5344     5.1307 
2024     1.7932     2.0513     2.2180     2.5744     3.0290     3.5125     3.9695     4.2527     4.8472 
2025     2.1810     2.1810     2.1810     2.1810     2.1810     2.1810     2.1810     2.1810     2.1810 
2026     2.1810     2.1810     2.1810     2.1810     2.1810     2.1810     2.1810     2.1810     2.1810 
2027     2.1810     2.1810     2.1810     2.1810     2.1810     2.1810     2.1810     2.1810     2.1810 
2028     2.1810     2.1810     2.1810     2.1810     2.1810     2.1810     2.1810     2.1810     2.1810 
2029     2.1810     2.1810     2.1810     2.1810     2.1810     2.1810     2.1810     2.1810     2.1810 
2030     2.1810     2.1810     2.1810     2.1810     2.1810     2.1810     2.1810     2.1810     2.1810 
2031     2.1810     2.1810     2.1810     2.1810     2.1810     2.1810     2.1810     2.1810     2.1810 
2032     2.1810     2.1810     2.1810     2.1810     2.1810     2.1810     2.1810     2.1810     2.1810 
2033     2.1810     2.1810     2.1810     2.1810     2.1810     2.1810     2.1810     2.1810     2.1810 
2034     2.1810     2.1810     2.1810     2.1810     2.1810     2.1810     2.1810     2.1810     2.1810 

Landings  x       1000 MT

Year       Average        StdDev
2021        2.8919        0.4690
2022        3.3936        0.5713
2023        3.3653        0.6737
2024        3.0750        0.6984
2025        2.1810        0.0000
2026        2.1810        0.0000
2027        2.1810        0.0000
2028        2.1808        0.0218
2029        2.1806        0.0308
2030        2.1806        0.0308
2031        2.1795        0.0577
2032        2.1788        0.0689
2033        2.1788        0.0689
2034        2.1779        0.0816

Landings Distribution

Year       1%         5%         10%        25%        50%        75%        90%        95%        99%    
2021     1.9101     2.2937     2.3904     2.5797     2.8293     3.1530     3.4467     3.6903     4.6069 
2022     2.3282     2.5501     2.7003     2.9654     3.3622     3.7166     4.1957     4.4684     4.9025 
2023     2.1332     2.3727     2.5423     2.8788     3.3127     3.7895     4.2414     4.5344     5.1307 
2024     1.7932     2.0513     2.2180     2.5744     3.0290     3.5125     3.9695     4.2527     4.8472 
2025     2.1810     2.1810     2.1810     2.1810     2.1810     2.1810     2.1810     2.1810     2.1810 
2026     2.1810     2.1810     2.1810     2.1810     2.1810     2.1810     2.1810     2.1810     2.1810 
2027     2.1810     2.1810     2.1810     2.1810     2.1810     2.1810     2.1810     2.1810     2.1810 
2028     2.1810     2.1810     2.1810     2.1810     2.1810     2.1810     2.1810     2.1810     2.1810 
2029     2.1810     2.1810     2.1810     2.1810     2.1810     2.1810     2.1810     2.1810     2.1810 
2030     2.1810     2.1810     2.1810     2.1810     2.1810     2.1810     2.1810     2.1810     2.1810 
2031     2.1810     2.1810     2.1810     2.1810     2.1810     2.1810     2.1810     2.1810     2.1810 
2032     2.1810     2.1810     2.1810     2.1810     2.1810     2.1810     2.1810     2.1810     2.1810 
2033     2.1810     2.1810     2.1810     2.1810     2.1810     2.1810     2.1810     2.1810     2.1810 
2034     2.1810     2.1810     2.1810     2.1810     2.1810     2.1810     2.1810     2.1810     2.1810 

Total Fishing Mortality

Year       Average        StdDev
2021        1.0794        0.0000
2022        1.0794        0.0000
2023        1.0794        0.0000
2024        1.0794        0.0000
2025        0.8195        0.2524
2026        0.7918        0.3626
2027        0.7657        0.4574
2028        0.7389        0.5210
2029        0.7146        0.5487
2030        0.6935        0.5403
2031        0.6758        0.5317
2032        0.6617        0.4991
2033        0.6541        0.5306
2034        0.6414        0.5031

Total Fishing Mortality Distribution

Year       1%         5%         10%        25%        50%        75%        90%        95%        99%    
2021     1.0794     1.0794     1.0794     1.0794     1.0794     1.0794     1.0794     1.0794     1.0794 
2022     1.0794     1.0794     1.0794     1.0794     1.0794     1.0794     1.0794     1.0794     1.0794 
2023     1.0794     1.0794     1.0794     1.0794     1.0794     1.0794     1.0794     1.0794     1.0794 
2024     1.0794     1.0794     1.0794     1.0794     1.0794     1.0794     1.0794     1.0794     1.0794 
2025     0.4304     0.5064     0.5496     0.6393     0.7683     0.9440     1.1599     1.3170     1.6334 
2026     0.3442     0.4175     0.4621     0.5558     0.6981     0.9196     1.2378     1.4918     2.1416 
2027     0.2914     0.3650     0.4112     0.4973     0.6418     0.8791     1.2413     1.5715     2.5481 
2028     0.2696     0.3377     0.3782     0.4617     0.6055     0.8380     1.1974     1.5597     2.6874 
2029     0.2542     0.3190     0.3556     0.4403     0.5746     0.7984     1.1603     1.5332     2.8814 
2030     0.2436     0.3059     0.3439     0.4240     0.5574     0.7675     1.1242     1.5094     2.8820 
2031     0.2351     0.2994     0.3380     0.4137     0.5434     0.7519     1.0933     1.4455     2.7731 
2032     0.2355     0.2951     0.3328     0.4082     0.5332     0.7386     1.0744     1.4251     2.6694 
2033     0.2339     0.2947     0.3262     0.4004     0.5231     0.7353     1.0600     1.3940     2.5453 
2034     0.2326     0.2918     0.3225     0.3959     0.5167     0.7194     1.0320     1.3452     2.5087 

JAN-1 Stock Numbers at Age  -       1000  Fish

2021

Age        1%         5%         10%        25%        50%        75%        90%        95%        99%    
1      140.2370   175.0900   184.8320   216.7130   261.1480   317.3690   385.6290   409.5080   464.9250
2       58.9389    77.9477    80.8620    85.4451   100.4175   112.5240   125.3470   138.4980   148.4390
3       34.1986    41.3466    43.5177    47.9381    54.8765    60.4455    67.3245    74.4817    84.8335
4        4.4701     6.3288     7.3712     8.3369     9.5330    10.8358    12.5169    14.0136    20.6054
5        1.2938     1.6031     1.7337     2.2441     2.6907     3.2695     4.2092     4.8898     7.4995
6        0.2917     0.4842     0.6024     0.6936     0.9665     1.2287     1.8234     2.1765     5.0518
7        0.0278     0.0584     0.0739     0.1025     0.1591     0.2261     0.3164     0.3996     1.3049
8        0.0082     0.0292     0.0370     0.0584     0.1092     0.1670     0.2575     0.4456     2.1858
9        0.0003     0.0014     0.0021     0.0035     0.0085     0.0144     0.0223     0.0334     0.2402
10        0.0001     0.0005     0.0007     0.0015     0.0043     0.0069     0.0143     0.0242     0.2609
11        0.0000     0.0001     0.0002     0.0004     0.0014     0.0028     0.0051     0.0082     0.1988
12        0.0000     0.0000     0.0000     0.0000     0.0001     0.0003     0.0005     0.0008     0.0280
13        0.0000     0.0000     0.0000     0.0000     0.0000     0.0002     0.0003     0.0005     0.0316
14        0.0000     0.0000     0.0000     0.0000     0.0000     0.0000     0.0001     0.0001     0.0183
15+       0.0000     0.0000     0.0000     0.0000     0.0000     0.0000     0.0000     0.0000     0.0127

2022

Age        1%         5%         10%        25%        50%        75%        90%        95%        99%    
1       68.6839    71.1127    79.2295   105.7051   168.3336   235.8567   278.5597   306.0789   325.3487
2       87.1913   102.0538   108.8158   126.0200   152.7815   187.0803   225.8964   246.4319   280.1606
3       26.7555    34.5100    36.2596    39.2236    44.8211    51.1711    57.9261    62.8521    71.1216
4       11.9670    13.8567    14.9449    16.5330    18.5605    20.8380    23.5868    25.9628    30.9775
5        1.4252     1.9477     2.1912     2.5217     2.9091     3.3229     3.8999     4.2866     6.5171
6        0.3754     0.4622     0.5106     0.6463     0.7742     0.9549     1.2416     1.4496     2.3782
7        0.0953     0.1450     0.1716     0.2056     0.2748     0.3648     0.5313     0.6320     1.6337
8        0.0091     0.0177     0.0218     0.0304     0.0467     0.0674     0.0967     0.1263     0.4426
9        0.0029     0.0092     0.0113     0.0183     0.0335     0.0513     0.0813     0.1371     0.7483
10        0.0001     0.0004     0.0007     0.0011     0.0027     0.0045     0.0074     0.0110     0.0872
11        0.0000     0.0002     0.0002     0.0005     0.0014     0.0023     0.0049     0.0079     0.0962
12        0.0000     0.0000     0.0001     0.0001     0.0005     0.0009     0.0017     0.0028     0.0785
13        0.0000     0.0000     0.0000     0.0000     0.0000     0.0001     0.0002     0.0003     0.0108
14        0.0000     0.0000     0.0000     0.0000     0.0000     0.0001     0.0001     0.0002     0.0121
15+       0.0000     0.0000     0.0000     0.0000     0.0000     0.0000     0.0000     0.0001     0.0120

2023

Age        1%         5%         10%        25%        50%        75%        90%        95%        99%    
1       68.6295    70.2050    78.9346   104.0941   168.7283   236.5810   280.7822   305.9697   325.3650
2       38.7760    42.1160    46.2620    61.3293    97.8168   138.3374   164.8238   179.6568   200.5337
3       38.9517    45.7620    48.9592    56.8811    68.9828    85.1157   102.5619   111.9753   128.7818
4        9.0928    11.5533    12.3069    13.4583    15.3567    17.6154    20.0579    21.7425    24.7757
5        3.6228     4.1754     4.5054     4.9826     5.6090     6.3424     7.2098     7.8819     9.5958
6        0.4144     0.5608     0.6258     0.7285     0.8418     0.9668     1.1280     1.2514     1.8819
7        0.1081     0.1327     0.1474     0.1860     0.2237     0.2782     0.3618     0.4199     0.7011
8        0.0284     0.0430     0.0503     0.0609     0.0813     0.1086     0.1573     0.1873     0.4790
9        0.0030     0.0054     0.0066     0.0093     0.0142     0.0208     0.0297     0.0389     0.1442
10        0.0010     0.0029     0.0036     0.0058     0.0106     0.0162     0.0258     0.0428     0.2541
11        0.0000     0.0001     0.0002     0.0004     0.0009     0.0015     0.0024     0.0036     0.0286
12        0.0000     0.0001     0.0001     0.0002     0.0005     0.0008     0.0016     0.0027     0.0328
13        0.0000     0.0000     0.0000     0.0000     0.0002     0.0003     0.0006     0.0009     0.0274
14        0.0000     0.0000     0.0000     0.0000     0.0000     0.0000     0.0001     0.0001     0.0038
15+       0.0000     0.0000     0.0000     0.0000     0.0000     0.0000     0.0000     0.0001     0.0083

2024

Age        1%         5%         10%        25%        50%        75%        90%        95%        99%    
1       68.7313    70.6964    79.0941   104.5456   168.4852   236.2675   282.0915   306.9105   325.1690
2       38.6552    41.9615    46.0140    60.7926    98.4299   139.0450   165.8111   179.2620   199.0835
3       17.2295    19.0253    20.8662    27.7060    43.8779    61.9719    75.0812    81.6602    92.5812
4       13.2485    15.5739    16.6888    19.5122    23.7218    29.2635    35.2631    38.7760    44.3598
5        2.7526     3.4495     3.6896     4.0724     4.6484     5.3655     6.1119     6.6375     7.5992
6        1.0396     1.1910     1.2917     1.4401     1.6258     1.8421     2.0909     2.2932     2.7909
7        0.1213     0.1614     0.1796     0.2094     0.2440     0.2810     0.3272     0.3681     0.5442
8        0.0321     0.0389     0.0437     0.0545     0.0664     0.0828     0.1075     0.1257     0.2123
9        0.0090     0.0131     0.0152     0.0187     0.0249     0.0335     0.0484     0.0574     0.1487
10        0.0010     0.0017     0.0021     0.0029     0.0045     0.0066     0.0094     0.0125     0.0488
11        0.0003     0.0009     0.0012     0.0019     0.0034     0.0052     0.0084     0.0138     0.0869
12        0.0000     0.0000     0.0001     0.0001     0.0003     0.0005     0.0008     0.0012     0.0095
13        0.0000     0.0000     0.0000     0.0001     0.0002     0.0003     0.0005     0.0009     0.0110
14        0.0000     0.0000     0.0000     0.0000     0.0001     0.0001     0.0002     0.0003     0.0092
15+       0.0000     0.0000     0.0000     0.0000     0.0000     0.0000     0.0000     0.0001     0.0043

2025

Age        1%         5%         10%        25%        50%        75%        90%        95%        99%    
1       68.7291    70.8350    79.2069   104.0753   168.5252   235.8311   278.4872   308.0703   325.7242
2       38.8904    42.0505    46.1604    60.9000    97.9717   138.7198   165.3407   179.8174   199.9507
3       17.1303    18.9509    20.8092    27.3810    44.3077    62.4123    75.1501    81.7605    92.6480
4        5.7898     6.5332     7.1843     9.4635    14.9489    21.1997    25.9008    28.2752    32.5231
5        3.9917     4.6938     5.0542     5.8930     7.1901     8.8874    10.6795    11.7714    13.6617
6        0.7977     0.9795     1.0565     1.1761     1.3455     1.5604     1.7765     1.9222     2.2091
7        0.2977     0.3398     0.3689     0.4149     0.4708     0.5363     0.6106     0.6711     0.8154
8        0.0357     0.0473     0.0529     0.0618     0.0722     0.0839     0.0979     0.1098     0.1609
9        0.0098     0.0118     0.0133     0.0166     0.0204     0.0254     0.0331     0.0386     0.0649
10        0.0029     0.0041     0.0048     0.0059     0.0079     0.0106     0.0154     0.0183     0.0472
11        0.0003     0.0006     0.0007     0.0009     0.0014     0.0021     0.0030     0.0041     0.0165
12        0.0001     0.0003     0.0004     0.0006     0.0011     0.0017     0.0028     0.0046     0.0278
13        0.0000     0.0000     0.0000     0.0000     0.0001     0.0002     0.0003     0.0004     0.0031
14        0.0000     0.0000     0.0000     0.0000     0.0001     0.0001     0.0002     0.0003     0.0038
15+       0.0000     0.0000     0.0000     0.0000     0.0000     0.0000     0.0001     0.0001     0.0048

2026

Age        1%         5%         10%        25%        50%        75%        90%        95%        99%    
1       68.6243    70.3363    78.5059   104.3256   168.5584   235.6729   279.9937   305.9751   325.1429
2       38.6611    42.3521    46.7350    61.2431    99.0618   139.8267   168.4761   182.8576   208.7589
3       15.5782    18.6743    21.0226    28.3863    47.9040    71.1552    88.5276    96.7051   112.2240
4        4.6218     6.2531     7.2948    10.1967    17.7998    27.0714    34.9255    38.4920    46.1206
5        1.4650     2.0176     2.4103     3.3230     5.4522     8.1070    10.7930    12.1137    14.8912
6        1.0112     1.3560     1.5928     2.0165     2.6000     3.3672     4.1902     4.7095     5.7429
7        0.2086     0.2793     0.3260     0.4014     0.4888     0.5936     0.7006     0.7757     0.9138
8        0.0784     0.1029     0.1175     0.1431     0.1745     0.2076     0.2432     0.2709     0.3268
9        0.0108     0.0152     0.0175     0.0219     0.0270     0.0330     0.0398     0.0453     0.0640
10        0.0030     0.0041     0.0048     0.0061     0.0078     0.0101     0.0133     0.0158     0.0263
11        0.0010     0.0014     0.0017     0.0023     0.0031     0.0043     0.0062     0.0076     0.0190
12        0.0001     0.0002     0.0003     0.0004     0.0006     0.0009     0.0012     0.0017     0.0063
13        0.0001     0.0001     0.0002     0.0003     0.0004     0.0007     0.0012     0.0018     0.0113
14        0.0000     0.0000     0.0000     0.0000     0.0000     0.0001     0.0001     0.0002     0.0013
15+       0.0000     0.0000     0.0000     0.0000     0.0000     0.0001     0.0001     0.0002     0.0036

2027

Age        1%         5%         10%        25%        50%        75%        90%        95%        99%    
1       68.6641    70.1979    78.3447   104.2781   168.4708   237.7917   280.1123   307.0188   324.9695
2       38.6824    42.2459    45.9861    61.3145    99.7693   140.0132   167.9713   182.3864   208.1775
3       13.7750    18.4658    21.3536    29.2296    49.3610    72.7474    90.9877    99.8529   119.2739
4        2.9939     5.4727     7.0542    10.9777    20.1442    32.5247    43.4850    48.7688    60.3725
5        0.7460     1.5869     2.1977     3.7015     6.8466    11.4074    15.8417    18.3414    23.2117
6        0.2171     0.5135     0.7114     1.1857     2.0137     3.2763     4.6942     5.4977     7.2296
7        0.1481     0.3175     0.4429     0.6961     1.0102     1.4034     1.8281     2.1278     2.7278
8        0.0305     0.0644     0.0904     0.1382     0.1936     0.2543     0.3169     0.3604     0.4406
9        0.0123     0.0246     0.0337     0.0511     0.0704     0.0912     0.1114     0.1260     0.1574
10        0.0020     0.0039     0.0053     0.0079     0.0111     0.0146     0.0185     0.0210     0.0291
11        0.0006     0.0012     0.0015     0.0023     0.0032     0.0045     0.0061     0.0073     0.0117
12        0.0002     0.0004     0.0006     0.0009     0.0013     0.0019     0.0027     0.0035     0.0084
13        0.0000     0.0001     0.0001     0.0001     0.0002     0.0004     0.0006     0.0008     0.0028
14        0.0000     0.0000     0.0001     0.0001     0.0002     0.0003     0.0005     0.0008     0.0051
15+       0.0000     0.0000     0.0000     0.0000     0.0000     0.0001     0.0001     0.0002     0.0022

2028

Age        1%         5%         10%        25%        50%        75%        90%        95%        99%    
1       68.6336    70.9513    79.4374   105.6462   168.5600   236.2915   280.2302   307.9497   326.2656
2       38.5680    42.4088    45.9971    61.4829    99.8407   141.6271   169.0963   183.6068   205.5232
3       12.4767    18.4333    21.6249    29.5840    50.2683    73.0811    91.9788   101.3232   120.2253
4        2.2855     5.1145     7.1049    11.7043    21.1222    34.2581    45.9665    51.6898    66.2845
5        0.3766     1.2891     2.1055     4.0565     8.1091    14.5461    20.8103    24.2100    31.8274
6        0.0808     0.3526     0.6292     1.3324     2.6922     4.8894     7.3506     8.8621    11.9164
7        0.0276     0.1098     0.2054     0.4257     0.7987     1.4108     2.1344     2.6157     3.7373
8        0.0164     0.0701     0.1192     0.2443     0.4166     0.6292     0.8650     1.0309     1.4088
9        0.0035     0.0143     0.0249     0.0494     0.0816     0.1174     0.1548     0.1800     0.2259
10        0.0015     0.0057     0.0097     0.0187     0.0302     0.0427     0.0551     0.0634     0.0824
11        0.0003     0.0009     0.0016     0.0030     0.0048     0.0069     0.0091     0.0107     0.0145
12        0.0001     0.0003     0.0005     0.0009     0.0014     0.0021     0.0029     0.0036     0.0057
13        0.0000     0.0001     0.0002     0.0003     0.0006     0.0009     0.0013     0.0017     0.0037
14        0.0000     0.0000     0.0000     0.0001     0.0001     0.0002     0.0003     0.0004     0.0013
15+       0.0000     0.0000     0.0000     0.0000     0.0001     0.0002     0.0003     0.0005     0.0033

2029

Age        1%         5%         10%        25%        50%        75%        90%        95%        99%    
1       68.6330    69.8764    78.5752   104.8386   168.5875   236.9442   280.0856   306.3862   325.4905
2       39.0806    42.6602    46.6736    62.2491    99.9707   141.0834   169.7551   185.2373   208.5916
3       11.8812    18.6605    21.8171    30.2370    50.7710    73.8991    93.1694   102.6492   119.8027
4        1.9314     5.2371     7.5769    12.0324    22.0618    35.0188    46.9504    53.2179    66.5932
5        0.2688     1.1835     2.1002     4.4034     8.8450    15.6645    22.6728    26.4319    35.3061
6        0.0381     0.2751     0.5963     1.4819     3.3063     6.4964     9.9722    12.1359    16.9850
7        0.0091     0.0781     0.1754     0.4885     1.1085     2.1707     3.5077     4.3584     6.2224
8        0.0028     0.0258     0.0581     0.1583     0.3360     0.6354     1.0222     1.3052     1.9441
9        0.0018     0.0160     0.0341     0.0902     0.1803     0.2972     0.4334     0.5196     0.7311
10        0.0004     0.0033     0.0073     0.0186     0.0358     0.0564     0.0780     0.0931     0.1228
11        0.0002     0.0014     0.0029     0.0072     0.0135     0.0209     0.0283     0.0331     0.0449
12        0.0000     0.0002     0.0005     0.0012     0.0022     0.0034     0.0047     0.0056     0.0077
13        0.0000     0.0001     0.0002     0.0004     0.0007     0.0010     0.0015     0.0019     0.0029
14        0.0000     0.0000     0.0001     0.0001     0.0003     0.0004     0.0007     0.0009     0.0018
15+       0.0000     0.0000     0.0000     0.0000     0.0001     0.0002     0.0003     0.0004     0.0022

2030

Age        1%         5%         10%        25%        50%        75%        90%        95%        99%    
1       68.6707    70.9668    79.0695   103.4845   168.0651   234.8498   279.1128   306.1899   325.7230
2       38.3019    42.5637    46.4031    62.0215   100.1663   141.3344   170.0133   184.3906   209.4519
3       11.6031    19.2132    22.3719    30.9592    51.4131    74.5131    94.2609   103.1720   122.4492
4        1.6340     5.1824     7.8707    12.6757    22.5642    35.5915    48.3544    54.4866    66.6795
5        0.2018     1.2782     2.2921     4.6619     9.3318    16.3463    23.3594    27.2899    36.2962
6        0.0254     0.2691     0.6106     1.6346     3.7079     7.1523    11.0917    13.4191    19.2739
7        0.0035     0.0605     0.1732     0.5468     1.3871     2.9502     4.8650     6.1359     9.0423
8        0.0010     0.0176     0.0524     0.1830     0.4729     1.0113     1.7282     2.2092     3.3588
9        0.0003     0.0062     0.0178     0.0608     0.1469     0.2982     0.5062     0.6650     1.0279
10        0.0002     0.0038     0.0107     0.0352     0.0810     0.1437     0.2203     0.2713     0.4017
11        0.0001     0.0008     0.0023     0.0073     0.0163     0.0278     0.0403     0.0492     0.0680
12        0.0000     0.0003     0.0010     0.0029     0.0062     0.0104     0.0148     0.0177     0.0248
13        0.0000     0.0001     0.0002     0.0005     0.0010     0.0017     0.0025     0.0030     0.0042
14        0.0000     0.0000     0.0001     0.0001     0.0003     0.0005     0.0008     0.0010     0.0016
15+       0.0000     0.0000     0.0000     0.0001     0.0002     0.0003     0.0005     0.0007     0.0019

2031

Age        1%         5%         10%        25%        50%        75%        90%        95%        99%    
1       68.6802    70.7669    78.8108   104.4645   168.1923   235.6957   280.0453   307.4059   325.3635
2       38.5692    42.7308    46.6694    61.4854    99.0637   140.0676   169.1104   183.4468   207.7218
3       11.9649    19.0951    22.4458    30.8571    51.6023    75.1964    94.3381   103.7537   121.9825
4        1.6481     5.6331     8.1569    13.1381    23.1108    36.2609    48.9205    55.2952    69.3088
5        0.1512     1.2563     2.4169     5.0508     9.6591    16.7870    24.3209    28.3652    36.5748
6        0.0158     0.2828     0.6754     1.7537     3.9623     7.6742    11.6018    13.9478    19.6116
7        0.0023     0.0610     0.1796     0.6157     1.5799     3.3388     5.4860     6.9113    10.4983
8        0.0004     0.0150     0.0521     0.2089     0.6011     1.3759     2.3971     3.1968     4.8453
9        0.0001     0.0044     0.0167     0.0707     0.2101     0.4774     0.8604     1.1318     1.7942
10        0.0000     0.0016     0.0057     0.0241     0.0663     0.1449     0.2584     0.3498     0.5586
11        0.0000     0.0010     0.0034     0.0140     0.0373     0.0711     0.1138     0.1457     0.2209
12        0.0000     0.0002     0.0007     0.0030     0.0076     0.0140     0.0213     0.0266     0.0376
13        0.0000     0.0001     0.0003     0.0012     0.0029     0.0052     0.0079     0.0096     0.0137
14        0.0000     0.0000     0.0001     0.0002     0.0005     0.0009     0.0013     0.0016     0.0023
15+       0.0000     0.0000     0.0000     0.0001     0.0002     0.0004     0.0007     0.0009     0.0017

2032

Age        1%         5%         10%        25%        50%        75%        90%        95%        99%    
1       68.7055    71.1056    79.2771   103.6513   168.5172   237.4416   279.1486   306.0267   325.3777
2       38.8914    42.6477    46.5712    61.7128    99.3228   140.3321   169.4987   185.1367   209.1167
3       11.7633    19.6221    22.7966    30.8701    50.9425    73.9674    94.4249   103.6991   123.2744
4        1.6728     5.6316     8.3587    13.2465    23.3342    36.8461    49.3238    55.4728    68.9339
5        0.1653     1.2840     2.5997     5.2360    10.0544    17.2921    24.9577    28.9888    37.8445
6        0.0128     0.2899     0.7230     1.9578     4.1579     7.9096    11.9980    14.6311    19.6377
7        0.0016     0.0638     0.2007     0.6802     1.7220     3.5578     5.7868     7.2483    10.6308
8        0.0003     0.0148     0.0547     0.2376     0.6925     1.5833     2.7587     3.6155     5.6612
9        0.0001     0.0039     0.0163     0.0831     0.2687     0.6562     1.2092     1.6594     2.6764
10        0.0000     0.0012     0.0053     0.0281     0.0957     0.2313     0.4413     0.5906     0.9712
11        0.0000     0.0004     0.0019     0.0099     0.0307     0.0714     0.1329     0.1852     0.3053
12        0.0000     0.0003     0.0012     0.0058     0.0174     0.0358     0.0598     0.0785     0.1232
13        0.0000     0.0001     0.0003     0.0013     0.0036     0.0071     0.0113     0.0144     0.0209
14        0.0000     0.0000     0.0001     0.0005     0.0014     0.0027     0.0042     0.0053     0.0076
15+       0.0000     0.0000     0.0000     0.0001     0.0003     0.0007     0.0011     0.0013     0.0021

2033

Age        1%         5%         10%        25%        50%        75%        90%        95%        99%    
1       68.6284    70.4051    78.9536   105.1185   168.8019   238.6008   283.1324   308.2892   325.6469
2       38.5231    42.8632    46.7789    61.3207    99.9099   142.4024   170.0155   184.4874   207.9630
3       13.0225    19.7118    22.7548    31.1467    51.2414    74.9741    95.0362   104.6669   125.1515
4        1.6742     5.9889     8.4010    13.2814    23.0865    36.3471    49.5782    55.5365    69.7777
5        0.1754     1.4238     2.7007     5.3063    10.2399    17.5495    25.1233    29.1588    38.3869
6        0.0132     0.2963     0.8111     2.0244     4.3720     8.1258    12.4337    15.1578    20.3033
7        0.0013     0.0642     0.2304     0.7470     1.8158     3.7435     5.9923     7.5506    10.7316
8        0.0002     0.0162     0.0639     0.2668     0.7617     1.6896     2.9232     3.7347     5.6968
9        0.0000     0.0039     0.0181     0.0944     0.3101     0.7643     1.4059     1.9064     3.1156
10        0.0000     0.0010     0.0053     0.0343     0.1237     0.3209     0.6191     0.8691     1.4768
11        0.0000     0.0004     0.0017     0.0118     0.0444     0.1145     0.2293     0.3150     0.5359
12        0.0000     0.0001     0.0007     0.0042     0.0144     0.0359     0.0696     0.0989     0.1680
13        0.0000     0.0001     0.0004     0.0024     0.0082     0.0182     0.0316     0.0419     0.0695
14        0.0000     0.0000     0.0001     0.0005     0.0017     0.0036     0.0060     0.0078     0.0120
15+       0.0000     0.0000     0.0001     0.0003     0.0008     0.0017     0.0028     0.0036     0.0055

2034

Age        1%         5%         10%        25%        50%        75%        90%        95%        99%    
1       68.5774    70.7238    79.0567   104.6766   168.5082   236.4078   278.4021   306.2033   325.4250
2       38.5484    42.5561    46.4629    62.2119   100.8064   144.0615   172.0785   185.8292   211.1837
3       12.7273    20.0027    22.9918    30.9548    51.5800    75.9995    95.5046   104.8414   123.0159
4        1.9754     6.0579     8.4986    13.4450    23.4653    36.8985    49.6688    56.4592    71.0893
5        0.1772     1.4985     2.7476     5.4322    10.3030    17.5865    25.1585    28.9769    38.4417
6        0.0178     0.3351     0.8201     2.0682     4.5140     8.3125    12.6360    15.1179    21.1166
7        0.0014     0.0706     0.2408     0.7864     1.9343     3.8639     6.2674     7.8213    11.0731
8        0.0002     0.0164     0.0722     0.2936     0.8262     1.7910     3.0274     3.9132     5.8838
9        0.0000     0.0042     0.0205     0.1072     0.3428     0.8270     1.4988     1.9783     3.1505
10        0.0000     0.0011     0.0062     0.0387     0.1424     0.3743     0.7201     1.0056     1.7050
11        0.0000     0.0003     0.0019     0.0140     0.0575     0.1593     0.3251     0.4615     0.8226
12        0.0000     0.0001     0.0006     0.0050     0.0208     0.0577     0.1194     0.1693     0.3022
13        0.0000     0.0000     0.0002     0.0018     0.0068     0.0182     0.0366     0.0528     0.0924
14        0.0000     0.0000     0.0001     0.0010     0.0039     0.0092     0.0169     0.0229     0.0377
15+       0.0000     0.0000     0.0001     0.0004     0.0012     0.0028     0.0048     0.0062     0.0096

Probability Spawning Stock Biomass Exceeds Threshold      3.660 (1000 MT)

Year    Probability

2021    0.017800
2022    0.018500
2023    0.135200
2024    0.061200
2025    0.136600
2026    0.297400
2027    0.399400
2028    0.463400
2029    0.504400
2030    0.536600
2031    0.563600
2032    0.577000
2033    0.589900
2034    0.599000

Probability Threshold Exceeded at Least Once =     0.8574

Probability Total Fishing Mortality Exceeds Threshold     0.8413 

Year    Probability

2021    1.000000
2022    1.000000
2023    1.000000
2024    1.000000
2025    0.376700
2026    0.318700
2027    0.275000
2028    0.247100
2029    0.221400
2030    0.201000
2031    0.189300
2032    0.183600
2033    0.178500
2034    0.171800

Probability Threshold Exceeded at Least Once =     1.0000


Requested Percentile Report

Percentile =    50.00 %

                                 2021       2022       2023       2024       2025       2026       2027       2028       2029       2030       2031       2032       2033       2034 

Recruits                     168.3336   168.7283   168.4852   168.5252   168.5584   168.4708   168.5600   168.5875   168.0651   168.1923   168.5172   168.8019   168.5082   168.6770 
Spawning Stock Biomass         2.2266     2.5869     2.9087     2.5502     2.6067     2.9134     3.2636     3.4858     3.6831     3.8228     3.9548     4.0403     4.1037     4.1794 
Jan-1 Stock Biomass            9.1638     9.3719     8.9351     8.3264     8.0644     8.5111     8.8687     9.1997     9.4274     9.6459     9.7366     9.8961    10.0018    10.0833 
Mean Biomass                   8.3097     8.1293     7.6107     7.1171     7.2811     7.7211     8.0335     8.2910     8.5286     8.6940     8.7969     8.9154     9.0266     9.0813 
Combined Catch Biomass         2.8293     3.3622     3.3127     3.0290     2.1810     2.1810     2.1810     2.1810     2.1810     2.1810     2.1810     2.1810     2.1810     2.1810 
Landings                       2.8293     3.3622     3.3127     3.0290     2.1810     2.1810     2.1810     2.1810     2.1810     2.1810     2.1810     2.1810     2.1810     2.1810 
FMort                          1.0794     1.0794     1.0794     1.0794     0.7683     0.6981     0.6418     0.6055     0.5746     0.5574     0.5434     0.5332     0.5231     0.5167 

Stock Numbers at Age
Age 1                        261.1480   168.3336   168.7283   168.4852   168.5252   168.5584   168.4708   168.5600   168.5875   168.0651   168.1923   168.5172   168.8019   168.5082 
Age 2                        100.4175   152.7815    97.8168    98.4299    97.9717    99.0618    99.7693    99.8407    99.9707   100.1663    99.0637    99.3228    99.9099   100.8064 
Age 3                         54.8765    44.8211    68.9828    43.8779    44.3077    47.9040    49.3610    50.2683    50.7710    51.4131    51.6023    50.9425    51.2414    51.5800 
Age 4                          9.5330    18.5605    15.3567    23.7218    14.9489    17.7998    20.1442    21.1222    22.0618    22.5642    23.1108    23.3342    23.0865    23.4653 
Age 5                          2.6907     2.9091     5.6090     4.6484     7.1901     5.4522     6.8466     8.1091     8.8450     9.3318     9.6591    10.0544    10.2399    10.3030 
Age 6                          0.9665     0.7742     0.8418     1.6258     1.3455     2.6000     2.0137     2.6922     3.3063     3.7079     3.9623     4.1579     4.3720     4.5140 
Age 7                          0.1591     0.2748     0.2237     0.2440     0.4708     0.4888     1.0102     0.7987     1.1085     1.3871     1.5799     1.7220     1.8158     1.9343 
Age 8                          0.1092     0.0467     0.0813     0.0664     0.0722     0.1745     0.1936     0.4166     0.3360     0.4729     0.6011     0.6925     0.7617     0.8262 
Age 9                          0.0085     0.0335     0.0142     0.0249     0.0204     0.0270     0.0704     0.0816     0.1803     0.1469     0.2101     0.2687     0.3101     0.3428 
Age 10                          0.0043     0.0027     0.0106     0.0045     0.0079     0.0078     0.0111     0.0302     0.0358     0.0810     0.0663     0.0957     0.1237     0.1424 
Age 11                          0.0014     0.0014     0.0009     0.0034     0.0014     0.0031     0.0032     0.0048     0.0135     0.0163     0.0373     0.0307     0.0444     0.0575 
Age 12                          0.0001     0.0005     0.0005     0.0003     0.0011     0.0006     0.0013     0.0014     0.0022     0.0062     0.0076     0.0174     0.0144     0.0208 
Age 13                          0.0000     0.0000     0.0002     0.0002     0.0001     0.0004     0.0002     0.0006     0.0007     0.0010     0.0029     0.0036     0.0082     0.0068 
Age 14                          0.0000     0.0000     0.0000     0.0001     0.0001     0.0000     0.0002     0.0001     0.0003     0.0003     0.0005     0.0014     0.0017     0.0039 
Age 15                          0.0000     0.0000     0.0000     0.0000     0.0000     0.0000     0.0000     0.0001     0.0001     0.0002     0.0002     0.0003     0.0008     0.0012 
