AGEPRO VERSION 4.2

Constant_Q_2182_CR_age1_lowS

Date & Time of Run: 07 May 2024  23:18

Input File Name:    Constant_Q2182_CR_age1_lowS.inp

First Age Class:                         1
Number of Age Classes:                  15
Number of Years in Projection:          14
Number of Fleets:                        9
Number of Recruitment Models:            3
Number of Bootstraps:                  100
Number of Simulations:                 100

Bootstrap File Name:            C:\Users\jon.brodziak\Desktop\2024 WCNPO MLS Rebuilding\Bootstrap-numbers-at-age\2023_WCNPOMLS.bsn

Number of Feasible Solutions:       9982  of      10000 Realizations

Input Harvest Scenario

Year  Type        Fleet-1    Fleet-2    Fleet-3    Fleet-4    Fleet-5    Fleet-6    Fleet-7    Fleet-8    Fleet-9    

2021  F-Mult       0.1651     0.0453     0.2588     0.0166     0.0610     0.0487     0.0642     0.0722     0.3475 
2022  F-Mult       0.1651     0.0453     0.2588     0.0166     0.0610     0.0487     0.0642     0.0722     0.3475 
2023  F-Mult       0.1651     0.0453     0.2588     0.0166     0.0610     0.0487     0.0642     0.0722     0.3475 
2024  F-Mult       0.1651     0.0453     0.2588     0.0166     0.0610     0.0487     0.0642     0.0722     0.3475 
2025  Landings        313        124        649         58        190         85        164        294        306 
2026  Landings        313        124        649         58        190         85        164        294        306 
2027  Landings        313        124        649         58        190         85        164        294        306 
2028  Landings        313        124        649         58        190         85        164        294        306 
2029  Landings        313        124        649         58        190         85        164        294        306 
2030  Landings        313        124        649         58        190         85        164        294        306 
2031  Landings        313        124        649         58        190         85        164        294        306 
2032  Landings        313        124        649         58        190         85        164        294        306 
2033  Landings        313        124        649         58        190         85        164        294        306 
2034  Landings        313        124        649         58        190         85        164        294        306 

Recruitment Selection Distribution

Year  Selection-1 Selection-2 Selection-3 

2021      0.1216     0.8348     0.0436 
2022      0.1180     0.8426     0.0394 
2023      0.1170     0.8397     0.0433 
2024      0.1248     0.8343     0.0409 
2025      0.1176     0.8409     0.0415 
2026      0.1221     0.8387     0.0392 
2027      0.1185     0.8393     0.0422 
2028      0.1218     0.8393     0.0389 
2029      0.1184     0.8422     0.0394 
2030      0.1142     0.8456     0.0402 
2031      0.1187     0.8443     0.0370 
2032      0.1215     0.8400     0.0385 
2033      0.1201     0.8413     0.0386 
2034      0.1203     0.8393     0.0404 

Recruits        1000  Fish

Year Class   Average        StdDev
2021        172.2645       81.0840
2022        175.1304       80.2219
2023        174.5707       82.5190
2024        172.9316       80.8284
2025        173.0560       80.3644
2026        173.2385       79.6054
2027        174.2563       82.7887
2028        173.0710       85.1726
2029        173.3048       81.9663
2030        174.0473       82.1797
2031        172.8912       83.6805
2032        172.8752       80.3961
2033        173.8284       80.4578
2034        173.4268       80.7649

Recruits Distribution

Year Class 1%         5%         10%        25%        50%        75%        90%        95%        99%    
2021    68.6043    70.0640    78.4414   104.1632   168.0819   236.1532   277.6595   307.0621   326.6068
2022    68.7141    71.8888    79.5269   106.5091   168.7988   238.0336   279.6521   306.6939   324.9181
2023    68.6320    71.6530    79.4936   105.0279   168.7322   238.2653   279.9639   306.2504   325.0798
2024    68.6478    69.8787    78.5011   104.6077   168.4431   235.7990   279.5742   306.2066   325.4101
2025    68.6935    70.6837    79.1143   104.3009   168.5196   236.0453   277.3447   305.7587   324.9008
2026    68.6425    70.9003    79.5551   105.7249   168.4319   235.7705   279.2602   306.8256   324.8817
2027    68.6058    70.4986    79.1445   104.6017   168.4778   237.2528   279.8240   308.2204   338.3494
2028    68.6342    70.5899    78.8404   104.6859   168.4887   235.9214   277.7109   305.1322   325.3259
2029    68.6046    70.7939    79.2708   104.7863   168.4984   235.4495   277.8827   306.7673   325.0676
2030    68.5706    70.8523    79.0066   104.6612   168.6467   236.7582   281.0596   306.9600   331.1780
2031    68.7131    70.9072    78.9848   104.0457   168.2661   236.1282   277.7191   304.5757   325.1991
2032    68.6839    70.4198    78.5155   104.6978   168.4054   236.0418   277.7229   305.8559   324.8812
2033    68.6076    70.8559    79.3437   104.9692   168.7589   237.2015   279.0549   305.6997   325.3690
2034    68.7056    71.1357    78.8904   104.5531   168.3446   237.4611   280.8593   307.6404   332.1858

Spawning Stock Biomass  x       1000 MT

Year       Average        StdDev
2021        2.2948        0.4594
2022        2.6202        0.4333
2023        2.9712        0.6191
2024        2.6232        0.6483
2025        2.7044        0.8965
2026        3.0834        1.3481
2027        3.4112        1.6323
2028        3.6724        1.7933
2029        3.8783        1.8896
2030        4.0420        1.9786
2031        4.1571        2.0575
2032        4.2479        2.0882
2033        4.3219        2.1393
2034        4.3679        2.1774

Spawning Stock Biomass Distribution

Year        1%         5%         10%        25%        50%        75%        90%        95%        99%   
2021     1.4702     1.7287     1.8313     1.9984     2.2245     2.5087     2.7995     3.0431     4.1541 
2022     1.7684     1.9761     2.0941     2.3169     2.5839     2.8699     3.2106     3.4384     3.7751 
2023     1.8588     2.0945     2.2370     2.5176     2.8995     3.3384     3.8209     4.1145     4.6681 
2024     1.4742     1.6945     1.8461     2.1459     2.5644     3.0284     3.4594     3.7438     4.3075 
2025     1.0808     1.4101     1.6183     2.0551     2.6208     3.2658     3.8377     4.2216     5.1028 
2026     0.7610     1.1888     1.4930     2.1119     2.9347     3.8957     4.7949     5.3809     6.6691 
2027     0.5782     1.1017     1.4872     2.2240     3.2424     4.3749     5.4968     6.2091     7.9572 
2028     0.5114     1.0885     1.5251     2.3873     3.4908     4.7642     5.9557     6.7474     8.5908 
2029     0.4875     1.1466     1.5973     2.5095     3.6876     5.0340     6.3183     7.1184     9.0745 
2030     0.4868     1.2131     1.6863     2.6187     3.8392     5.2140     6.5759     7.3991     9.6043 
2031     0.4572     1.2503     1.7654     2.7184     3.9637     5.3448     6.7465     7.6626     9.8324 
2032     0.4601     1.2843     1.7955     2.7814     4.0417     5.4552     6.8550     7.8346     9.8871 
2033     0.5022     1.2773     1.7793     2.8368     4.1076     5.5940     6.9974     7.9849    10.1165 
2034     0.4567     1.2887     1.8183     2.8291     4.1923     5.6215     7.0926     8.0158    10.2645 

JAN-1 Stock Biomass  x       1000 MT

Year       Average        StdDev
2021        9.3018        1.6028
2022        9.5306        1.8227
2023        9.0744        1.9579
2024        8.5361        2.0245
2025        8.2253        2.0088
2026        8.6791        2.3601
2027        9.0705        2.5963
2028        9.3977        2.7556
2029        9.6409        2.8696
2030        9.8309        2.9688
2031        9.9851        3.0388
2032       10.0900        3.1033
2033       10.1699        3.1378
2034       10.2371        3.1529

JAN-1 Stock Biomass Distribution

Year       1%         5%         10%        25%        50%        75%        90%        95%        99%    
2021     6.3087     6.9605     7.3639     8.1724     9.1675    10.1455    11.5917    12.3207    13.7492 
2022     6.1183     6.8454     7.3133     8.2300     9.3629    10.6629    11.9178    12.6950    14.3610 
2023     5.3723     6.1937     6.7049     7.6657     8.9344    10.2585    11.5894    12.4106    14.2230 
2024     4.7290     5.5819     6.0894     7.1279     8.3653     9.7757    11.0675    11.8543    13.8904 
2025     4.5001     5.2740     5.8246     6.8186     8.0581     9.4540    10.7346    11.5407    13.5194 
2026     4.1341     5.1364     5.7836     7.0311     8.5429    10.1235    11.6622    12.5840    15.0713 
2027     3.9443     5.1526     5.9010     7.2390     8.9212    10.6800    12.3736    13.4494    15.9815 
2028     3.9494     5.2500     6.0302     7.4585     9.2114    11.1193    12.9567    14.0084    16.6080 
2029     3.9398     5.3810     6.1594     7.6606     9.4171    11.4260    13.2587    14.5200    17.1887 
2030     3.8399     5.4619     6.2999     7.7943     9.6539    11.6109    13.5450    14.7835    17.6992 
2031     3.8521     5.4853     6.3441     7.9089     9.7479    11.8286    13.8081    15.1305    18.0190 
2032     3.9536     5.4606     6.3720     7.9597     9.9008    11.9357    13.9512    15.2482    18.3563 
2033     3.8947     5.5309     6.3976     8.0275     9.9493    12.0446    14.0669    15.3512    18.5747 
2034     3.8665     5.5093     6.4697     8.0977    10.0564    12.1373    14.1189    15.4739    18.6100 

Mean Biomass  x       1000 MT

Year       Average        StdDev
2021        8.4386        1.5301
2022        8.2675        1.7319
2023        7.7252        1.8066
2024        7.3029        1.8584
2025        7.4371        2.1320
2026        7.8656        2.4411
2027        8.2227        2.6412
2028        8.5200        2.7787
2029        8.7354        2.8890
2030        8.9021        2.9566
2031        9.0373        3.0222
2032        9.1310        3.1077
2033        9.1952        3.0981
2034        9.2573        3.1106

Mean Biomass Distribution

Year       1%         5%         10%        25%        50%        75%        90%        95%        99%    
2021     5.6702     6.1973     6.5916     7.3172     8.3224     9.3006    10.5382    11.3083    12.6865 
2022     5.1380     5.7586     6.1534     7.0117     8.1015     9.3399    10.5503    11.2637    12.8062 
2023     4.3959     5.0779     5.5191     6.4376     7.5955     8.8244    10.0571    10.7622    12.4725 
2024     3.9280     4.6050     5.0570     5.9861     7.1338     8.4281     9.6470    10.4012    12.1902 
2025     3.5470     4.3405     4.8946     5.9328     7.2648     8.7203    10.1339    11.0113    13.0940 
2026     3.1760     4.1986     4.8792     6.1433     7.7001     9.3635    10.9732    12.0186    14.3333 
2027     3.0752     4.2527     4.9739     6.3659     8.0539     9.8448    11.6276    12.6721    15.2092 
2028     3.0982     4.3453     5.1269     6.5785     8.3419    10.2454    12.0475    13.1583    16.0672 
2029     3.0490     4.4279     5.2590     6.7487     8.5005    10.5004    12.3539    13.5813    16.5649 
2030     3.0011     4.5386     5.3896     6.8644     8.7258    10.6373    12.6059    13.9244    16.7349 
2031     2.9530     4.6103     5.4090     6.9730     8.8300    10.8475    12.8832    14.1502    17.0435 
2032     3.1092     4.5974     5.4726     7.0191     8.9277    10.9572    12.9607    14.2448    17.2975 
2033     2.9945     4.6423     5.4730     7.0941     9.0148    11.0377    13.0328    14.3027    17.3221 
2034     2.9811     4.6316     5.5284     7.1484     9.0781    11.1369    13.0876    14.3480    17.5910 

Combined Catch Biomass  x       1000 MT

Year       Average        StdDev
2021        2.8918        0.4688
2022        3.3926        0.5707
2023        3.3609        0.6749
2024        3.0791        0.7072
2025        2.1820        0.0000
2026        2.1820        0.0000
2027        2.1820        0.0000
2028        2.1816        0.0309
2029        2.1813        0.0378
2030        2.1811        0.0436
2031        2.1803        0.0617
2032        2.1792        0.0786
2033        2.1787        0.0844
2034        2.1781        0.0925

Combined Catch Distribution

Year       1%         5%         10%        25%        50%        75%        90%        95%        99%    
2021     1.8973     2.2903     2.3939     2.5803     2.8297     3.1489     3.4396     3.6905     4.6186 
2022     2.3363     2.5591     2.6958     2.9674     3.3626     3.7159     4.2057     4.4681     4.9073 
2023     2.1190     2.3642     2.5370     2.8727     3.3034     3.7787     4.2412     4.5388     5.1501 
2024     1.7719     2.0361     2.2082     2.5712     3.0383     3.5155     3.9787     4.2705     4.9431 
2025     2.1820     2.1820     2.1820     2.1820     2.1820     2.1820     2.1820     2.1820     2.1820 
2026     2.1820     2.1820     2.1820     2.1820     2.1820     2.1820     2.1820     2.1820     2.1820 
2027     2.1820     2.1820     2.1820     2.1820     2.1820     2.1820     2.1820     2.1820     2.1820 
2028     2.1820     2.1820     2.1820     2.1820     2.1820     2.1820     2.1820     2.1820     2.1820 
2029     2.1820     2.1820     2.1820     2.1820     2.1820     2.1820     2.1820     2.1820     2.1820 
2030     2.1820     2.1820     2.1820     2.1820     2.1820     2.1820     2.1820     2.1820     2.1820 
2031     2.1820     2.1820     2.1820     2.1820     2.1820     2.1820     2.1820     2.1820     2.1820 
2032     2.1820     2.1820     2.1820     2.1820     2.1820     2.1820     2.1820     2.1820     2.1820 
2033     2.1820     2.1820     2.1820     2.1820     2.1820     2.1820     2.1820     2.1820     2.1820 
2034     2.1820     2.1820     2.1820     2.1820     2.1820     2.1820     2.1820     2.1820     2.1820 

Landings  x       1000 MT

Year       Average        StdDev
2021        2.8918        0.4688
2022        3.3926        0.5707
2023        3.3609        0.6749
2024        3.0791        0.7072
2025        2.1820        0.0000
2026        2.1820        0.0000
2027        2.1820        0.0000
2028        2.1816        0.0309
2029        2.1813        0.0378
2030        2.1811        0.0436
2031        2.1803        0.0617
2032        2.1792        0.0786
2033        2.1787        0.0844
2034        2.1781        0.0925

Landings Distribution

Year       1%         5%         10%        25%        50%        75%        90%        95%        99%    
2021     1.8973     2.2903     2.3939     2.5803     2.8297     3.1489     3.4396     3.6905     4.6186 
2022     2.3363     2.5591     2.6958     2.9674     3.3626     3.7159     4.2057     4.4681     4.9073 
2023     2.1190     2.3642     2.5370     2.8727     3.3034     3.7787     4.2412     4.5388     5.1501 
2024     1.7719     2.0361     2.2082     2.5712     3.0383     3.5155     3.9787     4.2705     4.9431 
2025     2.1820     2.1820     2.1820     2.1820     2.1820     2.1820     2.1820     2.1820     2.1820 
2026     2.1820     2.1820     2.1820     2.1820     2.1820     2.1820     2.1820     2.1820     2.1820 
2027     2.1820     2.1820     2.1820     2.1820     2.1820     2.1820     2.1820     2.1820     2.1820 
2028     2.1820     2.1820     2.1820     2.1820     2.1820     2.1820     2.1820     2.1820     2.1820 
2029     2.1820     2.1820     2.1820     2.1820     2.1820     2.1820     2.1820     2.1820     2.1820 
2030     2.1820     2.1820     2.1820     2.1820     2.1820     2.1820     2.1820     2.1820     2.1820 
2031     2.1820     2.1820     2.1820     2.1820     2.1820     2.1820     2.1820     2.1820     2.1820 
2032     2.1820     2.1820     2.1820     2.1820     2.1820     2.1820     2.1820     2.1820     2.1820 
2033     2.1820     2.1820     2.1820     2.1820     2.1820     2.1820     2.1820     2.1820     2.1820 
2034     2.1820     2.1820     2.1820     2.1820     2.1820     2.1820     2.1820     2.1820     2.1820 

Total Fishing Mortality

Year       Average        StdDev
2021        1.0794        0.0000
2022        1.0794        0.0000
2023        1.0794        0.0000
2024        1.0794        0.0000
2025        0.8187        0.2567
2026        0.7913        0.3651
2027        0.7676        0.4750
2028        0.7384        0.5052
2029        0.7114        0.5293
2030        0.6934        0.5669
2031        0.6767        0.5653
2032        0.6602        0.5226
2033        0.6530        0.5224
2034        0.6494        0.5371

Total Fishing Mortality Distribution

Year       1%         5%         10%        25%        50%        75%        90%        95%        99%    
2021     1.0794     1.0794     1.0794     1.0794     1.0794     1.0794     1.0794     1.0794     1.0794 
2022     1.0794     1.0794     1.0794     1.0794     1.0794     1.0794     1.0794     1.0794     1.0794 
2023     1.0794     1.0794     1.0794     1.0794     1.0794     1.0794     1.0794     1.0794     1.0794 
2024     1.0794     1.0794     1.0794     1.0794     1.0794     1.0794     1.0794     1.0794     1.0794 
2025     0.4185     0.5038     0.5512     0.6377     0.7654     0.9456     1.1650     1.3242     1.6328 
2026     0.3347     0.4153     0.4604     0.5532     0.6972     0.9174     1.2278     1.4827     2.1454 
2027     0.2900     0.3677     0.4087     0.4983     0.6426     0.8777     1.2368     1.5776     2.6630 
2028     0.2685     0.3366     0.3780     0.4611     0.6014     0.8392     1.2029     1.5544     2.7573 
2029     0.2567     0.3212     0.3574     0.4396     0.5753     0.8000     1.1551     1.4932     2.7947 
2030     0.2465     0.3086     0.3462     0.4251     0.5588     0.7675     1.1087     1.4613     2.8929 
2031     0.2371     0.3009     0.3391     0.4177     0.5422     0.7504     1.0799     1.4003     2.8070 
2032     0.2366     0.2945     0.3329     0.4076     0.5330     0.7341     1.0614     1.3973     2.6496 
2033     0.2331     0.2908     0.3279     0.4012     0.5264     0.7273     1.0547     1.3798     2.6130 
2034     0.2312     0.2897     0.3249     0.3988     0.5189     0.7223     1.0512     1.3610     2.7352 

JAN-1 Stock Numbers at Age  -       1000  Fish

2021

Age        1%         5%         10%        25%        50%        75%        90%        95%        99%    
1      140.2370   175.0900   184.8320   216.7130   261.1480   317.3690   385.6290   409.5080   464.9250
2       58.9389    77.9477    80.8620    85.4451   100.4175   112.5240   125.3470   138.4980   148.4390
3       34.1986    41.3466    43.5177    47.9381    54.8765    60.4455    67.3245    74.4817    84.8335
4        4.4701     6.3288     7.3712     8.3369     9.5330    10.8358    12.5169    14.0136    20.6054
5        1.2938     1.6031     1.7337     2.2441     2.6907     3.2695     4.2092     4.8898     7.4995
6        0.2917     0.4842     0.6024     0.6936     0.9665     1.2287     1.8234     2.1765     5.0518
7        0.0278     0.0584     0.0739     0.1025     0.1591     0.2261     0.3164     0.3996     1.3049
8        0.0082     0.0292     0.0370     0.0584     0.1092     0.1670     0.2575     0.4456     2.1858
9        0.0003     0.0014     0.0021     0.0035     0.0085     0.0144     0.0223     0.0334     0.2402
10        0.0001     0.0005     0.0007     0.0015     0.0043     0.0069     0.0143     0.0242     0.2609
11        0.0000     0.0001     0.0002     0.0004     0.0014     0.0028     0.0051     0.0082     0.1988
12        0.0000     0.0000     0.0000     0.0000     0.0001     0.0003     0.0005     0.0008     0.0280
13        0.0000     0.0000     0.0000     0.0000     0.0000     0.0002     0.0003     0.0005     0.0316
14        0.0000     0.0000     0.0000     0.0000     0.0000     0.0000     0.0001     0.0001     0.0183
15+       0.0000     0.0000     0.0000     0.0000     0.0000     0.0000     0.0000     0.0000     0.0127

2022

Age        1%         5%         10%        25%        50%        75%        90%        95%        99%    
1       68.6043    70.0640    78.4414   104.1632   168.0819   236.1532   277.6595   307.0621   326.6068
2       87.4290   102.3451   109.0142   125.9338   152.8416   187.5139   226.1683   246.8354   279.8704
3       26.8775    34.5034    36.2726    39.1792    44.6886    51.1686    57.9880    62.9325    70.6866
4       11.9117    13.8470    14.9461    16.5320    18.5340    20.8243    23.5793    26.0940    31.0177
5        1.4362     1.9516     2.1932     2.5227     2.9119     3.3253     3.8952     4.3062     6.5412
6        0.3759     0.4633     0.5093     0.6459     0.7732     0.9533     1.2394     1.4420     2.3801
7        0.0949     0.1454     0.1716     0.2056     0.2730     0.3651     0.5308     0.6353     1.6544
8        0.0095     0.0179     0.0220     0.0304     0.0464     0.0677     0.0973     0.1275     0.4241
9        0.0030     0.0092     0.0114     0.0183     0.0336     0.0513     0.0810     0.1371     0.7485
10        0.0001     0.0004     0.0007     0.0011     0.0027     0.0045     0.0073     0.0111     0.0856
11        0.0000     0.0002     0.0002     0.0005     0.0014     0.0022     0.0049     0.0079     0.0971
12        0.0000     0.0000     0.0001     0.0001     0.0005     0.0009     0.0017     0.0028     0.0723
13        0.0000     0.0000     0.0000     0.0000     0.0000     0.0001     0.0002     0.0003     0.0108
14        0.0000     0.0000     0.0000     0.0000     0.0000     0.0001     0.0001     0.0002     0.0125
15+       0.0000     0.0000     0.0000     0.0000     0.0000     0.0000     0.0000     0.0001     0.0121

2023

Age        1%         5%         10%        25%        50%        75%        90%        95%        99%    
1       68.7141    71.8888    79.5269   106.5091   168.7988   238.0336   279.6521   306.6939   324.9181
2       38.3767    41.6848    45.6866    60.7152    97.5177   138.2694   164.7965   179.2699   200.8006
3       39.5621    45.5922    49.0648    56.7592    69.1053    85.1886   102.4002   112.4030   127.7261
4        9.1682    11.5142    12.2552    13.4570    15.2863    17.5794    20.0529    21.7420    24.7684
5        3.5915     4.1616     4.4963     4.9855     5.6148     6.3560     7.2029     7.9382     9.5630
6        0.4197     0.5611     0.6292     0.7254     0.8406     0.9674     1.1287     1.2537     1.8925
7        0.1088     0.1320     0.1476     0.1857     0.2233     0.2777     0.3623     0.4199     0.7063
8        0.0292     0.0430     0.0500     0.0612     0.0808     0.1092     0.1588     0.1878     0.4825
9        0.0031     0.0054     0.0067     0.0093     0.0142     0.0208     0.0298     0.0396     0.1334
10        0.0010     0.0029     0.0036     0.0058     0.0106     0.0163     0.0260     0.0431     0.2465
11        0.0000     0.0001     0.0002     0.0004     0.0009     0.0015     0.0024     0.0036     0.0273
12        0.0000     0.0001     0.0001     0.0002     0.0005     0.0007     0.0016     0.0026     0.0325
13        0.0000     0.0000     0.0000     0.0000     0.0002     0.0003     0.0006     0.0009     0.0258
14        0.0000     0.0000     0.0000     0.0000     0.0000     0.0000     0.0001     0.0001     0.0040
15+       0.0000     0.0000     0.0000     0.0000     0.0000     0.0000     0.0000     0.0001     0.0085

2024

Age        1%         5%         10%        25%        50%        75%        90%        95%        99%    
1       68.6320    71.6530    79.4936   105.0279   168.7322   238.2653   279.9639   306.2504   325.0798
2       38.8519    42.3884    46.2999    61.9459    99.1911   139.2088   165.2557   179.1461   198.2312
3       17.0587    18.7695    20.6090    27.2999    43.6701    62.0481    74.9429    81.3387    93.7193
4       13.4728    15.5385    16.7334    19.3862    23.7112    29.2495    35.3055    38.9355    44.3593
5        2.7636     3.4479     3.6829     4.0721     4.6392     5.3606     6.1080     6.6350     7.5608
6        1.0294     1.1881     1.2842     1.4375     1.6245     1.8493     2.1041     2.2994     2.7751
7        0.1201     0.1613     0.1798     0.2086     0.2437     0.2811     0.3285     0.3664     0.5524
8        0.0319     0.0388     0.0437     0.0549     0.0662     0.0832     0.1083     0.1263     0.2123
9        0.0088     0.0131     0.0152     0.0187     0.0249     0.0336     0.0489     0.0578     0.1465
10        0.0010     0.0017     0.0021     0.0029     0.0045     0.0066     0.0094     0.0125     0.0443
11        0.0003     0.0009     0.0012     0.0019     0.0034     0.0053     0.0084     0.0140     0.0845
12        0.0000     0.0000     0.0001     0.0001     0.0003     0.0005     0.0008     0.0012     0.0093
13        0.0000     0.0000     0.0000     0.0001     0.0002     0.0003     0.0005     0.0009     0.0108
14        0.0000     0.0000     0.0000     0.0000     0.0001     0.0001     0.0002     0.0003     0.0092
15+       0.0000     0.0000     0.0000     0.0000     0.0000     0.0000     0.0000     0.0001     0.0044

2025

Age        1%         5%         10%        25%        50%        75%        90%        95%        99%    
1       68.6478    69.8787    78.5011   104.6077   168.4431   235.7990   279.5742   306.2066   325.4101
2       38.9548    42.2853    46.1279    60.9494    98.8031   139.9450   165.6919   178.8744   201.0834
3       17.2141    19.1165    20.9998    27.9108    44.6261    62.4881    75.1382    80.8320    93.0771
4        5.6873     6.4050     7.0533     9.3311    14.8791    21.1330    25.7028    28.0846    32.7463
5        4.0541     4.6709     5.0498     5.8846     7.1834     8.8808    10.7226    11.8577    13.6434
6        0.8031     0.9792     1.0536     1.1747     1.3450     1.5566     1.7733     1.9376     2.2045
7        0.2915     0.3404     0.3659     0.4147     0.4701     0.5365     0.6150     0.6755     0.8115
8        0.0356     0.0474     0.0526     0.0618     0.0723     0.0840     0.0986     0.1102     0.1638
9        0.0097     0.0118     0.0133     0.0167     0.0204     0.0256     0.0332     0.0391     0.0651
10        0.0028     0.0041     0.0048     0.0059     0.0079     0.0107     0.0155     0.0183     0.0466
11        0.0003     0.0006     0.0007     0.0009     0.0014     0.0021     0.0031     0.0041     0.0151
12        0.0001     0.0003     0.0004     0.0006     0.0011     0.0018     0.0028     0.0046     0.0283
13        0.0000     0.0000     0.0000     0.0000     0.0001     0.0002     0.0003     0.0004     0.0032
14        0.0000     0.0000     0.0000     0.0000     0.0001     0.0001     0.0002     0.0003     0.0038
15+       0.0000     0.0000     0.0000     0.0000     0.0000     0.0000     0.0001     0.0001     0.0049

2026

Age        1%         5%         10%        25%        50%        75%        90%        95%        99%    
1       68.6935    70.6837    79.1143   104.3009   168.5196   236.0453   277.3447   305.7587   324.9008
2       38.5585    42.0598    45.9977    61.2638    99.1658   139.8296   168.5825   182.0277   204.2863
3       15.4617    18.6569    21.0782    28.3710    48.3728    71.7952    88.2386    96.3459   112.4537
4        4.6688     6.2010     7.3126    10.4996    18.1739    27.3196    34.6858    38.4555    46.4639
5        1.3813     1.9646     2.3352     3.2786     5.4445     8.1310    10.6907    12.1590    15.1402
6        0.9966     1.3605     1.5891     2.0179     2.6066     3.3629     4.2094     4.7610     5.7566
7        0.2081     0.2810     0.3244     0.4006     0.4893     0.5926     0.7030     0.7738     0.9242
8        0.0773     0.1020     0.1167     0.1433     0.1738     0.2091     0.2462     0.2725     0.3309
9        0.0110     0.0149     0.0174     0.0219     0.0272     0.0333     0.0401     0.0455     0.0642
10        0.0031     0.0041     0.0047     0.0061     0.0078     0.0101     0.0135     0.0162     0.0262
11        0.0010     0.0014     0.0017     0.0023     0.0031     0.0043     0.0063     0.0076     0.0186
12        0.0001     0.0002     0.0003     0.0004     0.0006     0.0009     0.0013     0.0017     0.0061
13        0.0000     0.0001     0.0002     0.0002     0.0004     0.0007     0.0012     0.0018     0.0111
14        0.0000     0.0000     0.0000     0.0000     0.0000     0.0001     0.0001     0.0002     0.0013
15+       0.0000     0.0000     0.0000     0.0000     0.0000     0.0001     0.0001     0.0002     0.0036

2027

Age        1%         5%         10%        25%        50%        75%        90%        95%        99%    
1       68.6425    70.9003    79.5551   105.7249   168.4319   235.7705   279.2602   306.8256   324.8817
2       38.6782    42.4784    46.3719    61.4286    99.5094   140.9298   167.8739   182.8166   203.0613
3       13.7614    18.2940    21.1839    29.0494    49.1911    72.5451    91.0920    99.8972   117.5629
4        3.1405     5.3944     7.1037    10.8574    20.3523    32.7693    43.3536    48.9514    59.8774
5        0.7701     1.6163     2.2463     3.7847     6.9996    11.4898    15.9112    18.3870    23.6380
6        0.2237     0.4872     0.7109     1.1626     2.0086     3.3092     4.6509     5.5595     7.4109
7        0.1448     0.3162     0.4420     0.6899     1.0113     1.4051     1.8427     2.1564     2.7742
8        0.0314     0.0654     0.0901     0.1373     0.1934     0.2553     0.3195     0.3630     0.4451
9        0.0121     0.0247     0.0333     0.0506     0.0703     0.0919     0.1141     0.1285     0.1597
10        0.0019     0.0039     0.0053     0.0079     0.0112     0.0147     0.0186     0.0213     0.0295
11        0.0006     0.0012     0.0015     0.0023     0.0033     0.0045     0.0061     0.0075     0.0118
12        0.0002     0.0004     0.0006     0.0009     0.0013     0.0019     0.0028     0.0036     0.0084
13        0.0000     0.0001     0.0001     0.0001     0.0002     0.0004     0.0006     0.0008     0.0027
14        0.0000     0.0000     0.0001     0.0001     0.0002     0.0003     0.0005     0.0008     0.0050
15+       0.0000     0.0000     0.0000     0.0000     0.0000     0.0001     0.0001     0.0002     0.0022

2028

Age        1%         5%         10%        25%        50%        75%        90%        95%        99%    
1       68.6058    70.4986    79.1445   104.6017   168.4778   237.2528   279.8240   308.2204   338.3494
2       38.2518    42.7337    47.0716    62.1301    99.5343   139.8222   169.1311   183.7497   205.0754
3       12.5361    18.6198    21.6108    29.6376    50.2796    73.3129    92.1924   101.0428   117.3935
4        2.1509     5.1096     7.2288    11.4629    21.2022    33.9652    45.7167    51.7827    65.2621
5        0.3611     1.2676     2.0858     4.0091     8.1932    14.6675    21.0390    24.5459    32.2221
6        0.0817     0.3553     0.6395     1.3529     2.7478     4.9618     7.4063     8.9125    12.3271
7        0.0239     0.1092     0.1993     0.4145     0.7953     1.4231     2.1454     2.6425     3.7690
8        0.0155     0.0690     0.1232     0.2434     0.4173     0.6266     0.8715     1.0517     1.4347
9        0.0034     0.0144     0.0255     0.0490     0.0812     0.1178     0.1554     0.1818     0.2337
10        0.0014     0.0057     0.0099     0.0184     0.0303     0.0430     0.0561     0.0645     0.0833
11        0.0002     0.0010     0.0016     0.0030     0.0049     0.0070     0.0092     0.0108     0.0149
12        0.0001     0.0003     0.0005     0.0009     0.0014     0.0021     0.0030     0.0037     0.0057
13        0.0000     0.0001     0.0002     0.0003     0.0006     0.0009     0.0014     0.0017     0.0037
14        0.0000     0.0000     0.0000     0.0001     0.0001     0.0002     0.0003     0.0004     0.0013
15+       0.0000     0.0000     0.0000     0.0000     0.0001     0.0002     0.0003     0.0005     0.0034

2029

Age        1%         5%         10%        25%        50%        75%        90%        95%        99%    
1       68.6342    70.5899    78.8404   104.6859   168.4887   235.9214   277.7109   305.1322   325.3259
2       38.5866    42.5836    46.7985    61.9831    99.5159   141.5804   169.7005   184.4504   210.0092
3       12.4697    18.7945    22.1934    30.3483    50.5449    73.5067    93.2856   102.8232   118.6987
4        1.7082     5.2016     7.4024    12.0548    22.0811    35.0585    47.0654    53.0923    65.1785
5        0.2383     1.1990     2.1439     4.3162     8.8898    15.6643    22.4203    26.3735    35.1566
6        0.0352     0.2898     0.5805     1.4465     3.3655     6.5221    10.0864    12.1940    16.8799
7        0.0071     0.0824     0.1826     0.4883     1.1123     2.2242     3.5412     4.4065     6.5443
8        0.0023     0.0251     0.0577     0.1514     0.3349     0.6423     1.0302     1.3100     1.9522
9        0.0015     0.0160     0.0356     0.0902     0.1802     0.2954     0.4350     0.5338     0.7629
10        0.0003     0.0034     0.0076     0.0184     0.0358     0.0568     0.0788     0.0940     0.1288
11        0.0001     0.0014     0.0030     0.0070     0.0136     0.0210     0.0286     0.0338     0.0447
12        0.0000     0.0002     0.0005     0.0012     0.0022     0.0034     0.0047     0.0057     0.0079
13        0.0000     0.0001     0.0002     0.0004     0.0007     0.0011     0.0015     0.0019     0.0029
14        0.0000     0.0000     0.0001     0.0001     0.0003     0.0004     0.0007     0.0009     0.0018
15+       0.0000     0.0000     0.0000     0.0000     0.0001     0.0002     0.0003     0.0004     0.0022

2030

Age        1%         5%         10%        25%        50%        75%        90%        95%        99%    
1       68.6046    70.7939    79.2708   104.7863   168.4984   235.4495   277.8827   306.7673   325.0676
2       38.9447    42.6651    46.5039    61.7917    99.7521   140.9419   168.6350   182.2106   207.7345
3       12.5820    19.1388    22.6669    30.8316    50.9527    74.6530    93.9722   103.4095   124.1654
4        1.7334     5.4265     7.8070    12.6323    22.6503    35.4487    48.1928    54.3258    66.1470
5        0.1784     1.2707     2.2720     4.7022     9.3493    16.4127    23.4373    27.3861    35.2179
6        0.0230     0.2705     0.6184     1.5940     3.7195     7.2243    10.9807    13.3651    18.6504
7        0.0036     0.0662     0.1733     0.5343     1.4137     2.9791     4.8907     6.1872     9.0487
8        0.0008     0.0195     0.0551     0.1823     0.4773     1.0274     1.7365     2.2450     3.5065
9        0.0003     0.0063     0.0176     0.0579     0.1473     0.3042     0.5113     0.6719     1.0442
10        0.0002     0.0040     0.0111     0.0345     0.0799     0.1436     0.2223     0.2805     0.4180
11        0.0000     0.0009     0.0024     0.0072     0.0162     0.0281     0.0411     0.0496     0.0713
12        0.0000     0.0004     0.0010     0.0028     0.0063     0.0105     0.0149     0.0181     0.0247
13        0.0000     0.0001     0.0002     0.0005     0.0010     0.0017     0.0025     0.0031     0.0043
14        0.0000     0.0000     0.0001     0.0001     0.0003     0.0005     0.0008     0.0010     0.0016
15+       0.0000     0.0000     0.0000     0.0001     0.0002     0.0003     0.0005     0.0007     0.0019

2031

Age        1%         5%         10%        25%        50%        75%        90%        95%        99%    
1       68.5706    70.8523    79.0066   104.6612   168.6467   236.7582   281.0596   306.9600   331.1780
2       38.6499    42.8593    46.6510    61.9345    99.9308   141.0648   168.1202   183.9868   208.1060
3       11.5982    19.3172    22.5897    30.9012    51.3198    74.0018    93.7350   103.2831   120.3803
4        1.6504     5.6934     8.3180    13.0838    22.8846    36.3011    48.7097    55.0691    69.5526
5        0.1677     1.3649     2.4119     5.0048     9.7175    16.8776    24.1547    28.2085    36.7517
6        0.0154     0.2957     0.6818     1.7716     3.9763     7.6455    11.4987    13.8945    18.9689
7        0.0012     0.0639     0.1811     0.5989     1.5807     3.3557     5.4399     6.8363     9.8753
8        0.0003     0.0160     0.0519     0.2026     0.6177     1.4118     2.4282     3.1612     5.0153
9        0.0001     0.0049     0.0169     0.0709     0.2110     0.4903     0.8710     1.1637     1.8908
10        0.0000     0.0017     0.0057     0.0227     0.0664     0.1465     0.2603     0.3470     0.5633
11        0.0000     0.0011     0.0037     0.0140     0.0369     0.0717     0.1166     0.1490     0.2310
12        0.0000     0.0003     0.0008     0.0029     0.0075     0.0141     0.0216     0.0268     0.0399
13        0.0000     0.0001     0.0003     0.0012     0.0029     0.0053     0.0080     0.0099     0.0139
14        0.0000     0.0000     0.0001     0.0002     0.0005     0.0009     0.0013     0.0016     0.0024
15+       0.0000     0.0000     0.0000     0.0001     0.0002     0.0004     0.0007     0.0009     0.0017

2032

Age        1%         5%         10%        25%        50%        75%        90%        95%        99%    
1       68.7131    70.9072    78.9848   104.0457   168.2661   236.1282   277.7191   304.5757   325.1991
2       38.3808    42.7271    46.8164    61.6881   100.6101   141.5227   170.5237   184.6983   210.8219
3       11.7966    19.9084    22.8377    31.1522    51.6816    75.1788    93.9594   103.2749   122.1031
4        1.5716     5.9001     8.4325    13.2327    23.2370    36.2568    48.9892    55.2038    68.2974
5        0.1530     1.4405     2.6632     5.2360     9.9195    17.2276    24.5019    28.8935    38.0211
6        0.0131     0.3329     0.7557     1.9422     4.2018     7.9151    12.0185    14.5156    20.0438
7        0.0010     0.0696     0.2096     0.6693     1.7242     3.5972     5.6968     7.1365    10.1104
8        0.0002     0.0163     0.0582     0.2315     0.6966     1.5906     2.7044     3.5313     5.4059
9        0.0000     0.0045     0.0164     0.0802     0.2740     0.6728     1.2234     1.6622     2.7383
10        0.0000     0.0013     0.0058     0.0286     0.0966     0.2374     0.4404     0.6109     1.0416
11        0.0000     0.0005     0.0020     0.0094     0.0305     0.0729     0.1346     0.1852     0.3159
12        0.0000     0.0003     0.0012     0.0057     0.0172     0.0358     0.0615     0.0803     0.1274
13        0.0000     0.0001     0.0003     0.0012     0.0035     0.0071     0.0115     0.0146     0.0224
14        0.0000     0.0000     0.0001     0.0005     0.0014     0.0027     0.0042     0.0054     0.0080
15+       0.0000     0.0000     0.0000     0.0001     0.0003     0.0007     0.0011     0.0014     0.0022

2033

Age        1%         5%         10%        25%        50%        75%        90%        95%        99%    
1       68.6839    70.4198    78.5155   104.6978   168.4054   236.0418   277.7229   305.8559   324.8812
2       38.5527    42.7257    46.7241    61.6109    99.4304   141.4117   169.0334   183.9802   206.8260
3       12.3348    19.7655    22.7259    30.9315    52.2215    75.7543    95.3112   104.6328   124.7026
4        1.5946     6.1542     8.5122    13.4480    23.6656    36.7731    49.1576    55.5671    68.0829
5        0.1448     1.5137     2.7361     5.3383    10.1986    17.3939    24.8283    28.9120    37.4754
6        0.0130     0.3503     0.8108     2.0399     4.3203     8.1232    12.2838    14.9888    20.5837
7        0.0012     0.0797     0.2333     0.7379     1.8263     3.7495     5.9504     7.5111    10.8887
8        0.0002     0.0185     0.0685     0.2653     0.7719     1.7144     2.8919     3.6796     5.6409
9        0.0000     0.0044     0.0195     0.0933     0.3121     0.7640     1.3867     1.8397     2.9585
10        0.0000     0.0011     0.0058     0.0326     0.1242     0.3278     0.6275     0.8803     1.4529
11        0.0000     0.0004     0.0021     0.0118     0.0449     0.1171     0.2283     0.3254     0.5719
12        0.0000     0.0001     0.0007     0.0039     0.0141     0.0365     0.0701     0.1003     0.1733
13        0.0000     0.0001     0.0004     0.0024     0.0081     0.0182     0.0329     0.0435     0.0710
14        0.0000     0.0000     0.0001     0.0005     0.0017     0.0036     0.0061     0.0080     0.0124
15+       0.0000     0.0000     0.0001     0.0003     0.0008     0.0017     0.0029     0.0037     0.0057

2034

Age        1%         5%         10%        25%        50%        75%        90%        95%        99%    
1       68.6076    70.8559    79.3437   104.9692   168.7589   237.2015   279.0549   305.6997   325.3690
2       38.3432    42.6522    46.4901    61.8215   100.0942   141.4438   168.5965   182.9073   205.6594
3       12.7849    19.7987    22.9397    31.0758    51.7279    75.6875    94.7498   104.1785   122.1782
4        1.7185     6.0702     8.4203    13.3865    24.0861    37.2989    50.1245    56.4437    69.6071
5        0.1791     1.6140     2.7635     5.5152    10.4255    17.7689    25.0527    29.1890    37.6759
6        0.0153     0.3657     0.8296     2.0906     4.4571     8.2800    12.3665    15.0298    20.5300
7        0.0016     0.0833     0.2479     0.8049     1.8941     3.8511     6.1916     7.7906    11.3357
8        0.0003     0.0199     0.0746     0.2919     0.8203     1.8043     3.0217     3.9169     6.0113
9        0.0000     0.0046     0.0219     0.1078     0.3506     0.8325     1.4857     1.9451     3.0951
10        0.0000     0.0013     0.0065     0.0381     0.1442     0.3732     0.7155     0.9818     1.6637
11        0.0000     0.0004     0.0021     0.0137     0.0577     0.1600     0.3263     0.4675     0.8122
12        0.0000     0.0001     0.0008     0.0050     0.0213     0.0583     0.1192     0.1753     0.3154
13        0.0000     0.0000     0.0003     0.0017     0.0067     0.0184     0.0366     0.0542     0.0968
14        0.0000     0.0000     0.0002     0.0010     0.0038     0.0093     0.0173     0.0238     0.0396
15+       0.0000     0.0000     0.0001     0.0003     0.0012     0.0028     0.0048     0.0064     0.0101

Probability Spawning Stock Biomass Exceeds Threshold      3.660 (1000 MT)

Year    Probability

2021    0.017900
2022    0.018100
2023    0.136800
2024    0.062400
2025    0.137600
2026    0.302500
2027    0.401400
2028    0.464500
2029    0.506400
2030    0.538300
2031    0.559700
2032    0.579100
2033    0.587300
2034    0.599100

Probability Threshold Exceeded at Least Once =     0.8571

Probability Total Fishing Mortality Exceeds Threshold     0.8413 

Year    Probability

2021    1.000000
2022    1.000000
2023    1.000000
2024    1.000000
2025    0.375900
2026    0.322100
2027    0.280200
2028    0.247800
2029    0.222800
2030    0.201100
2031    0.189700
2032    0.179200
2033    0.176900
2034    0.172400

Probability Threshold Exceeded at Least Once =     1.0000


Requested Percentile Report

Percentile =    50.00 %

                                 2021       2022       2023       2024       2025       2026       2027       2028       2029       2030       2031       2032       2033       2034 

Recruits                     168.0819   168.7988   168.7322   168.4431   168.5196   168.4319   168.4778   168.4887   168.4984   168.6467   168.2661   168.4054   168.7589   168.3446 
Spawning Stock Biomass         2.2245     2.5839     2.8995     2.5644     2.6208     2.9347     3.2424     3.4908     3.6876     3.8392     3.9637     4.0417     4.1076     4.1923 
Jan-1 Stock Biomass            9.1675     9.3629     8.9344     8.3653     8.0581     8.5429     8.9212     9.2114     9.4171     9.6539     9.7479     9.9008     9.9493    10.0564 
Mean Biomass                   8.3224     8.1015     7.5955     7.1338     7.2648     7.7001     8.0539     8.3419     8.5005     8.7258     8.8300     8.9277     9.0148     9.0781 
Combined Catch Biomass         2.8297     3.3626     3.3034     3.0383     2.1820     2.1820     2.1820     2.1820     2.1820     2.1820     2.1820     2.1820     2.1820     2.1820 
Landings                       2.8297     3.3626     3.3034     3.0383     2.1820     2.1820     2.1820     2.1820     2.1820     2.1820     2.1820     2.1820     2.1820     2.1820 
FMort                          1.0794     1.0794     1.0794     1.0794     0.7654     0.6972     0.6426     0.6014     0.5753     0.5588     0.5422     0.5330     0.5264     0.5189 

Stock Numbers at Age
Age 1                        261.1480   168.0819   168.7988   168.7322   168.4431   168.5196   168.4319   168.4778   168.4887   168.4984   168.6467   168.2661   168.4054   168.7589 
Age 2                        100.4175   152.8416    97.5177    99.1911    98.8031    99.1658    99.5094    99.5343    99.5159    99.7521    99.9308   100.6101    99.4304   100.0942 
Age 3                         54.8765    44.6886    69.1053    43.6701    44.6261    48.3728    49.1911    50.2796    50.5449    50.9527    51.3198    51.6816    52.2215    51.7279 
Age 4                          9.5330    18.5340    15.2863    23.7112    14.8791    18.1739    20.3523    21.2022    22.0811    22.6503    22.8846    23.2370    23.6656    24.0861 
Age 5                          2.6907     2.9119     5.6148     4.6392     7.1834     5.4445     6.9996     8.1932     8.8898     9.3493     9.7175     9.9195    10.1986    10.4255 
Age 6                          0.9665     0.7732     0.8406     1.6245     1.3450     2.6066     2.0086     2.7478     3.3655     3.7195     3.9763     4.2018     4.3203     4.4571 
Age 7                          0.1591     0.2730     0.2233     0.2437     0.4701     0.4893     1.0113     0.7953     1.1123     1.4137     1.5807     1.7242     1.8263     1.8941 
Age 8                          0.1092     0.0464     0.0808     0.0662     0.0723     0.1738     0.1934     0.4173     0.3349     0.4773     0.6177     0.6966     0.7719     0.8203 
Age 9                          0.0085     0.0336     0.0142     0.0249     0.0204     0.0272     0.0703     0.0812     0.1802     0.1473     0.2110     0.2740     0.3121     0.3506 
Age 10                          0.0043     0.0027     0.0106     0.0045     0.0079     0.0078     0.0112     0.0303     0.0358     0.0799     0.0664     0.0966     0.1242     0.1442 
Age 11                          0.0014     0.0014     0.0009     0.0034     0.0014     0.0031     0.0033     0.0049     0.0136     0.0162     0.0369     0.0305     0.0449     0.0577 
Age 12                          0.0001     0.0005     0.0005     0.0003     0.0011     0.0006     0.0013     0.0014     0.0022     0.0063     0.0075     0.0172     0.0141     0.0213 
Age 13                          0.0000     0.0000     0.0002     0.0002     0.0001     0.0004     0.0002     0.0006     0.0007     0.0010     0.0029     0.0035     0.0081     0.0067 
Age 14                          0.0000     0.0000     0.0000     0.0001     0.0001     0.0000     0.0002     0.0001     0.0003     0.0003     0.0005     0.0014     0.0017     0.0038 
Age 15                          0.0000     0.0000     0.0000     0.0000     0.0000     0.0000     0.0000     0.0001     0.0001     0.0002     0.0002     0.0003     0.0008     0.0012 
