AGEPRO VERSION 4.2

Constant_Q2190_CR_age1_highS

Date & Time of Run: 07 May 2024  22:29

Input File Name:    Constant_Q2190_CR_age1_highS.inp

First Age Class:                         1
Number of Age Classes:                  15
Number of Years in Projection:          14
Number of Fleets:                        9
Number of Recruitment Models:            3
Number of Bootstraps:                  100
Number of Simulations:                 100

Bootstrap File Name:            C:\Users\jon.brodziak\Desktop\2024 WCNPO MLS Rebuilding\Bootstrap-numbers-at-age\2023_WCNPOMLS.bsn

Number of Feasible Solutions:       9974  of      10000 Realizations

Input Harvest Scenario

Year  Type        Fleet-1    Fleet-2    Fleet-3    Fleet-4    Fleet-5    Fleet-6    Fleet-7    Fleet-8    Fleet-9    

2021  F-Mult       0.1651     0.0453     0.2588     0.0166     0.0610     0.0487     0.0642     0.0722     0.3475 
2022  F-Mult       0.1651     0.0453     0.2588     0.0166     0.0610     0.0487     0.0642     0.0722     0.3475 
2023  F-Mult       0.1651     0.0453     0.2588     0.0166     0.0610     0.0487     0.0642     0.0722     0.3475 
2024  F-Mult       0.1651     0.0453     0.2588     0.0166     0.0610     0.0487     0.0642     0.0722     0.3475 
2025  Landings        314        125        651         58        190         85        164        295        307 
2026  Landings        314        125        651         58        190         85        164        295        307 
2027  Landings        314        125        651         58        190         85        164        295        307 
2028  Landings        314        125        651         58        190         85        164        295        307 
2029  Landings        314        125        651         58        190         85        164        295        307 
2030  Landings        314        125        651         58        190         85        164        295        307 
2031  Landings        314        125        651         58        190         85        164        295        307 
2032  Landings        314        125        651         58        190         85        164        295        307 
2033  Landings        314        125        651         58        190         85        164        295        307 
2034  Landings        314        125        651         58        190         85        164        295        307 

Recruitment Selection Distribution

Year  Selection-1 Selection-2 Selection-3 

2021      0.1196     0.8427     0.0377 
2022      0.1223     0.8361     0.0416 
2023      0.1204     0.8413     0.0383 
2024      0.1176     0.8439     0.0385 
2025      0.1280     0.8324     0.0396 
2026      0.1204     0.8405     0.0391 
2027      0.1193     0.8415     0.0392 
2028      0.1213     0.8386     0.0401 
2029      0.1182     0.8422     0.0396 
2030      0.1195     0.8388     0.0417 
2031      0.1184     0.8411     0.0405 
2032      0.1193     0.8425     0.0382 
2033      0.1246     0.8404     0.0350 
2034      0.1244     0.8386     0.0370 

Recruits        1000  Fish

Year Class   Average        StdDev
2021        173.5851       80.1435
2022        173.2429       80.9378
2023        174.4341       81.8445
2024        174.4034       82.5218
2025        174.7014       81.7225
2026        173.4946       81.5286
2027        173.3866       81.5214
2028        172.0428       78.8713
2029        174.2333       86.4745
2030        172.4518       80.9110
2031        173.9270       80.7948
2032        174.5089       87.2331
2033        171.9974       80.6485
2034        173.5322       80.7573

Recruits Distribution

Year Class 1%         5%         10%        25%        50%        75%        90%        95%        99%    
2021    68.6328    71.3913    79.5643   104.2335   168.5415   237.4336   279.0277   304.8705   324.6222
2022    68.5878    70.4803    79.0629   105.1303   168.4465   236.1983   277.9230   305.7083   325.6647
2023    68.5925    70.2381    79.0374   105.8332   168.7376   237.0619   281.5375   307.2413   325.2375
2024    68.6801    70.5545    78.9846   105.0666   168.6611   237.6396   280.0154   306.0518   325.7011
2025    68.6511    71.1198    79.7586   105.9848   168.6964   237.2487   279.1382   307.7959   325.3397
2026    68.6352    70.1071    78.4728   104.3905   168.5958   237.3665   278.3159   305.4949   324.7539
2027    68.6482    70.7859    79.1454   104.3431   168.5612   236.3223   278.1561   306.5680   325.3895
2028    68.6401    70.5546    78.9962   104.0713   168.3283   234.3234   277.9034   305.9957   324.6883
2029    68.6208    70.5337    79.0588   104.4316   168.4988   236.9515   281.6674   306.4918   333.0287
2030    68.5974    70.5440    78.9012   104.2412   168.3414   235.5073   278.9297   306.4494   332.9691
2031    68.6044    70.5414    78.8021   104.9872   168.6478   236.9040   277.9522   305.8379   325.7164
2032    68.6278    70.5911    78.9309   104.1277   168.4309   237.0976   279.9716   307.0275   356.2007
2033    68.6190    70.4568    78.6714   103.3266   168.3350   235.2390   278.0387   305.6204   324.4991
2034    68.6510    70.9421    78.9863   105.8377   168.4032   236.0000   277.1094   305.1992   324.9624

Spawning Stock Biomass  x       1000 MT

Year       Average        StdDev
2021        2.2971        0.4565
2022        2.6366        0.4338
2023        3.0202        0.6325
2024        2.6737        0.6548
2025        2.7387        0.9061
2026        3.1176        1.3459
2027        3.4560        1.6365
2028        3.7201        1.8273
2029        3.9143        1.9463
2030        4.0526        2.0139
2031        4.1523        2.0466
2032        4.2411        2.1209
2033        4.3005        2.1456
2034        4.3572        2.1538

Spawning Stock Biomass Distribution

Year        1%         5%         10%        25%        50%        75%        90%        95%        99%   
2021     1.4700     1.7280     1.8326     2.0043     2.2284     2.5137     2.8074     3.0287     4.1834 
2022     1.7723     1.9835     2.1059     2.3370     2.6041     2.8841     3.2382     3.4398     3.7873 
2023     1.8749     2.1282     2.2664     2.5568     2.9458     3.3985     3.8835     4.1914     4.7093 
2024     1.4978     1.7360     1.8884     2.1977     2.6102     3.0886     3.5268     3.8037     4.3622 
2025     1.1146     1.4529     1.6535     2.0839     2.6600     3.2820     3.9026     4.2839     5.1689 
2026     0.7237     1.2191     1.5146     2.1501     2.9736     3.9295     4.8537     5.4014     6.7198 
2027     0.5682     1.1268     1.5081     2.2764     3.3018     4.4394     5.5197     6.2338     7.9078 
2028     0.4889     1.1179     1.5412     2.4302     3.5452     4.7901     6.0290     6.8298     8.8524 
2029     0.4670     1.0991     1.6021     2.5336     3.7340     5.0588     6.3736     7.2420     9.4092 
2030     0.4243     1.1507     1.6342     2.6163     3.8728     5.2651     6.6354     7.4942     9.5625 
2031     0.4251     1.1901     1.6909     2.6754     3.9698     5.3872     6.7783     7.6842     9.7729 
2032     0.4185     1.2111     1.7255     2.7344     4.0650     5.4735     6.9155     7.8797    10.1527 
2033     0.4393     1.2418     1.7662     2.7947     4.0996     5.5492     7.0494     8.0167    10.0855 
2034     0.4303     1.2733     1.8197     2.8256     4.1530     5.6330     7.0893     8.0984    10.0780 

JAN-1 Stock Biomass  x       1000 MT

Year       Average        StdDev
2021        9.3038        1.5887
2022        9.6224        1.8225
2023        9.1724        1.9261
2024        8.6189        1.9684
2025        8.3369        1.9904
2026        8.8040        2.3702
2027        9.1822        2.6320
2028        9.4891        2.8051
2029        9.6997        2.8921
2030        9.8809        3.0032
2031       10.0043        3.0665
2032       10.1104        3.0998
2033       10.1986        3.1624
2034       10.2426        3.1915

JAN-1 Stock Biomass Distribution

Year       1%         5%         10%        25%        50%        75%        90%        95%        99%    
2021     6.3438     6.9649     7.3827     8.1747     9.1816    10.1475    11.5938    12.2839    13.6217 
2022     6.1706     6.9004     7.3534     8.3136     9.4642    10.7495    12.0845    12.8473    14.4442 
2023     5.5221     6.2883     6.8134     7.7860     9.0319    10.3910    11.6372    12.4499    14.2900 
2024     4.8731     5.7123     6.2366     7.2134     8.4838     9.8387    11.1068    11.9131    13.8394 
2025     4.5287     5.3803     5.9103     6.9538     8.1863     9.5455    10.8580    11.6757    13.5816 
2026     4.1988     5.3137     5.9336     7.1763     8.6248    10.2481    11.7766    12.7264    15.3578 
2027     3.9690     5.2521     5.9886     7.3473     9.0159    10.7756    12.4753    13.5767    16.5611 
2028     3.8985     5.2485     6.0729     7.5323     9.3265    11.1862    13.0100    14.2339    17.1581 
2029     3.8448     5.3245     6.1413     7.7033     9.5370    11.4615    13.3329    14.5832    17.4186 
2030     3.8771     5.3709     6.2414     7.8146     9.6787    11.7143    13.6647    14.9069    17.9120 
2031     3.8465     5.4064     6.2972     7.9107     9.8205    11.8369    13.8491    15.2403    18.2686 
2032     3.9294     5.5668     6.3786     7.9870     9.9391    11.9544    14.0035    15.3729    18.3011 
2033     3.9725     5.5300     6.4548     8.0590     9.9840    12.0874    14.1647    15.5403    18.3767 
2034     3.8664     5.5977     6.4405     8.0769    10.0495    12.1096    14.1644    15.5954    18.7353 

Mean Biomass  x       1000 MT

Year       Average        StdDev
2021        8.4691        1.5420
2022        8.3651        1.7450
2023        7.8066        1.8020
2024        7.3855        1.8400
2025        7.5328        2.1196
2026        7.9701        2.4420
2027        8.3189        2.6665
2028        8.5847        2.8188
2029        8.7686        2.8864
2030        8.9312        2.9923
2031        9.0384        3.0487
2032        9.1328        3.0546
2033        9.2187        3.1446
2034        9.2488        3.1504

Mean Biomass Distribution

Year       1%         5%         10%        25%        50%        75%        90%        95%        99%    
2021     5.6478     6.2373     6.6138     7.3226     8.3369     9.3384    10.6236    11.3670    12.6787 
2022     5.1787     5.7939     6.1998     7.1004     8.2317     9.4576    10.6604    11.3990    12.8634 
2023     4.4133     5.1283     5.6034     6.5312     7.6726     8.9158    10.1003    10.8419    12.5236 
2024     4.0082     4.7082     5.1494     6.0805     7.2421     8.5049     9.6931    10.4470    12.3134 
2025     3.4919     4.4009     4.9708     6.0562     7.3884     8.8167    10.2001    11.0618    13.1534 
2026     3.2624     4.3706     5.0020     6.2794     7.7926     9.4404    11.0191    12.0519    14.6898 
2027     3.0802     4.3390     5.1066     6.4797     8.1497     9.9007    11.7010    12.7663    15.4820 
2028     3.0795     4.3392     5.1248     6.6481     8.4025    10.2820    12.1449    13.3120    16.0823 
2029     2.9581     4.4514     5.2473     6.7898     8.5634    10.5165    12.3921    13.7453    16.5484 
2030     3.0146     4.4833     5.3173     6.8809     8.7633    10.7428    12.6585    13.8875    17.1202 
2031     2.9095     4.5214     5.3700     6.9788     8.8488    10.8427    12.8558    14.1845    17.2786 
2032     3.0208     4.6206     5.4792     7.0210     8.9476    10.9884    12.9539    14.3637    17.1137 
2033     2.9709     4.6178     5.5249     7.0728     9.0016    11.0635    13.1492    14.4628    17.6246 
2034     2.9570     4.6421     5.5187     7.1005     9.0542    11.0900    13.0973    14.4951    17.8557 

Combined Catch Biomass  x       1000 MT

Year       Average        StdDev
2021        2.7974        0.4578
2022        3.3636        0.5728
2023        3.3516        0.6772
2024        3.0634        0.7018
2025        2.1900        0.0000
2026        2.1900        0.0000
2027        2.1896        0.0310
2028        2.1891        0.0438
2029        2.1889        0.0490
2030        2.1885        0.0579
2031        2.1869        0.0819
2032        2.1856        0.0978
2033        2.1850        0.1049
2034        2.1843        0.1115

Combined Catch Distribution

Year       1%         5%         10%        25%        50%        75%        90%        95%        99%    
2021     1.8212     2.2186     2.3195     2.4831     2.7347     3.0507     3.3344     3.5806     4.4757 
2022     2.3129     2.5178     2.6665     2.9313     3.3291     3.6908     4.1620     4.4502     4.8468 
2023     2.1088     2.3359     2.5155     2.8575     3.3034     3.7808     4.2280     4.5406     5.0990 
2024     1.7643     2.0161     2.2030     2.5592     3.0189     3.4937     3.9571     4.2451     4.8956 
2025     2.1900     2.1900     2.1900     2.1900     2.1900     2.1900     2.1900     2.1900     2.1900 
2026     2.1900     2.1900     2.1900     2.1900     2.1900     2.1900     2.1900     2.1900     2.1900 
2027     2.1900     2.1900     2.1900     2.1900     2.1900     2.1900     2.1900     2.1900     2.1900 
2028     2.1900     2.1900     2.1900     2.1900     2.1900     2.1900     2.1900     2.1900     2.1900 
2029     2.1900     2.1900     2.1900     2.1900     2.1900     2.1900     2.1900     2.1900     2.1900 
2030     2.1900     2.1900     2.1900     2.1900     2.1900     2.1900     2.1900     2.1900     2.1900 
2031     2.1900     2.1900     2.1900     2.1900     2.1900     2.1900     2.1900     2.1900     2.1900 
2032     2.1900     2.1900     2.1900     2.1900     2.1900     2.1900     2.1900     2.1900     2.1900 
2033     2.1900     2.1900     2.1900     2.1900     2.1900     2.1900     2.1900     2.1900     2.1900 
2034     2.1900     2.1900     2.1900     2.1900     2.1900     2.1900     2.1900     2.1900     2.1900 

Landings  x       1000 MT

Year       Average        StdDev
2021        2.7974        0.4578
2022        3.3636        0.5728
2023        3.3516        0.6772
2024        3.0634        0.7018
2025        2.1900        0.0000
2026        2.1900        0.0000
2027        2.1896        0.0310
2028        2.1891        0.0438
2029        2.1889        0.0490
2030        2.1885        0.0579
2031        2.1869        0.0819
2032        2.1856        0.0978
2033        2.1850        0.1049
2034        2.1843        0.1115

Landings Distribution

Year       1%         5%         10%        25%        50%        75%        90%        95%        99%    
2021     1.8212     2.2186     2.3195     2.4831     2.7347     3.0507     3.3344     3.5806     4.4757 
2022     2.3129     2.5178     2.6665     2.9313     3.3291     3.6908     4.1620     4.4502     4.8468 
2023     2.1088     2.3359     2.5155     2.8575     3.3034     3.7808     4.2280     4.5406     5.0990 
2024     1.7643     2.0161     2.2030     2.5592     3.0189     3.4937     3.9571     4.2451     4.8956 
2025     2.1900     2.1900     2.1900     2.1900     2.1900     2.1900     2.1900     2.1900     2.1900 
2026     2.1900     2.1900     2.1900     2.1900     2.1900     2.1900     2.1900     2.1900     2.1900 
2027     2.1900     2.1900     2.1900     2.1900     2.1900     2.1900     2.1900     2.1900     2.1900 
2028     2.1900     2.1900     2.1900     2.1900     2.1900     2.1900     2.1900     2.1900     2.1900 
2029     2.1900     2.1900     2.1900     2.1900     2.1900     2.1900     2.1900     2.1900     2.1900 
2030     2.1900     2.1900     2.1900     2.1900     2.1900     2.1900     2.1900     2.1900     2.1900 
2031     2.1900     2.1900     2.1900     2.1900     2.1900     2.1900     2.1900     2.1900     2.1900 
2032     2.1900     2.1900     2.1900     2.1900     2.1900     2.1900     2.1900     2.1900     2.1900 
2033     2.1900     2.1900     2.1900     2.1900     2.1900     2.1900     2.1900     2.1900     2.1900 
2034     2.1900     2.1900     2.1900     2.1900     2.1900     2.1900     2.1900     2.1900     2.1900 

Total Fishing Mortality

Year       Average        StdDev
2021        1.0794        0.0000
2022        1.0794        0.0000
2023        1.0794        0.0000
2024        1.0794        0.0000
2025        0.8255        0.2607
2026        0.8006        0.3904
2027        0.7741        0.5005
2028        0.7515        0.5577
2029        0.7325        0.5923
2030        0.7175        0.6173
2031        0.6998        0.6132
2032        0.6843        0.5705
2033        0.6745        0.5830
2034        0.6673        0.5744

Total Fishing Mortality Distribution

Year       1%         5%         10%        25%        50%        75%        90%        95%        99%    
2021     1.0794     1.0794     1.0794     1.0794     1.0794     1.0794     1.0794     1.0794     1.0794 
2022     1.0794     1.0794     1.0794     1.0794     1.0794     1.0794     1.0794     1.0794     1.0794 
2023     1.0794     1.0794     1.0794     1.0794     1.0794     1.0794     1.0794     1.0794     1.0794 
2024     1.0794     1.0794     1.0794     1.0794     1.0794     1.0794     1.0794     1.0794     1.0794 
2025     0.4251     0.5071     0.5541     0.6429     0.7723     0.9532     1.1754     1.3233     1.6617 
2026     0.3429     0.4191     0.4629     0.5564     0.6993     0.9255     1.2446     1.5028     2.2576 
2027     0.2934     0.3699     0.4105     0.5013     0.6464     0.8786     1.2476     1.5848     2.6522 
2028     0.2664     0.3389     0.3796     0.4674     0.6073     0.8397     1.2116     1.6006     3.0208 
2029     0.2514     0.3215     0.3614     0.4432     0.5816     0.8115     1.1941     1.5909     2.9620 
2030     0.2485     0.3133     0.3496     0.4306     0.5642     0.7871     1.1758     1.5437     3.1856 
2031     0.2388     0.3044     0.3428     0.4196     0.5503     0.7786     1.1330     1.5085     3.0569 
2032     0.2332     0.2978     0.3357     0.4145     0.5410     0.7584     1.1067     1.4650     2.8523 
2033     0.2372     0.2950     0.3316     0.4104     0.5356     0.7512     1.0935     1.4376     2.8927 
2034     0.2323     0.2932     0.3275     0.4058     0.5309     0.7394     1.0627     1.3966     2.7788 

JAN-1 Stock Numbers at Age  -       1000  Fish

2021

Age        1%         5%         10%        25%        50%        75%        90%        95%        99%    
1      140.2370   175.0900   184.8320   216.7130   261.1480   317.3690   385.6290   409.5080   464.9250
2       58.9389    77.9477    80.8620    85.4451   100.4175   112.5240   125.3470   138.4980   148.4390
3       34.1986    41.3466    43.5177    47.9381    54.8765    60.4455    67.3245    74.4817    84.8335
4        4.4701     6.3288     7.3712     8.3369     9.5330    10.8358    12.5169    14.0136    20.6054
5        1.2938     1.6031     1.7337     2.2441     2.6907     3.2695     4.2092     4.8898     7.4995
6        0.2917     0.4842     0.6024     0.6936     0.9665     1.2287     1.8234     2.1765     5.0518
7        0.0278     0.0584     0.0739     0.1025     0.1591     0.2261     0.3164     0.3996     1.3049
8        0.0082     0.0292     0.0370     0.0584     0.1092     0.1670     0.2575     0.4456     2.1858
9        0.0003     0.0014     0.0021     0.0035     0.0085     0.0144     0.0223     0.0334     0.2402
10        0.0001     0.0005     0.0007     0.0015     0.0043     0.0069     0.0143     0.0242     0.2609
11        0.0000     0.0001     0.0002     0.0004     0.0014     0.0028     0.0051     0.0082     0.1988
12        0.0000     0.0000     0.0000     0.0000     0.0001     0.0003     0.0005     0.0008     0.0280
13        0.0000     0.0000     0.0000     0.0000     0.0000     0.0002     0.0003     0.0005     0.0316
14        0.0000     0.0000     0.0000     0.0000     0.0000     0.0000     0.0001     0.0001     0.0183
15+       0.0000     0.0000     0.0000     0.0000     0.0000     0.0000     0.0000     0.0000     0.0127

2022

Age        1%         5%         10%        25%        50%        75%        90%        95%        99%    
1       68.6328    71.3913    79.5643   104.2335   168.5415   237.4336   279.0277   304.8705   324.6222
2       89.2097   104.0095   111.0119   128.2313   156.2120   190.2944   230.6051   251.8342   285.9308
3       26.7593    34.3542    36.1934    39.1505    44.7984    51.0482    58.0506    62.8911    71.0894
4       11.9452    13.9777    14.9656    16.5280    18.5486    20.8436    23.6580    26.0417    31.4999
5        1.4250     1.9534     2.1936     2.5175     2.9084     3.3279     3.9001     4.2842     6.5264
6        0.3776     0.4632     0.5103     0.6475     0.7741     0.9516     1.2416     1.4549     2.4137
7        0.0955     0.1459     0.1719     0.2057     0.2737     0.3652     0.5312     0.6258     1.6129
8        0.0094     0.0177     0.0218     0.0304     0.0465     0.0673     0.0972     0.1256     0.4334
9        0.0029     0.0092     0.0114     0.0183     0.0335     0.0514     0.0814     0.1379     0.8002
10        0.0001     0.0004     0.0007     0.0011     0.0027     0.0045     0.0074     0.0110     0.0884
11        0.0000     0.0002     0.0002     0.0005     0.0014     0.0023     0.0049     0.0080     0.0956
12        0.0000     0.0000     0.0001     0.0001     0.0005     0.0009     0.0017     0.0028     0.0729
13        0.0000     0.0000     0.0000     0.0000     0.0000     0.0001     0.0002     0.0003     0.0105
14        0.0000     0.0000     0.0000     0.0000     0.0000     0.0001     0.0001     0.0002     0.0118
15+       0.0000     0.0000     0.0000     0.0000     0.0000     0.0000     0.0000     0.0001     0.0121

2023

Age        1%         5%         10%        25%        50%        75%        90%        95%        99%    
1       68.5878    70.4803    79.0629   105.1303   168.4465   236.1983   277.9230   305.7083   325.6647
2       39.6295    43.1106    47.2680    61.8507   100.0538   142.0628   168.2354   181.7996   201.6585
3       39.9988    46.6480    49.8190    57.8668    70.4833    86.2418   104.2101   114.2634   131.0909
4        9.0986    11.5124    12.2562    13.4330    15.3659    17.5783    20.1142    21.6573    24.9917
5        3.6000     4.1799     4.4925     5.0008     5.6150     6.3445     7.2232     7.9490     9.5506
6        0.4175     0.5606     0.6298     0.7261     0.8419     0.9660     1.1306     1.2548     1.8678
7        0.1088     0.1325     0.1483     0.1860     0.2234     0.2765     0.3633     0.4181     0.7383
8        0.0299     0.0435     0.0503     0.0610     0.0809     0.1094     0.1583     0.1858     0.4915
9        0.0029     0.0055     0.0067     0.0093     0.0142     0.0208     0.0296     0.0391     0.1462
10        0.0009     0.0029     0.0036     0.0058     0.0106     0.0163     0.0258     0.0432     0.2428
11        0.0000     0.0001     0.0002     0.0004     0.0009     0.0015     0.0024     0.0036     0.0289
12        0.0000     0.0001     0.0001     0.0002     0.0005     0.0007     0.0016     0.0026     0.0340
13        0.0000     0.0000     0.0000     0.0000     0.0002     0.0003     0.0006     0.0009     0.0268
14        0.0000     0.0000     0.0000     0.0000     0.0000     0.0000     0.0001     0.0001     0.0038
15+       0.0000     0.0000     0.0000     0.0000     0.0000     0.0000     0.0000     0.0001     0.0084

2024

Age        1%         5%         10%        25%        50%        75%        90%        95%        99%    
1       68.5925    70.2381    79.0374   105.8332   168.7376   237.0619   281.5375   307.2413   325.2375
2       39.2334    42.7118    46.8132    62.5556    99.8319   140.2472   168.4179   182.8607   206.4981
3       17.5825    19.4297    21.4008    27.8939    44.8650    63.7927    76.2115    82.3440    93.2687
4       13.6905    15.7956    17.0581    19.7656    24.2161    29.7022    35.9008    39.5646    45.5771
5        2.7528     3.4449     3.6816     4.0716     4.6558     5.3465     6.1158     6.6102     7.5963
6        1.0319     1.1900     1.2864     1.4415     1.6272     1.8437     2.0944     2.3077     2.7609
7        0.1208     0.1609     0.1802     0.2090     0.2435     0.2817     0.3289     0.3651     0.5442
8        0.0318     0.0391     0.0439     0.0549     0.0664     0.0826     0.1080     0.1253     0.2165
9        0.0091     0.0132     0.0153     0.0187     0.0249     0.0337     0.0489     0.0572     0.1517
10        0.0010     0.0017     0.0021     0.0029     0.0045     0.0066     0.0094     0.0125     0.0461
11        0.0003     0.0009     0.0012     0.0019     0.0034     0.0053     0.0084     0.0138     0.0861
12        0.0000     0.0000     0.0001     0.0001     0.0003     0.0005     0.0008     0.0012     0.0096
13        0.0000     0.0000     0.0000     0.0001     0.0002     0.0003     0.0005     0.0009     0.0112
14        0.0000     0.0000     0.0000     0.0000     0.0001     0.0001     0.0002     0.0003     0.0089
15+       0.0000     0.0000     0.0000     0.0000     0.0000     0.0000     0.0000     0.0001     0.0043

2025

Age        1%         5%         10%        25%        50%        75%        90%        95%        99%    
1       68.6801    70.5545    78.9846   105.0666   168.6611   237.6396   280.0154   306.0518   325.7011
2       39.5374    42.7060    46.9443    62.5818   100.4861   141.5573   169.0693   182.6889   205.2794
3       17.3356    19.2687    21.1328    28.1667    44.7558    62.8750    76.2614    82.7629    96.4593
4        5.8954     6.6309     7.3331     9.5718    15.2876    21.8168    26.3596    28.4691    32.9720
5        4.1008     4.7231     5.1548     5.9967     7.3387     9.0266    10.9064    12.0547    13.8233
6        0.7871     0.9771     1.0567     1.1758     1.3451     1.5528     1.7782     1.9275     2.2382
7        0.2932     0.3420     0.3690     0.4137     0.4709     0.5381     0.6100     0.6745     0.8017
8        0.0361     0.0475     0.0531     0.0619     0.0721     0.0841     0.0983     0.1097     0.1600
9        0.0097     0.0119     0.0134     0.0167     0.0203     0.0254     0.0333     0.0388     0.0671
10        0.0028     0.0042     0.0048     0.0059     0.0079     0.0107     0.0154     0.0181     0.0474
11        0.0003     0.0006     0.0007     0.0009     0.0015     0.0021     0.0031     0.0040     0.0161
12        0.0001     0.0003     0.0004     0.0006     0.0011     0.0018     0.0028     0.0045     0.0278
13        0.0000     0.0000     0.0000     0.0000     0.0001     0.0002     0.0003     0.0004     0.0032
14        0.0000     0.0000     0.0000     0.0000     0.0001     0.0001     0.0002     0.0003     0.0038
15+       0.0000     0.0000     0.0000     0.0000     0.0000     0.0000     0.0001     0.0001     0.0051

2026

Age        1%         5%         10%        25%        50%        75%        90%        95%        99%    
1       68.6511    71.1198    79.7586   105.9848   168.6964   237.2487   279.1382   307.7959   325.3397
2       39.3259    42.8673    47.1821    62.6918   101.3275   143.3932   170.0832   184.5229   207.6968
3       15.4128    18.8371    21.2523    29.1433    48.8392    72.6041    89.7779    97.7846   115.2450
4        4.5749     6.2368     7.3644    10.5299    17.8390    27.0975    35.3802    39.4210    47.9042
5        1.4091     2.0378     2.4424     3.3758     5.5727     8.3119    10.8628    12.2624    14.8599
6        0.9553     1.3723     1.6069     2.0423     2.6416     3.4164     4.2604     4.7962     5.8291
7        0.1985     0.2777     0.3214     0.3972     0.4881     0.5905     0.7027     0.7708     0.9288
8        0.0768     0.1022     0.1171     0.1433     0.1733     0.2087     0.2417     0.2698     0.3347
9        0.0106     0.0152     0.0176     0.0219     0.0270     0.0330     0.0395     0.0451     0.0640
10        0.0030     0.0041     0.0047     0.0061     0.0079     0.0101     0.0134     0.0158     0.0258
11        0.0010     0.0014     0.0017     0.0022     0.0030     0.0043     0.0062     0.0075     0.0191
12        0.0001     0.0002     0.0003     0.0004     0.0006     0.0009     0.0012     0.0016     0.0064
13        0.0001     0.0001     0.0001     0.0003     0.0004     0.0007     0.0012     0.0017     0.0115
14        0.0000     0.0000     0.0000     0.0000     0.0000     0.0001     0.0001     0.0002     0.0013
15+       0.0000     0.0000     0.0000     0.0000     0.0000     0.0001     0.0001     0.0002     0.0037

2027

Age        1%         5%         10%        25%        50%        75%        90%        95%        99%    
1       68.6352    70.1071    78.4728   104.3905   168.5958   237.3665   278.3159   305.4949   324.7539
2       39.3603    43.4815    47.6830    63.2032   101.0849   143.3416   170.2208   184.9664   209.4538
3       13.1158    18.4085    21.4986    29.7512    50.1184    73.9991    91.9133   100.7882   119.2028
4        2.8092     5.4271     7.1032    11.1361    20.5325    33.2135    44.1049    49.1515    61.1877
5        0.6775     1.5746     2.2335     3.7717     6.8569    11.3897    16.1512    18.5383    24.2042
6        0.2042     0.5141     0.7295     1.1866     2.0505     3.3386     4.6993     5.5255     7.2793
7        0.1354     0.3144     0.4470     0.6970     1.0196     1.4185     1.8718     2.1657     2.7761
8        0.0279     0.0643     0.0891     0.1366     0.1922     0.2543     0.3151     0.3579     0.4452
9        0.0109     0.0245     0.0335     0.0504     0.0705     0.0909     0.1114     0.1260     0.1615
10        0.0018     0.0040     0.0053     0.0079     0.0111     0.0146     0.0181     0.0211     0.0293
11        0.0005     0.0012     0.0015     0.0023     0.0032     0.0045     0.0060     0.0073     0.0117
12        0.0002     0.0004     0.0006     0.0009     0.0013     0.0019     0.0027     0.0035     0.0083
13        0.0000     0.0001     0.0001     0.0001     0.0002     0.0004     0.0006     0.0007     0.0027
14        0.0000     0.0000     0.0001     0.0001     0.0002     0.0003     0.0005     0.0008     0.0049
15+       0.0000     0.0000     0.0000     0.0000     0.0000     0.0001     0.0001     0.0002     0.0021

2028

Age        1%         5%         10%        25%        50%        75%        90%        95%        99%    
1       68.6482    70.7859    79.1454   104.3431   168.5612   236.3223   278.1561   306.5680   325.3895
2       39.2392    42.8409    46.8155    62.3626   100.9808   143.4932   170.7684   185.4188   207.7256
3       12.5632    18.8656    22.1520    30.5650    50.9168    74.5020    93.4791   102.6832   120.5397
4        2.0490     5.0418     7.2319    11.8856    21.5071    34.4605    46.1626    52.2537    65.5907
5        0.3331     1.2889     2.0671     4.0504     8.2185    14.7114    21.1553    24.4248    31.5088
6        0.0756     0.3446     0.6166     1.3415     2.7038     4.8771     7.3885     8.9552    12.3321
7        0.0221     0.1164     0.2059     0.4219     0.8102     1.4329     2.1548     2.6311     3.7260
8        0.0126     0.0686     0.1236     0.2448     0.4178     0.6380     0.8796     1.0543     1.4246
9        0.0031     0.0143     0.0248     0.0488     0.0806     0.1173     0.1529     0.1787     0.2324
10        0.0012     0.0057     0.0096     0.0185     0.0301     0.0427     0.0549     0.0635     0.0844
11        0.0002     0.0009     0.0016     0.0030     0.0048     0.0069     0.0090     0.0105     0.0152
12        0.0001     0.0003     0.0005     0.0009     0.0014     0.0021     0.0029     0.0036     0.0058
13        0.0000     0.0001     0.0002     0.0003     0.0006     0.0009     0.0013     0.0017     0.0036
14        0.0000     0.0000     0.0000     0.0001     0.0001     0.0002     0.0003     0.0004     0.0012
15+       0.0000     0.0000     0.0000     0.0000     0.0001     0.0002     0.0003     0.0004     0.0032

2029

Age        1%         5%         10%        25%        50%        75%        90%        95%        99%    
1       68.6401    70.5546    78.9962   104.0713   168.3283   234.3234   277.9034   305.9957   324.6883
2       39.3885    43.2442    47.2523    62.3205   100.9944   142.7915   170.7888   185.9099   208.1517
3       10.8230    18.6525    21.8552    30.5179    51.1031    74.8281    93.8491   103.0144   121.3779
4        1.5713     5.2259     7.5329    12.3963    22.4152    35.3549    47.4124    53.6730    66.0328
5        0.1666     1.1815     2.1163     4.4293     8.8158    15.8479    22.5838    26.5660    36.2022
6        0.0237     0.2695     0.5686     1.4806     3.3062     6.5544    10.1401    12.1095    17.0184
7        0.0058     0.0781     0.1731     0.4813     1.1007     2.1646     3.4812     4.4110     6.3212
8        0.0019     0.0265     0.0564     0.1531     0.3391     0.6463     1.0326     1.2994     1.9685
9        0.0012     0.0158     0.0338     0.0904     0.1811     0.2988     0.4351     0.5351     0.7446
10        0.0003     0.0034     0.0071     0.0183     0.0356     0.0562     0.0772     0.0930     0.1246
11        0.0001     0.0014     0.0028     0.0071     0.0134     0.0207     0.0282     0.0331     0.0457
12        0.0000     0.0002     0.0005     0.0012     0.0022     0.0034     0.0046     0.0055     0.0081
13        0.0000     0.0001     0.0002     0.0004     0.0007     0.0010     0.0015     0.0018     0.0030
14        0.0000     0.0000     0.0001     0.0001     0.0003     0.0004     0.0007     0.0009     0.0017
15+       0.0000     0.0000     0.0000     0.0000     0.0001     0.0002     0.0003     0.0004     0.0021

2030

Age        1%         5%         10%        25%        50%        75%        90%        95%        99%    
1       68.6208    70.5337    79.0588   104.4316   168.4988   236.9515   281.6674   306.4918   333.0287
2       39.5143    43.2028    47.2530    62.1948   100.6492   140.8226   169.9158   186.0499   208.6559
3       11.7192    19.0652    22.3845    30.4145    51.6087    75.5088    94.3969   103.6198   121.2028
4        1.3568     5.0262     7.6815    12.5473    22.7372    36.1849    48.3900    54.1429    68.0130
5        0.1218     1.1334     2.2544     4.7216     9.4958    16.5367    23.5852    27.6636    36.0881
6        0.0135     0.2610     0.5887     1.6246     3.6593     7.2070    10.9321    13.4089    19.3350
7        0.0019     0.0583     0.1604     0.5432     1.3843     2.9681     4.9231     6.0594     8.9947
8        0.0005     0.0168     0.0472     0.1798     0.4673     1.0040     1.7164     2.2201     3.3934
9        0.0002     0.0058     0.0166     0.0587     0.1494     0.3038     0.5075     0.6637     1.0452
10        0.0001     0.0036     0.0103     0.0349     0.0809     0.1447     0.2223     0.2786     0.4062
11        0.0000     0.0008     0.0022     0.0072     0.0161     0.0275     0.0401     0.0493     0.0686
12        0.0000     0.0003     0.0009     0.0028     0.0061     0.0102     0.0147     0.0177     0.0252
13        0.0000     0.0001     0.0002     0.0005     0.0010     0.0017     0.0024     0.0029     0.0044
14        0.0000     0.0000     0.0000     0.0001     0.0003     0.0005     0.0008     0.0010     0.0016
15+       0.0000     0.0000     0.0000     0.0001     0.0002     0.0003     0.0005     0.0007     0.0018

2031

Age        1%         5%         10%        25%        50%        75%        90%        95%        99%    
1       68.5974    70.5440    78.9012   104.2412   168.3414   235.5073   278.9297   306.4494   332.9691
2       39.1632    43.2430    47.2286    62.6475   100.8784   143.3206   172.0432   187.2132   213.6162
3       11.0480    19.3178    22.8722    30.7067    51.2760    74.5306    94.1771   103.6908   123.3677
4        1.3586     5.2925     7.9474    12.6758    23.1077    36.5690    48.9909    55.0051    67.7973
5        0.1095     1.1615     2.3038     4.9026     9.6817    17.0452    24.1980    28.0935    36.8689
6        0.0087     0.2472     0.6295     1.7646     3.9968     7.6076    11.5197    13.9835    19.5110
7        0.0009     0.0544     0.1722     0.6102     1.5734     3.2924     5.3602     6.8264    10.2982
8        0.0002     0.0128     0.0474     0.2054     0.6010     1.3991     2.4319     3.1138     4.9621
9        0.0000     0.0040     0.0147     0.0690     0.2077     0.4761     0.8651     1.1307     1.8097
10        0.0000     0.0014     0.0053     0.0233     0.0674     0.1466     0.2563     0.3430     0.5715
11        0.0000     0.0009     0.0032     0.0137     0.0369     0.0717     0.1150     0.1473     0.2220
12        0.0000     0.0002     0.0007     0.0029     0.0074     0.0137     0.0211     0.0265     0.0378
13        0.0000     0.0001     0.0003     0.0012     0.0028     0.0051     0.0078     0.0096     0.0139
14        0.0000     0.0000     0.0001     0.0002     0.0005     0.0008     0.0013     0.0016     0.0024
15+       0.0000     0.0000     0.0000     0.0001     0.0002     0.0004     0.0007     0.0009     0.0017

2032

Age        1%         5%         10%        25%        50%        75%        90%        95%        99%    
1       68.6044    70.5414    78.8021   104.9872   168.6478   236.9040   277.9522   305.8379   325.7164
2       39.1560    43.3396    47.1761    62.1667   100.8412   142.4808   170.8827   186.1638   210.1371
3       10.8930    19.6284    22.7480    30.9655    51.8818    76.2433    95.3669   105.6856   126.2419
4        1.0594     5.6015     8.3131    12.9756    23.0252    36.0437    49.0209    55.3575    68.5914
5        0.0857     1.2386     2.3751     4.9982     9.9154    17.3002    24.5957    28.7008    36.9006
6        0.0055     0.2522     0.6559     1.8461     4.1326     7.9551    12.0148    14.4485    20.3149
7        0.0008     0.0536     0.1782     0.6604     1.7158     3.5579     5.7180     7.1061    10.4660
8        0.0001     0.0134     0.0515     0.2354     0.6843     1.5468     2.6930     3.5270     5.5967
9        0.0000     0.0032     0.0143     0.0800     0.2678     0.6672     1.2202     1.6207     2.6610
10        0.0000     0.0011     0.0049     0.0275     0.0948     0.2321     0.4357     0.5968     1.0143
11        0.0000     0.0004     0.0017     0.0094     0.0312     0.0722     0.1317     0.1804     0.3076
12        0.0000     0.0003     0.0011     0.0056     0.0170     0.0359     0.0603     0.0783     0.1231
13        0.0000     0.0001     0.0002     0.0012     0.0034     0.0070     0.0112     0.0143     0.0212
14        0.0000     0.0000     0.0001     0.0005     0.0013     0.0026     0.0041     0.0052     0.0077
15+       0.0000     0.0000     0.0000     0.0001     0.0003     0.0007     0.0010     0.0013     0.0022

2033

Age        1%         5%         10%        25%        50%        75%        90%        95%        99%    
1       68.6278    70.5911    78.9309   104.1277   168.4309   237.0976   279.9716   307.0275   356.2007
2       38.9463    43.1323    47.1883    62.8833   101.6969   143.0691   170.5837   184.6875   211.3890
3       11.0934    19.5062    22.9027    30.9292    51.7082    75.6112    94.7035   104.7694   124.1214
4        1.1740     5.7203     8.2517    13.1222    23.5838    37.3124    49.8446    56.8784    71.2870
5        0.0845     1.2844     2.6202     5.1475    10.0243    17.2226    24.8674    28.8120    38.1328
6        0.0051     0.2796     0.7079     1.9179     4.3005     8.1643    12.2984    14.9988    20.1151
7        0.0009     0.0550     0.1851     0.6968     1.7832     3.7363     6.0094     7.4865    11.0378
8        0.0001     0.0128     0.0538     0.2594     0.7547     1.6850     2.8680     3.6684     5.7466
9        0.0000     0.0032     0.0158     0.0906     0.3081     0.7457     1.3501     1.8410     3.0593
10        0.0000     0.0009     0.0047     0.0322     0.1208     0.3260     0.6212     0.8434     1.4442
11        0.0000     0.0003     0.0017     0.0111     0.0436     0.1138     0.2219     0.3140     0.5628
12        0.0000     0.0001     0.0006     0.0038     0.0145     0.0359     0.0686     0.0967     0.1669
13        0.0000     0.0001     0.0004     0.0023     0.0080     0.0183     0.0319     0.0424     0.0681
14        0.0000     0.0000     0.0001     0.0005     0.0016     0.0035     0.0060     0.0078     0.0120
15+       0.0000     0.0000     0.0000     0.0003     0.0008     0.0017     0.0028     0.0036     0.0054

2034

Age        1%         5%         10%        25%        50%        75%        90%        95%        99%    
1       68.6190    70.4568    78.6714   103.3266   168.3350   235.2390   278.0387   305.6204   324.4991
2       39.1373    43.1180    47.1617    62.5345   100.9411   143.6126   172.2328   186.7493   215.9798
3       11.4658    19.9722    23.1053    31.4570    52.6119    75.9833    95.3361   104.0830   124.7153
4        1.2187     5.7657     8.4062    13.2690    23.5097    37.0210    49.6548    56.3778    70.5589
5        0.1043     1.3661     2.5950     5.2268    10.2598    17.8562    25.3289    29.9726    39.9023
6        0.0067     0.3057     0.7679     1.9980     4.3039     8.0755    12.3265    14.9862    21.0274
7        0.0010     0.0630     0.2075     0.7409     1.8619     3.8436     6.1852     7.6899    11.1528
8        0.0001     0.0133     0.0584     0.2708     0.7929     1.7735     3.0296     3.8871     6.1907
9        0.0000     0.0031     0.0173     0.1035     0.3379     0.8162     1.4528     1.9095     3.1459
10        0.0000     0.0010     0.0052     0.0366     0.1405     0.3650     0.6949     0.9725     1.7112
11        0.0000     0.0003     0.0016     0.0131     0.0559     0.1614     0.3216     0.4486     0.7815
12        0.0000     0.0001     0.0006     0.0046     0.0206     0.0560     0.1170     0.1640     0.3107
13        0.0000     0.0000     0.0002     0.0016     0.0068     0.0179     0.0359     0.0510     0.0929
14        0.0000     0.0000     0.0001     0.0010     0.0038     0.0092     0.0168     0.0231     0.0388
15+       0.0000     0.0000     0.0000     0.0003     0.0012     0.0027     0.0046     0.0061     0.0096

Probability Spawning Stock Biomass Exceeds Threshold      3.660 (1000 MT)

Year    Probability

2021    0.017700
2022    0.019300
2023    0.157400
2024    0.071600
2025    0.147600
2026    0.315100
2027    0.413700
2028    0.474300
2029    0.516100
2030    0.542500
2031    0.563600
2032    0.578300
2033    0.584700
2034    0.596800

Probability Threshold Exceeded at Least Once =     0.8534

Probability Total Fishing Mortality Exceeds Threshold     0.8413 

Year    Probability

2021    1.000000
2022    1.000000
2023    1.000000
2024    1.000000
2025    0.391800
2026    0.324400
2027    0.278900
2028    0.248600
2029    0.228500
2030    0.215800
2031    0.206600
2032    0.196800
2033    0.186400
2034    0.182700

Probability Threshold Exceeded at Least Once =     1.0000


Requested Percentile Report

Percentile =    50.00 %

                                 2021       2022       2023       2024       2025       2026       2027       2028       2029       2030       2031       2032       2033       2034 

Recruits                     168.5415   168.4465   168.7376   168.6611   168.6964   168.5958   168.5612   168.3283   168.4988   168.3414   168.6478   168.4309   168.3350   168.4032 
Spawning Stock Biomass         2.2284     2.6041     2.9458     2.6102     2.6600     2.9736     3.3018     3.5452     3.7340     3.8728     3.9698     4.0650     4.0996     4.1530 
Jan-1 Stock Biomass            9.1816     9.4642     9.0319     8.4838     8.1863     8.6248     9.0159     9.3265     9.5370     9.6787     9.8205     9.9391     9.9840    10.0495 
Mean Biomass                   8.3369     8.2317     7.6726     7.2421     7.3884     7.7926     8.1497     8.4025     8.5634     8.7633     8.8488     8.9476     9.0016     9.0542 
Combined Catch Biomass         2.7347     3.3291     3.3034     3.0189     2.1900     2.1900     2.1900     2.1900     2.1900     2.1900     2.1900     2.1900     2.1900     2.1900 
Landings                       2.7347     3.3291     3.3034     3.0189     2.1900     2.1900     2.1900     2.1900     2.1900     2.1900     2.1900     2.1900     2.1900     2.1900 
FMort                          1.0794     1.0794     1.0794     1.0794     0.7723     0.6993     0.6464     0.6073     0.5816     0.5642     0.5503     0.5410     0.5356     0.5309 

Stock Numbers at Age
Age 1                        261.1480   168.5415   168.4465   168.7376   168.6611   168.6964   168.5958   168.5612   168.3283   168.4988   168.3414   168.6478   168.4309   168.3350 
Age 2                        100.4175   156.2120   100.0538    99.8319   100.4861   101.3275   101.0849   100.9808   100.9944   100.6492   100.8784   100.8412   101.6969   100.9411 
Age 3                         54.8765    44.7984    70.4833    44.8650    44.7558    48.8392    50.1184    50.9168    51.1031    51.6087    51.2760    51.8818    51.7082    52.6119 
Age 4                          9.5330    18.5486    15.3659    24.2161    15.2876    17.8390    20.5325    21.5071    22.4152    22.7372    23.1077    23.0252    23.5838    23.5097 
Age 5                          2.6907     2.9084     5.6150     4.6558     7.3387     5.5727     6.8569     8.2185     8.8158     9.4958     9.6817     9.9154    10.0243    10.2598 
Age 6                          0.9665     0.7741     0.8419     1.6272     1.3451     2.6416     2.0505     2.7038     3.3062     3.6593     3.9968     4.1326     4.3005     4.3039 
Age 7                          0.1591     0.2737     0.2234     0.2435     0.4709     0.4881     1.0196     0.8102     1.1007     1.3843     1.5734     1.7158     1.7832     1.8619 
Age 8                          0.1092     0.0465     0.0809     0.0664     0.0721     0.1733     0.1922     0.4178     0.3391     0.4673     0.6010     0.6843     0.7547     0.7929 
Age 9                          0.0085     0.0335     0.0142     0.0249     0.0203     0.0270     0.0705     0.0806     0.1811     0.1494     0.2077     0.2678     0.3081     0.3379 
Age 10                          0.0043     0.0027     0.0106     0.0045     0.0079     0.0079     0.0111     0.0301     0.0356     0.0809     0.0674     0.0948     0.1208     0.1405 
Age 11                          0.0014     0.0014     0.0009     0.0034     0.0015     0.0030     0.0032     0.0048     0.0134     0.0161     0.0369     0.0312     0.0436     0.0559 
Age 12                          0.0001     0.0005     0.0005     0.0003     0.0011     0.0006     0.0013     0.0014     0.0022     0.0061     0.0074     0.0170     0.0145     0.0206 
Age 13                          0.0000     0.0000     0.0002     0.0002     0.0001     0.0004     0.0002     0.0006     0.0007     0.0010     0.0028     0.0034     0.0080     0.0068 
Age 14                          0.0000     0.0000     0.0000     0.0001     0.0001     0.0000     0.0002     0.0001     0.0003     0.0003     0.0005     0.0013     0.0016     0.0038 
Age 15                          0.0000     0.0000     0.0000     0.0000     0.0000     0.0000     0.0000     0.0001     0.0001     0.0002     0.0002     0.0003     0.0008     0.0012 
