AGEPRO VERSION 4.2

Phased_Q_240022502175

Date & Time of Run: 03 May 2024  20:24

Input File Name:    Phased_Q_240022502175.inp

First Age Class:                         1
Number of Age Classes:                  15
Number of Years in Projection:          14
Number of Fleets:                        9
Number of Recruitment Models:            3
Number of Bootstraps:                  100
Number of Simulations:                 100

Bootstrap File Name:            C:\Users\jon.brodziak\Desktop\2024 WCNPO MLS Rebuilding\Bootstrap-numbers-at-age\2023_WCNPOMLS.bsn

Number of Feasible Solutions:       9953  of      10000 Realizations

Input Harvest Scenario

Year  Type        Fleet-1    Fleet-2    Fleet-3    Fleet-4    Fleet-5    Fleet-6    Fleet-7    Fleet-8    Fleet-9    

2021  F-Mult       0.1651     0.0453     0.2588     0.0166     0.0610     0.0487     0.0642     0.0722     0.3475 
2022  F-Mult       0.1651     0.0453     0.2588     0.0166     0.0610     0.0487     0.0642     0.0722     0.3475 
2023  F-Mult       0.1651     0.0453     0.2588     0.0166     0.0610     0.0487     0.0642     0.0722     0.3475 
2024  F-Mult       0.1651     0.0453     0.2588     0.0166     0.0610     0.0487     0.0642     0.0722     0.3475 
2025  Landings        344        137        713         63        208         93        180        324        337 
2026  Landings        344        137        713         63        208         93        180        324        337 
2027  Landings        344        137        713         63        208         93        180        324        337 
2028  Landings        323        128        669         59        195         87        169        303        316 
2029  Landings        323        128        669         59        195         87        169        303        316 
2030  Landings        323        128        669         59        195         87        169        303        316 
2031  Landings        323        128        669         59        195         87        169        303        316 
2032  Landings        312        124        647         57        189         84        163        293        305 
2033  Landings        312        124        647         57        189         84        163        293        305 
2034  Landings        312        124        647         57        189         84        163        293        305 

Recruitment Selection Distribution

Year  Selection-1 Selection-2 Selection-3 

2021      0.1203     0.8407     0.0390 
2022      0.1203     0.8377     0.0420 
2023      0.1187     0.8397     0.0416 
2024      0.1202     0.8365     0.0433 
2025      0.1167     0.8440     0.0393 
2026      0.1209     0.8384     0.0407 
2027      0.1147     0.8454     0.0399 
2028      0.1195     0.8383     0.0422 
2029      0.1142     0.8458     0.0400 
2030      0.1143     0.8458     0.0399 
2031      0.1214     0.8379     0.0407 
2032      0.1208     0.8375     0.0417 
2033      0.1207     0.8383     0.0410 
2034      0.1200     0.8393     0.0407 

Recruits        1000  Fish

Year Class   Average        StdDev
2021        172.0823       79.8675
2022        173.8326       81.4796
2023        172.8782       81.7898
2024        173.4538       83.7247
2025        174.3465       81.5235
2026        171.9978       79.8066
2027        171.3266       79.9688
2028        173.8363       81.2473
2029        173.4419       81.9826
2030        171.3876       78.9004
2031        173.3786       83.0464
2032        173.1097       82.4145
2033        174.7569       88.2746
2034        173.0516       82.6397

Recruits Distribution

Year Class 1%         5%         10%        25%        50%        75%        90%        95%        99%    
2021    68.5746    70.0519    78.1318   103.3984   168.6171   235.3064   277.5312   305.0290   324.4878
2022    68.6421    71.7290    79.5196   104.3944   168.7243   236.3509   279.8844   307.1131   325.6681
2023    68.5897    70.5536    78.4112   103.6407   168.3418   235.5505   277.5985   306.6443   339.1371
2024    68.6233    70.6711    78.9168   104.9019   168.3565   235.8753   278.7605   306.6333   325.5412
2025    68.6735    71.1179    79.0555   105.7344   168.7410   237.3097   278.3795   305.3072   325.5315
2026    68.6456    70.3145    78.5685   104.8781   168.1551   234.4635   278.5942   304.9868   325.2100
2027    68.6218    70.9060    79.2338   103.8033   168.2219   233.8107   277.2265   304.1718   324.4019
2028    68.5720    70.1669    78.8890   104.5547   168.6083   236.9156   278.2720   306.9126   331.8355
2029    68.5728    69.8717    78.0891   102.7338   168.5023   238.3429   280.8015   307.5740   325.2071
2030    68.6229    70.1465    78.3097   102.4787   168.0317   235.6014   278.9282   305.5967   325.2556
2031    68.6900    70.6881    78.8412   104.0133   168.4253   236.1685   278.5807   305.2558   339.0234
2032    68.6124    70.0949    78.5938   104.0558   168.3096   236.2871   278.9419   306.2020   328.0210
2033    68.6350    70.4697    79.1898   105.0471   168.6023   236.8150   280.0745   306.6306   338.5141
2034    68.6415    71.1117    79.0949   103.9809   168.3334   236.3590   277.9326   305.3092   345.4642

Spawning Stock Biomass  x       1000 MT

Year       Average        StdDev
2021        2.2965        0.4560
2022        2.6089        0.4286
2023        2.9346        0.6082
2024        2.5799        0.6368
2025        2.5680        0.8738
2026        2.8025        1.2831
2027        3.0318        1.5996
2028        3.2647        1.7805
2029        3.4740        1.8915
2030        3.6428        1.9496
2031        3.7922        2.0089
2032        3.9280        2.0711
2033        4.0500        2.0792
2034        4.1624        2.1094

Spawning Stock Biomass Distribution

Year        1%         5%         10%        25%        50%        75%        90%        95%        99%   
2021     1.4603     1.7297     1.8323     2.0008     2.2287     2.5156     2.8155     3.0263     4.1476 
2022     1.7539     1.9656     2.0893     2.3111     2.5772     2.8561     3.1973     3.4006     3.7461 
2023     1.8364     2.0717     2.2093     2.4891     2.8632     3.2931     3.7676     4.0643     4.6231 
2024     1.4708     1.6845     1.8248     2.1161     2.5143     2.9694     3.4062     3.6688     4.2467 
2025     1.0092     1.3118     1.5353     1.9380     2.4820     3.0986     3.6721     4.0594     4.9546 
2026     0.5610     0.9876     1.3008     1.8778     2.6813     3.5780     4.4465     4.9909     6.4317 
2027     0.3351     0.8057     1.1907     1.9037     2.8717     3.9385     5.0270     5.7586     7.4203 
2028     0.2508     0.7725     1.1925     2.0243     3.0662     4.2807     5.4960     6.3210     8.2290 
2029     0.2436     0.8323     1.2341     2.1436     3.2609     4.5561     5.8669     6.7184     8.9640 
2030     0.2489     0.8889     1.3350     2.2512     3.4244     4.8168     6.1619     7.0271     9.0881 
2031     0.2533     0.9502     1.4069     2.3618     3.5620     4.9855     6.4092     7.3501     9.2987 
2032     0.3218     0.9429     1.4750     2.4303     3.7109     5.1162     6.6365     7.5844     9.6342 
2033     0.3307     1.0411     1.5341     2.5375     3.8438     5.2997     6.7613     7.7218     9.7580 
2034     0.3328     1.1291     1.6449     2.6523     3.9505     5.4292     6.8900     7.8561     9.9512 

JAN-1 Stock Biomass  x       1000 MT

Year       Average        StdDev
2021        9.2954        1.6000
2022        9.4467        1.7956
2023        8.9561        1.9146
2024        8.3875        1.9517
2025        8.0871        1.9645
2026        8.3979        2.3895
2027        8.6391        2.6426
2028        8.8169        2.7972
2029        9.0979        2.9007
2030        9.3282        3.0167
2031        9.4850        3.0621
2032        9.6185        3.1078
2033        9.7858        3.1417
2034        9.9387        3.1807

JAN-1 Stock Biomass Distribution

Year       1%         5%         10%        25%        50%        75%        90%        95%        99%    
2021     6.3357     6.9556     7.3629     8.1720     9.1715    10.1234    11.5193    12.2897    13.8977 
2022     6.0859     6.7793     7.2576     8.1489     9.3143    10.5531    11.7996    12.6041    14.1961 
2023     5.3616     6.1561     6.6412     7.5750     8.8080    10.1368    11.4086    12.2328    13.9665 
2024     4.6987     5.5057     6.0359     7.0063     8.2472     9.5342    10.8548    11.6605    13.6484 
2025     4.4264     5.1935     5.7438     6.6982     7.9542     9.2614    10.5376    11.3376    13.3000 
2026     3.8311     4.9042     5.5722     6.7651     8.2201     9.7879    11.3290    12.3351    14.9243 
2027     3.4854     4.6869     5.4938     6.8648     8.4402    10.1870    11.8729    13.0387    15.9003 
2028     3.3194     4.6290     5.4528     6.9347     8.6214    10.4811    12.2842    13.5318    16.4398 
2029     3.2850     4.7794     5.6057     7.1173     8.8791    10.8678    12.7900    13.9779    16.9241 
2030     3.3139     4.8409     5.7425     7.2446     9.0793    11.1318    13.1905    14.4752    17.6911 
2031     3.3837     4.8970     5.8041     7.3727     9.3115    11.3405    13.4221    14.6871    17.8824 
2032     3.4185     4.9941     5.8691     7.4533     9.4196    11.5049    13.6040    14.9653    18.0223 
2033     3.4078     5.1562     6.0296     7.6278     9.5808    11.6789    13.7557    15.1452    18.1567 
2034     3.5613     5.2552     6.1604     7.7924     9.7327    11.7857    13.8991    15.2999    18.5545 

Mean Biomass  x       1000 MT

Year       Average        StdDev
2021        8.4086        1.5209
2022        8.1793        1.7047
2023        7.6072        1.7815
2024        7.1671        1.8033
2025        7.2031        2.1023
2026        7.5003        2.4583
2027        7.7176        2.6776
2028        7.9378        2.7920
2029        8.2039        2.8914
2030        8.4100        2.9833
2031        8.5427        3.0175
2032        8.7016        3.0533
2033        8.8460        3.0707
2034        8.9957        3.1238

Mean Biomass Distribution

Year       1%         5%         10%        25%        50%        75%        90%        95%        99%    
2021     5.6321     6.2053     6.5635     7.2877     8.2832     9.2765    10.5538    11.2410    12.5078 
2022     5.0749     5.6712     6.0992     6.9392     8.0240     9.2344    10.4104    11.1166    12.7201 
2023     4.3597     5.0298     5.4441     6.3205     7.4724     8.6924     9.8679    10.6168    12.2592 
2024     3.8494     4.5272     5.0014     5.8931     7.0366     8.2627     9.4230    10.2432    12.2314 
2025     3.3070     4.1345     4.6998     5.7382     7.0655     8.4522     9.8356    10.6802    12.7660 
2026     2.7994     3.8641     4.5847     5.8390     7.3024     8.9220    10.5618    11.5883    14.1402 
2027     2.5021     3.7273     4.5088     5.9365     7.4804     9.3356    11.0282    12.1826    14.9559 
2028     2.3879     3.7822     4.5406     6.0132     7.7477     9.6390    11.4420    12.6466    15.5789 
2029     2.3606     3.8760     4.7165     6.2303     8.0037     9.9724    11.8480    13.1261    15.8945 
2030     2.4063     3.9790     4.8449     6.3619     8.1682    10.2140    12.2336    13.5079    16.4359 
2031     2.5538     4.0016     4.8895     6.4837     8.3624    10.3357    12.3703    13.6909    16.7715 
2032     2.5424     4.1445     5.0103     6.6048     8.5164    10.5454    12.5885    13.9705    16.8126 
2033     2.5541     4.3087     5.1711     6.7255     8.6805    10.6910    12.7554    14.1148    16.9973 
2034     2.7662     4.4400     5.3229     6.8968     8.7780    10.8328    12.8739    14.3397    17.3783 

Combined Catch Biomass  x       1000 MT

Year       Average        StdDev
2021        2.9753        0.4791
2022        3.4174        0.5710
2023        3.3686        0.6670
2024        3.0765        0.6948
2025        2.4000        0.0000
2026        2.4000        0.0000
2027        2.3990        0.0480
2028        2.2475        0.0746
2029        2.2459        0.0954
2030        2.2448        0.1078
2031        2.2432        0.1231
2032        2.1667        0.1338
2033        2.1656        0.1423
2034        2.1648        0.1488

Combined Catch Distribution

Year       1%         5%         10%        25%        50%        75%        90%        95%        99%    
2021     1.9584     2.3516     2.4574     2.6642     2.9144     3.2340     3.5548     3.7925     4.7278 
2022     2.3488     2.5811     2.7227     2.9976     3.3780     3.7403     4.2114     4.4925     4.9152 
2023     2.1392     2.3859     2.5551     2.8884     3.3120     3.7815     4.2345     4.5130     5.1450 
2024     1.7836     2.0555     2.2468     2.5789     3.0268     3.5007     3.9528     4.2219     4.8998 
2025     2.4000     2.4000     2.4000     2.4000     2.4000     2.4000     2.4000     2.4000     2.4000 
2026     2.4000     2.4000     2.4000     2.4000     2.4000     2.4000     2.4000     2.4000     2.4000 
2027     2.4000     2.4000     2.4000     2.4000     2.4000     2.4000     2.4000     2.4000     2.4000 
2028     2.2500     2.2500     2.2500     2.2500     2.2500     2.2500     2.2500     2.2500     2.2500 
2029     2.2500     2.2500     2.2500     2.2500     2.2500     2.2500     2.2500     2.2500     2.2500 
2030     2.2500     2.2500     2.2500     2.2500     2.2500     2.2500     2.2500     2.2500     2.2500 
2031     2.2500     2.2500     2.2500     2.2500     2.2500     2.2500     2.2500     2.2500     2.2500 
2032     2.1750     2.1750     2.1750     2.1750     2.1750     2.1750     2.1750     2.1750     2.1750 
2033     2.1750     2.1750     2.1750     2.1750     2.1750     2.1750     2.1750     2.1750     2.1750 
2034     2.1750     2.1750     2.1750     2.1750     2.1750     2.1750     2.1750     2.1750     2.1750 

Landings  x       1000 MT

Year       Average        StdDev
2021        2.9753        0.4791
2022        3.4174        0.5710
2023        3.3686        0.6670
2024        3.0765        0.6948
2025        2.4000        0.0000
2026        2.4000        0.0000
2027        2.3990        0.0480
2028        2.2475        0.0746
2029        2.2459        0.0954
2030        2.2448        0.1078
2031        2.2432        0.1231
2032        2.1667        0.1338
2033        2.1656        0.1423
2034        2.1648        0.1488

Landings Distribution

Year       1%         5%         10%        25%        50%        75%        90%        95%        99%    
2021     1.9584     2.3516     2.4574     2.6642     2.9144     3.2340     3.5548     3.7925     4.7278 
2022     2.3488     2.5811     2.7227     2.9976     3.3780     3.7403     4.2114     4.4925     4.9152 
2023     2.1392     2.3859     2.5551     2.8884     3.3120     3.7815     4.2345     4.5130     5.1450 
2024     1.7836     2.0555     2.2468     2.5789     3.0268     3.5007     3.9528     4.2219     4.8998 
2025     2.4000     2.4000     2.4000     2.4000     2.4000     2.4000     2.4000     2.4000     2.4000 
2026     2.4000     2.4000     2.4000     2.4000     2.4000     2.4000     2.4000     2.4000     2.4000 
2027     2.4000     2.4000     2.4000     2.4000     2.4000     2.4000     2.4000     2.4000     2.4000 
2028     2.2500     2.2500     2.2500     2.2500     2.2500     2.2500     2.2500     2.2500     2.2500 
2029     2.2500     2.2500     2.2500     2.2500     2.2500     2.2500     2.2500     2.2500     2.2500 
2030     2.2500     2.2500     2.2500     2.2500     2.2500     2.2500     2.2500     2.2500     2.2500 
2031     2.2500     2.2500     2.2500     2.2500     2.2500     2.2500     2.2500     2.2500     2.2500 
2032     2.1750     2.1750     2.1750     2.1750     2.1750     2.1750     2.1750     2.1750     2.1750 
2033     2.1750     2.1750     2.1750     2.1750     2.1750     2.1750     2.1750     2.1750     2.1750 
2034     2.1750     2.1750     2.1750     2.1750     2.1750     2.1750     2.1750     2.1750     2.1750 

Total Fishing Mortality

Year       Average        StdDev
2021        1.0794        0.0000
2022        1.0794        0.0000
2023        1.0794        0.0000
2024        1.0794        0.0000
2025        0.9275        0.2940
2026        0.9472        0.4980
2027        0.9656        0.7293
2028        0.8898        0.7711
2029        0.8493        0.7555
2030        0.8135        0.7380
2031        0.7799        0.6836
2032        0.7239        0.6184
2033        0.6946        0.5607
2034        0.6702        0.5364

Total Fishing Mortality Distribution

Year       1%         5%         10%        25%        50%        75%        90%        95%        99%    
2021     1.0794     1.0794     1.0794     1.0794     1.0794     1.0794     1.0794     1.0794     1.0794 
2022     1.0794     1.0794     1.0794     1.0794     1.0794     1.0794     1.0794     1.0794     1.0794 
2023     1.0794     1.0794     1.0794     1.0794     1.0794     1.0794     1.0794     1.0794     1.0794 
2024     1.0794     1.0794     1.0794     1.0794     1.0794     1.0794     1.0794     1.0794     1.0794 
2025     0.4778     0.5703     0.6209     0.7213     0.8661     1.0703     1.3137     1.4982     1.8993 
2026     0.3832     0.4811     0.5366     0.6430     0.8192     1.0937     1.4828     1.8365     2.7974 
2027     0.3313     0.4269     0.4784     0.5926     0.7761     1.0782     1.5803     2.1196     3.8606 
2028     0.2819     0.3675     0.4171     0.5178     0.6900     0.9764     1.4723     2.0270     4.1976 
2029     0.2720     0.3451     0.3913     0.4881     0.6536     0.9285     1.4250     1.9326     4.1014 
2030     0.2629     0.3338     0.3731     0.4648     0.6296     0.8891     1.3432     1.8144     3.8666 
2031     0.2528     0.3189     0.3609     0.4518     0.6078     0.8596     1.2914     1.7250     3.6683 
2032     0.2374     0.3018     0.3394     0.4278     0.5656     0.8077     1.2013     1.6618     3.0405 
2033     0.2377     0.2954     0.3332     0.4165     0.5485     0.7765     1.1536     1.5274     2.8736 
2034     0.2306     0.2924     0.3283     0.4080     0.5363     0.7518     1.0957     1.4399     2.6380 

JAN-1 Stock Numbers at Age  -       1000  Fish

2021

Age        1%         5%         10%        25%        50%        75%        90%        95%        99%    
1      140.2370   175.0900   184.8320   216.7130   261.1480   317.3690   385.6290   409.5080   464.9250
2       58.9389    77.9477    80.8620    85.4451   100.4175   112.5240   125.3470   138.4980   148.4390
3       34.1986    41.3466    43.5177    47.9381    54.8765    60.4455    67.3245    74.4817    84.8335
4        4.4701     6.3288     7.3712     8.3369     9.5330    10.8358    12.5169    14.0136    20.6054
5        1.2938     1.6031     1.7337     2.2441     2.6907     3.2695     4.2092     4.8898     7.4995
6        0.2917     0.4842     0.6024     0.6936     0.9665     1.2287     1.8234     2.1765     5.0518
7        0.0278     0.0584     0.0739     0.1025     0.1591     0.2261     0.3164     0.3996     1.3049
8        0.0082     0.0292     0.0370     0.0584     0.1092     0.1670     0.2575     0.4456     2.1858
9        0.0003     0.0014     0.0021     0.0035     0.0085     0.0144     0.0223     0.0334     0.2402
10        0.0001     0.0005     0.0007     0.0015     0.0043     0.0069     0.0143     0.0242     0.2609
11        0.0000     0.0001     0.0002     0.0004     0.0014     0.0028     0.0051     0.0082     0.1988
12        0.0000     0.0000     0.0000     0.0000     0.0001     0.0003     0.0005     0.0008     0.0280
13        0.0000     0.0000     0.0000     0.0000     0.0000     0.0002     0.0003     0.0005     0.0316
14        0.0000     0.0000     0.0000     0.0000     0.0000     0.0000     0.0001     0.0001     0.0183
15+       0.0000     0.0000     0.0000     0.0000     0.0000     0.0000     0.0000     0.0000     0.0127

2022

Age        1%         5%         10%        25%        50%        75%        90%        95%        99%    
1       68.5746    70.0519    78.1318   103.3984   168.6171   235.3064   277.5312   305.0290   324.4878
2       85.7908   100.3261   107.2517   123.6625   150.7178   184.2944   223.2063   241.6120   275.4290
3       26.8157    34.5604    36.2795    39.1731    44.7216    51.0696    57.9183    63.1044    70.5325
4       11.9279    13.8885    14.9713    16.5372    18.5476    20.8307    23.6398    26.0672    31.1293
5        1.4265     1.9573     2.1967     2.5195     2.9100     3.3309     3.8980     4.3010     6.5231
6        0.3772     0.4624     0.5102     0.6464     0.7754     0.9515     1.2427     1.4545     2.3859
7        0.0942     0.1453     0.1715     0.2059     0.2733     0.3655     0.5297     0.6286     1.6279
8        0.0096     0.0177     0.0219     0.0304     0.0466     0.0673     0.0967     0.1266     0.4283
9        0.0028     0.0091     0.0114     0.0183     0.0336     0.0516     0.0818     0.1367     0.7662
10        0.0001     0.0004     0.0007     0.0011     0.0027     0.0046     0.0073     0.0110     0.0856
11        0.0000     0.0002     0.0002     0.0005     0.0014     0.0023     0.0049     0.0080     0.0986
12        0.0000     0.0000     0.0001     0.0001     0.0005     0.0009     0.0017     0.0028     0.0748
13        0.0000     0.0000     0.0000     0.0000     0.0000     0.0001     0.0002     0.0003     0.0105
14        0.0000     0.0000     0.0000     0.0000     0.0000     0.0001     0.0001     0.0002     0.0119
15+       0.0000     0.0000     0.0000     0.0000     0.0000     0.0000     0.0000     0.0001     0.0122

2023

Age        1%         5%         10%        25%        50%        75%        90%        95%        99%    
1       68.6421    71.7290    79.5196   104.3944   168.7243   236.3509   279.8844   307.1131   325.6681
2       38.0023    40.9445    44.4982    59.1660    96.3931   135.2142   161.9809   174.9812   193.5218
3       38.6218    44.8783    48.3463    55.6856    68.1633    83.6097   100.5636   110.4083   124.8649
4        9.2064    11.5467    12.2972    13.4474    15.2901    17.5996    20.0050    21.7348    24.7063
5        3.5835     4.1880     4.4905     4.9962     5.6190     6.3452     7.2063     7.9526     9.5565
6        0.4128     0.5614     0.6290     0.7267     0.8410     0.9672     1.1314     1.2561     1.8906
7        0.1086     0.1323     0.1475     0.1855     0.2239     0.2758     0.3621     0.4201     0.7365
8        0.0295     0.0431     0.0500     0.0612     0.0814     0.1088     0.1573     0.1861     0.4853
9        0.0030     0.0055     0.0067     0.0093     0.0142     0.0207     0.0296     0.0389     0.1481
10        0.0009     0.0029     0.0036     0.0058     0.0107     0.0163     0.0261     0.0430     0.2527
11        0.0000     0.0001     0.0002     0.0004     0.0009     0.0015     0.0024     0.0036     0.0285
12        0.0000     0.0001     0.0001     0.0002     0.0005     0.0008     0.0016     0.0027     0.0326
13        0.0000     0.0000     0.0000     0.0000     0.0002     0.0003     0.0006     0.0009     0.0252
14        0.0000     0.0000     0.0000     0.0000     0.0000     0.0000     0.0001     0.0001     0.0038
15+       0.0000     0.0000     0.0000     0.0000     0.0000     0.0000     0.0000     0.0001     0.0084

2024

Age        1%         5%         10%        25%        50%        75%        90%        95%        99%    
1       68.5897    70.5536    78.4112   103.6407   168.3418   235.5505   277.5985   306.6443   339.1371
2       37.9673    41.6951    45.5308    59.7313    97.0319   135.5235   162.4533   176.5066   199.4949
3       16.6767    18.4672    20.1436    26.7307    43.1808    60.5831    73.5770    79.7283    89.9032
4       13.1038    15.2043    16.4497    19.0643    23.3730    28.7885    34.5956    37.8999    43.6101
5        2.7651     3.4384     3.6816     4.0716     4.6464     5.3480     6.1092     6.6124     7.5691
6        1.0276     1.1965     1.2871     1.4337     1.6246     1.8433     2.1042     2.3096     2.8000
7        0.1188     0.1609     0.1804     0.2091     0.2433     0.2818     0.3284     0.3638     0.5465
8        0.0318     0.0387     0.0438     0.0547     0.0664     0.0826     0.1079     0.1250     0.2206
9        0.0089     0.0131     0.0152     0.0187     0.0249     0.0336     0.0485     0.0571     0.1488
10        0.0010     0.0017     0.0021     0.0029     0.0045     0.0066     0.0094     0.0125     0.0481
11        0.0003     0.0009     0.0012     0.0019     0.0034     0.0053     0.0085     0.0139     0.0835
12        0.0000     0.0000     0.0001     0.0001     0.0003     0.0005     0.0008     0.0012     0.0093
13        0.0000     0.0000     0.0000     0.0001     0.0002     0.0003     0.0005     0.0009     0.0113
14        0.0000     0.0000     0.0000     0.0000     0.0001     0.0001     0.0002     0.0003     0.0092
15+       0.0000     0.0000     0.0000     0.0000     0.0000     0.0000     0.0000     0.0001     0.0044

2025

Age        1%         5%         10%        25%        50%        75%        90%        95%        99%    
1       68.6233    70.6711    78.9168   104.9019   168.3565   235.8753   278.7605   306.6333   325.5412
2       37.7415    41.0236    44.8883    59.3459    96.4065   135.8373   162.0610   175.8644   201.5384
3       16.7811    18.7958    20.6156    26.9513    43.5218    60.8625    73.7866    80.0534    92.1818
4        5.5970     6.3026     6.9305     9.1141    14.7806    20.6881    25.3828    27.4063    31.5350
5        3.8996     4.5719     4.9685     5.7768     7.0890     8.7312    10.5011    11.5811    13.3614
6        0.7964     0.9814     1.0532     1.1746     1.3437     1.5525     1.7732     1.9213     2.2185
7        0.2986     0.3423     0.3672     0.4125     0.4700     0.5359     0.6134     0.6739     0.8146
8        0.0353     0.0476     0.0528     0.0618     0.0721     0.0836     0.0982     0.1096     0.1616
9        0.0097     0.0118     0.0133     0.0167     0.0204     0.0254     0.0333     0.0384     0.0672
10        0.0029     0.0041     0.0048     0.0059     0.0079     0.0107     0.0155     0.0180     0.0474
11        0.0003     0.0006     0.0007     0.0010     0.0014     0.0021     0.0031     0.0041     0.0160
12        0.0001     0.0003     0.0004     0.0006     0.0011     0.0018     0.0028     0.0046     0.0274
13        0.0000     0.0000     0.0000     0.0000     0.0001     0.0002     0.0003     0.0004     0.0031
14        0.0000     0.0000     0.0000     0.0000     0.0001     0.0001     0.0002     0.0003     0.0037
15+       0.0000     0.0000     0.0000     0.0000     0.0000     0.0000     0.0001     0.0001     0.0048

2026

Age        1%         5%         10%        25%        50%        75%        90%        95%        99%    
1       68.6735    71.1179    79.0555   105.7344   168.7410   237.3097   278.3795   305.3072   325.5315
2       37.5152    41.1219    45.0872    60.0225    96.9828   137.3124   165.8620   180.7223   205.1528
3       14.1298    17.2344    19.5829    26.4980    45.6002    67.5676    83.9589    92.0837   109.7208
4        3.9083     5.5220     6.7039     9.3954    16.5133    24.9576    32.4678    36.2652    44.5608
5        1.1576     1.7447     2.1071     2.9691     4.9585     7.4035     9.8569    11.1000    13.6505
6        0.8077     1.1807     1.3848     1.8028     2.3613     3.0841     3.8528     4.4132     5.3814
7        0.1701     0.2461     0.2881     0.3632     0.4533     0.5493     0.6563     0.7263     0.8665
8        0.0663     0.0906     0.1048     0.1306     0.1603     0.1939     0.2307     0.2567     0.3161
9        0.0093     0.0131     0.0157     0.0200     0.0251     0.0309     0.0370     0.0427     0.0623
10        0.0027     0.0037     0.0043     0.0056     0.0073     0.0094     0.0125     0.0148     0.0253
11        0.0009     0.0013     0.0015     0.0021     0.0028     0.0040     0.0058     0.0071     0.0182
12        0.0001     0.0002     0.0002     0.0003     0.0005     0.0008     0.0012     0.0016     0.0059
13        0.0000     0.0001     0.0001     0.0002     0.0004     0.0007     0.0011     0.0017     0.0108
14        0.0000     0.0000     0.0000     0.0000     0.0000     0.0001     0.0001     0.0002     0.0013
15+       0.0000     0.0000     0.0000     0.0000     0.0000     0.0000     0.0001     0.0002     0.0035

2027

Age        1%         5%         10%        25%        50%        75%        90%        95%        99%    
1       68.6456    70.3145    78.5685   104.8781   168.1551   234.4635   278.5942   304.9868   325.2100
2       36.9902    41.3103    45.3464    60.3877    98.1071   138.1872   164.9113   179.3696   201.8732
3       10.9925    16.3080    19.4530    27.0223    46.1707    68.7452    87.5252    96.6865   114.7578
4        1.8622     4.2128     5.7881     9.1773    17.7640    29.1267    39.3078    44.3353    56.0652
5        0.3923     1.1268     1.7194     3.0517     5.7418     9.6757    13.8329    16.3747    21.9922
6        0.1108     0.3361     0.5275     0.9334     1.6521     2.7656     3.9772     4.7287     6.2865
7        0.0679     0.2065     0.3153     0.5400     0.8341     1.1862     1.5868     1.8812     2.4291
8        0.0151     0.0437     0.0670     0.1094     0.1630     0.2205     0.2780     0.3201     0.4043
9        0.0063     0.0164     0.0248     0.0405     0.0590     0.0792     0.0996     0.1137     0.1464
10        0.0010     0.0027     0.0039     0.0064     0.0094     0.0127     0.0163     0.0189     0.0270
11        0.0003     0.0008     0.0012     0.0018     0.0028     0.0039     0.0053     0.0065     0.0109
12        0.0001     0.0003     0.0004     0.0007     0.0011     0.0016     0.0024     0.0031     0.0078
13        0.0000     0.0000     0.0001     0.0001     0.0002     0.0003     0.0005     0.0007     0.0024
14        0.0000     0.0000     0.0000     0.0001     0.0002     0.0003     0.0005     0.0007     0.0046
15+       0.0000     0.0000     0.0000     0.0000     0.0000     0.0000     0.0001     0.0001     0.0020

2028

Age        1%         5%         10%        25%        50%        75%        90%        95%        99%    
1       68.6218    70.9060    79.2338   103.8033   168.2219   233.8107   277.2265   304.1718   324.4019
2       35.9111    41.1208    44.7651    59.9925    96.6573   136.2386   165.9263   180.7091   204.4066
3        7.5141    15.8880    19.7509    27.5398    47.0693    69.8081    87.8586    97.5102   116.1680
4        0.8157     3.2861     5.4048     9.7017    18.3265    30.3782    42.4029    48.1138    60.4291
5        0.0942     0.6824     1.3087     2.9360     6.4830    12.0296    17.6173    21.0288    29.2202
6        0.0148     0.1689     0.3767     0.9229     2.0304     3.8373     5.9655     7.3965    10.7875
7        0.0041     0.0495     0.1116     0.2801     0.5893     1.0899     1.7087     2.1076     3.0583
8        0.0028     0.0293     0.0667     0.1633     0.3073     0.4943     0.7081     0.8594     1.1884
9        0.0006     0.0064     0.0141     0.0334     0.0613     0.0949     0.1273     0.1508     0.2022
10        0.0003     0.0026     0.0056     0.0127     0.0228     0.0348     0.0462     0.0545     0.0732
11        0.0000     0.0004     0.0009     0.0021     0.0037     0.0056     0.0076     0.0092     0.0130
12        0.0000     0.0001     0.0003     0.0006     0.0011     0.0017     0.0025     0.0031     0.0051
13        0.0000     0.0001     0.0001     0.0002     0.0004     0.0007     0.0011     0.0015     0.0033
14        0.0000     0.0000     0.0000     0.0000     0.0001     0.0001     0.0002     0.0003     0.0011
15+       0.0000     0.0000     0.0000     0.0000     0.0001     0.0001     0.0003     0.0004     0.0028

2029

Age        1%         5%         10%        25%        50%        75%        90%        95%        99%    
1       68.5720    70.1669    78.8890   104.5547   168.6083   236.9156   278.2720   306.9126   331.8355
2       36.6820    41.6400    45.3725    59.9491    96.6175   136.4427   164.9209   179.0940   203.2131
3        6.8497    16.2253    19.9156    28.2555    47.5960    69.5982    90.1080    99.2759   118.7616
4        0.4635     3.3526     5.9131    10.4825    19.6931    32.3099    43.9363    50.4836    63.4799
5        0.0307     0.5580     1.3200     3.2756     7.1519    13.3098    20.3023    23.9771    31.8127
6        0.0025     0.0979     0.2986     0.9723     2.4630     5.1677     8.2056    10.2320    15.4753
7        0.0007     0.0254     0.0827     0.3046     0.7818     1.6336     2.7314     3.5349     5.3727
8        0.0002     0.0079     0.0254     0.0925     0.2351     0.4651     0.7840     1.0011     1.5737
9        0.0001     0.0045     0.0151     0.0539     0.1240     0.2236     0.3385     0.4252     0.6210
10        0.0000     0.0010     0.0034     0.0114     0.0251     0.0435     0.0628     0.0757     0.1081
11        0.0000     0.0005     0.0013     0.0044     0.0096     0.0162     0.0229     0.0275     0.0401
12        0.0000     0.0001     0.0002     0.0007     0.0016     0.0026     0.0038     0.0046     0.0068
13        0.0000     0.0000     0.0001     0.0002     0.0005     0.0008     0.0012     0.0016     0.0025
14        0.0000     0.0000     0.0000     0.0001     0.0002     0.0003     0.0005     0.0007     0.0015
15+       0.0000     0.0000     0.0000     0.0000     0.0001     0.0001     0.0002     0.0003     0.0018

2030

Age        1%         5%         10%        25%        50%        75%        90%        95%        99%    
1       68.5728    69.8717    78.0891   102.7338   168.5023   238.3429   280.8015   307.5740   325.2071
2       36.1030    41.5161    45.1650    60.6992    98.3925   138.9160   166.6822   182.1370   207.8241
3        7.5802    16.8799    20.5102    28.6019    47.9016    70.6915    90.2925    99.6964   117.6851
4        0.4025     3.6016     6.0669    11.0949    20.2374    32.5908    45.6639    52.2876    65.0156
5        0.0129     0.5776     1.4566     3.6935     7.8696    14.5759    21.2781    25.4574    34.7389
6        0.0010     0.0879     0.3117     1.1199     2.7894     5.8320     9.6452    11.8760    16.8813
7        0.0001     0.0169     0.0713     0.3237     0.9648     2.2530     3.8731     5.0539     7.9255
8        0.0000     0.0044     0.0202     0.1045     0.3159     0.7159     1.3061     1.7328     2.8576
9        0.0000     0.0014     0.0062     0.0320     0.0975     0.2074     0.3781     0.4915     0.8166
10        0.0000     0.0009     0.0038     0.0188     0.0520     0.1044     0.1669     0.2174     0.3346
11        0.0000     0.0002     0.0009     0.0041     0.0107     0.0206     0.0317     0.0391     0.0594
12        0.0000     0.0001     0.0004     0.0016     0.0041     0.0078     0.0116     0.0144     0.0217
13        0.0000     0.0000     0.0001     0.0003     0.0007     0.0013     0.0019     0.0024     0.0038
14        0.0000     0.0000     0.0000     0.0001     0.0002     0.0004     0.0006     0.0008     0.0013
15+       0.0000     0.0000     0.0000     0.0000     0.0001     0.0002     0.0004     0.0006     0.0015

2031

Age        1%         5%         10%        25%        50%        75%        90%        95%        99%    
1       68.6229    70.1465    78.3097   102.4787   168.0317   235.6014   278.9282   305.5967   325.2556
2       36.3791    41.1980    45.0553    59.3400    98.0663   140.3482   167.8504   182.4242   203.7822
3        7.6272    16.8532    20.9766    29.4690    49.2656    72.0297    91.9289   101.3169   121.3885
4        0.4413     3.9612     6.6238    11.3277    20.6200    33.5232    46.2622    52.3042    64.9913
5        0.0151     0.6507     1.5812     4.0290     8.2470    15.0345    22.3855    26.4721    35.3199
6        0.0010     0.0958     0.3563     1.2879     3.1638     6.5212    10.1782    12.6532    18.2443
7        0.0001     0.0143     0.0768     0.3817     1.1339     2.6124     4.6648     5.8989     9.0710
8        0.0000     0.0027     0.0184     0.1123     0.3914     0.9968     1.8818     2.5215     4.1822
9        0.0000     0.0010     0.0052     0.0372     0.1312     0.3242     0.6360     0.8799     1.5433
10        0.0000     0.0003     0.0017     0.0115     0.0413     0.0975     0.1856     0.2492     0.4443
11        0.0000     0.0002     0.0010     0.0069     0.0226     0.0500     0.0846     0.1132     0.1834
12        0.0000     0.0000     0.0003     0.0015     0.0047     0.0099     0.0163     0.0206     0.0327
13        0.0000     0.0000     0.0001     0.0006     0.0018     0.0037     0.0060     0.0076     0.0122
14        0.0000     0.0000     0.0000     0.0001     0.0003     0.0006     0.0010     0.0013     0.0021
15+       0.0000     0.0000     0.0000     0.0001     0.0001     0.0003     0.0005     0.0007     0.0014

2032

Age        1%         5%         10%        25%        50%        75%        90%        95%        99%    
1       68.6900    70.6881    78.8412   104.0133   168.4253   236.1685   278.5807   305.2558   339.0234
2       36.4531    41.5502    45.1908    59.1149    97.2886   138.5372   168.3813   181.0762   204.1803
3        7.5955    17.2414    20.8738    28.7891    49.7200    73.5481    92.9732   101.9523   120.6890
4        0.4709     4.2099     6.8262    11.9538    21.4896    34.4399    47.4581    53.8708    66.8839
5        0.0187     0.7927     1.7673     4.2452     8.6091    15.5963    22.9716    26.9798    36.0288
6        0.0010     0.1159     0.4055     1.3994     3.3746     6.8303    10.7598    13.2857    19.0403
7        0.0001     0.0174     0.0889     0.4474     1.3073     2.9567     4.9649     6.4008     9.6621
8        0.0000     0.0028     0.0201     0.1305     0.4736     1.1903     2.2753     3.0007     4.8237
9        0.0000     0.0006     0.0050     0.0397     0.1677     0.4591     0.9290     1.2825     2.2602
10        0.0000     0.0002     0.0014     0.0136     0.0563     0.1531     0.3154     0.4545     0.8430
11        0.0000     0.0001     0.0005     0.0044     0.0179     0.0469     0.0931     0.1295     0.2446
12        0.0000     0.0000     0.0003     0.0026     0.0099     0.0244     0.0436     0.0599     0.0993
13        0.0000     0.0000     0.0001     0.0006     0.0021     0.0049     0.0085     0.0111     0.0179
14        0.0000     0.0000     0.0000     0.0002     0.0008     0.0019     0.0031     0.0041     0.0068
15+       0.0000     0.0000     0.0000     0.0001     0.0002     0.0005     0.0008     0.0011     0.0019

2033

Age        1%         5%         10%        25%        50%        75%        90%        95%        99%    
1       68.6124    70.0949    78.5938   104.0558   168.3096   236.2871   278.9419   306.2020   328.0210
2       35.8568    41.8509    45.6463    60.6662    98.3437   139.8256   167.6278   181.9419   210.4574
3        9.3544    18.0953    21.6048    29.1107    49.5040    73.2467    93.6541   102.7819   120.3756
4        0.7258     4.4366     7.1737    12.1057    22.1065    35.7170    48.4505    55.0313    68.0839
5        0.0239     0.8778     1.9290     4.6055     9.2134    16.3558    23.9440    28.2732    36.5066
6        0.0010     0.1560     0.4715     1.5369     3.6542     7.2331    11.3001    13.8375    19.4403
7        0.0002     0.0236     0.1088     0.5091     1.4305     3.1675     5.3147     6.8599    10.4864
8        0.0000     0.0037     0.0243     0.1633     0.5597     1.3834     2.4935     3.2731     5.2662
9        0.0000     0.0008     0.0056     0.0479     0.2079     0.5668     1.1456     1.5513     2.6123
10        0.0000     0.0002     0.0015     0.0152     0.0738     0.2234     0.4695     0.6711     1.2347
11        0.0000     0.0001     0.0005     0.0052     0.0252     0.0744     0.1617     0.2407     0.4648
12        0.0000     0.0000     0.0002     0.0017     0.0082     0.0233     0.0479     0.0691     0.1340
13        0.0000     0.0000     0.0001     0.0010     0.0045     0.0121     0.0228     0.0320     0.0552
14        0.0000     0.0000     0.0000     0.0002     0.0010     0.0025     0.0045     0.0060     0.0100
15+       0.0000     0.0000     0.0000     0.0001     0.0005     0.0012     0.0021     0.0028     0.0047

2034

Age        1%         5%         10%        25%        50%        75%        90%        95%        99%    
1       68.6350    70.4697    79.1898   105.0471   168.6023   236.8150   280.0745   306.6306   338.5141
2       36.5077    41.8207    45.6634    60.5834    98.2930   139.3635   167.2113   182.9926   210.9649
3        8.8191    18.6092    22.1477    30.3014    50.8047    73.6496    93.8952   103.3319   125.4234
4        0.9368     5.0057     7.6571    12.3922    22.2534    35.8926    49.0503    55.5265    68.5657
5        0.0467     0.9742     2.1210     4.7409     9.5779    16.9958    24.5991    29.0205    37.4308
6        0.0017     0.1755     0.5561     1.7217     3.9401     7.6750    11.9857    14.5846    20.0320
7        0.0004     0.0302     0.1315     0.5750     1.5750     3.3801     5.6473     7.1362    10.5580
8        0.0000     0.0051     0.0314     0.1926     0.6354     1.5056     2.6389     3.5631     5.6675
9        0.0000     0.0010     0.0072     0.0622     0.2485     0.6680     1.2577     1.7157     2.9036
10        0.0000     0.0002     0.0017     0.0189     0.0925     0.2778     0.5814     0.8163     1.4378
11        0.0000     0.0000     0.0005     0.0060     0.0335     0.1094     0.2406     0.3524     0.6547
12        0.0000     0.0000     0.0002     0.0021     0.0114     0.0375     0.0842     0.1264     0.2523
13        0.0000     0.0000     0.0001     0.0007     0.0037     0.0117     0.0249     0.0364     0.0748
14        0.0000     0.0000     0.0000     0.0004     0.0021     0.0061     0.0120     0.0173     0.0309
15+       0.0000     0.0000     0.0000     0.0001     0.0007     0.0019     0.0035     0.0048     0.0082

Probability Spawning Stock Biomass Exceeds Threshold      3.660 (1000 MT)

Year    Probability

2021    0.018400
2022    0.017000
2023    0.124700
2024    0.051800
2025    0.102300
2026    0.227900
2027    0.305500
2028    0.363500
2029    0.415700
2030    0.449100
2031    0.477500
2032    0.509600
2033    0.538500
2034    0.555300

Probability Threshold Exceeded at Least Once =     0.7959

Probability Total Fishing Mortality Exceeds Threshold     0.8413 

Year    Probability

2021    1.000000
2022    1.000000
2023    1.000000
2024    1.000000
2025    0.543200
2026    0.472800
2027    0.425700
2028    0.339400
2029    0.308000
2030    0.279700
2031    0.260000
2032    0.226900
2033    0.205200
2034    0.190300

Probability Threshold Exceeded at Least Once =     1.0000


Requested Percentile Report

Percentile =    40.00 %

                                 2021       2022       2023       2024       2025       2026       2027       2028       2029       2030       2031       2032       2033       2034 

Recruits                     143.9435   144.4669   142.3130   145.0631   145.3290   142.3888   140.5353   145.0238   144.4352   140.1927   143.5528   142.0001   146.7300   142.9197 
Spawning Stock Biomass         2.1355     2.4769     2.7162     2.3559     2.2682     2.3484     2.4813     2.6721     2.8228     2.9742     3.1130     3.2100     3.3377     3.4336 
Jan-1 Stock Biomass            8.8142     8.8533     8.3501     7.7759     7.4683     7.6659     7.8508     7.9506     8.1967     8.3834     8.5371     8.6719     8.8289     9.0141 
Mean Biomass                   7.9097     7.6179     7.0272     6.5878     6.5395     6.7494     6.8914     7.0999     7.3337     7.4682     7.6351     7.7862     7.9412     8.0821 
Combined Catch Biomass         2.8188     3.2353     3.1465     2.8560     2.4000     2.4000     2.4000     2.2500     2.2500     2.2500     2.2500     2.1750     2.1750     2.1750 
Landings                       2.8188     3.2353     3.1465     2.8560     2.4000     2.4000     2.4000     2.2500     2.2500     2.2500     2.2500     2.1750     2.1750     2.1750 
FMort                          1.0794     1.0794     1.0794     1.0794     0.8081     0.7444     0.6980     0.6169     0.5815     0.5575     0.5399     0.5059     0.4918     0.4810 

Stock Numbers at Age
Age 1                        244.9740   143.9435   144.4669   142.3130   145.0631   145.3290   142.3888   140.5353   145.0238   144.4352   140.1927   143.5528   142.0001   146.7300 
Age 2                         93.8626   140.4506    82.9352    83.1350    81.3251    83.4733    83.7826    81.5589    80.6088    83.6987    82.6197    81.1518    83.3127    82.4539 
Age 3                         51.2273    42.3939    63.2182    37.2985    37.3483    37.6710    38.1544    37.9457    38.6462    38.5398    40.4992    39.9489    40.0383    41.1786 
Age 4                          9.1703    17.6976    14.5632    21.6676    12.6999    13.4632    13.9101    14.5418    15.3408    16.0621    16.3586    17.2446    17.4328    17.6915 
Age 5                          2.4696     2.7623     5.3707     4.4119     6.5613     4.0881     4.4934     4.8294     5.4703     5.9530     6.4187     6.5883     7.1240     7.4080 
Age 6                          0.8492     0.7225     0.7971     1.5489     1.2728     2.1330     1.3145     1.5391     1.7711     2.0513     2.2988     2.5293     2.7038     2.9406 
Age 7                          0.1227     0.2452     0.2091     0.2301     0.4481     0.4181     0.7128     0.4576     0.5618     0.6628     0.7813     0.8989     1.0217     1.1274 
Age 8                          0.0902     0.0369     0.0726     0.0619     0.0681     0.1493     0.1424     0.2491     0.1712     0.2150     0.2569     0.3079     0.3684     0.4253 
Age 9                          0.0063     0.0279     0.0114     0.0223     0.0189     0.0231     0.0520     0.0505     0.0944     0.0670     0.0848     0.1047     0.1303     0.1576 
Age 10                          0.0032     0.0020     0.0089     0.0036     0.0070     0.0066     0.0083     0.0190     0.0197     0.0377     0.0270     0.0340     0.0443     0.0557 
Age 11                          0.0009     0.0010     0.0007     0.0029     0.0012     0.0025     0.0024     0.0031     0.0074     0.0078     0.0153     0.0110     0.0147     0.0191 
Age 12                          0.0001     0.0003     0.0003     0.0002     0.0009     0.0004     0.0009     0.0009     0.0012     0.0030     0.0032     0.0064     0.0048     0.0065 
Age 13                          0.0000     0.0000     0.0001     0.0001     0.0001     0.0003     0.0002     0.0004     0.0004     0.0005     0.0013     0.0014     0.0028     0.0021 
Age 14                          0.0000     0.0000     0.0000     0.0000     0.0000     0.0000     0.0001     0.0001     0.0001     0.0002     0.0002     0.0005     0.0006     0.0012 
Age 15                          0.0000     0.0000     0.0000     0.0000     0.0000     0.0000     0.0000     0.0001     0.0000     0.0001     0.0001     0.0001     0.0003     0.0004 
