AGEPRO VERSION 4.2

Phased_Q_240022502150

Date & Time of Run: 03 May 2024  21:04

Input File Name:    Phased_Q_240022502150.inp

First Age Class:                         1
Number of Age Classes:                  15
Number of Years in Projection:          14
Number of Fleets:                        9
Number of Recruitment Models:            3
Number of Bootstraps:                  100
Number of Simulations:                 100

Bootstrap File Name:            C:\Users\jon.brodziak\Desktop\2024 WCNPO MLS Rebuilding\Bootstrap-numbers-at-age\2023_WCNPOMLS.bsn

Number of Feasible Solutions:       9963  of      10000 Realizations

Input Harvest Scenario

Year  Type        Fleet-1    Fleet-2    Fleet-3    Fleet-4    Fleet-5    Fleet-6    Fleet-7    Fleet-8    Fleet-9    

2021  F-Mult       0.1651     0.0453     0.2588     0.0166     0.0610     0.0487     0.0642     0.0722     0.3475 
2022  F-Mult       0.1651     0.0453     0.2588     0.0166     0.0610     0.0487     0.0642     0.0722     0.3475 
2023  F-Mult       0.1651     0.0453     0.2588     0.0166     0.0610     0.0487     0.0642     0.0722     0.3475 
2024  F-Mult       0.1651     0.0453     0.2588     0.0166     0.0610     0.0487     0.0642     0.0722     0.3475 
2025  Landings        344        137        713         63        208         93        180        324        337 
2026  Landings        344        137        713         63        208         93        180        324        337 
2027  Landings        344        137        713         63        208         93        180        324        337 
2028  Landings        323        128        669         59        195         87        169        303        316 
2029  Landings        323        128        669         59        195         87        169        303        316 
2030  Landings        323        128        669         59        195         87        169        303        316 
2031  Landings        323        128        669         59        195         87        169        303        316 
2032  Landings        309        122        639         57        187         84        161        290        302 
2033  Landings        309        122        639         57        187         84        161        290        302 
2034  Landings        309        122        639         57        187         84        161        290        302 

Recruitment Selection Distribution

Year  Selection-1 Selection-2 Selection-3 

2021      0.1224     0.8384     0.0392 
2022      0.1214     0.8371     0.0415 
2023      0.1171     0.8446     0.0383 
2024      0.1189     0.8429     0.0382 
2025      0.1206     0.8421     0.0373 
2026      0.1247     0.8367     0.0386 
2027      0.1204     0.8395     0.0401 
2028      0.1196     0.8365     0.0439 
2029      0.1177     0.8432     0.0391 
2030      0.1223     0.8399     0.0378 
2031      0.1267     0.8350     0.0383 
2032      0.1237     0.8352     0.0411 
2033      0.1256     0.8327     0.0417 
2034      0.1132     0.8455     0.0413 

Recruits        1000  Fish

Year Class   Average        StdDev
2021        172.2423       77.7641
2022        172.7956       80.8672
2023        174.2984       82.8386
2024        173.2804       81.2796
2025        174.9342       84.6402
2026        172.8694       79.2036
2027        173.8298       82.2563
2028        173.2208       83.3723
2029        174.7599       83.6565
2030        173.1528       84.0067
2031        172.5959       81.4922
2032        173.9945       81.1527
2033        174.5553       83.1285
2034        173.5630       80.9976

Recruits Distribution

Year Class 1%         5%         10%        25%        50%        75%        90%        95%        99%    
2021    68.6673    70.4920    78.9623   104.4134   168.2872   236.2093   277.4554   304.5141   323.9873
2022    68.7320    71.5115    79.2121   104.5859   168.3135   235.4470   279.9487   306.3041   324.5318
2023    68.6527    70.4925    78.8427   104.9420   168.6712   237.9652   279.3494   305.8521   325.0825
2024    68.6695    70.7981    79.2119   104.7869   168.5435   236.0371   278.4487   306.1600   324.9894
2025    68.6310    70.9201    79.2702   104.6201   168.5979   238.2776   281.5013   307.5125   325.3326
2026    68.6509    70.3738    78.5836   104.4359   168.6781   235.8477   280.1881   306.5283   324.8566
2027    68.6012    70.4047    78.6176   104.5711   168.7165   236.4666   279.8236   307.6936   325.3330
2028    68.5873    70.4241    79.1541   105.0390   168.3839   234.3915   279.4131   306.0226   340.0221
2029    68.5901    71.0056    79.6780   105.7603   168.6950   237.5022   280.7430   306.1948   325.4735
2030    68.6722    71.0189    79.1483   103.9852   168.4692   236.0994   281.0349   306.9329   325.4615
2031    68.6201    70.5004    78.6483   103.6585   168.4077   236.1920   280.4257   307.3396   325.0675
2032    68.6571    70.9563    78.8913   104.5570   168.5891   237.5041   279.8239   306.8346   338.1181
2033    68.6403    70.8457    79.3390   106.2387   168.5195   237.0124   277.9141   304.6032   353.7396
2034    68.6356    70.6801    78.6794   104.0899   168.5787   237.1281   278.6281   307.1135   325.6149

Spawning Stock Biomass  x       1000 MT

Year       Average        StdDev
2021        2.2963        0.4590
2022        2.6077        0.4277
2023        2.9361        0.6044
2024        2.5787        0.6227
2025        2.5676        0.8670
2026        2.8137        1.2824
2027        3.0417        1.5573
2028        3.2798        1.7572
2029        3.5064        1.8762
2030        3.6887        1.9578
2031        3.8370        2.0313
2032        3.9909        2.0714
2033        4.1304        2.0997
2034        4.2450        2.1187

Spawning Stock Biomass Distribution

Year        1%         5%         10%        25%        50%        75%        90%        95%        99%   
2021     1.4651     1.7281     1.8250     2.0021     2.2289     2.5072     2.8059     3.0403     4.1960 
2022     1.7467     1.9639     2.0894     2.3137     2.5769     2.8503     3.1941     3.4046     3.7680 
2023     1.8289     2.0734     2.2115     2.5021     2.8682     3.2966     3.7722     4.0479     4.6149 
2024     1.4372     1.6747     1.8240     2.1259     2.5236     2.9747     3.4048     3.6511     4.1816 
2025     0.9842     1.3061     1.5247     1.9517     2.4872     3.1140     3.6695     4.0119     4.7091 
2026     0.5415     1.0059     1.2992     1.9045     2.6943     3.5925     4.4374     4.9639     6.1735 
2027     0.3670     0.8755     1.2328     1.9316     2.8598     3.9541     5.0426     5.7110     7.3887 
2028     0.3328     0.8443     1.2248     2.0106     3.0975     4.3352     5.5014     6.2772     8.1605 
2029     0.3237     0.8912     1.3216     2.1420     3.2909     4.5916     5.9189     6.7573     8.7003 
2030     0.3098     0.9513     1.4017     2.2806     3.4574     4.8402     6.2074     7.0418     9.0476 
2031     0.3238     0.9891     1.4924     2.3804     3.6049     4.9947     6.3896     7.3026     9.4543 
2032     0.3618     1.0656     1.5736     2.5407     3.7293     5.1821     6.6403     7.5981     9.7939 
2033     0.3894     1.1428     1.6863     2.6695     3.8910     5.3490     6.8114     7.8236     9.9570 
2034     0.4108     1.2530     1.7714     2.7504     4.0386     5.4810     6.9433     7.9171    10.0917 

JAN-1 Stock Biomass  x       1000 MT

Year       Average        StdDev
2021        9.2995        1.6010
2022        9.4561        1.7728
2023        8.9528        1.8878
2024        8.3946        1.9318
2025        8.1062        1.9472
2026        8.4198        2.3326
2027        8.6781        2.5968
2028        8.8874        2.7767
2029        9.1660        2.9066
2030        9.4116        2.9903
2031        9.5888        3.0671
2032        9.7038        3.0942
2033        9.8881        3.1004
2034       10.0491        3.1382

JAN-1 Stock Biomass Distribution

Year       1%         5%         10%        25%        50%        75%        90%        95%        99%    
2021     6.3109     6.9422     7.3492     8.1783     9.1647    10.1453    11.5523    12.2933    13.7169 
2022     6.0359     6.8166     7.2816     8.1680     9.3215    10.5550    11.8088    12.5804    14.1894 
2023     5.2718     6.1302     6.6307     7.6149     8.8266    10.1239    11.3793    12.2521    13.8780 
2024     4.6647     5.4844     6.0399     7.0311     8.2766     9.6065    10.8625    11.6172    13.2399 
2025     4.3332     5.2275     5.7884     6.7430     7.9677     9.2907    10.5840    11.3899    13.1436 
2026     3.8546     4.9804     5.6010     6.7839     8.2525     9.8416    11.3521    12.2966    14.5679 
2027     3.7074     4.8043     5.5790     6.8614     8.4795    10.2862    11.9401    13.0121    15.5474 
2028     3.4821     4.7679     5.5580     6.9299     8.6861    10.5617    12.3882    13.5401    16.2524 
2029     3.4610     4.8951     5.7124     7.1815     8.9105    10.9024    12.8813    14.0624    16.7760 
2030     3.5360     4.9823     5.8796     7.3378     9.1958    11.2077    13.1820    14.4558    17.7034 
2031     3.6323     5.0681     5.9621     7.5308     9.3299    11.3947    13.4693    14.7470    17.9968 
2032     3.5118     5.1238     6.0278     7.6249     9.4783    11.5446    13.5949    14.9397    17.8910 
2033     3.6803     5.3484     6.2113     7.7819     9.6578    11.7519    13.8245    15.1541    18.0460 
2034     3.7635     5.4778     6.3291     7.9024     9.8332    11.8983    14.0159    15.4398    18.4752 

Mean Biomass  x       1000 MT

Year       Average        StdDev
2021        8.4036        1.5338
2022        8.1768        1.6695
2023        7.5918        1.7467
2024        7.1682        1.7926
2025        7.2120        2.0573
2026        7.5171        2.4218
2027        7.7511        2.6418
2028        8.0096        2.7998
2029        8.2654        2.9158
2030        8.4866        2.9883
2031        8.6357        3.0367
2032        8.7867        3.0588
2033        8.9598        3.0648
2034        9.1031        3.1022

Mean Biomass Distribution

Year       1%         5%         10%        25%        50%        75%        90%        95%        99%    
2021     5.6327     6.1925     6.5491     7.2547     8.2790     9.2622    10.5436    11.2358    12.6143 
2022     5.0804     5.6962     6.1077     6.9748     8.0474     9.2228    10.4082    11.1013    12.5916 
2023     4.3238     5.0047     5.4503     6.3257     7.4650     8.6862     9.8583    10.5173    11.9315 
2024     3.8289     4.5262     4.9912     5.9011     7.0538     8.2814     9.4293    10.1024    11.7911 
2025     3.2248     4.1633     4.7352     5.7715     7.0661     8.4735     9.8565    10.6512    12.4924 
2026     2.8322     3.9510     4.6193     5.8500     7.3459     9.0174    10.5373    11.5606    13.8428 
2027     2.6895     3.7948     4.5732     5.9143     7.5829     9.3751    11.0685    12.1544    14.6475 
2028     2.5870     3.9147     4.6550     6.0613     7.8099     9.6505    11.5621    12.7080    15.5090 
2029     2.5933     3.9669     4.8343     6.2685     8.0264    10.0068    11.9497    13.2069    15.9666 
2030     2.6185     4.0994     4.9488     6.4441     8.2728    10.2441    12.2370    13.5954    16.3387 
2031     2.6826     4.1693     5.0880     6.6084     8.3784    10.4450    12.4998    13.7780    16.5771 
2032     2.6406     4.2658     5.1655     6.7327     8.5744    10.5765    12.5799    13.9745    17.1812 
2033     2.7741     4.4647     5.3374     6.8693     8.7424    10.8131    12.7955    14.2248    17.0412 
2034     2.8894     4.5252     5.4115     6.9755     8.8636    10.9516    13.0274    14.3081    17.4370 

Combined Catch Biomass  x       1000 MT

Year       Average        StdDev
2021        2.9752        0.4779
2022        3.4181        0.5677
2023        3.3694        0.6539
2024        3.0750        0.6833
2025        2.4000        0.0000
2026        2.4000        0.0000
2027        2.4000        0.0000
2028        2.2486        0.0551
2029        2.2473        0.0779
2030        2.2464        0.0899
2031        2.2446        0.1101
2032        2.1435        0.1176
2033        2.1427        0.1252
2034        2.1420        0.1305

Combined Catch Distribution

Year       1%         5%         10%        25%        50%        75%        90%        95%        99%    
2021     1.9712     2.3530     2.4524     2.6650     2.9133     3.2298     3.5467     3.7859     4.7209 
2022     2.3619     2.5766     2.7324     3.0000     3.3837     3.7419     4.1949     4.4982     4.9522 
2023     2.1174     2.3956     2.5617     2.8990     3.3174     3.7852     4.2294     4.5236     5.0814 
2024     1.7832     2.0511     2.2291     2.5879     3.0307     3.5017     3.9585     4.2323     4.7815 
2025     2.4000     2.4000     2.4000     2.4000     2.4000     2.4000     2.4000     2.4000     2.4000 
2026     2.4000     2.4000     2.4000     2.4000     2.4000     2.4000     2.4000     2.4000     2.4000 
2027     2.4000     2.4000     2.4000     2.4000     2.4000     2.4000     2.4000     2.4000     2.4000 
2028     2.2500     2.2500     2.2500     2.2500     2.2500     2.2500     2.2500     2.2500     2.2500 
2029     2.2500     2.2500     2.2500     2.2500     2.2500     2.2500     2.2500     2.2500     2.2500 
2030     2.2500     2.2500     2.2500     2.2500     2.2500     2.2500     2.2500     2.2500     2.2500 
2031     2.2500     2.2500     2.2500     2.2500     2.2500     2.2500     2.2500     2.2500     2.2500 
2032     2.1500     2.1500     2.1500     2.1500     2.1500     2.1500     2.1500     2.1500     2.1500 
2033     2.1500     2.1500     2.1500     2.1500     2.1500     2.1500     2.1500     2.1500     2.1500 
2034     2.1500     2.1500     2.1500     2.1500     2.1500     2.1500     2.1500     2.1500     2.1500 

Landings  x       1000 MT

Year       Average        StdDev
2021        2.9752        0.4779
2022        3.4181        0.5677
2023        3.3694        0.6539
2024        3.0750        0.6833
2025        2.4000        0.0000
2026        2.4000        0.0000
2027        2.4000        0.0000
2028        2.2486        0.0551
2029        2.2473        0.0779
2030        2.2464        0.0899
2031        2.2446        0.1101
2032        2.1435        0.1176
2033        2.1427        0.1252
2034        2.1420        0.1305

Landings Distribution

Year       1%         5%         10%        25%        50%        75%        90%        95%        99%    
2021     1.9712     2.3530     2.4524     2.6650     2.9133     3.2298     3.5467     3.7859     4.7209 
2022     2.3619     2.5766     2.7324     3.0000     3.3837     3.7419     4.1949     4.4982     4.9522 
2023     2.1174     2.3956     2.5617     2.8990     3.3174     3.7852     4.2294     4.5236     5.0814 
2024     1.7832     2.0511     2.2291     2.5879     3.0307     3.5017     3.9585     4.2323     4.7815 
2025     2.4000     2.4000     2.4000     2.4000     2.4000     2.4000     2.4000     2.4000     2.4000 
2026     2.4000     2.4000     2.4000     2.4000     2.4000     2.4000     2.4000     2.4000     2.4000 
2027     2.4000     2.4000     2.4000     2.4000     2.4000     2.4000     2.4000     2.4000     2.4000 
2028     2.2500     2.2500     2.2500     2.2500     2.2500     2.2500     2.2500     2.2500     2.2500 
2029     2.2500     2.2500     2.2500     2.2500     2.2500     2.2500     2.2500     2.2500     2.2500 
2030     2.2500     2.2500     2.2500     2.2500     2.2500     2.2500     2.2500     2.2500     2.2500 
2031     2.2500     2.2500     2.2500     2.2500     2.2500     2.2500     2.2500     2.2500     2.2500 
2032     2.1500     2.1500     2.1500     2.1500     2.1500     2.1500     2.1500     2.1500     2.1500 
2033     2.1500     2.1500     2.1500     2.1500     2.1500     2.1500     2.1500     2.1500     2.1500 
2034     2.1500     2.1500     2.1500     2.1500     2.1500     2.1500     2.1500     2.1500     2.1500 

Total Fishing Mortality

Year       Average        StdDev
2021        1.0794        0.0000
2022        1.0794        0.0000
2023        1.0794        0.0000
2024        1.0794        0.0000
2025        0.9258        0.2952
2026        0.9404        0.4879
2027        0.9481        0.6682
2028        0.8640        0.6802
2029        0.8253        0.6979
2030        0.7907        0.6800
2031        0.7571        0.6370
2032        0.6924        0.5602
2033        0.6649        0.5336
2034        0.6418        0.5167

Total Fishing Mortality Distribution

Year       1%         5%         10%        25%        50%        75%        90%        95%        99%    
2021     1.0794     1.0794     1.0794     1.0794     1.0794     1.0794     1.0794     1.0794     1.0794 
2022     1.0794     1.0794     1.0794     1.0794     1.0794     1.0794     1.0794     1.0794     1.0794 
2023     1.0794     1.0794     1.0794     1.0794     1.0794     1.0794     1.0794     1.0794     1.0794 
2024     1.0794     1.0794     1.0794     1.0794     1.0794     1.0794     1.0794     1.0794     1.0794 
2025     0.4910     0.5727     0.6174     0.7201     0.8624     1.0637     1.3107     1.5052     1.9151 
2026     0.3957     0.4822     0.5326     0.6437     0.8148     1.0839     1.4710     1.7959     2.8228 
2027     0.3401     0.4295     0.4808     0.5886     0.7727     1.0725     1.5472     2.0008     3.5460 
2028     0.2879     0.3698     0.4145     0.5135     0.6840     0.9731     1.4324     1.9430     3.6921 
2029     0.2682     0.3461     0.3874     0.4849     0.6462     0.9199     1.3714     1.8258     3.5192 
2030     0.2581     0.3322     0.3701     0.4644     0.6199     0.8784     1.2976     1.7294     3.5424 
2031     0.2507     0.3193     0.3615     0.4496     0.5983     0.8445     1.2242     1.6787     3.3274 
2032     0.2352     0.2964     0.3348     0.4182     0.5541     0.7649     1.1356     1.5089     2.9097 
2033     0.2333     0.2908     0.3304     0.4069     0.5353     0.7391     1.0702     1.4118     2.6149 
2034     0.2277     0.2851     0.3230     0.3977     0.5204     0.7218     1.0314     1.3248     2.5065 

JAN-1 Stock Numbers at Age  -       1000  Fish

2021

Age        1%         5%         10%        25%        50%        75%        90%        95%        99%    
1      140.2370   175.0900   184.8320   216.7130   261.1480   317.3690   385.6290   409.5080   464.9250
2       58.9389    77.9477    80.8620    85.4451   100.4175   112.5240   125.3470   138.4980   148.4390
3       34.1986    41.3466    43.5177    47.9381    54.8765    60.4455    67.3245    74.4817    84.8335
4        4.4701     6.3288     7.3712     8.3369     9.5330    10.8358    12.5169    14.0136    20.6054
5        1.2938     1.6031     1.7337     2.2441     2.6907     3.2695     4.2092     4.8898     7.4995
6        0.2917     0.4842     0.6024     0.6936     0.9665     1.2287     1.8234     2.1765     5.0518
7        0.0278     0.0584     0.0739     0.1025     0.1591     0.2261     0.3164     0.3996     1.3049
8        0.0082     0.0292     0.0370     0.0584     0.1092     0.1670     0.2575     0.4456     2.1858
9        0.0003     0.0014     0.0021     0.0035     0.0085     0.0144     0.0223     0.0334     0.2402
10        0.0001     0.0005     0.0007     0.0015     0.0043     0.0069     0.0143     0.0242     0.2609
11        0.0000     0.0001     0.0002     0.0004     0.0014     0.0028     0.0051     0.0082     0.1988
12        0.0000     0.0000     0.0000     0.0000     0.0001     0.0003     0.0005     0.0008     0.0280
13        0.0000     0.0000     0.0000     0.0000     0.0000     0.0002     0.0003     0.0005     0.0316
14        0.0000     0.0000     0.0000     0.0000     0.0000     0.0000     0.0001     0.0001     0.0183
15+       0.0000     0.0000     0.0000     0.0000     0.0000     0.0000     0.0000     0.0000     0.0127

2022

Age        1%         5%         10%        25%        50%        75%        90%        95%        99%    
1       68.6673    70.4920    78.9623   104.4134   168.2872   236.2093   277.4554   304.5141   323.9873
2       85.6267   100.8118   107.2064   123.7702   150.3059   184.2203   222.6154   242.1022   275.9366
3       26.7665    34.3828    36.1731    39.2894    44.7375    51.1232    57.9599    63.1014    71.2681
4       12.0193    13.8918    14.9227    16.5421    18.5501    20.8485    23.6046    26.0568    31.5407
5        1.4307     1.9562     2.1934     2.5241     2.9095     3.3352     3.8955     4.2976     6.4887
6        0.3747     0.4628     0.5103     0.6465     0.7762     0.9533     1.2419     1.4482     2.4261
7        0.0942     0.1443     0.1712     0.2055     0.2738     0.3647     0.5292     0.6282     1.6480
8        0.0094     0.0178     0.0217     0.0304     0.0466     0.0673     0.0967     0.1265     0.4284
9        0.0028     0.0091     0.0114     0.0182     0.0336     0.0516     0.0813     0.1378     0.7458
10        0.0001     0.0004     0.0007     0.0011     0.0027     0.0045     0.0074     0.0110     0.0873
11        0.0000     0.0002     0.0002     0.0005     0.0014     0.0022     0.0050     0.0079     0.0932
12        0.0000     0.0000     0.0001     0.0001     0.0005     0.0009     0.0017     0.0028     0.0751
13        0.0000     0.0000     0.0000     0.0000     0.0000     0.0001     0.0002     0.0003     0.0106
14        0.0000     0.0000     0.0000     0.0000     0.0000     0.0001     0.0001     0.0002     0.0122
15+       0.0000     0.0000     0.0000     0.0000     0.0000     0.0000     0.0000     0.0001     0.0121

2023

Age        1%         5%         10%        25%        50%        75%        90%        95%        99%    
1       68.7320    71.5115    79.2121   104.5859   168.3135   235.4470   279.9487   306.3041   324.5318
2       37.9760    41.3603    45.1354    59.9912    96.3153   135.5874   161.2143   174.9411   194.5930
3       38.5129    45.1152    48.1969    55.9013    68.1994    83.4216   100.7289   110.4648   125.7184
4        9.1608    11.5088    12.2336    13.4811    15.3021    17.6102    20.0761    21.8309    24.6282
5        3.6237     4.1778     4.5002     4.9956     5.6253     6.3539     7.2095     7.9098     9.5112
6        0.4170     0.5605     0.6275     0.7291     0.8444     0.9697     1.1284     1.2581     1.8714
7        0.1086     0.1321     0.1470     0.1859     0.2234     0.2768     0.3617     0.4183     0.7381
8        0.0292     0.0430     0.0500     0.0608     0.0810     0.1087     0.1579     0.1867     0.4953
9        0.0031     0.0054     0.0067     0.0093     0.0142     0.0208     0.0295     0.0389     0.1343
10        0.0009     0.0029     0.0036     0.0058     0.0106     0.0163     0.0258     0.0432     0.2654
11        0.0000     0.0001     0.0002     0.0004     0.0009     0.0015     0.0024     0.0036     0.0277
12        0.0000     0.0001     0.0001     0.0002     0.0005     0.0008     0.0016     0.0026     0.0334
13        0.0000     0.0000     0.0000     0.0000     0.0002     0.0003     0.0006     0.0009     0.0261
14        0.0000     0.0000     0.0000     0.0000     0.0000     0.0000     0.0001     0.0001     0.0040
15+       0.0000     0.0000     0.0000     0.0000     0.0000     0.0000     0.0000     0.0001     0.0085

2024

Age        1%         5%         10%        25%        50%        75%        90%        95%        99%    
1       68.6527    70.4925    78.8427   104.9420   168.6712   237.9652   279.3494   305.8521   325.0825
2       38.2863    41.4786    45.2608    59.8513    96.1754   134.8731   162.3681   176.1638   197.1529
3       16.8706    18.6343    20.4372    26.9246    43.1791    60.9158    73.2090    79.5237    90.4750
4       13.1873    15.3861    16.4619    19.1466    23.3721    28.7634    34.5888    37.9719    43.5592
5        2.7943     3.4300     3.6823     4.0780     4.6571     5.3627     6.1216     6.6481     7.5844
6        1.0300     1.1964     1.2900     1.4419     1.6283     1.8476     2.1013     2.2981     2.7492
7        0.1208     0.1606     0.1798     0.2098     0.2433     0.2812     0.3280     0.3656     0.5461
8        0.0321     0.0385     0.0435     0.0545     0.0663     0.0827     0.1080     0.1252     0.2192
9        0.0090     0.0131     0.0152     0.0186     0.0249     0.0336     0.0485     0.0573     0.1500
10        0.0010     0.0017     0.0021     0.0030     0.0045     0.0066     0.0093     0.0125     0.0476
11        0.0003     0.0009     0.0012     0.0019     0.0034     0.0053     0.0084     0.0138     0.0813
12        0.0000     0.0000     0.0001     0.0001     0.0003     0.0005     0.0008     0.0012     0.0093
13        0.0000     0.0000     0.0000     0.0001     0.0002     0.0003     0.0005     0.0009     0.0114
14        0.0000     0.0000     0.0000     0.0000     0.0001     0.0001     0.0002     0.0003     0.0097
15+       0.0000     0.0000     0.0000     0.0000     0.0000     0.0000     0.0000     0.0001     0.0044

2025

Age        1%         5%         10%        25%        50%        75%        90%        95%        99%    
1       68.6695    70.7981    79.2119   104.7869   168.5435   236.0371   278.4487   306.1600   324.9894
2       38.1083    41.1618    45.1940    59.8503    96.9168   137.2432   162.0599   175.9370   197.5577
3       17.0434    18.7392    20.4697    26.9325    43.2470    60.6133    73.6139    80.0162    90.7655
4        5.6332     6.3903     6.9926     9.2063    14.7659    20.8283    25.2428    27.4916    31.2318
5        3.9789     4.6357     4.9924     5.7981     7.0960     8.7300    10.5033    11.5391    13.3712
6        0.7968     0.9782     1.0548     1.1741     1.3476     1.5552     1.7833     1.9298     2.2147
7        0.2932     0.3415     0.3692     0.4143     0.4701     0.5369     0.6131     0.6688     0.8096
8        0.0358     0.0474     0.0526     0.0616     0.0722     0.0839     0.0979     0.1096     0.1624
9        0.0097     0.0117     0.0133     0.0166     0.0203     0.0255     0.0334     0.0390     0.0668
10        0.0028     0.0041     0.0048     0.0059     0.0078     0.0107     0.0154     0.0182     0.0468
11        0.0003     0.0006     0.0007     0.0010     0.0014     0.0021     0.0030     0.0041     0.0157
12        0.0001     0.0003     0.0004     0.0006     0.0011     0.0018     0.0028     0.0046     0.0271
13        0.0000     0.0000     0.0000     0.0000     0.0001     0.0002     0.0003     0.0004     0.0032
14        0.0000     0.0000     0.0000     0.0000     0.0001     0.0001     0.0002     0.0003     0.0038
15+       0.0000     0.0000     0.0000     0.0000     0.0000     0.0000     0.0001     0.0001     0.0049

2026

Age        1%         5%         10%        25%        50%        75%        90%        95%        99%    
1       68.6310    70.9201    79.2702   104.6201   168.5979   238.2776   281.5013   307.5125   325.3326
2       37.5012    41.5591    45.5293    60.1135    96.9023   137.2426   164.6660   178.9127   201.6899
3       13.9658    17.2859    19.6418    26.9636    46.1157    68.5167    84.4797    91.9594   108.3934
4        3.8870     5.6061     6.6149     9.3878    16.4909    24.9338    32.6087    36.3283    43.6221
5        1.1453     1.7568     2.1331     3.0165     5.0104     7.5081     9.9346    11.1268    13.4822
6        0.7855     1.1735     1.4007     1.8093     2.3786     3.0837     3.8726     4.3720     5.3956
7        0.1697     0.2436     0.2879     0.3642     0.4519     0.5537     0.6612     0.7257     0.8617
8        0.0637     0.0900     0.1051     0.1309     0.1610     0.1946     0.2285     0.2540     0.3106
9        0.0093     0.0135     0.0158     0.0201     0.0251     0.0308     0.0373     0.0425     0.0598
10        0.0027     0.0036     0.0043     0.0056     0.0073     0.0094     0.0126     0.0150     0.0245
11        0.0009     0.0013     0.0016     0.0021     0.0029     0.0040     0.0057     0.0070     0.0179
12        0.0001     0.0002     0.0002     0.0003     0.0005     0.0008     0.0012     0.0016     0.0058
13        0.0000     0.0001     0.0001     0.0002     0.0004     0.0007     0.0011     0.0017     0.0106
14        0.0000     0.0000     0.0000     0.0000     0.0000     0.0001     0.0001     0.0002     0.0012
15+       0.0000     0.0000     0.0000     0.0000     0.0000     0.0000     0.0001     0.0002     0.0033

2027

Age        1%         5%         10%        25%        50%        75%        90%        95%        99%    
1       68.6509    70.3738    78.5836   104.4359   168.6781   235.8477   280.1881   306.5283   324.8566
2       37.0868    41.3935    45.4418    59.9197    97.6610   139.3157   167.0175   180.2043   202.3987
3       10.9339    16.5081    19.7474    27.4131    45.9542    68.9381    86.8092    95.5521   113.6313
4        1.8982     4.2432     5.7846     9.4471    17.9920    29.5277    39.2920    44.6757    56.3088
5        0.3738     1.1438     1.7134     3.0810     5.7921     9.8063    13.9180    16.3306    20.6990
6        0.1023     0.3467     0.5317     0.9512     1.6808     2.8218     4.0378     4.7784     6.0952
7        0.0628     0.2121     0.3182     0.5494     0.8380     1.1992     1.5973     1.8677     2.4505
8        0.0143     0.0450     0.0663     0.1096     0.1639     0.2214     0.2826     0.3188     0.3977
9        0.0056     0.0171     0.0254     0.0410     0.0597     0.0796     0.0989     0.1124     0.1430
10        0.0010     0.0028     0.0041     0.0065     0.0095     0.0128     0.0163     0.0189     0.0267
11        0.0003     0.0008     0.0012     0.0019     0.0028     0.0039     0.0053     0.0064     0.0104
12        0.0001     0.0003     0.0004     0.0007     0.0011     0.0016     0.0024     0.0031     0.0073
13        0.0000     0.0000     0.0001     0.0001     0.0002     0.0003     0.0005     0.0007     0.0024
14        0.0000     0.0000     0.0000     0.0001     0.0002     0.0003     0.0005     0.0007     0.0044
15+       0.0000     0.0000     0.0000     0.0000     0.0000     0.0000     0.0001     0.0001     0.0019

2028

Age        1%         5%         10%        25%        50%        75%        90%        95%        99%    
1       68.6012    70.4047    78.6176   104.5711   168.7165   236.4666   279.8236   307.6936   325.3330
2       36.8170    41.3591    44.8583    59.6474    97.4784   137.4765   166.0124   180.7403   203.8425
3        9.2013    16.1991    19.4952    27.3262    47.0331    70.0634    89.1876    98.1020   115.9205
4        0.9917     3.5962     5.6894     9.6828    18.2361    30.4541    41.7184    47.8141    59.8056
5        0.1066     0.7563     1.3977     3.0671     6.6002    12.0800    17.8491    21.2710    28.3125
6        0.0219     0.1841     0.3856     0.9594     2.0194     3.8954     6.0261     7.4513    10.2582
7        0.0056     0.0551     0.1172     0.2908     0.5976     1.1173     1.7477     2.1426     2.9436
8        0.0034     0.0323     0.0693     0.1647     0.3101     0.4951     0.7092     0.8685     1.2007
9        0.0007     0.0072     0.0150     0.0338     0.0620     0.0949     0.1299     0.1524     0.1991
10        0.0003     0.0029     0.0059     0.0130     0.0231     0.0348     0.0468     0.0545     0.0730
11        0.0001     0.0005     0.0010     0.0021     0.0038     0.0056     0.0076     0.0090     0.0130
12        0.0000     0.0002     0.0003     0.0006     0.0011     0.0017     0.0025     0.0030     0.0050
13        0.0000     0.0001     0.0001     0.0002     0.0004     0.0007     0.0011     0.0014     0.0031
14        0.0000     0.0000     0.0000     0.0000     0.0001     0.0001     0.0002     0.0003     0.0010
15+       0.0000     0.0000     0.0000     0.0000     0.0001     0.0001     0.0002     0.0004     0.0027

2029

Age        1%         5%         10%        25%        50%        75%        90%        95%        99%    
1       68.5873    70.4241    79.1541   105.0390   168.3839   234.3915   279.4131   306.0226   340.0221
2       36.7301    41.3255    45.1157    60.5393    97.9931   138.7475   167.3175   181.9209   205.1057
3        8.7940    16.6552    20.3073    28.0962    47.8621    70.6680    90.4528    99.6053   117.8354
4        0.7971     3.7209     5.9019    10.3877    19.7480    32.5065    44.5012    50.6437    63.1176
5        0.0631     0.6589     1.4271     3.3274     7.1768    13.5466    19.9048    23.8799    31.8014
6        0.0062     0.1316     0.3374     0.9949     2.4959     5.2041     8.2996    10.3420    14.8683
7        0.0011     0.0308     0.0914     0.3081     0.7766     1.6547     2.7847     3.5588     5.3363
8        0.0004     0.0091     0.0286     0.0942     0.2361     0.4807     0.8080     1.0323     1.5381
9        0.0002     0.0057     0.0167     0.0545     0.1248     0.2243     0.3435     0.4304     0.6266
10        0.0001     0.0013     0.0037     0.0114     0.0254     0.0439     0.0640     0.0770     0.1067
11        0.0000     0.0005     0.0015     0.0045     0.0097     0.0162     0.0232     0.0278     0.0383
12        0.0000     0.0001     0.0003     0.0007     0.0016     0.0026     0.0038     0.0046     0.0069
13        0.0000     0.0000     0.0001     0.0002     0.0005     0.0008     0.0012     0.0015     0.0025
14        0.0000     0.0000     0.0000     0.0001     0.0002     0.0003     0.0005     0.0007     0.0014
15+       0.0000     0.0000     0.0000     0.0000     0.0001     0.0001     0.0002     0.0003     0.0016

2030

Age        1%         5%         10%        25%        50%        75%        90%        95%        99%    
1       68.5901    71.0056    79.6780   105.7603   168.6950   237.5022   280.7430   306.1948   325.4735
2       36.9175    41.5490    45.3807    60.5858    98.0849   137.4688   166.4158   181.6763   208.8180
3        8.9385    17.2475    20.8959    29.2253    48.8377    71.6589    91.5383   101.2120   119.0982
4        0.7912     3.9951     6.3781    11.1391    20.3716    33.3929    45.7066    52.4521    64.9198
5        0.0532     0.6892     1.5455     3.6744     7.9933    14.6816    21.7019    25.6104    34.2769
6        0.0035     0.1099     0.3538     1.1142     2.8537     5.9288     9.4588    11.8252    17.2206
7        0.0004     0.0226     0.0831     0.3264     0.9897     2.2680     3.9304     5.1057     7.8291
8        0.0001     0.0056     0.0223     0.1043     0.3135     0.7312     1.3170     1.7437     2.8155
9        0.0000     0.0017     0.0072     0.0330     0.0975     0.2171     0.3896     0.5213     0.7967
10        0.0000     0.0011     0.0044     0.0189     0.0532     0.1052     0.1713     0.2178     0.3363
11        0.0000     0.0003     0.0010     0.0040     0.0109     0.0209     0.0323     0.0401     0.0576
12        0.0000     0.0001     0.0004     0.0016     0.0042     0.0078     0.0119     0.0146     0.0211
13        0.0000     0.0000     0.0001     0.0003     0.0007     0.0013     0.0019     0.0024     0.0037
14        0.0000     0.0000     0.0000     0.0001     0.0002     0.0004     0.0006     0.0008     0.0013
15+       0.0000     0.0000     0.0000     0.0000     0.0001     0.0002     0.0004     0.0005     0.0014

2031

Age        1%         5%         10%        25%        50%        75%        90%        95%        99%    
1       68.6722    71.0189    79.1483   103.9852   168.4692   236.0994   281.0349   306.9329   325.4615
2       36.9942    41.7924    46.1593    61.3751    98.5931   140.1230   167.5628   182.0715   206.0766
3        8.9202    17.3162    21.0896    29.6045    49.3371    71.1390    91.4606   101.6178   122.4982
4        0.7175     4.2628     6.9276    11.7028    21.1436    34.1311    46.5840    53.3945    65.3268
5        0.0455     0.7743     1.7494     4.0622     8.4502    15.2960    22.5656    26.9057    34.8422
6        0.0027     0.1276     0.3967     1.2622     3.2744     6.5604    10.3952    12.7954    18.1874
7        0.0003     0.0209     0.0903     0.3820     1.1626     2.6307     4.5592     5.8898     8.9948
8        0.0000     0.0042     0.0219     0.1140     0.4048     1.0108     1.9059     2.5820     4.2346
9        0.0000     0.0012     0.0062     0.0365     0.1332     0.3318     0.6449     0.8865     1.4982
10        0.0000     0.0004     0.0020     0.0117     0.0419     0.1016     0.1932     0.2671     0.4354
11        0.0000     0.0003     0.0013     0.0069     0.0232     0.0506     0.0864     0.1129     0.1850
12        0.0000     0.0001     0.0003     0.0015     0.0048     0.0101     0.0166     0.0212     0.0321
13        0.0000     0.0000     0.0001     0.0006     0.0019     0.0038     0.0061     0.0077     0.0119
14        0.0000     0.0000     0.0000     0.0001     0.0003     0.0006     0.0010     0.0013     0.0020
15+       0.0000     0.0000     0.0000     0.0001     0.0002     0.0003     0.0005     0.0007     0.0013

2032

Age        1%         5%         10%        25%        50%        75%        90%        95%        99%    
1       68.6201    70.5004    78.6483   103.6585   168.4077   236.1920   280.4257   307.3396   325.0675
2       37.0684    41.9204    45.8139    60.3583    98.1360   138.9678   167.6182   182.7743   205.8460
3        9.0348    18.0062    21.9001    30.0697    50.1508    73.4046    92.3686   101.4038   121.7894
4        0.7693     4.4455     7.2451    12.1748    21.6034    34.2593    47.1449    53.8632    67.2906
5        0.0420     0.9088     1.9991     4.3317     8.9200    15.9174    23.1782    27.4240    35.8018
6        0.0018     0.1535     0.4657     1.4523     3.4808     6.9701    11.0767    13.4337    18.7288
7        0.0003     0.0244     0.1015     0.4465     1.3461     2.9718     5.1187     6.4829     9.7754
8        0.0000     0.0041     0.0245     0.1370     0.4834     1.1953     2.2133     2.9968     4.8872
9        0.0000     0.0010     0.0062     0.0416     0.1742     0.4670     0.9397     1.3226     2.2537
10        0.0000     0.0003     0.0018     0.0138     0.0580     0.1563     0.3200     0.4540     0.8053
11        0.0000     0.0001     0.0006     0.0045     0.0184     0.0485     0.0965     0.1383     0.2386
12        0.0000     0.0001     0.0004     0.0026     0.0103     0.0245     0.0446     0.0600     0.1019
13        0.0000     0.0000     0.0001     0.0006     0.0022     0.0049     0.0087     0.0113     0.0180
14        0.0000     0.0000     0.0000     0.0002     0.0009     0.0019     0.0032     0.0042     0.0068
15+       0.0000     0.0000     0.0000     0.0001     0.0002     0.0005     0.0008     0.0011     0.0018

2033

Age        1%         5%         10%        25%        50%        75%        90%        95%        99%    
1       68.6571    70.9563    78.8913   104.5570   168.5891   237.5041   279.8239   306.8346   338.1181
2       36.9365    41.8675    45.5358    60.4551    98.5209   140.1196   168.9753   182.6505   206.8954
3       10.4576    18.7990    22.0707    30.3905    50.4887    73.9656    93.7502   103.1412   122.1028
4        0.9618     5.1785     7.9242    12.7724    22.7561    35.8370    48.5023    55.0033    69.0173
5        0.0619     1.0355     2.2731     4.8284     9.3911    16.4232    23.9414    28.1124    37.1453
6        0.0029     0.1898     0.5783     1.6354     3.7975     7.4150    11.4814    14.0976    19.3797
7        0.0004     0.0313     0.1338     0.5366     1.4890     3.2505     5.5111     6.9385    10.2453
8        0.0000     0.0053     0.0303     0.1695     0.5805     1.4071     2.5471     3.3278     5.3021
9        0.0000     0.0010     0.0073     0.0532     0.2130     0.5710     1.1223     1.5584     2.6955
10        0.0000     0.0003     0.0019     0.0165     0.0774     0.2253     0.4813     0.6977     1.2418
11        0.0000     0.0001     0.0006     0.0057     0.0264     0.0765     0.1651     0.2401     0.4418
12        0.0000     0.0000     0.0002     0.0018     0.0085     0.0242     0.0497     0.0732     0.1322
13        0.0000     0.0000     0.0001     0.0011     0.0048     0.0122     0.0236     0.0323     0.0564
14        0.0000     0.0000     0.0000     0.0003     0.0010     0.0025     0.0046     0.0062     0.0101
15+       0.0000     0.0000     0.0000     0.0001     0.0005     0.0012     0.0021     0.0029     0.0047

2034

Age        1%         5%         10%        25%        50%        75%        90%        95%        99%    
1       68.6403    70.8457    79.3390   106.2387   168.5195   237.0124   277.9141   304.6032   353.7396
2       37.4819    42.0665    45.9550    61.1936    99.2993   141.0109   167.8339   183.0804   210.0398
3       10.2197    19.2853    22.3823    30.5547    50.6910    74.7883    94.1479   103.4793   121.7165
4        1.2542     5.6510     8.2515    13.1582    22.8272    36.2518    49.1925    55.4481    69.7431
5        0.0949     1.2594     2.5228     5.2182     9.9390    17.2976    24.7131    28.9552    38.0795
6        0.0055     0.2351     0.6646     1.8708     4.0693     7.7660    12.0156    14.5915    20.4635
7        0.0009     0.0458     0.1717     0.6367     1.6689     3.5187     5.8166     7.3131    10.7300
8        0.0001     0.0075     0.0420     0.2135     0.6543     1.5490     2.7944     3.5925     5.6159
9        0.0000     0.0014     0.0098     0.0675     0.2593     0.6824     1.2995     1.7759     2.9324
10        0.0000     0.0003     0.0024     0.0219     0.0968     0.2783     0.5752     0.8144     1.5006
11        0.0000     0.0001     0.0007     0.0068     0.0355     0.1102     0.2469     0.3696     0.6883
12        0.0000     0.0000     0.0002     0.0023     0.0123     0.0382     0.0854     0.1294     0.2486
13        0.0000     0.0000     0.0001     0.0008     0.0039     0.0120     0.0262     0.0392     0.0759
14        0.0000     0.0000     0.0000     0.0005     0.0022     0.0062     0.0125     0.0177     0.0316
15+       0.0000     0.0000     0.0000     0.0002     0.0007     0.0019     0.0036     0.0049     0.0083

Probability Spawning Stock Biomass Exceeds Threshold      3.660 (1000 MT)

Year    Probability

2021    0.018200
2022    0.017600
2023    0.122800
2024    0.048800
2025    0.101900
2026    0.232900
2027    0.311200
2028    0.373500
2029    0.428500
2030    0.458400
2031    0.488200
2032    0.514400
2033    0.550700
2034    0.574200

Probability Threshold Exceeded at Least Once =     0.8121

Probability Total Fishing Mortality Exceeds Threshold     0.8413 

Year    Probability

2021    1.000000
2022    1.000000
2023    1.000000
2024    1.000000
2025    0.534500
2026    0.466800
2027    0.424700
2028    0.342000
2029    0.306000
2030    0.274000
2031    0.249900
2032    0.201300
2033    0.182700
2034    0.168900

Probability Threshold Exceeded at Least Once =     1.0000


Requested Percentile Report

Percentile =    40.00 %

                                 2021       2022       2023       2024       2025       2026       2027       2028       2029       2030       2031       2032       2033       2034 

Recruits                     144.2156   144.0887   147.2614   143.3708   145.9298   144.7560   145.9051   145.3969   148.9710   142.2391   141.2555   144.7756   147.1309   145.6472 
Spawning Stock Biomass         2.1379     2.4796     2.7283     2.3589     2.2814     2.3863     2.4899     2.6566     2.8446     3.0093     3.1276     3.2733     3.4241     3.5465 
Jan-1 Stock Biomass            8.8081     8.8634     8.3474     7.7986     7.4877     7.7162     7.8536     8.0277     8.2398     8.4794     8.6237     8.7582     8.9500     9.0959 
Mean Biomass                   7.8934     7.6069     7.0374     6.5971     6.5749     6.7552     6.9212     7.1183     7.3471     7.5788     7.6917     7.8483     8.0153     8.1730 
Combined Catch Biomass         2.8189     3.2426     3.1493     2.8602     2.4000     2.4000     2.4000     2.2500     2.2500     2.2500     2.2500     2.1500     2.1500     2.1500 
Landings                       2.8189     3.2426     3.1493     2.8602     2.4000     2.4000     2.4000     2.2500     2.2500     2.2500     2.2500     2.1500     2.1500     2.1500 
FMort                          1.0794     1.0794     1.0794     1.0794     0.8037     0.7438     0.6959     0.6096     0.5771     0.5518     0.5350     0.4972     0.4825     0.4695 

Stock Numbers at Age
Age 1                        244.9740   144.2156   144.0887   147.2614   143.3708   145.9298   144.7560   145.9051   145.3969   148.9710   142.2391   141.2555   144.7756   147.1309 
Age 2                         93.8626   140.4677    82.2478    82.4102    83.8649    82.7416    84.1457    82.6904    84.4895    83.8082    85.7361    82.6734    82.1004    84.7457 
Age 3                         51.2273    42.4298    63.2462    37.0907    37.0777    38.7141    37.8273    38.4976    39.1474    39.8103    40.8082    41.6823    41.0337    41.4102 
Age 4                          9.1703    17.7014    14.5464    21.6302    12.6541    13.4211    14.1591    14.3075    15.6202    16.2076    16.8591    17.3809    18.3100    18.3713 
Age 5                          2.4696     2.7679     5.3673     4.4169     6.5588     4.1071     4.4858     4.9830     5.3908     6.0860     6.4828     6.8464     7.3616     7.8039 
Age 6                          0.8492     0.7215     0.7988     1.5513     1.2787     2.1424     1.3378     1.5395     1.8302     2.0569     2.3487     2.5489     2.8331     3.1093 
Age 7                          0.1227     0.2454     0.2086     0.2306     0.4486     0.4189     0.7231     0.4608     0.5702     0.6868     0.7942     0.9171     1.0430     1.1871 
Age 8                          0.0902     0.0370     0.0726     0.0618     0.0683     0.1494     0.1431     0.2515     0.1712     0.2184     0.2668     0.3187     0.3803     0.4436 
Age 9                          0.0063     0.0279     0.0113     0.0222     0.0188     0.0232     0.0523     0.0509     0.0956     0.0669     0.0865     0.1093     0.1355     0.1657 
Age 10                          0.0032     0.0020     0.0088     0.0036     0.0070     0.0066     0.0083     0.0192     0.0199     0.0382     0.0274     0.0359     0.0473     0.0589 
Age 11                          0.0009     0.0010     0.0007     0.0029     0.0012     0.0025     0.0024     0.0031     0.0076     0.0080     0.0157     0.0117     0.0158     0.0209 
Age 12                          0.0001     0.0003     0.0003     0.0002     0.0009     0.0004     0.0009     0.0009     0.0012     0.0031     0.0034     0.0066     0.0051     0.0071 
Age 13                          0.0000     0.0000     0.0001     0.0001     0.0001     0.0003     0.0002     0.0004     0.0004     0.0005     0.0013     0.0014     0.0029     0.0023 
Age 14                          0.0000     0.0000     0.0000     0.0000     0.0000     0.0000     0.0001     0.0001     0.0002     0.0002     0.0002     0.0006     0.0007     0.0013 
Age 15                          0.0000     0.0000     0.0000     0.0000     0.0000     0.0000     0.0000     0.0001     0.0001     0.0001     0.0001     0.0001     0.0003     0.0005 
