AGEPRO VERSION 4.2

Phased_Q_240022502100

Date & Time of Run: 03 May 2024  22:21

Input File Name:    Phased_Q_240022502100.inp

First Age Class:                         1
Number of Age Classes:                  15
Number of Years in Projection:          14
Number of Fleets:                        9
Number of Recruitment Models:            3
Number of Bootstraps:                  100
Number of Simulations:                 100

Bootstrap File Name:            C:\Users\jon.brodziak\Desktop\2024 WCNPO MLS Rebuilding\Bootstrap-numbers-at-age\2023_WCNPOMLS.bsn

Number of Feasible Solutions:       9972  of      10000 Realizations

Input Harvest Scenario

Year  Type        Fleet-1    Fleet-2    Fleet-3    Fleet-4    Fleet-5    Fleet-6    Fleet-7    Fleet-8    Fleet-9    

2021  F-Mult       0.1651     0.0453     0.2588     0.0166     0.0610     0.0487     0.0642     0.0722     0.3475 
2022  F-Mult       0.1651     0.0453     0.2588     0.0166     0.0610     0.0487     0.0642     0.0722     0.3475 
2023  F-Mult       0.1651     0.0453     0.2588     0.0166     0.0610     0.0487     0.0642     0.0722     0.3475 
2024  F-Mult       0.1651     0.0453     0.2588     0.0166     0.0610     0.0487     0.0642     0.0722     0.3475 
2025  Landings        344        137        713         63        208         93        180        324        337 
2026  Landings        344        137        713         63        208         93        180        324        337 
2027  Landings        344        137        713         63        208         93        180        324        337 
2028  Landings        323        128        669         59        195         87        169        303        316 
2029  Landings        323        128        669         59        195         87        169        303        316 
2030  Landings        323        128        669         59        195         87        169        303        316 
2031  Landings        323        128        669         59        195         87        169        303        316 
2032  Landings        301        119        624         56        182         82        157        283        295 
2033  Landings        301        119        624         56        182         82        157        283        295 
2034  Landings        301        119        624         56        182         82        157        283        295 

Recruitment Selection Distribution

Year  Selection-1 Selection-2 Selection-3 

2021      0.1149     0.8458     0.0393 
2022      0.1232     0.8367     0.0401 
2023      0.1233     0.8354     0.0413 
2024      0.1213     0.8359     0.0428 
2025      0.1207     0.8403     0.0390 
2026      0.1196     0.8391     0.0413 
2027      0.1205     0.8399     0.0396 
2028      0.1169     0.8417     0.0414 
2029      0.1231     0.8397     0.0372 
2030      0.1217     0.8366     0.0417 
2031      0.1234     0.8369     0.0397 
2032      0.1168     0.8420     0.0412 
2033      0.1218     0.8402     0.0380 
2034      0.1149     0.8404     0.0447 

Recruits        1000  Fish

Year Class   Average        StdDev
2021        174.1437       82.5877
2022        171.2723       81.6230
2023        174.1189       82.4434
2024        173.8570       82.6051
2025        173.8079       80.5006
2026        172.8714       81.1391
2027        173.9030       80.1691
2028        172.9696       81.7496
2029        172.4291       79.9598
2030        173.0318       81.0591
2031        173.3506       82.4652
2032        174.2542       84.4773
2033        173.2534       82.8596
2034        174.6983       83.8836

Recruits Distribution

Year Class 1%         5%         10%        25%        50%        75%        90%        95%        99%    
2021    68.6256    70.2551    78.7969   104.1481   168.4910   238.2920   279.9981   307.2969   325.0209
2022    68.7053    70.4943    78.7840   103.4537   168.0640   235.1593   277.4395   302.8209   324.1533
2023    68.6469    70.7244    79.2472   104.8022   168.5206   236.9417   279.3017   306.6672   329.5248
2024    68.7030    70.6016    78.9287   104.7337   168.2941   236.8096   282.3396   307.0608   324.9705
2025    68.6076    70.1566    78.9549   105.7412   168.6053   237.2633   280.8184   305.8743   325.3444
2026    68.6003    70.4517    78.7577   104.3709   168.3032   235.6288   278.6573   305.5733   325.5654
2027    68.6628    71.2178    79.6146   104.9753   168.6380   237.5985   279.7043   306.2473   325.2797
2028    68.6040    70.1130    78.7307   103.7231   168.3375   236.6615   278.8248   305.9749   325.4292
2029    68.6906    70.4562    78.6544   103.8413   168.3102   235.5340   277.5188   306.3393   325.5962
2030    68.6626    70.5278    78.7636   104.3072   168.4165   235.6491   278.5760   307.4954   343.2501
2031    68.6533    71.2095    78.9598   105.6973   168.3924   234.7480   278.7361   305.8550   325.0396
2032    68.5949    70.4937    79.0384   104.9236   168.6553   236.5519   280.0055   307.9953   368.0014
2033    68.6373    71.2258    79.8533   104.5251   168.3806   235.7817   277.6529   305.9518   325.4586
2034    68.6026    70.7141    79.0072   104.8411   168.6569   237.4444   282.4783   307.6502   325.4856

Spawning Stock Biomass  x       1000 MT

Year       Average        StdDev
2021        2.2952        0.4570
2022        2.6089        0.4286
2023        2.9408        0.6072
2024        2.5877        0.6479
2025        2.5637        0.8909
2026        2.8129        1.3086
2027        3.0443        1.5804
2028        3.2751        1.7320
2029        3.5014        1.8568
2030        3.6889        1.9316
2031        3.8263        1.9899
2032        3.9817        2.0288
2033        4.1624        2.0670
2034        4.3208        2.1092

Spawning Stock Biomass Distribution

Year        1%         5%         10%        25%        50%        75%        90%        95%        99%   
2021     1.4635     1.7222     1.8310     1.9968     2.2269     2.5094     2.8075     3.0317     4.1926 
2022     1.7520     1.9578     2.0884     2.3111     2.5780     2.8580     3.1893     3.3907     3.7627 
2023     1.8326     2.0659     2.2178     2.4959     2.8758     3.3074     3.7607     4.0525     4.6024 
2024     1.4422     1.6685     1.8253     2.1308     2.5246     2.9815     3.4091     3.6542     4.2182 
2025     1.0331     1.3195     1.5441     1.9376     2.4715     3.0891     3.6767     4.0466     4.8014 
2026     0.5799     1.0071     1.3007     1.8841     2.6754     3.5772     4.4517     4.9686     6.2423 
2027     0.4035     0.8377     1.1872     1.9200     2.8795     3.9620     5.0433     5.7101     7.3793 
2028     0.3269     0.8288     1.2310     2.0207     3.1007     4.3104     5.5191     6.2130     8.1292 
2029     0.3191     0.8854     1.3143     2.1535     3.2948     4.6140     5.8812     6.7272     8.7367 
2030     0.3064     0.9420     1.3920     2.2932     3.4740     4.8378     6.1867     7.0644     9.1547 
2031     0.3298     0.9819     1.4655     2.3952     3.6346     4.9990     6.3879     7.2912     9.3112 
2032     0.3697     1.1041     1.5834     2.5277     3.7756     5.2070     6.6159     7.4723     9.7635 
2033     0.4280     1.2228     1.7081     2.6786     3.9413     5.4005     6.8418     7.7520     9.9730 
2034     0.4932     1.2950     1.8085     2.8346     4.1212     5.5463     6.9899     7.9448    10.1775 

JAN-1 Stock Biomass  x       1000 MT

Year       Average        StdDev
2021        9.2932        1.5843
2022        9.4756        1.8079
2023        8.9557        1.9302
2024        8.3876        1.9542
2025        8.1040        1.9804
2026        8.4096        2.3447
2027        8.6641        2.5909
2028        8.8806        2.7540
2029        9.1580        2.8688
2030        9.3732        2.9382
2031        9.5393        2.9924
2032        9.6743        3.0368
2033        9.9181        3.0998
2034       10.1048        3.1304

JAN-1 Stock Biomass Distribution

Year       1%         5%         10%        25%        50%        75%        90%        95%        99%    
2021     6.3658     6.9836     7.3799     8.1665     9.1652    10.1331    11.5053    12.2511    13.6978 
2022     6.0817     6.8095     7.2467     8.1920     9.3392    10.6020    11.8456    12.6168    14.1967 
2023     5.3236     6.0861     6.5973     7.5978     8.8366    10.1452    11.3673    12.1590    13.7539 
2024     4.7694     5.5392     6.0591     7.0180     8.2329     9.5522    10.8234    11.6299    13.6914 
2025     4.4551     5.2410     5.7344     6.7325     7.9264     9.2726    10.5793    11.3715    13.5191 
2026     3.9456     4.9468     5.5626     6.7894     8.2426     9.8101    11.3888    12.3406    14.6175 
2027     3.6633     4.7872     5.5300     6.8534     8.4895    10.2347    11.9499    13.0227    15.6919 
2028     3.4812     4.7724     5.5412     6.9614     8.6660    10.5704    12.3572    13.5558    16.4013 
2029     3.4739     4.8641     5.6863     7.1589     8.9392    10.9258    12.7787    14.0382    16.9278 
2030     3.5786     4.9951     5.8330     7.3499     9.1785    11.1517    13.1247    14.3476    17.2551 
2031     3.5518     5.0914     5.9387     7.4583     9.3483    11.3248    13.4045    14.6134    17.7173 
2032     3.5677     5.1781     6.0353     7.5638     9.4773    11.4923    13.4946    14.8586    17.9966 
2033     3.6972     5.3639     6.2227     7.8010     9.7334    11.7630    13.7746    15.1327    18.4027 
2034     3.8355     5.5246     6.3898     8.0053     9.8972    11.9576    14.0291    15.3461    18.8328 

Mean Biomass  x       1000 MT

Year       Average        StdDev
2021        8.4140        1.5225
2022        8.2208        1.7232
2023        7.6031        1.8030
2024        7.1752        1.8223
2025        7.2248        2.1015
2026        7.5210        2.4253
2027        7.7499        2.6345
2028        8.0173        2.7703
2029        8.2706        2.8723
2030        8.4552        2.9204
2031        8.6057        2.9759
2032        8.8022        3.0045
2033        9.0215        3.0515
2034        9.1910        3.0874

Mean Biomass Distribution

Year       1%         5%         10%        25%        50%        75%        90%        95%        99%    
2021     5.6700     6.2010     6.5757     7.2838     8.2801     9.2793    10.5130    11.2692    12.6123 
2022     5.0698     5.6811     6.1162     6.9890     8.0748     9.3092    10.4291    11.1501    12.6284 
2023     4.3121     4.9898     5.4458     6.3137     7.4780     8.7110     9.8265    10.6146    12.0799 
2024     3.9119     4.5542     5.0116     5.9062     7.0146     8.2384     9.4480    10.2548    12.0080 
2025     3.3887     4.1497     4.7036     5.7523     7.0741     8.4937     9.8486    10.7292    12.8715 
2026     2.8951     3.9242     4.5756     5.8415     7.3461     8.9821    10.5835    11.5318    14.1486 
2027     2.6395     3.8468     4.5741     5.9174     7.5579     9.3487    11.0937    12.1434    15.0391 
2028     2.5604     3.9003     4.6779     6.0887     7.8285     9.7066    11.4942    12.7142    15.7276 
2029     2.5262     3.9812     4.8072     6.2994     8.0654    10.0192    11.8902    13.1309    16.0730 
2030     2.6866     4.1510     4.9685     6.4331     8.2337    10.2003    12.1961    13.4342    16.1931 
2031     2.6502     4.2465     5.0652     6.5597     8.3905    10.4210    12.3367    13.6602    16.6577 
2032     2.7834     4.3744     5.1928     6.7360     8.5954    10.6110    12.6228    13.8617    16.9175 
2033     2.8784     4.5262     5.3897     6.9261     8.8428    10.8516    12.8234    14.0483    17.4366 
2034     3.0513     4.6895     5.5243     7.1218     8.9915    11.0108    13.0040    14.3654    17.7034 

Combined Catch Biomass  x       1000 MT

Year       Average        StdDev
2021        2.9757        0.4782
2022        3.4234        0.5706
2023        3.3799        0.6773
2024        3.0787        0.7075
2025        2.4000        0.0000
2026        2.4000        0.0000
2027        2.3998        0.0240
2028        2.2489        0.0503
2029        2.2475        0.0746
2030        2.2468        0.0841
2031        2.2450        0.1054
2032        2.0945        0.1069
2033        2.0941        0.1110
2034        2.0941        0.1110

Combined Catch Distribution

Year       1%         5%         10%        25%        50%        75%        90%        95%        99%    
2021     1.9775     2.3478     2.4531     2.6635     2.9146     3.2329     3.5548     3.7888     4.7211 
2022     2.3585     2.5733     2.7208     3.0042     3.3956     3.7507     4.2209     4.4711     4.9322 
2023     2.1125     2.3670     2.5483     2.9067     3.3315     3.8017     4.2429     4.5150     5.1023 
2024     1.7795     2.0564     2.2329     2.5778     3.0372     3.4970     3.9693     4.2492     4.8722 
2025     2.4000     2.4000     2.4000     2.4000     2.4000     2.4000     2.4000     2.4000     2.4000 
2026     2.4000     2.4000     2.4000     2.4000     2.4000     2.4000     2.4000     2.4000     2.4000 
2027     2.4000     2.4000     2.4000     2.4000     2.4000     2.4000     2.4000     2.4000     2.4000 
2028     2.2500     2.2500     2.2500     2.2500     2.2500     2.2500     2.2500     2.2500     2.2500 
2029     2.2500     2.2500     2.2500     2.2500     2.2500     2.2500     2.2500     2.2500     2.2500 
2030     2.2500     2.2500     2.2500     2.2500     2.2500     2.2500     2.2500     2.2500     2.2500 
2031     2.2500     2.2500     2.2500     2.2500     2.2500     2.2500     2.2500     2.2500     2.2500 
2032     2.1000     2.1000     2.1000     2.1000     2.1000     2.1000     2.1000     2.1000     2.1000 
2033     2.1000     2.1000     2.1000     2.1000     2.1000     2.1000     2.1000     2.1000     2.1000 
2034     2.1000     2.1000     2.1000     2.1000     2.1000     2.1000     2.1000     2.1000     2.1000 

Landings  x       1000 MT

Year       Average        StdDev
2021        2.9757        0.4782
2022        3.4234        0.5706
2023        3.3799        0.6773
2024        3.0787        0.7075
2025        2.4000        0.0000
2026        2.4000        0.0000
2027        2.3998        0.0240
2028        2.2489        0.0503
2029        2.2475        0.0746
2030        2.2468        0.0841
2031        2.2450        0.1054
2032        2.0945        0.1069
2033        2.0941        0.1110
2034        2.0941        0.1110

Landings Distribution

Year       1%         5%         10%        25%        50%        75%        90%        95%        99%    
2021     1.9775     2.3478     2.4531     2.6635     2.9146     3.2329     3.5548     3.7888     4.7211 
2022     2.3585     2.5733     2.7208     3.0042     3.3956     3.7507     4.2209     4.4711     4.9322 
2023     2.1125     2.3670     2.5483     2.9067     3.3315     3.8017     4.2429     4.5150     5.1023 
2024     1.7795     2.0564     2.2329     2.5778     3.0372     3.4970     3.9693     4.2492     4.8722 
2025     2.4000     2.4000     2.4000     2.4000     2.4000     2.4000     2.4000     2.4000     2.4000 
2026     2.4000     2.4000     2.4000     2.4000     2.4000     2.4000     2.4000     2.4000     2.4000 
2027     2.4000     2.4000     2.4000     2.4000     2.4000     2.4000     2.4000     2.4000     2.4000 
2028     2.2500     2.2500     2.2500     2.2500     2.2500     2.2500     2.2500     2.2500     2.2500 
2029     2.2500     2.2500     2.2500     2.2500     2.2500     2.2500     2.2500     2.2500     2.2500 
2030     2.2500     2.2500     2.2500     2.2500     2.2500     2.2500     2.2500     2.2500     2.2500 
2031     2.2500     2.2500     2.2500     2.2500     2.2500     2.2500     2.2500     2.2500     2.2500 
2032     2.1000     2.1000     2.1000     2.1000     2.1000     2.1000     2.1000     2.1000     2.1000 
2033     2.1000     2.1000     2.1000     2.1000     2.1000     2.1000     2.1000     2.1000     2.1000 
2034     2.1000     2.1000     2.1000     2.1000     2.1000     2.1000     2.1000     2.1000     2.1000 

Total Fishing Mortality

Year       Average        StdDev
2021        1.0794        0.0000
2022        1.0794        0.0000
2023        1.0794        0.0000
2024        1.0794        0.0000
2025        0.9251        0.2889
2026        0.9391        0.4700
2027        0.9515        0.6790
2028        0.8691        0.7039
2029        0.8252        0.6899
2030        0.7921        0.6737
2031        0.7601        0.6407
2032        0.6758        0.5405
2033        0.6387        0.4713
2034        0.6156        0.4771

Total Fishing Mortality Distribution

Year       1%         5%         10%        25%        50%        75%        90%        95%        99%    
2021     1.0794     1.0794     1.0794     1.0794     1.0794     1.0794     1.0794     1.0794     1.0794 
2022     1.0794     1.0794     1.0794     1.0794     1.0794     1.0794     1.0794     1.0794     1.0794 
2023     1.0794     1.0794     1.0794     1.0794     1.0794     1.0794     1.0794     1.0794     1.0794 
2024     1.0794     1.0794     1.0794     1.0794     1.0794     1.0794     1.0794     1.0794     1.0794 
2025     0.4818     0.5673     0.6188     0.7221     0.8686     1.0641     1.3039     1.4972     1.8585 
2026     0.3863     0.4791     0.5307     0.6422     0.8200     1.0852     1.4832     1.8137     2.6603 
2027     0.3417     0.4270     0.4777     0.5882     0.7721     1.0709     1.5642     2.0494     3.4561 
2028     0.2870     0.3694     0.4147     0.5151     0.6850     0.9714     1.4539     1.9448     3.6476 
2029     0.2708     0.3457     0.3896     0.4838     0.6453     0.9220     1.3731     1.8613     3.6250 
2030     0.2590     0.3317     0.3753     0.4641     0.6181     0.8810     1.3145     1.7602     3.6621 
2031     0.2519     0.3219     0.3620     0.4506     0.5962     0.8463     1.2407     1.6784     3.3497 
2032     0.2325     0.2943     0.3288     0.4075     0.5382     0.7606     1.0993     1.4312     2.8290 
2033     0.2288     0.2846     0.3213     0.3948     0.5176     0.7214     1.0397     1.3500     2.6160 
2034     0.2206     0.2804     0.3136     0.3856     0.4980     0.6873     0.9991     1.2829     2.4180 

JAN-1 Stock Numbers at Age  -       1000  Fish

2021

Age        1%         5%         10%        25%        50%        75%        90%        95%        99%    
1      140.2370   175.0900   184.8320   216.7130   261.1480   317.3690   385.6290   409.5080   464.9250
2       58.9389    77.9477    80.8620    85.4451   100.4175   112.5240   125.3470   138.4980   148.4390
3       34.1986    41.3466    43.5177    47.9381    54.8765    60.4455    67.3245    74.4817    84.8335
4        4.4701     6.3288     7.3712     8.3369     9.5330    10.8358    12.5169    14.0136    20.6054
5        1.2938     1.6031     1.7337     2.2441     2.6907     3.2695     4.2092     4.8898     7.4995
6        0.2917     0.4842     0.6024     0.6936     0.9665     1.2287     1.8234     2.1765     5.0518
7        0.0278     0.0584     0.0739     0.1025     0.1591     0.2261     0.3164     0.3996     1.3049
8        0.0082     0.0292     0.0370     0.0584     0.1092     0.1670     0.2575     0.4456     2.1858
9        0.0003     0.0014     0.0021     0.0035     0.0085     0.0144     0.0223     0.0334     0.2402
10        0.0001     0.0005     0.0007     0.0015     0.0043     0.0069     0.0143     0.0242     0.2609
11        0.0000     0.0001     0.0002     0.0004     0.0014     0.0028     0.0051     0.0082     0.1988
12        0.0000     0.0000     0.0000     0.0000     0.0001     0.0003     0.0005     0.0008     0.0280
13        0.0000     0.0000     0.0000     0.0000     0.0000     0.0002     0.0003     0.0005     0.0316
14        0.0000     0.0000     0.0000     0.0000     0.0000     0.0000     0.0001     0.0001     0.0183
15+       0.0000     0.0000     0.0000     0.0000     0.0000     0.0000     0.0000     0.0000     0.0127

2022

Age        1%         5%         10%        25%        50%        75%        90%        95%        99%    
1       68.6256    70.2551    78.7969   104.1481   168.4910   238.2920   279.9981   307.2969   325.0209
2       85.6783   100.5779   107.3356   123.8989   150.6179   184.0038   222.7221   243.0366   276.0077
3       26.6897    34.4113    36.1842    39.2304    44.8220    51.1422    57.9361    62.7014    70.9657
4       11.8930    13.8961    14.9664    16.5466    18.5118    20.8014    23.6591    26.0178    31.2562
5        1.4265     1.9595     2.1968     2.5193     2.9132     3.3248     3.8987     4.2988     6.5794
6        0.3755     0.4644     0.5096     0.6465     0.7751     0.9493     1.2386     1.4483     2.4782
7        0.0944     0.1444     0.1714     0.2056     0.2741     0.3652     0.5334     0.6265     1.6165
8        0.0092     0.0178     0.0219     0.0304     0.0467     0.0676     0.0973     0.1265     0.4381
9        0.0029     0.0092     0.0114     0.0183     0.0337     0.0515     0.0816     0.1368     0.7513
10        0.0001     0.0004     0.0007     0.0011     0.0027     0.0046     0.0074     0.0111     0.0858
11        0.0000     0.0002     0.0002     0.0005     0.0014     0.0022     0.0049     0.0080     0.0943
12        0.0000     0.0000     0.0001     0.0001     0.0005     0.0009     0.0017     0.0028     0.0732
13        0.0000     0.0000     0.0000     0.0000     0.0000     0.0001     0.0002     0.0003     0.0109
14        0.0000     0.0000     0.0000     0.0000     0.0000     0.0001     0.0001     0.0002     0.0123
15+       0.0000     0.0000     0.0000     0.0000     0.0000     0.0000     0.0000     0.0001     0.0121

2023

Age        1%         5%         10%        25%        50%        75%        90%        95%        99%    
1       68.7053    70.4943    78.7840   103.4537   168.0640   235.1593   277.4395   302.8209   324.1533
2       37.8691    41.2890    45.2326    59.9542    96.7923   137.3801   162.6314   176.5028   195.4429
3       38.6771    44.9281    48.2414    55.8119    68.1449    83.4913   100.9518   110.2090   125.9364
4        9.1000    11.5032    12.2598    13.4470    15.3224    17.6618    20.1178    21.6457    24.4673
5        3.5778     4.1681     4.4774     4.9942     5.6076     6.3619     7.2610     7.9710     9.5624
6        0.4133     0.5633     0.6296     0.7261     0.8417     0.9667     1.1284     1.2550     1.8938
7        0.1077     0.1332     0.1483     0.1854     0.2241     0.2777     0.3634     0.4195     0.7173
8        0.0282     0.0431     0.0501     0.0610     0.0816     0.1093     0.1596     0.1852     0.4835
9        0.0030     0.0055     0.0067     0.0093     0.0142     0.0207     0.0298     0.0389     0.1353
10        0.0009     0.0029     0.0036     0.0058     0.0106     0.0163     0.0261     0.0430     0.2441
11        0.0000     0.0001     0.0002     0.0004     0.0009     0.0015     0.0024     0.0036     0.0280
12        0.0000     0.0001     0.0001     0.0002     0.0005     0.0007     0.0016     0.0027     0.0332
13        0.0000     0.0000     0.0000     0.0000     0.0002     0.0003     0.0006     0.0009     0.0266
14        0.0000     0.0000     0.0000     0.0000     0.0000     0.0000     0.0001     0.0001     0.0040
15+       0.0000     0.0000     0.0000     0.0000     0.0000     0.0000     0.0000     0.0001     0.0085

2024

Age        1%         5%         10%        25%        50%        75%        90%        95%        99%    
1       68.6469    70.7244    79.2472   104.8022   168.5206   236.9417   279.3017   306.6672   329.5248
2       38.0657    41.2241    44.9658    59.1955    95.5164   134.9266   161.2105   174.7344   194.1377
3       16.8927    18.6607    20.4054    27.0100    43.4405    62.0274    73.9964    79.7692    89.9816
4       13.1427    15.2758    16.4550    19.1338    23.3667    28.7714    34.7254    38.0072    43.7129
5        2.7322     3.4478     3.6773     4.0736     4.6559     5.3785     6.1141     6.5856     7.4865
6        1.0389     1.1865     1.2894     1.4376     1.6205     1.8471     2.1123     2.3219     2.7707
7        0.1202     0.1610     0.1808     0.2096     0.2439     0.2816     0.3293     0.3689     0.5427
8        0.0316     0.0390     0.0440     0.0548     0.0667     0.0826     0.1083     0.1254     0.2168
9        0.0089     0.0132     0.0152     0.0187     0.0250     0.0338     0.0490     0.0571     0.1484
10        0.0010     0.0017     0.0021     0.0029     0.0045     0.0066     0.0094     0.0125     0.0453
11        0.0003     0.0009     0.0012     0.0019     0.0034     0.0053     0.0085     0.0139     0.0813
12        0.0000     0.0000     0.0001     0.0001     0.0003     0.0005     0.0008     0.0012     0.0094
13        0.0000     0.0000     0.0000     0.0001     0.0002     0.0003     0.0005     0.0009     0.0112
14        0.0000     0.0000     0.0000     0.0000     0.0001     0.0001     0.0002     0.0003     0.0098
15+       0.0000     0.0000     0.0000     0.0000     0.0000     0.0000     0.0000     0.0001     0.0044

2025

Age        1%         5%         10%        25%        50%        75%        90%        95%        99%    
1       68.7030    70.6016    78.9287   104.7337   168.2941   236.8096   282.3396   307.0608   324.9705
2       38.0253    41.3427    45.5150    59.8698    96.6987   136.7096   162.9854   177.2712   199.2749
3       16.9295    18.6442    20.3456    26.5952    42.8441    60.7895    73.5620    79.3989    89.7011
4        5.6704     6.3643     6.9927     9.2400    14.8524    21.1626    25.4524    27.5914    31.8148
5        3.9577     4.5840     4.9627     5.7952     7.0968     8.7375    10.5538    11.5910    13.3804
6        0.7902     0.9854     1.0566     1.1742     1.3497     1.5596     1.7732     1.9242     2.2001
7        0.2956     0.3415     0.3696     0.4131     0.4711     0.5391     0.6173     0.6747     0.7994
8        0.0352     0.0474     0.0531     0.0619     0.0724     0.0842     0.0985     0.1111     0.1602
9        0.0096     0.0119     0.0134     0.0167     0.0204     0.0256     0.0335     0.0390     0.0654
10        0.0028     0.0042     0.0048     0.0059     0.0079     0.0107     0.0155     0.0181     0.0470
11        0.0003     0.0006     0.0007     0.0010     0.0014     0.0021     0.0031     0.0041     0.0146
12        0.0001     0.0003     0.0004     0.0006     0.0011     0.0018     0.0028     0.0045     0.0275
13        0.0000     0.0000     0.0000     0.0000     0.0001     0.0002     0.0003     0.0004     0.0032
14        0.0000     0.0000     0.0000     0.0000     0.0001     0.0001     0.0002     0.0003     0.0039
15+       0.0000     0.0000     0.0000     0.0000     0.0000     0.0000     0.0001     0.0001     0.0049

2026

Age        1%         5%         10%        25%        50%        75%        90%        95%        99%    
1       68.6076    70.1566    78.9549   105.7412   168.6053   237.2633   280.8184   305.8743   325.3444
2       37.6923    41.0184    44.9463    60.1791    96.5301   138.8175   166.2992   179.9519   204.2214
3       14.1001    17.5516    19.9068    26.9807    45.8804    68.1679    84.6445    93.3290   110.3063
4        4.1162     5.6368     6.6660     9.3399    16.0700    24.7502    32.5617    36.1804    42.9599
5        1.2050     1.7734     2.1200     3.0366     5.0076     7.5359    10.0114    11.2336    13.8589
6        0.8190     1.1702     1.3883     1.8056     2.3767     3.1009     3.8692     4.3684     5.4001
7        0.1732     0.2465     0.2889     0.3641     0.4532     0.5555     0.6582     0.7276     0.8618
8        0.0653     0.0908     0.1053     0.1313     0.1617     0.1940     0.2305     0.2574     0.3118
9        0.0096     0.0136     0.0158     0.0201     0.0252     0.0311     0.0376     0.0430     0.0601
10        0.0026     0.0037     0.0043     0.0056     0.0073     0.0095     0.0126     0.0151     0.0246
11        0.0009     0.0013     0.0016     0.0021     0.0029     0.0040     0.0058     0.0071     0.0177
12        0.0001     0.0002     0.0002     0.0003     0.0005     0.0008     0.0012     0.0016     0.0059
13        0.0000     0.0001     0.0001     0.0002     0.0004     0.0007     0.0011     0.0017     0.0108
14        0.0000     0.0000     0.0000     0.0000     0.0000     0.0001     0.0001     0.0002     0.0012
15+       0.0000     0.0000     0.0000     0.0000     0.0000     0.0000     0.0001     0.0002     0.0034

2027

Age        1%         5%         10%        25%        50%        75%        90%        95%        99%    
1       68.6003    70.4517    78.7577   104.3709   168.3032   235.6288   278.6573   305.5733   325.5654
2       36.6473    41.0241    45.1621    60.5832    97.3436   138.8056   165.4482   180.3657   203.7435
3       11.3756    16.3916    19.2879    27.3083    46.0355    69.9806    87.8742    96.3384   113.8720
4        2.0349     4.2869     5.9592     9.3940    17.8404    29.2396    39.7668    45.1204    56.5556
5        0.4374     1.1605     1.7313     3.0053     5.5589     9.6638    14.0056    16.3520    20.9784
6        0.1236     0.3486     0.5342     0.9440     1.6816     2.8244     4.0782     4.8199     6.5432
7        0.0750     0.2142     0.3198     0.5400     0.8410     1.2001     1.6009     1.8794     2.4588
8        0.0170     0.0457     0.0672     0.1091     0.1628     0.2231     0.2811     0.3195     0.3981
9        0.0068     0.0174     0.0255     0.0407     0.0595     0.0797     0.0999     0.1142     0.1438
10        0.0011     0.0028     0.0040     0.0064     0.0095     0.0128     0.0165     0.0189     0.0265
11        0.0003     0.0008     0.0012     0.0019     0.0028     0.0039     0.0053     0.0065     0.0102
12        0.0001     0.0003     0.0005     0.0007     0.0011     0.0016     0.0024     0.0031     0.0070
13        0.0000     0.0001     0.0001     0.0001     0.0002     0.0003     0.0005     0.0007     0.0024
14        0.0000     0.0000     0.0000     0.0001     0.0002     0.0003     0.0005     0.0007     0.0045
15+       0.0000     0.0000     0.0000     0.0000     0.0000     0.0000     0.0001     0.0001     0.0020

2028

Age        1%         5%         10%        25%        50%        75%        90%        95%        99%    
1       68.6628    71.2178    79.6146   104.9753   168.6380   237.5985   279.7043   306.2473   325.2797
2       36.8031    41.2265    45.2397    60.0370    96.9453   137.4085   165.4308   179.8857   205.0537
3        9.0780    15.7653    19.7063    27.6830    46.7229    69.7454    88.0395    97.7856   114.4467
4        1.1900     3.4665     5.4651     9.6104    18.3893    31.1483    42.0293    48.1829    60.4553
5        0.1374     0.7133     1.3608     3.0564     6.4572    12.1877    18.0097    21.3066    28.7830
6        0.0264     0.1806     0.3820     0.9153     1.9554     3.8097     6.0831     7.4485    10.4055
7        0.0073     0.0534     0.1150     0.2888     0.6015     1.1173     1.7528     2.1894     3.1393
8        0.0041     0.0309     0.0678     0.1639     0.3104     0.5002     0.7166     0.8679     1.2064
9        0.0010     0.0067     0.0146     0.0340     0.0620     0.0962     0.1297     0.1519     0.2027
10        0.0004     0.0027     0.0057     0.0130     0.0231     0.0348     0.0467     0.0551     0.0733
11        0.0001     0.0005     0.0010     0.0021     0.0037     0.0056     0.0077     0.0091     0.0131
12        0.0000     0.0001     0.0003     0.0006     0.0011     0.0017     0.0025     0.0031     0.0049
13        0.0000     0.0001     0.0001     0.0003     0.0004     0.0007     0.0011     0.0015     0.0030
14        0.0000     0.0000     0.0000     0.0000     0.0001     0.0001     0.0002     0.0003     0.0010
15+       0.0000     0.0000     0.0000     0.0000     0.0001     0.0001     0.0002     0.0004     0.0026

2029

Age        1%         5%         10%        25%        50%        75%        90%        95%        99%    
1       68.6040    70.1130    78.7307   103.7231   168.3375   236.6615   278.8248   305.9749   325.4292
2       36.9855    41.7987    45.8146    60.3815    98.0847   139.8543   167.3756   181.3707   205.1487
3        8.8830    16.6943    20.4069    28.5525    47.6898    70.7261    90.1329    99.2583   118.5502
4        0.7907     3.6489     5.8411    10.5888    19.5529    32.1956    43.8985    50.2923    62.3708
5        0.0647     0.6213     1.3458     3.2410     7.2244    13.7329    20.0901    23.9567    31.9225
6        0.0067     0.1173     0.3227     0.9924     2.4621     5.2125     8.3701    10.2223    14.9800
7        0.0012     0.0296     0.0904     0.2991     0.7596     1.6404     2.7754     3.5751     5.3610
8        0.0004     0.0091     0.0277     0.0961     0.2369     0.4815     0.8150     1.0556     1.6143
9        0.0002     0.0050     0.0162     0.0550     0.1252     0.2264     0.3458     0.4286     0.6345
10        0.0001     0.0012     0.0036     0.0115     0.0255     0.0441     0.0636     0.0772     0.1085
11        0.0000     0.0005     0.0014     0.0046     0.0097     0.0162     0.0232     0.0283     0.0390
12        0.0000     0.0001     0.0002     0.0008     0.0016     0.0027     0.0038     0.0047     0.0069
13        0.0000     0.0000     0.0001     0.0002     0.0005     0.0008     0.0012     0.0015     0.0025
14        0.0000     0.0000     0.0000     0.0001     0.0002     0.0003     0.0005     0.0007     0.0014
15+       0.0000     0.0000     0.0000     0.0000     0.0001     0.0001     0.0002     0.0003     0.0016

2030

Age        1%         5%         10%        25%        50%        75%        90%        95%        99%    
1       68.6906    70.4562    78.6544   103.8413   168.3102   235.5340   277.5188   306.3393   325.5962
2       36.8800    41.3147    45.1523    60.1234    97.8564   139.5077   166.8526   181.2291   205.1757
3        8.8918    17.4293    21.0821    28.9663    48.9041    72.4855    91.6704   100.8388   119.4797
4        0.8328     3.9508     6.5828    11.1856    20.2646    33.2891    45.6487    51.9648    65.4145
5        0.0469     0.7002     1.4934     3.7532     7.9627    14.5443    21.4997    25.2287    33.7953
6        0.0022     0.1074     0.3309     1.0970     2.8771     5.9760     9.5730    11.7993    16.6546
7        0.0004     0.0203     0.0784     0.3356     0.9656     2.2814     3.9776     5.0344     7.8646
8        0.0001     0.0054     0.0220     0.1026     0.3074     0.7301     1.3156     1.7426     2.7401
9        0.0000     0.0016     0.0070     0.0337     0.0978     0.2204     0.3954     0.5222     0.8419
10        0.0000     0.0010     0.0042     0.0195     0.0531     0.1063     0.1711     0.2195     0.3375
11        0.0000     0.0002     0.0010     0.0042     0.0110     0.0209     0.0323     0.0405     0.0592
12        0.0000     0.0001     0.0004     0.0017     0.0042     0.0078     0.0119     0.0147     0.0215
13        0.0000     0.0000     0.0001     0.0003     0.0007     0.0013     0.0020     0.0025     0.0037
14        0.0000     0.0000     0.0000     0.0001     0.0002     0.0004     0.0006     0.0008     0.0014
15+       0.0000     0.0000     0.0000     0.0000     0.0001     0.0002     0.0004     0.0006     0.0013

2031

Age        1%         5%         10%        25%        50%        75%        90%        95%        99%    
1       68.6626    70.5278    78.7636   104.3072   168.4165   235.6491   278.5760   307.4954   343.2501
2       37.3295    41.6975    45.5001    60.4488    98.1506   138.8831   167.1161   181.6579   208.1410
3        8.5599    17.3484    21.1845    29.2124    49.3556    72.4696    91.5414   101.0279   120.8886
4        0.7933     4.2393     6.8625    11.6854    21.0467    34.4773    46.8264    53.4255    66.8733
5        0.0407     0.7445     1.7984     4.0445     8.3350    15.3447    22.4426    26.5309    35.4079
6        0.0025     0.1210     0.3792     1.3072     3.2257     6.5382    10.3340    12.5908    17.8015
7        0.0002     0.0183     0.0825     0.3847     1.1686     2.6955     4.5980     5.9383     8.7437
8        0.0000     0.0037     0.0205     0.1176     0.4086     1.0279     1.8975     2.5177     4.1704
9        0.0000     0.0011     0.0059     0.0371     0.1307     0.3315     0.6444     0.8761     1.4534
10        0.0000     0.0003     0.0019     0.0125     0.0425     0.1029     0.1929     0.2652     0.4488
11        0.0000     0.0002     0.0011     0.0072     0.0233     0.0508     0.0873     0.1142     0.1846
12        0.0000     0.0001     0.0003     0.0016     0.0048     0.0101     0.0166     0.0214     0.0321
13        0.0000     0.0000     0.0001     0.0006     0.0019     0.0038     0.0062     0.0078     0.0119
14        0.0000     0.0000     0.0000     0.0001     0.0003     0.0006     0.0010     0.0013     0.0020
15+       0.0000     0.0000     0.0000     0.0001     0.0002     0.0003     0.0005     0.0007     0.0013

2032

Age        1%         5%         10%        25%        50%        75%        90%        95%        99%    
1       68.6533    71.2095    78.9598   105.6973   168.3924   234.7480   278.7361   305.8550   325.0396
2       36.7540    41.7760    45.5546    60.4945    98.3491   139.3264   167.6813   182.1852   209.6801
3        9.0593    18.4736    21.8074    29.5272    49.0856    72.6980    92.2801   101.3256   122.6336
4        0.8347     4.4340     7.1386    12.1418    21.6996    34.8379    46.8603    53.3117    67.7150
5        0.0475     0.8991     1.9399     4.3813     8.8482    16.0236    23.2609    27.3860    36.3805
6        0.0019     0.1484     0.4710     1.4446     3.4428     7.0122    10.8829    13.3523    18.8123
7        0.0003     0.0225     0.0984     0.4621     1.3394     2.9500     5.0101     6.3797     9.5876
8        0.0000     0.0038     0.0221     0.1385     0.4943     1.2356     2.2317     2.9715     4.6202
9        0.0000     0.0009     0.0055     0.0427     0.1757     0.4749     0.9397     1.3003     2.2720
10        0.0000     0.0002     0.0016     0.0138     0.0571     0.1555     0.3219     0.4573     0.7812
11        0.0000     0.0001     0.0006     0.0048     0.0187     0.0490     0.0968     0.1363     0.2456
12        0.0000     0.0001     0.0004     0.0027     0.0104     0.0247     0.0451     0.0604     0.0997
13        0.0000     0.0000     0.0001     0.0006     0.0022     0.0050     0.0086     0.0114     0.0179
14        0.0000     0.0000     0.0000     0.0002     0.0009     0.0019     0.0032     0.0042     0.0065
15+       0.0000     0.0000     0.0000     0.0001     0.0002     0.0005     0.0008     0.0011     0.0018

2033

Age        1%         5%         10%        25%        50%        75%        90%        95%        99%    
1       68.5949    70.4937    79.0384   104.9236   168.6553   236.5519   280.0055   307.9953   368.0014
2       37.7899    42.2038    45.9771    61.5594    99.0045   139.2524   167.9047   183.1131   206.4686
3        9.9425    18.9384    22.4824    30.2303    51.2371    74.3765    93.7062   103.4742   126.4001
4        1.1211     5.5272     8.1375    12.6622    22.3744    35.8468    48.5514    54.9109    68.0012
5        0.0623     1.0480     2.2718     4.8292     9.4720    16.6469    23.9341    28.0558    37.5373
6        0.0038     0.2079     0.5760     1.6716     3.8397     7.5565    11.6339    14.3298    19.9061
7        0.0004     0.0325     0.1345     0.5498     1.5012     3.3175     5.4812     6.9297    10.4077
8        0.0000     0.0055     0.0293     0.1782     0.5886     1.4184     2.5202     3.3190     5.2213
9        0.0000     0.0010     0.0067     0.0547     0.2190     0.5931     1.1500     1.5548     2.5616
10        0.0000     0.0002     0.0018     0.0174     0.0793     0.2318     0.4799     0.6871     1.2500
11        0.0000     0.0001     0.0006     0.0057     0.0260     0.0771     0.1683     0.2436     0.4324
12        0.0000     0.0000     0.0002     0.0020     0.0087     0.0245     0.0503     0.0726     0.1343
13        0.0000     0.0000     0.0001     0.0011     0.0049     0.0124     0.0238     0.0324     0.0548
14        0.0000     0.0000     0.0000     0.0003     0.0010     0.0025     0.0046     0.0062     0.0100
15+       0.0000     0.0000     0.0000     0.0001     0.0005     0.0012     0.0022     0.0029     0.0046

2034

Age        1%         5%         10%        25%        50%        75%        90%        95%        99%    
1       68.6373    71.2258    79.8533   104.5251   168.3806   235.7817   277.6529   305.9518   325.4586
2       37.4680    42.0587    45.9006    61.4109    99.5016   140.5390   168.2868   184.4378   218.9630
3       11.9023    19.5857    22.9557    31.4443    51.6706    74.5011    94.5394   103.7430   122.0105
4        1.4092     5.9662     8.5325    13.3304    23.5820    37.0134    49.4610    56.1717    72.0518
5        0.1018     1.4425     2.6688     5.1891     9.8844    17.5145    24.9663    29.2344    37.7407
6        0.0070     0.2637     0.7045     1.9039     4.2022     7.9704    12.1249    14.6462    20.4830
7        0.0010     0.0506     0.1804     0.6620     1.7071     3.6085     5.8978     7.4495    11.0198
8        0.0001     0.0088     0.0428     0.2169     0.6734     1.6074     2.7877     3.6294     5.7862
9        0.0000     0.0015     0.0099     0.0714     0.2678     0.6888     1.2932     1.7681     2.8655
10        0.0000     0.0003     0.0022     0.0225     0.1014     0.2918     0.5925     0.8170     1.4282
11        0.0000     0.0001     0.0007     0.0072     0.0372     0.1145     0.2507     0.3639     0.6979
12        0.0000     0.0000     0.0002     0.0024     0.0124     0.0388     0.0875     0.1310     0.2392
13        0.0000     0.0000     0.0001     0.0009     0.0042     0.0125     0.0265     0.0393     0.0759
14        0.0000     0.0000     0.0000     0.0005     0.0023     0.0064     0.0127     0.0178     0.0305
15+       0.0000     0.0000     0.0000     0.0002     0.0008     0.0019     0.0036     0.0050     0.0082

Probability Spawning Stock Biomass Exceeds Threshold      3.660 (1000 MT)

Year    Probability

2021    0.018200
2022    0.016000
2023    0.123200
2024    0.048900
2025    0.102500
2026    0.230700
2027    0.309200
2028    0.371600
2029    0.424500
2030    0.463100
2031    0.494900
2032    0.524200
2033    0.554800
2034    0.593800

Probability Threshold Exceeded at Least Once =     0.8139

Probability Total Fishing Mortality Exceeds Threshold     0.8413 

Year    Probability

2021    1.000000
2022    1.000000
2023    1.000000
2024    1.000000
2025    0.545400
2026    0.473100
2027    0.423400
2028    0.339000
2029    0.300900
2030    0.272400
2031    0.252100
2032    0.193200
2033    0.168600
2034    0.152700

Probability Threshold Exceeded at Least Once =     1.0000


Requested Percentile Report

Percentile =    40.00 %

                                 2021       2022       2023       2024       2025       2026       2027       2028       2029       2030       2031       2032       2033       2034 

Recruits                     146.6482   139.0112   144.7289   142.7781   146.9318   142.5205   145.3169   142.7315   143.0447   142.8633   145.6111   145.8924   145.4159   145.6735 
Spawning Stock Biomass         2.1370     2.4818     2.7270     2.3668     2.2637     2.3726     2.5006     2.6815     2.8430     3.0302     3.1336     3.2817     3.4527     3.6241 
Jan-1 Stock Biomass            8.8221     8.9098     8.3624     7.7827     7.4742     7.6779     7.8471     8.0180     8.2786     8.4801     8.6386     8.7573     9.0001     9.1707 
Mean Biomass                   7.9173     7.6492     7.0276     6.5925     6.5817     6.7832     6.9365     7.1488     7.3905     7.5222     7.6717     7.8704     8.0993     8.2470 
Combined Catch Biomass         2.8278     3.2494     3.1659     2.8547     2.4000     2.4000     2.4000     2.2500     2.2500     2.2500     2.2500     2.1000     2.1000     2.1000 
Landings                       2.8278     3.2494     3.1659     2.8547     2.4000     2.4000     2.4000     2.2500     2.2500     2.2500     2.2500     2.1000     2.1000     2.1000 
FMort                          1.0794     1.0794     1.0794     1.0794     0.8081     0.7451     0.6947     0.6092     0.5780     0.5487     0.5343     0.4844     0.4632     0.4505 

Stock Numbers at Age
Age 1                        244.9740   146.6482   139.0112   144.7289   142.7781   146.9318   142.5205   145.3169   142.7315   143.0447   142.8633   145.6111   145.8924   145.4159 
Age 2                         93.8626   140.4105    83.8378    80.0664    83.0063    82.4682    84.2306    81.3793    83.8908    82.8871    82.5062    82.7970    84.4232    85.5101 
Age 3                         51.2273    42.4666    63.4123    37.6136    35.7661    38.3630    38.1114    38.2816    38.4745    40.4285    40.3743    40.3628    41.6437    42.6781 
Age 4                          9.1703    17.7211    14.5797    21.7035    12.8745    13.0558    14.1331    14.4788    15.5537    15.9576    17.0030    17.3664    17.8523    18.7232 
Age 5                          2.4696     2.7624     5.3651     4.4206     6.5747     4.1221     4.3776     4.9137     5.4475     6.0611     6.4249     6.8155     7.3927     7.7432 
Age 6                          0.8492     0.7218     0.7981     1.5502     1.2779     2.1453     1.3646     1.5028     1.7938     2.0657     2.3668     2.5615     2.8714     3.1824 
Age 7                          0.1227     0.2462     0.2088     0.2303     0.4484     0.4193     0.7216     0.4671     0.5549     0.6779     0.7992     0.9272     1.0773     1.2252 
Age 8                          0.0902     0.0371     0.0729     0.0619     0.0684     0.1506     0.1428     0.2521     0.1755     0.2139     0.2683     0.3148     0.3937     0.4648 
Age 9                          0.0063     0.0280     0.0114     0.0224     0.0189     0.0233     0.0524     0.0508     0.0957     0.0685     0.0858     0.1102     0.1342     0.1706 
Age 10                          0.0032     0.0020     0.0088     0.0036     0.0071     0.0067     0.0083     0.0191     0.0198     0.0385     0.0282     0.0357     0.0482     0.0602 
Age 11                          0.0009     0.0011     0.0007     0.0029     0.0012     0.0025     0.0024     0.0031     0.0075     0.0080     0.0157     0.0119     0.0160     0.0216 
Age 12                          0.0001     0.0003     0.0003     0.0002     0.0009     0.0004     0.0009     0.0009     0.0012     0.0031     0.0034     0.0067     0.0053     0.0072 
Age 13                          0.0000     0.0000     0.0001     0.0001     0.0001     0.0003     0.0002     0.0004     0.0004     0.0005     0.0013     0.0015     0.0031     0.0024 
Age 14                          0.0000     0.0000     0.0000     0.0000     0.0000     0.0000     0.0001     0.0001     0.0002     0.0002     0.0002     0.0006     0.0007     0.0014 
Age 15                          0.0000     0.0000     0.0000     0.0000     0.0000     0.0000     0.0000     0.0001     0.0001     0.0001     0.0001     0.0002     0.0003     0.0005 
