AGEPRO VERSION 4.2

Constant_Q2180_CR_age1_lowS

Date & Time of Run: 08 May 2024  12:28

Input File Name:    Constant_Q2180_CR_age1_lowS.inp

First Age Class:                         1
Number of Age Classes:                  15
Number of Years in Projection:          14
Number of Fleets:                        9
Number of Recruitment Models:            3
Number of Bootstraps:                  100
Number of Simulations:                 100

Bootstrap File Name:            C:\Users\jon.brodziak\Desktop\2024 WCNPO MLS Rebuilding\Bootstrap-numbers-at-age\2023_WCNPOMLS.bsn

Number of Feasible Solutions:       9981  of      10000 Realizations

Input Harvest Scenario

Year  Type        Fleet-1    Fleet-2    Fleet-3    Fleet-4    Fleet-5    Fleet-6    Fleet-7    Fleet-8    Fleet-9    

2021  F-Mult       0.1651     0.0453     0.2588     0.0166     0.0610     0.0487     0.0642     0.0722     0.3475 
2022  F-Mult       0.1651     0.0453     0.2588     0.0166     0.0610     0.0487     0.0642     0.0722     0.3475 
2023  F-Mult       0.1651     0.0453     0.2588     0.0166     0.0610     0.0487     0.0642     0.0722     0.3475 
2024  F-Mult       0.1651     0.0453     0.2588     0.0166     0.0610     0.0487     0.0642     0.0722     0.3475 
2025  Landings        313        124        648         58        189         85        163        294        306 
2026  Landings        313        124        648         58        189         85        163        294        306 
2027  Landings        313        124        648         58        189         85        163        294        306 
2028  Landings        313        124        648         58        189         85        163        294        306 
2029  Landings        313        124        648         58        189         85        163        294        306 
2030  Landings        313        124        648         58        189         85        163        294        306 
2031  Landings        313        124        648         58        189         85        163        294        306 
2032  Landings        313        124        648         58        189         85        163        294        306 
2033  Landings        313        124        648         58        189         85        163        294        306 
2034  Landings        313        124        648         58        189         85        163        294        306 

Recruitment Selection Distribution

Year  Selection-1 Selection-2 Selection-3 

2021      0.1194     0.8391     0.0415 
2022      0.1243     0.8375     0.0382 
2023      0.1208     0.8393     0.0399 
2024      0.1205     0.8394     0.0401 
2025      0.1184     0.8383     0.0433 
2026      0.1189     0.8429     0.0382 
2027      0.1225     0.8365     0.0410 
2028      0.1189     0.8464     0.0347 
2029      0.1167     0.8451     0.0382 
2030      0.1210     0.8399     0.0391 
2031      0.1183     0.8374     0.0443 
2032      0.1188     0.8421     0.0391 
2033      0.1187     0.8401     0.0412 
2034      0.1200     0.8406     0.0394 

Recruits        1000  Fish

Year Class   Average        StdDev
2021        172.4924       79.8717
2022        174.2876       80.3852
2023        173.4427       82.6257
2024        174.8963       80.8477
2025        175.1396       82.0195
2026        173.9251       84.5620
2027        174.2844       82.2923
2028        173.0922       81.3142
2029        174.5549       83.8398
2030        173.5570       82.3938
2031        174.8407       82.1720
2032        172.1087       82.1417
2033        173.6239       82.2426
2034        173.7851       85.1342

Recruits Distribution

Year Class 1%         5%         10%        25%        50%        75%        90%        95%        99%    
2021    68.5735    69.9053    77.9760   103.6412   168.4037   235.8898   279.0492   305.7647   324.4477
2022    68.7211    71.6767    79.7291   106.5320   168.6651   236.8165   278.2194   304.3883   324.2471
2023    68.6296    70.2253    79.0669   103.8299   168.5061   236.0052   279.9060   307.8442   325.3330
2024    68.6483    71.2243    79.5426   106.0271   169.0538   237.3004   281.3121   306.3144   325.4190
2025    68.6326    70.6801    79.1747   105.8233   168.7565   238.4854   280.7674   306.6966   325.6220
2026    68.5793    70.0046    78.5270   103.2045   168.4765   237.9994   282.7092   308.6845   325.7204
2027    68.5892    70.3059    79.2105   105.0288   168.6020   236.9887   280.7471   307.1923   333.5607
2028    68.5895    70.3661    78.5301   104.8141   168.3066   236.6229   278.1974   306.4434   325.1541
2029    68.7308    70.7854    79.0975   103.8953   168.6282   237.7823   280.5814   307.1068   327.7396
2030    68.5991    70.5696    79.1093   103.9116   168.4402   236.0733   279.0272   306.4853   336.7323
2031    68.6217    71.1251    79.4877   104.5749   168.7402   238.0424   280.4795   306.7195   329.8229
2032    68.5941    69.9220    78.2219   102.9952   168.0983   236.2293   277.5653   305.5395   325.3791
2033    68.6793    70.8147    78.8757   103.9285   168.5191   237.0741   281.3864   307.2320   334.7340
2034    68.6281    70.1082    78.4358   104.4579   168.4581   236.6135   280.5617   306.6660   349.3388

Spawning Stock Biomass  x       1000 MT

Year       Average        StdDev
2021        2.2974        0.4564
2022        2.6215        0.4292
2023        2.9731        0.6138
2024        2.6220        0.6388
2025        2.6927        0.8822
2026        3.0730        1.3307
2027        3.4275        1.6329
2028        3.7108        1.8378
2029        3.9182        1.9643
2030        4.0792        2.0481
2031        4.1955        2.0945
2032        4.2909        2.1543
2033        4.3630        2.1673
2034        4.4089        2.1637

Spawning Stock Biomass Distribution

Year        1%         5%         10%        25%        50%        75%        90%        95%        99%   
2021     1.4679     1.7319     1.8369     2.0018     2.2307     2.5123     2.8136     3.0356     4.1755 
2022     1.7628     1.9729     2.1008     2.3205     2.5907     2.8696     3.2140     3.4105     3.7695 
2023     1.8580     2.0914     2.2367     2.5289     2.9053     3.3568     3.8130     4.0829     4.6283 
2024     1.4729     1.7040     1.8426     2.1516     2.5591     3.0407     3.4570     3.7057     4.2389 
2025     1.0898     1.4302     1.6445     2.0590     2.6113     3.2451     3.8071     4.1697     4.9171 
2026     0.7318     1.2004     1.4994     2.1183     2.9588     3.8601     4.7584     5.3075     6.4405 
2027     0.5488     1.1319     1.4880     2.2729     3.2765     4.3812     5.4516     6.1898     7.8770 
2028     0.5032     1.1239     1.5532     2.4247     3.5159     4.7717     5.9791     6.8404     8.8209 
2029     0.5122     1.1473     1.6073     2.5287     3.7107     5.0912     6.3567     7.2582     9.3733 
2030     0.4896     1.1769     1.6777     2.6335     3.8815     5.2697     6.6811     7.5465     9.8336 
2031     0.4568     1.1985     1.7247     2.7040     3.9729     5.4223     6.8612     7.8248    10.1466 
2032     0.4625     1.2215     1.7420     2.7473     4.0777     5.5511     7.0133     7.9665    10.3785 
2033     0.4766     1.2484     1.7721     2.8295     4.1559     5.6358     7.1278     8.1254    10.3082 
2034     0.5300     1.2845     1.8560     2.8748     4.2210     5.6737     7.1960     8.1580    10.2591 

JAN-1 Stock Biomass  x       1000 MT

Year       Average        StdDev
2021        9.2899        1.5888
2022        9.5147        1.7887
2023        9.0541        1.9152
2024        8.4927        1.9566
2025        8.2111        1.9773
2026        8.7039        2.3859
2027        9.1093        2.6645
2028        9.4407        2.8446
2029        9.6823        2.9701
2030        9.8827        3.0742
2031       10.0272        3.1414
2032       10.1481        3.1729
2033       10.2106        3.1644
2034       10.2615        3.1527

JAN-1 Stock Biomass Distribution

Year       1%         5%         10%        25%        50%        75%        90%        95%        99%    
2021     6.3394     6.9736     7.3724     8.1423     9.1658    10.1304    11.5005    12.2645    13.7101 
2022     6.0987     6.8462     7.3016     8.2153     9.3822    10.6566    11.8771    12.6469    14.1846 
2023     5.4068     6.1873     6.6929     7.6768     8.9456    10.2619    11.5060    12.2245    13.8166 
2024     4.8016     5.6171     6.1186     7.1140     8.3599     9.6854    10.9568    11.8085    13.4509 
2025     4.4304     5.2758     5.8071     6.8322     8.0825     9.4003    10.6954    11.4933    13.3827 
2026     4.0940     5.1768     5.8175     7.0725     8.5631    10.1350    11.6792    12.6923    15.0996 
2027     3.9654     5.1289     5.9532     7.2588     8.9106    10.7121    12.3841    13.4904    16.3868 
2028     3.9733     5.2181     6.0043     7.4495     9.2221    11.1580    12.9553    14.1546    17.2865 
2029     3.9249     5.3273     6.1099     7.6318     9.4547    11.4129    13.4643    14.6962    17.7260 
2030     3.9079     5.3794     6.2073     7.7329     9.6873    11.7095    13.7509    15.1853    18.2559 
2031     3.8883     5.3703     6.2555     7.8590     9.8026    11.8966    13.9648    15.3864    18.8340 
2032     3.9348     5.4450     6.3044     7.9698     9.9294    12.0454    14.1535    15.5700    18.7123 
2033     3.9875     5.5164     6.4138     8.0026    10.0123    12.0945    14.2766    15.6832    18.9163 
2034     3.8629     5.5752     6.4751     8.1028    10.0494    12.1464    14.2176    15.6065    18.9443 

Mean Biomass  x       1000 MT

Year       Average        StdDev
2021        8.4350        1.5323
2022        8.2632        1.7152
2023        7.7070        1.7896
2024        7.2686        1.8279
2025        7.4369        2.1157
2026        7.8990        2.4723
2027        8.2656        2.6988
2028        8.5599        2.8502
2029        8.7725        2.9395
2030        8.9526        3.0530
2031        9.0777        3.0964
2032        9.1886        3.1144
2033        9.2361        3.1171
2034        9.2774        3.0875

Mean Biomass Distribution

Year       1%         5%         10%        25%        50%        75%        90%        95%        99%    
2021     5.6931     6.2222     6.5939     7.3068     8.3119     9.3010    10.5591    11.2748    12.6706 
2022     5.0867     5.7062     6.1498     7.0144     8.1529     9.3604    10.4848    11.1981    12.6565 
2023     4.3826     5.0553     5.5154     6.3944     7.6006     8.8367     9.9740    10.7056    12.1483 
2024     3.9161     4.6385     5.0709     5.9718     7.1346     8.3732     9.5669    10.3053    11.8219 
2025     3.5033     4.3198     4.8992     5.9598     7.3013     8.6975    10.0807    10.9286    12.9069 
2026     3.1254     4.2320     4.9210     6.2090     7.7239     9.3781    10.9070    11.9948    14.6462 
2027     2.9998     4.2886     5.0552     6.4121     8.0504     9.8679    11.6432    12.7105    15.7747 
2028     3.0629     4.3325     5.0990     6.5844     8.3685    10.3118    12.1069    13.2872    16.5754 
2029     2.9889     4.4340     5.2454     6.7478     8.5504    10.5330    12.5418    13.7697    16.7940 
2030     2.9669     4.4399     5.3014     6.8134     8.7601    10.7641    12.7482    14.0358    17.4767 
2031     2.9803     4.4678     5.3432     6.9562     8.8610    10.9371    12.9421    14.3466    17.6977 
2032     3.0907     4.5439     5.4165     7.0417     8.9726    11.0550    13.1020    14.4478    17.5325 
2033     3.1290     4.5669     5.5077     7.0831     9.0335    11.1147    13.1752    14.5593    17.8021 
2034     2.9555     4.6929     5.5681     7.1674     9.0565    11.1361    13.2106    14.6003    17.8391 

Combined Catch Biomass  x       1000 MT

Year       Average        StdDev
2021        2.8917        0.4700
2022        3.3906        0.5700
2023        3.3570        0.6648
2024        3.0706        0.6927
2025        2.1800        0.0000
2026        2.1800        0.0000
2027        2.1800        0.0000
2028        2.1793        0.0378
2029        2.1789        0.0487
2030        2.1785        0.0577
2031        2.1772        0.0786
2032        2.1767        0.0844
2033        2.1763        0.0898
2034        2.1759        0.0949

Combined Catch Distribution

Year       1%         5%         10%        25%        50%        75%        90%        95%        99%    
2021     1.9042     2.2894     2.3920     2.5800     2.8287     3.1526     3.4529     3.6890     4.6265 
2022     2.3367     2.5519     2.6952     2.9627     3.3590     3.7157     4.1963     4.4747     4.8809 
2023     2.1081     2.3588     2.5266     2.8738     3.3091     3.7846     4.2289     4.4950     5.0717 
2024     1.7734     2.0431     2.2209     2.5688     3.0248     3.5111     3.9526     4.2265     4.8015 
2025     2.1800     2.1800     2.1800     2.1800     2.1800     2.1800     2.1800     2.1800     2.1800 
2026     2.1800     2.1800     2.1800     2.1800     2.1800     2.1800     2.1800     2.1800     2.1800 
2027     2.1800     2.1800     2.1800     2.1800     2.1800     2.1800     2.1800     2.1800     2.1800 
2028     2.1800     2.1800     2.1800     2.1800     2.1800     2.1800     2.1800     2.1800     2.1800 
2029     2.1800     2.1800     2.1800     2.1800     2.1800     2.1800     2.1800     2.1800     2.1800 
2030     2.1800     2.1800     2.1800     2.1800     2.1800     2.1800     2.1800     2.1800     2.1800 
2031     2.1800     2.1800     2.1800     2.1800     2.1800     2.1800     2.1800     2.1800     2.1800 
2032     2.1800     2.1800     2.1800     2.1800     2.1800     2.1800     2.1800     2.1800     2.1800 
2033     2.1800     2.1800     2.1800     2.1800     2.1800     2.1800     2.1800     2.1800     2.1800 
2034     2.1800     2.1800     2.1800     2.1800     2.1800     2.1800     2.1800     2.1800     2.1800 

Landings  x       1000 MT

Year       Average        StdDev
2021        2.8917        0.4700
2022        3.3906        0.5700
2023        3.3570        0.6648
2024        3.0706        0.6927
2025        2.1800        0.0000
2026        2.1800        0.0000
2027        2.1800        0.0000
2028        2.1793        0.0378
2029        2.1789        0.0487
2030        2.1785        0.0577
2031        2.1772        0.0786
2032        2.1767        0.0844
2033        2.1763        0.0898
2034        2.1759        0.0949

Landings Distribution

Year       1%         5%         10%        25%        50%        75%        90%        95%        99%    
2021     1.9042     2.2894     2.3920     2.5800     2.8287     3.1526     3.4529     3.6890     4.6265 
2022     2.3367     2.5519     2.6952     2.9627     3.3590     3.7157     4.1963     4.4747     4.8809 
2023     2.1081     2.3588     2.5266     2.8738     3.3091     3.7846     4.2289     4.4950     5.0717 
2024     1.7734     2.0431     2.2209     2.5688     3.0248     3.5111     3.9526     4.2265     4.8015 
2025     2.1800     2.1800     2.1800     2.1800     2.1800     2.1800     2.1800     2.1800     2.1800 
2026     2.1800     2.1800     2.1800     2.1800     2.1800     2.1800     2.1800     2.1800     2.1800 
2027     2.1800     2.1800     2.1800     2.1800     2.1800     2.1800     2.1800     2.1800     2.1800 
2028     2.1800     2.1800     2.1800     2.1800     2.1800     2.1800     2.1800     2.1800     2.1800 
2029     2.1800     2.1800     2.1800     2.1800     2.1800     2.1800     2.1800     2.1800     2.1800 
2030     2.1800     2.1800     2.1800     2.1800     2.1800     2.1800     2.1800     2.1800     2.1800 
2031     2.1800     2.1800     2.1800     2.1800     2.1800     2.1800     2.1800     2.1800     2.1800 
2032     2.1800     2.1800     2.1800     2.1800     2.1800     2.1800     2.1800     2.1800     2.1800 
2033     2.1800     2.1800     2.1800     2.1800     2.1800     2.1800     2.1800     2.1800     2.1800 
2034     2.1800     2.1800     2.1800     2.1800     2.1800     2.1800     2.1800     2.1800     2.1800 

Total Fishing Mortality

Year       Average        StdDev
2021        1.0794        0.0000
2022        1.0794        0.0000
2023        1.0794        0.0000
2024        1.0794        0.0000
2025        0.8190        0.2517
2026        0.7901        0.3725
2027        0.7636        0.4873
2028        0.7316        0.5135
2029        0.7081        0.5355
2030        0.6938        0.5806
2031        0.6760        0.5579
2032        0.6635        0.5293
2033        0.6495        0.5099
2034        0.6399        0.4742

Total Fishing Mortality Distribution

Year       1%         5%         10%        25%        50%        75%        90%        95%        99%    
2021     1.0794     1.0794     1.0794     1.0794     1.0794     1.0794     1.0794     1.0794     1.0794 
2022     1.0794     1.0794     1.0794     1.0794     1.0794     1.0794     1.0794     1.0794     1.0794 
2023     1.0794     1.0794     1.0794     1.0794     1.0794     1.0794     1.0794     1.0794     1.0794 
2024     1.0794     1.0794     1.0794     1.0794     1.0794     1.0794     1.0794     1.0794     1.0794 
2025     0.4386     0.5082     0.5545     0.6401     0.7692     0.9431     1.1551     1.3071     1.6343 
2026     0.3421     0.4177     0.4634     0.5540     0.6938     0.9140     1.2237     1.4736     2.2049 
2027     0.2913     0.3650     0.4095     0.4980     0.6382     0.8677     1.2193     1.5431     2.6442 
2028     0.2615     0.3352     0.3765     0.4597     0.6028     0.8260     1.1901     1.5298     2.7751 
2029     0.2478     0.3168     0.3552     0.4366     0.5728     0.7955     1.1612     1.5194     2.7405 
2030     0.2380     0.3054     0.3400     0.4223     0.5534     0.7718     1.1176     1.4695     2.8442 
2031     0.2319     0.2941     0.3319     0.4121     0.5385     0.7561     1.0879     1.4364     2.8450 
2032     0.2276     0.2910     0.3260     0.4020     0.5287     0.7388     1.0826     1.4327     2.7384 
2033     0.2279     0.2858     0.3212     0.3978     0.5197     0.7226     1.0566     1.3893     2.6593 
2034     0.2287     0.2847     0.3208     0.3968     0.5157     0.7156     1.0307     1.3902     2.5141 

JAN-1 Stock Numbers at Age  -       1000  Fish

2021

Age        1%         5%         10%        25%        50%        75%        90%        95%        99%    
1      140.2370   175.0900   184.8320   216.7130   261.1480   317.3690   385.6290   409.5080   464.9250
2       58.9389    77.9477    80.8620    85.4451   100.4175   112.5240   125.3470   138.4980   148.4390
3       34.1986    41.3466    43.5177    47.9381    54.8765    60.4455    67.3245    74.4817    84.8335
4        4.4701     6.3288     7.3712     8.3369     9.5330    10.8358    12.5169    14.0136    20.6054
5        1.2938     1.6031     1.7337     2.2441     2.6907     3.2695     4.2092     4.8898     7.4995
6        0.2917     0.4842     0.6024     0.6936     0.9665     1.2287     1.8234     2.1765     5.0518
7        0.0278     0.0584     0.0739     0.1025     0.1591     0.2261     0.3164     0.3996     1.3049
8        0.0082     0.0292     0.0370     0.0584     0.1092     0.1670     0.2575     0.4456     2.1858
9        0.0003     0.0014     0.0021     0.0035     0.0085     0.0144     0.0223     0.0334     0.2402
10        0.0001     0.0005     0.0007     0.0015     0.0043     0.0069     0.0143     0.0242     0.2609
11        0.0000     0.0001     0.0002     0.0004     0.0014     0.0028     0.0051     0.0082     0.1988
12        0.0000     0.0000     0.0000     0.0000     0.0001     0.0003     0.0005     0.0008     0.0280
13        0.0000     0.0000     0.0000     0.0000     0.0000     0.0002     0.0003     0.0005     0.0316
14        0.0000     0.0000     0.0000     0.0000     0.0000     0.0000     0.0001     0.0001     0.0183
15+       0.0000     0.0000     0.0000     0.0000     0.0000     0.0000     0.0000     0.0000     0.0127

2022

Age        1%         5%         10%        25%        50%        75%        90%        95%        99%    
1       68.5735    69.9053    77.9760   103.6412   168.4037   235.8898   279.0492   305.7647   324.4477
2       86.2161   102.2783   108.9637   125.7896   153.0599   187.0492   226.6460   247.0659   279.7414
3       26.6360    34.3902    36.2020    39.1737    44.7681    51.0724    57.7836    62.7076    70.7870
4       11.9561    13.9690    14.9432    16.5580    18.5312    20.8664    23.6401    25.9766    31.0653
5        1.4259     1.9575     2.2015     2.5208     2.9079     3.3343     3.8966     4.2941     6.5399
6        0.3783     0.4627     0.5105     0.6468     0.7737     0.9531     1.2442     1.4442     2.4061
7        0.0969     0.1453     0.1723     0.2056     0.2746     0.3663     0.5315     0.6286     1.5927
8        0.0095     0.0178     0.0219     0.0305     0.0465     0.0674     0.0962     0.1256     0.4334
9        0.0028     0.0092     0.0114     0.0184     0.0337     0.0515     0.0812     0.1376     0.7954
10        0.0001     0.0004     0.0007     0.0011     0.0027     0.0046     0.0073     0.0110     0.0856
11        0.0000     0.0002     0.0002     0.0005     0.0014     0.0023     0.0049     0.0080     0.0939
12        0.0000     0.0000     0.0001     0.0001     0.0005     0.0009     0.0017     0.0028     0.0729
13        0.0000     0.0000     0.0000     0.0000     0.0000     0.0001     0.0002     0.0003     0.0107
14        0.0000     0.0000     0.0000     0.0000     0.0000     0.0001     0.0001     0.0002     0.0119
15+       0.0000     0.0000     0.0000     0.0000     0.0000     0.0000     0.0000     0.0001     0.0121

2023

Age        1%         5%         10%        25%        50%        75%        90%        95%        99%    
1       68.7211    71.6767    79.7291   106.5320   168.6651   236.8165   278.2194   304.3883   324.2471
2       38.3999    41.5864    45.2780    60.4022    97.7965   138.3614   164.0209   178.5522   198.4774
3       38.9432    45.6346    48.9773    56.6983    69.2501    84.5038   101.8609   111.8339   127.0010
4        9.1065    11.4976    12.2856    13.4725    15.3205    17.6236    20.0530    21.6442    24.4356
5        3.5841     4.1865     4.4969     4.9956     5.6200     6.3652     7.2200     7.9017     9.5125
6        0.4146     0.5600     0.6298     0.7262     0.8423     0.9695     1.1293     1.2609     1.8986
7        0.1082     0.1324     0.1476     0.1859     0.2238     0.2772     0.3618     0.4221     0.7201
8        0.0293     0.0430     0.0505     0.0610     0.0814     0.1098     0.1581     0.1863     0.4805
9        0.0029     0.0055     0.0067     0.0093     0.0142     0.0207     0.0293     0.0390     0.1412
10        0.0010     0.0029     0.0036     0.0058     0.0106     0.0163     0.0257     0.0432     0.2579
11        0.0000     0.0001     0.0002     0.0004     0.0009     0.0015     0.0024     0.0036     0.0284
12        0.0000     0.0001     0.0001     0.0002     0.0005     0.0007     0.0016     0.0026     0.0334
13        0.0000     0.0000     0.0000     0.0000     0.0002     0.0003     0.0006     0.0009     0.0259
14        0.0000     0.0000     0.0000     0.0000     0.0000     0.0000     0.0001     0.0001     0.0037
15+       0.0000     0.0000     0.0000     0.0000     0.0000     0.0000     0.0000     0.0001     0.0085

2024

Age        1%         5%         10%        25%        50%        75%        90%        95%        99%    
1       68.6296    70.2253    79.0669   103.8299   168.5061   236.0052   279.9060   307.8442   325.3330
2       39.0001    42.3624    46.5024    61.8759    98.7848   139.6327   164.3604   177.0490   197.4750
3       16.9350    18.7462    20.4219    27.1729    43.8574    62.0446    74.2776    80.6421    91.6842
4       13.2827    15.5265    16.6840    19.4262    23.7449    29.1228    35.1349    38.5401    44.3651
5        2.7367     3.4486     3.6747     4.0834     4.6515     5.3653     6.1249     6.6176     7.4711
6        1.0247     1.1949     1.2890     1.4395     1.6240     1.8519     2.1043     2.3035     2.7844
7        0.1200     0.1605     0.1802     0.2097     0.2432     0.2821     0.3280     0.3679     0.5467
8        0.0319     0.0388     0.0438     0.0547     0.0664     0.0827     0.1078     0.1260     0.2130
9        0.0090     0.0132     0.0153     0.0187     0.0250     0.0337     0.0485     0.0572     0.1508
10        0.0010     0.0017     0.0021     0.0029     0.0045     0.0066     0.0093     0.0124     0.0472
11        0.0003     0.0009     0.0012     0.0019     0.0034     0.0053     0.0084     0.0139     0.0844
12        0.0000     0.0000     0.0001     0.0001     0.0003     0.0005     0.0008     0.0012     0.0095
13        0.0000     0.0000     0.0000     0.0001     0.0002     0.0003     0.0005     0.0009     0.0114
14        0.0000     0.0000     0.0000     0.0000     0.0001     0.0001     0.0002     0.0003     0.0096
15+       0.0000     0.0000     0.0000     0.0000     0.0000     0.0000     0.0000     0.0001     0.0044

2025

Age        1%         5%         10%        25%        50%        75%        90%        95%        99%    
1       68.6483    71.2243    79.5426   106.0271   169.0538   237.3004   281.3121   306.3144   325.4190
2       38.4115    41.9544    45.9577    60.5358    98.3829   138.1017   164.6446   179.9124   200.1778
3       17.3680    19.0843    20.9031    27.8704    44.3685    62.6323    74.6081    80.4556    91.2230
4        5.7378     6.4207     7.0103     9.2956    15.0010    21.2040    25.6149    27.8483    32.1478
5        3.9599     4.6552     5.0486     5.9110     7.1938     8.8635    10.6269    11.7845    13.5403
6        0.7954     0.9780     1.0527     1.1767     1.3443     1.5561     1.7836     1.9304     2.1961
7        0.2957     0.3412     0.3691     0.4145     0.4703     0.5381     0.6163     0.6746     0.8133
8        0.0356     0.0472     0.0529     0.0619     0.0723     0.0841     0.0980     0.1104     0.1615
9        0.0097     0.0119     0.0134     0.0167     0.0204     0.0255     0.0333     0.0388     0.0676
10        0.0028     0.0041     0.0048     0.0059     0.0079     0.0107     0.0154     0.0181     0.0472
11        0.0004     0.0006     0.0007     0.0010     0.0014     0.0021     0.0030     0.0041     0.0155
12        0.0001     0.0003     0.0004     0.0006     0.0011     0.0018     0.0028     0.0046     0.0277
13        0.0000     0.0000     0.0000     0.0000     0.0001     0.0002     0.0003     0.0004     0.0032
14        0.0000     0.0000     0.0000     0.0000     0.0001     0.0001     0.0002     0.0003     0.0039
15+       0.0000     0.0000     0.0000     0.0000     0.0000     0.0000     0.0001     0.0001     0.0050

2026

Age        1%         5%         10%        25%        50%        75%        90%        95%        99%    
1       68.6326    70.6801    79.1747   105.8233   168.7565   238.4854   280.7674   306.6966   325.6220
2       38.5112    42.4645    46.6850    62.0907   100.3221   141.2102   168.8073   182.6619   204.8902
3       15.1749    18.5507    20.8492    28.2574    48.1479    70.7236    87.4961    96.2044   112.1109
4        4.7022     6.3007     7.4728    10.4298    17.8648    27.1570    34.3968    38.0624    45.9644
5        1.4129     1.9782     2.3507     3.2933     5.4665     8.2264    10.6724    11.9455    14.5923
6        0.9923     1.3568     1.5833     2.0159     2.6081     3.3569     4.1728     4.7221     5.8052
7        0.2100     0.2826     0.3237     0.4006     0.4904     0.5924     0.7041     0.7718     0.9104
8        0.0793     0.1040     0.1180     0.1435     0.1743     0.2088     0.2443     0.2709     0.3283
9        0.0113     0.0153     0.0176     0.0220     0.0272     0.0330     0.0397     0.0453     0.0622
10        0.0031     0.0041     0.0048     0.0061     0.0079     0.0101     0.0134     0.0161     0.0248
11        0.0010     0.0015     0.0017     0.0023     0.0031     0.0043     0.0062     0.0076     0.0183
12        0.0001     0.0002     0.0003     0.0004     0.0006     0.0009     0.0012     0.0017     0.0061
13        0.0000     0.0001     0.0002     0.0003     0.0005     0.0007     0.0012     0.0018     0.0110
14        0.0000     0.0000     0.0000     0.0000     0.0000     0.0001     0.0001     0.0002     0.0013
15+       0.0000     0.0000     0.0000     0.0000     0.0000     0.0001     0.0001     0.0002     0.0035

2027

Age        1%         5%         10%        25%        50%        75%        90%        95%        99%    
1       68.5793    70.0046    78.5270   103.2045   168.4765   237.9994   282.7092   308.6845   325.7204
2       38.5991    42.3638    46.4627    61.9695   100.2978   142.1182   169.1129   183.6434   207.6626
3       13.6518    18.4238    21.4852    29.6197    49.9776    73.0125    91.1756    99.8969   119.5418
4        2.9335     5.5317     7.1108    10.8595    20.2067    32.3767    43.0540    48.5346    59.4781
5        0.7519     1.6351     2.2929     3.7862     6.8903    11.3691    15.6463    18.0554    23.2982
6        0.2185     0.5042     0.7087     1.1631     2.0122     3.3359     4.6435     5.4232     7.0543
7        0.1432     0.3242     0.4492     0.6910     1.0090     1.4053     1.8300     2.1466     2.8236
8        0.0299     0.0670     0.0923     0.1385     0.1940     0.2549     0.3167     0.3584     0.4434
9        0.0121     0.0254     0.0347     0.0510     0.0705     0.0913     0.1120     0.1265     0.1597
10        0.0020     0.0040     0.0054     0.0080     0.0111     0.0147     0.0183     0.0210     0.0287
11        0.0006     0.0012     0.0016     0.0023     0.0033     0.0045     0.0060     0.0074     0.0114
12        0.0002     0.0004     0.0006     0.0009     0.0013     0.0019     0.0028     0.0036     0.0074
13        0.0000     0.0001     0.0001     0.0001     0.0002     0.0004     0.0006     0.0008     0.0025
14        0.0000     0.0000     0.0001     0.0001     0.0002     0.0003     0.0005     0.0008     0.0047
15+       0.0000     0.0000     0.0000     0.0000     0.0000     0.0001     0.0001     0.0002     0.0020

2028

Age        1%         5%         10%        25%        50%        75%        90%        95%        99%    
1       68.5892    70.3059    79.2105   105.0288   168.6020   236.9887   280.7471   307.1923   333.5607
2       38.5436    42.2164    46.1187    60.7198    99.3921   142.5244   169.6803   184.8672   208.4901
3       12.4705    18.5906    21.8494    30.0510    50.5983    74.8095    92.6329   102.0684   121.3449
4        2.0418     5.3147     7.2468    11.7954    21.7451    34.3686    46.0588    51.8574    66.3317
5        0.3291     1.3175     2.1157     4.0312     8.2542    14.4316    20.7035    24.1281    31.2322
6        0.0762     0.3775     0.6617     1.3642     2.7087     4.9080     7.2855     8.6994    11.9363
7        0.0220     0.1154     0.2051     0.4186     0.7994     1.4424     2.1414     2.5897     3.6160
8        0.0145     0.0709     0.1265     0.2436     0.4174     0.6352     0.8672     1.0463     1.4556
9        0.0030     0.0150     0.0264     0.0505     0.0820     0.1181     0.1549     0.1788     0.2343
10        0.0013     0.0060     0.0102     0.0188     0.0304     0.0427     0.0554     0.0642     0.0851
11        0.0002     0.0010     0.0017     0.0030     0.0048     0.0069     0.0091     0.0106     0.0150
12        0.0001     0.0003     0.0005     0.0009     0.0014     0.0021     0.0030     0.0037     0.0057
13        0.0000     0.0001     0.0002     0.0004     0.0006     0.0009     0.0013     0.0017     0.0035
14        0.0000     0.0000     0.0000     0.0001     0.0001     0.0002     0.0003     0.0004     0.0011
15+       0.0000     0.0000     0.0000     0.0000     0.0001     0.0002     0.0003     0.0005     0.0031

2029

Age        1%         5%         10%        25%        50%        75%        90%        95%        99%    
1       68.5895    70.3661    78.5301   104.8141   168.3066   236.6229   278.1974   306.4434   325.1541
2       38.4378    42.4390    46.5616    61.5790   100.0904   141.7993   169.5249   184.9043   210.2991
3       11.8136    18.8901    22.0635    29.8223    50.3968    74.8094    93.4371   102.8323   121.3552
4        1.8216     5.3173     7.6773    12.3703    22.4054    35.6810    47.4727    53.4184    69.4961
5        0.2120     1.2404     2.1923     4.4636     9.0598    15.8077    22.6331    26.7064    35.8457
6        0.0315     0.3045     0.6051     1.4823     3.3674     6.4156     9.9096    12.0644    16.4353
7        0.0068     0.0857     0.1906     0.5086     1.1064     2.1882     3.4725     4.3192     6.3355
8        0.0022     0.0264     0.0597     0.1548     0.3389     0.6505     1.0344     1.2999     1.9245
9        0.0013     0.0165     0.0368     0.0911     0.1824     0.2987     0.4316     0.5280     0.7716
10        0.0003     0.0037     0.0079     0.0193     0.0360     0.0564     0.0786     0.0935     0.1265
11        0.0001     0.0015     0.0031     0.0073     0.0136     0.0207     0.0285     0.0335     0.0459
12        0.0000     0.0003     0.0005     0.0012     0.0022     0.0034     0.0047     0.0056     0.0082
13        0.0000     0.0001     0.0002     0.0004     0.0007     0.0010     0.0015     0.0019     0.0031
14        0.0000     0.0000     0.0001     0.0001     0.0003     0.0004     0.0007     0.0009     0.0018
15+       0.0000     0.0000     0.0000     0.0000     0.0001     0.0002     0.0003     0.0004     0.0020

2030

Age        1%         5%         10%        25%        50%        75%        90%        95%        99%    
1       68.7308    70.7854    79.0975   103.8953   168.6282   237.7823   280.5814   307.1068   327.7396
2       38.0872    42.3266    46.1743    61.8118    99.6807   141.3657   169.0123   184.0900   206.6459
3       12.1764    18.8913    22.3299    30.7243    51.4376    74.9681    93.8827   103.4056   123.3524
4        1.8135     5.4459     7.8898    12.4835    22.6045    36.3241    48.4509    54.7185    68.4667
5        0.1967     1.2524     2.3246     4.7690     9.5150    16.7587    23.7993    27.6673    37.9821
6        0.0201     0.2842     0.6306     1.6540     3.8175     7.2345    11.0958    13.5726    19.3407
7        0.0032     0.0652     0.1755     0.5484     1.4157     2.9300     4.8287     6.0900     8.9363
8        0.0008     0.0195     0.0550     0.1929     0.4755     1.0095     1.6931     2.1909     3.4117
9        0.0003     0.0066     0.0177     0.0605     0.1485     0.3050     0.5147     0.6719     1.0334
10        0.0002     0.0041     0.0113     0.0357     0.0821     0.1449     0.2207     0.2773     0.4179
11        0.0000     0.0009     0.0025     0.0076     0.0163     0.0277     0.0410     0.0499     0.0710
12        0.0000     0.0004     0.0010     0.0030     0.0062     0.0103     0.0150     0.0180     0.0257
13        0.0000     0.0001     0.0002     0.0005     0.0010     0.0017     0.0025     0.0030     0.0045
14        0.0000     0.0000     0.0001     0.0002     0.0003     0.0005     0.0008     0.0010     0.0017
15+       0.0000     0.0000     0.0000     0.0001     0.0002     0.0003     0.0005     0.0007     0.0018

2031

Age        1%         5%         10%        25%        50%        75%        90%        95%        99%    
1       68.5991    70.5696    79.1093   103.9116   168.4402   236.0733   279.0272   306.4853   336.7323
2       38.5640    42.4257    46.4306    61.2617   100.4280   142.9652   169.7164   184.7363   209.0934
3       11.4101    19.1885    22.4803    30.6406    51.1926    75.1275    94.6903   103.7098   122.0248
4        1.6677     5.5901     8.1271    13.0955    23.3330    36.5154    49.0980    55.2294    69.8032
5        0.1865     1.2966     2.4107     4.9416     9.7207    17.2628    24.6189    28.6886    37.6040
6        0.0198     0.2868     0.6667     1.7849     4.0579     7.8298    11.8625    14.1468    20.5748
7        0.0021     0.0636     0.1816     0.6220     1.6242     3.3605     5.4742     6.9314    10.5339
8        0.0004     0.0154     0.0518     0.2125     0.6190     1.3792     2.4021     3.1334     4.8272
9        0.0001     0.0049     0.0171     0.0753     0.2103     0.4821     0.8548     1.1376     1.8749
10        0.0000     0.0017     0.0056     0.0240     0.0673     0.1480     0.2632     0.3544     0.5640
11        0.0000     0.0010     0.0036     0.0143     0.0374     0.0720     0.1158     0.1481     0.2325
12        0.0000     0.0002     0.0008     0.0031     0.0076     0.0140     0.0218     0.0270     0.0396
13        0.0000     0.0001     0.0003     0.0012     0.0029     0.0052     0.0080     0.0098     0.0144
14        0.0000     0.0000     0.0001     0.0002     0.0005     0.0009     0.0013     0.0016     0.0025
15+       0.0000     0.0000     0.0000     0.0001     0.0002     0.0004     0.0007     0.0009     0.0018

2032

Age        1%         5%         10%        25%        50%        75%        90%        95%        99%    
1       68.6217    71.1251    79.4877   104.5749   168.7402   238.0424   280.4795   306.7195   329.8229
2       38.1623    42.7146    46.6738    61.7530   100.1390   141.4331   169.9148   184.7549   213.3025
3       11.5860    19.1093    22.4580    30.5767    52.1020    76.6880    94.7928   104.1013   123.4070
4        1.3234     5.7934     8.2373    13.1027    23.2806    36.5874    49.3759    56.2192    69.5778
5        0.1327     1.3486     2.6050     5.2378    10.1835    17.4061    24.8535    28.9585    38.7795
6        0.0138     0.3052     0.7358     1.8735     4.1877     8.0597    12.3324    14.8041    20.3811
7        0.0017     0.0666     0.2016     0.6817     1.7728     3.7150     5.9041     7.3651    11.0026
8        0.0003     0.0152     0.0574     0.2417     0.7198     1.6011     2.7625     3.5877     5.7527
9        0.0000     0.0040     0.0166     0.0839     0.2772     0.6617     1.2228     1.6400     2.7225
10        0.0000     0.0013     0.0057     0.0308     0.0968     0.2345     0.4404     0.5990     1.0327
11        0.0000     0.0005     0.0019     0.0100     0.0312     0.0734     0.1364     0.1864     0.3103
12        0.0000     0.0003     0.0012     0.0059     0.0175     0.0361     0.0609     0.0797     0.1313
13        0.0000     0.0001     0.0003     0.0013     0.0036     0.0071     0.0115     0.0146     0.0222
14        0.0000     0.0000     0.0001     0.0005     0.0014     0.0027     0.0043     0.0054     0.0082
15+       0.0000     0.0000     0.0000     0.0001     0.0003     0.0007     0.0011     0.0014     0.0024

2033

Age        1%         5%         10%        25%        50%        75%        90%        95%        99%    
1       68.5941    69.9220    78.2219   102.9952   168.0983   236.2293   277.5653   305.5395   325.3791
2       38.4137    42.8174    47.0432    61.7106   100.6203   143.4039   170.3349   184.9345   209.4046
3       11.3772    19.5400    22.9130    31.0517    51.6894    75.5888    94.7132   104.1206   127.2779
4        1.5325     5.7596     8.2406    13.2671    23.9220    37.7124    50.0663    56.0916    69.7134
5        0.1271     1.4344     2.6436     5.2741    10.1862    17.6411    25.3403    29.8426    38.6157
6        0.0099     0.3255     0.7737     2.0355     4.4089     8.2830    12.5305    15.0570    20.9991
7        0.0011     0.0707     0.2167     0.7358     1.8265     3.8295     6.1589     7.7430    11.2776
8        0.0002     0.0166     0.0630     0.2645     0.7857     1.7699     3.0039     3.8379     5.9215
9        0.0000     0.0039     0.0181     0.0969     0.3275     0.7792     1.4174     1.9027     3.1764
10        0.0000     0.0011     0.0054     0.0339     0.1257     0.3226     0.6321     0.8658     1.4891
11        0.0000     0.0004     0.0019     0.0126     0.0455     0.1152     0.2287     0.3209     0.5784
12        0.0000     0.0001     0.0007     0.0041     0.0146     0.0370     0.0710     0.0994     0.1738
13        0.0000     0.0001     0.0004     0.0025     0.0082     0.0184     0.0327     0.0434     0.0746
14        0.0000     0.0000     0.0001     0.0005     0.0017     0.0036     0.0061     0.0080     0.0126
15+       0.0000     0.0000     0.0001     0.0003     0.0008     0.0017     0.0029     0.0037     0.0059

2034

Age        1%         5%         10%        25%        50%        75%        90%        95%        99%    
1       68.6793    70.8147    78.8757   103.9285   168.5191   237.0741   281.3864   307.2320   334.7340
2       38.5786    42.3434    45.9687    60.9312    98.9853   141.8213   168.9407   182.6788   208.1199
3       12.1740    19.9183    23.1166    31.0789    52.5778    76.9157    95.2633   104.6274   124.4570
4        1.5652     6.0791     8.5967    13.5534    23.7728    37.0867    49.7659    56.3375    71.7633
5        0.1533     1.4618     2.6501     5.4213    10.6214    18.2333    25.7933    29.8097    38.5955
6        0.0121     0.3378     0.7896     2.0874     4.4670     8.4317    12.7672    15.5403    21.2895
7        0.0011     0.0763     0.2320     0.7928     1.9538     3.9905     6.3230     7.8453    11.3559
8        0.0002     0.0187     0.0701     0.2934     0.8263     1.8387     3.1394     4.1120     6.1896
9        0.0000     0.0043     0.0207     0.1056     0.3566     0.8575     1.5411     2.0532     3.2569
10        0.0000     0.0011     0.0062     0.0393     0.1510     0.3849     0.7335     1.0058     1.7717
11        0.0000     0.0003     0.0020     0.0143     0.0583     0.1600     0.3306     0.4583     0.8549
12        0.0000     0.0001     0.0007     0.0053     0.0214     0.0579     0.1205     0.1719     0.3176
13        0.0000     0.0000     0.0002     0.0018     0.0070     0.0189     0.0378     0.0536     0.0967
14        0.0000     0.0000     0.0002     0.0011     0.0039     0.0094     0.0174     0.0239     0.0418
15+       0.0000     0.0000     0.0001     0.0004     0.0012     0.0028     0.0048     0.0064     0.0103

Probability Spawning Stock Biomass Exceeds Threshold      3.660 (1000 MT)

Year    Probability

2021    0.017200
2022    0.015800
2023    0.138300
2024    0.058300
2025    0.127400
2026    0.299600
2027    0.405100
2028    0.469500
2029    0.512500
2030    0.542500
2031    0.565300
2032    0.581900
2033    0.596400
2034    0.606300

Probability Threshold Exceeded at Least Once =     0.8553

Probability Total Fishing Mortality Exceeds Threshold     0.8413 

Year    Probability

2021    1.000000
2022    1.000000
2023    1.000000
2024    1.000000
2025    0.379300
2026    0.315600
2027    0.268100
2028    0.239100
2029    0.218400
2030    0.205400
2031    0.195000
2032    0.185400
2033    0.175400
2034    0.169900

Probability Threshold Exceeded at Least Once =     1.0000


Requested Percentile Report

Percentile =    40.00 %

                                 2021       2022       2023       2024       2025       2026       2027       2028       2029       2030       2031       2032       2033       2034 

Recruits                     143.0840   148.7949   144.4038   149.9043   148.3720   143.1711   146.5763   144.1667   147.1187   143.8589   147.5235   140.2255   143.4583   143.1729 
Spawning Stock Biomass         2.1338     2.4944     2.7537     2.3952     2.3956     2.6292     2.8890     3.0792     3.2464     3.3953     3.4823     3.5710     3.6394     3.6953 
Jan-1 Stock Biomass            8.7988     8.9236     8.4624     7.8881     7.6077     7.9790     8.2967     8.5648     8.7464     8.9035     9.0478     9.1666     9.2612     9.3182 
Mean Biomass                   7.9425     7.6795     7.1401     6.7073     6.7821     7.1579     7.4150     7.6672     7.8610     8.0018     8.1126     8.2696     8.2935     8.3241 
Combined Catch Biomass         2.7365     3.2079     3.1333     2.8542     2.1800     2.1800     2.1800     2.1800     2.1800     2.1800     2.1800     2.1800     2.1800     2.1800 
Landings                       2.7365     3.2079     3.1333     2.8542     2.1800     2.1800     2.1800     2.1800     2.1800     2.1800     2.1800     2.1800     2.1800     2.1800 
FMort                          1.0794     1.0794     1.0794     1.0794     0.7156     0.6351     0.5794     0.5405     0.5138     0.4965     0.4831     0.4744     0.4690     0.4645 

Stock Numbers at Age
Age 1                        244.9740   143.0840   148.7949   144.4038   149.9043   148.3720   143.1711   146.5763   144.1667   147.1187   143.8589   147.5235   140.2255   143.4583 
Age 2                         93.8626   142.6089    83.5823    86.2218    84.0725    87.9708    87.1768    84.3017    86.6450    85.4767    86.9219    85.0033    86.8170    83.0343 
Age 3                         51.2273    42.3699    64.3391    37.6590    38.6624    40.2736    42.1664    42.3082    41.3850    42.7000    42.3380    42.9546    42.4511    43.1688 
Age 4                          9.1703    17.7133    14.5439    22.0537    12.8665    14.7731    16.0263    17.4814    17.8081    17.7683    18.5395    18.7078    18.9241    19.0670 
Age 5                          2.4696     2.7628     5.3808     4.4181     6.6728     4.5069     5.4766     6.2399     7.0843     7.3594     7.5026     7.8360     7.9818     8.1950 
Age 6                          0.8492     0.7209     0.7971     1.5524     1.2767     2.3665     1.6331     2.0975     2.4790     2.8479     3.0163     3.1340     3.3192     3.3767 
Age 7                          0.1227     0.2437     0.2091     0.2308     0.4489     0.4555     0.8831     0.6305     0.8393     1.0197     1.1822     1.2589     1.3385     1.4140 
Age 8                          0.0902     0.0370     0.0724     0.0620     0.0682     0.1624     0.1720     0.3495     0.2575     0.3481     0.4266     0.5018     0.5391     0.5707 
Age 9                          0.0063     0.0280     0.0114     0.0222     0.0190     0.0252     0.0630     0.0687     0.1451     0.1083     0.1498     0.1830     0.2179     0.2386 
Age 10                          0.0032     0.0020     0.0089     0.0036     0.0070     0.0071     0.0099     0.0258     0.0289     0.0622     0.0473     0.0659     0.0812     0.0959 
Age 11                          0.0009     0.0010     0.0007     0.0029     0.0012     0.0027     0.0029     0.0041     0.0110     0.0126     0.0273     0.0210     0.0297     0.0369 
Age 12                          0.0001     0.0003     0.0003     0.0002     0.0010     0.0005     0.0011     0.0012     0.0018     0.0049     0.0056     0.0123     0.0095     0.0137 
Age 13                          0.0000     0.0000     0.0001     0.0001     0.0001     0.0004     0.0002     0.0005     0.0005     0.0008     0.0022     0.0026     0.0056     0.0044 
Age 14                          0.0000     0.0000     0.0000     0.0000     0.0000     0.0000     0.0001     0.0001     0.0002     0.0002     0.0004     0.0010     0.0012     0.0026 
Age 15                          0.0000     0.0000     0.0000     0.0000     0.0000     0.0000     0.0000     0.0001     0.0001     0.0001     0.0002     0.0003     0.0006     0.0008 
