AGEPRO VERSION 4.2

Constant_F_38_CR_age1_highS

Date & Time of Run: 06 May 2024  15:26

Input File Name:    Constant_F_38_CR_age1_highS.inp

First Age Class:                         1
Number of Age Classes:                  15
Number of Years in Projection:          14
Number of Fleets:                        9
Number of Recruitment Models:            3
Number of Bootstraps:                  100
Number of Simulations:                 100

Bootstrap File Name:            C:\Users\jon.brodziak\Desktop\2024 WCNPO MLS Rebuilding\Bootstrap-numbers-at-age\2023_WCNPOMLS.bsn

Input Harvest Scenario

Year  Type        Fleet-1    Fleet-2    Fleet-3    Fleet-4    Fleet-5    Fleet-6    Fleet-7    Fleet-8    Fleet-9    

2021  F-Mult       0.1651     0.0453     0.2588     0.0166     0.0610     0.0487     0.0642     0.0722     0.3475 
2022  F-Mult       0.1651     0.0453     0.2588     0.0166     0.0610     0.0487     0.0642     0.0722     0.3475 
2023  F-Mult       0.1651     0.0453     0.2588     0.0166     0.0610     0.0487     0.0642     0.0722     0.3475 
2024  F-Mult       0.1651     0.0453     0.2588     0.0166     0.0610     0.0487     0.0642     0.0722     0.3475 
2025  F-Mult       0.0922     0.0253     0.1446     0.0093     0.0341     0.0272     0.0359     0.0404     0.1942 
2026  F-Mult       0.0922     0.0253     0.1446     0.0093     0.0341     0.0272     0.0359     0.0404     0.1942 
2027  F-Mult       0.0922     0.0253     0.1446     0.0093     0.0341     0.0272     0.0359     0.0404     0.1942 
2028  F-Mult       0.0922     0.0253     0.1446     0.0093     0.0341     0.0272     0.0359     0.0404     0.1942 
2029  F-Mult       0.0922     0.0253     0.1446     0.0093     0.0341     0.0272     0.0359     0.0404     0.1942 
2030  F-Mult       0.0922     0.0253     0.1446     0.0093     0.0341     0.0272     0.0359     0.0404     0.1942 
2031  F-Mult       0.0922     0.0253     0.1446     0.0093     0.0341     0.0272     0.0359     0.0404     0.1942 
2032  F-Mult       0.0922     0.0253     0.1446     0.0093     0.0341     0.0272     0.0359     0.0404     0.1942 
2033  F-Mult       0.0922     0.0253     0.1446     0.0093     0.0341     0.0272     0.0359     0.0404     0.1942 
2034  F-Mult       0.0922     0.0253     0.1446     0.0093     0.0341     0.0272     0.0359     0.0404     0.1942 

Recruitment Selection Distribution

Year  Selection-1 Selection-2 Selection-3 

2021      0.1221     0.8359     0.0420 
2022      0.1194     0.8391     0.0415 
2023      0.1140     0.8411     0.0449 
2024      0.1217     0.8368     0.0415 
2025      0.1198     0.8397     0.0405 
2026      0.1194     0.8418     0.0388 
2027      0.1232     0.8348     0.0420 
2028      0.1197     0.8404     0.0399 
2029      0.1212     0.8389     0.0399 
2030      0.1207     0.8418     0.0375 
2031      0.1239     0.8346     0.0415 
2032      0.1177     0.8395     0.0428 
2033      0.1170     0.8424     0.0406 
2034      0.1255     0.8325     0.0420 

Recruits        1000  Fish

Year Class   Average        StdDev
2021        171.5342       78.9870
2022        174.5327       81.6898
2023        173.1005       80.0262
2024        172.6101       81.4487
2025        174.0428       81.3270
2026        173.0497       81.5166
2027        173.4766       83.4079
2028        173.3927       84.4790
2029        175.3234       86.2545
2030        173.0876       83.1414
2031        175.2645       84.0785
2032        175.0298       84.0466
2033        174.0936       80.9598
2034        174.4159       82.5292

Recruits Distribution

Year Class 1%         5%         10%        25%        50%        75%        90%        95%        99%    
2021    68.6242    70.1385    78.9717   104.2870   168.1678   233.6032   277.5953   305.1053   325.3729
2022    68.6258    70.5676    79.5047   105.5899   168.6017   237.7887   281.0875   307.6904   328.1031
2023    68.6425    71.1135    79.2702   104.5274   168.3827   236.2824   279.7681   305.6133   340.3081
2024    68.6087    70.1057    78.6022   103.4409   168.2873   236.1220   280.0492   305.9432   325.4588
2025    68.6156    70.7587    79.3318   104.9174   168.7094   236.3490   280.9296   307.7137   324.9896
2026    68.6589    70.7580    79.3084   105.3095   168.2701   235.6210   279.7224   305.8476   336.2451
2027    68.5813    70.7726    78.6597   103.7988   168.3514   236.2262   279.1091   306.4235   337.6140
2028    68.5916    70.2666    78.4636   103.1310   168.2815   236.4650   281.1183   308.5414   349.2521
2029    68.6634    71.0868    79.5107   105.2189   168.6631   238.0877   281.3149   308.8385   355.3020
2030    68.6826    70.2952    78.7988   104.8893   168.2134   236.2290   278.9906   306.2014   329.3384
2031    68.6717    70.6752    79.0241   105.9941   168.6350   237.4827   282.9812   308.6562   355.3153
2032    68.5961    70.6139    79.3963   105.2040   168.5612   237.4382   280.9922   307.1489   366.4182
2033    68.6853    70.6777    79.0678   105.9953   168.7199   236.5391   279.4279   305.7367   332.9367
2034    68.6268    70.9866    79.2700   105.0488   168.7946   236.1645   280.5225   305.1235   327.3548

Spawning Stock Biomass  x       1000 MT

Year       Average        StdDev
2021        2.2959        0.4605
2022        2.6360        0.4368
2023        3.0125        0.6288
2024        2.6623        0.6530
2025        2.8779        0.7707
2026        3.3953        0.9053
2027        3.7095        0.9804
2028        3.8741        1.0100
2029        3.9505        1.0191
2030        3.9868        1.0287
2031        4.0090        1.0322
2032        4.0285        1.0504
2033        4.0282        1.0313
2034        4.0409        1.0257

Spawning Stock Biomass Distribution

Year        1%         5%         10%        25%        50%        75%        90%        95%        99%   
2021     1.4601     1.7243     1.8294     1.9970     2.2254     2.5165     2.8218     3.0193     4.2055 
2022     1.7743     1.9753     2.1051     2.3382     2.5991     2.8873     3.2297     3.4396     3.8200 
2023     1.8740     2.1112     2.2687     2.5562     2.9356     3.3856     3.8603     4.1884     4.7335 
2024     1.4878     1.7276     1.8759     2.1917     2.5972     3.0678     3.5075     3.7854     4.4355 
2025     1.5387     1.7964     1.9683     2.3150     2.7964     3.3732     3.8814     4.2019     4.9044 
2026     1.7818     2.1011     2.3051     2.7276     3.3028     3.9575     4.5813     4.9829     5.8097 
2027     1.9433     2.3124     2.5383     2.9966     3.6263     4.3108     4.9657     5.3817     6.2989 
2028     2.0396     2.4223     2.6723     3.1522     3.7910     4.4886     5.1557     5.5870     6.5401 
2029     2.1071     2.4793     2.7446     3.2318     3.8543     4.5732     5.2495     5.6729     6.6979 
2030     2.1372     2.5099     2.7839     3.2648     3.8903     4.5979     5.2662     5.7418     6.8538 
2031     2.1572     2.5306     2.7998     3.2756     3.9122     4.6249     5.3149     5.7325     6.8695 
2032     2.1761     2.5750     2.8168     3.2869     3.9181     4.6270     5.3450     5.7824     6.8671 
2033     2.2239     2.5771     2.8381     3.2950     3.9198     4.6238     5.3536     5.7746     6.7737 
2034     2.1925     2.5876     2.8378     3.3100     3.9545     4.6446     5.3287     5.7652     6.7626 

JAN-1 Stock Biomass  x       1000 MT

Year       Average        StdDev
2021        9.2962        1.5977
2022        9.5867        1.8177
2023        9.1531        1.9522
2024        8.5960        1.9896
2025        8.2922        1.9876
2026        9.0706        2.1402
2027        9.5139        2.2174
2028        9.7524        2.2594
2029        9.8625        2.2641
2030        9.9452        2.2970
2031        9.9720        2.3121
2032        9.9993        2.2844
2033       10.0189        2.2711
2034       10.0224        2.2528

JAN-1 Stock Biomass Distribution

Year       1%         5%         10%        25%        50%        75%        90%        95%        99%    
2021     6.3034     6.9223     7.3636     8.1877     9.1669    10.1358    11.5401    12.3327    13.7123 
2022     6.1149     6.8885     7.3701     8.2960     9.4306    10.7247    12.0018    12.8044    14.3433 
2023     5.4748     6.2505     6.7823     7.7677     8.9795    10.3838    11.6320    12.4945    14.3740 
2024     4.8514     5.6670     6.1989     7.1688     8.4176     9.8403    11.1119    12.0036    13.9446 
2025     4.5146     5.3492     5.8592     6.8903     8.1543     9.5020    10.8327    11.6761    13.7688 
2026     4.9841     5.8718     6.4467     7.5652     8.9377    10.3962    11.7516    12.6520    14.8421 
2027     5.2670     6.2092     6.8492     7.9355     9.3801    10.8681    12.2879    13.2328    15.3356 
2028     5.4212     6.4218     7.0489     8.1809     9.5887    11.1196    12.5499    13.5729    15.7576 
2029     5.5388     6.5244     7.1291     8.2807     9.6946    11.2309    12.6701    13.6898    16.0054 
2030     5.6049     6.6238     7.2278     8.3473     9.7718    11.2823    12.8010    13.7655    16.2774 
2031     5.6627     6.6447     7.2947     8.3920     9.7772    11.3158    12.8411    13.8254    16.3355 
2032     5.7804     6.7143     7.3310     8.4196     9.7822    11.3214    12.8552    13.8900    16.2665 
2033     5.7847     6.6602     7.2939     8.4654     9.8343    11.3666    12.8095    13.8430    16.2142 
2034     5.7157     6.6752     7.3096     8.4547     9.8650    11.3544    12.8244    13.8336    16.1323 

Mean Biomass  x       1000 MT

Year       Average        StdDev
2021        8.4765        1.5440
2022        8.3446        1.7284
2023        7.8107        1.8307
2024        7.3750        1.8402
2025        7.6878        1.9251
2026        8.3083        2.0616
2027        8.6385        2.1097
2028        8.8095        2.1392
2029        8.8873        2.1431
2030        8.9515        2.1608
2031        8.9637        2.1609
2032        8.9969        2.1361
2033        9.0128        2.1519
2034        9.0144        2.1326

Mean Biomass Distribution

Year       1%         5%         10%        25%        50%        75%        90%        95%        99%    
2021     5.6777     6.2471     6.6222     7.3466     8.3351     9.3354    10.6278    11.4146    12.6590 
2022     5.1463     5.7960     6.2188     7.0855     8.1886     9.4506    10.5934    11.3451    12.9416 
2023     4.4687     5.1193     5.5890     6.4974     7.6718     8.9424    10.1298    10.9001    12.8174 
2024     3.9788     4.6836     5.1602     6.0690     7.2153     8.4988     9.7614    10.5612    12.3159 
2025     4.0534     4.8445     5.3349     6.3100     7.5522     8.8746    10.1475    10.9841    12.9938 
2026     4.4612     5.2706     5.8015     6.8499     8.1557     9.5638    10.8633    11.7837    13.7218 
2027     4.6289     5.5197     6.0978     7.1575     8.4600     9.9192    11.3301    12.2111    14.1784 
2028     4.7666     5.6769     6.2733     7.3011     8.6411    10.1275    11.4794    12.3498    14.5923 
2029     4.8379     5.7433     6.2982     7.3888     8.7380    10.1765    11.5535    12.4251    14.6105 
2030     4.9417     5.8406     6.3908     7.4473     8.7815    10.2025    11.6135    12.5285    14.9098 
2031     4.9496     5.8666     6.4209     7.4706     8.7887    10.1987    11.6552    12.5627    14.8913 
2032     5.0146     5.8836     6.4591     7.5154     8.8380    10.2507    11.6581    12.5949    14.6607 
2033     4.9860     5.8638     6.4301     7.5385     8.8512    10.2833    11.6720    12.5820    14.7830 
2034     4.9885     5.9062     6.4539     7.5226     8.8631    10.2738    11.6939    12.6134    14.8549 

Combined Catch Biomass  x       1000 MT

Year       Average        StdDev
2021        2.7963        0.4598
2022        3.3615        0.5766
2023        3.3425        0.6752
2024        3.0595        0.7128
2025        1.8046        0.4433
2026        2.0569        0.5018
2027        2.2096        0.5341
2028        2.2871        0.5471
2029        2.3240        0.5524
2030        2.3402        0.5547
2031        2.3529        0.5601
2032        2.3572        0.5610
2033        2.3627        0.5570
2034        2.3678        0.5583

Combined Catch Distribution

Year       1%         5%         10%        25%        50%        75%        90%        95%        99%    
2021     1.8175     2.2194     2.3174     2.4840     2.7332     3.0511     3.3265     3.5789     4.4989 
2022     2.3109     2.5118     2.6623     2.9306     3.3226     3.6860     4.1779     4.4680     4.8912 
2023     2.1036     2.3475     2.5176     2.8561     3.2845     3.7741     4.2188     4.5017     5.1345 
2024     1.7685     2.0193     2.1886     2.5519     3.0042     3.4941     3.9620     4.2719     4.9649 
2025     0.9879     1.1546     1.2684     1.4844     1.7703     2.0779     2.3806     2.5571     2.9820 
2026     1.1104     1.3155     1.4436     1.7028     2.0255     2.3596     2.6884     2.9156     3.4267 
2027     1.2016     1.4180     1.5618     1.8312     2.1768     2.5373     2.8809     3.1050     3.6508 
2028     1.2384     1.4746     1.6296     1.9015     2.2455     2.6185     2.9784     3.2069     3.7055 
2029     1.2811     1.5138     1.6637     1.9382     2.2791     2.6601     3.0198     3.2514     3.7990 
2030     1.2886     1.5274     1.6802     1.9519     2.2963     2.6745     3.0403     3.2727     3.8446 
2031     1.2984     1.5422     1.6921     1.9642     2.3035     2.6778     3.0569     3.3021     3.8685 
2032     1.3236     1.5553     1.7057     1.9683     2.3046     2.6896     3.0467     3.2973     3.8353 
2033     1.3313     1.5567     1.7082     1.9786     2.3129     2.6928     3.0486     3.2929     3.8432 
2034     1.3350     1.5465     1.7033     1.9861     2.3246     2.6960     3.0569     3.2927     3.8852 

Landings  x       1000 MT

Year       Average        StdDev
2021        2.7963        0.4598
2022        3.3615        0.5766
2023        3.3425        0.6752
2024        3.0595        0.7128
2025        1.8046        0.4433
2026        2.0569        0.5018
2027        2.2096        0.5341
2028        2.2871        0.5471
2029        2.3240        0.5524
2030        2.3402        0.5547
2031        2.3529        0.5601
2032        2.3572        0.5610
2033        2.3627        0.5570
2034        2.3678        0.5583

Landings Distribution

Year       1%         5%         10%        25%        50%        75%        90%        95%        99%    
2021     1.8175     2.2194     2.3174     2.4840     2.7332     3.0511     3.3265     3.5789     4.4989 
2022     2.3109     2.5118     2.6623     2.9306     3.3226     3.6860     4.1779     4.4680     4.8912 
2023     2.1036     2.3475     2.5176     2.8561     3.2845     3.7741     4.2188     4.5017     5.1345 
2024     1.7685     2.0193     2.1886     2.5519     3.0042     3.4941     3.9620     4.2719     4.9649 
2025     0.9879     1.1546     1.2684     1.4844     1.7703     2.0779     2.3806     2.5571     2.9820 
2026     1.1104     1.3155     1.4436     1.7028     2.0255     2.3596     2.6884     2.9156     3.4267 
2027     1.2016     1.4180     1.5618     1.8312     2.1768     2.5373     2.8809     3.1050     3.6508 
2028     1.2384     1.4746     1.6296     1.9015     2.2455     2.6185     2.9784     3.2069     3.7055 
2029     1.2811     1.5138     1.6637     1.9382     2.2791     2.6601     3.0198     3.2514     3.7990 
2030     1.2886     1.5274     1.6802     1.9519     2.2963     2.6745     3.0403     3.2727     3.8446 
2031     1.2984     1.5422     1.6921     1.9642     2.3035     2.6778     3.0569     3.3021     3.8685 
2032     1.3236     1.5553     1.7057     1.9683     2.3046     2.6896     3.0467     3.2973     3.8353 
2033     1.3313     1.5567     1.7082     1.9786     2.3129     2.6928     3.0486     3.2929     3.8432 
2034     1.3350     1.5465     1.7033     1.9861     2.3246     2.6960     3.0569     3.2927     3.8852 

Total Fishing Mortality

Year       Average        StdDev
2021        1.0794        0.0000
2022        1.0794        0.0000
2023        1.0794        0.0000
2024        1.0794        0.0000
2025        0.6032        0.0000
2026        0.6032        0.0000
2027        0.6032        0.0000
2028        0.6032        0.0000
2029        0.6032        0.0000
2030        0.6032        0.0000
2031        0.6032        0.0000
2032        0.6032        0.0000
2033        0.6032        0.0000
2034        0.6032        0.0000

Total Fishing Mortality Distribution

Year       1%         5%         10%        25%        50%        75%        90%        95%        99%    
2021     1.0794     1.0794     1.0794     1.0794     1.0794     1.0794     1.0794     1.0794     1.0794 
2022     1.0794     1.0794     1.0794     1.0794     1.0794     1.0794     1.0794     1.0794     1.0794 
2023     1.0794     1.0794     1.0794     1.0794     1.0794     1.0794     1.0794     1.0794     1.0794 
2024     1.0794     1.0794     1.0794     1.0794     1.0794     1.0794     1.0794     1.0794     1.0794 
2025     0.6032     0.6032     0.6032     0.6032     0.6032     0.6032     0.6032     0.6032     0.6032 
2026     0.6032     0.6032     0.6032     0.6032     0.6032     0.6032     0.6032     0.6032     0.6032 
2027     0.6032     0.6032     0.6032     0.6032     0.6032     0.6032     0.6032     0.6032     0.6032 
2028     0.6032     0.6032     0.6032     0.6032     0.6032     0.6032     0.6032     0.6032     0.6032 
2029     0.6032     0.6032     0.6032     0.6032     0.6032     0.6032     0.6032     0.6032     0.6032 
2030     0.6032     0.6032     0.6032     0.6032     0.6032     0.6032     0.6032     0.6032     0.6032 
2031     0.6032     0.6032     0.6032     0.6032     0.6032     0.6032     0.6032     0.6032     0.6032 
2032     0.6032     0.6032     0.6032     0.6032     0.6032     0.6032     0.6032     0.6032     0.6032 
2033     0.6032     0.6032     0.6032     0.6032     0.6032     0.6032     0.6032     0.6032     0.6032 
2034     0.6032     0.6032     0.6032     0.6032     0.6032     0.6032     0.6032     0.6032     0.6032 

JAN-1 Stock Numbers at Age  -       1000  Fish

2021

Age        1%         5%         10%        25%        50%        75%        90%        95%        99%    
1      140.2370   175.0900   184.8320   216.7130   261.1480   317.3690   385.6290   409.5080   464.9250
2       58.9389    77.9477    80.8620    85.4451   100.4175   112.5240   125.3470   138.4980   148.4390
3       34.1986    41.3466    43.5177    47.9381    54.8765    60.4455    67.3245    74.4817    84.8335
4        4.4701     6.3288     7.3712     8.3369     9.5330    10.8358    12.5169    14.0136    20.6054
5        1.2938     1.6031     1.7337     2.2441     2.6907     3.2695     4.2092     4.8898     7.4995
6        0.2917     0.4842     0.6024     0.6936     0.9665     1.2287     1.8234     2.1765     5.0518
7        0.0278     0.0584     0.0739     0.1025     0.1591     0.2261     0.3164     0.3996     1.3049
8        0.0082     0.0292     0.0370     0.0584     0.1092     0.1670     0.2575     0.4456     2.1858
9        0.0003     0.0014     0.0021     0.0035     0.0085     0.0144     0.0223     0.0334     0.2402
10        0.0001     0.0005     0.0007     0.0015     0.0043     0.0069     0.0143     0.0242     0.2609
11        0.0000     0.0001     0.0002     0.0004     0.0014     0.0028     0.0051     0.0082     0.1988
12        0.0000     0.0000     0.0000     0.0000     0.0001     0.0003     0.0005     0.0008     0.0280
13        0.0000     0.0000     0.0000     0.0000     0.0000     0.0002     0.0003     0.0005     0.0316
14        0.0000     0.0000     0.0000     0.0000     0.0000     0.0000     0.0001     0.0001     0.0183
15+       0.0000     0.0000     0.0000     0.0000     0.0000     0.0000     0.0000     0.0000     0.0127

2022

Age        1%         5%         10%        25%        50%        75%        90%        95%        99%    
1       68.6242    70.1385    78.9717   104.2870   168.1678   233.6032   277.5953   305.1053   325.3729
2       88.7563   103.7790   111.0233   128.1309   155.9453   190.6993   230.6790   251.4602   284.8600
3       26.7155    34.4811    36.2335    39.2790    44.8102    51.1797    58.0433    62.7235    70.7918
4       11.9435    13.9362    14.9413    16.5214    18.5150    20.8824    23.5723    26.1008    31.6880
5        1.4385     1.9514     2.1882     2.5190     2.9130     3.3238     3.8850     4.2978     6.5761
6        0.3734     0.4647     0.5086     0.6452     0.7730     0.9496     1.2403     1.4518     2.3751
7        0.0969     0.1450     0.1717     0.2062     0.2747     0.3645     0.5322     0.6305     1.6177
8        0.0091     0.0177     0.0220     0.0304     0.0463     0.0674     0.0966     0.1275     0.4456
9        0.0028     0.0092     0.0114     0.0184     0.0337     0.0514     0.0806     0.1369     0.7438
10        0.0001     0.0005     0.0007     0.0011     0.0027     0.0046     0.0073     0.0110     0.0855
11        0.0000     0.0002     0.0002     0.0005     0.0014     0.0023     0.0049     0.0080     0.0950
12        0.0000     0.0000     0.0001     0.0001     0.0005     0.0009     0.0017     0.0028     0.0740
13        0.0000     0.0000     0.0000     0.0000     0.0000     0.0001     0.0002     0.0003     0.0105
14        0.0000     0.0000     0.0000     0.0000     0.0000     0.0001     0.0001     0.0002     0.0119
15+       0.0000     0.0000     0.0000     0.0000     0.0000     0.0000     0.0000     0.0001     0.0120

2023

Age        1%         5%         10%        25%        50%        75%        90%        95%        99%    
1       68.6258    70.5676    79.5047   105.5899   168.6017   237.7887   281.0875   307.6904   328.1031
2       39.3322    42.6775    46.7520    61.7028    99.0348   138.7914   167.3275   182.2561   206.4066
3       39.7551    46.5405    50.0563    57.9246    70.5214    86.4682   104.4377   114.6407   130.1627
4        9.0745    11.5082    12.2668    13.4611    15.3326    17.6617    20.0356    21.6702    24.6743
5        3.5588     4.1643     4.4826     4.9791     5.6073     6.3769     7.1872     7.9443     9.6838
6        0.4079     0.5580     0.6240     0.7242     0.8395     0.9652     1.1282     1.2595     1.8937
7        0.1084     0.1322     0.1480     0.1856     0.2232     0.2774     0.3615     0.4200     0.7067
8        0.0295     0.0432     0.0502     0.0611     0.0811     0.1092     0.1580     0.1854     0.4830
9        0.0029     0.0054     0.0067     0.0093     0.0142     0.0207     0.0296     0.0389     0.1452
10        0.0009     0.0029     0.0036     0.0058     0.0106     0.0162     0.0257     0.0429     0.2475
11        0.0000     0.0001     0.0002     0.0004     0.0009     0.0015     0.0024     0.0036     0.0283
12        0.0000     0.0001     0.0001     0.0002     0.0005     0.0007     0.0016     0.0027     0.0328
13        0.0000     0.0000     0.0000     0.0000     0.0002     0.0003     0.0006     0.0009     0.0257
14        0.0000     0.0000     0.0000     0.0000     0.0000     0.0000     0.0001     0.0001     0.0038
15+       0.0000     0.0000     0.0000     0.0000     0.0000     0.0000     0.0000     0.0001     0.0085

2024

Age        1%         5%         10%        25%        50%        75%        90%        95%        99%    
1       68.6425    71.1135    79.2702   104.5274   168.3827   236.2824   279.7681   305.6133   340.3081
2       39.4297    42.9078    47.2190    62.2995   100.5152   141.9724   169.1123   183.6203   206.2097
3       17.2916    19.2739    21.1738    27.8308    44.5458    62.6764    75.8537    82.4203    95.1799
4       13.5117    15.7933    17.1157    19.8206    24.2116    29.6388    35.9167    39.6395    45.1457
5        2.7362     3.4333     3.6797     4.0721     4.6424     5.3685     6.1265     6.6025     7.6146
6        1.0199     1.1885     1.2807     1.4364     1.6224     1.8522     2.0995     2.3098     2.8222
7        0.1201     0.1610     0.1790     0.2087     0.2432     0.2813     0.3304     0.3684     0.5497
8        0.0316     0.0389     0.0439     0.0548     0.0661     0.0826     0.1074     0.1254     0.2149
9        0.0090     0.0132     0.0152     0.0188     0.0249     0.0337     0.0488     0.0570     0.1464
10        0.0010     0.0017     0.0021     0.0029     0.0045     0.0065     0.0093     0.0124     0.0450
11        0.0003     0.0009     0.0012     0.0019     0.0034     0.0053     0.0084     0.0137     0.0866
12        0.0000     0.0000     0.0001     0.0001     0.0003     0.0005     0.0008     0.0012     0.0094
13        0.0000     0.0000     0.0000     0.0001     0.0002     0.0003     0.0006     0.0009     0.0111
14        0.0000     0.0000     0.0000     0.0000     0.0001     0.0001     0.0002     0.0003     0.0096
15+       0.0000     0.0000     0.0000     0.0000     0.0000     0.0000     0.0000     0.0001     0.0043

2025

Age        1%         5%         10%        25%        50%        75%        90%        95%        99%    
1       68.6087    70.1057    78.6022   103.4409   168.2873   236.1220   280.0492   305.9432   325.4588
2       39.4623    43.0466    47.0398    61.8723    99.8204   140.5129   167.5580   183.0092   208.1408
3       17.4662    19.3837    21.3131    28.1171    45.1097    63.6891    76.6803    83.3883    97.6656
4        5.8270     6.5824     7.2486     9.4890    15.1813    21.3267    26.1412    28.5135    32.9511
5        4.0552     4.7546     5.1588     6.0249     7.3305     9.0032    10.9391    12.1361    13.8410
6        0.7867     0.9736     1.0526     1.1724     1.3405     1.5586     1.7792     1.9270     2.2365
7        0.2931     0.3407     0.3667     0.4132     0.4696     0.5381     0.6158     0.6762     0.8235
8        0.0353     0.0471     0.0528     0.0616     0.0720     0.0839     0.0985     0.1098     0.1624
9        0.0096     0.0118     0.0134     0.0166     0.0203     0.0254     0.0331     0.0388     0.0654
10        0.0028     0.0041     0.0048     0.0059     0.0079     0.0107     0.0154     0.0181     0.0468
11        0.0003     0.0006     0.0007     0.0009     0.0014     0.0021     0.0030     0.0040     0.0152
12        0.0001     0.0003     0.0004     0.0006     0.0011     0.0017     0.0028     0.0046     0.0272
13        0.0000     0.0000     0.0000     0.0000     0.0001     0.0002     0.0003     0.0004     0.0031
14        0.0000     0.0000     0.0000     0.0000     0.0001     0.0001     0.0002     0.0003     0.0038
15+       0.0000     0.0000     0.0000     0.0000     0.0000     0.0000     0.0001     0.0001     0.0048

2026

Age        1%         5%         10%        25%        50%        75%        90%        95%        99%    
1       68.6156    70.7587    79.3318   104.9174   168.7094   236.3490   280.9296   307.7137   324.9896
2       40.1381    43.5329    47.6031    62.6316   101.4333   143.6058   172.2006   186.6540   209.5083
3       20.5916    22.7786    24.9313    32.8731    52.6788    74.2998    89.6295    97.1492   115.1405
4        7.9617     8.8887     9.8416    12.9817    20.7476    29.2710    35.5096    38.7450    45.6719
5        2.4897     2.8467     3.1450     4.1307     6.5914     9.2366    11.3309    12.3761    14.5052
6        1.6948     1.9952     2.1745     2.5377     3.0913     3.8068     4.6327     5.1468     5.9272
7        0.3299     0.4085     0.4404     0.4960     0.5684     0.6607     0.7570     0.8211     0.9660
8        0.1234     0.1452     0.1559     0.1767     0.2014     0.2312     0.2651     0.2909     0.3557
9        0.0153     0.0204     0.0229     0.0268     0.0314     0.0367     0.0434     0.0483     0.0710
10        0.0043     0.0052     0.0059     0.0074     0.0090     0.0113     0.0147     0.0173     0.0292
11        0.0013     0.0019     0.0022     0.0027     0.0035     0.0048     0.0070     0.0081     0.0212
12        0.0002     0.0003     0.0003     0.0004     0.0007     0.0010     0.0014     0.0018     0.0069
13        0.0001     0.0001     0.0002     0.0003     0.0005     0.0008     0.0013     0.0021     0.0126
14        0.0000     0.0000     0.0000     0.0000     0.0000     0.0001     0.0001     0.0002     0.0015
15+       0.0000     0.0000     0.0000     0.0000     0.0000     0.0001     0.0001     0.0002     0.0041

2027

Age        1%         5%         10%        25%        50%        75%        90%        95%        99%    
1       68.6589    70.7580    79.3084   105.3095   168.2701   235.6210   279.7224   305.8476   336.2451
2       40.2870    43.7661    48.0301    63.6449   102.5472   143.9906   171.9102   187.4949   207.9363
3       20.8084    23.1400    25.2815    33.2459    53.4509    75.6461    91.7230    99.6677   115.2435
4        9.3450    10.4598    11.5277    15.1555    24.2563    34.0702    41.6728    44.9992    53.3046
5        3.3981     3.8537     4.2770     5.6189     8.9736    12.6199    15.4534    16.8515    20.0025
6        1.0381     1.1993     1.3223     1.7417     2.7790     3.8819     4.8094     5.2790     6.1699
7        0.7150     0.8406     0.9131     1.0731     1.3095     1.6187     1.9656     2.1840     2.5321
8        0.1399     0.1728     0.1877     0.2114     0.2434     0.2840     0.3257     0.3559     0.4170
9        0.0534     0.0629     0.0678     0.0768     0.0882     0.1013     0.1158     0.1278     0.1554
10        0.0068     0.0090     0.0101     0.0119     0.0140     0.0164     0.0195     0.0216     0.0314
11        0.0019     0.0024     0.0027     0.0033     0.0041     0.0051     0.0067     0.0078     0.0132
12        0.0006     0.0008     0.0010     0.0012     0.0016     0.0022     0.0032     0.0037     0.0096
13        0.0001     0.0001     0.0001     0.0002     0.0003     0.0004     0.0006     0.0008     0.0031
14        0.0000     0.0001     0.0001     0.0001     0.0002     0.0004     0.0006     0.0010     0.0060
15+       0.0000     0.0000     0.0000     0.0000     0.0000     0.0001     0.0001     0.0002     0.0026

2028

Age        1%         5%         10%        25%        50%        75%        90%        95%        99%    
1       68.5813    70.7726    78.6597   103.7988   168.3514   236.2262   279.1091   306.4235   337.6140
2       40.0279    43.7851    48.0010    63.6441   101.7636   143.2078   172.5668   186.9635   211.7699
3       20.9434    23.2469    25.5116    33.6719    54.0523    76.2737    91.8295    99.9111   113.4172
4        9.4310    10.6296    11.6899    15.2724    24.5266    34.9796    42.2756    46.1045    54.2968
5        4.0136     4.5313     5.0239     6.5638    10.4593    14.7441    18.0332    19.6769    23.2282
6        1.4292     1.6272     1.8022     2.3678     3.7845     5.3247     6.5503     7.1471     8.5197
7        0.4333     0.5053     0.5609     0.7374     1.1726     1.6399     2.0458     2.2421     2.6319
8        0.3041     0.3564     0.3904     0.4588     0.5612     0.6959     0.8436     0.9378     1.0950
9        0.0613     0.0746     0.0811     0.0920     0.1064     0.1245     0.1438     0.1556     0.1835
10        0.0237     0.0276     0.0299     0.0340     0.0392     0.0451     0.0519     0.0569     0.0694
11        0.0030     0.0040     0.0045     0.0053     0.0063     0.0074     0.0088     0.0098     0.0141
12        0.0009     0.0011     0.0012     0.0015     0.0019     0.0023     0.0031     0.0036     0.0060
13        0.0003     0.0004     0.0004     0.0006     0.0007     0.0010     0.0015     0.0017     0.0045
14        0.0000     0.0001     0.0001     0.0001     0.0001     0.0002     0.0003     0.0004     0.0015
15+       0.0000     0.0000     0.0000     0.0001     0.0001     0.0002     0.0003     0.0005     0.0040

2029

Age        1%         5%         10%        25%        50%        75%        90%        95%        99%    
1       68.5916    70.2666    78.4636   103.1310   168.2815   236.4650   281.1183   308.5414   349.2521
2       40.2545    43.6403    47.8037    62.7797   101.6913   144.2281   172.2144   187.2501   212.5084
3       20.8965    23.1456    25.3852    33.7004    53.7130    75.4860    91.9437    99.4694   114.3769
4        9.5143    10.5914    11.7254    15.4892    24.8427    35.0702    42.6568    46.4168    53.1238
5        4.0237     4.5995     5.0698     6.6214    10.6402    15.1299    18.4459    20.0558    23.5755
6        1.6710     1.9132     2.1198     2.7725     4.4042     6.2135     7.6582     8.3858     9.9414
7        0.6022     0.6875     0.7630     0.9992     1.5960     2.2523     2.7834     3.0504     3.6755
8        0.1835     0.2142     0.2395     0.3164     0.5017     0.7033     0.8785     0.9670     1.1523
9        0.1308     0.1542     0.1695     0.1997     0.2448     0.3044     0.3700     0.4123     0.4814
10        0.0272     0.0328     0.0357     0.0408     0.0473     0.0556     0.0640     0.0695     0.0820
11        0.0105     0.0124     0.0134     0.0153     0.0177     0.0204     0.0236     0.0259     0.0313
12        0.0014     0.0018     0.0021     0.0024     0.0029     0.0034     0.0040     0.0045     0.0065
13        0.0004     0.0005     0.0006     0.0007     0.0009     0.0011     0.0014     0.0016     0.0028
14        0.0001     0.0002     0.0002     0.0003     0.0003     0.0005     0.0007     0.0008     0.0021
15+       0.0000     0.0000     0.0001     0.0001     0.0001     0.0002     0.0003     0.0004     0.0026

2030

Age        1%         5%         10%        25%        50%        75%        90%        95%        99%    
1       68.6634    71.0868    79.5107   105.2189   168.6631   238.0877   281.3149   308.8385   355.3020
2       40.2460    43.5154    47.3498    62.3591   101.8921   143.7839   172.3741   187.3651   214.6465
3       20.9944    23.1932    25.2894    33.3918    53.6451    76.1615    91.8384    99.9301   115.3740
4        9.5838    10.6211    11.6810    15.5332    24.6632    34.6143    42.3564    46.1821    54.1219
5        4.0972     4.5785     5.0845     6.7278    10.7586    15.1582    18.5862    20.2220    23.3523
6        1.6861     1.9432     2.1359     2.7901     4.4689     6.3396     7.8237     8.5495     9.9946
7        0.7037     0.8041     0.8967     1.1678     1.8582     2.6218     3.2495     3.5628     4.2856
8        0.2544     0.2921     0.3265     0.4287     0.6822     0.9610     1.1920     1.3147     1.6150
9        0.0799     0.0935     0.1047     0.1377     0.2188     0.3051     0.3842     0.4256     0.5081
10        0.0573     0.0683     0.0749     0.0888     0.1087     0.1356     0.1654     0.1834     0.2174
11        0.0121     0.0146     0.0160     0.0183     0.0214     0.0251     0.0290     0.0316     0.0375
12        0.0048     0.0056     0.0061     0.0069     0.0081     0.0093     0.0108     0.0119     0.0145
13        0.0006     0.0008     0.0009     0.0011     0.0013     0.0016     0.0019     0.0021     0.0030
14        0.0002     0.0002     0.0003     0.0003     0.0004     0.0005     0.0007     0.0008     0.0013
15+       0.0001     0.0001     0.0001     0.0002     0.0002     0.0003     0.0005     0.0006     0.0022

2031

Age        1%         5%         10%        25%        50%        75%        90%        95%        99%    
1       68.6826    70.2952    78.7988   104.8893   168.2134   236.2290   278.9906   306.2014   329.3384
2       40.2082    43.8759    48.1224    63.6457   102.2025   144.8267   172.6843   188.8254   217.4988
3       20.8198    23.1680    25.2060    33.0589    53.7208    75.7656    91.8319   100.0036   116.3079
4        9.5429    10.6324    11.7072    15.3419    24.6311    35.0211    42.5576    46.3769    54.4051
5        4.1067     4.5829     5.0759     6.7102    10.6706    14.9678    18.4297    20.1254    23.8379
6        1.6891     1.9354     2.1453     2.8407     4.5363     6.3931     7.8513     8.5668     9.9814
7        0.7100     0.8128     0.9022     1.1808     1.8885     2.6740     3.3124     3.6370     4.2898
8        0.2967     0.3453     0.3834     0.4999     0.7951     1.1173     1.3961     1.5299     1.8340
9        0.1101     0.1273     0.1420     0.1868     0.2976     0.4170     0.5224     0.5789     0.7117
10        0.0348     0.0415     0.0465     0.0613     0.0971     0.1355     0.1712     0.1894     0.2269
11        0.0256     0.0305     0.0335     0.0400     0.0491     0.0613     0.0747     0.0830     0.0986
12        0.0055     0.0066     0.0072     0.0083     0.0097     0.0115     0.0133     0.0144     0.0173
13        0.0021     0.0026     0.0028     0.0032     0.0037     0.0043     0.0050     0.0055     0.0067
14        0.0003     0.0004     0.0004     0.0005     0.0006     0.0007     0.0009     0.0010     0.0014
15+       0.0001     0.0002     0.0002     0.0002     0.0003     0.0004     0.0005     0.0006     0.0016

2032

Age        1%         5%         10%        25%        50%        75%        90%        95%        99%    
1       68.6717    70.6752    79.0241   105.9941   168.6350   237.4827   282.9812   308.6562   355.3153
2       40.0995    43.7158    47.6880    63.3473   101.6555   143.5139   171.4925   185.8670   210.2551
3       20.9006    23.3012    25.5820    33.6722    53.9634    76.4516    92.3457   100.5777   116.8404
4        9.5033    10.6327    11.5766    15.2833    24.6740    34.7502    42.5185    46.3304    54.7709
5        4.0870     4.5907     5.0759     6.6647    10.6355    15.1755    18.4610    20.2142    24.0558
6        1.7081     1.9413     2.1473     2.8327     4.4909     6.3422     7.8260     8.5603    10.2298
7        0.7082     0.8123     0.9061     1.1965     1.9160     2.6946     3.3234     3.6484     4.2854
8        0.2992     0.3471     0.3866     0.5069     0.8069     1.1447     1.4191     1.5653     1.8764
9        0.1294     0.1499     0.1668     0.2184     0.3451     0.4877     0.6102     0.6735     0.8262
10        0.0480     0.0565     0.0632     0.0832     0.1317     0.1861     0.2334     0.2570     0.3179
11        0.0155     0.0185     0.0209     0.0276     0.0437     0.0610     0.0774     0.0857     0.1027
12        0.0115     0.0138     0.0152     0.0182     0.0223     0.0281     0.0342     0.0381     0.0453
13        0.0025     0.0030     0.0033     0.0038     0.0045     0.0053     0.0061     0.0067     0.0080
14        0.0010     0.0012     0.0013     0.0015     0.0017     0.0020     0.0023     0.0026     0.0032
15+       0.0002     0.0003     0.0003     0.0004     0.0004     0.0005     0.0006     0.0007     0.0014

2033

Age        1%         5%         10%        25%        50%        75%        90%        95%        99%    
1       68.5961    70.6139    79.3963   105.2040   168.5612   237.4382   280.9922   307.1489   366.4182
2       40.3149    43.8121    48.0286    64.0319   102.4770   145.2576   173.4752   188.7357   216.8177
3       21.0336    23.1415    25.2438    33.4657    53.6766    75.9044    91.4336    99.0637   113.0630
4        9.5095    10.7525    11.7571    15.5125    24.7751    35.2999    42.6758    46.7590    54.6552
5        4.0793     4.6054     5.0202     6.6182    10.6690    15.0216    18.5143    20.2680    24.2864
6        1.7126     1.9294     2.1374     2.8140     4.4805     6.3799     7.8268     8.5713    10.2594
7        0.7121     0.8175     0.9060     1.1942     1.8953     2.6640     3.3291     3.6687     4.3880
8        0.3007     0.3478     0.3893     0.5146     0.8176     1.1542     1.4292     1.5741     1.8542
9        0.1290     0.1504     0.1686     0.2210     0.3525     0.4977     0.6234     0.6887     0.8274
10        0.0565     0.0662     0.0742     0.0969     0.1533     0.2165     0.2726     0.3021     0.3668
11        0.0214     0.0253     0.0284     0.0375     0.0592     0.0837     0.1057     0.1169     0.1442
12        0.0070     0.0084     0.0095     0.0126     0.0198     0.0279     0.0353     0.0392     0.0474
13        0.0053     0.0063     0.0070     0.0083     0.0103     0.0130     0.0158     0.0174     0.0211
14        0.0011     0.0014     0.0015     0.0018     0.0021     0.0025     0.0029     0.0031     0.0037
15+       0.0006     0.0007     0.0007     0.0009     0.0010     0.0012     0.0014     0.0015     0.0020

2034

Age        1%         5%         10%        25%        50%        75%        90%        95%        99%    
1       68.6853    70.6777    79.0678   105.9953   168.7199   236.5391   279.4279   305.7367   332.9367
2       40.4757    43.6333    48.1755    63.6293   102.3910   145.3262   173.0629   187.2689   225.7331
3       20.9150    23.2368    25.4929    33.9521    53.9444    76.5399    92.5914   101.0247   118.5322
4        9.5067    10.6276    11.6818    15.4235    24.6537    34.8729    42.3300    45.9480    53.5126
5        4.1006     4.6477     5.1147     6.7347    10.7120    15.2216    18.5667    20.3519    23.8723
6        1.6922     1.9317     2.1152     2.8034     4.4920     6.3306     7.8161     8.5650    10.3785
7        0.7158     0.8133     0.9064     1.1888     1.8911     2.6954     3.3141     3.6426     4.4428
8        0.3027     0.3484     0.3882     0.5107     0.8125     1.1414     1.4250     1.5687     1.9082
9        0.1294     0.1515     0.1693     0.2245     0.3568     0.5037     0.6271     0.6925     0.8152
10        0.0567     0.0665     0.0749     0.0982     0.1558     0.2205     0.2783     0.3086     0.3710
11        0.0253     0.0297     0.0333     0.0435     0.0689     0.0978     0.1236     0.1367     0.1678
12        0.0096     0.0115     0.0129     0.0170     0.0270     0.0381     0.0481     0.0537     0.0667
13        0.0032     0.0039     0.0043     0.0058     0.0091     0.0128     0.0163     0.0181     0.0220
14        0.0024     0.0029     0.0032     0.0039     0.0048     0.0060     0.0073     0.0081     0.0099
15+       0.0008     0.0010     0.0011     0.0012     0.0015     0.0017     0.0019     0.0021     0.0025

Probability Spawning Stock Biomass Exceeds Threshold      3.660 (1000 MT)

Year    Probability

2021    0.018300
2022    0.021400
2023    0.150200
2024    0.067600
2025    0.149200
2026    0.355200
2027    0.483400
2028    0.551000
2029    0.578500
2030    0.589400
2031    0.603900
2032    0.607900
2033    0.608600
2034    0.614900

Probability Threshold Exceeded at Least Once =     0.9518

Probability Total Fishing Mortality Exceeds Threshold     0.8413 

Year    Probability

2021    1.000000
2022    1.000000
2023    1.000000
2024    1.000000
2025    0.000000
2026    0.000000
2027    0.000000
2028    0.000000
2029    0.000000
2030    0.000000
2031    0.000000
2032    0.000000
2033    0.000000
2034    0.000000

Probability Threshold Exceeded at Least Once =     1.0000


Requested Percentile Report

Percentile =    50.00 %

                                 2021       2022       2023       2024       2025       2026       2027       2028       2029       2030       2031       2032       2033       2034 

Recruits                     168.1678   168.6017   168.3827   168.2873   168.7094   168.2701   168.3514   168.2815   168.6631   168.2134   168.6350   168.5612   168.7199   168.7946 
Spawning Stock Biomass         2.2254     2.5991     2.9356     2.5972     2.7964     3.3028     3.6263     3.7910     3.8543     3.8903     3.9122     3.9181     3.9198     3.9545 
Jan-1 Stock Biomass            9.1669     9.4306     8.9795     8.4176     8.1543     8.9377     9.3801     9.5887     9.6946     9.7718     9.7772     9.7822     9.8343     9.8650 
Mean Biomass                   8.3351     8.1886     7.6718     7.2153     7.5522     8.1557     8.4600     8.6411     8.7380     8.7815     8.7887     8.8380     8.8512     8.8631 
Combined Catch Biomass         2.7332     3.3226     3.2845     3.0042     1.7703     2.0255     2.1768     2.2455     2.2791     2.2963     2.3035     2.3046     2.3129     2.3246 
Landings                       2.7332     3.3226     3.2845     3.0042     1.7703     2.0255     2.1768     2.2455     2.2791     2.2963     2.3035     2.3046     2.3129     2.3246 
FMort                          1.0794     1.0794     1.0794     1.0794     0.6032     0.6032     0.6032     0.6032     0.6032     0.6032     0.6032     0.6032     0.6032     0.6032 

Stock Numbers at Age
Age 1                        261.1480   168.1678   168.6017   168.3827   168.2873   168.7094   168.2701   168.3514   168.2815   168.6631   168.2134   168.6350   168.5612   168.7199 
Age 2                        100.4175   155.9453    99.0348   100.5152    99.8204   101.4333   102.5472   101.7636   101.6913   101.8921   102.2025   101.6555   102.4770   102.3910 
Age 3                         54.8765    44.8102    70.5214    44.5458    45.1097    52.6788    53.4509    54.0523    53.7130    53.6451    53.7208    53.9634    53.6766    53.9444 
Age 4                          9.5330    18.5150    15.3326    24.2116    15.1813    20.7476    24.2563    24.5266    24.8427    24.6632    24.6311    24.6740    24.7751    24.6537 
Age 5                          2.6907     2.9130     5.6073     4.6424     7.3305     6.5914     8.9736    10.4593    10.6402    10.7586    10.6706    10.6355    10.6690    10.7120 
Age 6                          0.9665     0.7730     0.8395     1.6224     1.3405     3.0913     2.7790     3.7845     4.4042     4.4689     4.5363     4.4909     4.4805     4.4920 
Age 7                          0.1591     0.2747     0.2232     0.2432     0.4696     0.5684     1.3095     1.1726     1.5960     1.8582     1.8885     1.9160     1.8953     1.8911 
Age 8                          0.1092     0.0463     0.0811     0.0661     0.0720     0.2014     0.2434     0.5612     0.5017     0.6822     0.7951     0.8069     0.8176     0.8125 
Age 9                          0.0085     0.0337     0.0142     0.0249     0.0203     0.0314     0.0882     0.1064     0.2448     0.2188     0.2976     0.3451     0.3525     0.3568 
Age 10                          0.0043     0.0027     0.0106     0.0045     0.0079     0.0090     0.0140     0.0392     0.0473     0.1087     0.0971     0.1317     0.1533     0.1558 
Age 11                          0.0014     0.0014     0.0009     0.0034     0.0014     0.0035     0.0041     0.0063     0.0177     0.0214     0.0491     0.0437     0.0592     0.0689 
Age 12                          0.0001     0.0005     0.0005     0.0003     0.0011     0.0007     0.0016     0.0019     0.0029     0.0081     0.0097     0.0223     0.0198     0.0270 
Age 13                          0.0000     0.0000     0.0002     0.0002     0.0001     0.0005     0.0003     0.0007     0.0009     0.0013     0.0037     0.0045     0.0103     0.0091 
Age 14                          0.0000     0.0000     0.0000     0.0001     0.0001     0.0000     0.0002     0.0001     0.0003     0.0004     0.0006     0.0017     0.0021     0.0048 
Age 15                          0.0000     0.0000     0.0000     0.0000     0.0000     0.0000     0.0000     0.0001     0.0001     0.0002     0.0003     0.0004     0.0010     0.0015 
