AGEPRO VERSION 4.2

Constant_F_38_CR_age1_LowS

Date & Time of Run: 06 May 2024  15:20

Input File Name:    Constant_F_38_CR_age1_lowS.inp

First Age Class:                         1
Number of Age Classes:                  15
Number of Years in Projection:          14
Number of Fleets:                        9
Number of Recruitment Models:            3
Number of Bootstraps:                  100
Number of Simulations:                 100

Bootstrap File Name:            C:\Users\jon.brodziak\Desktop\2024 WCNPO MLS Rebuilding\Bootstrap-numbers-at-age\2023_WCNPOMLS.bsn

Input Harvest Scenario

Year  Type        Fleet-1    Fleet-2    Fleet-3    Fleet-4    Fleet-5    Fleet-6    Fleet-7    Fleet-8    Fleet-9    

2021  F-Mult       0.1651     0.0453     0.2588     0.0166     0.0610     0.0487     0.0642     0.0722     0.3475 
2022  F-Mult       0.1651     0.0453     0.2588     0.0166     0.0610     0.0487     0.0642     0.0722     0.3475 
2023  F-Mult       0.1651     0.0453     0.2588     0.0166     0.0610     0.0487     0.0642     0.0722     0.3475 
2024  F-Mult       0.1651     0.0453     0.2588     0.0166     0.0610     0.0487     0.0642     0.0722     0.3475 
2025  F-Mult       0.0922     0.0253     0.1446     0.0093     0.0341     0.0272     0.0359     0.0404     0.1942 
2026  F-Mult       0.0922     0.0253     0.1446     0.0093     0.0341     0.0272     0.0359     0.0404     0.1942 
2027  F-Mult       0.0922     0.0253     0.1446     0.0093     0.0341     0.0272     0.0359     0.0404     0.1942 
2028  F-Mult       0.0922     0.0253     0.1446     0.0093     0.0341     0.0272     0.0359     0.0404     0.1942 
2029  F-Mult       0.0922     0.0253     0.1446     0.0093     0.0341     0.0272     0.0359     0.0404     0.1942 
2030  F-Mult       0.0922     0.0253     0.1446     0.0093     0.0341     0.0272     0.0359     0.0404     0.1942 
2031  F-Mult       0.0922     0.0253     0.1446     0.0093     0.0341     0.0272     0.0359     0.0404     0.1942 
2032  F-Mult       0.0922     0.0253     0.1446     0.0093     0.0341     0.0272     0.0359     0.0404     0.1942 
2033  F-Mult       0.0922     0.0253     0.1446     0.0093     0.0341     0.0272     0.0359     0.0404     0.1942 
2034  F-Mult       0.0922     0.0253     0.1446     0.0093     0.0341     0.0272     0.0359     0.0404     0.1942 

Recruitment Selection Distribution

Year  Selection-1 Selection-2 Selection-3 

2021      0.1228     0.8377     0.0395 
2022      0.1177     0.8399     0.0424 
2023      0.1162     0.8432     0.0406 
2024      0.1195     0.8410     0.0395 
2025      0.1170     0.8426     0.0404 
2026      0.1179     0.8457     0.0364 
2027      0.1203     0.8385     0.0412 
2028      0.1203     0.8351     0.0446 
2029      0.1210     0.8386     0.0404 
2030      0.1209     0.8372     0.0419 
2031      0.1205     0.8419     0.0376 
2032      0.1179     0.8429     0.0392 
2033      0.1195     0.8410     0.0395 
2034      0.1167     0.8428     0.0405 

Recruits        1000  Fish

Year Class   Average        StdDev
2021        172.1819       80.2059
2022        172.6564       80.9447
2023        173.7614       81.5976
2024        173.4138       81.1530
2025        173.7351       83.5532
2026        174.4703       79.2132
2027        174.5225       87.0605
2028        175.7554       86.4327
2029        172.8213       80.7632
2030        173.4524       81.7948
2031        173.1371       80.2989
2032        174.0410       81.7830
2033        174.0116       81.5510
2034        174.4494       83.6621

Recruits Distribution

Year Class 1%         5%         10%        25%        50%        75%        90%        95%        99%    
2021    68.6628    71.0835    79.1242   104.2291   168.4553   234.6261   278.1076   305.4797   324.4043
2022    68.6163    70.9765    78.8974   104.1692   168.2212   235.0408   277.5959   305.4178   325.6242
2023    68.5858    70.3099    78.8992   105.1618   168.6332   236.7054   279.0566   304.8479   325.4995
2024    68.6527    70.9801    79.3554   104.5890   168.6233   236.2310   280.4119   305.7530   325.1537
2025    68.6752    71.3714    78.6769   104.3129   168.4967   237.0065   278.7899   306.5988   325.1234
2026    68.6852    70.8012    79.4676   106.1535   168.8336   236.9366   280.1493   305.7273   324.9888
2027    68.6433    70.6620    79.3137   104.8078   168.4094   236.1517   280.4949   307.5798   337.7057
2028    68.6273    70.9099    79.1100   105.0139   168.7215   238.0073   284.0069   309.4867   367.5488
2029    68.6733    70.0802    79.0312   104.5849   168.3498   235.9452   278.3663   305.9041   325.3088
2030    68.6897    70.6677    78.4672   103.8386   168.4943   237.1417   278.6670   304.3080   325.3090
2031    68.6091    70.3418    78.7906   104.9343   168.4146   235.9289   280.5116   307.5324   328.5834
2032    68.6320    70.1536    78.4329   104.6146   168.5073   238.0076   279.7107   306.6556   335.4393
2033    68.6624    70.3732    78.9652   105.3538   168.7016   235.9069   279.9843   307.1105   325.8500
2034    68.6035    70.3705    78.5718   104.0959   168.5396   237.5386   281.9524   307.7643   353.0010

Spawning Stock Biomass  x       1000 MT

Year       Average        StdDev
2021        2.2990        0.4620
2022        2.6228        0.4326
2023        2.9743        0.6161
2024        2.6162        0.6383
2025        2.8192        0.7443
2026        3.3410        0.9047
2027        3.6658        0.9643
2028        3.8337        0.9945
2029        3.9233        0.9929
2030        3.9694        1.0394
2031        3.9907        1.0431
2032        3.9826        1.0049
2033        3.9804        1.0037
2034        3.9769        0.9934

Spawning Stock Biomass Distribution

Year        1%         5%         10%        25%        50%        75%        90%        95%        99%   
2021     1.4609     1.7289     1.8299     1.9992     2.2304     2.5185     2.8181     3.0346     4.2039 
2022     1.7489     1.9674     2.0916     2.3228     2.5886     2.8734     3.2047     3.4168     3.7781 
2023     1.8575     2.0875     2.2368     2.5250     2.9074     3.3472     3.8122     4.1265     4.6701 
2024     1.4761     1.7040     1.8462     2.1535     2.5449     3.0139     3.4679     3.7232     4.2669 
2025     1.4966     1.7653     1.9437     2.2832     2.7369     3.2725     3.7853     4.1334     4.7512 
2026     1.7379     2.0604     2.2713     2.6926     3.2528     3.8868     4.4773     4.8609     5.7268 
2027     1.9273     2.2774     2.5065     2.9791     3.5775     4.2646     4.8974     5.2654     6.1609 
2028     2.0409     2.4251     2.6729     3.1305     3.7489     4.4247     5.0789     5.4715     6.4174 
2029     2.0985     2.5021     2.7267     3.2154     3.8299     4.5176     5.1862     5.6194     6.5244 
2030     2.1323     2.5308     2.7786     3.2523     3.8628     4.5636     5.2728     5.7080     6.7060 
2031     2.1660     2.5265     2.7874     3.2605     3.8908     4.5933     5.2727     5.7272     6.8203 
2032     2.1532     2.5453     2.7911     3.2635     3.8898     4.5802     5.2609     5.6609     6.8198 
2033     2.1497     2.5381     2.7923     3.2586     3.9004     4.5856     5.2625     5.6710     6.6111 
2034     2.1621     2.5368     2.7793     3.2527     3.8902     4.6014     5.2624     5.6739     6.6602 

JAN-1 Stock Biomass  x       1000 MT

Year       Average        StdDev
2021        9.2987        1.5971
2022        9.5254        1.8218
2023        9.0376        1.9257
2024        8.4757        1.9428
2025        8.1905        1.9615
2026        8.9789        2.1041
2027        9.4517        2.1729
2028        9.7080        2.2448
2029        9.8484        2.2761
2030        9.8884        2.2645
2031        9.8949        2.2166
2032        9.8917        2.2106
2033        9.8895        2.1979
2034        9.9029        2.2061

JAN-1 Stock Biomass Distribution

Year       1%         5%         10%        25%        50%        75%        90%        95%        99%    
2021     6.3194     6.9370     7.3670     8.1860     9.1707    10.1197    11.5605    12.3550    13.7574 
2022     6.1710     6.8328     7.2835     8.2209     9.3745    10.6417    11.9089    12.7496    14.4558 
2023     5.4450     6.1720     6.6833     7.7018     8.8829    10.1954    11.5470    12.3512    14.0075 
2024     4.7519     5.6474     6.1250     7.1058     8.3153     9.6778    10.9254    11.7342    13.7082 
2025     4.5052     5.2843     5.7913     6.8334     8.0630     9.4007    10.6197    11.4378    13.3283 
2026     4.9305     5.8751     6.4390     7.5134     8.8442    10.2407    11.6138    12.4295    14.5932 
2027     5.2326     6.1960     6.8540     7.9454     9.2973    10.7674    12.1580    13.0692    15.2082 
2028     5.4349     6.4510     7.0477     8.1836     9.5243    11.0122    12.5098    13.4490    15.7187 
2029     5.5813     6.5927     7.1738     8.2842     9.6569    11.1785    12.6620    13.6234    16.1171 
2030     5.6187     6.5800     7.2191     8.3366     9.7319    11.2292    12.6980    13.6372    16.1243 
2031     5.6423     6.6395     7.2287     8.3713     9.7488    11.2438    12.6388    13.5448    15.9460 
2032     5.6265     6.6000     7.2201     8.3394     9.7302    11.2570    12.7029    13.6241    15.7342 
2033     5.6635     6.6037     7.2206     8.3156     9.7351    11.2847    12.6886    13.5727    15.8543 
2034     5.6145     6.6483     7.2226     8.3603     9.7258    11.2500    12.7285    13.7212    15.9652 

Mean Biomass  x       1000 MT

Year       Average        StdDev
2021        8.4259        1.5330
2022        8.2483        1.7307
2023        7.6674        1.7772
2024        7.2445        1.7975
2025        7.5732        1.9016
2026        8.2002        2.0081
2027        8.5531        2.0385
2028        8.7405        2.1188
2029        8.8570        2.1623
2030        8.8695        2.1233
2031        8.8770        2.1006
2032        8.8627        2.0885
2033        8.8703        2.0858
2034        8.8752        2.0811

Mean Biomass Distribution

Year       1%         5%         10%        25%        50%        75%        90%        95%        99%    
2021     5.6539     6.1924     6.5977     7.2834     8.3074     9.2853    10.5424    11.2752    12.6451 
2022     5.0882     5.7128     6.1518     7.0007     8.0925     9.3366    10.4639    11.2306    12.8824 
2023     4.4467     5.0506     5.5119     6.3933     7.5233     8.7500     9.9344    10.6794    12.4080 
2024     3.9235     4.6355     5.0792     5.9499     7.1055     8.3737     9.4951    10.2204    11.9212 
2025     4.0102     4.7572     5.2666     6.2323     7.4400     8.7360     9.9622    10.7309    12.3978 
2026     4.4269     5.2724     5.7835     6.7870     8.0403     9.4282    10.7016    11.5009    13.5906 
2027     4.6417     5.5187     6.0941     7.1343     8.4062     9.7950    11.1189    11.9171    13.9403 
2028     4.8152     5.6909     6.2269     7.2795     8.5835     9.9721    11.3399    12.2758    14.6032 
2029     4.8449     5.7520     6.3114     7.3724     8.6822    10.0980    11.5103    12.3950    14.6706 
2030     4.8745     5.7303     6.3572     7.3924     8.7031    10.1297    11.4939    12.3709    14.6157 
2031     4.8335     5.7916     6.3519     7.4061     8.7297    10.1176    11.4605    12.3934    14.5780 
2032     4.9117     5.7905     6.3473     7.3849     8.6965    10.1388    11.5637    12.3927    14.3769 
2033     4.8653     5.7882     6.3224     7.3786     8.7305    10.1525    11.5201    12.4154    14.5598 
2034     4.9369     5.8021     6.3524     7.3897     8.7275    10.1370    11.5209    12.4813    14.4965 

Combined Catch Biomass  x       1000 MT

Year       Average        StdDev
2021        2.8919        0.4683
2022        3.3916        0.5702
2023        3.3559        0.6710
2024        3.0626        0.6933
2025        1.8051        0.4364
2026        2.0617        0.4988
2027        2.2179        0.5266
2028        2.3008        0.5351
2029        2.3437        0.5458
2030        2.3643        0.5610
2031        2.3686        0.5544
2032        2.3659        0.5437
2033        2.3635        0.5407
2034        2.3648        0.5387

Combined Catch Distribution

Year       1%         5%         10%        25%        50%        75%        90%        95%        99%    
2021     1.9006     2.2957     2.3897     2.5802     2.8293     3.1475     3.4482     3.6740     4.6201 
2022     2.3399     2.5542     2.6989     2.9576     3.3604     3.7165     4.1874     4.4721     4.8987 
2023     2.1305     2.3684     2.5278     2.8745     3.3000     3.7804     4.2374     4.5159     5.0826 
2024     1.7802     2.0405     2.2279     2.5662     3.0066     3.4923     3.9540     4.2506     4.8474 
2025     0.9963     1.1688     1.2781     1.4966     1.7727     2.0670     2.3525     2.5287     2.9637 
2026     1.1364     1.3292     1.4587     1.7119     2.0262     2.3592     2.6854     2.8946     3.3629 
2027     1.2197     1.4400     1.5885     1.8495     2.1777     2.5349     2.8738     3.0808     3.5980 
2028     1.2827     1.5097     1.6593     1.9259     2.2620     2.6215     2.9703     3.1891     3.7023 
2029     1.3099     1.5517     1.6928     1.9633     2.2978     2.6684     3.0331     3.2572     3.7942 
2030     1.3426     1.5599     1.7091     1.9750     2.3216     2.6931     3.0550     3.2813     3.9339 
2031     1.3459     1.5602     1.7166     1.9877     2.3257     2.6966     3.0480     3.2713     3.8899 
2032     1.3225     1.5645     1.7140     1.9938     2.3206     2.6983     3.0432     3.2793     3.8290 
2033     1.3375     1.5606     1.7070     1.9776     2.3266     2.6994     3.0497     3.2721     3.7749 
2034     1.3420     1.5585     1.7101     1.9813     2.3288     2.6989     3.0557     3.2633     3.8419 

Landings  x       1000 MT

Year       Average        StdDev
2021        2.8919        0.4683
2022        3.3916        0.5702
2023        3.3559        0.6710
2024        3.0626        0.6933
2025        1.8051        0.4364
2026        2.0617        0.4988
2027        2.2179        0.5266
2028        2.3008        0.5351
2029        2.3437        0.5458
2030        2.3643        0.5610
2031        2.3686        0.5544
2032        2.3659        0.5437
2033        2.3635        0.5407
2034        2.3648        0.5387

Landings Distribution

Year       1%         5%         10%        25%        50%        75%        90%        95%        99%    
2021     1.9006     2.2957     2.3897     2.5802     2.8293     3.1475     3.4482     3.6740     4.6201 
2022     2.3399     2.5542     2.6989     2.9576     3.3604     3.7165     4.1874     4.4721     4.8987 
2023     2.1305     2.3684     2.5278     2.8745     3.3000     3.7804     4.2374     4.5159     5.0826 
2024     1.7802     2.0405     2.2279     2.5662     3.0066     3.4923     3.9540     4.2506     4.8474 
2025     0.9963     1.1688     1.2781     1.4966     1.7727     2.0670     2.3525     2.5287     2.9637 
2026     1.1364     1.3292     1.4587     1.7119     2.0262     2.3592     2.6854     2.8946     3.3629 
2027     1.2197     1.4400     1.5885     1.8495     2.1777     2.5349     2.8738     3.0808     3.5980 
2028     1.2827     1.5097     1.6593     1.9259     2.2620     2.6215     2.9703     3.1891     3.7023 
2029     1.3099     1.5517     1.6928     1.9633     2.2978     2.6684     3.0331     3.2572     3.7942 
2030     1.3426     1.5599     1.7091     1.9750     2.3216     2.6931     3.0550     3.2813     3.9339 
2031     1.3459     1.5602     1.7166     1.9877     2.3257     2.6966     3.0480     3.2713     3.8899 
2032     1.3225     1.5645     1.7140     1.9938     2.3206     2.6983     3.0432     3.2793     3.8290 
2033     1.3375     1.5606     1.7070     1.9776     2.3266     2.6994     3.0497     3.2721     3.7749 
2034     1.3420     1.5585     1.7101     1.9813     2.3288     2.6989     3.0557     3.2633     3.8419 

Total Fishing Mortality

Year       Average        StdDev
2021        1.0794        0.0000
2022        1.0794        0.0000
2023        1.0794        0.0000
2024        1.0794        0.0000
2025        0.6032        0.0000
2026        0.6032        0.0000
2027        0.6032        0.0000
2028        0.6032        0.0000
2029        0.6032        0.0000
2030        0.6032        0.0000
2031        0.6032        0.0000
2032        0.6032        0.0000
2033        0.6032        0.0000
2034        0.6032        0.0000

Total Fishing Mortality Distribution

Year       1%         5%         10%        25%        50%        75%        90%        95%        99%    
2021     1.0794     1.0794     1.0794     1.0794     1.0794     1.0794     1.0794     1.0794     1.0794 
2022     1.0794     1.0794     1.0794     1.0794     1.0794     1.0794     1.0794     1.0794     1.0794 
2023     1.0794     1.0794     1.0794     1.0794     1.0794     1.0794     1.0794     1.0794     1.0794 
2024     1.0794     1.0794     1.0794     1.0794     1.0794     1.0794     1.0794     1.0794     1.0794 
2025     0.6032     0.6032     0.6032     0.6032     0.6032     0.6032     0.6032     0.6032     0.6032 
2026     0.6032     0.6032     0.6032     0.6032     0.6032     0.6032     0.6032     0.6032     0.6032 
2027     0.6032     0.6032     0.6032     0.6032     0.6032     0.6032     0.6032     0.6032     0.6032 
2028     0.6032     0.6032     0.6032     0.6032     0.6032     0.6032     0.6032     0.6032     0.6032 
2029     0.6032     0.6032     0.6032     0.6032     0.6032     0.6032     0.6032     0.6032     0.6032 
2030     0.6032     0.6032     0.6032     0.6032     0.6032     0.6032     0.6032     0.6032     0.6032 
2031     0.6032     0.6032     0.6032     0.6032     0.6032     0.6032     0.6032     0.6032     0.6032 
2032     0.6032     0.6032     0.6032     0.6032     0.6032     0.6032     0.6032     0.6032     0.6032 
2033     0.6032     0.6032     0.6032     0.6032     0.6032     0.6032     0.6032     0.6032     0.6032 
2034     0.6032     0.6032     0.6032     0.6032     0.6032     0.6032     0.6032     0.6032     0.6032 

JAN-1 Stock Numbers at Age  -       1000  Fish

2021

Age        1%         5%         10%        25%        50%        75%        90%        95%        99%    
1      140.2370   175.0900   184.8320   216.7130   261.1480   317.3690   385.6290   409.5080   464.9250
2       58.9389    77.9477    80.8620    85.4451   100.4175   112.5240   125.3470   138.4980   148.4390
3       34.1986    41.3466    43.5177    47.9381    54.8765    60.4455    67.3245    74.4817    84.8335
4        4.4701     6.3288     7.3712     8.3369     9.5330    10.8358    12.5169    14.0136    20.6054
5        1.2938     1.6031     1.7337     2.2441     2.6907     3.2695     4.2092     4.8898     7.4995
6        0.2917     0.4842     0.6024     0.6936     0.9665     1.2287     1.8234     2.1765     5.0518
7        0.0278     0.0584     0.0739     0.1025     0.1591     0.2261     0.3164     0.3996     1.3049
8        0.0082     0.0292     0.0370     0.0584     0.1092     0.1670     0.2575     0.4456     2.1858
9        0.0003     0.0014     0.0021     0.0035     0.0085     0.0144     0.0223     0.0334     0.2402
10        0.0001     0.0005     0.0007     0.0015     0.0043     0.0069     0.0143     0.0242     0.2609
11        0.0000     0.0001     0.0002     0.0004     0.0014     0.0028     0.0051     0.0082     0.1988
12        0.0000     0.0000     0.0000     0.0000     0.0001     0.0003     0.0005     0.0008     0.0280
13        0.0000     0.0000     0.0000     0.0000     0.0000     0.0002     0.0003     0.0005     0.0316
14        0.0000     0.0000     0.0000     0.0000     0.0000     0.0000     0.0001     0.0001     0.0183
15+       0.0000     0.0000     0.0000     0.0000     0.0000     0.0000     0.0000     0.0000     0.0127

2022

Age        1%         5%         10%        25%        50%        75%        90%        95%        99%    
1       68.6628    71.0835    79.1242   104.2291   168.4553   234.6261   278.1076   305.4797   324.4043
2       86.3422   102.2039   108.9645   126.1104   153.3937   187.2001   226.0037   247.6024   277.0137
3       26.7138    34.4400    36.1992    39.1508    44.8838    51.0846    58.0887    62.9871    70.6302
4       11.9690    13.9426    14.9821    16.5203    18.5650    20.8196    23.6004    26.0451    31.1925
5        1.4290     1.9498     2.1965     2.5244     2.9100     3.3233     3.9061     4.2951     6.5567
6        0.3760     0.4630     0.5075     0.6457     0.7753     0.9511     1.2378     1.4458     2.4181
7        0.0972     0.1453     0.1720     0.2053     0.2737     0.3645     0.5307     0.6304     1.6257
8        0.0093     0.0178     0.0219     0.0305     0.0465     0.0675     0.0973     0.1261     0.4503
9        0.0028     0.0091     0.0113     0.0183     0.0336     0.0514     0.0810     0.1366     0.7474
10        0.0001     0.0004     0.0007     0.0011     0.0027     0.0045     0.0073     0.0110     0.0859
11        0.0000     0.0002     0.0002     0.0005     0.0014     0.0022     0.0049     0.0080     0.1013
12        0.0000     0.0000     0.0001     0.0001     0.0005     0.0009     0.0017     0.0028     0.0743
13        0.0000     0.0000     0.0000     0.0000     0.0000     0.0001     0.0002     0.0003     0.0106
14        0.0000     0.0000     0.0000     0.0000     0.0000     0.0001     0.0001     0.0002     0.0124
15+       0.0000     0.0000     0.0000     0.0000     0.0000     0.0000     0.0000     0.0001     0.0121

2023

Age        1%         5%         10%        25%        50%        75%        90%        95%        99%    
1       68.6163    70.9765    78.8974   104.1692   168.2212   235.0408   277.5959   305.4178   325.6242
2       38.9046    42.0686    46.2983    60.5908    97.9030   136.3536   164.5963   178.7068   199.4426
3       38.7840    45.5806    49.1182    56.8040    69.2465    84.7608   102.2833   112.0842   127.2581
4        9.0549    11.5591    12.2363    13.4619    15.3818    17.6749    20.0706    21.8035    24.4814
5        3.6155     4.1754     4.4994     4.9860     5.6228     6.3548     7.1920     7.9099     9.5695
6        0.4163     0.5605     0.6272     0.7278     0.8407     0.9648     1.1302     1.2562     1.8735
7        0.1094     0.1323     0.1472     0.1859     0.2242     0.2762     0.3614     0.4221     0.7124
8        0.0288     0.0429     0.0502     0.0612     0.0812     0.1090     0.1592     0.1853     0.4837
9        0.0030     0.0054     0.0067     0.0093     0.0142     0.0208     0.0296     0.0386     0.1403
10        0.0009     0.0029     0.0036     0.0058     0.0106     0.0163     0.0258     0.0427     0.2555
11        0.0000     0.0001     0.0002     0.0004     0.0009     0.0015     0.0024     0.0036     0.0289
12        0.0000     0.0001     0.0001     0.0002     0.0005     0.0007     0.0016     0.0026     0.0332
13        0.0000     0.0000     0.0000     0.0000     0.0002     0.0003     0.0006     0.0009     0.0258
14        0.0000     0.0000     0.0000     0.0000     0.0000     0.0000     0.0001     0.0001     0.0038
15+       0.0000     0.0000     0.0000     0.0000     0.0000     0.0000     0.0000     0.0001     0.0085

2024

Age        1%         5%         10%        25%        50%        75%        90%        95%        99%    
1       68.5858    70.3099    78.8992   105.1618   168.6332   236.7054   279.0566   304.8479   325.4995
2       38.5779    42.0032    46.0063    60.7219    97.8796   137.6701   164.2317   178.6829   203.3152
3       17.1441    19.0102    20.7444    27.1876    44.0627    61.3596    74.8695    81.1606    92.2167
4       13.2509    15.5336    16.8272    19.4383    23.7144    29.2050    35.0681    38.6465    44.3895
5        2.7324     3.4330     3.6695     4.0676     4.6591     5.3722     6.1173     6.6283     7.5157
6        1.0269     1.1966     1.2822     1.4344     1.6251     1.8467     2.0928     2.3023     2.7805
7        0.1209     0.1615     0.1794     0.2093     0.2429     0.2812     0.3290     0.3656     0.5504
8        0.0323     0.0388     0.0437     0.0549     0.0663     0.0825     0.1076     0.1251     0.2126
9        0.0089     0.0131     0.0152     0.0187     0.0249     0.0336     0.0485     0.0569     0.1492
10        0.0010     0.0017     0.0021     0.0029     0.0045     0.0066     0.0093     0.0123     0.0453
11        0.0003     0.0009     0.0011     0.0019     0.0034     0.0053     0.0084     0.0139     0.0868
12        0.0000     0.0000     0.0001     0.0001     0.0003     0.0005     0.0008     0.0012     0.0096
13        0.0000     0.0000     0.0000     0.0001     0.0002     0.0003     0.0005     0.0009     0.0110
14        0.0000     0.0000     0.0000     0.0000     0.0001     0.0001     0.0002     0.0003     0.0089
15+       0.0000     0.0000     0.0000     0.0000     0.0000     0.0000     0.0000     0.0001     0.0045

2025

Age        1%         5%         10%        25%        50%        75%        90%        95%        99%    
1       68.6527    70.9801    79.3554   104.5890   168.6233   236.2310   280.4119   305.7530   325.1537
2       38.4752    41.8259    45.8100    61.0191    98.1424   139.0500   165.6734   178.9491   199.4412
3       17.2370    18.9668    20.6924    27.3243    43.8252    61.7870    74.6436    81.2163    93.3538
4        5.7327     6.4919     7.1319     9.3291    15.0397    21.0294    25.7715    27.9687    32.2770
5        3.9914     4.6767     5.0507     5.8788     7.1838     8.8875    10.7244    11.7535    13.5190
6        0.7844     0.9802     1.0510     1.1725     1.3455     1.5551     1.7777     1.9263     2.1863
7        0.2928     0.3408     0.3674     0.4136     0.4696     0.5366     0.6112     0.6740     0.8109
8        0.0355     0.0475     0.0529     0.0617     0.0721     0.0840     0.0986     0.1099     0.1622
9        0.0097     0.0118     0.0133     0.0167     0.0203     0.0254     0.0331     0.0387     0.0660
10        0.0028     0.0041     0.0048     0.0059     0.0079     0.0107     0.0154     0.0181     0.0477
11        0.0003     0.0006     0.0007     0.0009     0.0014     0.0021     0.0030     0.0040     0.0159
12        0.0001     0.0003     0.0004     0.0006     0.0011     0.0018     0.0028     0.0045     0.0283
13        0.0000     0.0000     0.0000     0.0000     0.0001     0.0002     0.0003     0.0004     0.0032
14        0.0000     0.0000     0.0000     0.0000     0.0001     0.0001     0.0002     0.0003     0.0038
15+       0.0000     0.0000     0.0000     0.0000     0.0000     0.0000     0.0001     0.0001     0.0048

2026

Age        1%         5%         10%        25%        50%        75%        90%        95%        99%    
1       68.6752    71.3714    78.6769   104.3129   168.4967   237.0065   278.7899   306.5988   325.1234
2       39.7636    43.3080    47.4557    62.6698   101.1812   142.1976   169.7171   183.7150   205.5968
3       20.0589    22.1802    24.2838    32.1249    51.6332    73.2014    88.2815    95.4043   108.2832
4        7.7769     8.7148     9.5730    12.6047    20.1957    28.4150    34.5805    37.6495    43.8397
5        2.4738     2.8103     3.0956     4.0479     6.5154     9.0955    11.1897    12.2122    14.0825
6        1.6762     1.9700     2.1298     2.4853     3.0399     3.7605     4.5325     4.9779     5.7644
7        0.3306     0.4097     0.4429     0.4944     0.5696     0.6603     0.7569     0.8183     0.9344
8        0.1248     0.1448     0.1565     0.1770     0.2018     0.2314     0.2641     0.2914     0.3486
9        0.0154     0.0204     0.0228     0.0268     0.0315     0.0368     0.0431     0.0484     0.0706
10        0.0043     0.0052     0.0059     0.0074     0.0090     0.0114     0.0147     0.0172     0.0292
11        0.0013     0.0018     0.0021     0.0027     0.0035     0.0048     0.0070     0.0082     0.0215
12        0.0001     0.0003     0.0003     0.0004     0.0007     0.0010     0.0014     0.0019     0.0071
13        0.0000     0.0001     0.0002     0.0003     0.0005     0.0008     0.0013     0.0021     0.0132
14        0.0000     0.0000     0.0000     0.0000     0.0000     0.0001     0.0001     0.0002     0.0015
15+       0.0000     0.0000     0.0000     0.0000     0.0000     0.0001     0.0001     0.0002     0.0041

2027

Age        1%         5%         10%        25%        50%        75%        90%        95%        99%    
1       68.6852    70.8012    79.4676   106.1535   168.8336   236.9366   280.1493   305.7273   324.9888
2       40.0177    43.3368    47.1639    62.3997   101.1208   142.6642   169.3054   184.1348   206.2577
3       20.6643    22.9102    25.1171    33.2034    53.2553    75.0817    90.5432    97.9736   111.6855
4        9.1416    10.2363    11.2364    14.7702    23.7298    33.6693    40.8252    44.2412    51.0195
5        3.3535     3.7797     4.1372     5.4708     8.7145    12.3153    14.9998    16.4306    19.4087
6        1.0311     1.1825     1.3028     1.7139     2.7445     3.8227     4.7452     5.1789     6.0760
7        0.7031     0.8275     0.8953     1.0512     1.2859     1.5910     1.9172     2.1156     2.4607
8        0.1401     0.1732     0.1883     0.2117     0.2444     0.2838     0.3271     0.3550     0.4042
9        0.0535     0.0626     0.0677     0.0769     0.0882     0.1012     0.1160     0.1279     0.1530
10        0.0068     0.0090     0.0101     0.0119     0.0140     0.0164     0.0193     0.0216     0.0314
11        0.0019     0.0024     0.0027     0.0033     0.0041     0.0051     0.0067     0.0078     0.0133
12        0.0006     0.0008     0.0010     0.0012     0.0016     0.0022     0.0032     0.0037     0.0098
13        0.0001     0.0001     0.0001     0.0002     0.0003     0.0004     0.0006     0.0009     0.0033
14        0.0000     0.0001     0.0001     0.0001     0.0002     0.0004     0.0006     0.0010     0.0060
15+       0.0000     0.0000     0.0000     0.0000     0.0000     0.0001     0.0001     0.0002     0.0026

2028

Age        1%         5%         10%        25%        50%        75%        90%        95%        99%    
1       68.6433    70.6620    79.3137   104.8078   168.4094   236.1517   280.4949   307.5798   337.7057
2       39.8979    43.3987    47.7262    63.3244   101.7001   142.7714   170.0107   184.0699   205.9473
3       20.8353    23.0366    25.0203    33.0814    53.3543    75.5309    90.5165    97.5971   111.6324
4        9.3994    10.5575    11.5565    15.3634    24.4772    34.5515    41.9809    45.2638    52.4344
5        3.9343     4.4246     4.8928     6.4116    10.2777    14.6258    17.7263    19.2795    22.4342
6        1.3995     1.5944     1.7528     2.3127     3.6737     5.1758     6.3657     6.9790     8.2373
7        0.4317     0.4987     0.5521     0.7239     1.1526     1.6109     2.0132     2.2072     2.5995
8        0.2980     0.3509     0.3830     0.4502     0.5522     0.6824     0.8283     0.9124     1.0567
9        0.0608     0.0747     0.0814     0.0922     0.1067     0.1243     0.1430     0.1559     0.1788
10        0.0236     0.0275     0.0299     0.0341     0.0392     0.0451     0.0519     0.0572     0.0693
11        0.0031     0.0040     0.0045     0.0053     0.0063     0.0074     0.0087     0.0098     0.0142
12        0.0009     0.0011     0.0012     0.0015     0.0019     0.0023     0.0031     0.0036     0.0061
13        0.0003     0.0004     0.0004     0.0006     0.0007     0.0010     0.0015     0.0017     0.0044
14        0.0000     0.0001     0.0001     0.0001     0.0001     0.0002     0.0003     0.0004     0.0015
15+       0.0000     0.0000     0.0000     0.0001     0.0001     0.0002     0.0003     0.0005     0.0040

2029

Age        1%         5%         10%        25%        50%        75%        90%        95%        99%    
1       68.6273    70.9099    79.1100   105.0139   168.7215   238.0073   284.0069   309.4867   367.5488
2       39.6630    43.2475    47.4674    62.5873   100.9751   142.4125   170.3871   185.8829   210.6832
3       20.8234    23.0966    25.2663    33.4977    53.5887    75.4756    90.6022    98.0590   111.8746
4        9.4377    10.5875    11.5743    15.2042    24.4860    34.7048    41.6206    45.3605    52.5726
5        4.0438     4.5837     5.0179     6.6518    10.5864    14.9328    18.2186    19.7717    22.8974
6        1.6563     1.8671     2.0596     2.7185     4.3388     6.1407     7.5010     8.1608     9.6614
7        0.5801     0.6727     0.7407     0.9752     1.5481     2.1782     2.7048     2.9764     3.4931
8        0.1820     0.2129     0.2360     0.3107     0.4941     0.6877     0.8697     0.9555     1.1269
9        0.1289     0.1518     0.1657     0.1962     0.2412     0.2989     0.3623     0.4009     0.4684
10        0.0269     0.0329     0.0359     0.0409     0.0474     0.0555     0.0640     0.0696     0.0801
11        0.0104     0.0123     0.0134     0.0153     0.0177     0.0204     0.0235     0.0259     0.0312
12        0.0014     0.0018     0.0021     0.0024     0.0029     0.0034     0.0040     0.0045     0.0065
13        0.0004     0.0005     0.0006     0.0007     0.0009     0.0011     0.0014     0.0017     0.0028
14        0.0001     0.0002     0.0002     0.0003     0.0003     0.0005     0.0007     0.0008     0.0020
15+       0.0000     0.0000     0.0001     0.0001     0.0001     0.0002     0.0003     0.0004     0.0026

2030

Age        1%         5%         10%        25%        50%        75%        90%        95%        99%    
1       68.6733    70.0802    79.0312   104.5849   168.3498   235.9452   278.3663   305.9041   325.3088
2       39.8289    43.1599    47.3310    62.7885   101.4670   143.6234   171.4614   186.0180   223.7741
3       20.6454    22.9602    25.1403    33.1411    53.2011    75.3318    90.8943    98.7100   114.4746
4        9.4584    10.5617    11.6285    15.4734    24.6547    34.5938    41.8295    45.4918    52.3182
5        4.0430     4.5875     4.9986     6.6007    10.5913    15.0277    18.1001    19.7799    22.9526
6        1.6981     1.9243     2.1152     2.8123     4.4659     6.2921     7.7256     8.4040     9.8847
7        0.6853     0.7875     0.8674     1.1464     1.8328     2.5926     3.1868     3.4647     4.0978
8        0.2469     0.2869     0.3172     0.4199     0.6631     0.9326     1.1633     1.2833     1.5226
9        0.0780     0.0919     0.1030     0.1355     0.2147     0.2992     0.3803     0.4202     0.4962
10        0.0569     0.0668     0.0734     0.0868     0.1071     0.1326     0.1612     0.1783     0.2110
11        0.0119     0.0147     0.0161     0.0184     0.0214     0.0251     0.0290     0.0316     0.0364
12        0.0047     0.0056     0.0061     0.0070     0.0080     0.0093     0.0108     0.0119     0.0143
13        0.0006     0.0008     0.0009     0.0011     0.0013     0.0016     0.0018     0.0021     0.0030
14        0.0002     0.0002     0.0003     0.0003     0.0004     0.0005     0.0007     0.0008     0.0013
15+       0.0001     0.0001     0.0001     0.0002     0.0002     0.0003     0.0005     0.0006     0.0022

2031

Age        1%         5%         10%        25%        50%        75%        90%        95%        99%    
1       68.6897    70.6677    78.4672   103.8386   168.4943   237.1417   278.6670   304.3080   325.3090
2       39.6089    43.0803    47.0513    62.5471   100.7107   141.7608   168.9855   184.0716   205.2938
3       20.7797    22.9029    25.0307    33.2505    53.6885    75.6342    91.1743    98.9807   119.3849
4        9.3878    10.5321    11.5931    15.2897    24.4677    34.6891    42.1906    45.7908    54.3323
5        4.0698     4.5797     5.0451     6.7235    10.7084    14.9776    18.1614    19.9002    23.1171
6        1.7146     1.9276     2.1153     2.7854     4.4756     6.3283     7.6732     8.3488     9.9071
7        0.7033     0.8083     0.8999     1.1898     1.8854     2.6639     3.2630     3.5646     4.2624
8        0.2929     0.3371     0.3723     0.4912     0.7872     1.1116     1.3711     1.4978     1.7800
9        0.1066     0.1244     0.1384     0.1828     0.2885     0.4064     0.5096     0.5630     0.6750
10        0.0345     0.0408     0.0458     0.0602     0.0953     0.1333     0.1691     0.1873     0.2236
11        0.0254     0.0300     0.0329     0.0393     0.0482     0.0599     0.0727     0.0807     0.0946
12        0.0054     0.0067     0.0072     0.0083     0.0097     0.0115     0.0133     0.0144     0.0168
13        0.0022     0.0025     0.0028     0.0032     0.0037     0.0043     0.0050     0.0055     0.0066
14        0.0003     0.0004     0.0004     0.0005     0.0006     0.0007     0.0009     0.0010     0.0014
15+       0.0001     0.0002     0.0002     0.0002     0.0003     0.0004     0.0005     0.0006     0.0016

2032

Age        1%         5%         10%        25%        50%        75%        90%        95%        99%    
1       68.6091    70.3418    78.7906   104.9343   168.4146   235.9289   280.5116   307.5324   328.5834
2       39.8733    42.9819    46.9398    62.1889   101.0998   143.4675   169.4809   183.8321   205.7536
3       20.7221    22.7600    24.9425    33.0355    53.1365    74.9485    90.3401    97.8441   110.6670
4        9.4849    10.5699    11.5358    15.2967    24.6942    34.8560    42.2771    45.9639    56.1659
5        4.0122     4.5595     5.0383     6.6348    10.6149    15.0232    18.3604    19.9222    23.9591
6        1.6967     1.9306     2.1385     2.8473     4.5112     6.3301     7.7119     8.4537     9.9326
7        0.7052     0.8110     0.8946     1.1796     1.8824     2.6648     3.2632     3.5587     4.2391
8        0.2967     0.3464     0.3835     0.5098     0.8086     1.1380     1.4025     1.5398     1.8426
9        0.1262     0.1465     0.1622     0.2138     0.3427     0.4838     0.5998     0.6552     0.7829
10        0.0470     0.0550     0.0614     0.0811     0.1284     0.1803     0.2269     0.2519     0.3050
11        0.0154     0.0184     0.0206     0.0271     0.0428     0.0601     0.0763     0.0849     0.1021
12        0.0114     0.0136     0.0150     0.0178     0.0220     0.0274     0.0333     0.0369     0.0439
13        0.0025     0.0030     0.0033     0.0038     0.0045     0.0053     0.0062     0.0067     0.0078
14        0.0010     0.0012     0.0013     0.0015     0.0017     0.0020     0.0023     0.0026     0.0031
15+       0.0002     0.0003     0.0003     0.0004     0.0004     0.0005     0.0006     0.0007     0.0014

2033

Age        1%         5%         10%        25%        50%        75%        90%        95%        99%    
1       68.6320    70.1536    78.4329   104.6146   168.5073   238.0076   279.7107   306.6556   335.4393
2       39.6495    43.1767    47.3283    62.6193   100.8979   142.0023   170.4288   184.9896   208.9935
3       20.5476    22.8092    24.9330    32.8630    53.2606    75.6879    90.3895    97.4924   112.5629
4        9.3954    10.4574    11.4633    15.2193    24.4045    34.4656    41.8285    45.4202    52.5337
5        4.0485     4.5719     5.0318     6.6320    10.6419    15.0573    18.3932    20.0652    24.9616
6        1.6705     1.9094     2.1281     2.7993     4.4776     6.3198     7.7457     8.4836    10.2878
7        0.7034     0.8115     0.9068     1.1998     1.9030     2.6675     3.2827     3.5659     4.2497
8        0.2998     0.3461     0.3842     0.5056     0.8061     1.1441     1.3994     1.5384     1.8457
9        0.1279     0.1502     0.1677     0.2230     0.3519     0.4959     0.6127     0.6754     0.8061
10        0.0557     0.0647     0.0722     0.0948     0.1515     0.2142     0.2668     0.2927     0.3580
11        0.0207     0.0247     0.0276     0.0364     0.0575     0.0815     0.1025     0.1143     0.1386
12        0.0070     0.0083     0.0094     0.0124     0.0195     0.0274     0.0350     0.0388     0.0470
13        0.0052     0.0062     0.0068     0.0082     0.0101     0.0127     0.0154     0.0171     0.0203
14        0.0011     0.0014     0.0015     0.0018     0.0021     0.0025     0.0029     0.0031     0.0036
15+       0.0006     0.0007     0.0007     0.0009     0.0010     0.0012     0.0014     0.0015     0.0020

2034

Age        1%         5%         10%        25%        50%        75%        90%        95%        99%    
1       68.6624    70.3732    78.9652   105.3538   168.7016   235.9069   279.9843   307.1105   325.8500
2       39.9733    43.0925    46.9511    62.6202   101.1458   143.4687   170.0400   184.5636   208.7429
3       20.6450    22.8291    25.1495    33.1161    53.2693    74.9336    90.8793    98.5269   112.5838
4        9.3520    10.4945    11.4919    15.1339    24.5019    34.7294    41.7707    45.3081    52.9061
5        4.0165     4.5132     4.9735     6.6017    10.5427    14.9237    18.1669    19.8455    23.1451
6        1.6848     1.9272     2.1195     2.8028     4.5062     6.3443     7.7942     8.4904    10.6558
7        0.6983     0.8056     0.9008     1.1873     1.8870     2.6632     3.2933     3.5990     4.3745
8        0.2999     0.3478     0.3878     0.5162     0.8142     1.1418     1.4134     1.5561     1.8281
9        0.1282     0.1507     0.1670     0.2202     0.3513     0.4974     0.6115     0.6767     0.8074
10        0.0562     0.0667     0.0740     0.0985     0.1554     0.2207     0.2732     0.3016     0.3679
11        0.0249     0.0290     0.0324     0.0427     0.0683     0.0967     0.1204     0.1331     0.1634
12        0.0094     0.0112     0.0126     0.0166     0.0261     0.0372     0.0468     0.0523     0.0637
13        0.0032     0.0038     0.0043     0.0057     0.0089     0.0126     0.0162     0.0180     0.0219
14        0.0024     0.0029     0.0032     0.0038     0.0047     0.0059     0.0072     0.0080     0.0094
15+       0.0008     0.0010     0.0011     0.0013     0.0015     0.0017     0.0019     0.0021     0.0024

Probability Spawning Stock Biomass Exceeds Threshold      3.660 (1000 MT)

Year    Probability

2021    0.018100
2022    0.019300
2023    0.136300
2024    0.058500
2025    0.127600
2026    0.332200
2027    0.464000
2028    0.533600
2029    0.573100
2030    0.583500
2031    0.597800
2032    0.595500
2033    0.589700
2034    0.590700

Probability Threshold Exceeded at Least Once =     0.9464

Probability Total Fishing Mortality Exceeds Threshold     0.8413 

Year    Probability

2021    1.000000
2022    1.000000
2023    1.000000
2024    1.000000
2025    0.000000
2026    0.000000
2027    0.000000
2028    0.000000
2029    0.000000
2030    0.000000
2031    0.000000
2032    0.000000
2033    0.000000
2034    0.000000

Probability Threshold Exceeded at Least Once =     1.0000


Requested Percentile Report

Percentile =    50.00 %

                                 2021       2022       2023       2024       2025       2026       2027       2028       2029       2030       2031       2032       2033       2034 

Recruits                     168.4553   168.2212   168.6332   168.6233   168.4967   168.8336   168.4094   168.7215   168.3498   168.4943   168.4146   168.5073   168.7016   168.5396 
Spawning Stock Biomass         2.2304     2.5886     2.9074     2.5449     2.7369     3.2528     3.5775     3.7489     3.8299     3.8628     3.8908     3.8898     3.9004     3.8902 
Jan-1 Stock Biomass            9.1707     9.3745     8.8829     8.3153     8.0630     8.8442     9.2973     9.5243     9.6569     9.7319     9.7488     9.7302     9.7351     9.7258 
Mean Biomass                   8.3074     8.0925     7.5233     7.1055     7.4400     8.0403     8.4062     8.5835     8.6822     8.7031     8.7297     8.6965     8.7305     8.7275 
Combined Catch Biomass         2.8293     3.3604     3.3000     3.0066     1.7727     2.0262     2.1777     2.2620     2.2978     2.3216     2.3257     2.3206     2.3266     2.3288 
Landings                       2.8293     3.3604     3.3000     3.0066     1.7727     2.0262     2.1777     2.2620     2.2978     2.3216     2.3257     2.3206     2.3266     2.3288 
FMort                          1.0794     1.0794     1.0794     1.0794     0.6032     0.6032     0.6032     0.6032     0.6032     0.6032     0.6032     0.6032     0.6032     0.6032 

Stock Numbers at Age
Age 1                        261.1480   168.4553   168.2212   168.6332   168.6233   168.4967   168.8336   168.4094   168.7215   168.3498   168.4943   168.4146   168.5073   168.7016 
Age 2                        100.4175   153.3937    97.9030    97.8796    98.1424   101.1812   101.1208   101.7001   100.9751   101.4670   100.7107   101.0998   100.8979   101.1458 
Age 3                         54.8765    44.8838    69.2465    44.0627    43.8252    51.6332    53.2553    53.3543    53.5887    53.2011    53.6885    53.1365    53.2606    53.2693 
Age 4                          9.5330    18.5650    15.3818    23.7144    15.0397    20.1957    23.7298    24.4772    24.4860    24.6547    24.4677    24.6942    24.4045    24.5019 
Age 5                          2.6907     2.9100     5.6228     4.6591     7.1838     6.5154     8.7145    10.2777    10.5864    10.5913    10.7084    10.6149    10.6419    10.5427 
Age 6                          0.9665     0.7753     0.8407     1.6251     1.3455     3.0399     2.7445     3.6737     4.3388     4.4659     4.4756     4.5112     4.4776     4.5062 
Age 7                          0.1591     0.2737     0.2242     0.2429     0.4696     0.5696     1.2859     1.1526     1.5481     1.8328     1.8854     1.8824     1.9030     1.8870 
Age 8                          0.1092     0.0465     0.0812     0.0663     0.0721     0.2018     0.2444     0.5522     0.4941     0.6631     0.7872     0.8086     0.8061     0.8142 
Age 9                          0.0085     0.0336     0.0142     0.0249     0.0203     0.0315     0.0882     0.1067     0.2412     0.2147     0.2885     0.3427     0.3519     0.3513 
Age 10                          0.0043     0.0027     0.0106     0.0045     0.0079     0.0090     0.0140     0.0392     0.0474     0.1071     0.0953     0.1284     0.1515     0.1554 
Age 11                          0.0014     0.0014     0.0009     0.0034     0.0014     0.0035     0.0041     0.0063     0.0177     0.0214     0.0482     0.0428     0.0575     0.0683 
Age 12                          0.0001     0.0005     0.0005     0.0003     0.0011     0.0007     0.0016     0.0019     0.0029     0.0080     0.0097     0.0220     0.0195     0.0261 
Age 13                          0.0000     0.0000     0.0002     0.0002     0.0001     0.0005     0.0003     0.0007     0.0009     0.0013     0.0037     0.0045     0.0101     0.0089 
Age 14                          0.0000     0.0000     0.0000     0.0001     0.0001     0.0000     0.0002     0.0001     0.0003     0.0004     0.0006     0.0017     0.0021     0.0047 
Age 15                          0.0000     0.0000     0.0000     0.0000     0.0000     0.0000     0.0000     0.0001     0.0001     0.0002     0.0003     0.0004     0.0010     0.0015 
