AGEPRO VERSION 4.2

Constant_Q2185_CR_age1_highS

Date & Time of Run: 08 May 2024  12:48

Input File Name:    Constant_Q2185_CR_age1_highS.inp

First Age Class:                         1
Number of Age Classes:                  15
Number of Years in Projection:          14
Number of Fleets:                        9
Number of Recruitment Models:            3
Number of Bootstraps:                  100
Number of Simulations:                 100

Bootstrap File Name:            C:\Users\jon.brodziak\Desktop\2024 WCNPO MLS Rebuilding\Bootstrap-numbers-at-age\2023_WCNPOMLS.bsn

Number of Feasible Solutions:       9975  of      10000 Realizations

Input Harvest Scenario

Year  Type        Fleet-1    Fleet-2    Fleet-3    Fleet-4    Fleet-5    Fleet-6    Fleet-7    Fleet-8    Fleet-9    

2021  F-Mult       0.1651     0.0453     0.2588     0.0166     0.0610     0.0487     0.0642     0.0722     0.3475 
2022  F-Mult       0.1651     0.0453     0.2588     0.0166     0.0610     0.0487     0.0642     0.0722     0.3475 
2023  F-Mult       0.1651     0.0453     0.2588     0.0166     0.0610     0.0487     0.0642     0.0722     0.3475 
2024  F-Mult       0.1651     0.0453     0.2588     0.0166     0.0610     0.0487     0.0642     0.0722     0.3475 
2025  Landings        314        124        649         58        190         85        164        295        307 
2026  Landings        314        124        649         58        190         85        164        295        307 
2027  Landings        314        124        649         58        190         85        164        295        307 
2028  Landings        314        124        649         58        190         85        164        295        307 
2029  Landings        314        124        649         58        190         85        164        295        307 
2030  Landings        314        124        649         58        190         85        164        295        307 
2031  Landings        314        124        649         58        190         85        164        295        307 
2032  Landings        314        124        649         58        190         85        164        295        307 
2033  Landings        314        124        649         58        190         85        164        295        307 
2034  Landings        314        124        649         58        190         85        164        295        307 

Recruitment Selection Distribution

Year  Selection-1 Selection-2 Selection-3 

2021      0.1196     0.8427     0.0377 
2022      0.1223     0.8361     0.0416 
2023      0.1204     0.8413     0.0383 
2024      0.1176     0.8439     0.0385 
2025      0.1280     0.8324     0.0396 
2026      0.1204     0.8405     0.0391 
2027      0.1193     0.8415     0.0392 
2028      0.1213     0.8386     0.0401 
2029      0.1182     0.8422     0.0396 
2030      0.1195     0.8388     0.0417 
2031      0.1184     0.8411     0.0405 
2032      0.1193     0.8425     0.0382 
2033      0.1246     0.8404     0.0350 
2034      0.1244     0.8386     0.0370 

Recruits        1000  Fish

Year Class   Average        StdDev
2021        173.5851       80.1435
2022        173.2429       80.9378
2023        174.4341       81.8445
2024        174.4034       82.5218
2025        174.7033       81.7268
2026        173.4989       81.5357
2027        173.3926       81.5344
2028        172.0500       78.8830
2029        174.2146       86.5060
2030        172.4619       80.9267
2031        173.9361       80.8108
2032        174.5191       87.2553
2033        172.0075       80.6638
2034        173.5421       80.7777

Recruits Distribution

Year Class 1%         5%         10%        25%        50%        75%        90%        95%        99%    
2021    68.6328    71.3913    79.5643   104.2335   168.5415   237.4336   279.0277   304.8705   324.6222
2022    68.5878    70.4803    79.0629   105.1303   168.4465   236.1983   277.9230   305.7083   325.6647
2023    68.5925    70.2381    79.0374   105.8332   168.7376   237.0619   281.5375   307.2413   325.2375
2024    68.6801    70.5545    78.9846   105.0666   168.6611   237.6396   280.0154   306.0518   325.7011
2025    68.6511    71.1198    79.7586   105.9848   168.6964   237.2487   279.1382   307.7959   325.3397
2026    68.6352    70.1153    78.4728   104.3905   168.5958   237.3665   278.3159   305.4949   324.7539
2027    68.6482    70.7859    79.1454   104.3468   168.5612   236.3223   278.1561   306.5897   325.4167
2028    68.6401    70.5546    78.9962   104.0713   168.3283   234.3603   277.9034   305.9957   324.6883
2029    68.6158    70.5268    79.0217   104.4205   168.4943   236.8410   281.6964   306.4918   333.2340
2030    68.5974    70.5440    78.9012   104.2412   168.3414   235.5819   278.9297   306.4494   333.1204
2031    68.6044    70.5414    78.8021   104.9874   168.6478   236.9040   278.0450   305.8492   325.7164
2032    68.6278    70.6029    78.9309   104.1277   168.4309   237.0976   280.0250   307.0275   356.3229
2033    68.6240    70.4568    78.6714   103.3266   168.3350   235.2560   278.0387   305.6204   324.4991
2034    68.6510    70.9421    78.9863   105.8377   168.4047   236.0000   277.1094   305.1992   324.9624

Spawning Stock Biomass  x       1000 MT

Year       Average        StdDev
2021        2.2971        0.4565
2022        2.6366        0.4338
2023        3.0202        0.6325
2024        2.6737        0.6548
2025        2.7405        0.9061
2026        3.1226        1.3462
2027        3.4639        1.6370
2028        3.7303        1.8282
2029        3.9256        1.9475
2030        4.0655        2.0154
2031        4.1659        2.0487
2032        4.2556        2.1230
2033        4.3158        2.1477
2034        4.3731        2.1555

Spawning Stock Biomass Distribution

Year        1%         5%         10%        25%        50%        75%        90%        95%        99%   
2021     1.4700     1.7280     1.8326     2.0043     2.2284     2.5137     2.8074     3.0287     4.1834 
2022     1.7723     1.9835     2.1059     2.3370     2.6041     2.8841     3.2382     3.4398     3.7873 
2023     1.8749     2.1282     2.2664     2.5568     2.9458     3.3985     3.8835     4.1914     4.7093 
2024     1.4978     1.7360     1.8884     2.1977     2.6102     3.0886     3.5268     3.8037     4.3622 
2025     1.1166     1.4545     1.6552     2.0856     2.6620     3.2836     3.9044     4.2855     5.1706 
2026     0.7272     1.2241     1.5195     2.1542     2.9787     3.9344     4.8588     5.4067     6.7251 
2027     0.5747     1.1344     1.5153     2.2842     3.3098     4.4479     5.5278     6.2420     7.9173 
2028     0.4951     1.1267     1.5500     2.4397     3.5559     4.8009     6.0394     6.8415     8.8642 
2029     0.4713     1.1080     1.6120     2.5444     3.7466     5.0711     6.3864     7.2537     9.4233 
2030     0.4311     1.1602     1.6457     2.6294     3.8845     5.2800     6.6501     7.5080     9.5787 
2031     0.4284     1.2009     1.7018     2.6888     3.9842     5.4025     6.7957     7.7011     9.7900 
2032     0.4176     1.2193     1.7363     2.7485     4.0802     5.4890     6.9313     7.8966    10.1716 
2033     0.4465     1.2534     1.7798     2.8091     4.1158     5.5655     7.0668     8.0351    10.1120 
2034     0.4414     1.2860     1.8335     2.8416     4.1694     5.6492     7.1069     8.1168    10.0967 

JAN-1 Stock Biomass  x       1000 MT

Year       Average        StdDev
2021        9.3038        1.5887
2022        9.6224        1.8225
2023        9.1724        1.9261
2024        8.6189        1.9684
2025        8.3369        1.9904
2026        8.8082        2.3702
2027        9.1898        2.6322
2028        9.4996        2.8054
2029        9.7124        2.8925
2030        9.8942        3.0053
2031       10.0194        3.0679
2032       10.1263        3.1009
2033       10.2155        3.1626
2034       10.2602        3.1915

JAN-1 Stock Biomass Distribution

Year       1%         5%         10%        25%        50%        75%        90%        95%        99%    
2021     6.3438     6.9649     7.3827     8.1747     9.1816    10.1475    11.5938    12.2839    13.6217 
2022     6.1706     6.9004     7.3534     8.3136     9.4642    10.7495    12.0845    12.8473    14.4442 
2023     5.5221     6.2883     6.8134     7.7860     9.0319    10.3910    11.6372    12.4499    14.2900 
2024     4.8731     5.7123     6.2366     7.2134     8.4838     9.8387    11.1068    11.9131    13.8394 
2025     4.5287     5.3803     5.9103     6.9538     8.1863     9.5455    10.8580    11.6757    13.5816 
2026     4.2028     5.3177     5.9375     7.1804     8.6291    10.2522    11.7805    12.7304    15.3619 
2027     3.9789     5.2591     5.9962     7.3545     9.0234    10.7836    12.4827    13.5843    16.5697 
2028     3.9092     5.2592     6.0834     7.5425     9.3379    11.1959    13.0205    14.2453    17.1694 
2029     3.8569     5.3370     6.1535     7.7152     9.5497    11.4737    13.3458    14.5963    17.4326 
2030     3.8807     5.3847     6.2538     7.8287     9.6930    11.7289    13.6793    14.9227    17.9290 
2031     3.8405     5.4198     6.3112     7.9256     9.8352    11.8532    13.8645    15.2550    18.2857 
2032     3.9459     5.5814     6.3937     8.0030     9.9543    11.9726    14.0216    15.3928    18.3196 
2033     3.9894     5.5432     6.4701     8.0726    10.0010    12.1055    14.1830    15.5559    18.3966 
2034     3.9109     5.6148     6.4556     8.0952    10.0681    12.1280    14.1821    15.6153    18.7817 

Mean Biomass  x       1000 MT

Year       Average        StdDev
2021        8.4691        1.5420
2022        8.3651        1.7450
2023        7.8066        1.8020
2024        7.3855        1.8400
2025        7.5352        2.1195
2026        7.9763        2.4420
2027        8.3284        2.6667
2028        8.5967        2.8190
2029        8.7817        2.8880
2030        8.9460        2.9936
2031        9.0541        3.0505
2032        9.1496        3.0556
2033        9.2366        3.1448
2034        9.2673        3.1504

Mean Biomass Distribution

Year       1%         5%         10%        25%        50%        75%        90%        95%        99%    
2021     5.6478     6.2373     6.6138     7.3226     8.3369     9.3384    10.6236    11.3670    12.6787 
2022     5.1787     5.7939     6.1998     7.1004     8.2317     9.4576    10.6604    11.3990    12.8634 
2023     4.4133     5.1283     5.6034     6.5312     7.6726     8.9158    10.1003    10.8419    12.5236 
2024     4.0082     4.7082     5.1494     6.0805     7.2421     8.5049     9.6931    10.4470    12.3134 
2025     3.4945     4.4036     4.9734     6.0587     7.3910     8.8190    10.2024    11.0641    13.1557 
2026     3.2689     4.3769     5.0078     6.2859     7.7988     9.4467    11.0257    12.0573    14.6954 
2027     3.0889     4.3485     5.1164     6.4892     8.1592     9.9098    11.7100    12.7757    15.4935 
2028     3.0942     4.3508     5.1365     6.6599     8.4144    10.2948    12.1569    13.3231    16.0960 
2029     2.9692     4.4581     5.2616     6.8034     8.5770    10.5308    12.4074    13.7591    16.5630 
2030     3.0245     4.4972     5.3317     6.8939     8.7779    10.7584    12.6748    13.9034    17.1366 
2031     2.9081     4.5352     5.3843     6.9945     8.8659    10.8591    12.8712    14.2047    17.2979 
2032     3.0450     4.6309     5.4937     7.0351     8.9636    11.0059    12.9704    14.3797    17.1334 
2033     3.0329     4.6364     5.5438     7.0893     9.0185    11.0813    13.1666    14.4821    17.6459 
2034     2.9850     4.6598     5.5379     7.1142     9.0727    11.1082    13.1168    14.5148    17.8797 

Combined Catch Biomass  x       1000 MT

Year       Average        StdDev
2021        2.7974        0.4578
2022        3.3636        0.5728
2023        3.3516        0.6772
2024        3.0634        0.7018
2025        2.1850        0.0000
2026        2.1850        0.0000
2027        2.1846        0.0309
2028        2.1841        0.0437
2029        2.1837        0.0535
2030        2.1835        0.0578
2031        2.1822        0.0787
2032        2.1808        0.0952
2033        2.1802        0.1024
2034        2.1795        0.1091

Combined Catch Distribution

Year       1%         5%         10%        25%        50%        75%        90%        95%        99%    
2021     1.8212     2.2186     2.3195     2.4831     2.7347     3.0507     3.3344     3.5806     4.4757 
2022     2.3129     2.5178     2.6665     2.9313     3.3291     3.6908     4.1620     4.4502     4.8468 
2023     2.1088     2.3359     2.5155     2.8575     3.3034     3.7808     4.2280     4.5406     5.0990 
2024     1.7643     2.0161     2.2030     2.5592     3.0189     3.4937     3.9571     4.2451     4.8956 
2025     2.1850     2.1850     2.1850     2.1850     2.1850     2.1850     2.1850     2.1850     2.1850 
2026     2.1850     2.1850     2.1850     2.1850     2.1850     2.1850     2.1850     2.1850     2.1850 
2027     2.1850     2.1850     2.1850     2.1850     2.1850     2.1850     2.1850     2.1850     2.1850 
2028     2.1850     2.1850     2.1850     2.1850     2.1850     2.1850     2.1850     2.1850     2.1850 
2029     2.1850     2.1850     2.1850     2.1850     2.1850     2.1850     2.1850     2.1850     2.1850 
2030     2.1850     2.1850     2.1850     2.1850     2.1850     2.1850     2.1850     2.1850     2.1850 
2031     2.1850     2.1850     2.1850     2.1850     2.1850     2.1850     2.1850     2.1850     2.1850 
2032     2.1850     2.1850     2.1850     2.1850     2.1850     2.1850     2.1850     2.1850     2.1850 
2033     2.1850     2.1850     2.1850     2.1850     2.1850     2.1850     2.1850     2.1850     2.1850 
2034     2.1850     2.1850     2.1850     2.1850     2.1850     2.1850     2.1850     2.1850     2.1850 

Landings  x       1000 MT

Year       Average        StdDev
2021        2.7974        0.4578
2022        3.3636        0.5728
2023        3.3516        0.6772
2024        3.0634        0.7018
2025        2.1850        0.0000
2026        2.1850        0.0000
2027        2.1846        0.0309
2028        2.1841        0.0437
2029        2.1837        0.0535
2030        2.1835        0.0578
2031        2.1822        0.0787
2032        2.1808        0.0952
2033        2.1802        0.1024
2034        2.1795        0.1091

Landings Distribution

Year       1%         5%         10%        25%        50%        75%        90%        95%        99%    
2021     1.8212     2.2186     2.3195     2.4831     2.7347     3.0507     3.3344     3.5806     4.4757 
2022     2.3129     2.5178     2.6665     2.9313     3.3291     3.6908     4.1620     4.4502     4.8468 
2023     2.1088     2.3359     2.5155     2.8575     3.3034     3.7808     4.2280     4.5406     5.0990 
2024     1.7643     2.0161     2.2030     2.5592     3.0189     3.4937     3.9571     4.2451     4.8956 
2025     2.1850     2.1850     2.1850     2.1850     2.1850     2.1850     2.1850     2.1850     2.1850 
2026     2.1850     2.1850     2.1850     2.1850     2.1850     2.1850     2.1850     2.1850     2.1850 
2027     2.1850     2.1850     2.1850     2.1850     2.1850     2.1850     2.1850     2.1850     2.1850 
2028     2.1850     2.1850     2.1850     2.1850     2.1850     2.1850     2.1850     2.1850     2.1850 
2029     2.1850     2.1850     2.1850     2.1850     2.1850     2.1850     2.1850     2.1850     2.1850 
2030     2.1850     2.1850     2.1850     2.1850     2.1850     2.1850     2.1850     2.1850     2.1850 
2031     2.1850     2.1850     2.1850     2.1850     2.1850     2.1850     2.1850     2.1850     2.1850 
2032     2.1850     2.1850     2.1850     2.1850     2.1850     2.1850     2.1850     2.1850     2.1850 
2033     2.1850     2.1850     2.1850     2.1850     2.1850     2.1850     2.1850     2.1850     2.1850 
2034     2.1850     2.1850     2.1850     2.1850     2.1850     2.1850     2.1850     2.1850     2.1850 

Total Fishing Mortality

Year       Average        StdDev
2021        1.0794        0.0000
2022        1.0794        0.0000
2023        1.0794        0.0000
2024        1.0794        0.0000
2025        0.8231        0.2597
2026        0.7973        0.3877
2027        0.7699        0.4951
2028        0.7468        0.5502
2029        0.7273        0.5832
2030        0.7136        0.6207
2031        0.6980        0.6343
2032        0.6815        0.5820
2033        0.6700        0.5757
2034        0.6620        0.5612

Total Fishing Mortality Distribution

Year       1%         5%         10%        25%        50%        75%        90%        95%        99%    
2021     1.0794     1.0794     1.0794     1.0794     1.0794     1.0794     1.0794     1.0794     1.0794 
2022     1.0794     1.0794     1.0794     1.0794     1.0794     1.0794     1.0794     1.0794     1.0794 
2023     1.0794     1.0794     1.0794     1.0794     1.0794     1.0794     1.0794     1.0794     1.0794 
2024     1.0794     1.0794     1.0794     1.0794     1.0794     1.0794     1.0794     1.0794     1.0794 
2025     0.4240     0.5058     0.5526     0.6412     0.7701     0.9505     1.1717     1.3190     1.6559 
2026     0.3419     0.4178     0.4614     0.5545     0.6967     0.9216     1.2388     1.4947     2.2437 
2027     0.2925     0.3686     0.4090     0.4994     0.6436     0.8741     1.2399     1.5742     2.6238 
2028     0.2655     0.3376     0.3781     0.4654     0.6044     0.8351     1.2033     1.5875     2.9887 
2029     0.2483     0.3201     0.3599     0.4412     0.5786     0.8065     1.1859     1.5769     2.9269 
2030     0.2480     0.3122     0.3482     0.4289     0.5613     0.7821     1.1663     1.5301     3.1608 
2031     0.2379     0.3033     0.3414     0.4178     0.5473     0.7743     1.1245     1.4963     3.0399 
2032     0.2322     0.2966     0.3343     0.4125     0.5380     0.7536     1.0985     1.4529     2.8923 
2033     0.2363     0.2937     0.3302     0.4084     0.5326     0.7468     1.0847     1.4237     2.8498 
2034     0.2314     0.2918     0.3260     0.4039     0.5280     0.7346     1.0539     1.3840     2.7492 

JAN-1 Stock Numbers at Age  -       1000  Fish

2021

Age        1%         5%         10%        25%        50%        75%        90%        95%        99%    
1      140.2370   175.0900   184.8320   216.7130   261.1480   317.3690   385.6290   409.5080   464.9250
2       58.9389    77.9477    80.8620    85.4451   100.4175   112.5240   125.3470   138.4980   148.4390
3       34.1986    41.3466    43.5177    47.9381    54.8765    60.4455    67.3245    74.4817    84.8335
4        4.4701     6.3288     7.3712     8.3369     9.5330    10.8358    12.5169    14.0136    20.6054
5        1.2938     1.6031     1.7337     2.2441     2.6907     3.2695     4.2092     4.8898     7.4995
6        0.2917     0.4842     0.6024     0.6936     0.9665     1.2287     1.8234     2.1765     5.0518
7        0.0278     0.0584     0.0739     0.1025     0.1591     0.2261     0.3164     0.3996     1.3049
8        0.0082     0.0292     0.0370     0.0584     0.1092     0.1670     0.2575     0.4456     2.1858
9        0.0003     0.0014     0.0021     0.0035     0.0085     0.0144     0.0223     0.0334     0.2402
10        0.0001     0.0005     0.0007     0.0015     0.0043     0.0069     0.0143     0.0242     0.2609
11        0.0000     0.0001     0.0002     0.0004     0.0014     0.0028     0.0051     0.0082     0.1988
12        0.0000     0.0000     0.0000     0.0000     0.0001     0.0003     0.0005     0.0008     0.0280
13        0.0000     0.0000     0.0000     0.0000     0.0000     0.0002     0.0003     0.0005     0.0316
14        0.0000     0.0000     0.0000     0.0000     0.0000     0.0000     0.0001     0.0001     0.0183
15+       0.0000     0.0000     0.0000     0.0000     0.0000     0.0000     0.0000     0.0000     0.0127

2022

Age        1%         5%         10%        25%        50%        75%        90%        95%        99%    
1       68.6328    71.3913    79.5643   104.2335   168.5415   237.4336   279.0277   304.8705   324.6222
2       89.2097   104.0095   111.0119   128.2313   156.2120   190.2944   230.6051   251.8342   285.9308
3       26.7593    34.3542    36.1934    39.1505    44.7984    51.0482    58.0506    62.8911    71.0894
4       11.9452    13.9777    14.9656    16.5280    18.5486    20.8436    23.6580    26.0417    31.4999
5        1.4250     1.9534     2.1936     2.5175     2.9084     3.3279     3.9001     4.2842     6.5264
6        0.3776     0.4632     0.5103     0.6475     0.7741     0.9516     1.2416     1.4549     2.4137
7        0.0955     0.1459     0.1719     0.2057     0.2737     0.3652     0.5312     0.6258     1.6129
8        0.0094     0.0177     0.0218     0.0304     0.0465     0.0673     0.0972     0.1256     0.4334
9        0.0029     0.0092     0.0114     0.0183     0.0335     0.0514     0.0814     0.1379     0.8002
10        0.0001     0.0004     0.0007     0.0011     0.0027     0.0045     0.0074     0.0110     0.0884
11        0.0000     0.0002     0.0002     0.0005     0.0014     0.0023     0.0049     0.0080     0.0956
12        0.0000     0.0000     0.0001     0.0001     0.0005     0.0009     0.0017     0.0028     0.0729
13        0.0000     0.0000     0.0000     0.0000     0.0000     0.0001     0.0002     0.0003     0.0105
14        0.0000     0.0000     0.0000     0.0000     0.0000     0.0001     0.0001     0.0002     0.0118
15+       0.0000     0.0000     0.0000     0.0000     0.0000     0.0000     0.0000     0.0001     0.0121

2023

Age        1%         5%         10%        25%        50%        75%        90%        95%        99%    
1       68.5878    70.4803    79.0629   105.1303   168.4465   236.1983   277.9230   305.7083   325.6647
2       39.6295    43.1106    47.2680    61.8507   100.0538   142.0628   168.2354   181.7996   201.6585
3       39.9988    46.6480    49.8190    57.8668    70.4833    86.2418   104.2101   114.2634   131.0909
4        9.0986    11.5124    12.2562    13.4330    15.3659    17.5783    20.1142    21.6573    24.9917
5        3.6000     4.1799     4.4925     5.0008     5.6150     6.3445     7.2232     7.9490     9.5506
6        0.4175     0.5606     0.6298     0.7261     0.8419     0.9660     1.1306     1.2548     1.8678
7        0.1088     0.1325     0.1483     0.1860     0.2234     0.2765     0.3633     0.4181     0.7383
8        0.0299     0.0435     0.0503     0.0610     0.0809     0.1094     0.1583     0.1858     0.4915
9        0.0029     0.0055     0.0067     0.0093     0.0142     0.0208     0.0296     0.0391     0.1462
10        0.0009     0.0029     0.0036     0.0058     0.0106     0.0163     0.0258     0.0432     0.2428
11        0.0000     0.0001     0.0002     0.0004     0.0009     0.0015     0.0024     0.0036     0.0289
12        0.0000     0.0001     0.0001     0.0002     0.0005     0.0007     0.0016     0.0026     0.0340
13        0.0000     0.0000     0.0000     0.0000     0.0002     0.0003     0.0006     0.0009     0.0268
14        0.0000     0.0000     0.0000     0.0000     0.0000     0.0000     0.0001     0.0001     0.0038
15+       0.0000     0.0000     0.0000     0.0000     0.0000     0.0000     0.0000     0.0001     0.0084

2024

Age        1%         5%         10%        25%        50%        75%        90%        95%        99%    
1       68.5925    70.2381    79.0374   105.8332   168.7376   237.0619   281.5375   307.2413   325.2375
2       39.2334    42.7118    46.8132    62.5556    99.8319   140.2472   168.4179   182.8607   206.4981
3       17.5825    19.4297    21.4008    27.8939    44.8650    63.7927    76.2115    82.3440    93.2687
4       13.6905    15.7956    17.0581    19.7656    24.2161    29.7022    35.9008    39.5646    45.5771
5        2.7528     3.4449     3.6816     4.0716     4.6558     5.3465     6.1158     6.6102     7.5963
6        1.0319     1.1900     1.2864     1.4415     1.6272     1.8437     2.0944     2.3077     2.7609
7        0.1208     0.1609     0.1802     0.2090     0.2435     0.2817     0.3289     0.3651     0.5442
8        0.0318     0.0391     0.0439     0.0549     0.0664     0.0826     0.1080     0.1253     0.2165
9        0.0091     0.0132     0.0153     0.0187     0.0249     0.0337     0.0489     0.0572     0.1517
10        0.0010     0.0017     0.0021     0.0029     0.0045     0.0066     0.0094     0.0125     0.0461
11        0.0003     0.0009     0.0012     0.0019     0.0034     0.0053     0.0084     0.0138     0.0861
12        0.0000     0.0000     0.0001     0.0001     0.0003     0.0005     0.0008     0.0012     0.0096
13        0.0000     0.0000     0.0000     0.0001     0.0002     0.0003     0.0005     0.0009     0.0112
14        0.0000     0.0000     0.0000     0.0000     0.0001     0.0001     0.0002     0.0003     0.0089
15+       0.0000     0.0000     0.0000     0.0000     0.0000     0.0000     0.0000     0.0001     0.0043

2025

Age        1%         5%         10%        25%        50%        75%        90%        95%        99%    
1       68.6801    70.5545    78.9846   105.0666   168.6611   237.6396   280.0154   306.0518   325.7011
2       39.5374    42.7060    46.9443    62.5818   100.4861   141.5573   169.0693   182.6889   205.2794
3       17.3356    19.2687    21.1328    28.1667    44.7558    62.8750    76.2614    82.7629    96.4593
4        5.8954     6.6309     7.3331     9.5718    15.2876    21.8168    26.3596    28.4691    32.9720
5        4.1008     4.7231     5.1548     5.9967     7.3387     9.0266    10.9064    12.0547    13.8233
6        0.7871     0.9771     1.0567     1.1758     1.3451     1.5528     1.7782     1.9275     2.2382
7        0.2932     0.3420     0.3690     0.4137     0.4709     0.5381     0.6100     0.6745     0.8017
8        0.0361     0.0475     0.0531     0.0619     0.0721     0.0841     0.0983     0.1097     0.1600
9        0.0097     0.0119     0.0134     0.0167     0.0203     0.0254     0.0333     0.0388     0.0671
10        0.0028     0.0042     0.0048     0.0059     0.0079     0.0107     0.0154     0.0181     0.0474
11        0.0003     0.0006     0.0007     0.0009     0.0015     0.0021     0.0031     0.0040     0.0161
12        0.0001     0.0003     0.0004     0.0006     0.0011     0.0018     0.0028     0.0045     0.0278
13        0.0000     0.0000     0.0000     0.0000     0.0001     0.0002     0.0003     0.0004     0.0032
14        0.0000     0.0000     0.0000     0.0000     0.0001     0.0001     0.0002     0.0003     0.0038
15+       0.0000     0.0000     0.0000     0.0000     0.0000     0.0000     0.0001     0.0001     0.0051

2026

Age        1%         5%         10%        25%        50%        75%        90%        95%        99%    
1       68.6511    71.1198    79.7586   105.9848   168.6964   237.2487   279.1382   307.7959   325.3397
2       39.3293    42.8745    47.1876    62.6965   101.3484   143.4141   170.0954   184.5354   207.7144
3       15.4388    18.8677    21.2762    29.1728    48.8743    72.6512    89.8213    97.8267   115.2938
4        4.5942     6.2514     7.3809    10.5485    17.8647    27.1293    35.4125    39.4573    47.9477
5        1.4145     2.0422     2.4476     3.3800     5.5819     8.3228    10.8729    12.2749    14.8735
6        0.9583     1.3764     1.6112     2.0465     2.6467     3.4217     4.2673     4.8032     5.8359
7        0.1994     0.2786     0.3223     0.3980     0.4889     0.5915     0.7036     0.7720     0.9303
8        0.0771     0.1024     0.1174     0.1436     0.1736     0.2090     0.2420     0.2701     0.3350
9        0.0106     0.0152     0.0177     0.0219     0.0271     0.0330     0.0396     0.0451     0.0640
10        0.0030     0.0041     0.0047     0.0061     0.0079     0.0102     0.0134     0.0159     0.0258
11        0.0010     0.0014     0.0017     0.0023     0.0030     0.0043     0.0062     0.0075     0.0191
12        0.0001     0.0002     0.0003     0.0004     0.0006     0.0009     0.0013     0.0016     0.0064
13        0.0001     0.0001     0.0001     0.0003     0.0004     0.0007     0.0012     0.0017     0.0115
14        0.0000     0.0000     0.0000     0.0000     0.0000     0.0001     0.0001     0.0002     0.0013
15+       0.0000     0.0000     0.0000     0.0000     0.0000     0.0001     0.0001     0.0002     0.0037

2027

Age        1%         5%         10%        25%        50%        75%        90%        95%        99%    
1       68.6352    70.1153    78.4728   104.3905   168.5958   237.3665   278.3159   305.4949   324.7539
2       39.3663    43.4932    47.6881    63.2197   101.1040   143.3605   170.2304   185.0389   209.4691
3       13.1773    18.4539    21.5292    29.7915    50.1694    74.0826    91.9873   100.8657   119.2493
4        2.8362     5.4571     7.1350    11.1678    20.5823    33.2770    44.1662    49.2021    61.2424
5        0.6858     1.5852     2.2473     3.7875     6.8833    11.4207    16.1998    18.5744    24.2448
6        0.2070     0.5169     0.7340     1.1919     2.0596     3.3483     4.7122     5.5384     7.2937
7        0.1375     0.3170     0.4499     0.7003     1.0230     1.4235     1.8780     2.1713     2.7816
8        0.0284     0.0649     0.0897     0.1374     0.1929     0.2550     0.3160     0.3590     0.4461
9        0.0110     0.0247     0.0336     0.0507     0.0708     0.0912     0.1116     0.1263     0.1618
10        0.0018     0.0040     0.0054     0.0079     0.0111     0.0146     0.0182     0.0212     0.0294
11        0.0005     0.0012     0.0015     0.0023     0.0033     0.0045     0.0060     0.0073     0.0117
12        0.0002     0.0004     0.0006     0.0009     0.0013     0.0019     0.0027     0.0035     0.0083
13        0.0000     0.0001     0.0001     0.0001     0.0002     0.0004     0.0006     0.0007     0.0027
14        0.0000     0.0000     0.0001     0.0001     0.0002     0.0003     0.0005     0.0008     0.0049
15+       0.0000     0.0000     0.0000     0.0000     0.0000     0.0001     0.0001     0.0002     0.0021

2028

Age        1%         5%         10%        25%        50%        75%        90%        95%        99%    
1       68.6482    70.7859    79.1454   104.3468   168.5612   236.3223   278.1561   306.5897   325.4167
2       39.2450    42.8466    46.8217    62.3670   100.9938   143.5278   170.7909   185.4436   207.7444
3       12.6973    18.9027    22.1925    30.6225    50.9725    74.5690    93.5782   102.7698   120.5974
4        2.0911     5.0751     7.2713    11.9262    21.5743    34.5354    46.2501    52.3244    65.6584
5        0.3433     1.3015     2.0838     4.0747     8.2590    14.7716    21.2157    24.5065    31.5722
6        0.0784     0.3497     0.6235     1.3534     2.7188     4.8995     7.4146     8.9857    12.3602
7        0.0229     0.1186     0.2084     0.4248     0.8149     1.4399     2.1642     2.6408     3.7362
8        0.0130     0.0697     0.1251     0.2468     0.4204     0.6411     0.8833     1.0578     1.4293
9        0.0032     0.0145     0.0251     0.0492     0.0811     0.1179     0.1535     0.1794     0.2331
10        0.0012     0.0057     0.0097     0.0186     0.0303     0.0429     0.0551     0.0636     0.0846
11        0.0002     0.0010     0.0016     0.0030     0.0048     0.0069     0.0090     0.0106     0.0153
12        0.0001     0.0003     0.0005     0.0009     0.0014     0.0021     0.0029     0.0036     0.0059
13        0.0000     0.0001     0.0002     0.0003     0.0006     0.0009     0.0013     0.0017     0.0036
14        0.0000     0.0000     0.0000     0.0001     0.0001     0.0002     0.0003     0.0004     0.0012
15+       0.0000     0.0000     0.0000     0.0000     0.0001     0.0002     0.0003     0.0004     0.0032

2029

Age        1%         5%         10%        25%        50%        75%        90%        95%        99%    
1       68.6401    70.5546    78.9962   104.0713   168.3283   234.3603   277.9034   305.9957   324.6883
2       39.3921    43.2784    47.2640    62.3264   101.0094   142.8025   170.8202   185.9338   208.1825
3       10.9300    18.7026    21.8963    30.5568    51.1964    74.9087    93.9018   103.0686   121.4300
4        1.6190     5.2748     7.5747    12.4541    22.4873    35.4343    47.4984    53.7724    66.1145
5        0.1746     1.1996     2.1389     4.4618     8.8614    15.9074    22.6628    26.6371    36.2965
6        0.0251     0.2762     0.5782     1.4957     3.3309     6.5899    10.1803    12.1565    17.0695
7        0.0062     0.0802     0.1766     0.4876     1.1089     2.1781     3.5004     4.4279     6.3410
8        0.0020     0.0272     0.0575     0.1555     0.3419     0.6506     1.0386     1.3066     1.9756
9        0.0013     0.0162     0.0345     0.0915     0.1825     0.3008     0.4381     0.5376     0.7471
10        0.0003     0.0035     0.0073     0.0185     0.0359     0.0566     0.0777     0.0934     0.1251
11        0.0001     0.0014     0.0029     0.0072     0.0135     0.0209     0.0283     0.0332     0.0459
12        0.0000     0.0003     0.0005     0.0012     0.0022     0.0034     0.0046     0.0055     0.0081
13        0.0000     0.0001     0.0002     0.0004     0.0007     0.0010     0.0015     0.0019     0.0030
14        0.0000     0.0000     0.0001     0.0001     0.0003     0.0004     0.0007     0.0009     0.0017
15+       0.0000     0.0000     0.0000     0.0000     0.0001     0.0002     0.0003     0.0004     0.0021

2030

Age        1%         5%         10%        25%        50%        75%        90%        95%        99%    
1       68.6158    70.5268    79.0217   104.4205   168.4943   236.8410   281.6964   306.4918   333.2340
2       39.5206    43.2032    47.2610    62.2104   100.6745   140.8396   169.9372   186.0632   208.6849
3       11.8086    19.1121    22.4372    30.4579    51.6532    75.5995    94.4725   103.7214   121.3031
4        1.3804     5.0699     7.7177    12.6198    22.8235    36.2726    48.4613    54.2341    68.0854
5        0.1270     1.1528     2.2790     4.7598     9.5417    16.6005    23.6544    27.7146    36.1477
6        0.0141     0.2686     0.5984     1.6423     3.6875     7.2424    10.9813    13.4508    19.4067
7        0.0020     0.0603     0.1643     0.5502     1.3967     2.9910     4.9494     6.0884     9.0308
8        0.0006     0.0174     0.0482     0.1821     0.4719     1.0119     1.7266     2.2296     3.4097
9        0.0002     0.0060     0.0170     0.0596     0.1509     0.3063     0.5105     0.6675     1.0504
10        0.0001     0.0037     0.0106     0.0355     0.0817     0.1457     0.2239     0.2801     0.4082
11        0.0000     0.0009     0.0022     0.0073     0.0162     0.0278     0.0403     0.0496     0.0689
12        0.0000     0.0004     0.0009     0.0029     0.0062     0.0103     0.0148     0.0178     0.0254
13        0.0000     0.0001     0.0002     0.0005     0.0010     0.0017     0.0024     0.0030     0.0044
14        0.0000     0.0000     0.0001     0.0001     0.0003     0.0005     0.0008     0.0010     0.0016
15+       0.0000     0.0000     0.0000     0.0001     0.0002     0.0003     0.0005     0.0007     0.0018

2031

Age        1%         5%         10%        25%        50%        75%        90%        95%        99%    
1       68.5974    70.5440    78.9012   104.2412   168.3414   235.5819   278.9297   306.4494   333.1204
2       39.1717    43.2455    47.2338    62.6447   100.8947   143.3444   172.0562   187.2212   213.6301
3       11.1777    19.3548    22.9113    30.7939    51.3555    74.5951    94.2843   103.7757   123.4357
4        1.3946     5.3401     8.0005    12.7218    23.1897    36.6578    49.0805    55.0927    68.1066
5        0.1153     1.1782     2.3359     4.9499     9.7361    17.1203    24.2771    28.1718    36.9416
6        0.0095     0.2542     0.6420     1.7874     4.0242     7.6495    11.5589    14.0305    19.5868
7        0.0010     0.0565     0.1767     0.6191     1.5907     3.3194     5.3897     6.8501    10.3363
8        0.0002     0.0134     0.0487     0.2091     0.6088     1.4090     2.4482     3.1301     4.9747
9        0.0000     0.0041     0.0152     0.0705     0.2101     0.4814     0.8721     1.1380     1.8193
10        0.0000     0.0015     0.0054     0.0237     0.0682     0.1482     0.2584     0.3457     0.5756
11        0.0000     0.0009     0.0033     0.0140     0.0374     0.0724     0.1160     0.1484     0.2233
12        0.0000     0.0002     0.0007     0.0030     0.0075     0.0139     0.0212     0.0267     0.0380
13        0.0000     0.0001     0.0003     0.0012     0.0029     0.0052     0.0078     0.0096     0.0140
14        0.0000     0.0000     0.0001     0.0002     0.0005     0.0009     0.0013     0.0016     0.0024
15+       0.0000     0.0000     0.0000     0.0001     0.0002     0.0004     0.0007     0.0009     0.0017

2032

Age        1%         5%         10%        25%        50%        75%        90%        95%        99%    
1       68.6044    70.5414    78.8021   104.9874   168.6478   236.9040   278.0450   305.8492   325.7164
2       39.2148    43.3504    47.1829    62.1847   100.8612   142.5192   170.9208   186.1957   210.1579
3       10.9395    19.6759    22.7885    31.0244    51.9390    76.3166    95.4544   105.7703   126.3027
4        1.0651     5.6375     8.3679    13.0259    23.1077    36.1281    49.1036    55.4624    68.6867
5        0.0909     1.2583     2.3977     5.0370     9.9647    17.3746    24.6755    28.7671    36.9938
6        0.0051     0.2608     0.6674     1.8660     4.1644     8.0007    12.0654    14.5054    20.3639
7        0.0008     0.0557     0.1831     0.6715     1.7334     3.5815     5.7485     7.1431    10.5073
8        0.0001     0.0141     0.0533     0.2392     0.6928     1.5619     2.7132     3.5370     5.6222
9        0.0000     0.0034     0.0149     0.0817     0.2715     0.6742     1.2298     1.6328     2.6737
10        0.0000     0.0011     0.0051     0.0282     0.0961     0.2348     0.4396     0.6001     1.0252
11        0.0000     0.0004     0.0018     0.0096     0.0316     0.0730     0.1328     0.1821     0.3096
12        0.0000     0.0003     0.0011     0.0057     0.0173     0.0363     0.0609     0.0789     0.1238
13        0.0000     0.0001     0.0003     0.0012     0.0035     0.0070     0.0113     0.0144     0.0213
14        0.0000     0.0000     0.0001     0.0005     0.0013     0.0026     0.0042     0.0052     0.0078
15+       0.0000     0.0000     0.0000     0.0001     0.0003     0.0007     0.0010     0.0013     0.0022

2033

Age        1%         5%         10%        25%        50%        75%        90%        95%        99%    
1       68.6278    70.6029    78.9309   104.1277   168.4309   237.0976   280.0250   307.0275   356.3229
2       38.9641    43.1483    47.2159    62.9045   101.7206   143.0703   170.6135   184.6998   211.4412
3       11.1364    19.5483    22.9574    30.9893    51.7810    75.7392    94.7778   104.8537   124.1970
4        1.1389     5.7658     8.2894    13.1817    23.6458    37.4000    49.9437    56.9706    71.3494
5        0.0889     1.3102     2.6524     5.1793    10.0913    17.3003    24.9484    28.8975    38.2524
6        0.0056     0.2878     0.7221     1.9418     4.3272     8.2097    12.3548    15.0516    20.1610
7        0.0009     0.0573     0.1904     0.7067     1.8018     3.7668     6.0454     7.5206    11.0827
8        0.0001     0.0135     0.0557     0.2639     0.7635     1.7001     2.8844     3.6892     5.7765
9        0.0000     0.0034     0.0164     0.0927     0.3120     0.7526     1.3619     1.8521     3.0790
10        0.0000     0.0010     0.0049     0.0329     0.1228     0.3299     0.6277     0.8517     1.4533
11        0.0000     0.0003     0.0017     0.0114     0.0444     0.1151     0.2239     0.3168     0.5670
12        0.0000     0.0001     0.0006     0.0039     0.0147     0.0364     0.0692     0.0976     0.1685
13        0.0000     0.0001     0.0004     0.0024     0.0081     0.0185     0.0322     0.0427     0.0686
14        0.0000     0.0000     0.0001     0.0005     0.0017     0.0036     0.0060     0.0078     0.0121
15+       0.0000     0.0000     0.0000     0.0003     0.0008     0.0017     0.0028     0.0036     0.0055

2034

Age        1%         5%         10%        25%        50%        75%        90%        95%        99%    
1       68.6240    70.4568    78.6714   103.3266   168.3350   235.2560   278.0387   305.6204   324.4991
2       39.1542    43.1319    47.1838    62.5486   100.9495   143.5994   172.2514   186.7895   216.0022
3       11.6218    20.0274    23.1460    31.5123    52.6783    76.0641    95.3871   104.1433   124.7823
4        1.2642     5.8199     8.4483    13.3161    23.5960    37.1141    49.7631    56.4550    70.6498
5        0.1063     1.3931     2.6248     5.2614    10.3166    17.9384    25.3983    30.0502    40.0308
6        0.0068     0.3152     0.7836     2.0255     4.3373     8.1280    12.3836    15.0443    21.0727
7        0.0010     0.0653     0.2136     0.7536     1.8816     3.8631     6.2212     7.7159    11.1894
8        0.0001     0.0139     0.0603     0.2763     0.8011     1.7890     3.0551     3.9164     6.2213
9        0.0000     0.0033     0.0180     0.1060     0.3430     0.8242     1.4661     1.9234     3.1650
10        0.0000     0.0010     0.0055     0.0375     0.1428     0.3696     0.6996     0.9811     1.7213
11        0.0000     0.0003     0.0017     0.0134     0.0568     0.1632     0.3249     0.4531     0.7874
12        0.0000     0.0001     0.0006     0.0047     0.0210     0.0569     0.1181     0.1657     0.3132
13        0.0000     0.0000     0.0002     0.0017     0.0069     0.0182     0.0363     0.0515     0.0938
14        0.0000     0.0000     0.0001     0.0010     0.0038     0.0093     0.0170     0.0233     0.0391
15+       0.0000     0.0000     0.0000     0.0003     0.0012     0.0027     0.0047     0.0062     0.0097

Probability Spawning Stock Biomass Exceeds Threshold      3.660 (1000 MT)

Year    Probability

2021    0.017700
2022    0.019300
2023    0.157400
2024    0.071600
2025    0.148700
2026    0.316000
2027    0.416300
2028    0.477100
2029    0.518900
2030    0.545400
2031    0.565900
2032    0.580700
2033    0.588500
2034    0.600000

Probability Threshold Exceeded at Least Once =     0.8548

Probability Total Fishing Mortality Exceeds Threshold     0.8413 

Year    Probability

2021    1.000000
2022    1.000000
2023    1.000000
2024    1.000000
2025    0.387200
2026    0.320900
2027    0.275000
2028    0.245300
2029    0.224700
2030    0.212900
2031    0.203700
2032    0.194600
2033    0.184000
2034    0.178600

Probability Threshold Exceeded at Least Once =     1.0000


Requested Percentile Report

Percentile =    40.00 %

                                 2021       2022       2023       2024       2025       2026       2027       2028       2029       2030       2031       2032       2033       2034 

Recruits                     145.6259   144.3155   146.8356   145.9959   148.7433   144.9510   144.6550   141.9888   144.5307   141.8906   146.5265   144.1003   141.8309   147.5402 
Spawning Stock Biomass         2.1377     2.5056     2.7936     2.4485     2.4275     2.6569     2.9125     3.1214     3.2759     3.3939     3.4904     3.5602     3.6088     3.6599 
Jan-1 Stock Biomass            8.8275     9.0513     8.5579     7.9877     7.7240     8.0779     8.4149     8.6435     8.8380     9.0109     9.0927     9.2059     9.2490     9.3033 
Mean Biomass                   7.9725     7.7930     7.2385     6.7998     6.8757     7.2295     7.5254     7.7575     7.8931     8.0507     8.1471     8.2256     8.2799     8.3502 
Combined Catch Biomass         2.6429     3.1864     3.1298     2.8535     2.1850     2.1850     2.1850     2.1850     2.1850     2.1850     2.1850     2.1850     2.1850     2.1850 
Landings                       2.6429     3.1864     3.1298     2.8535     2.1850     2.1850     2.1850     2.1850     2.1850     2.1850     2.1850     2.1850     2.1850     2.1850 
FMort                          1.0794     1.0794     1.0794     1.0794     0.7164     0.6400     0.5825     0.5456     0.5214     0.5017     0.4900     0.4837     0.4784     0.4737 

Stock Numbers at Age
Age 1                        244.9740   145.6259   144.3155   146.8356   145.9959   148.7433   144.9510   144.6550   141.9888   144.5307   141.8906   146.5265   144.1003   141.8309 
Age 2                         93.8626   145.2597    86.1799    86.0033    86.9678    87.0693    88.8629    87.1577    87.4075    85.3241    86.6148    85.5225    87.7992    86.3173 
Age 3                         51.2273    42.4420    65.3776    38.7006    38.7086    41.5326    41.9443    42.3493    42.3885    42.3017    42.1684    42.7445    42.3787    43.3933 
Age 4                          9.1703    17.6934    14.5800    22.4115    13.1826    14.8785    16.4422    17.1104    18.0315    18.1402    18.4829    18.6358    18.7804    18.9485 
Age 5                          2.4696     2.7594     5.3561     4.4133     6.7849     4.5935     5.4787     6.3998     6.8212     7.3897     7.4879     7.8006     7.9477     8.0007 
Age 6                          0.8492     0.7220     0.7984     1.5516     1.2754     2.3993     1.6695     2.0910     2.5124     2.7350     3.0167     3.1198     3.2400     3.3408 
Age 7                          0.1227     0.2448     0.2084     0.2304     0.4495     0.4547     0.8962     0.6452     0.8331     1.0199     1.1343     1.2598     1.3272     1.3701 
Age 8                          0.0902     0.0369     0.0724     0.0619     0.0681     0.1619     0.1719     0.3536     0.2626     0.3436     0.4224     0.4771     0.5359     0.5644 
Age 9                          0.0063     0.0278     0.0113     0.0222     0.0189     0.0251     0.0626     0.0687     0.1452     0.1103     0.1478     0.1823     0.2047     0.2299 
Age 10                          0.0032     0.0020     0.0088     0.0036     0.0070     0.0071     0.0099     0.0258     0.0288     0.0618     0.0481     0.0643     0.0806     0.0914 
Age 11                          0.0009     0.0011     0.0007     0.0029     0.0012     0.0027     0.0029     0.0041     0.0109     0.0124     0.0272     0.0213     0.0282     0.0360 
Age 12                          0.0001     0.0003     0.0003     0.0002     0.0009     0.0005     0.0011     0.0012     0.0018     0.0048     0.0055     0.0121     0.0096     0.0128 
Age 13                          0.0000     0.0000     0.0001     0.0001     0.0001     0.0004     0.0002     0.0005     0.0005     0.0008     0.0022     0.0025     0.0055     0.0044 
Age 14                          0.0000     0.0000     0.0000     0.0000     0.0000     0.0000     0.0001     0.0001     0.0002     0.0002     0.0004     0.0010     0.0011     0.0025 
Age 15                          0.0000     0.0000     0.0000     0.0000     0.0000     0.0000     0.0000     0.0001     0.0001     0.0001     0.0002     0.0002     0.0006     0.0008 
