AGEPRO VERSION 4.2

Constant_F_0373

Date & Time of Run: 26 Mar 2024  17:59

Input File Name:    constant_F_0373.inp

First Age Class:                         1
Number of Age Classes:                  15
Number of Years in Projection:          14
Number of Fleets:                        9
Number of Recruitment Models:            3
Number of Bootstraps:                  100
Number of Simulations:                 100

Bootstrap File Name:            C:\Users\jon.brodziak\Desktop\2024 WCNPO MLS Rebuilding\Bootstrap-numbers-at-age\2023_WCNPOMLS.bsn

Input Harvest Scenario

Year  Type        Fleet-1    Fleet-2    Fleet-3    Fleet-4    Fleet-5    Fleet-6    Fleet-7    Fleet-8    Fleet-9    

2021  F-Mult       0.1651     0.0453     0.2588     0.0166     0.0610     0.0487     0.0642     0.0722     0.3475 
2022  F-Mult       0.1651     0.0453     0.2588     0.0166     0.0610     0.0487     0.0642     0.0722     0.3475 
2023  F-Mult       0.1651     0.0453     0.2588     0.0166     0.0610     0.0487     0.0642     0.0722     0.3475 
2024  F-Mult       0.1651     0.0453     0.2588     0.0166     0.0610     0.0487     0.0642     0.0722     0.3475 
2025  F-Mult       0.0905     0.0248     0.1420     0.0091     0.0334     0.0267     0.0352     0.0396     0.1906 
2026  F-Mult       0.0905     0.0248     0.1420     0.0091     0.0334     0.0267     0.0352     0.0396     0.1906 
2027  F-Mult       0.0905     0.0248     0.1420     0.0091     0.0334     0.0267     0.0352     0.0396     0.1906 
2028  F-Mult       0.0905     0.0248     0.1420     0.0091     0.0334     0.0267     0.0352     0.0396     0.1906 
2029  F-Mult       0.0905     0.0248     0.1420     0.0091     0.0334     0.0267     0.0352     0.0396     0.1906 
2030  F-Mult       0.0905     0.0248     0.1420     0.0091     0.0334     0.0267     0.0352     0.0396     0.1906 
2031  F-Mult       0.0905     0.0248     0.1420     0.0091     0.0334     0.0267     0.0352     0.0396     0.1906 
2032  F-Mult       0.0905     0.0248     0.1420     0.0091     0.0334     0.0267     0.0352     0.0396     0.1906 
2033  F-Mult       0.0905     0.0248     0.1420     0.0091     0.0334     0.0267     0.0352     0.0396     0.1906 
2034  F-Mult       0.0905     0.0248     0.1420     0.0091     0.0334     0.0267     0.0352     0.0396     0.1906 

Recruitment Selection Distribution

Year  Selection-1 Selection-2 Selection-3 

2021      0.1228     0.8377     0.0395 
2022      0.1177     0.8399     0.0424 
2023      0.1162     0.8432     0.0406 
2024      0.1195     0.8410     0.0395 
2025      0.1170     0.8426     0.0404 
2026      0.1179     0.8457     0.0364 
2027      0.1203     0.8385     0.0412 
2028      0.1203     0.8351     0.0446 
2029      0.1210     0.8386     0.0404 
2030      0.1209     0.8372     0.0419 
2031      0.1205     0.8419     0.0376 
2032      0.1179     0.8429     0.0392 
2033      0.1195     0.8410     0.0395 
2034      0.1167     0.8428     0.0405 

Recruits        1000  Fish

Year Class   Average        StdDev
2021        172.1817       80.2056
2022        172.6455       80.9214
2023        173.7357       81.5380
2024        173.3812       81.0796
2025        173.7073       83.4823
2026        174.4589       79.1900
2027        174.5203       87.0541
2028        175.7600       86.4447
2029        172.8280       80.7773
2030        173.4610       81.8134
2031        173.1455       80.3173
2032        174.0511       81.8072
2033        174.0214       81.5750
2034        174.4600       83.6887

Recruits Distribution

Year Class 1%         5%         10%        25%        50%        75%        90%        95%        99%    
2021    68.6628    71.0835    79.1242   104.2291   168.4553   234.6261   278.1076   305.4797   324.4043
2022    68.6163    70.9765    78.8974   104.1692   168.2212   235.0408   277.5959   305.4178   325.6242
2023    68.5858    70.3099    78.8992   105.1618   168.6332   236.6781   279.0566   304.7924   325.4995
2024    68.6527    70.9801    79.3267   104.5794   168.6216   236.2197   280.4119   305.6976   325.1168
2025    68.6752    71.3714    78.6769   104.3129   168.4967   236.9978   278.7452   306.5988   325.1234
2026    68.6852    70.8012    79.4676   106.1535   168.8336   236.9366   280.1493   305.7273   324.9888
2027    68.6433    70.6620    79.3137   104.8078   168.4094   236.1391   280.4949   307.5798   337.6499
2028    68.6273    70.9099    79.1100   105.0139   168.7215   238.0073   284.0069   309.4867   367.6745
2029    68.6733    70.0802    79.0312   104.5849   168.3528   235.9452   278.4047   305.9423   325.4364
2030    68.6897    70.6697    78.4672   103.8386   168.4943   237.1423   278.6715   304.3475   325.3090
2031    68.6091    70.3418    78.7906   104.9343   168.4146   235.9289   280.5116   307.6089   328.8086
2032    68.6320    70.1536    78.4329   104.6146   168.5120   238.0076   279.7107   306.6556   335.8083
2033    68.6624    70.3732    78.9652   105.3538   168.7081   235.9069   279.9843   307.1105   325.9753
2034    68.6035    70.3705    78.5762   104.0959   168.5396   237.5386   281.9524   307.7643   353.3833

Spawning Stock Biomass  x       1000 MT

Year       Average        StdDev
2021        2.2989        0.4620
2022        2.6104        0.4302
2023        2.9383        0.6070
2024        2.5779        0.6281
2025        2.7845        0.7346
2026        3.3182        0.8969
2027        3.6616        0.9622
2028        3.8417        0.9948
2029        3.9384        0.9943
2030        3.9882        1.0411
2031        4.0116        1.0453
2032        4.0046        1.0076
2033        4.0029        1.0063
2034        3.9996        0.9961

Spawning Stock Biomass Distribution

Year        1%         5%         10%        25%        50%        75%        90%        95%        99%   
2021     1.4608     1.7288     1.8298     1.9991     2.2303     2.5184     2.8180     3.0345     4.2037 
2022     1.7399     1.9597     2.0826     2.3125     2.5763     2.8594     3.1903     3.4021     3.7581 
2023     1.8369     2.0636     2.2119     2.4964     2.8723     3.3055     3.7649     4.0755     4.6098 
2024     1.4563     1.6804     1.8205     2.1231     2.5068     2.9697     3.4161     3.6685     4.2054 
2025     1.4778     1.7456     1.9204     2.2554     2.7028     3.2323     3.7378     4.0815     4.6874 
2026     1.7273     2.0473     2.2565     2.6756     3.2313     3.8590     4.4432     4.8243     5.6899 
2027     1.9264     2.2763     2.5057     2.9749     3.5732     4.2599     4.8922     5.2618     6.1424 
2028     2.0476     2.4316     2.6805     3.1366     3.7579     4.4330     5.0858     5.4799     6.4247 
2029     2.1103     2.5156     2.7387     3.2293     3.8461     4.5329     5.2040     5.6373     6.5315 
2030     2.1451     2.5468     2.7948     3.2701     3.8803     4.5856     5.2940     5.7280     6.7329 
2031     2.1827     2.5443     2.8062     3.2815     3.9122     4.6158     5.2996     5.7479     6.8570 
2032     2.1686     2.5622     2.8107     3.2842     3.9123     4.6048     5.2844     5.6901     6.8513 
2033     2.1669     2.5573     2.8127     3.2806     3.9229     4.6116     5.2847     5.6999     6.6376 
2034     2.1789     2.5555     2.8006     3.2743     3.9138     4.6237     5.2901     5.6983     6.6748 

JAN-1 Stock Biomass  x       1000 MT

Year       Average        StdDev
2021        9.2987        1.5971
2022        9.4582        1.8072
2023        8.9492        1.9057
2024        8.3829        1.9215
2025        8.0969        1.9388
2026        8.9138        2.0879
2027        9.4110        2.1613
2028        9.6837        2.2361
2029        9.8338        2.2678
2030        9.8791        2.2565
2031        9.8888        2.2099
2032        9.8872        2.2040
2033        9.8859        2.1915
2034        9.8996        2.1997

JAN-1 Stock Biomass Distribution

Year       1%         5%         10%        25%        50%        75%        90%        95%        99%    
2021     6.3194     6.9370     7.3670     8.1860     9.1707    10.1197    11.5605    12.3550    13.7574 
2022     6.1356     6.7823     7.2316     8.1641     9.3086    10.5647    11.8263    12.6512    14.3439 
2023     5.3863     6.1126     6.6212     7.6258     8.7959    10.0920    11.4279    12.2150    13.8713 
2024     4.7057     5.5830     6.0557     7.0292     8.2222     9.5676    10.8085    11.6038    13.5545 
2025     4.4518     5.2246     5.7239     6.7517     7.9732     9.2981    10.5040    11.3085    13.1760 
2026     4.8950     5.8320     6.3929     7.4586     8.7782    10.1683    11.5342    12.3332    14.4998 
2027     5.2081     6.1693     6.8234     7.9121     9.2565    10.7185    12.1109    13.0008    15.1357 
2028     5.4231     6.4396     7.0365     8.1694     9.5002    10.9885    12.4728    13.4148    15.6705 
2029     5.5798     6.5905     7.1680     8.2788     9.6445    11.1583    12.6386    13.5928    16.0782 
2030     5.6184     6.5831     7.2189     8.3330     9.7235    11.2142    12.6874    13.6102    16.0918 
2031     5.6454     6.6382     7.2263     8.3757     9.7407    11.2308    12.6195    13.5267    15.9016 
2032     5.6303     6.6098     7.2245     8.3433     9.7224    11.2470    12.6922    13.6196    15.7070 
2033     5.6654     6.6091     7.2282     8.3177     9.7279    11.2749    12.6790    13.5635    15.8263 
2034     5.6323     6.6598     7.2250     8.3595     9.7263    11.2425    12.7162    13.7078    15.9270 

Mean Biomass  x       1000 MT

Year       Average        StdDev
2021        8.3953        1.5252
2022        8.1709        1.7125
2023        7.5785        1.7561
2024        7.1536        1.7753
2025        7.4956        1.8820
2026        8.1498        1.9947
2027        8.5232        2.0287
2028        8.7236        2.1108
2029        8.8474        2.1546
2030        8.8640        2.1163
2031        8.8739        2.0944
2032        8.8608        2.0824
2033        8.8689        2.0799
2034        8.8739        2.0751

Mean Biomass Distribution

Year       1%         5%         10%        25%        50%        75%        90%        95%        99%    
2021     5.6329     6.1707     6.5746     7.2591     8.2757     9.2513    10.5010    11.2293    12.5895 
2022     5.0436     5.6608     6.0947     6.9376     8.0140     9.2467    10.3589    11.1225    12.7459 
2023     4.3960     4.9937     5.4473     6.3173     7.4328     8.6515     9.8174    10.5571    12.2614 
2024     3.8723     4.5762     5.0140     5.8753     7.0166     8.2658     9.3794    10.0922    11.7612 
2025     3.9680     4.7100     5.2119     6.1686     7.3599     8.6491     9.8617    10.6240    12.2537 
2026     4.4050     5.2434     5.7500     6.7470     7.9919     9.3730    10.6359    11.4380    13.5105 
2027     4.6290     5.4999     6.0741     7.1078     8.3775     9.7603    11.0777    11.8698    13.8830 
2028     4.8134     5.6845     6.2241     7.2676     8.5667     9.9521    11.3132    12.2434    14.5449 
2029     4.8405     5.7504     6.3117     7.3684     8.6760    10.0882    11.4916    12.3760    14.6383 
2030     4.8864     5.7306     6.3594     7.3917     8.6979    10.1234    11.4804    12.3592    14.5890 
2031     4.8395     5.8018     6.3566     7.4065     8.7275    10.1110    11.4462    12.3839    14.5715 
2032     4.9232     5.7995     6.3547     7.3891     8.6945    10.1298    11.5518    12.3784    14.3519 
2033     4.8718     5.7937     6.3290     7.3795     8.7261    10.1470    11.5090    12.3974    14.5273 
2034     4.9537     5.8097     6.3586     7.3886     8.7285    10.1307    11.5116    12.4671    14.4725 

Combined Catch Biomass  x       1000 MT

Year       Average        StdDev
2021        2.9745        0.4780
2022        3.4182        0.5692
2023        3.3679        0.6650
2024        3.0725        0.6865
2025        1.7797        0.4246
2026        2.0397        0.4873
2027        2.2017        0.5168
2028        2.2889        0.5266
2029        2.3345        0.5372
2030        2.3559        0.5520
2031        2.3612        0.5460
2032        2.3589        0.5359
2033        2.3570        0.5328
2034        2.3583        0.5308

Combined Catch Distribution

Year       1%         5%         10%        25%        50%        75%        90%        95%        99%    
2021     1.9719     2.3554     2.4521     2.6636     2.9117     3.2300     3.5528     3.7774     4.7181 
2022     2.3536     2.5798     2.7235     2.9919     3.3839     3.7470     4.2047     4.4896     4.9155 
2023     2.1445     2.3901     2.5474     2.8907     3.3129     3.7887     4.2413     4.5198     5.0887 
2024     1.7933     2.0621     2.2460     2.5812     3.0149     3.4994     3.9564     4.2423     4.8389 
2025     0.9923     1.1564     1.2674     1.4800     1.7480     2.0343     2.3102     2.4799     2.9012 
2026     1.1321     1.3220     1.4484     1.6983     2.0060     2.3315     2.6500     2.8567     3.3075 
2027     1.2150     1.4384     1.5827     1.8436     2.1634     2.5190     2.8469     3.0522     3.5586 
2028     1.2811     1.5078     1.6585     1.9213     2.2514     2.6026     2.9504     3.1657     3.6713 
2029     1.3154     1.5535     1.6918     1.9618     2.2880     2.6546     3.0106     3.2367     3.7536 
2030     1.3405     1.5654     1.7114     1.9733     2.3146     2.6800     3.0355     3.2585     3.8983 
2031     1.3482     1.5653     1.7165     1.9857     2.3186     2.6857     3.0334     3.2483     3.8640 
2032     1.3286     1.5655     1.7158     1.9927     2.3155     2.6880     3.0293     3.2545     3.7890 
2033     1.3380     1.5664     1.7063     1.9775     2.3193     2.6884     3.0323     3.2543     3.7515 
2034     1.3440     1.5649     1.7142     1.9803     2.3229     2.6893     3.0374     3.2457     3.8157 

Landings  x       1000 MT

Year       Average        StdDev
2021        2.9745        0.4780
2022        3.4182        0.5692
2023        3.3679        0.6650
2024        3.0725        0.6865
2025        1.7797        0.4246
2026        2.0397        0.4873
2027        2.2017        0.5168
2028        2.2889        0.5266
2029        2.3345        0.5372
2030        2.3559        0.5520
2031        2.3612        0.5460
2032        2.3589        0.5359
2033        2.3570        0.5328
2034        2.3583        0.5308

Landings Distribution

Year       1%         5%         10%        25%        50%        75%        90%        95%        99%    
2021     1.9719     2.3554     2.4521     2.6636     2.9117     3.2300     3.5528     3.7774     4.7181 
2022     2.3536     2.5798     2.7235     2.9919     3.3839     3.7470     4.2047     4.4896     4.9155 
2023     2.1445     2.3901     2.5474     2.8907     3.3129     3.7887     4.2413     4.5198     5.0887 
2024     1.7933     2.0621     2.2460     2.5812     3.0149     3.4994     3.9564     4.2423     4.8389 
2025     0.9923     1.1564     1.2674     1.4800     1.7480     2.0343     2.3102     2.4799     2.9012 
2026     1.1321     1.3220     1.4484     1.6983     2.0060     2.3315     2.6500     2.8567     3.3075 
2027     1.2150     1.4384     1.5827     1.8436     2.1634     2.5190     2.8469     3.0522     3.5586 
2028     1.2811     1.5078     1.6585     1.9213     2.2514     2.6026     2.9504     3.1657     3.6713 
2029     1.3154     1.5535     1.6918     1.9618     2.2880     2.6546     3.0106     3.2367     3.7536 
2030     1.3405     1.5654     1.7114     1.9733     2.3146     2.6800     3.0355     3.2585     3.8983 
2031     1.3482     1.5653     1.7165     1.9857     2.3186     2.6857     3.0334     3.2483     3.8640 
2032     1.3286     1.5655     1.7158     1.9927     2.3155     2.6880     3.0293     3.2545     3.7890 
2033     1.3380     1.5664     1.7063     1.9775     2.3193     2.6884     3.0323     3.2543     3.7515 
2034     1.3440     1.5649     1.7142     1.9803     2.3229     2.6893     3.0374     3.2457     3.8157 

Total Fishing Mortality

Year       Average        StdDev
2021        1.0794        0.0000
2022        1.0794        0.0000
2023        1.0794        0.0000
2024        1.0794        0.0000
2025        0.5921        0.0000
2026        0.5921        0.0000
2027        0.5921        0.0000
2028        0.5921        0.0000
2029        0.5921        0.0000
2030        0.5921        0.0000
2031        0.5921        0.0000
2032        0.5921        0.0000
2033        0.5921        0.0000
2034        0.5921        0.0000

Total Fishing Mortality Distribution

Year       1%         5%         10%        25%        50%        75%        90%        95%        99%    
2021     1.0794     1.0794     1.0794     1.0794     1.0794     1.0794     1.0794     1.0794     1.0794 
2022     1.0794     1.0794     1.0794     1.0794     1.0794     1.0794     1.0794     1.0794     1.0794 
2023     1.0794     1.0794     1.0794     1.0794     1.0794     1.0794     1.0794     1.0794     1.0794 
2024     1.0794     1.0794     1.0794     1.0794     1.0794     1.0794     1.0794     1.0794     1.0794 
2025     0.5921     0.5921     0.5921     0.5921     0.5921     0.5921     0.5921     0.5921     0.5921 
2026     0.5921     0.5921     0.5921     0.5921     0.5921     0.5921     0.5921     0.5921     0.5921 
2027     0.5921     0.5921     0.5921     0.5921     0.5921     0.5921     0.5921     0.5921     0.5921 
2028     0.5921     0.5921     0.5921     0.5921     0.5921     0.5921     0.5921     0.5921     0.5921 
2029     0.5921     0.5921     0.5921     0.5921     0.5921     0.5921     0.5921     0.5921     0.5921 
2030     0.5921     0.5921     0.5921     0.5921     0.5921     0.5921     0.5921     0.5921     0.5921 
2031     0.5921     0.5921     0.5921     0.5921     0.5921     0.5921     0.5921     0.5921     0.5921 
2032     0.5921     0.5921     0.5921     0.5921     0.5921     0.5921     0.5921     0.5921     0.5921 
2033     0.5921     0.5921     0.5921     0.5921     0.5921     0.5921     0.5921     0.5921     0.5921 
2034     0.5921     0.5921     0.5921     0.5921     0.5921     0.5921     0.5921     0.5921     0.5921 

JAN-1 Stock Numbers at Age  -       1000  Fish

2021

Age        1%         5%         10%        25%        50%        75%        90%        95%        99%    
1      140.2370   175.0900   184.8320   216.7130   261.1480   317.3690   385.6290   409.5080   464.9250
2       58.9389    77.9477    80.8620    85.4451   100.4175   112.5240   125.3470   138.4980   148.4390
3       34.1986    41.3466    43.5177    47.9381    54.8765    60.4455    67.3245    74.4817    84.8335
4        4.4701     6.3288     7.3712     8.3369     9.5330    10.8358    12.5169    14.0136    20.6054
5        1.2938     1.6031     1.7337     2.2441     2.6907     3.2695     4.2092     4.8898     7.4995
6        0.2917     0.4842     0.6024     0.6936     0.9665     1.2287     1.8234     2.1765     5.0518
7        0.0278     0.0584     0.0739     0.1025     0.1591     0.2261     0.3164     0.3996     1.3049
8        0.0082     0.0292     0.0370     0.0584     0.1092     0.1670     0.2575     0.4456     2.1858
9        0.0003     0.0014     0.0021     0.0035     0.0085     0.0144     0.0223     0.0334     0.2402
10        0.0001     0.0005     0.0007     0.0015     0.0043     0.0069     0.0143     0.0242     0.2609
11        0.0000     0.0001     0.0002     0.0004     0.0014     0.0028     0.0051     0.0082     0.1988
12        0.0000     0.0000     0.0000     0.0000     0.0001     0.0003     0.0005     0.0008     0.0280
13        0.0000     0.0000     0.0000     0.0000     0.0000     0.0002     0.0003     0.0005     0.0316
14        0.0000     0.0000     0.0000     0.0000     0.0000     0.0000     0.0001     0.0001     0.0183
15+       0.0000     0.0000     0.0000     0.0000     0.0000     0.0000     0.0000     0.0000     0.0127

2022

Age        1%         5%         10%        25%        50%        75%        90%        95%        99%    
1       68.6628    71.0835    79.1242   104.2291   168.4553   234.6261   278.1076   305.4797   324.4043
2       85.0088   100.5062   107.2141   124.0166   150.8507   184.1240   222.2479   243.4845   272.4540
3       26.7138    34.4400    36.1992    39.1508    44.8838    51.0846    58.0887    62.9871    70.6302
4       11.9690    13.9426    14.9821    16.5203    18.5650    20.8196    23.6004    26.0451    31.1925
5        1.4290     1.9498     2.1965     2.5244     2.9100     3.3233     3.9061     4.2951     6.5567
6        0.3760     0.4630     0.5075     0.6457     0.7753     0.9511     1.2378     1.4458     2.4181
7        0.0972     0.1453     0.1720     0.2053     0.2737     0.3645     0.5307     0.6304     1.6257
8        0.0093     0.0178     0.0219     0.0305     0.0465     0.0675     0.0973     0.1261     0.4503
9        0.0028     0.0091     0.0113     0.0183     0.0336     0.0514     0.0810     0.1366     0.7474
10        0.0001     0.0004     0.0007     0.0011     0.0027     0.0045     0.0073     0.0110     0.0859
11        0.0000     0.0002     0.0002     0.0005     0.0014     0.0022     0.0049     0.0080     0.1013
12        0.0000     0.0000     0.0001     0.0001     0.0005     0.0009     0.0017     0.0028     0.0743
13        0.0000     0.0000     0.0000     0.0000     0.0000     0.0001     0.0002     0.0003     0.0106
14        0.0000     0.0000     0.0000     0.0000     0.0000     0.0001     0.0001     0.0002     0.0124
15+       0.0000     0.0000     0.0000     0.0000     0.0000     0.0000     0.0000     0.0001     0.0121

2023

Age        1%         5%         10%        25%        50%        75%        90%        95%        99%    
1       68.6163    70.9765    78.8974   104.1692   168.2212   235.0408   277.5959   305.4178   325.6242
2       38.2577    41.3621    45.5456    59.6170    96.3013   134.1513   161.9408   175.7218   196.1370
3       38.1593    44.8375    48.3290    55.8805    68.1300    83.3699   100.6449   110.1462   125.1878
4        9.0549    11.5591    12.2363    13.4619    15.3818    17.6749    20.0706    21.8035    24.4814
5        3.6155     4.1754     4.4994     4.9860     5.6228     6.3548     7.1920     7.9099     9.5695
6        0.4163     0.5605     0.6272     0.7278     0.8407     0.9648     1.1302     1.2562     1.8735
7        0.1094     0.1323     0.1472     0.1859     0.2242     0.2762     0.3614     0.4221     0.7124
8        0.0288     0.0429     0.0502     0.0612     0.0812     0.1090     0.1592     0.1853     0.4837
9        0.0030     0.0054     0.0067     0.0093     0.0142     0.0208     0.0296     0.0386     0.1403
10        0.0009     0.0029     0.0036     0.0058     0.0106     0.0163     0.0258     0.0427     0.2555
11        0.0000     0.0001     0.0002     0.0004     0.0009     0.0015     0.0024     0.0036     0.0289
12        0.0000     0.0001     0.0001     0.0002     0.0005     0.0007     0.0016     0.0026     0.0332
13        0.0000     0.0000     0.0000     0.0000     0.0002     0.0003     0.0006     0.0009     0.0258
14        0.0000     0.0000     0.0000     0.0000     0.0000     0.0000     0.0001     0.0001     0.0038
15+       0.0000     0.0000     0.0000     0.0000     0.0000     0.0000     0.0000     0.0001     0.0085

2024

Age        1%         5%         10%        25%        50%        75%        90%        95%        99%    
1       68.5858    70.3099    78.8992   105.1618   168.6332   236.6781   279.0566   304.7924   325.4995
2       37.9384    41.3262    45.2710    59.7387    96.3039   135.3348   161.5300   175.7824   200.0062
3       16.8525    18.7038    20.4192    26.7453    43.3342    60.3603    73.6087    79.8453    90.6401
4       13.0409    15.2782    16.5603    19.1194    23.3293    28.7369    34.4893    38.0052    43.6247
5        2.7324     3.4330     3.6695     4.0676     4.6591     5.3722     6.1173     6.6283     7.5157
6        1.0269     1.1966     1.2822     1.4344     1.6251     1.8467     2.0928     2.3023     2.7805
7        0.1209     0.1615     0.1794     0.2093     0.2429     0.2812     0.3290     0.3656     0.5504
8        0.0323     0.0388     0.0437     0.0549     0.0663     0.0825     0.1076     0.1251     0.2126
9        0.0089     0.0131     0.0152     0.0187     0.0249     0.0336     0.0485     0.0569     0.1492
10        0.0010     0.0017     0.0021     0.0029     0.0045     0.0066     0.0093     0.0123     0.0453
11        0.0003     0.0009     0.0011     0.0019     0.0034     0.0053     0.0084     0.0139     0.0868
12        0.0000     0.0000     0.0001     0.0001     0.0003     0.0005     0.0008     0.0012     0.0096
13        0.0000     0.0000     0.0000     0.0001     0.0002     0.0003     0.0005     0.0009     0.0110
14        0.0000     0.0000     0.0000     0.0000     0.0001     0.0001     0.0002     0.0003     0.0089
15+       0.0000     0.0000     0.0000     0.0000     0.0000     0.0000     0.0000     0.0001     0.0045

2025

Age        1%         5%         10%        25%        50%        75%        90%        95%        99%    
1       68.6527    70.9801    79.3267   104.5794   168.6216   236.2197   280.4119   305.6976   325.1168
2       37.8550    41.1606    45.0586    60.0043    96.5603   136.6558   162.9472   176.1183   196.0637
3       16.9437    18.6513    20.3626    26.8720    43.1127    60.8121    73.4476    79.9069    91.7472
4        5.6400     6.3860     7.0142     9.1731    14.7950    20.6744    25.3514    27.5079    31.7893
5        3.9247     4.6007     4.9690     5.7824     7.0640     8.7423    10.5473    11.5696    13.3032
6        0.7844     0.9802     1.0510     1.1725     1.3455     1.5551     1.7777     1.9263     2.1863
7        0.2928     0.3408     0.3674     0.4136     0.4696     0.5366     0.6112     0.6740     0.8109
8        0.0355     0.0475     0.0529     0.0617     0.0721     0.0840     0.0986     0.1099     0.1622
9        0.0097     0.0118     0.0133     0.0167     0.0203     0.0254     0.0331     0.0387     0.0660
10        0.0028     0.0041     0.0048     0.0059     0.0079     0.0107     0.0154     0.0181     0.0477
11        0.0003     0.0006     0.0007     0.0009     0.0014     0.0021     0.0030     0.0040     0.0159
12        0.0001     0.0003     0.0004     0.0006     0.0011     0.0018     0.0028     0.0045     0.0283
13        0.0000     0.0000     0.0000     0.0000     0.0001     0.0002     0.0003     0.0004     0.0032
14        0.0000     0.0000     0.0000     0.0000     0.0001     0.0001     0.0002     0.0003     0.0038
15+       0.0000     0.0000     0.0000     0.0000     0.0000     0.0000     0.0001     0.0001     0.0048

2026

Age        1%         5%         10%        25%        50%        75%        90%        95%        99%    
1       68.6752    71.3714    78.6769   104.3129   168.4967   236.9978   278.7452   306.5988   325.1234
2       39.4439    42.9568    47.0402    62.1655   100.3133   141.0049   168.3108   182.1683   203.8487
3       19.8018    21.9024    23.9799    31.7428    50.9916    72.2877    87.1489    94.1411   106.8391
4        7.6948     8.6355     9.4825    12.4759    20.0046    28.1418    34.2556    37.2971    43.4462
5        2.4541     2.7877     3.0714     4.0150     6.4633     9.0173    11.0984    12.1166    13.9766
6        1.6628     1.9539     2.1136     2.4667     3.0169     3.7337     4.4999     4.9394     5.7217
7        0.3336     0.4134     0.4469     0.4988     0.5746     0.6661     0.7636     0.8257     0.9429
8        0.1259     0.1460     0.1579     0.1786     0.2036     0.2334     0.2663     0.2939     0.3517
9        0.0155     0.0206     0.0230     0.0270     0.0317     0.0370     0.0435     0.0488     0.0712
10        0.0043     0.0052     0.0060     0.0074     0.0091     0.0114     0.0149     0.0174     0.0294
11        0.0013     0.0019     0.0022     0.0027     0.0036     0.0049     0.0070     0.0083     0.0217
12        0.0002     0.0003     0.0003     0.0004     0.0007     0.0010     0.0014     0.0019     0.0072
13        0.0000     0.0001     0.0002     0.0003     0.0005     0.0008     0.0013     0.0021     0.0132
14        0.0000     0.0000     0.0000     0.0000     0.0000     0.0001     0.0001     0.0002     0.0015
15+       0.0000     0.0000     0.0000     0.0000     0.0000     0.0001     0.0001     0.0002     0.0042

2027

Age        1%         5%         10%        25%        50%        75%        90%        95%        99%    
1       68.6852    70.8012    79.4676   106.1535   168.8336   236.9366   280.1493   305.7273   324.9888
2       39.6837    42.9742    46.7590    61.8716   100.2707   141.4793   167.9095   182.6749   204.6358
3       20.5720    22.8033    25.0005    33.0632    53.0131    74.7352    90.1309    97.5149   111.1306
4        9.0805    10.1798    11.1720    14.6919    23.6028    33.4679    40.5838    44.0148    50.6390
5        3.3510     3.7746     4.1335     5.4607     8.7052    12.2979    14.9785    16.4103    19.3901
6        1.0329     1.1830     1.3039     1.7151     2.7478     3.8261     4.7492     5.1833     6.0820
7        0.7044     0.8285     0.8967     1.0522     1.2874     1.5930     1.9195     2.1190     2.4631
8        0.1425     0.1763     0.1917     0.2154     0.2487     0.2888     0.3328     0.3612     0.4112
9        0.0544     0.0636     0.0689     0.0782     0.0897     0.1029     0.1179     0.1300     0.1556
10        0.0069     0.0091     0.0103     0.0121     0.0142     0.0167     0.0196     0.0219     0.0319
11        0.0019     0.0024     0.0027     0.0034     0.0041     0.0052     0.0068     0.0079     0.0135
12        0.0006     0.0009     0.0010     0.0012     0.0016     0.0023     0.0032     0.0038     0.0100
13        0.0001     0.0001     0.0001     0.0002     0.0003     0.0005     0.0006     0.0009     0.0033
14        0.0000     0.0001     0.0001     0.0001     0.0002     0.0004     0.0006     0.0010     0.0061
15+       0.0000     0.0000     0.0000     0.0000     0.0000     0.0001     0.0001     0.0002     0.0027

2028

Age        1%         5%         10%        25%        50%        75%        90%        95%        99%    
1       68.6433    70.6620    79.3137   104.8078   168.4094   236.1391   280.4949   307.5798   337.6499
2       39.5708    43.0497    47.3047    62.8050   100.8657   141.6065   168.6014   182.5067   204.0784
3       20.7411    22.9328    24.9139    32.9302    53.0999    75.1783    90.0786    97.1468   111.0921
4        9.4216    10.5844    11.5772    15.3956    24.5299    34.6532    42.0833    45.3686    52.4869
5        3.9420     4.4360     4.9038     6.4306    10.3065    14.6593    17.7640    19.3304    22.5096
6        1.4104     1.6072     1.7662     2.3308     3.7041     5.2159     6.4161     7.0289     8.2866
7        0.4361     0.5038     0.5576     0.7308     1.1637     1.6256     2.0334     2.2290     2.6270
8        0.3010     0.3543     0.3869     0.4548     0.5576     0.6893     0.8365     0.9213     1.0668
9        0.0624     0.0766     0.0836     0.0946     0.1094     0.1275     0.1467     0.1600     0.1834
10        0.0241     0.0282     0.0306     0.0350     0.0402     0.0462     0.0532     0.0587     0.0710
11        0.0031     0.0041     0.0046     0.0055     0.0065     0.0076     0.0089     0.0101     0.0145
12        0.0009     0.0011     0.0012     0.0015     0.0019     0.0024     0.0031     0.0037     0.0062
13        0.0003     0.0004     0.0005     0.0006     0.0008     0.0010     0.0015     0.0018     0.0045
14        0.0000     0.0001     0.0001     0.0001     0.0001     0.0002     0.0003     0.0004     0.0015
15+       0.0000     0.0000     0.0000     0.0001     0.0001     0.0002     0.0003     0.0005     0.0041

2029

Age        1%         5%         10%        25%        50%        75%        90%        95%        99%    
1       68.6273    70.9099    79.1100   105.0139   168.7215   238.0073   284.0069   309.4867   367.6745
2       39.3317    42.8836    47.0561    62.0735   100.1235   141.2365   168.9503   184.3239   208.8550
3       20.7185    22.9954    25.1564    33.3462    53.3585    75.1344    90.1879    97.5985   111.3720
4        9.4544    10.6126    11.5991    15.2401    24.5419    34.7747    41.7073    45.4800    52.6889
5        4.0886     4.6342     5.0747     6.7271    10.7002    15.0910    18.4107    19.9781    23.1415
6        1.6757     1.8883     2.0838     2.7473     4.3876     6.2115     7.5824     8.2465     9.7413
7        0.5900     0.6839     0.7529     0.9919     1.5744     2.2157     2.7498     3.0274     3.5522
8        0.1855     0.2168     0.2404     0.3164     0.5032     0.7003     0.8858     0.9733     1.1488
9        0.1312     0.1546     0.1687     0.1999     0.2456     0.3044     0.3689     0.4085     0.4770
10        0.0279     0.0341     0.0371     0.0423     0.0490     0.0573     0.0662     0.0719     0.0827
11        0.0108     0.0127     0.0138     0.0158     0.0183     0.0211     0.0243     0.0268     0.0323
12        0.0014     0.0019     0.0021     0.0025     0.0030     0.0035     0.0041     0.0046     0.0067
13        0.0004     0.0005     0.0006     0.0007     0.0009     0.0011     0.0015     0.0017     0.0029
14        0.0001     0.0002     0.0002     0.0003     0.0004     0.0005     0.0007     0.0008     0.0021
15+       0.0000     0.0000     0.0001     0.0001     0.0001     0.0002     0.0003     0.0004     0.0027

2030

Age        1%         5%         10%        25%        50%        75%        90%        95%        99%    
1       68.6733    70.0802    79.0312   104.5849   168.3528   235.9452   278.4047   305.9423   325.4364
2       39.4985    42.8005    46.9341    62.2583   100.6334   142.4203   170.0139   184.4571   222.0363
3       20.5560    22.8546    25.0226    32.9826    52.9607    74.9744    90.4846    98.2662   113.9324
4        9.4841    10.5869    11.6508    15.5117    24.7146    34.6683    41.9347    45.5916    52.4397
5        4.0870     4.6372     5.0531     6.6696    10.7037    15.1905    18.2901    19.9913    23.2215
6        1.7311     1.9624     2.1573     2.8684     4.5532     6.4171     7.8760     8.5684    10.0681
7        0.7002     0.8040     0.8856     1.1703     1.8715     2.6447     3.2512     3.5328     4.1823
8        0.2530     0.2944     0.3255     0.4305     0.6802     0.9563     1.1925     1.3169     1.5598
9        0.0802     0.0944     0.1058     0.1392     0.2205     0.3071     0.3908     0.4316     0.5097
10        0.0584     0.0686     0.0753     0.0891     0.1099     0.1361     0.1654     0.1828     0.2162
11        0.0124     0.0154     0.0167     0.0192     0.0223     0.0262     0.0302     0.0329     0.0379
12        0.0049     0.0058     0.0063     0.0072     0.0084     0.0097     0.0112     0.0124     0.0149
13        0.0007     0.0009     0.0010     0.0012     0.0014     0.0016     0.0019     0.0022     0.0031
14        0.0002     0.0002     0.0003     0.0003     0.0004     0.0005     0.0007     0.0008     0.0013
15+       0.0001     0.0001     0.0001     0.0002     0.0002     0.0003     0.0005     0.0006     0.0023

2031

Age        1%         5%         10%        25%        50%        75%        90%        95%        99%    
1       68.6897    70.6697    78.4672   103.8386   168.4943   237.1423   278.6715   304.3475   325.3090
2       39.2780    42.7308    46.6619    62.0227    99.8695   140.5710   167.5765   182.5430   203.6478
3       20.6827    22.8006    24.9194    33.0979    53.4484    75.2933    90.7418    98.5316   118.8417
4        9.4102    10.5536    11.6202    15.3286    24.5282    34.7636    42.2886    45.9076    54.4277
5        4.1141     4.6308     5.0977     6.7958    10.8188    15.1456    18.3464    20.1014    23.3583
6        1.7486     1.9667     2.1560     2.8387     4.5636     6.4549     7.8292     8.5128    10.1011
7        0.7243     0.8316     0.9261     1.2236     1.9397     2.7411     3.3567     3.6653     4.3854
8        0.3016     0.3472     0.3831     0.5058     0.8105     1.1441     1.4115     1.5408     1.8335
9        0.1104     0.1287     0.1431     0.1890     0.2983     0.4202     0.5267     0.5822     0.6980
10        0.0357     0.0423     0.0474     0.0623     0.0987     0.1380     0.1750     0.1939     0.2314
11        0.0262     0.0310     0.0340     0.0407     0.0499     0.0619     0.0752     0.0836     0.0978
12        0.0056     0.0070     0.0076     0.0088     0.0102     0.0121     0.0140     0.0152     0.0176
13        0.0023     0.0027     0.0029     0.0033     0.0039     0.0045     0.0052     0.0058     0.0069
14        0.0003     0.0004     0.0005     0.0005     0.0006     0.0008     0.0009     0.0010     0.0015
15+       0.0001     0.0002     0.0002     0.0002     0.0003     0.0004     0.0005     0.0006     0.0017

2032

Age        1%         5%         10%        25%        50%        75%        90%        95%        99%    
1       68.6091    70.3418    78.7906   104.9343   168.4146   235.9289   280.5116   307.6089   328.8086
2       39.5320    42.6344    46.5574    61.6647   100.2600   142.2903   168.0624   182.2851   204.1076
3       20.6295    22.6511    24.8250    32.8937    52.8926    74.5937    89.9284    97.3527   110.1436
4        9.5064    10.5946    11.5608    15.3323    24.7444    34.9348    42.3835    46.0649    56.3081
5        4.0561     4.6085     5.0941     6.7060    10.7293    15.1854    18.5614    20.1247    24.2141
6        1.7302     1.9687     2.1814     2.9046     4.6001     6.4557     7.8640     8.6218    10.1278
7        0.7256     0.8345     0.9201     1.2137     1.9370     2.7428     3.3553     3.6600     4.3460
8        0.3083     0.3595     0.3982     0.5291     0.8385     1.1811     1.4555     1.5970     1.9050
9        0.1312     0.1521     0.1685     0.2219     0.3557     0.5020     0.6222     0.6802     0.8118
10        0.0489     0.0573     0.0640     0.0846     0.1338     0.1879     0.2363     0.2626     0.3174
11        0.0161     0.0191     0.0215     0.0283     0.0447     0.0626     0.0796     0.0886     0.1063
12        0.0119     0.0141     0.0156     0.0186     0.0230     0.0286     0.0347     0.0384     0.0457
13        0.0026     0.0032     0.0035     0.0041     0.0047     0.0056     0.0065     0.0071     0.0082
14        0.0010     0.0012     0.0013     0.0016     0.0018     0.0021     0.0025     0.0027     0.0032
15+       0.0002     0.0003     0.0003     0.0004     0.0004     0.0005     0.0007     0.0008     0.0015

2033

Age        1%         5%         10%        25%        50%        75%        90%        95%        99%    
1       68.6320    70.1536    78.4329   104.6146   168.5120   238.0076   279.7107   306.6556   335.8083
2       39.3302    42.8127    46.9413    62.1145   100.0821   140.8692   168.9688   183.5250   207.3652
3       20.4683    22.7100    24.8234    32.7152    53.0185    75.3642    89.9873    97.0279   112.1112
4        9.4154    10.4806    11.4884    15.2554    24.4590    34.5495    41.9138    45.5068    52.6304
5        4.0964     4.6205     5.0859     6.7048    10.7524    15.2177    18.5920    20.2938    25.2498
6        1.7034     1.9466     2.1689     2.8558     4.5653     6.4477     7.8978     8.6535    10.4890
7        0.7238     0.8353     0.9331     1.2344     1.9578     2.7447     3.3772     3.6684     4.3710
8        0.3115     0.3591     0.3985     0.5246     0.8366     1.1875     1.4524     1.5958     1.9129
9        0.1338     0.1572     0.1753     0.2334     0.3682     0.5190     0.6408     0.7069     0.8429
10        0.0583     0.0677     0.0755     0.0992     0.1586     0.2242     0.2790     0.3061     0.3745
11        0.0218     0.0259     0.0291     0.0383     0.0604     0.0856     0.1076     0.1201     0.1454
12        0.0074     0.0087     0.0099     0.0130     0.0205     0.0288     0.0368     0.0408     0.0494
13        0.0055     0.0065     0.0072     0.0086     0.0106     0.0133     0.0161     0.0179     0.0213
14        0.0012     0.0015     0.0016     0.0019     0.0022     0.0026     0.0030     0.0033     0.0039
15+       0.0006     0.0007     0.0008     0.0009     0.0011     0.0012     0.0015     0.0016     0.0021

2034

Age        1%         5%         10%        25%        50%        75%        90%        95%        99%    
1       68.6624    70.3732    78.9652   105.3538   168.7081   235.9069   279.9843   307.1105   325.9753
2       39.6357    42.7384    46.5905    62.0988   100.3109   142.3077   168.6049   183.0226   207.0168
3       20.5514    22.7178    25.0347    32.9656    53.0281    74.5825    90.4458    98.0889   112.1613
4        9.3782    10.5214    11.5194    15.1664    24.5604    34.8096    41.8637    45.4128    53.0717
5        4.0597     4.5640     5.0279     6.6740    10.6559    15.0852    18.3654    20.0574    23.3885
6        1.7188     1.9654     2.1611     2.8574     4.5959     6.4716     7.9469     8.6578    10.8675
7        0.7183     0.8292     0.9265     1.2214     1.9412     2.7406     3.3865     3.7004     4.4964
8        0.3113     0.3608     0.4023     0.5357     0.8449     1.1847     1.4666     1.6143     1.8939
9        0.1341     0.1577     0.1746     0.2305     0.3676     0.5205     0.6397     0.7081     0.8452
10        0.0594     0.0704     0.0780     0.1039     0.1640     0.2326     0.2881     0.3181     0.3874
11        0.0263     0.0306     0.0342     0.0451     0.0720     0.1020     0.1268     0.1404     0.1723
12        0.0099     0.0118     0.0134     0.0176     0.0276     0.0393     0.0495     0.0553     0.0673
13        0.0034     0.0040     0.0046     0.0060     0.0095     0.0133     0.0171     0.0190     0.0232
14        0.0025     0.0030     0.0033     0.0040     0.0050     0.0062     0.0076     0.0084     0.0099
15+       0.0009     0.0011     0.0012     0.0013     0.0016     0.0018     0.0021     0.0022     0.0026

Probability Spawning Stock Biomass Exceeds Threshold      3.660 (1000 MT)

Year    Probability

2021    0.018100
2022    0.017100
2023    0.124600
2024    0.050800
2025    0.117200
2026    0.321600
2027    0.462600
2028    0.537700
2029    0.579400
2030    0.592300
2031    0.604800
2032    0.603300
2033    0.598700
2034    0.600000

Probability Threshold Exceeded at Least Once =     0.9477

Probability Total Fishing Mortality Exceeds Threshold     0.8413 

Year    Probability

2021    1.000000
2022    1.000000
2023    1.000000
2024    1.000000
2025    0.000000
2026    0.000000
2027    0.000000
2028    0.000000
2029    0.000000
2030    0.000000
2031    0.000000
2032    0.000000
2033    0.000000
2034    0.000000

Probability Threshold Exceeded at Least Once =     1.0000


Requested Percentile Report

Percentile =    50.00 %

                                 2021       2022       2023       2024       2025       2026       2027       2028       2029       2030       2031       2032       2033       2034 

Recruits                     168.4553   168.2212   168.6332   168.6216   168.4967   168.8336   168.4094   168.7215   168.3528   168.4943   168.4146   168.5120   168.7081   168.5396 
Spawning Stock Biomass         2.2303     2.5763     2.8723     2.5068     2.7028     3.2313     3.5732     3.7579     3.8461     3.8803     3.9122     3.9123     3.9229     3.9138 
Jan-1 Stock Biomass            9.1707     9.3086     8.7959     8.2222     7.9732     8.7782     9.2565     9.5002     9.6445     9.7235     9.7407     9.7224     9.7279     9.7263 
Mean Biomass                   8.2757     8.0140     7.4328     7.0166     7.3599     7.9919     8.3775     8.5667     8.6760     8.6979     8.7275     8.6945     8.7261     8.7285 
Combined Catch Biomass         2.9117     3.3839     3.3129     3.0149     1.7480     2.0060     2.1634     2.2514     2.2880     2.3146     2.3186     2.3155     2.3193     2.3229 
Landings                       2.9117     3.3839     3.3129     3.0149     1.7480     2.0060     2.1634     2.2514     2.2880     2.3146     2.3186     2.3155     2.3193     2.3229 
FMort                          1.0794     1.0794     1.0794     1.0794     0.5921     0.5921     0.5921     0.5921     0.5921     0.5921     0.5921     0.5921     0.5921     0.5921 

Stock Numbers at Age
Age 1                        261.1480   168.4553   168.2212   168.6332   168.6216   168.4967   168.8336   168.4094   168.7215   168.3528   168.4943   168.4146   168.5120   168.7081 
Age 2                        100.4175   150.8507    96.3013    96.3039    96.5603   100.3133   100.2707   100.8657   100.1235   100.6334    99.8695   100.2600   100.0821   100.3109 
Age 3                         54.8765    44.8838    68.1300    43.3342    43.1127    50.9916    53.0131    53.0999    53.3585    52.9607    53.4484    52.8926    53.0185    53.0281 
Age 4                          9.5330    18.5650    15.3818    23.3293    14.7950    20.0046    23.6028    24.5299    24.5419    24.7146    24.5282    24.7444    24.4590    24.5604 
Age 5                          2.6907     2.9100     5.6228     4.6591     7.0640     6.4633     8.7052    10.3065    10.7002    10.7037    10.8188    10.7293    10.7524    10.6559 
Age 6                          0.9665     0.7753     0.8407     1.6251     1.3455     3.0169     2.7478     3.7041     4.3876     4.5532     4.5636     4.6001     4.5653     4.5959 
Age 7                          0.1591     0.2737     0.2242     0.2429     0.4696     0.5746     1.2874     1.1637     1.5744     1.8715     1.9397     1.9370     1.9578     1.9412 
Age 8                          0.1092     0.0465     0.0812     0.0663     0.0721     0.2036     0.2487     0.5576     0.5032     0.6802     0.8105     0.8385     0.8366     0.8449 
Age 9                          0.0085     0.0336     0.0142     0.0249     0.0203     0.0317     0.0897     0.1094     0.2456     0.2205     0.2983     0.3557     0.3682     0.3676 
Age 10                          0.0043     0.0027     0.0106     0.0045     0.0079     0.0091     0.0142     0.0402     0.0490     0.1099     0.0987     0.1338     0.1586     0.1640 
Age 11                          0.0014     0.0014     0.0009     0.0034     0.0014     0.0036     0.0041     0.0065     0.0183     0.0223     0.0499     0.0447     0.0604     0.0720 
Age 12                          0.0001     0.0005     0.0005     0.0003     0.0011     0.0007     0.0016     0.0019     0.0030     0.0084     0.0102     0.0230     0.0205     0.0276 
Age 13                          0.0000     0.0000     0.0002     0.0002     0.0001     0.0005     0.0003     0.0008     0.0009     0.0014     0.0039     0.0047     0.0106     0.0095 
Age 14                          0.0000     0.0000     0.0000     0.0001     0.0001     0.0000     0.0002     0.0001     0.0004     0.0004     0.0006     0.0018     0.0022     0.0050 
Age 15                          0.0000     0.0000     0.0000     0.0000     0.0000     0.0000     0.0000     0.0001     0.0001     0.0002     0.0003     0.0004     0.0011     0.0016 
