AGEPRO VERSION 4.2

Constant_Q_2175

Date & Time of Run: 26 Mar 2024  14:20

Input File Name:    constant_Q_2175.inp

First Age Class:                         1
Number of Age Classes:                  15
Number of Years in Projection:          14
Number of Fleets:                        9
Number of Recruitment Models:            3
Number of Bootstraps:                  100
Number of Simulations:                 100

Bootstrap File Name:            C:\Users\jon.brodziak\Desktop\2024 WCNPO MLS Rebuilding\Bootstrap-numbers-at-age\2023_WCNPOMLS.bsn

Number of Feasible Solutions:       9986  of      10000 Realizations

Input Harvest Scenario

Year  Type        Fleet-1    Fleet-2    Fleet-3    Fleet-4    Fleet-5    Fleet-6    Fleet-7    Fleet-8    Fleet-9    

2021  F-Mult       0.1651     0.0453     0.2588     0.0166     0.0610     0.0487     0.0642     0.0722     0.3475 
2022  F-Mult       0.1651     0.0453     0.2588     0.0166     0.0610     0.0487     0.0642     0.0722     0.3475 
2023  F-Mult       0.1651     0.0453     0.2588     0.0166     0.0610     0.0487     0.0642     0.0722     0.3475 
2024  F-Mult       0.1651     0.0453     0.2588     0.0166     0.0610     0.0487     0.0642     0.0722     0.3475 
2025  Landings        312        124        647         57        189         84        163        293        305 
2026  Landings        312        124        647         57        189         84        163        293        305 
2027  Landings        312        124        647         57        189         84        163        293        305 
2028  Landings        312        124        647         57        189         84        163        293        305 
2029  Landings        312        124        647         57        189         84        163        293        305 
2030  Landings        312        124        647         57        189         84        163        293        305 
2031  Landings        312        124        647         57        189         84        163        293        305 
2032  Landings        312        124        647         57        189         84        163        293        305 
2033  Landings        312        124        647         57        189         84        163        293        305 
2034  Landings        312        124        647         57        189         84        163        293        305 

Recruitment Selection Distribution

Year  Selection-1 Selection-2 Selection-3 

2021      0.1196     0.8427     0.0377 
2022      0.1223     0.8361     0.0416 
2023      0.1204     0.8413     0.0383 
2024      0.1176     0.8439     0.0385 
2025      0.1280     0.8324     0.0396 
2026      0.1204     0.8405     0.0391 
2027      0.1193     0.8415     0.0392 
2028      0.1213     0.8386     0.0401 
2029      0.1182     0.8422     0.0396 
2030      0.1195     0.8388     0.0417 
2031      0.1184     0.8411     0.0405 
2032      0.1193     0.8425     0.0382 
2033      0.1246     0.8404     0.0350 
2034      0.1244     0.8386     0.0370 

Recruits        1000  Fish

Year Class   Average        StdDev
2021        173.5848       80.1430
2022        173.2190       80.8836
2023        174.3819       81.7168
2024        174.3322       82.3462
2025        174.6402       81.5738
2026        173.4609       81.4322
2027        173.3713       81.4838
2028        172.0420       78.8583
2029        174.2481       86.4759
2030        172.5006       80.9195
2031        173.9487       80.8201
2032        174.5387       87.2855
2033        172.0343       80.6927
2034        173.5786       80.8143

Recruits Distribution

Year Class 1%         5%         10%        25%        50%        75%        90%        95%        99%    
2021    68.6328    71.3913    79.5643   104.2335   168.5415   237.4336   279.0277   304.8705   324.6222
2022    68.5863    70.4803    79.0629   105.1303   168.4465   236.1918   277.9230   305.7083   325.6647
2023    68.5887    70.2381    79.0374   105.8250   168.7273   237.0558   281.4211   307.0208   325.1151
2024    68.6801    70.5528    78.9650   105.0666   168.6504   237.6396   279.9178   306.0136   325.6349
2025    68.6447    71.1198    79.7586   105.9848   168.6964   237.2382   279.1382   307.6810   325.1980
2026    68.6276    70.1153    78.4686   104.4014   168.5991   237.3665   278.3159   305.4268   324.7539
2027    68.6466    70.7859    79.1454   104.3431   168.5647   236.3223   278.1561   306.4725   325.3895
2028    68.6401    70.5546    78.9962   104.0881   168.3283   234.3234   277.9034   305.9957   324.6883
2029    68.6208    70.5337    79.0588   104.4556   168.4988   236.9515   281.6674   306.4918   332.9227
2030    68.6049    70.5872    78.9163   104.2456   168.3451   235.5913   279.1165   306.4494   332.9033
2031    68.6044    70.5414    78.8021   104.9874   168.6496   236.9040   278.0450   305.8379   325.7087
2032    68.6452    70.6144    78.9362   104.1277   168.4309   237.2244   279.9716   307.0598   356.4801
2033    68.6266    70.5160    78.7084   103.3266   168.3363   235.2731   278.1350   305.7095   324.4991
2034    68.6534    70.9789    78.9918   105.8728   168.4091   236.0000   277.1115   305.2909   324.9624

Spawning Stock Biomass  x       1000 MT

Year       Average        StdDev
2021        2.2969        0.4565
2022        2.6099        0.4285
2023        2.9424        0.6128
2024        2.5906        0.6327
2025        2.6579        0.8684
2026        3.0459        1.2914
2027        3.4062        1.5943
2028        3.6914        1.7943
2029        3.9038        1.9198
2030        4.0577        1.9921
2031        4.1698        2.0289
2032        4.2688        2.1055
2033        4.3363        2.1318
2034        4.3996        2.1407

Spawning Stock Biomass Distribution

Year        1%         5%         10%        25%        50%        75%        90%        95%        99%   
2021     1.4699     1.7278     1.8324     2.0041     2.2282     2.5135     2.8073     3.0285     4.1831 
2022     1.7558     1.9637     2.0860     2.3130     2.5758     2.8543     3.2046     3.4043     3.7453 
2023     1.8300     2.0768     2.2117     2.4933     2.8721     3.3071     3.7769     4.0784     4.5790 
2024     1.4536     1.6840     1.8315     2.1300     2.5295     2.9912     3.4110     3.6814     4.2190 
2025     1.1079     1.4276     1.6197     2.0328     2.5806     3.1754     3.7699     4.1350     4.9960 
2026     0.7433     1.2219     1.5066     2.1221     2.9077     3.8243     4.7126     5.2524     6.4987 
2027     0.6076     1.1434     1.5133     2.2568     3.2560     4.3657     5.4197     6.1091     7.7361 
2028     0.5153     1.1385     1.5542     2.4242     3.5161     4.7389     5.9601     6.7464     8.6873 
2029     0.5090     1.1344     1.6216     2.5426     3.7285     5.0286     6.3381     7.1952     9.3300 
2030     0.4753     1.1902     1.6654     2.6349     3.8772     5.2556     6.6114     7.4713     9.5185 
2031     0.4798     1.2374     1.7299     2.7095     3.9886     5.3949     6.7660     7.6627     9.7396 
2032     0.4713     1.2644     1.7706     2.7744     4.0907     5.4934     6.9178     7.8896    10.1127 
2033     0.5043     1.3025     1.8153     2.8435     4.1399     5.5793     7.0664     8.0350    10.0826 
2034     0.5257     1.3382     1.8775     2.8744     4.1910     5.6739     7.1167     8.1184    10.0828 

JAN-1 Stock Biomass  x       1000 MT

Year       Average        StdDev
2021        9.3038        1.5887
2022        9.4773        1.7912
2023        8.9808        1.8834
2024        8.4179        1.9223
2025        8.1342        1.9419
2026        8.6337        2.3310
2027        9.0434        2.6028
2028        9.3791        2.7823
2029        9.6145        2.8745
2030        9.8165        2.9893
2031        9.9567        3.0556
2032       10.0765        3.0871
2033       10.1771        3.1480
2034       10.2308        3.1763

JAN-1 Stock Biomass Distribution

Year       1%         5%         10%        25%        50%        75%        90%        95%        99%    
2021     6.3438     6.9649     7.3827     8.1747     9.1816    10.1475    11.5938    12.2839    13.6217 
2022     6.0881     6.8021     7.2429     8.1851     9.3235    10.5866    11.8911    12.6456    14.1979 
2023     5.4076     6.1562     6.6697     7.6310     8.8438    10.1719    11.3990    12.1608    13.9845 
2024     4.7680     5.5801     6.0891     7.0491     8.2857     9.6112    10.8446    11.6389    13.5090 
2025     4.4243     5.2466     5.7693     6.7881     7.9959     9.3170    10.5981    11.3851    13.2112 
2026     4.0941     5.1821     5.8085     7.0293     8.4577    10.0588    11.5561    12.4948    15.0690 
2027     3.8806     5.1600     5.8907     7.2340     8.8784    10.6122    12.3027    13.4085    16.3160 
2028     3.8332     5.1734     5.9841     7.4382     9.2157    11.0642    12.8668    14.0778    17.0138 
2029     3.7971     5.2592     6.0699     7.6291     9.4444    11.3710    13.2350    14.4768    17.3175 
2030     3.8652     5.3255     6.1875     7.7563     9.6152    11.6379    13.5911    14.8099    17.8423 
2031     3.8227     5.3667     6.2655     7.8627     9.7732    11.7849    13.7817    15.1769    18.2065 
2032     3.9201     5.5319     6.3426     7.9556     9.9020    11.9186    13.9650    15.3252    18.2395 
2033     3.9757     5.5122     6.4354     8.0357     9.9623    12.0586    14.1376    15.4871    18.3587 
2034     3.9387     5.5996     6.4376     8.0631    10.0409    12.0887    14.1529    15.5784    18.7352 

Mean Biomass  x       1000 MT

Year       Average        StdDev
2021        8.4033        1.5250
2022        8.1979        1.7060
2023        7.6139        1.7566
2024        7.1885        1.7916
2025        7.3509        2.0718
2026        7.8208        2.4050
2027        8.2000        2.6378
2028        8.4924        2.7968
2029        8.6993        2.8685
2030        8.8806        2.9785
2031        9.0023        3.0361
2032        9.1094        3.0416
2033        9.2063        3.1306
2034        9.2453        3.1351

Mean Biomass Distribution

Year       1%         5%         10%        25%        50%        75%        90%        95%        99%    
2021     5.6126     6.1901     6.5679     7.2736     8.2750     9.2618    10.5321    11.2658    12.5781 
2022     5.0836     5.6869     6.0825     6.9568     8.0685     9.2718    10.4373    11.1519    12.5973 
2023     4.3135     5.0055     5.4670     6.3698     7.4826     8.6957     9.8470    10.5715    12.2030 
2024     3.9041     4.5789     5.0103     5.9117     7.0450     8.2834     9.4436    10.1834    11.9889 
2025     3.3868     4.2827     4.8415     5.9112     7.2072     8.6092     9.9603    10.8032    12.8235 
2026     3.1858     4.2658     4.8954     6.1475     7.6437     9.2637    10.8214    11.8440    14.4772 
2027     3.0098     4.2679     5.0135     6.3803     8.0368     9.7546    11.5448    12.6191    15.2985 
2028     3.0462     4.2768     5.0507     6.5643     8.3134    10.1809    12.0256    13.1871    15.9254 
2029     2.9462     4.4099     5.2015     6.7255     8.4964    10.4320    12.3048    13.6541    16.4411 
2030     2.9975     4.4565     5.2751     6.8410     8.7035    10.6886    12.5865    13.8166    17.0259 
2031     2.8963     4.4994     5.3444     6.9470     8.8204    10.7997    12.8062    14.1273    17.1975 
2032     3.0690     4.6069     5.4622     7.0011     8.9182    10.9537    12.9208    14.3314    17.0715 
2033     3.1117     4.6084     5.5138     7.0561     8.9854    11.0425    13.1259    14.4314    17.6222 
2034     3.0826     4.6441     5.5216     7.0862     9.0456    11.0856    13.0770    14.4748    17.8639 

Combined Catch Biomass  x       1000 MT

Year       Average        StdDev
2021        2.9756        0.4774
2022        3.4216        0.5690
2023        3.3773        0.6631
2024        3.0844        0.6859
2025        2.1750        0.0000
2026        2.1750        0.0000
2027        2.1750        0.0000
2028        2.1746        0.0308
2029        2.1746        0.0308
2030        2.1741        0.0435
2031        2.1737        0.0533
2032        2.1726        0.0721
2033        2.1722        0.0784
2034        2.1720        0.0813

Combined Catch Distribution

Year       1%         5%         10%        25%        50%        75%        90%        95%        99%    
2021     1.9701     2.3523     2.4590     2.6633     2.9158     3.2362     3.5477     3.7996     4.7035 
2022     2.3573     2.5783     2.7231     2.9996     3.3832     3.7540     4.2116     4.4976     4.8859 
2023     2.1380     2.3792     2.5574     2.8926     3.3283     3.7961     4.2433     4.5307     5.0844 
2024     1.8040     2.0592     2.2470     2.5938     3.0425     3.5047     3.9490     4.2418     4.9143 
2025     2.1750     2.1750     2.1750     2.1750     2.1750     2.1750     2.1750     2.1750     2.1750 
2026     2.1750     2.1750     2.1750     2.1750     2.1750     2.1750     2.1750     2.1750     2.1750 
2027     2.1750     2.1750     2.1750     2.1750     2.1750     2.1750     2.1750     2.1750     2.1750 
2028     2.1750     2.1750     2.1750     2.1750     2.1750     2.1750     2.1750     2.1750     2.1750 
2029     2.1750     2.1750     2.1750     2.1750     2.1750     2.1750     2.1750     2.1750     2.1750 
2030     2.1750     2.1750     2.1750     2.1750     2.1750     2.1750     2.1750     2.1750     2.1750 
2031     2.1750     2.1750     2.1750     2.1750     2.1750     2.1750     2.1750     2.1750     2.1750 
2032     2.1750     2.1750     2.1750     2.1750     2.1750     2.1750     2.1750     2.1750     2.1750 
2033     2.1750     2.1750     2.1750     2.1750     2.1750     2.1750     2.1750     2.1750     2.1750 
2034     2.1750     2.1750     2.1750     2.1750     2.1750     2.1750     2.1750     2.1750     2.1750 

Landings  x       1000 MT

Year       Average        StdDev
2021        2.9756        0.4774
2022        3.4216        0.5690
2023        3.3773        0.6631
2024        3.0844        0.6859
2025        2.1750        0.0000
2026        2.1750        0.0000
2027        2.1750        0.0000
2028        2.1746        0.0308
2029        2.1746        0.0308
2030        2.1741        0.0435
2031        2.1737        0.0533
2032        2.1726        0.0721
2033        2.1722        0.0784
2034        2.1720        0.0813

Landings Distribution

Year       1%         5%         10%        25%        50%        75%        90%        95%        99%    
2021     1.9701     2.3523     2.4590     2.6633     2.9158     3.2362     3.5477     3.7996     4.7035 
2022     2.3573     2.5783     2.7231     2.9996     3.3832     3.7540     4.2116     4.4976     4.8859 
2023     2.1380     2.3792     2.5574     2.8926     3.3283     3.7961     4.2433     4.5307     5.0844 
2024     1.8040     2.0592     2.2470     2.5938     3.0425     3.5047     3.9490     4.2418     4.9143 
2025     2.1750     2.1750     2.1750     2.1750     2.1750     2.1750     2.1750     2.1750     2.1750 
2026     2.1750     2.1750     2.1750     2.1750     2.1750     2.1750     2.1750     2.1750     2.1750 
2027     2.1750     2.1750     2.1750     2.1750     2.1750     2.1750     2.1750     2.1750     2.1750 
2028     2.1750     2.1750     2.1750     2.1750     2.1750     2.1750     2.1750     2.1750     2.1750 
2029     2.1750     2.1750     2.1750     2.1750     2.1750     2.1750     2.1750     2.1750     2.1750 
2030     2.1750     2.1750     2.1750     2.1750     2.1750     2.1750     2.1750     2.1750     2.1750 
2031     2.1750     2.1750     2.1750     2.1750     2.1750     2.1750     2.1750     2.1750     2.1750 
2032     2.1750     2.1750     2.1750     2.1750     2.1750     2.1750     2.1750     2.1750     2.1750 
2033     2.1750     2.1750     2.1750     2.1750     2.1750     2.1750     2.1750     2.1750     2.1750 
2034     2.1750     2.1750     2.1750     2.1750     2.1750     2.1750     2.1750     2.1750     2.1750 

Total Fishing Mortality

Year       Average        StdDev
2021        1.0794        0.0000
2022        1.0794        0.0000
2023        1.0794        0.0000
2024        1.0794        0.0000
2025        0.8123        0.2457
2026        0.7791        0.3552
2027        0.7490        0.4657
2028        0.7198        0.4920
2029        0.6984        0.5208
2030        0.6797        0.5291
2031        0.6673        0.5641
2032        0.6504        0.5295
2033        0.6376        0.4993
2034        0.6301        0.4991

Total Fishing Mortality Distribution

Year       1%         5%         10%        25%        50%        75%        90%        95%        99%    
2021     1.0794     1.0794     1.0794     1.0794     1.0794     1.0794     1.0794     1.0794     1.0794 
2022     1.0794     1.0794     1.0794     1.0794     1.0794     1.0794     1.0794     1.0794     1.0794 
2023     1.0794     1.0794     1.0794     1.0794     1.0794     1.0794     1.0794     1.0794     1.0794 
2024     1.0794     1.0794     1.0794     1.0794     1.0794     1.0794     1.0794     1.0794     1.0794 
2025     0.4238     0.5090     0.5543     0.6387     0.7649     0.9338     1.1374     1.2755     1.6015 
2026     0.3427     0.4187     0.4613     0.5512     0.6890     0.9015     1.1950     1.4271     2.0496 
2027     0.2922     0.3672     0.4066     0.4946     0.6341     0.8545     1.1962     1.4985     2.4699 
2028     0.2650     0.3347     0.3738     0.4586     0.5928     0.8113     1.1501     1.5011     2.7274 
2029     0.2482     0.3166     0.3540     0.4333     0.5649     0.7790     1.1285     1.4885     2.6632 
2030     0.2442     0.3069     0.3424     0.4196     0.5462     0.7557     1.1047     1.4342     2.8168 
2031     0.2379     0.2982     0.3344     0.4079     0.5310     0.7460     1.0684     1.4034     2.7472 
2032     0.2280     0.2911     0.3272     0.4030     0.5222     0.7225     1.0407     1.3634     2.5565 
2033     0.2323     0.2885     0.3231     0.3979     0.5161     0.7135     1.0198     1.3255     2.4842 
2034     0.2279     0.2865     0.3188     0.3935     0.5115     0.7041     1.0002     1.2895     2.3950 

JAN-1 Stock Numbers at Age  -       1000  Fish

2021

Age        1%         5%         10%        25%        50%        75%        90%        95%        99%    
1      140.2370   175.0900   184.8320   216.7130   261.1480   317.3690   385.6290   409.5080   464.9250
2       58.9389    77.9477    80.8620    85.4451   100.4175   112.5240   125.3470   138.4980   148.4390
3       34.1986    41.3466    43.5177    47.9381    54.8765    60.4455    67.3245    74.4817    84.8335
4        4.4701     6.3288     7.3712     8.3369     9.5330    10.8358    12.5169    14.0136    20.6054
5        1.2938     1.6031     1.7337     2.2441     2.6907     3.2695     4.2092     4.8898     7.4995
6        0.2917     0.4842     0.6024     0.6936     0.9665     1.2287     1.8234     2.1765     5.0518
7        0.0278     0.0584     0.0739     0.1025     0.1591     0.2261     0.3164     0.3996     1.3049
8        0.0082     0.0292     0.0370     0.0584     0.1092     0.1670     0.2575     0.4456     2.1858
9        0.0003     0.0014     0.0021     0.0035     0.0085     0.0144     0.0223     0.0334     0.2402
10        0.0001     0.0005     0.0007     0.0015     0.0043     0.0069     0.0143     0.0242     0.2609
11        0.0000     0.0001     0.0002     0.0004     0.0014     0.0028     0.0051     0.0082     0.1988
12        0.0000     0.0000     0.0000     0.0000     0.0001     0.0003     0.0005     0.0008     0.0280
13        0.0000     0.0000     0.0000     0.0000     0.0000     0.0002     0.0003     0.0005     0.0316
14        0.0000     0.0000     0.0000     0.0000     0.0000     0.0000     0.0001     0.0001     0.0183
15+       0.0000     0.0000     0.0000     0.0000     0.0000     0.0000     0.0000     0.0000     0.0127

2022

Age        1%         5%         10%        25%        50%        75%        90%        95%        99%    
1       68.6328    71.3913    79.5643   104.2335   168.5415   237.4336   279.0277   304.8705   324.6222
2       85.9941   100.4354   107.1676   123.7656   150.7915   183.7717   222.6097   243.2501   276.0458
3       26.7593    34.3542    36.1934    39.1505    44.7984    51.0482    58.0506    62.8911    71.0894
4       11.9452    13.9777    14.9656    16.5280    18.5486    20.8436    23.6580    26.0417    31.4999
5        1.4250     1.9534     2.1936     2.5175     2.9084     3.3279     3.9001     4.2842     6.5264
6        0.3776     0.4632     0.5103     0.6475     0.7741     0.9516     1.2416     1.4549     2.4137
7        0.0955     0.1459     0.1719     0.2057     0.2737     0.3652     0.5312     0.6258     1.6129
8        0.0094     0.0177     0.0218     0.0304     0.0465     0.0673     0.0972     0.1256     0.4334
9        0.0029     0.0092     0.0114     0.0183     0.0335     0.0514     0.0814     0.1379     0.8002
10        0.0001     0.0004     0.0007     0.0011     0.0027     0.0045     0.0074     0.0110     0.0884
11        0.0000     0.0002     0.0002     0.0005     0.0014     0.0023     0.0049     0.0080     0.0956
12        0.0000     0.0000     0.0001     0.0001     0.0005     0.0009     0.0017     0.0028     0.0729
13        0.0000     0.0000     0.0000     0.0000     0.0000     0.0001     0.0002     0.0003     0.0105
14        0.0000     0.0000     0.0000     0.0000     0.0000     0.0001     0.0001     0.0002     0.0118
15+       0.0000     0.0000     0.0000     0.0000     0.0000     0.0000     0.0000     0.0001     0.0121

2023

Age        1%         5%         10%        25%        50%        75%        90%        95%        99%    
1       68.5863    70.4803    79.0629   105.1303   168.4465   236.1918   277.9230   305.7083   325.6647
2       38.2180    41.6352    45.6497    59.7659    96.6026   137.1187   162.2830   175.4561   194.6648
3       38.6652    45.0596    48.1035    55.8623    68.0578    83.2788   100.5996   110.3258   126.6153
4        9.0986    11.5124    12.2562    13.4330    15.3659    17.5783    20.1142    21.6573    24.9917
5        3.6000     4.1799     4.4925     5.0008     5.6150     6.3445     7.2232     7.9490     9.5506
6        0.4175     0.5606     0.6298     0.7261     0.8419     0.9660     1.1306     1.2548     1.8678
7        0.1088     0.1325     0.1483     0.1860     0.2234     0.2765     0.3633     0.4181     0.7383
8        0.0299     0.0435     0.0503     0.0610     0.0809     0.1094     0.1583     0.1858     0.4915
9        0.0029     0.0055     0.0067     0.0093     0.0142     0.0208     0.0296     0.0391     0.1462
10        0.0009     0.0029     0.0036     0.0058     0.0106     0.0163     0.0258     0.0432     0.2428
11        0.0000     0.0001     0.0002     0.0004     0.0009     0.0015     0.0024     0.0036     0.0289
12        0.0000     0.0001     0.0001     0.0002     0.0005     0.0007     0.0016     0.0026     0.0340
13        0.0000     0.0000     0.0000     0.0000     0.0002     0.0003     0.0006     0.0009     0.0268
14        0.0000     0.0000     0.0000     0.0000     0.0000     0.0000     0.0001     0.0001     0.0038
15+       0.0000     0.0000     0.0000     0.0000     0.0000     0.0000     0.0000     0.0001     0.0084

2024

Age        1%         5%         10%        25%        50%        75%        90%        95%        99%    
1       68.5887    70.2381    79.0374   105.8250   168.7273   237.0558   281.4211   307.0208   325.1151
2       37.8362    41.2524    45.2312    60.3278    96.3576   135.5677   162.6228   176.4996   199.3066
3       16.9750    18.7460    20.6532    26.9199    43.3230    61.5644    73.5560    79.4821    90.0827
4       13.2056    15.2520    16.4749    19.0866    23.3756    28.6601    34.6832    38.1525    44.0731
5        2.7528     3.4449     3.6816     4.0716     4.6558     5.3465     6.1158     6.6102     7.5963
6        1.0319     1.1900     1.2864     1.4415     1.6272     1.8437     2.0944     2.3077     2.7609
7        0.1208     0.1609     0.1802     0.2090     0.2435     0.2817     0.3289     0.3651     0.5442
8        0.0318     0.0391     0.0439     0.0549     0.0664     0.0826     0.1080     0.1253     0.2165
9        0.0091     0.0132     0.0153     0.0187     0.0249     0.0337     0.0489     0.0572     0.1517
10        0.0010     0.0017     0.0021     0.0029     0.0045     0.0066     0.0094     0.0125     0.0461
11        0.0003     0.0009     0.0012     0.0019     0.0034     0.0053     0.0084     0.0138     0.0861
12        0.0000     0.0000     0.0001     0.0001     0.0003     0.0005     0.0008     0.0012     0.0096
13        0.0000     0.0000     0.0000     0.0001     0.0002     0.0003     0.0005     0.0009     0.0112
14        0.0000     0.0000     0.0000     0.0000     0.0001     0.0001     0.0002     0.0003     0.0089
15+       0.0000     0.0000     0.0000     0.0000     0.0000     0.0000     0.0000     0.0001     0.0043

2025

Age        1%         5%         10%        25%        50%        75%        90%        95%        99%    
1       68.6801    70.5528    78.9650   105.0666   168.6504   237.6396   279.9178   306.0136   325.6349
2       38.1544    41.2315    45.2946    60.3445    97.0648   136.6773   163.1702   176.4117   197.5250
3       16.7211    18.6045    20.4135    27.1681    43.2231    60.6910    73.6395    79.9410    92.8740
4        5.6894     6.4040     7.0789     9.2472    14.7646    21.0682    25.4641    27.4894    31.8348
5        3.9582     4.5613     4.9755     5.7872     7.0833     8.7172    10.5292    11.6353    13.3409
6        0.7871     0.9771     1.0567     1.1758     1.3451     1.5528     1.7782     1.9275     2.2382
7        0.2932     0.3420     0.3690     0.4137     0.4709     0.5381     0.6100     0.6745     0.8017
8        0.0361     0.0475     0.0531     0.0619     0.0721     0.0841     0.0983     0.1097     0.1600
9        0.0097     0.0119     0.0134     0.0167     0.0203     0.0254     0.0333     0.0388     0.0671
10        0.0028     0.0042     0.0048     0.0059     0.0079     0.0107     0.0154     0.0181     0.0474
11        0.0003     0.0006     0.0007     0.0009     0.0015     0.0021     0.0031     0.0040     0.0161
12        0.0001     0.0003     0.0004     0.0006     0.0011     0.0018     0.0028     0.0045     0.0278
13        0.0000     0.0000     0.0000     0.0000     0.0001     0.0002     0.0003     0.0004     0.0032
14        0.0000     0.0000     0.0000     0.0000     0.0001     0.0001     0.0002     0.0003     0.0038
15+       0.0000     0.0000     0.0000     0.0000     0.0000     0.0000     0.0001     0.0001     0.0051

2026

Age        1%         5%         10%        25%        50%        75%        90%        95%        99%    
1       68.6447    71.1198    79.7586   105.9848   168.6964   237.2382   279.1382   307.6810   325.1980
2       37.9261    41.6460    45.7106    60.8853    98.5828   140.0466   166.3902   180.6692   204.2990
3       15.3309    18.5217    20.8540    28.4935    47.5629    70.2151    86.8535    94.6183   111.0371
4        4.6788     6.1780     7.2850    10.3257    17.3951    26.3693    34.2217    38.1321    46.1703
5        1.4211     2.0185     2.4086     3.2974     5.4307     8.1033    10.5124    11.8641    14.3533
6        0.9788     1.3552     1.5837     2.0030     2.5712     3.3159     4.1269     4.6597     5.6381
7        0.2088     0.2858     0.3295     0.4023     0.4911     0.5926     0.7038     0.7750     0.9278
8        0.0795     0.1050     0.1193     0.1446     0.1745     0.2092     0.2425     0.2704     0.3346
9        0.0109     0.0155     0.0179     0.0221     0.0272     0.0330     0.0396     0.0452     0.0641
10        0.0031     0.0041     0.0048     0.0061     0.0079     0.0102     0.0134     0.0159     0.0260
11        0.0010     0.0015     0.0017     0.0023     0.0031     0.0043     0.0062     0.0075     0.0191
12        0.0001     0.0002     0.0003     0.0004     0.0006     0.0009     0.0013     0.0016     0.0066
13        0.0001     0.0001     0.0001     0.0003     0.0004     0.0007     0.0012     0.0017     0.0116
14        0.0000     0.0000     0.0000     0.0000     0.0000     0.0001     0.0001     0.0002     0.0013
15+       0.0000     0.0000     0.0000     0.0000     0.0000     0.0001     0.0001     0.0002     0.0038

2027

Age        1%         5%         10%        25%        50%        75%        90%        95%        99%    
1       68.6276    70.1153    78.4686   104.4014   168.5991   237.3665   278.3159   305.4268   324.7539
2       37.8602    42.1508    46.2707    61.4332    98.5290   140.1039   166.7550   181.4987   205.7583
3       13.5416    18.2374    21.1938    29.2849    49.2684    72.7695    90.4247    99.2276   117.6098
4        3.1354     5.6194     7.2430    11.0762    20.1725    32.3930    42.8202    47.5809    58.9332
5        0.7851     1.6529     2.2844     3.7598     6.7849    11.1329    15.6741    17.9797    23.3876
6        0.2390     0.5342     0.7427     1.1843     2.0209     3.2721     4.5653     5.3550     7.0302
7        0.1511     0.3297     0.4562     0.6972     1.0015     1.3825     1.8159     2.1045     2.6811
8        0.0326     0.0697     0.0944     0.1403     0.1950     0.2561     0.3171     0.3586     0.4448
9        0.0130     0.0264     0.0351     0.0518     0.0713     0.0914     0.1117     0.1262     0.1616
10        0.0020     0.0043     0.0056     0.0081     0.0112     0.0147     0.0182     0.0211     0.0294
11        0.0006     0.0012     0.0016     0.0023     0.0033     0.0045     0.0061     0.0073     0.0118
12        0.0002     0.0005     0.0006     0.0009     0.0013     0.0019     0.0028     0.0035     0.0082
13        0.0000     0.0001     0.0001     0.0001     0.0002     0.0004     0.0006     0.0007     0.0027
14        0.0000     0.0000     0.0001     0.0001     0.0002     0.0003     0.0005     0.0008     0.0050
15+       0.0000     0.0000     0.0000     0.0000     0.0000     0.0001     0.0001     0.0002     0.0021

2028

Age        1%         5%         10%        25%        50%        75%        90%        95%        99%    
1       68.6466    70.7859    79.1454   104.3431   168.5647   236.3223   278.1561   306.4725   325.3895
2       37.8768    41.6790    45.6172    60.7409    98.5599   140.4915   167.2925   181.8358   203.8067
3       12.8963    18.6900    21.9083    30.2111    50.1689    73.3176    92.0099   101.2091   118.5899
4        2.3066     5.2919     7.3424    11.8974    21.3975    34.1739    45.5803    51.6467    64.8179
5        0.4324     1.4170     2.1822     4.1295     8.1817    14.4149    20.6348    23.6951    30.5605
6        0.1009     0.3920     0.6538     1.3715     2.6986     4.7981     7.2107     8.7365    11.9185
7        0.0300     0.1316     0.2194     0.4301     0.8072     1.4101     2.1077     2.5697     3.6317
8        0.0172     0.0767     0.1314     0.2491     0.4145     0.6254     0.8596     1.0240     1.3789
9        0.0039     0.0166     0.0273     0.0511     0.0825     0.1188     0.1543     0.1796     0.2338
10        0.0017     0.0064     0.0105     0.0193     0.0307     0.0433     0.0553     0.0637     0.0846
11        0.0003     0.0011     0.0017     0.0031     0.0049     0.0069     0.0090     0.0106     0.0152
12        0.0001     0.0003     0.0005     0.0009     0.0015     0.0021     0.0029     0.0036     0.0059
13        0.0000     0.0001     0.0002     0.0004     0.0006     0.0009     0.0013     0.0017     0.0036
14        0.0000     0.0000     0.0000     0.0001     0.0001     0.0002     0.0003     0.0004     0.0012
15+       0.0000     0.0000     0.0000     0.0000     0.0001     0.0002     0.0003     0.0004     0.0032

2029

Age        1%         5%         10%        25%        50%        75%        90%        95%        99%    
1       68.6401    70.5546    78.9962   104.0881   168.3283   234.3234   277.9034   305.9957   324.6883
2       38.1038    42.1354    46.0604    60.7197    98.8795   139.9341   167.6386   182.5770   204.4738
3       11.5089    18.5611    21.6848    30.1612    50.4525    73.8762    92.5279   101.6114   119.9185
4        1.9777     5.4919     7.7367    12.4899    22.4155    35.1668    46.9988    53.1159    65.2739
5        0.2560     1.3388     2.2657     4.5645     8.9303    15.8403    22.5057    26.3873    35.7924
6        0.0404     0.3200     0.6298     1.5442     3.3396     6.4944     9.9197    11.8440    16.5468
7        0.0099     0.0939     0.1911     0.5066     1.1112     2.1539     3.4340     4.3134     6.1448
8        0.0030     0.0319     0.0636     0.1607     0.3423     0.6439     1.0166     1.2753     1.9285
9        0.0019     0.0189     0.0374     0.0940     0.1815     0.2954     0.4252     0.5217     0.7237
10        0.0005     0.0042     0.0082     0.0196     0.0368     0.0573     0.0783     0.0935     0.1244
11        0.0002     0.0017     0.0032     0.0076     0.0138     0.0211     0.0285     0.0332     0.0457
12        0.0000     0.0003     0.0006     0.0012     0.0022     0.0034     0.0046     0.0055     0.0081
13        0.0000     0.0001     0.0002     0.0004     0.0007     0.0011     0.0015     0.0019     0.0030
14        0.0000     0.0000     0.0001     0.0001     0.0003     0.0004     0.0007     0.0009     0.0017
15+       0.0000     0.0000     0.0000     0.0000     0.0001     0.0002     0.0003     0.0004     0.0021

2030

Age        1%         5%         10%        25%        50%        75%        90%        95%        99%    
1       68.6208    70.5337    79.0588   104.4556   168.4988   236.9515   281.6674   306.4918   332.9227
2       38.1257    42.1909    46.1648    60.7666    98.3743   138.1655   167.0804   182.5784   206.2016
3       12.3472    19.0133    22.2536    30.2031    50.9651    74.6145    93.2655   102.4423   119.9378
4        1.7675     5.3382     7.8958    12.6796    22.7468    36.0461    48.1067    53.8291    67.5461
5        0.2121     1.3073     2.4349     4.8745     9.6165    16.5938    23.5543    27.5752    35.6113
6        0.0247     0.3222     0.6646     1.7116     3.7645     7.2890    10.9434    13.4200    19.2593
7        0.0042     0.0750     0.1909     0.5836     1.4178     2.9703     4.8607     5.9700     8.8034
8        0.0010     0.0224     0.0553     0.1925     0.4797     1.0058     1.6969     2.1831     3.3046
9        0.0004     0.0076     0.0193     0.0625     0.1524     0.3051     0.5007     0.6510     1.0253
10        0.0002     0.0046     0.0118     0.0369     0.0820     0.1440     0.2194     0.2724     0.3998
11        0.0001     0.0010     0.0026     0.0079     0.0168     0.0283     0.0409     0.0499     0.0693
12        0.0000     0.0004     0.0011     0.0031     0.0064     0.0105     0.0149     0.0179     0.0255
13        0.0000     0.0001     0.0002     0.0005     0.0010     0.0017     0.0025     0.0030     0.0044
14        0.0000     0.0000     0.0001     0.0002     0.0003     0.0005     0.0008     0.0010     0.0016
15+       0.0000     0.0000     0.0000     0.0001     0.0002     0.0003     0.0005     0.0007     0.0018

2031

Age        1%         5%         10%        25%        50%        75%        90%        95%        99%    
1       68.6049    70.5872    78.9163   104.2456   168.3451   235.5913   279.1165   306.4494   332.9033
2       37.7871    42.1672    46.0678    61.2575    98.7392   140.7090   169.1519   184.0234   211.2569
3       11.9794    19.3459    22.7717    30.5102    50.7366    73.6840    93.1281   102.5698   122.0671
4        1.8320     5.6489     8.2121    12.8580    23.2277    36.5126    48.7332    54.7288    67.6552
5        0.1772     1.3451     2.4896     5.0573     9.8657    17.1814    24.2589    28.1049    36.7210
6        0.0204     0.3103     0.7162     1.8790     4.1041     7.7333    11.6098    14.0688    19.5291
7        0.0021     0.0740     0.2064     0.6581     1.6380     3.3758     5.4131     6.8697    10.2975
8        0.0004     0.0178     0.0585     0.2262     0.6263     1.4123     2.4146     3.0868     4.8750
9        0.0001     0.0057     0.0182     0.0761     0.2169     0.4828     0.8595     1.1209     1.7970
10        0.0000     0.0020     0.0066     0.0255     0.0698     0.1482     0.2547     0.3420     0.5599
11        0.0000     0.0012     0.0039     0.0150     0.0379     0.0720     0.1137     0.1450     0.2184
12        0.0000     0.0003     0.0009     0.0033     0.0078     0.0143     0.0215     0.0270     0.0384
13        0.0000     0.0001     0.0004     0.0013     0.0030     0.0053     0.0079     0.0098     0.0140
14        0.0000     0.0000     0.0001     0.0002     0.0005     0.0009     0.0013     0.0016     0.0024
15+       0.0000     0.0000     0.0000     0.0001     0.0002     0.0004     0.0007     0.0009     0.0017

2032

Age        1%         5%         10%        25%        50%        75%        90%        95%        99%    
1       68.6044    70.5414    78.8021   104.9874   168.6496   236.9040   278.0450   305.8379   325.7087
2       37.6903    42.2510    46.0951    60.7494    98.7156   139.6697   168.0858   183.0352   207.3505
3       11.7980    19.6242    22.6216    30.7934    51.4236    75.4455    94.3408   104.6057   125.1859
4        1.5620     6.0133     8.6075    13.1529    23.1558    36.0649    48.8532    55.1993    68.2789
5        0.1658     1.4287     2.5941     5.1943    10.1427    17.4682    24.6954    28.7134    36.9386
6        0.0131     0.3255     0.7522     1.9680     4.2868     8.0976    12.1496    14.5500    20.2994
7        0.0014     0.0734     0.2174     0.7271     1.7931     3.6474     5.7990     7.2090    10.4614
8        0.0002     0.0194     0.0650     0.2614     0.7235     1.5956     2.7468     3.5781     5.6314
9        0.0000     0.0049     0.0188     0.0900     0.2830     0.6827     1.2253     1.6148     2.6245
10        0.0000     0.0016     0.0063     0.0314     0.0998     0.2379     0.4386     0.5967     0.9999
11        0.0000     0.0006     0.0023     0.0106     0.0328     0.0734     0.1321     0.1805     0.3048
12        0.0000     0.0004     0.0014     0.0062     0.0178     0.0364     0.0603     0.0777     0.1219
13        0.0000     0.0001     0.0003     0.0014     0.0037     0.0073     0.0115     0.0146     0.0216
14        0.0000     0.0000     0.0001     0.0005     0.0014     0.0027     0.0042     0.0053     0.0078
15+       0.0000     0.0000     0.0000     0.0001     0.0004     0.0007     0.0011     0.0013     0.0022

2033

Age        1%         5%         10%        25%        50%        75%        90%        95%        99%    
1       68.6452    70.6144    78.9362   104.1277   168.4309   237.2244   279.9716   307.0598   356.4801
2       37.8323    42.2572    46.2863    61.5832    99.6954   140.4595   167.5394   181.8807   208.3516
3       11.7906    19.5507    22.8045    30.7016    51.2190    74.8413    93.7505   103.8422   123.1845
4        1.6550     6.1078     8.5253    13.3391    23.7532    37.3103    49.7180    56.6967    70.9793
5        0.1545     1.5374     2.8518     5.3683    10.2205    17.4267    25.0241    28.9463    37.8553
6        0.0156     0.3561     0.8091     2.0469     4.4477     8.3290    12.4524    15.1434    20.2282
7        0.0014     0.0770     0.2260     0.7649     1.8790     3.8537     6.1087     7.5801    11.1350
8        0.0002     0.0188     0.0685     0.2905     0.8022     1.7469     2.9338     3.7332     5.7851
9        0.0000     0.0051     0.0214     0.1032     0.3300     0.7758     1.3929     1.8767     3.0940
10        0.0000     0.0014     0.0065     0.0373     0.1300     0.3361     0.6279     0.8475     1.4236
11        0.0000     0.0005     0.0022     0.0129     0.0468     0.1177     0.2256     0.3143     0.5561
12        0.0000     0.0002     0.0008     0.0044     0.0153     0.0371     0.0688     0.0970     0.1653
13        0.0000     0.0001     0.0005     0.0026     0.0085     0.0187     0.0322     0.0425     0.0680
14        0.0000     0.0000     0.0001     0.0006     0.0018     0.0037     0.0062     0.0079     0.0123
15+       0.0000     0.0000     0.0001     0.0003     0.0009     0.0018     0.0029     0.0037     0.0055

2034

Age        1%         5%         10%        25%        50%        75%        90%        95%        99%    
1       68.6266    70.5160    78.7084   103.3266   168.3363   235.2731   278.1350   305.7095   324.4991
2       37.9810    42.2347    46.2217    61.2675    98.8511   140.8927   169.5051   183.8423   213.3438
3       12.5284    20.0503    22.9987    31.2390    52.1650    75.2002    94.4328   103.0780   123.6891
4        1.7729     6.1958     8.7087    13.4405    23.7032    37.0880    49.5107    56.1564    70.0709
5        0.2036     1.6298     2.8312     5.4763    10.5181    18.0459    25.5181    30.0044    40.1125
6        0.0194     0.3976     0.8887     2.1471     4.4831     8.2763    12.5057    15.1391    21.1013
7        0.0013     0.0876     0.2540     0.8130     1.9610     3.9575     6.3334     7.8263    11.2555
8        0.0003     0.0203     0.0751     0.3069     0.8464     1.8508     3.1095     3.9789     6.2590
9        0.0000     0.0052     0.0234     0.1196     0.3654     0.8588     1.5023     1.9595     3.2117
10        0.0000     0.0015     0.0074     0.0433     0.1528     0.3856     0.7193     1.0049     1.7349
11        0.0000     0.0004     0.0023     0.0156     0.0610     0.1680     0.3283     0.4543     0.7769
12        0.0000     0.0002     0.0008     0.0055     0.0222     0.0588     0.1192     0.1658     0.3082
13        0.0000     0.0001     0.0003     0.0019     0.0073     0.0187     0.0365     0.0518     0.0933
14        0.0000     0.0000     0.0002     0.0011     0.0041     0.0095     0.0171     0.0231     0.0388
15+       0.0000     0.0000     0.0001     0.0004     0.0013     0.0029     0.0048     0.0064     0.0098

Probability Spawning Stock Biomass Exceeds Threshold      3.660 (1000 MT)

Year    Probability

2021    0.017700
2022    0.015300
2023    0.128200
2024    0.053000
2025    0.122500
2026    0.290800
2027    0.399700
2028    0.466600
2029    0.514000
2030    0.543400
2031    0.567600
2032    0.583700
2033    0.593500
2034    0.605100

Probability Threshold Exceeded at Least Once =     0.8486

Probability Total Fishing Mortality Exceeds Threshold     0.8413 

Year    Probability

2021    1.000000
2022    1.000000
2023    1.000000
2024    1.000000
2025    0.369900
2026    0.304900
2027    0.258700
2028    0.230400
2029    0.207500
2030    0.195500
2031    0.183400
2032    0.175800
2033    0.165500
2034    0.160100

Probability Threshold Exceeded at Least Once =     1.0000


Requested Percentile Report

Percentile =    50.00 %

                                 2021       2022       2023       2024       2025       2026       2027       2028       2029       2030       2031       2032       2033       2034 

Recruits                     168.5415   168.4465   168.7273   168.6504   168.6964   168.5991   168.5647   168.3283   168.4988   168.3451   168.6496   168.4309   168.3363   168.4091 
Spawning Stock Biomass         2.2282     2.5758     2.8721     2.5295     2.5806     2.9077     3.2560     3.5161     3.7285     3.8772     3.9886     4.0907     4.1399     4.1910 
Jan-1 Stock Biomass            9.1816     9.3235     8.8438     8.2857     7.9959     8.4577     8.8784     9.2157     9.4444     9.6152     9.7732     9.9020     9.9623    10.0409 
Mean Biomass                   8.2750     8.0685     7.4826     7.0450     7.2072     7.6437     8.0368     8.3134     8.4964     8.7035     8.8204     8.9182     8.9854     9.0456 
Combined Catch Biomass         2.9158     3.3832     3.3283     3.0425     2.1750     2.1750     2.1750     2.1750     2.1750     2.1750     2.1750     2.1750     2.1750     2.1750 
Landings                       2.9158     3.3832     3.3283     3.0425     2.1750     2.1750     2.1750     2.1750     2.1750     2.1750     2.1750     2.1750     2.1750     2.1750 
FMort                          1.0794     1.0794     1.0794     1.0794     0.7649     0.6890     0.6341     0.5928     0.5649     0.5462     0.5310     0.5222     0.5161     0.5115 

Stock Numbers at Age
Age 1                        261.1480   168.5415   168.4465   168.7273   168.6504   168.6964   168.5991   168.5647   168.3283   168.4988   168.3451   168.6496   168.4309   168.3363 
Age 2                        100.4175   150.7915    96.6026    96.3576    97.0648    98.5828    98.5290    98.5599    98.8795    98.3743    98.7392    98.7156    99.6954    98.8511 
Age 3                         54.8765    44.7984    68.0578    43.3230    43.2231    47.5629    49.2684    50.1689    50.4525    50.9651    50.7366    51.4236    51.2190    52.1650 
Age 4                          9.5330    18.5486    15.3659    23.3756    14.7646    17.3951    20.1725    21.3975    22.4155    22.7468    23.2277    23.1558    23.7532    23.7032 
Age 5                          2.6907     2.9084     5.6150     4.6558     7.0833     5.4307     6.7849     8.1817     8.9303     9.6165     9.8657    10.1427    10.2205    10.5181 
Age 6                          0.9665     0.7741     0.8419     1.6272     1.3451     2.5712     2.0209     2.6986     3.3396     3.7645     4.1041     4.2868     4.4477     4.4831 
Age 7                          0.1591     0.2737     0.2234     0.2435     0.4709     0.4911     1.0015     0.8072     1.1112     1.4178     1.6380     1.7931     1.8790     1.9610 
Age 8                          0.1092     0.0465     0.0809     0.0664     0.0721     0.1745     0.1950     0.4145     0.3423     0.4797     0.6263     0.7235     0.8022     0.8464 
Age 9                          0.0085     0.0335     0.0142     0.0249     0.0203     0.0272     0.0713     0.0825     0.1815     0.1524     0.2169     0.2830     0.3300     0.3654 
Age 10                          0.0043     0.0027     0.0106     0.0045     0.0079     0.0079     0.0112     0.0307     0.0368     0.0820     0.0698     0.0998     0.1300     0.1528 
Age 11                          0.0014     0.0014     0.0009     0.0034     0.0015     0.0031     0.0033     0.0049     0.0138     0.0168     0.0379     0.0328     0.0468     0.0610 
Age 12                          0.0001     0.0005     0.0005     0.0003     0.0011     0.0006     0.0013     0.0015     0.0022     0.0064     0.0078     0.0178     0.0153     0.0222 
Age 13                          0.0000     0.0000     0.0002     0.0002     0.0001     0.0004     0.0002     0.0006     0.0007     0.0010     0.0030     0.0037     0.0085     0.0073 
Age 14                          0.0000     0.0000     0.0000     0.0001     0.0001     0.0000     0.0002     0.0001     0.0003     0.0003     0.0005     0.0014     0.0018     0.0041 
Age 15                          0.0000     0.0000     0.0000     0.0000     0.0000     0.0000     0.0000     0.0001     0.0001     0.0002     0.0002     0.0004     0.0009     0.0013 
