AGEPRO VERSION 4.2

Phased_Q_24002150

Date & Time of Run: 26 Mar 2024  14:29

Input File Name:    phased_Q_24002150.inp

First Age Class:                         1
Number of Age Classes:                  15
Number of Years in Projection:          14
Number of Fleets:                        9
Number of Recruitment Models:            3
Number of Bootstraps:                  100
Number of Simulations:                 100

Bootstrap File Name:            C:\Users\jon.brodziak\Desktop\2024 WCNPO MLS Rebuilding\Bootstrap-numbers-at-age\2023_WCNPOMLS.bsn

Number of Feasible Solutions:       9972  of      10000 Realizations

Input Harvest Scenario

Year  Type        Fleet-1    Fleet-2    Fleet-3    Fleet-4    Fleet-5    Fleet-6    Fleet-7    Fleet-8    Fleet-9    

2021  F-Mult       0.1651     0.0453     0.2588     0.0166     0.0610     0.0487     0.0642     0.0722     0.3475 
2022  F-Mult       0.1651     0.0453     0.2588     0.0166     0.0610     0.0487     0.0642     0.0722     0.3475 
2023  F-Mult       0.1651     0.0453     0.2588     0.0166     0.0610     0.0487     0.0642     0.0722     0.3475 
2024  F-Mult       0.1651     0.0453     0.2588     0.0166     0.0610     0.0487     0.0642     0.0722     0.3475 
2025  Landings        344        137        713         63        208         93        180        324        337 
2026  Landings        344        137        713         63        208         93        180        324        337 
2027  Landings        344        137        713         63        208         93        180        324        337 
2028  Landings        309        122        639         57        187         84        161        290        302 
2029  Landings        309        122        639         57        187         84        161        290        302 
2030  Landings        309        122        639         57        187         84        161        290        302 
2031  Landings        309        122        639         57        187         84        161        290        302 
2032  Landings        309        122        639         57        187         84        161        290        302 
2033  Landings        309        122        639         57        187         84        161        290        302 
2034  Landings        309        122        639         57        187         84        161        290        302 

Recruitment Selection Distribution

Year  Selection-1 Selection-2 Selection-3 

2021      0.1224     0.8397     0.0379 
2022      0.1138     0.8439     0.0423 
2023      0.1215     0.8358     0.0427 
2024      0.1227     0.8365     0.0408 
2025      0.1216     0.8422     0.0362 
2026      0.1162     0.8425     0.0413 
2027      0.1187     0.8418     0.0395 
2028      0.1236     0.8384     0.0380 
2029      0.1202     0.8404     0.0394 
2030      0.1200     0.8389     0.0411 
2031      0.1200     0.8373     0.0427 
2032      0.1259     0.8358     0.0383 
2033      0.1257     0.8354     0.0389 
2034      0.1174     0.8403     0.0423 

Recruits        1000  Fish

Year Class   Average        StdDev
2021        171.3328       77.3003
2022        174.9914       85.0343
2023        173.8147       83.2842
2024        173.0112       79.2811
2025        172.0442       79.3169
2026        174.1321       78.6154
2027        171.3914       79.9242
2028        172.9407       81.1049
2029        173.6841       80.0811
2030        172.0686       81.2873
2031        174.5583       81.9296
2032        174.0774       83.7384
2033        172.0988       80.6092
2034        174.4395       82.0870

Recruits Distribution

Year Class 1%         5%         10%        25%        50%        75%        90%        95%        99%    
2021    68.6424    70.9766    78.8916   104.2974   168.3207   234.1783   276.7963   305.0177   324.3291
2022    68.6581    70.8042    79.5281   105.4081   168.5987   238.2434   282.0486   308.2019   357.1708
2023    68.6430    70.5008    78.6591   104.4236   168.4880   235.7515   278.2886   307.0116   355.9143
2024    68.6294    70.5060    78.6581   104.8522   168.5559   236.5439   278.3540   305.8487   325.0265
2025    68.6529    70.2716    78.6545   104.8692   168.4032   233.9498   278.0288   304.6451   324.3215
2026    68.6454    71.1701    79.6084   106.0772   169.2382   235.6730   278.2218   305.7588   324.6972
2027    68.6558    70.1288    78.8330   104.2006   168.1979   233.7664   276.6155   304.0967   325.0095
2028    68.6564    70.4081    78.5199   104.2604   168.3454   236.9046   280.3440   306.8443   325.1860
2029    68.5757    70.0619    78.9936   105.0367   168.5433   237.3640   280.2447   306.4219   324.9408
2030    68.5909    69.9938    78.7666   103.4735   168.1843   235.3700   278.1099   305.5810   326.8625
2031    68.6597    70.6116    79.1002   105.6042   168.6069   237.8085   280.2836   308.1992   325.5413
2032    68.6035    70.7293    79.4009   104.0658   168.7697   235.8451   278.4892   306.4549   325.7014
2033    68.5859    69.8558    78.0484   103.2283   168.3309   235.2205   279.3860   305.7325   325.2326
2034    68.6555    70.8377    78.7629   104.4243   168.8349   237.3604   279.8930   306.9236   340.0143

Spawning Stock Biomass  x       1000 MT

Year       Average        StdDev
2021        2.2969        0.4586
2022        2.6088        0.4303
2023        2.9337        0.6074
2024        2.5777        0.6304
2025        2.5793        0.9062
2026        2.8192        1.3317
2027        3.0341        1.5758
2028        3.2855        1.7235
2029        3.5741        1.8351
2030        3.7952        1.9203
2031        3.9850        1.9955
2032        4.1386        2.0402
2033        4.2503        2.0724
2034        4.3555        2.1024

Spawning Stock Biomass Distribution

Year        1%         5%         10%        25%        50%        75%        90%        95%        99%   
2021     1.4838     1.7292     1.8335     1.9965     2.2286     2.5099     2.8091     3.0265     4.1625 
2022     1.7607     1.9656     2.0882     2.3057     2.5740     2.8577     3.1973     3.4208     3.7502 
2023     1.8338     2.0708     2.2097     2.4876     2.8708     3.2989     3.7553     4.0537     4.5711 
2024     1.4505     1.6718     1.8192     2.1122     2.5109     2.9779     3.4134     3.6653     4.2124 
2025     1.0104     1.3284     1.5388     1.9384     2.4702     3.1249     3.7212     4.0934     4.9422 
2026     0.5758     0.9964     1.2806     1.8663     2.6687     3.5929     4.5003     5.0819     6.5073 
2027     0.3498     0.8600     1.1854     1.8938     2.8574     3.9656     5.0402     5.7568     7.4393 
2028     0.3052     0.8592     1.2551     2.0478     3.0868     4.3189     5.5026     6.3049     8.2644 
2029     0.3548     0.9364     1.3852     2.2538     3.3808     4.6551     5.9395     6.7793     8.7431 
2030     0.3511     1.0148     1.4993     2.4294     3.6072     4.9340     6.2969     7.1595     9.4025 
2031     0.3615     1.1073     1.5924     2.5662     3.7959     5.1938     6.5225     7.4679     9.4579 
2032     0.4105     1.1518     1.7132     2.6807     3.9549     5.3495     6.8011     7.7232     9.5932 
2033     0.4672     1.2361     1.7791     2.7824     4.0693     5.4741     6.9345     7.8612     9.8184 
2034     0.4856     1.3247     1.8482     2.8784     4.1568     5.5983     7.0713     7.9920    10.0659 

JAN-1 Stock Biomass  x       1000 MT

Year       Average        StdDev
2021        9.2872        1.5956
2022        9.4325        1.7795
2023        8.9548        1.9333
2024        8.4001        1.9940
2025        8.0995        1.9849
2026        8.3757        2.3395
2027        8.6372        2.5743
2028        8.8235        2.7307
2029        9.1786        2.8643
2030        9.4755        2.9445
2031        9.6999        3.0236
2032        9.8960        3.0513
2033       10.0546        3.0903
2034       10.1495        3.1334

JAN-1 Stock Biomass Distribution

Year       1%         5%         10%        25%        50%        75%        90%        95%        99%    
2021     6.3134     6.9558     7.3740     8.1591     9.1587    10.1326    11.5330    12.2702    13.7003 
2022     6.0511     6.7879     7.2553     8.1398     9.2734    10.5645    11.8043    12.5715    14.0961 
2023     5.3420     6.1392     6.6172     7.5851     8.8066    10.1377    11.4730    12.1909    13.9114 
2024     4.7071     5.5520     6.0447     7.0135     8.2176     9.5903    10.8892    11.7053    13.9358 
2025     4.4187     5.2033     5.7282     6.6861     7.9623     9.2832    10.5774    11.3924    13.6822 
2026     3.8958     4.9230     5.5651     6.7234     8.1892     9.7973    11.3555    12.3450    14.8959 
2027     3.5925     4.8205     5.5176     6.8440     8.4409    10.2075    11.9331    13.0302    15.7721 
2028     3.4741     4.7142     5.5337     6.9376     8.6291    10.4634    12.2752    13.4530    16.3565 
2029     3.4924     4.8081     5.7187     7.2068     9.0028    10.9113    12.7867    14.0018    17.1574 
2030     3.5125     5.0281     5.9043     7.4650     9.2718    11.2956    13.2037    14.5001    17.1573 
2031     3.5409     5.0999     6.1169     7.6357     9.4980    11.5426    13.5293    14.8146    17.7027 
2032     3.7521     5.3738     6.2447     7.8242     9.6799    11.7254    13.7823    15.0941    17.9661 
2033     3.7909     5.4294     6.3542     7.9524     9.8226    11.9237    13.9865    15.2899    18.1889 
2034     3.7883     5.4717     6.3838     8.0146     9.9717    12.0466    14.0781    15.3951    18.5838 

Mean Biomass  x       1000 MT

Year       Average        StdDev
2021        8.4104        1.5206
2022        8.1739        1.6836
2023        7.6173        1.8238
2024        7.1914        1.8537
2025        7.2262        2.1029
2026        7.4805        2.3929
2027        7.7270        2.5986
2028        7.9999        2.7213
2029        8.3282        2.8362
2030        8.6027        2.9122
2031        8.7970        2.9781
2032        8.9835        3.0050
2033        9.1268        3.0499
2034        9.2023        3.0839

Mean Biomass Distribution

Year       1%         5%         10%        25%        50%        75%        90%        95%        99%    
2021     5.7014     6.2142     6.5822     7.2718     8.2778     9.2674    10.5519    11.2649    12.5497 
2022     5.1313     5.6816     6.1105     6.9480     8.0133     9.2719    10.4012    11.1179    12.6542 
2023     4.3484     5.0439     5.4456     6.3158     7.4399     8.7323     9.9147    10.6818    12.3107 
2024     3.9066     4.5613     5.0277     5.8815     7.0155     8.2763     9.4881    10.2901    12.3508 
2025     3.3329     4.1679     4.6876     5.7277     7.0812     8.5059     9.8474    10.7129    12.9594 
2026     2.8426     3.9466     4.5625     5.7743     7.3112     8.9347    10.5238    11.5586    13.9540 
2027     2.6024     3.8859     4.5812     5.9057     7.5609     9.3282    11.0557    12.1040    14.9464 
2028     2.5853     3.8929     4.7219     6.1407     7.8039     9.6628    11.4538    12.6286    15.4711 
2029     2.6681     4.0249     4.8893     6.3554     8.1787    10.0685    11.8812    13.0452    16.0456 
2030     2.7050     4.1745     5.0750     6.6104     8.4214    10.3956    12.2821    13.5190    16.3427 
2031     2.7407     4.3090     5.2664     6.7368     8.6079    10.6183    12.5069    13.8236    16.7428 
2032     2.9001     4.4709     5.3711     6.9457     8.7858    10.8045    12.7585    14.0828    16.9576 
2033     2.9970     4.5687     5.4738     7.0468     8.9376    10.9970    12.9154    14.2169    17.3587 
2034     2.9648     4.6363     5.5323     7.0886     9.0108    11.0690    13.0324    14.4311    17.5342 

Combined Catch Biomass  x       1000 MT

Year       Average        StdDev
2021        2.9749        0.4766
2022        3.4161        0.5696
2023        3.3677        0.6636
2024        3.0808        0.7068
2025        2.4000        0.0000
2026        2.4000        0.0000
2027        2.3990        0.0480
2028        2.1481        0.0645
2029        2.1476        0.0713
2030        2.1470        0.0804
2031        2.1459        0.0936
2032        2.1455        0.0984
2033        2.1444        0.1095
2034        2.1440        0.1136

Combined Catch Distribution

Year       1%         5%         10%        25%        50%        75%        90%        95%        99%    
2021     1.9628     2.3517     2.4563     2.6680     2.9162     3.2282     3.5500     3.7860     4.7120 
2022     2.3438     2.5791     2.7217     2.9940     3.3766     3.7426     4.2032     4.4875     4.9171 
2023     2.1289     2.3893     2.5518     2.8871     3.3122     3.7919     4.2314     4.5334     5.0968 
2024     1.7988     2.0655     2.2353     2.5708     3.0195     3.5131     3.9912     4.2706     4.9267 
2025     2.4000     2.4000     2.4000     2.4000     2.4000     2.4000     2.4000     2.4000     2.4000 
2026     2.4000     2.4000     2.4000     2.4000     2.4000     2.4000     2.4000     2.4000     2.4000 
2027     2.4000     2.4000     2.4000     2.4000     2.4000     2.4000     2.4000     2.4000     2.4000 
2028     2.1500     2.1500     2.1500     2.1500     2.1500     2.1500     2.1500     2.1500     2.1500 
2029     2.1500     2.1500     2.1500     2.1500     2.1500     2.1500     2.1500     2.1500     2.1500 
2030     2.1500     2.1500     2.1500     2.1500     2.1500     2.1500     2.1500     2.1500     2.1500 
2031     2.1500     2.1500     2.1500     2.1500     2.1500     2.1500     2.1500     2.1500     2.1500 
2032     2.1500     2.1500     2.1500     2.1500     2.1500     2.1500     2.1500     2.1500     2.1500 
2033     2.1500     2.1500     2.1500     2.1500     2.1500     2.1500     2.1500     2.1500     2.1500 
2034     2.1500     2.1500     2.1500     2.1500     2.1500     2.1500     2.1500     2.1500     2.1500 

Landings  x       1000 MT

Year       Average        StdDev
2021        2.9749        0.4766
2022        3.4161        0.5696
2023        3.3677        0.6636
2024        3.0808        0.7068
2025        2.4000        0.0000
2026        2.4000        0.0000
2027        2.3990        0.0480
2028        2.1481        0.0645
2029        2.1476        0.0713
2030        2.1470        0.0804
2031        2.1459        0.0936
2032        2.1455        0.0984
2033        2.1444        0.1095
2034        2.1440        0.1136

Landings Distribution

Year       1%         5%         10%        25%        50%        75%        90%        95%        99%    
2021     1.9628     2.3517     2.4563     2.6680     2.9162     3.2282     3.5500     3.7860     4.7120 
2022     2.3438     2.5791     2.7217     2.9940     3.3766     3.7426     4.2032     4.4875     4.9171 
2023     2.1289     2.3893     2.5518     2.8871     3.3122     3.7919     4.2314     4.5334     5.0968 
2024     1.7988     2.0655     2.2353     2.5708     3.0195     3.5131     3.9912     4.2706     4.9267 
2025     2.4000     2.4000     2.4000     2.4000     2.4000     2.4000     2.4000     2.4000     2.4000 
2026     2.4000     2.4000     2.4000     2.4000     2.4000     2.4000     2.4000     2.4000     2.4000 
2027     2.4000     2.4000     2.4000     2.4000     2.4000     2.4000     2.4000     2.4000     2.4000 
2028     2.1500     2.1500     2.1500     2.1500     2.1500     2.1500     2.1500     2.1500     2.1500 
2029     2.1500     2.1500     2.1500     2.1500     2.1500     2.1500     2.1500     2.1500     2.1500 
2030     2.1500     2.1500     2.1500     2.1500     2.1500     2.1500     2.1500     2.1500     2.1500 
2031     2.1500     2.1500     2.1500     2.1500     2.1500     2.1500     2.1500     2.1500     2.1500 
2032     2.1500     2.1500     2.1500     2.1500     2.1500     2.1500     2.1500     2.1500     2.1500 
2033     2.1500     2.1500     2.1500     2.1500     2.1500     2.1500     2.1500     2.1500     2.1500 
2034     2.1500     2.1500     2.1500     2.1500     2.1500     2.1500     2.1500     2.1500     2.1500 

Total Fishing Mortality

Year       Average        StdDev
2021        1.0794        0.0000
2022        1.0794        0.0000
2023        1.0794        0.0000
2024        1.0794        0.0000
2025        0.9251        0.2926
2026        0.9435        0.4800
2027        0.9560        0.6786
2028        0.8223        0.6633
2029        0.7694        0.6477
2030        0.7282        0.6252
2031        0.6922        0.5737
2032        0.6644        0.5267
2033        0.6403        0.5007
2034        0.6244        0.4823

Total Fishing Mortality Distribution

Year       1%         5%         10%        25%        50%        75%        90%        95%        99%    
2021     1.0794     1.0794     1.0794     1.0794     1.0794     1.0794     1.0794     1.0794     1.0794 
2022     1.0794     1.0794     1.0794     1.0794     1.0794     1.0794     1.0794     1.0794     1.0794 
2023     1.0794     1.0794     1.0794     1.0794     1.0794     1.0794     1.0794     1.0794     1.0794 
2024     1.0794     1.0794     1.0794     1.0794     1.0794     1.0794     1.0794     1.0794     1.0794 
2025     0.4646     0.5633     0.6150     0.7186     0.8662     1.0696     1.3118     1.4857     1.8798 
2026     0.3805     0.4737     0.5267     0.6427     0.8198     1.0973     1.4946     1.8281     2.7268 
2027     0.3367     0.4245     0.4771     0.5910     0.7780     1.0808     1.5670     2.0317     3.5996 
2028     0.2744     0.3497     0.3950     0.4918     0.6535     0.9198     1.3631     1.7843     3.4716 
2029     0.2587     0.3294     0.3699     0.4600     0.6084     0.8502     1.2671     1.6901     3.3080 
2030     0.2469     0.3158     0.3522     0.4360     0.5714     0.8006     1.1901     1.5959     3.1440 
2031     0.2429     0.3003     0.3398     0.4170     0.5496     0.7667     1.1157     1.4912     3.0965 
2032     0.2395     0.2923     0.3307     0.4059     0.5315     0.7358     1.0630     1.4548     2.8356 
2033     0.2306     0.2879     0.3235     0.3986     0.5179     0.7114     1.0275     1.3489     2.5202 
2034     0.2298     0.2853     0.3182     0.3903     0.5086     0.6970     1.0000     1.3029     2.4539 

JAN-1 Stock Numbers at Age  -       1000  Fish

2021

Age        1%         5%         10%        25%        50%        75%        90%        95%        99%    
1      140.2370   175.0900   184.8320   216.7130   261.1480   317.3690   385.6290   409.5080   464.9250
2       58.9389    77.9477    80.8620    85.4451   100.4175   112.5240   125.3470   138.4980   148.4390
3       34.1986    41.3466    43.5177    47.9381    54.8765    60.4455    67.3245    74.4817    84.8335
4        4.4701     6.3288     7.3712     8.3369     9.5330    10.8358    12.5169    14.0136    20.6054
5        1.2938     1.6031     1.7337     2.2441     2.6907     3.2695     4.2092     4.8898     7.4995
6        0.2917     0.4842     0.6024     0.6936     0.9665     1.2287     1.8234     2.1765     5.0518
7        0.0278     0.0584     0.0739     0.1025     0.1591     0.2261     0.3164     0.3996     1.3049
8        0.0082     0.0292     0.0370     0.0584     0.1092     0.1670     0.2575     0.4456     2.1858
9        0.0003     0.0014     0.0021     0.0035     0.0085     0.0144     0.0223     0.0334     0.2402
10        0.0001     0.0005     0.0007     0.0015     0.0043     0.0069     0.0143     0.0242     0.2609
11        0.0000     0.0001     0.0002     0.0004     0.0014     0.0028     0.0051     0.0082     0.1988
12        0.0000     0.0000     0.0000     0.0000     0.0001     0.0003     0.0005     0.0008     0.0280
13        0.0000     0.0000     0.0000     0.0000     0.0000     0.0002     0.0003     0.0005     0.0316
14        0.0000     0.0000     0.0000     0.0000     0.0000     0.0000     0.0001     0.0001     0.0183
15+       0.0000     0.0000     0.0000     0.0000     0.0000     0.0000     0.0000     0.0000     0.0127

2022

Age        1%         5%         10%        25%        50%        75%        90%        95%        99%    
1       68.6424    70.9766    78.8916   104.2974   168.3207   234.1783   276.7963   305.0177   324.3291
2       85.2129   100.4784   107.1481   123.8791   150.3304   184.5649   222.2906   241.7980   273.6018
3       26.8997    34.5324    36.2281    39.1857    44.7336    51.1933    58.1181    63.0109    70.6088
4       11.9439    13.9094    14.9215    16.5078    18.5193    20.7926    23.6062    26.0913    31.4129
5        1.4352     1.9509     2.1874     2.5252     2.9142     3.3325     3.8832     4.3077     6.5160
6        0.3754     0.4659     0.5127     0.6451     0.7720     0.9526     1.2435     1.4535     2.4172
7        0.0984     0.1454     0.1713     0.2057     0.2734     0.3650     0.5292     0.6322     1.6493
8        0.0093     0.0177     0.0218     0.0304     0.0466     0.0674     0.0966     0.1264     0.4378
9        0.0029     0.0092     0.0114     0.0182     0.0335     0.0514     0.0813     0.1377     0.7707
10        0.0001     0.0005     0.0007     0.0011     0.0027     0.0045     0.0073     0.0111     0.0858
11        0.0000     0.0002     0.0002     0.0005     0.0014     0.0023     0.0049     0.0079     0.0939
12        0.0000     0.0000     0.0001     0.0001     0.0005     0.0009     0.0017     0.0028     0.0745
13        0.0000     0.0000     0.0000     0.0000     0.0000     0.0001     0.0002     0.0003     0.0105
14        0.0000     0.0000     0.0000     0.0000     0.0000     0.0001     0.0001     0.0002     0.0123
15+       0.0000     0.0000     0.0000     0.0000     0.0000     0.0000     0.0000     0.0001     0.0120

2023

Age        1%         5%         10%        25%        50%        75%        90%        95%        99%    
1       68.6581    70.8042    79.5281   105.4081   168.5987   238.2434   282.0486   308.2019   357.1708
2       37.9961    41.2422    45.1251    59.4988    96.0248   134.2047   160.8701   175.7917   193.5877
3       38.5695    44.9165    48.2059    55.7543    68.1178    83.3813   100.3721   110.2139   124.9888
4        9.1385    11.5688    12.2665    13.4201    15.3051    17.6484    20.0760    21.7219    24.6805
5        3.6106     4.1787     4.4852     4.9943     5.6216     6.3432     7.2411     7.9629     9.4785
6        0.4167     0.5602     0.6274     0.7258     0.8419     0.9681     1.1268     1.2557     1.8768
7        0.1083     0.1328     0.1486     0.1852     0.2235     0.2774     0.3616     0.4211     0.7347
8        0.0292     0.0429     0.0501     0.0610     0.0812     0.1088     0.1578     0.1865     0.4903
9        0.0032     0.0055     0.0067     0.0093     0.0142     0.0208     0.0297     0.0388     0.1427
10        0.0010     0.0029     0.0036     0.0058     0.0106     0.0163     0.0259     0.0431     0.2520
11        0.0000     0.0001     0.0002     0.0004     0.0009     0.0015     0.0024     0.0036     0.0280
12        0.0000     0.0001     0.0001     0.0002     0.0005     0.0007     0.0016     0.0026     0.0324
13        0.0000     0.0000     0.0000     0.0000     0.0002     0.0003     0.0006     0.0009     0.0261
14        0.0000     0.0000     0.0000     0.0000     0.0000     0.0000     0.0001     0.0001     0.0037
15+       0.0000     0.0000     0.0000     0.0000     0.0000     0.0000     0.0000     0.0001     0.0084

2024

Age        1%         5%         10%        25%        50%        75%        90%        95%        99%    
1       68.6430    70.5008    78.6591   104.4236   168.4880   235.7515   278.2886   307.0116   355.9143
2       37.9823    41.4847    45.4937    60.0805    96.6495   137.7036   163.4442   177.6499   206.6220
3       16.9260    18.7245    20.3344    26.7832    43.0959    60.3447    72.8534    79.4241    89.5325
4       13.0091    15.2184    16.3894    19.1071    23.3500    28.6570    34.6002    37.9910    43.1966
5        2.7683     3.4316     3.6692     4.0695     4.6546     5.3664     6.1129     6.6182     7.6201
6        1.0264     1.1922     1.2878     1.4373     1.6211     1.8445     2.1056     2.3196     2.7753
7        0.1210     0.1610     0.1802     0.2090     0.2436     0.2823     0.3279     0.3671     0.5427
8        0.0318     0.0392     0.0440     0.0545     0.0664     0.0826     0.1078     0.1249     0.2155
9        0.0092     0.0132     0.0152     0.0187     0.0248     0.0336     0.0486     0.0570     0.1505
10        0.0011     0.0017     0.0021     0.0030     0.0045     0.0065     0.0093     0.0124     0.0463
11        0.0003     0.0009     0.0012     0.0019     0.0034     0.0053     0.0084     0.0139     0.0830
12        0.0000     0.0000     0.0001     0.0001     0.0003     0.0005     0.0008     0.0012     0.0095
13        0.0000     0.0000     0.0000     0.0001     0.0002     0.0003     0.0005     0.0009     0.0112
14        0.0000     0.0000     0.0000     0.0000     0.0001     0.0001     0.0002     0.0003     0.0092
15+       0.0000     0.0000     0.0000     0.0000     0.0000     0.0000     0.0000     0.0001     0.0044

2025

Age        1%         5%         10%        25%        50%        75%        90%        95%        99%    
1       68.6294    70.5060    78.6581   104.8522   168.5559   236.5439   278.3540   305.8487   325.0265
2       37.9861    41.1757    45.1033    59.8095    96.5593   135.4804   161.5943   177.1178   207.5333
3       16.8629    18.7650    20.5691    27.0527    43.3731    61.6852    74.0268    80.8320    94.7207
4        5.6866     6.3953     6.9986     9.1933    14.6692    20.5633    25.2007    27.4616    31.6052
5        3.9107     4.5742     4.9441     5.7988     7.0857     8.7070    10.5026    11.5862    13.3271
6        0.7962     0.9786     1.0521     1.1735     1.3464     1.5544     1.7776     1.9201     2.2214
7        0.2934     0.3409     0.3674     0.4137     0.4694     0.5345     0.6155     0.6750     0.8126
8        0.0359     0.0474     0.0530     0.0617     0.0722     0.0839     0.0981     0.1098     0.1611
9        0.0096     0.0119     0.0134     0.0165     0.0203     0.0255     0.0331     0.0388     0.0661
10        0.0028     0.0041     0.0048     0.0059     0.0079     0.0106     0.0153     0.0181     0.0478
11        0.0004     0.0006     0.0007     0.0010     0.0014     0.0021     0.0030     0.0040     0.0154
12        0.0001     0.0003     0.0004     0.0006     0.0011     0.0018     0.0028     0.0046     0.0282
13        0.0000     0.0000     0.0000     0.0000     0.0001     0.0002     0.0003     0.0004     0.0032
14        0.0000     0.0000     0.0000     0.0000     0.0001     0.0001     0.0002     0.0003     0.0039
15+       0.0000     0.0000     0.0000     0.0000     0.0000     0.0000     0.0001     0.0001     0.0047

2026

Age        1%         5%         10%        25%        50%        75%        90%        95%        99%    
1       68.6529    70.2716    78.6545   104.8692   168.4032   233.9498   278.0288   304.6451   324.3215
2       37.0675    41.1243    45.0036    59.9837    97.5090   137.8757   164.5891   179.5027   202.1322
3       14.1248    17.3179    19.6599    27.0054    45.6149    67.6557    84.2107    92.9843   114.3447
4        4.0271     5.6423     6.6471     9.4410    16.4369    25.4876    33.0054    36.9451    45.8133
5        1.2049     1.7757     2.1303     2.9833     4.8877     7.4447     9.8944    11.1850    13.7856
6        0.8184     1.1729     1.3884     1.8028     2.3659     3.0860     3.8546     4.3945     5.3515
7        0.1791     0.2474     0.2878     0.3633     0.4524     0.5511     0.6575     0.7285     0.8757
8        0.0656     0.0901     0.1047     0.1306     0.1602     0.1946     0.2310     0.2560     0.3091
9        0.0096     0.0134     0.0157     0.0200     0.0253     0.0309     0.0374     0.0423     0.0602
10        0.0027     0.0037     0.0043     0.0056     0.0072     0.0094     0.0126     0.0149     0.0246
11        0.0009     0.0013     0.0016     0.0021     0.0029     0.0040     0.0058     0.0070     0.0177
12        0.0001     0.0002     0.0002     0.0003     0.0005     0.0008     0.0012     0.0015     0.0056
13        0.0000     0.0001     0.0001     0.0002     0.0004     0.0007     0.0011     0.0017     0.0106
14        0.0000     0.0000     0.0000     0.0000     0.0000     0.0001     0.0001     0.0002     0.0012
15+       0.0000     0.0000     0.0000     0.0000     0.0000     0.0000     0.0001     0.0002     0.0034

2027

Age        1%         5%         10%        25%        50%        75%        90%        95%        99%    
1       68.6454    71.1701    79.6084   106.0772   169.2382   235.6730   278.2218   305.7588   324.6972
2       36.8097    41.2798    45.1375    59.9479    96.7071   135.8966   164.3229   178.9040   199.4213
3       10.8989    16.2784    19.4055    26.9125    46.6762    68.9609    87.0965    95.9874   113.1025
4        1.9930     4.1328     5.8256     9.4202    17.6376    29.1769    39.7318    45.1541    59.5790
5        0.4361     1.1617     1.7047     3.0479     5.7136     9.9773    14.2533    16.6261    22.3420
6        0.1188     0.3464     0.5237     0.9278     1.6459     2.7968     4.0143     4.8588     6.4135
7        0.0751     0.2103     0.3140     0.5336     0.8300     1.1989     1.5967     1.8753     2.4677
8        0.0158     0.0446     0.0652     0.1092     0.1626     0.2218     0.2816     0.3216     0.4103
9        0.0066     0.0170     0.0246     0.0404     0.0594     0.0797     0.1006     0.1143     0.1468
10        0.0011     0.0028     0.0040     0.0063     0.0094     0.0128     0.0163     0.0189     0.0263
11        0.0003     0.0008     0.0012     0.0018     0.0028     0.0039     0.0054     0.0066     0.0105
12        0.0001     0.0003     0.0004     0.0007     0.0011     0.0016     0.0024     0.0030     0.0070
13        0.0000     0.0000     0.0001     0.0001     0.0002     0.0003     0.0005     0.0007     0.0024
14        0.0000     0.0000     0.0000     0.0001     0.0002     0.0003     0.0005     0.0007     0.0042
15+       0.0000     0.0000     0.0000     0.0000     0.0000     0.0000     0.0001     0.0001     0.0019

2028

Age        1%         5%         10%        25%        50%        75%        90%        95%        99%    
1       68.6558    70.1288    78.8330   104.2006   168.1979   233.7664   276.6155   304.0967   325.0095
2       36.4421    41.3958    45.5647    60.7467    98.2916   137.5020   165.1696   179.8549   202.5370
3        8.6205    15.8887    19.4939    27.4923    46.2878    68.0228    87.2972    96.8423   114.0862
4        0.9572     3.5601     5.3685     9.5409    18.6198    30.6717    41.8931    47.8297    59.7371
5        0.1202     0.7025     1.3626     2.9816     6.4456    12.1476    17.9900    21.5321    29.8950
6        0.0244     0.1776     0.3732     0.9242     2.0133     3.9129     6.2047     7.5874    11.0110
7        0.0064     0.0520     0.1112     0.2808     0.5871     1.1001     1.7267     2.1890     3.0564
8        0.0040     0.0307     0.0672     0.1593     0.3100     0.5007     0.7158     0.8680     1.2303
9        0.0009     0.0066     0.0144     0.0332     0.0619     0.0950     0.1300     0.1542     0.2048
10        0.0004     0.0028     0.0056     0.0127     0.0230     0.0348     0.0468     0.0548     0.0738
11        0.0001     0.0005     0.0009     0.0021     0.0037     0.0057     0.0077     0.0092     0.0130
12        0.0000     0.0001     0.0003     0.0006     0.0011     0.0017     0.0025     0.0031     0.0049
13        0.0000     0.0001     0.0001     0.0002     0.0004     0.0007     0.0011     0.0014     0.0030
14        0.0000     0.0000     0.0000     0.0000     0.0001     0.0001     0.0002     0.0003     0.0010
15+       0.0000     0.0000     0.0000     0.0000     0.0001     0.0001     0.0002     0.0004     0.0026

2029

Age        1%         5%         10%        25%        50%        75%        90%        95%        99%    
1       68.6564    70.4081    78.5199   104.2604   168.3454   236.9046   280.3440   306.8443   325.1860
2       37.0032    41.5649    45.6832    60.4087    97.4148   136.7383   165.9042   179.8631   203.2678
3        9.2413    17.3130    21.0255    29.4580    49.3936    71.4544    90.8182    99.6179   118.0971
4        0.8477     3.9076     6.2477    10.8554    19.6574    31.8712    44.3456    50.1817    62.3247
5        0.0592     0.7035     1.4245     3.3669     7.4732    13.6885    20.3012    24.0324    32.1391
6        0.0061     0.1293     0.3372     1.0045     2.5182     5.2921     8.5273    10.6276    15.5638
7        0.0013     0.0321     0.0954     0.3152     0.7961     1.7023     2.9011     3.7223     5.8132
8        0.0004     0.0096     0.0282     0.0949     0.2375     0.4869     0.8253     1.0744     1.5979
9        0.0003     0.0057     0.0171     0.0540     0.1273     0.2303     0.3548     0.4372     0.6403
10        0.0001     0.0013     0.0037     0.0116     0.0260     0.0443     0.0654     0.0789     0.1083
11        0.0000     0.0006     0.0015     0.0045     0.0098     0.0166     0.0237     0.0283     0.0400
12        0.0000     0.0001     0.0003     0.0008     0.0016     0.0027     0.0039     0.0047     0.0068
13        0.0000     0.0000     0.0001     0.0002     0.0005     0.0008     0.0013     0.0016     0.0025
14        0.0000     0.0000     0.0000     0.0001     0.0002     0.0003     0.0006     0.0007     0.0015
15+       0.0000     0.0000     0.0000     0.0000     0.0001     0.0001     0.0002     0.0004     0.0017

2030

Age        1%         5%         10%        25%        50%        75%        90%        95%        99%    
1       68.5757    70.0619    78.9936   105.0367   168.5433   237.3640   280.2447   306.4219   324.9408
2       37.1265    41.5801    45.3289    60.4799    98.1476   140.2541   167.7913   182.8993   202.4689
3        9.8864    18.1486    21.6199    29.5365    48.9825    71.5092    91.5397   101.3399   118.9806
4        0.9686     4.5234     7.0452    11.8694    21.6703    34.2637    46.2865    52.6862    65.3746
5        0.0552     0.8192     1.7916     4.0537     8.2646    14.8503    21.7833    25.7991    34.0295
6        0.0029     0.1309     0.3842     1.2093     3.0429     6.1719     9.8279    12.1617    17.0988
7        0.0005     0.0257     0.0923     0.3605     1.0179     2.3484     4.1194     5.2720     8.3793
8        0.0001     0.0063     0.0248     0.1119     0.3312     0.7746     1.4116     1.8567     3.1300
9        0.0000     0.0019     0.0080     0.0349     0.1007     0.2252     0.4065     0.5389     0.8548
10        0.0000     0.0012     0.0048     0.0200     0.0553     0.1100     0.1803     0.2295     0.3450
11        0.0000     0.0003     0.0011     0.0044     0.0115     0.0216     0.0336     0.0418     0.0597
12        0.0000     0.0001     0.0005     0.0017     0.0044     0.0081     0.0124     0.0150     0.0219
13        0.0000     0.0000     0.0001     0.0003     0.0007     0.0013     0.0020     0.0025     0.0037
14        0.0000     0.0000     0.0000     0.0001     0.0002     0.0004     0.0007     0.0008     0.0014
15+       0.0000     0.0000     0.0000     0.0001     0.0001     0.0002     0.0004     0.0006     0.0014

2031

Age        1%         5%         10%        25%        50%        75%        90%        95%        99%    
1       68.5909    69.9938    78.7666   103.4735   168.1843   235.3700   278.1099   305.5810   326.8625
2       37.2007    41.6793    45.7250    61.0628    99.0834   140.8060   168.2690   182.8328   206.1447
3        9.8416    18.2644    21.9225    29.8594    50.5562    74.5443    93.4824   102.5052   119.8105
4        1.0576     4.9907     7.6460    12.4325    21.8288    34.5210    47.4407    53.6694    66.6675
5        0.0726     0.9762     2.0718     4.6149     9.2282    16.1557    23.1523    27.2778    35.8429
6        0.0026     0.1641     0.4934     1.4915     3.4903     6.8808    10.6632    13.0959    18.2257
7        0.0003     0.0261     0.1082     0.4509     1.2766     2.8582     4.8261     6.1688     9.1202
8        0.0000     0.0055     0.0256     0.1335     0.4375     1.0892     2.0473     2.6974     4.5290
9        0.0000     0.0015     0.0072     0.0433     0.1441     0.3660     0.7075     0.9673     1.6728
10        0.0000     0.0005     0.0024     0.0136     0.0448     0.1084     0.2045     0.2816     0.4646
11        0.0000     0.0003     0.0015     0.0079     0.0246     0.0536     0.0923     0.1201     0.1900
12        0.0000     0.0001     0.0003     0.0018     0.0052     0.0107     0.0176     0.0224     0.0327
13        0.0000     0.0000     0.0001     0.0007     0.0020     0.0040     0.0065     0.0082     0.0123
14        0.0000     0.0000     0.0000     0.0001     0.0003     0.0007     0.0011     0.0014     0.0021
15+       0.0000     0.0000     0.0000     0.0001     0.0002     0.0003     0.0006     0.0008     0.0014

2032

Age        1%         5%         10%        25%        50%        75%        90%        95%        99%    
1       68.6597    70.6116    79.1002   105.6042   168.6069   237.8085   280.2836   308.1992   325.5413
2       37.3318    41.8848    45.7954    60.5509    98.1474   139.0158   167.6054   182.0805   205.7465
3       10.5304    18.9242    22.2643    30.6252    51.1723    74.6050    94.1816   103.4915   120.2113
4        1.0205     5.1710     8.0122    12.7494    22.8042    36.5664    48.7247    54.6586    67.4927
5        0.0699     1.1953     2.3351     4.9310     9.5530    16.4087    23.9163    28.0202    37.0243
6        0.0050     0.2194     0.5902     1.7810     3.9259     7.5634    11.5535    14.0359    19.5993
7        0.0004     0.0362     0.1414     0.5574     1.5172     3.1727     5.3260     6.6497     9.8759
8        0.0000     0.0058     0.0323     0.1741     0.5554     1.3553     2.4248     3.2152     5.0078
9        0.0000     0.0013     0.0079     0.0524     0.1937     0.5205     1.0319     1.4345     2.4742
10        0.0000     0.0004     0.0022     0.0173     0.0655     0.1770     0.3617     0.5078     0.9080
11        0.0000     0.0001     0.0008     0.0055     0.0204     0.0531     0.1043     0.1486     0.2593
12        0.0000     0.0001     0.0005     0.0033     0.0113     0.0268     0.0482     0.0647     0.1054
13        0.0000     0.0000     0.0001     0.0007     0.0024     0.0054     0.0094     0.0122     0.0186
14        0.0000     0.0000     0.0000     0.0003     0.0009     0.0020     0.0035     0.0045     0.0069
15+       0.0000     0.0000     0.0000     0.0001     0.0002     0.0005     0.0009     0.0011     0.0019

2033

Age        1%         5%         10%        25%        50%        75%        90%        95%        99%    
1       68.6035    70.7293    79.4009   104.0658   168.7697   235.8451   278.4892   306.4549   325.7014
2       37.5571    42.1450    45.9753    61.6214    99.4220   141.2994   168.3207   184.0529   208.7961
3       10.9806    19.0594    22.4857    30.3631    50.8110    74.6019    93.8168   103.1206   121.0708
4        1.2415     5.6818     8.2929    13.2530    23.4830    36.8389    49.2718    55.7147    67.7900
5        0.0804     1.2741     2.5167     5.1812    10.0219    17.6737    24.7873    28.8577    38.0748
6        0.0045     0.2749     0.7121     1.9228     4.1441     7.7967    12.0398    14.4704    20.3592
7        0.0008     0.0529     0.1759     0.6906     1.7284     3.5809     5.8122     7.2730    10.7686
8        0.0001     0.0085     0.0418     0.2194     0.6754     1.5190     2.6714     3.4505     5.4609
9        0.0000     0.0016     0.0101     0.0689     0.2498     0.6488     1.2386     1.6762     2.6736
10        0.0000     0.0004     0.0026     0.0215     0.0878     0.2535     0.5279     0.7542     1.3739
11        0.0000     0.0001     0.0008     0.0070     0.0300     0.0865     0.1874     0.2687     0.5087
12        0.0000     0.0000     0.0003     0.0023     0.0096     0.0266     0.0547     0.0797     0.1429
13        0.0000     0.0000     0.0002     0.0014     0.0054     0.0136     0.0256     0.0355     0.0595
14        0.0000     0.0000     0.0000     0.0003     0.0011     0.0028     0.0050     0.0066     0.0108
15+       0.0000     0.0000     0.0000     0.0002     0.0006     0.0013     0.0023     0.0031     0.0049

2034

Age        1%         5%         10%        25%        50%        75%        90%        95%        99%    
1       68.5859    69.8558    78.0484   103.2283   168.3309   235.2205   279.3860   305.7325   325.2326
2       37.6024    42.3695    46.3017    61.1056    99.8021   139.8491   167.9654   182.8422   211.0298
3       11.5032    19.7445    22.8883    31.4722    52.1582    75.9825    94.4638   104.1892   122.8039
4        1.5708     5.9341     8.5118    13.3065    23.3643    36.8560    49.5602    55.8667    67.6254
5        0.1473     1.4774     2.8254     5.4988    10.3953    17.9442    25.3311    29.4324    37.2115
6        0.0074     0.3214     0.7940     2.0646     4.3753     8.3850    12.5072    15.0947    20.7214
7        0.0010     0.0621     0.2256     0.7582     1.8519     3.7034     6.0172     7.5068    11.0011
8        0.0001     0.0119     0.0580     0.2752     0.7798     1.7287     2.9383     3.8230     6.0045
9        0.0000     0.0023     0.0138     0.0890     0.3068     0.7436     1.3582     1.8350     2.9766
10        0.0000     0.0004     0.0034     0.0289     0.1146     0.3174     0.6500     0.8879     1.4920
11        0.0000     0.0001     0.0010     0.0092     0.0407     0.1275     0.2751     0.3984     0.7758
12        0.0000     0.0000     0.0003     0.0030     0.0140     0.0431     0.0985     0.1437     0.2811
13        0.0000     0.0000     0.0001     0.0010     0.0046     0.0135     0.0288     0.0430     0.0811
14        0.0000     0.0000     0.0001     0.0006     0.0026     0.0070     0.0137     0.0193     0.0331
15+       0.0000     0.0000     0.0000     0.0002     0.0008     0.0021     0.0039     0.0053     0.0086

Probability Spawning Stock Biomass Exceeds Threshold      3.660 (1000 MT)

Year    Probability

2021    0.018200
2022    0.017700
2023    0.125900
2024    0.050800
2025    0.111900
2026    0.236600
2027    0.311000
2028    0.370700
2029    0.439900
2030    0.487500
2031    0.527000
2032    0.556600
2033    0.582400
2034    0.601400

Probability Threshold Exceeded at Least Once =     0.8282

Probability Total Fishing Mortality Exceeds Threshold     0.8413 

Year    Probability

2021    1.000000
2022    1.000000
2023    1.000000
2024    1.000000
2025    0.541600
2026    0.474100
2027    0.433400
2028    0.304800
2029    0.254900
2030    0.221400
2031    0.199600
2032    0.179000
2033    0.163400
2034    0.152700

Probability Threshold Exceeded at Least Once =     1.0000


Requested Percentile Report

Percentile =    50.00 %

                                 2021       2022       2023       2024       2025       2026       2027       2028       2029       2030       2031       2032       2033       2034 

Recruits                     168.3207   168.5987   168.4880   168.5559   168.4032   169.2382   168.1979   168.3454   168.5433   168.1843   168.6069   168.7697   168.3309   168.8349 
Spawning Stock Biomass         2.2286     2.5740     2.8708     2.5109     2.4702     2.6687     2.8574     3.0868     3.3808     3.6072     3.7959     3.9549     4.0693     4.1568 
Jan-1 Stock Biomass            9.1587     9.2734     8.8066     8.2176     7.9623     8.1892     8.4409     8.6291     9.0028     9.2718     9.4980     9.6799     9.8226     9.9717 
Mean Biomass                   8.2778     8.0133     7.4399     7.0155     7.0812     7.3112     7.5609     7.8039     8.1787     8.4214     8.6079     8.7858     8.9376     9.0108 
Combined Catch Biomass         2.9162     3.3766     3.3122     3.0195     2.4000     2.4000     2.4000     2.1500     2.1500     2.1500     2.1500     2.1500     2.1500     2.1500 
Landings                       2.9162     3.3766     3.3122     3.0195     2.4000     2.4000     2.4000     2.1500     2.1500     2.1500     2.1500     2.1500     2.1500     2.1500 
FMort                          1.0794     1.0794     1.0794     1.0794     0.8662     0.8198     0.7780     0.6535     0.6084     0.5714     0.5496     0.5315     0.5179     0.5086 

Stock Numbers at Age
Age 1                        261.1480   168.3207   168.5987   168.4880   168.5559   168.4032   169.2382   168.1979   168.3454   168.5433   168.1843   168.6069   168.7697   168.3309 
Age 2                        100.4175   150.3304    96.0248    96.6495    96.5593    97.5090    96.7071    98.2916    97.4148    98.1476    99.0834    98.1474    99.4220    99.8021 
Age 3                         54.8765    44.7336    68.1178    43.0959    43.3731    45.6149    46.6762    46.2878    49.3936    48.9825    50.5562    51.1723    50.8110    52.1582 
Age 4                          9.5330    18.5193    15.3051    23.3500    14.6692    16.4369    17.6376    18.6198    19.6574    21.6703    21.8288    22.8042    23.4830    23.3643 
Age 5                          2.6907     2.9142     5.6216     4.6546     7.0857     4.8877     5.7136     6.4456     7.4732     8.2646     9.2282     9.5530    10.0219    10.3953 
Age 6                          0.9665     0.7720     0.8419     1.6211     1.3464     2.3659     1.6459     2.0133     2.5182     3.0429     3.4903     3.9259     4.1441     4.3753 
Age 7                          0.1591     0.2734     0.2235     0.2436     0.4694     0.4524     0.8300     0.5871     0.7961     1.0179     1.2766     1.5172     1.7284     1.8519 
Age 8                          0.1092     0.0466     0.0812     0.0664     0.0722     0.1602     0.1626     0.3100     0.2375     0.3312     0.4375     0.5554     0.6754     0.7798 
Age 9                          0.0085     0.0335     0.0142     0.0248     0.0203     0.0253     0.0594     0.0619     0.1273     0.1007     0.1441     0.1937     0.2498     0.3068 
Age 10                          0.0043     0.0027     0.0106     0.0045     0.0079     0.0072     0.0094     0.0230     0.0260     0.0553     0.0448     0.0655     0.0878     0.1146 
Age 11                          0.0014     0.0014     0.0009     0.0034     0.0014     0.0029     0.0028     0.0037     0.0098     0.0115     0.0246     0.0204     0.0300     0.0407 
Age 12                          0.0001     0.0005     0.0005     0.0003     0.0011     0.0005     0.0011     0.0011     0.0016     0.0044     0.0052     0.0113     0.0096     0.0140 
Age 13                          0.0000     0.0000     0.0002     0.0002     0.0001     0.0004     0.0002     0.0004     0.0005     0.0007     0.0020     0.0024     0.0054     0.0046 
Age 14                          0.0000     0.0000     0.0000     0.0001     0.0001     0.0000     0.0002     0.0001     0.0002     0.0002     0.0003     0.0009     0.0011     0.0026 
Age 15                          0.0000     0.0000     0.0000     0.0000     0.0000     0.0000     0.0000     0.0001     0.0001     0.0001     0.0002     0.0002     0.0006     0.0008 
