AGEPRO VERSION 4.2

2025_MLS_scenario2

Date & Time of Run: 04 Mar 2025  09:51

Input File Name:    2025_MLS_scenario2.inp

First Age Class:                         1
Number of Age Classes:                  15
Number of Years in Projection:          14
Number of Fleets:                        9
Number of Recruitment Models:            3
Number of Bootstraps:                  100
Number of Simulations:                1000

Bootstrap File Name:            C:\Users\jon.brodziak\Desktop\2024 WCNPO MLS Rebuilding\Bootstrap-numbers-at-age\2023_WCNPOMLS.bsn

Number of Feasible Solutions:      99603  of     100000 Realizations

Input Harvest Scenario

Year  Type        Fleet-1    Fleet-2    Fleet-3    Fleet-4    Fleet-5    Fleet-6    Fleet-7    Fleet-8    Fleet-9    

2021  Landings        118        100        551         72         89         37         58        256        249 
2022  Landings         75         99        464         36         80         54         84        289        284 
2023  Landings        129         80        526         28        110         54         84        207        461 
2024  Landings         83        176        578         27        110         54         84        565        461 
2025  Landings        351        139       1296         65        213         95        197        393        476 
2026  Landings        316        125        904         58        191         85        166        228        326 
2027  Landings        316        125        904         58        191         85        166        228        326 
2028  Landings        344        137        713         63        208         93        180        324        337 
2029  Landings        344        137        713         63        208         93        180        324        337 
2030  Landings        344        137        713         63        208         93        180        324        337 
2031  Landings        344        137        713         63        208         93        180        324        337 
2032  Landings        344        137        713         63        208         93        180        324        337 
2033  Landings        344        137        713         63        208         93        180        324        337 
2034  Landings        344        137        713         63        208         93        180        324        337 

Recruitment Selection Distribution

Year  Selection-1 Selection-2 Selection-3 

2021      0.1199     0.8403     0.0398 
2022      0.1198     0.8408     0.0394 
2023      0.1213     0.8390     0.0397 
2024      0.1189     0.8416     0.0395 
2025      0.1225     0.8373     0.0402 
2026      0.1183     0.8427     0.0390 
2027      0.1197     0.8397     0.0406 
2028      0.1190     0.8416     0.0395 
2029      0.1199     0.8401     0.0399 
2030      0.1194     0.8407     0.0399 
2031      0.1200     0.8392     0.0408 
2032      0.1191     0.8406     0.0403 
2033      0.1191     0.8403     0.0406 
2034      0.1194     0.8403     0.0403 

Recruits        1000  Fish

Year Class   Average        StdDev
2021        173.3109       80.3545
2022        174.4135       82.9563
2023        174.5428       84.5095
2024        174.8303       83.7681
2025        174.1758       83.5464
2026        174.3824       82.8046
2027        174.1820       82.4521
2028        174.0469       82.9828
2029        173.7024       82.8343
2030        173.9961       82.3905
2031        173.6228       82.3684
2032        174.0025       82.5490
2033        173.6558       82.4231
2034        173.1336       81.6861

Recruits Distribution

Year Class 1%         5%         10%        25%        50%        75%        90%        95%        99%    
2021    68.6255    70.5974    79.1309   104.7516   168.5484   236.2485   278.2105   305.6867   325.3290
2022    68.6522    70.7106    79.0074   104.7103   168.6440   237.3488   280.4097   307.0879   334.9154
2023    68.6710    70.5509    79.0150   104.6783   168.6131   236.9028   280.2703   307.4847   350.5740
2024    68.6618    70.7881    79.1045   105.0640   168.6319   237.3383   281.3075   307.5475   357.9555
2025    68.6625    70.5451    78.9326   104.7505   168.5320   236.7746   279.6613   306.9136   351.5115
2026    68.6633    70.8444    79.0178   104.8722   168.5818   237.3892   280.5604   307.1630   338.5574
2027    68.6684    70.8300    79.0192   105.0236   168.5985   237.0944   279.8458   307.0483   333.8644
2028    68.6584    70.7640    79.0917   104.2651   168.5226   237.1442   280.9097   307.5015   325.7251
2029    68.6563    70.6922    78.9580   104.3548   168.4877   236.7165   279.4075   306.6446   327.1788
2030    68.6234    70.5718    79.0545   104.9045   168.5504   236.8493   279.8621   306.4242   330.3998
2031    68.6478    70.7258    78.9536   104.4797   168.5374   236.6839   278.7179   305.9507   325.9387
2032    68.6447    70.6917    79.1873   105.2255   168.5180   236.4670   279.4304   306.3391   325.7329
2033    68.6142    70.4367    78.8999   104.8776   168.5055   236.3265   279.8774   306.8260   330.9101
2034    68.6308    70.5912    78.8787   104.5333   168.3946   235.8886   278.7281   305.6528   325.5315

Spawning Stock Biomass  x       1000 MT

Year       Average        StdDev
2021        2.7386        0.6270
2022        4.0643        0.8629
2023        5.6690        1.4199
2024        5.8976        1.7177
2025        5.2554        1.8932
2026        4.6582        1.9797
2027        4.4483        2.0380
2028        4.3197        2.0697
2029        4.2172        2.0856
2030        4.1291        2.0955
2031        4.0572        2.1017
2032        3.9996        2.1072
2033        3.9561        2.1071
2034        3.9206        2.1036

Spawning Stock Biomass Distribution

Year        1%         5%         10%        25%        50%        75%        90%        95%        99%   
2021     1.6063     1.9823     2.1195     2.3351     2.6417     3.0274     3.4264     3.7343     5.3798 
2022     2.3112     2.8220     3.0466     3.4862     3.9805     4.5229     5.2134     5.6524     6.6096 
2023     3.0467     3.6093     3.9588     4.6435     5.5296     6.4964     7.6193     8.3054     9.5610 
2024     2.6495     3.3725     3.8136     4.6685     5.7422     6.9637     8.1512     8.9207    10.4768 
2025     1.6478     2.4587     2.9657     3.9171     5.1090     6.4108     7.6865     8.5220    10.3439 
2026     1.0019     1.8036     2.3017     3.2595     4.4833     5.8388     7.1717     8.0438    10.1486 
2027     0.7451     1.5360     2.0448     3.0092     4.2519     5.6414     7.0302     7.9515    10.1858 
2028     0.6121     1.3818     1.8759     2.8592     4.1143     5.5208     6.9417     7.8854    10.2365 
2029     0.5186     1.2558     1.7619     2.7391     4.0061     5.4250     6.8677     7.8435    10.1584 
2030     0.4225     1.1596     1.6640     2.6404     3.9097     5.3420     6.8054     7.7546    10.0893 
2031     0.3531     1.0859     1.5878     2.5630     3.8373     5.2720     6.7318     7.7033     9.9935 
2032     0.3195     1.0240     1.5238     2.4997     3.7847     5.2195     6.6640     7.6593    10.0155 
2033     0.2905     0.9815     1.4728     2.4547     3.7389     5.1739     6.6273     7.6229     9.9119 
2034     0.2452     0.9390     1.4367     2.4220     3.7037     5.1457     6.5966     7.5680     9.8924 

JAN-1 Stock Biomass  x       1000 MT

Year       Average        StdDev
2021        9.2942        1.5938
2022       10.6293        2.0385
2023       11.5676        2.4040
2024       12.0099        2.6694
2025       11.8252        2.8421
2026       10.6925        2.9537
2027       10.4546        3.0219
2028       10.2819        3.0596
2029       10.1387        3.0928
2030       10.0174        3.1136
2031        9.9261        3.1304
2032        9.8475        3.1393
2033        9.7898        3.1509
2034        9.7421        3.1639

JAN-1 Stock Biomass Distribution

Year       1%         5%         10%        25%        50%        75%        90%        95%        99%    
2021     6.3351     6.9536     7.3707     8.1695     9.1689    10.1330    11.5384    12.2859    13.7262 
2022     6.7177     7.5897     8.1441     9.1970    10.4447    11.8804    13.3062    14.2482    16.0837 
2023     6.8694     7.9740     8.6407     9.8741    11.3988    13.0510    14.6486    15.7253    17.9127 
2024     6.7774     8.0247     8.7652    10.1418    11.8258    13.6379    15.4078    16.5483    19.1766 
2025     6.2225     7.6027     8.3993     9.8400    11.6214    13.5584    15.4188    16.6562    19.5187 
2026     4.8772     6.3039     7.1391     8.6458    10.4788    12.4702    14.4279    15.6929    18.8313 
2027     4.5119     5.9796     6.8355     8.3718    10.2366    12.2509    14.2691    15.5853    18.8560 
2028     4.2820     5.7571     6.6151     8.1712    10.0574    12.1135    14.1317    15.4863    18.7229 
2029     4.0599     5.5671     6.4449     8.0074     9.9117    11.9771    14.0496    15.3809    18.5895 
2030     3.8566     5.4322     6.3117     7.8758     9.7889    11.8833    13.9273    15.2980    18.5149 
2031     3.7633     5.3046     6.1999     7.7773     9.7156    11.7884    13.8461    15.2219    18.4996 
2032     3.6578     5.2126     6.0991     7.6905     9.6352    11.7207    13.7723    15.1612    18.4962 
2033     3.5183     5.1438     6.0436     7.6473     9.5703    11.6821    13.7253    15.0987    18.3895 
2034     3.4241     5.0696     5.9665     7.5955     9.5340    11.6347    13.6880    15.0671    18.3830 

Mean Biomass  x       1000 MT

Year       Average        StdDev
2021        9.0627        1.7030
2022       10.1826        2.1331
2023       10.8425        2.4651
2024       10.9385        2.6979
2025       10.1927        2.8634
2026        9.5473        2.9420
2027        9.3433        2.9974
2028        9.1878        3.0277
2029        9.0580        3.0544
2030        8.9492        3.0719
2031        8.8659        3.0855
2032        8.7959        3.0925
2033        8.7467        3.1046
2034        8.7000        3.1088

Mean Biomass Distribution

Year       1%         5%         10%        25%        50%        75%        90%        95%        99%    
2021     5.9414     6.5657     6.9994     7.8347     8.9251     9.9806    11.4955    12.2448    13.7057 
2022     6.1205     7.0068     7.5844     8.6687     9.9947    11.5060    12.9807    13.9349    15.8616 
2023     6.0429     7.1582     7.8405     9.0990    10.6676    12.3645    14.0107    15.0656    17.3467 
2024     5.6560     6.9109     7.6647     9.0533    10.7572    12.5865    14.3658    15.5081    18.1414 
2025     4.5558     5.9467     6.7509     8.1979     9.9928    11.9235    13.7996    15.0338    17.9960 
2026     3.7615     5.1932     6.0104     7.5120     9.3374    11.3065    13.2259    14.5433    17.6917 
2027     3.4783     4.9168     5.7519     7.2761     9.1241    11.1305    13.1113    14.4462    17.6495 
2028     3.2645     4.7106     5.5638     7.1076     8.9560    10.9954    13.0030    14.3006    17.6190 
2029     3.0498     4.5378     5.4162     6.9607     8.8333    10.8748    12.9015    14.2340    17.3792 
2030     2.8521     4.4158     5.2838     6.8332     8.7411    10.7775    12.8025    14.1329    17.3328 
2031     2.7563     4.3043     5.1838     6.7454     8.6563    10.6930    12.7345    14.1024    17.3388 
2032     2.6772     4.2170     5.0961     6.6793     8.5827    10.6456    12.6570    14.0237    17.3008 
2033     2.5316     4.1493     5.0507     6.6342     8.5326    10.6108    12.6239    13.9665    17.1906 
2034     2.4374     4.0851     4.9750     6.5862     8.5033    10.5770    12.5786    13.9229    17.1688 

Combined Catch Biomass  x       1000 MT

Year       Average        StdDev
2021        1.5310        0.0000
2022        1.4643        0.0000
2023        1.6786        0.0106
2024        2.1379        0.0214
2025        3.2246        0.0338
2026        2.3997        0.0252
2027        2.3996        0.0322
2028        2.3991        0.0462
2029        2.3982        0.0653
2030        2.3972        0.0813
2031        2.3957        0.1012
2032        2.3939        0.1208
2033        2.3922        0.1364
2034        2.3905        0.1509

Combined Catch Distribution

Year       1%         5%         10%        25%        50%        75%        90%        95%        99%    
2021     1.5310     1.5310     1.5310     1.5310     1.5310     1.5310     1.5310     1.5310     1.5310 
2022     1.4643     1.4643     1.4643     1.4643     1.4643     1.4643     1.4643     1.4643     1.4643 
2023     1.6787     1.6787     1.6787     1.6787     1.6787     1.6787     1.6787     1.6787     1.6787 
2024     2.1381     2.1382     2.1382     2.1382     2.1382     2.1382     2.1382     2.1382     2.1382 
2025     3.2250     3.2250     3.2250     3.2250     3.2250     3.2250     3.2250     3.2250     3.2250 
2026     2.4000     2.4000     2.4000     2.4000     2.4000     2.4000     2.4000     2.4000     2.4000 
2027     2.4000     2.4000     2.4000     2.4000     2.4000     2.4000     2.4000     2.4000     2.4000 
2028     2.4000     2.4000     2.4000     2.4000     2.4000     2.4000     2.4000     2.4000     2.4000 
2029     2.4000     2.4000     2.4000     2.4000     2.4000     2.4000     2.4000     2.4000     2.4000 
2030     2.4000     2.4000     2.4000     2.4000     2.4000     2.4000     2.4000     2.4000     2.4000 
2031     2.4000     2.4000     2.4000     2.4000     2.4000     2.4000     2.4000     2.4000     2.4000 
2032     2.4000     2.4000     2.4000     2.4000     2.4000     2.4000     2.4000     2.4000     2.4000 
2033     2.4000     2.4000     2.4000     2.4000     2.4000     2.4000     2.4000     2.4000     2.4000 
2034     2.4000     2.4000     2.4000     2.4000     2.4000     2.4000     2.4000     2.4000     2.4000 

Landings  x       1000 MT

Year       Average        StdDev
2021        1.5310        0.0000
2022        1.4643        0.0000
2023        1.6786        0.0106
2024        2.1379        0.0214
2025        3.2246        0.0338
2026        2.3997        0.0252
2027        2.3996        0.0322
2028        2.3991        0.0462
2029        2.3982        0.0653
2030        2.3972        0.0813
2031        2.3957        0.1012
2032        2.3939        0.1208
2033        2.3922        0.1364
2034        2.3905        0.1509

Landings Distribution

Year       1%         5%         10%        25%        50%        75%        90%        95%        99%    
2021     1.5310     1.5310     1.5310     1.5310     1.5310     1.5310     1.5310     1.5310     1.5310 
2022     1.4643     1.4643     1.4643     1.4643     1.4643     1.4643     1.4643     1.4643     1.4643 
2023     1.6787     1.6787     1.6787     1.6787     1.6787     1.6787     1.6787     1.6787     1.6787 
2024     2.1381     2.1382     2.1382     2.1382     2.1382     2.1382     2.1382     2.1382     2.1382 
2025     3.2250     3.2250     3.2250     3.2250     3.2250     3.2250     3.2250     3.2250     3.2250 
2026     2.4000     2.4000     2.4000     2.4000     2.4000     2.4000     2.4000     2.4000     2.4000 
2027     2.4000     2.4000     2.4000     2.4000     2.4000     2.4000     2.4000     2.4000     2.4000 
2028     2.4000     2.4000     2.4000     2.4000     2.4000     2.4000     2.4000     2.4000     2.4000 
2029     2.4000     2.4000     2.4000     2.4000     2.4000     2.4000     2.4000     2.4000     2.4000 
2030     2.4000     2.4000     2.4000     2.4000     2.4000     2.4000     2.4000     2.4000     2.4000 
2031     2.4000     2.4000     2.4000     2.4000     2.4000     2.4000     2.4000     2.4000     2.4000 
2032     2.4000     2.4000     2.4000     2.4000     2.4000     2.4000     2.4000     2.4000     2.4000 
2033     2.4000     2.4000     2.4000     2.4000     2.4000     2.4000     2.4000     2.4000     2.4000 
2034     2.4000     2.4000     2.4000     2.4000     2.4000     2.4000     2.4000     2.4000     2.4000 

Total Fishing Mortality

Year       Average        StdDev
2021        0.5251        0.0946
2022        0.3706        0.0745
2023        0.3795        0.0901
2024        0.4196        0.1185
2025        0.6943        0.2680
2026        0.6071        0.3307
2027        0.6568        0.4388
2028        0.6905        0.5003
2029        0.7187        0.5465
2030        0.7455        0.6021
2031        0.7669        0.6450
2032        0.7823        0.6706
2033        0.7952        0.6877
2034        0.8069        0.7123

Total Fishing Mortality Distribution

Year       1%         5%         10%        25%        50%        75%        90%        95%        99%    
2021     0.2824     0.3849     0.4167     0.4614     0.5227     0.5814     0.6350     0.6699     0.8255 
2022     0.2247     0.2591     0.2787     0.3232     0.3618     0.4126     0.4697     0.5067     0.5842 
2023     0.2229     0.2542     0.2752     0.3163     0.3676     0.4292     0.4998     0.5476     0.6451 
2024     0.2309     0.2687     0.2920     0.3365     0.3990     0.4794     0.5735     0.6414     0.8000 
2025     0.3337     0.4007     0.4399     0.5183     0.6343     0.7995     1.0135     1.1837     1.6424 
2026     0.2541     0.3130     0.3480     0.4183     0.5287     0.6960     0.9302     1.1368     1.8136 
2027     0.2519     0.3173     0.3546     0.4317     0.5538     0.7438     1.0289     1.2953     2.2505 
2028     0.2535     0.3204     0.3596     0.4410     0.5699     0.7764     1.1004     1.4050     2.5518 
2029     0.2549     0.3226     0.3630     0.4484     0.5839     0.8059     1.1554     1.5108     2.8542 
2030     0.2564     0.3254     0.3666     0.4540     0.5954     0.8301     1.2065     1.5979     3.1625 
2031     0.2575     0.3278     0.3701     0.4589     0.6048     0.8511     1.2513     1.6713     3.3801 
2032     0.2572     0.3287     0.3725     0.4629     0.6123     0.8698     1.2862     1.7240     3.4645 
2033     0.2577     0.3302     0.3744     0.4660     0.6191     0.8829     1.3147     1.7781     3.5951 
2034     0.2584     0.3320     0.3761     0.4684     0.6240     0.8908     1.3377     1.8225     3.6897 

JAN-1 Stock Numbers at Age  -       1000  Fish

2021

Age        1%         5%         10%        25%        50%        75%        90%        95%        99%    
1      140.2370   175.0900   184.8320   216.7130   261.1480   317.3690   385.6290   409.5080   464.9250
2       58.9389    77.9477    80.8620    85.4451   100.4175   112.5240   125.3470   138.4980   148.4390
3       34.1986    41.3466    43.5177    47.9381    54.8765    60.4455    67.3245    74.4817    84.8335
4        4.4701     6.3288     7.3712     8.3369     9.5330    10.8358    12.5169    14.0136    20.6054
5        1.2938     1.6031     1.7337     2.2441     2.6907     3.2695     4.2092     4.8898     7.4995
6        0.2917     0.4842     0.6024     0.6936     0.9665     1.2287     1.8234     2.1765     5.0518
7        0.0278     0.0584     0.0739     0.1025     0.1591     0.2261     0.3164     0.3996     1.3049
8        0.0082     0.0292     0.0370     0.0584     0.1092     0.1670     0.2575     0.4456     2.1858
9        0.0003     0.0014     0.0021     0.0035     0.0085     0.0144     0.0223     0.0334     0.2402
10        0.0001     0.0005     0.0007     0.0015     0.0043     0.0069     0.0143     0.0242     0.2609
11        0.0000     0.0001     0.0002     0.0004     0.0014     0.0028     0.0051     0.0082     0.1988
12        0.0000     0.0000     0.0000     0.0000     0.0001     0.0003     0.0005     0.0008     0.0280
13        0.0000     0.0000     0.0000     0.0000     0.0000     0.0002     0.0003     0.0005     0.0316
14        0.0000     0.0000     0.0000     0.0000     0.0000     0.0000     0.0001     0.0001     0.0183
15+       0.0000     0.0000     0.0000     0.0000     0.0000     0.0000     0.0000     0.0000     0.0127

2022

Age        1%         5%         10%        25%        50%        75%        90%        95%        99%    
1       68.6255    70.5974    79.1309   104.7516   168.5484   236.2485   278.2105   305.6867   325.3290
2       87.8752   104.1767   111.0132   128.2055   156.4725   191.6465   232.8978   253.7388   289.3780
3       30.2216    40.7538    43.1549    46.8595    54.2983    62.8353    71.7043    78.6351    89.4218
4       15.2098    18.6549    20.6236    23.1661    26.5858    30.7811    35.5563    40.0664    49.9559
5        1.9815     2.7546     3.2582     3.7807     4.4768     5.2607     6.4387     7.0968    11.8871
6        0.5418     0.6586     0.7431     1.0018     1.2072     1.5458     2.0847     2.4533     4.5916
7        0.1303     0.2172     0.2518     0.3106     0.4201     0.5836     0.8900     1.0828     3.1052
8        0.0132     0.0255     0.0326     0.0453     0.0696     0.1068     0.1607     0.2072     0.7957
9        0.0039     0.0128     0.0165     0.0270     0.0490     0.0803     0.1300     0.2198     1.3314
10        0.0001     0.0006     0.0009     0.0017     0.0038     0.0069     0.0111     0.0178     0.1469
11        0.0000     0.0002     0.0003     0.0007     0.0020     0.0033     0.0076     0.0123     0.1630
12        0.0000     0.0000     0.0001     0.0002     0.0007     0.0013     0.0026     0.0042     0.1273
13        0.0000     0.0000     0.0000     0.0000     0.0001     0.0001     0.0003     0.0004     0.0177
14        0.0000     0.0000     0.0000     0.0000     0.0000     0.0001     0.0001     0.0003     0.0202
15+       0.0000     0.0000     0.0000     0.0000     0.0000     0.0000     0.0001     0.0001     0.0199

2023

Age        1%         5%         10%        25%        50%        75%        90%        95%        99%    
1       68.6522    70.7106    79.0074   104.7103   168.6440   237.3488   280.4097   307.0879   334.9154
2       39.8737    43.3346    47.4937    62.9641   101.6224   143.2200   170.7670   185.4165   207.4883
3       48.3898    57.9534    62.4730    72.8704    90.8947   112.3473   137.9970   152.1923   175.3321
4       14.8686    20.6469    22.4375    25.0536    29.5725    35.0441    40.6720    44.8251    51.8456
5        7.0821     9.0726    10.3522    11.9599    13.9539    16.7181    19.5965    22.5428    29.2719
6        0.8893     1.3524     1.6142     1.9138     2.2994     2.7782     3.5051     3.9104     6.8275
7        0.2524     0.3055     0.3697     0.4980     0.6195     0.8077     1.1226     1.3189     2.7589
8        0.0605     0.1078     0.1205     0.1578     0.2188     0.3044     0.4845     0.5793     1.7933
9        0.0069     0.0128     0.0164     0.0233     0.0358     0.0557     0.0868     0.1116     0.4881
10        0.0021     0.0063     0.0084     0.0142     0.0250     0.0424     0.0713     0.1163     0.8081
11        0.0001     0.0003     0.0004     0.0009     0.0019     0.0037     0.0061     0.0098     0.0904
12        0.0000     0.0001     0.0002     0.0004     0.0010     0.0018     0.0042     0.0067     0.1016
13        0.0000     0.0000     0.0000     0.0001     0.0003     0.0007     0.0014     0.0023     0.0781
14        0.0000     0.0000     0.0000     0.0000     0.0000     0.0001     0.0002     0.0002     0.0111
15+       0.0000     0.0000     0.0000     0.0000     0.0000     0.0001     0.0001     0.0002     0.0238

2024

Age        1%         5%         10%        25%        50%        75%        90%        95%        99%    
1       68.6710    70.5509    79.0150   104.6783   168.6131   236.9028   280.2703   307.4847   350.5740
2       40.0843    43.5966    47.7559    63.2109   102.3324   144.8424   172.5299   187.1868   212.9524
3       21.9997    24.7774    27.2353    36.1812    58.9368    83.8756   101.9336   111.0355   127.2207
4       23.9105    29.4729    32.5414    38.9092    50.2324    63.3267    79.5744    88.9586   104.1665
5        6.9998     9.7993    11.1237    13.0250    15.8243    19.1236    22.7854    25.2457    29.8979
6        3.1841     4.3129     4.9664     6.0121     7.2776     8.8873    10.7000    12.3907    16.5908
7        0.3814     0.6386     0.7743     0.9546     1.1705     1.4635     1.8928     2.1677     3.8461
8        0.1127     0.1421     0.1793     0.2444     0.3182     0.4194     0.5957     0.7165     1.5291
9        0.0283     0.0513     0.0577     0.0786     0.1131     0.1571     0.2613     0.3127     1.0105
10        0.0032     0.0063     0.0080     0.0118     0.0181     0.0288     0.0461     0.0601     0.2901
11        0.0011     0.0031     0.0042     0.0073     0.0128     0.0221     0.0393     0.0603     0.4840
12        0.0000     0.0001     0.0002     0.0005     0.0010     0.0019     0.0034     0.0053     0.0517
13        0.0000     0.0001     0.0001     0.0002     0.0005     0.0010     0.0023     0.0037     0.0585
14        0.0000     0.0000     0.0000     0.0001     0.0002     0.0004     0.0008     0.0013     0.0473
15+       0.0000     0.0000     0.0000     0.0000     0.0000     0.0001     0.0001     0.0002     0.0207

2025

Age        1%         5%         10%        25%        50%        75%        90%        95%        99%    
1       68.6618    70.7881    79.1045   105.0640   168.6319   237.3383   281.3075   307.5475   357.9555
2       39.0641    42.6215    46.6767    61.9196   100.0973   141.7404   169.4295   184.2162   213.4450
3       20.4076    23.4738    25.8876    34.5369    56.6126    81.5394    99.5287   108.2559   126.8208
4        9.6640    11.8573    13.4462    18.2474    30.5042    44.7465    56.4251    62.1321    73.5723
5        9.8492    13.0846    15.0504    19.0050    25.5027    33.4051    43.1823    49.1274    59.0301
6        2.8887     4.1410     4.9599     6.2680     7.9275     9.8634    12.0993    13.5750    16.5246
7        1.3222     1.8814     2.2354     2.8734     3.6473     4.5800     5.6935     6.6232     8.9994
8        0.1568     0.2767     0.3545     0.4603     0.5878     0.7608     1.0067     1.1892     2.0965
9        0.0483     0.0658     0.0830     0.1198     0.1623     0.2189     0.3140     0.3903     0.8464
10        0.0132     0.0231     0.0277     0.0390     0.0578     0.0818     0.1398     0.1706     0.5615
11        0.0015     0.0030     0.0039     0.0059     0.0093     0.0150     0.0247     0.0323     0.1695
12        0.0006     0.0015     0.0021     0.0037     0.0066     0.0116     0.0217     0.0320     0.2755
13        0.0000     0.0001     0.0001     0.0002     0.0005     0.0010     0.0019     0.0028     0.0292
14        0.0000     0.0000     0.0000     0.0001     0.0003     0.0005     0.0013     0.0020     0.0331
15+       0.0000     0.0000     0.0000     0.0000     0.0001     0.0002     0.0005     0.0008     0.0403

2026

Age        1%         5%         10%        25%        50%        75%        90%        95%        99%    
1       68.6625    70.5451    78.9326   104.7505   168.5320   236.7746   279.6613   306.9136   351.5115
2       38.3576    42.0980    46.0502    61.1044    98.9058   140.1566   167.8235   182.2645   213.7558
3       15.8779    19.9727    22.5531    30.3834    50.3110    73.1528    91.2366   100.2729   121.1460
4        5.2779     8.0532     9.7766    14.0628    24.2735    37.1084    48.4107    54.1093    66.9359
5        2.0997     3.5749     4.5677     6.9420    12.2252    19.3054    26.1702    29.8568    37.5879
6        1.9936     3.6699     4.7653     6.9554    10.2281    14.4840    19.5825    23.0437    29.2214
7        0.6242     1.1758     1.5629     2.2871     3.2129     4.2972     5.5088     6.3564     8.0542
8        0.2970     0.5573     0.7323     1.0701     1.5051     2.0206     2.6366     3.1121     4.2585
9        0.0412     0.0843     0.1172     0.1764     0.2479     0.3419     0.4698     0.5772     0.9931
10        0.0125     0.0225     0.0300     0.0472     0.0699     0.0996     0.1460     0.1883     0.4065
11        0.0040     0.0075     0.0103     0.0159     0.0250     0.0377     0.0652     0.0835     0.2712
12        0.0005     0.0011     0.0015     0.0025     0.0041     0.0068     0.0116     0.0155     0.0822
13        0.0002     0.0006     0.0008     0.0015     0.0029     0.0053     0.0104     0.0152     0.1364
14        0.0000     0.0000     0.0000     0.0001     0.0002     0.0005     0.0009     0.0013     0.0145
15+       0.0000     0.0000     0.0000     0.0001     0.0002     0.0003     0.0008     0.0014     0.0369

2027

Age        1%         5%         10%        25%        50%        75%        90%        95%        99%    
1       68.6633    70.8444    79.0178   104.8722   168.5818   237.3892   280.5604   307.1630   338.5574
2       38.7906    42.5206    46.4951    61.7392    99.8486   141.2625   169.0814   183.8364   214.5312
3       15.3290    20.3054    23.1268    31.2546    51.6479    75.1231    93.7390   102.8204   124.8035
4        3.7419     7.0074     8.9359    13.2291    23.0008    35.6394    47.2286    53.2518    67.4495
5        1.0035     2.4731     3.4781     5.7678    10.5676    17.4581    24.2312    28.0582    36.4711
6        0.3739     1.0628     1.5811     2.8011     5.2268     8.9335    12.8580    15.1875    20.0579
7        0.3474     1.0743     1.6102     2.7670     4.5123     6.8591     9.6865    11.6661    15.4618
8        0.1176     0.3572     0.5359     0.9175     1.4437     2.0717     2.7638     3.2640     4.2802
9        0.0599     0.1738     0.2605     0.4407     0.6892     0.9924     1.3432     1.6088     2.2477
10        0.0093     0.0279     0.0423     0.0742     0.1157     0.1696     0.2417     0.3026     0.5155
11        0.0029     0.0079     0.0116     0.0202     0.0330     0.0498     0.0747     0.0986     0.2089
12        0.0010     0.0027     0.0041     0.0071     0.0119     0.0190     0.0329     0.0441     0.1423
13        0.0001     0.0004     0.0006     0.0011     0.0019     0.0034     0.0059     0.0082     0.0433
14        0.0001     0.0002     0.0004     0.0007     0.0014     0.0026     0.0053     0.0079     0.0719
15+       0.0000     0.0000     0.0000     0.0001     0.0002     0.0004     0.0009     0.0014     0.0277

2028

Age        1%         5%         10%        25%        50%        75%        90%        95%        99%    
1       68.6684    70.8300    79.0192   105.0236   168.5985   237.0944   279.8458   307.0483   333.8644
2       38.5388    42.4677    46.4323    61.5835    99.5707   141.5183   169.3191   183.9699   210.3152
3       14.0182    20.0284    22.9436    31.0886    51.6815    75.2748    94.1099   103.4056   124.7882
4        2.8244     6.6103     8.7859    13.2728    23.2238    36.1309    48.2199    54.3229    69.6218
5        0.5290     1.9209     2.9523     5.2501     9.8351    16.6546    23.4640    27.4145    36.6987
6        0.1282     0.6483     1.1123     2.2307     4.4447     7.9885    11.8202    14.1490    19.5509
7        0.0495     0.2825     0.5060     1.0895     2.2119     4.1009     6.2596     7.6669    10.6849
8        0.0471     0.2859     0.5150     1.0740     1.9821     3.2404     4.8047     5.9399     8.2511
9        0.0172     0.0981     0.1760     0.3622     0.6463     1.0007     1.4025     1.6869     2.2995
10        0.0091     0.0505     0.0884     0.1789     0.3143     0.4877     0.6877     0.8390     1.1967
11        0.0016     0.0084     0.0148     0.0305     0.0537     0.0842     0.1244     0.1580     0.2651
12        0.0005     0.0025     0.0042     0.0085     0.0154     0.0249     0.0383     0.0513     0.1081
13        0.0002     0.0009     0.0015     0.0030     0.0056     0.0095     0.0165     0.0232     0.0731
14        0.0000     0.0001     0.0002     0.0005     0.0009     0.0017     0.0030     0.0043     0.0223
15+       0.0000     0.0001     0.0002     0.0003     0.0007     0.0015     0.0031     0.0049     0.0515

2029

Age        1%         5%         10%        25%        50%        75%        90%        95%        99%    
1       68.6584    70.7640    79.0917   104.2651   168.5226   237.1442   280.9097   307.5015   325.7251
2       38.0646    42.1163    46.0617    61.1519    99.0041   140.3991   167.9123   182.6979   208.7374
3       12.9231    19.4242    22.4237    30.5389    50.8862    74.5030    93.5403   102.6856   122.7321
4        2.1723     6.1807     8.4058    13.0128    22.9564    35.9865    48.2908    54.5331    69.3198
5        0.3134     1.7012     2.7830     5.1933     9.8323    16.7635    23.8963    27.9942    37.6135
6        0.0529     0.4631     0.8968     1.9913     4.1131     7.6195    11.4140    13.8837    19.5643
7        0.0132     0.1600     0.3393     0.8483     1.8823     3.6661     5.7505     7.1483    10.4328
8        0.0052     0.0725     0.1589     0.4206     0.9576     1.9038     3.0709     3.9038     5.7198
9        0.0053     0.0744     0.1631     0.4171     0.8796     1.5557     2.4210     3.0491     4.4257
10        0.0021     0.0265     0.0579     0.1442     0.2915     0.4901     0.7189     0.8854     1.2554
11        0.0012     0.0141     0.0299     0.0726     0.1442     0.2419     0.3555     0.4421     0.6502
12        0.0002     0.0024     0.0052     0.0125     0.0250     0.0421     0.0646     0.0832     0.1400
13        0.0001     0.0007     0.0015     0.0036     0.0072     0.0125     0.0198     0.0270     0.0559
14        0.0000     0.0003     0.0006     0.0013     0.0026     0.0048     0.0084     0.0121     0.0369
15+       0.0000     0.0001     0.0001     0.0004     0.0008     0.0016     0.0031     0.0048     0.0376

2030

Age        1%         5%         10%        25%        50%        75%        90%        95%        99%    
1       68.6563    70.6922    78.9580   104.3548   168.4877   236.7165   279.4075   306.6446   327.1788
2       37.7632    42.0420    45.9578    60.7231    98.6225   140.3948   168.3176   183.1340   206.8630
3       11.6925    18.8250    22.0290    30.1577    50.3343    73.2847    92.6970   101.9604   121.0609
4        1.7407     5.6080     8.0033    12.6206    22.4139    35.4678    47.8648    54.3062    68.0607
5        0.2002     1.4717     2.5642     5.0017     9.6213    16.6291    23.8485    27.9770    37.6505
6        0.0260     0.3806     0.7996     1.9264     4.0740     7.6293    11.6012    14.1603    20.1001
7        0.0046     0.1052     0.2576     0.7356     1.7218     3.4633     5.5423     6.9833    10.3994
8        0.0012     0.0371     0.1002     0.3175     0.8012     1.6895     2.8211     3.6287     5.5682
9        0.0006     0.0176     0.0486     0.1606     0.4168     0.8933     1.5268     2.0032     3.0853
10        0.0007     0.0184     0.0511     0.1624     0.3919     0.7522     1.2261     1.5882     2.4041
11        0.0003     0.0068     0.0186     0.0571     0.1316     0.2406     0.3713     0.4664     0.6854
12        0.0002     0.0037     0.0098     0.0291     0.0661     0.1195     0.1843     0.2335     0.3541
13        0.0000     0.0007     0.0017     0.0051     0.0116     0.0210     0.0335     0.0438     0.0743
14        0.0000     0.0002     0.0005     0.0015     0.0034     0.0063     0.0103     0.0142     0.0288
15+       0.0000     0.0001     0.0003     0.0007     0.0016     0.0032     0.0059     0.0088     0.0374

2031

Age        1%         5%         10%        25%        50%        75%        90%        95%        99%    
1       68.6234    70.5718    79.0545   104.9045   168.5504   236.8493   279.8621   306.4242   330.3998
2       37.2728    41.8111    45.7379    60.6523    98.4860   139.5241   167.6029   182.1787   207.8551
3       10.3622    18.4544    21.7849    29.6895    49.8273    73.2981    92.6887   101.9245   120.7054
4        1.1923     5.1621     7.6167    12.3635    21.9947    34.8109    47.2457    53.5378    67.0751
5        0.1169     1.2352     2.3344     4.7811     9.3232    16.3330    23.5783    27.8381    37.0669
6        0.0125     0.2994     0.7039     1.8131     3.9562     7.5058    11.5162    14.0763    20.0096
7        0.0017     0.0784     0.2214     0.6947     1.6857     3.4481     5.6299     7.1295    10.6356
8        0.0004     0.0220     0.0725     0.2706     0.7299     1.5869     2.7105     3.5346     5.5348
9        0.0001     0.0084     0.0295     0.1188     0.3452     0.7855     1.3971     1.8562     2.9893
10        0.0001     0.0041     0.0149     0.0619     0.1829     0.4215     0.7620     1.0309     1.6669
11        0.0001     0.0044     0.0159     0.0632     0.1746     0.3650     0.6229     0.8259     1.3109
12        0.0000     0.0017     0.0059     0.0224     0.0595     0.1182     0.1914     0.2462     0.3767
13        0.0000     0.0010     0.0032     0.0117     0.0301     0.0589     0.0959     0.1239     0.1934
14        0.0000     0.0002     0.0006     0.0021     0.0053     0.0105     0.0173     0.0232     0.0399
15+       0.0000     0.0001     0.0003     0.0009     0.0023     0.0047     0.0083     0.0120     0.0321

2032

Age        1%         5%         10%        25%        50%        75%        90%        95%        99%    
1       68.6478    70.7258    78.9536   104.4797   168.5374   236.6839   278.7179   305.9507   325.9387
2       37.0820    41.7421    45.7043    60.8774    98.4846   139.4548   167.4404   182.2290   207.2803
3        9.4463    17.9959    21.4711    29.5129    49.4749    72.5897    92.2378   101.2515   121.0365
4        0.8838     4.8236     7.3449    12.0698    21.5643    34.6964    47.2351    53.3966    66.7316
5        0.0644     1.0752     2.1527     4.6083     9.0822    15.9913    23.1474    27.3463    36.4720
6        0.0055     0.2390     0.6172     1.6978     3.8029     7.3485    11.3886    13.9457    19.6307
7        0.0010     0.0577     0.1854     0.6428     1.6303     3.3769     5.5704     7.0499    10.6164
8        0.0002     0.0155     0.0599     0.2489     0.7084     1.5747     2.7429     3.6075     5.6902
9        0.0000     0.0047     0.0203     0.0994     0.3121     0.7353     1.3423     1.8037     2.9797
10        0.0000     0.0019     0.0086     0.0446     0.1504     0.3698     0.6978     0.9568     1.6121
11        0.0000     0.0010     0.0045     0.0237     0.0804     0.2012     0.3845     0.5321     0.9012
12        0.0000     0.0010     0.0049     0.0243     0.0778     0.1772     0.3185     0.4313     0.7127
13        0.0000     0.0004     0.0018     0.0088     0.0268     0.0580     0.0990     0.1306     0.2067
14        0.0000     0.0002     0.0010     0.0046     0.0137     0.0291     0.0496     0.0655     0.1068
15+       0.0000     0.0001     0.0003     0.0012     0.0036     0.0076     0.0134     0.0184     0.0368

2033

Age        1%         5%         10%        25%        50%        75%        90%        95%        99%    
1       68.6447    70.6917    79.1873   105.2255   168.5180   236.4670   279.4304   306.3391   325.7329
2       36.8417    41.6795    45.5562    60.4828    98.1779   139.3936   166.8294   181.2417   207.3556
3        8.7486    17.6820    21.3120    29.4302    49.4835    72.2491    91.9477   101.2692   121.1595
4        0.7109     4.5197     7.0987    11.8950    21.3289    34.2905    46.7953    53.1656    67.1094
5        0.0408     0.9425     2.0121     4.4442     8.8929    15.9153    23.1501    27.2428    36.0652
6        0.0027     0.1931     0.5526     1.6126     3.6945     7.1712    11.1061    13.7158    19.3403
7        0.0006     0.0429     0.1557     0.5911     1.5599     3.3082     5.4817     7.0011    10.4520
8        0.0001     0.0108     0.0483     0.2256     0.6794     1.5416     2.7024     3.5598     5.6046
9        0.0000     0.0031     0.0162     0.0896     0.3004     0.7290     1.3486     1.8351     3.0524
10        0.0000     0.0010     0.0057     0.0367     0.1344     0.3463     0.6680     0.9240     1.6034
11        0.0000     0.0005     0.0025     0.0169     0.0656     0.1751     0.3504     0.4939     0.8762
12        0.0000     0.0003     0.0013     0.0091     0.0356     0.0958     0.1940     0.2762     0.4873
13        0.0000     0.0003     0.0015     0.0094     0.0348     0.0861     0.1630     0.2271     0.3875
14        0.0000     0.0001     0.0006     0.0034     0.0120     0.0284     0.0511     0.0690     0.1137
15+       0.0000     0.0001     0.0004     0.0023     0.0079     0.0181     0.0327     0.0445     0.0768

2034

Age        1%         5%         10%        25%        50%        75%        90%        95%        99%    
1       68.6142    70.4367    78.8999   104.8776   168.5055   236.3265   279.8774   306.8260   330.9101
2       36.2741    41.5311    45.6538    60.8282    98.1798   139.1188   167.0750   181.6905   206.9408
3        7.9320    17.4810    21.1415    29.1616    49.1568    72.0468    91.5485   100.8876   120.7872
4        0.5787     4.2762     6.8855    11.7818    21.2426    34.1003    46.5266    52.9939    67.1444
5        0.0298     0.8501     1.8879     4.3407     8.7472    15.6360    22.9353    27.0844    36.2178
6        0.0014     0.1615     0.4990     1.5362     3.5969     7.1118    11.1042    13.6403    19.2920
7        0.0004     0.0345     0.1363     0.5513     1.5085     3.2168     5.3397     6.8532    10.3350
8        0.0000     0.0076     0.0398     0.2048     0.6447     1.5027     2.6669     3.5179     5.5684
9        0.0000     0.0021     0.0127     0.0803     0.2867     0.7113     1.3292     1.8033     3.0220
10        0.0000     0.0008     0.0044     0.0325     0.1286     0.3405     0.6693     0.9386     1.6263
11        0.0000     0.0003     0.0016     0.0136     0.0583     0.1630     0.3343     0.4774     0.8710
12        0.0000     0.0001     0.0008     0.0064     0.0286     0.0833     0.1764     0.2562     0.4732
13        0.0000     0.0001     0.0004     0.0035     0.0158     0.0459     0.0984     0.1436     0.2650
14        0.0000     0.0001     0.0005     0.0036     0.0155     0.0416     0.0833     0.1189     0.2133
15+       0.0000     0.0000     0.0003     0.0022     0.0090     0.0230     0.0435     0.0599     0.1017

Probability Spawning Stock Biomass Exceeds Threshold      3.660 (1000 MT)

Year    Probability

2021    0.058730
2022    0.672750
2023    0.943860
2024    0.919740
2025    0.797310
2026    0.672250
2027    0.622580
2028    0.593330
2029    0.568820
2030    0.550470
2031    0.535980
2032    0.524330
2033    0.515560
2034    0.508700

Probability Threshold Exceeded at Least Once =     0.9839

Probability Total Fishing Mortality Exceeds Threshold     0.8413 

Year    Probability

2021    0.006810
2022    0.000000
2023    0.000040
2024    0.006210
2025    0.208790
2026    0.138880
2027    0.179590
2028    0.203660
2029    0.224890
2030    0.241920
2031    0.255560
2032    0.266420
2033    0.274660
2034    0.279010

Probability Threshold Exceeded at Least Once =     0.5324


Requested Percentile Report

Percentile =    40.00 %

                                 2021       2022       2023       2024       2025       2026       2027       2028       2029       2030       2031       2032       2033       2034 

Recruits                     145.9842   146.1741   145.5729   146.4971   144.7316   145.5935   146.3270   145.0642   144.0757   145.6628   144.7913   146.0835   144.4919   144.4465 
Spawning Stock Biomass         2.5143     3.7994     5.1932     5.3247     4.6448     4.0070     3.7673     3.6258     3.5069     3.4188     3.3380     3.2768     3.2420     3.1953 
Jan-1 Stock Biomass            8.8086     9.9599    10.8132    11.1893    10.9343     9.7761     9.5148     9.3274     9.1772     9.0460     8.9619     8.8931     8.8227     8.7890 
Mean Biomass                   8.5340     9.4770    10.0668    10.1002     9.3051     8.6406     8.4139     8.2413     8.1100     8.0031     7.9199     7.8544     7.8028     7.7580 
Combined Catch Biomass         1.5310     1.4643     1.6787     2.1382     3.2250     2.4000     2.4000     2.4000     2.4000     2.4000     2.4000     2.4000     2.4000     2.4000 
Landings                       1.5310     1.4643     1.6787     2.1382     3.2250     2.4000     2.4000     2.4000     2.4000     2.4000     2.4000     2.4000     2.4000     2.4000 
FMort                          0.5019     0.3470     0.3477     0.3738     0.5867     0.4825     0.5017     0.5150     0.5259     0.5349     0.5415     0.5471     0.5527     0.5557 

Stock Numbers at Age
Age 1                        244.9740   145.9842   146.1741   145.5729   146.4971   144.7316   145.5935   146.3270   145.0642   144.0757   145.6628   144.7913   146.0835   144.4919 
Age 2                         93.8626   145.5819    87.9646    88.5254    86.2313    85.5848    85.7022    85.6416    85.3976    84.3149    83.8167    84.2174    83.7241    84.1228 
Age 3                         51.2273    51.1055    83.6242    50.7738    48.4913    42.1421    43.1978    42.7098    42.0374    41.4815    40.8824    40.4706    40.4684    40.0647 
Age 4                          9.1703    25.0229    27.7012    45.6179    25.6390    19.7714    18.6130    18.7110    18.3847    17.9426    17.5435    17.1972    16.9908    16.9425 
Age 5                          2.4696     4.2385    13.1089    14.6852    22.8457     9.8353     8.3848     7.7353     7.7107     7.5079     7.2567     7.0448     6.8620     6.7426 
Age 6                          0.8492     1.1172     2.1489     6.7663     7.2673     8.8693     4.1242     3.4456     3.1516     3.1057     3.0030     2.8527     2.7589     2.6791 
Age 7                          0.1227     0.3803     0.5700     1.0822     3.3474     2.8463     3.7866     1.7071     1.4129     1.2791     1.2416     1.1863     1.1166     1.0717 
Age 8                          0.0902     0.0564     0.1936     0.2911     0.5365     1.3342     1.2341     1.6000     0.7136     0.5803     0.5184     0.4963     0.4723     0.4385 
Age 9                          0.0063     0.0410     0.0288     0.0988     0.1463     0.2193     0.5910     0.5298     0.6820     0.2995     0.2397     0.2127     0.2004     0.1889 
Age 10                          0.0032     0.0030     0.0206     0.0148     0.0504     0.0609     0.0992     0.2590     0.2299     0.2911     0.1264     0.0993     0.0876     0.0822 
Age 11                          0.0009     0.0015     0.0015     0.0103     0.0077     0.0214     0.0278     0.0443     0.1144     0.0995     0.1246     0.0535     0.0415     0.0362 
Age 12                          0.0001     0.0004     0.0008     0.0008     0.0053     0.0034     0.0099     0.0126     0.0198     0.0504     0.0429     0.0530     0.0226     0.0174 
Age 13                          0.0000     0.0000     0.0002     0.0004     0.0004     0.0023     0.0016     0.0045     0.0057     0.0088     0.0220     0.0185     0.0226     0.0095 
Age 14                          0.0000     0.0000     0.0000     0.0001     0.0002     0.0002     0.0011     0.0007     0.0021     0.0026     0.0039     0.0095     0.0079     0.0096 
Age 15                          0.0000     0.0000     0.0000     0.0000     0.0001     0.0001     0.0001     0.0006     0.0006     0.0012     0.0017     0.0025     0.0052     0.0057 
