AGEPRO VERSION 4.2

Constant_Q_ST

Date & Time of Run: 05 Apr 2024  16:52

Input File Name:    constant_Q_ST.inp

First Age Class:                         1
Number of Age Classes:                  15
Number of Years in Projection:          14
Number of Fleets:                        9
Number of Recruitment Models:            1
Number of Bootstraps:                  100
Number of Simulations:                 100

Bootstrap File Name:            C:\Users\jon.brodziak\Desktop\2024 WCNPO MLS Rebuilding\Bootstrap-numbers-at-age\2023_WCNPOMLS.bsn

Number of Feasible Solutions:      10000  of      10000 Realizations

Input Harvest Scenario

Year  Type        Fleet-1    Fleet-2    Fleet-3    Fleet-4    Fleet-5    Fleet-6    Fleet-7    Fleet-8    Fleet-9    

2021  F-Mult       0.1651     0.0453     0.2588     0.0166     0.0610     0.0487     0.0642     0.0722     0.3475 
2022  F-Mult       0.1651     0.0453     0.2588     0.0166     0.0610     0.0487     0.0642     0.0722     0.3475 
2023  F-Mult       0.1651     0.0453     0.2588     0.0166     0.0610     0.0487     0.0642     0.0722     0.3475 
2024  F-Mult       0.1651     0.0453     0.2588     0.0166     0.0610     0.0487     0.0642     0.0722     0.3475 
2025  Landings        201         80        416         37        122         54        105        189        197 
2026  Landings        201         80        416         37        122         54        105        189        197 
2027  Landings        201         80        416         37        122         54        105        189        197 
2028  Landings        201         80        416         37        122         54        105        189        197 
2029  Landings        201         80        416         37        122         54        105        189        197 
2030  Landings        201         80        416         37        122         54        105        189        197 
2031  Landings        201         80        416         37        122         54        105        189        197 
2032  Landings        201         80        416         37        122         54        105        189        197 
2033  Landings        201         80        416         37        122         54        105        189        197 
2034  Landings        201         80        416         37        122         54        105        189        197 

Recruits        1000  Fish

Year Class   Average        StdDev
2021        130.9738       38.5804
2022        131.1588       39.1872
2023        130.6789       38.7710
2024        130.7929       39.0173
2025        130.7059       38.3979
2026        131.1142       39.1288
2027        130.4892       38.8284
2028        130.0687       38.5941
2029        130.9496       38.9279
2030        130.7664       39.2912
2031        129.9312       39.0530
2032        131.0302       39.0383
2033        131.3167       39.0066
2034        130.3115       38.3002

Recruits Distribution

Year Class 1%         5%         10%        25%        50%        75%        90%        95%        99%    
2021    79.0104    83.4279    89.2365   105.9951   114.9927   149.8383   196.0720   211.7803   225.6928
2022    78.9245    83.4490    89.1933   105.0085   115.4144   151.3874   197.0219   213.9907   225.7074
2023    79.2243    83.7466    88.7575   105.3909   114.7892   149.6795   196.0611   212.7128   225.7345
2024    79.0488    83.5350    89.1599   105.4503   114.4779   149.7263   196.9003   213.0254   225.3384
2025    79.1769    83.6400    89.4262   105.8418   115.8794   149.2429   195.4621   212.7865   225.6512
2026    79.1932    83.5119    89.1638   105.5761   114.5151   150.6317   197.7693   212.6543   225.5422
2027    78.9369    83.3150    88.8212   105.7163   114.3271   149.3091   196.6733   212.8911   225.8064
2028    79.2585    83.3068    88.5050   104.9719   114.2559   148.6909   196.4483   212.4211   225.4418
2029    79.2115    83.4654    89.3206   105.8737   114.6323   149.7959   197.1833   212.7885   225.5866
2030    78.8437    83.1640    88.6824   105.1411   114.2877   150.7409   197.8049   213.2076   225.2283
2031    79.0296    83.0108    88.2125   103.9064   114.0352   148.9898   197.2007   212.9749   225.6937
2032    79.0644    83.4196    89.1507   105.6526   114.4722   151.0289   197.6183   213.2137   224.6897
2033    79.2060    83.7071    89.5041   105.9535   115.1619   150.5986   197.7414   213.7125   225.7563
2034    79.1616    83.5902    89.2473   105.8032   114.5013   148.7730   195.4328   211.0060   224.8792

Spawning Stock Biomass  x       1000 MT

Year       Average        StdDev
2021        2.2960        0.4641
2022        2.6063        0.4343
2023        2.8219        0.5800
2024        2.2067        0.3986
2025        2.2112        0.4657
2026        2.6089        0.6731
2027        2.9819        0.8341
2028        3.2868        0.9376
2029        3.5288        1.0138
2030        3.7066        1.0536
2031        3.8427        1.0854
2032        3.9494        1.1069
2033        4.0294        1.1254
2034        4.0826        1.1301

Spawning Stock Biomass Distribution

Year        1%         5%         10%        25%        50%        75%        90%        95%        99%   
2021     1.4641     1.7248     1.8276     1.9948     2.2281     2.5112     2.8156     3.0379     4.1905 
2022     1.7553     1.9553     2.0746     2.3068     2.5736     2.8533     3.1936     3.4153     3.7838 
2023     1.8160     2.0206     2.1427     2.3856     2.7495     3.1638     3.6179     3.9287     4.4154 
2024     1.4721     1.6388     1.7308     1.9165     2.1606     2.4539     2.7471     2.9208     3.3025 
2025     1.3775     1.5494     1.6639     1.8783     2.1512     2.4888     2.8437     3.0751     3.5180 
2026     1.4104     1.6628     1.8268     2.1093     2.5261     3.0248     3.5289     3.8430     4.4609 
2027     1.4807     1.8095     1.9936     2.3613     2.8917     3.4979     4.1114     4.5086     5.2904 
2028     1.5538     1.9362     2.1575     2.5998     3.1926     3.8593     4.5387     4.9799     5.8373 
2029     1.6655     2.0650     2.3140     2.7887     3.4163     4.1474     4.8890     5.3898     6.3057 
2030     1.7408     2.1736     2.4249     2.9419     3.6021     4.3510     5.1138     5.6101     6.5944 
2031     1.8020     2.2531     2.5192     3.0466     3.7368     4.5268     5.3062     5.7665     6.8616 
2032     1.8810     2.3143     2.5994     3.1419     3.8453     4.6450     5.4131     5.8944     6.9516 
2033     1.8822     2.3560     2.6580     3.2145     3.9286     4.7398     5.5306     6.0180     7.1093 
2034     1.9131     2.3892     2.6996     3.2742     3.9886     4.8031     5.5695     6.0816     7.0911 

JAN-1 Stock Biomass  x       1000 MT

Year       Average        StdDev
2021        9.2940        1.5995
2022        8.8903        1.5076
2023        7.7749        1.2551
2024        6.7652        1.0442
2025        6.2648        0.9851
2026        6.7835        1.1755
2027        7.2337        1.3209
2028        7.5982        1.4126
2029        7.8754        1.4751
2030        8.0952        1.5205
2031        8.2675        1.5506
2032        8.3840        1.5685
2033        8.4840        1.5803
2034        8.5663        1.5883

JAN-1 Stock Biomass Distribution

Year       1%         5%         10%        25%        50%        75%        90%        95%        99%    
2021     6.3279     6.9360     7.3601     8.1604     9.1768    10.1208    11.5384    12.3413    13.7481 
2022     6.0443     6.7090     7.0817     7.7923     8.7471     9.7861    10.9846    11.6859    12.9212 
2023     5.4206     5.9590     6.2554     6.8683     7.6379     8.5660     9.5015    10.0451    11.0940 
2024     4.7702     5.2317     5.5029     6.0042     6.6666     7.4178     8.1726     8.6653     9.5448 
2025     4.4440     4.8314     5.0753     5.5345     6.1758     6.9025     7.5779     8.0066     8.9083 
2026     4.5506     5.0607     5.3495     5.9140     6.6772     7.5387     8.3364     8.8530     9.9979 
2027     4.7338     5.2964     5.6137     6.2771     7.1185     8.0653     8.9816     9.5965    10.8372 
2028     4.8769     5.4758     5.8625     6.5819     7.4806     8.4870     9.4630    10.0905    11.3695 
2029     5.0071     5.6607     6.0527     6.8298     7.7480     8.8092     9.8276    10.4739    11.8623 
2030     5.1346     5.8200     6.2276     7.0016     7.9592     9.0646    10.1261    10.7680    12.0617 
2031     5.2265     5.9353     6.3503     7.1478     8.1568     9.2636    10.3317    10.9601    12.3761 
2032     5.2579     6.0185     6.4466     7.2558     8.2736     9.4070    10.4665    11.1077    12.4929 
2033     5.3390     6.0520     6.5313     7.3514     8.3801     9.5139    10.5816    11.2637    12.6609 
2034     5.3813     6.1294     6.5955     7.4153     8.4856     9.5990    10.6525    11.3314    12.6847 

Mean Biomass  x       1000 MT

Year       Average        StdDev
2021        8.4047        1.5300
2022        7.5615        1.3243
2023        6.4403        1.0743
2024        5.6880        0.9364
2025        5.7703        1.0446
2026        6.2607        1.2094
2027        6.6771        1.3370
2028        6.9977        1.4088
2029        7.2415        1.4631
2030        7.4415        1.5041
2031        7.5923        1.5346
2032        7.6922        1.5505
2033        7.7812        1.5592
2034        7.8552        1.5694

Mean Biomass Distribution

Year       1%         5%         10%        25%        50%        75%        90%        95%        99%    
2021     5.6502     6.1804     6.5623     7.2670     8.2742     9.2685    10.5500    11.2994    12.5128 
2022     5.1357     5.6438     5.9718     6.5821     7.4393     8.3569     9.3867    10.0160    11.1181 
2023     4.4753     4.8778     5.1414     5.6469     6.3300     7.1182     7.8840     8.3705     9.3292 
2024     3.9527     4.3350     4.5498     4.9991     5.5929     6.2804     6.9457     7.3696     8.2122 
2025     3.8324     4.2779     4.5112     4.9900     5.6661     6.4324     7.1736     7.6698     8.5649 
2026     3.9912     4.4776     4.7797     5.3750     6.1648     7.0055     7.8695     8.4337     9.4754 
2027     4.1632     4.6984     5.0385     5.6918     6.5655     7.4993     8.4846     9.0888    10.1806 
2028     4.2481     4.8931     5.2636     5.9923     6.8760     7.8811     8.8832     9.5190    10.7586 
2029     4.3926     5.0396     5.4437     6.1952     7.1208     8.1727     9.1814     9.8257    11.1004 
2030     4.5244     5.1840     5.5855     6.3620     7.3151     8.4160     9.4429    10.0686    11.4259 
2031     4.5965     5.2796     5.7074     6.4858     7.4760     8.5750     9.6592    10.3010    11.6072 
2032     4.6144     5.3728     5.7702     6.5751     7.5733     8.6969     9.7475    10.3848    11.7308 
2033     4.6591     5.4183     5.8673     6.6683     7.6663     8.7849     9.8309    10.4785    11.8577 
2034     4.7329     5.4790     5.9263     6.7208     7.7833     8.8619     9.9213    10.5951    11.9563 

Combined Catch Biomass  x       1000 MT

Year       Average        StdDev
2021        2.9730        0.4790
2022        3.3525        0.5605
2023        3.0714        0.5228
2024        2.5534        0.4013
2025        1.4000        0.0000
2026        1.4000        0.0000
2027        1.4000        0.0000
2028        1.4000        0.0000
2029        1.4000        0.0000
2030        1.4000        0.0000
2031        1.4000        0.0000
2032        1.4000        0.0000
2033        1.4000        0.0000
2034        1.4000        0.0000

Combined Catch Distribution

Year       1%         5%         10%        25%        50%        75%        90%        95%        99%    
2021     1.9732     2.3480     2.4483     2.6624     2.9076     3.2316     3.5496     3.7887     4.7109 
2022     2.3322     2.5347     2.6769     2.9264     3.3187     3.6680     4.1373     4.4285     4.8317 
2023     2.1231     2.3206     2.4435     2.6874     3.0131     3.3965     3.7905     4.0419     4.4422 
2024     1.8029     1.9687     2.0720     2.2572     2.5141     2.8067     3.0894     3.2792     3.6127 
2025     1.4000     1.4000     1.4000     1.4000     1.4000     1.4000     1.4000     1.4000     1.4000 
2026     1.4000     1.4000     1.4000     1.4000     1.4000     1.4000     1.4000     1.4000     1.4000 
2027     1.4000     1.4000     1.4000     1.4000     1.4000     1.4000     1.4000     1.4000     1.4000 
2028     1.4000     1.4000     1.4000     1.4000     1.4000     1.4000     1.4000     1.4000     1.4000 
2029     1.4000     1.4000     1.4000     1.4000     1.4000     1.4000     1.4000     1.4000     1.4000 
2030     1.4000     1.4000     1.4000     1.4000     1.4000     1.4000     1.4000     1.4000     1.4000 
2031     1.4000     1.4000     1.4000     1.4000     1.4000     1.4000     1.4000     1.4000     1.4000 
2032     1.4000     1.4000     1.4000     1.4000     1.4000     1.4000     1.4000     1.4000     1.4000 
2033     1.4000     1.4000     1.4000     1.4000     1.4000     1.4000     1.4000     1.4000     1.4000 
2034     1.4000     1.4000     1.4000     1.4000     1.4000     1.4000     1.4000     1.4000     1.4000 

Landings  x       1000 MT

Year       Average        StdDev
2021        2.9730        0.4790
2022        3.3525        0.5605
2023        3.0714        0.5228
2024        2.5534        0.4013
2025        1.4000        0.0000
2026        1.4000        0.0000
2027        1.4000        0.0000
2028        1.4000        0.0000
2029        1.4000        0.0000
2030        1.4000        0.0000
2031        1.4000        0.0000
2032        1.4000        0.0000
2033        1.4000        0.0000
2034        1.4000        0.0000

Landings Distribution

Year       1%         5%         10%        25%        50%        75%        90%        95%        99%    
2021     1.9732     2.3480     2.4483     2.6624     2.9076     3.2316     3.5496     3.7887     4.7109 
2022     2.3322     2.5347     2.6769     2.9264     3.3187     3.6680     4.1373     4.4285     4.8317 
2023     2.1231     2.3206     2.4435     2.6874     3.0131     3.3965     3.7905     4.0419     4.4422 
2024     1.8029     1.9687     2.0720     2.2572     2.5141     2.8067     3.0894     3.2792     3.6127 
2025     1.4000     1.4000     1.4000     1.4000     1.4000     1.4000     1.4000     1.4000     1.4000 
2026     1.4000     1.4000     1.4000     1.4000     1.4000     1.4000     1.4000     1.4000     1.4000 
2027     1.4000     1.4000     1.4000     1.4000     1.4000     1.4000     1.4000     1.4000     1.4000 
2028     1.4000     1.4000     1.4000     1.4000     1.4000     1.4000     1.4000     1.4000     1.4000 
2029     1.4000     1.4000     1.4000     1.4000     1.4000     1.4000     1.4000     1.4000     1.4000 
2030     1.4000     1.4000     1.4000     1.4000     1.4000     1.4000     1.4000     1.4000     1.4000 
2031     1.4000     1.4000     1.4000     1.4000     1.4000     1.4000     1.4000     1.4000     1.4000 
2032     1.4000     1.4000     1.4000     1.4000     1.4000     1.4000     1.4000     1.4000     1.4000 
2033     1.4000     1.4000     1.4000     1.4000     1.4000     1.4000     1.4000     1.4000     1.4000 
2034     1.4000     1.4000     1.4000     1.4000     1.4000     1.4000     1.4000     1.4000     1.4000 

Total Fishing Mortality

Year       Average        StdDev
2021        1.0794        0.0000
2022        1.0794        0.0000
2023        1.0794        0.0000
2024        1.0794        0.0000
2025        0.6079        0.1086
2026        0.5402        0.1203
2027        0.4875        0.1213
2028        0.4500        0.1175
2029        0.4238        0.1126
2030        0.4058        0.1079
2031        0.3930        0.1038
2032        0.3837        0.1011
2033        0.3774        0.0996
2034        0.3725        0.0985

Total Fishing Mortality Distribution

Year       1%         5%         10%        25%        50%        75%        90%        95%        99%    
2021     1.0794     1.0794     1.0794     1.0794     1.0794     1.0794     1.0794     1.0794     1.0794 
2022     1.0794     1.0794     1.0794     1.0794     1.0794     1.0794     1.0794     1.0794     1.0794 
2023     1.0794     1.0794     1.0794     1.0794     1.0794     1.0794     1.0794     1.0794     1.0794 
2024     1.0794     1.0794     1.0794     1.0794     1.0794     1.0794     1.0794     1.0794     1.0794 
2025     0.3977     0.4440     0.4733     0.5294     0.5991     0.6794     0.7524     0.7993     0.8884 
2026     0.3239     0.3687     0.3967     0.4510     0.5266     0.6150     0.7014     0.7550     0.8713 
2027     0.2782     0.3208     0.3482     0.3982     0.4704     0.5597     0.6506     0.7085     0.8326 
2028     0.2515     0.2919     0.3162     0.3659     0.4329     0.5146     0.6055     0.6655     0.8038 
2029     0.2358     0.2749     0.2968     0.3442     0.4064     0.4852     0.5725     0.6306     0.7675 
2030     0.2263     0.2634     0.2848     0.3293     0.3889     0.4635     0.5468     0.6034     0.7408 
2031     0.2211     0.2567     0.2771     0.3181     0.3764     0.4492     0.5286     0.5861     0.7043 
2032     0.2171     0.2515     0.2713     0.3112     0.3673     0.4384     0.5175     0.5696     0.6921 
2033     0.2157     0.2484     0.2669     0.3062     0.3616     0.4310     0.5077     0.5621     0.6791 
2034     0.2147     0.2449     0.2645     0.3021     0.3556     0.4242     0.5000     0.5583     0.6724 

JAN-1 Stock Numbers at Age  -       1000  Fish

2021

Age        1%         5%         10%        25%        50%        75%        90%        95%        99%    
1      140.2370   175.0900   184.8320   216.7130   261.1480   317.3690   385.6290   409.5080   464.9250
2       58.9389    77.9477    80.8620    85.4451   100.4175   112.5240   125.3470   138.4980   148.4390
3       34.1986    41.3466    43.5177    47.9381    54.8765    60.4455    67.3245    74.4817    84.8335
4        4.4701     6.3288     7.3712     8.3369     9.5330    10.8358    12.5169    14.0136    20.6054
5        1.2938     1.6031     1.7337     2.2441     2.6907     3.2695     4.2092     4.8898     7.4995
6        0.2917     0.4842     0.6024     0.6936     0.9665     1.2287     1.8234     2.1765     5.0518
7        0.0278     0.0584     0.0739     0.1025     0.1591     0.2261     0.3164     0.3996     1.3049
8        0.0082     0.0292     0.0370     0.0584     0.1092     0.1670     0.2575     0.4456     2.1858
9        0.0003     0.0014     0.0021     0.0035     0.0085     0.0144     0.0223     0.0334     0.2402
10        0.0001     0.0005     0.0007     0.0015     0.0043     0.0069     0.0143     0.0242     0.2609
11        0.0000     0.0001     0.0002     0.0004     0.0014     0.0028     0.0051     0.0082     0.1988
12        0.0000     0.0000     0.0000     0.0000     0.0001     0.0003     0.0005     0.0008     0.0280
13        0.0000     0.0000     0.0000     0.0000     0.0000     0.0002     0.0003     0.0005     0.0316
14        0.0000     0.0000     0.0000     0.0000     0.0000     0.0000     0.0001     0.0001     0.0183
15+       0.0000     0.0000     0.0000     0.0000     0.0000     0.0000     0.0000     0.0000     0.0127

2022

Age        1%         5%         10%        25%        50%        75%        90%        95%        99%    
1       79.0104    83.4279    89.2365   105.9951   114.9927   149.8383   196.0720   211.7803   225.6928
2       85.3225   100.6705   107.2381   124.1689   150.5288   184.3451   222.9329   242.9258   275.2454
3       26.4570    34.4585    36.2227    39.2741    44.7361    51.1447    57.9596    62.6957    71.0716
4       11.9477    13.9027    14.9096    16.4901    18.5414    20.8109    23.6133    25.9326    31.3721
5        1.4352     1.9522     2.1879     2.5172     2.9054     3.3270     3.8877     4.3021     6.5246
6        0.3759     0.4636     0.5112     0.6450     0.7753     0.9551     1.2450     1.4532     2.3918
7        0.0987     0.1452     0.1720     0.2059     0.2742     0.3654     0.5296     0.6282     1.6495
8        0.0096     0.0178     0.0219     0.0304     0.0463     0.0677     0.0966     0.1284     0.4434
9        0.0028     0.0092     0.0114     0.0183     0.0336     0.0514     0.0808     0.1370     0.7742
10        0.0001     0.0004     0.0007     0.0011     0.0027     0.0045     0.0073     0.0111     0.0855
11        0.0000     0.0002     0.0002     0.0005     0.0014     0.0023     0.0049     0.0080     0.0979
12        0.0000     0.0000     0.0001     0.0001     0.0005     0.0009     0.0017     0.0028     0.0741
13        0.0000     0.0000     0.0000     0.0000     0.0000     0.0001     0.0002     0.0003     0.0104
14        0.0000     0.0000     0.0000     0.0000     0.0000     0.0001     0.0001     0.0002     0.0123
15+       0.0000     0.0000     0.0000     0.0000     0.0000     0.0000     0.0000     0.0001     0.0121

2023

Age        1%         5%         10%        25%        50%        75%        90%        95%        99%    
1       78.9245    83.4490    89.1933   105.0085   115.4144   151.3874   197.0219   213.9907   225.7074
2       44.5437    47.9819    51.3627    59.7263    67.8197    87.7365   112.9624   122.7256   133.0081
3       38.6568    44.9377    48.1584    55.9237    68.1653    83.5116   101.1012   110.8663   125.3484
4        9.0676    11.5453    12.2579    13.4579    15.3199    17.6250    20.0104    21.6031    24.6945
5        3.5969     4.1425     4.4819     4.9758     5.6181     6.3431     7.2076     7.9103     9.6346
6        0.4156     0.5630     0.6266     0.7263     0.8388     0.9664     1.1309     1.2622     1.8956
7        0.1090     0.1333     0.1481     0.1855     0.2231     0.2778     0.3632     0.4212     0.7228
8        0.0295     0.0431     0.0503     0.0610     0.0812     0.1096     0.1587     0.1872     0.4885
9        0.0031     0.0054     0.0067     0.0093     0.0142     0.0208     0.0297     0.0394     0.1521
10        0.0010     0.0029     0.0036     0.0058     0.0106     0.0163     0.0259     0.0431     0.2531
11        0.0000     0.0001     0.0002     0.0004     0.0009     0.0015     0.0024     0.0036     0.0282
12        0.0000     0.0001     0.0001     0.0002     0.0005     0.0007     0.0016     0.0026     0.0323
13        0.0000     0.0000     0.0000     0.0000     0.0002     0.0003     0.0006     0.0009     0.0261
14        0.0000     0.0000     0.0000     0.0000     0.0000     0.0000     0.0001     0.0001     0.0038
15+       0.0000     0.0000     0.0000     0.0000     0.0000     0.0000     0.0000     0.0001     0.0084

2024

Age        1%         5%         10%        25%        50%        75%        90%        95%        99%    
1       79.2243    83.7466    88.7575   105.3909   114.7892   149.6795   196.0611   212.7128   225.7345
2       44.4116    47.8172    51.0637    59.5581    67.7183    88.2659   113.1592   122.9013   133.8249
3       19.8048    21.6380    23.1221    26.7067    30.7795    39.9069    50.9187    55.5883    61.3277
4       13.1727    15.2388    16.4179    19.1136    23.3494    28.7073    34.7514    38.1789    43.5753
5        2.7296     3.4492     3.6762     4.0591     4.6461     5.3531     6.1085     6.5977     7.5600
6        1.0356     1.1859     1.2803     1.4350     1.6246     1.8459     2.1037     2.3004     2.7999
7        0.1202     0.1611     0.1806     0.2094     0.2432     0.2819     0.3292     0.3682     0.5494
8        0.0322     0.0390     0.0438     0.0546     0.0663     0.0833     0.1087     0.1263     0.2181
9        0.0088     0.0131     0.0152     0.0187     0.0249     0.0337     0.0488     0.0574     0.1507
10        0.0010     0.0017     0.0021     0.0029     0.0045     0.0066     0.0094     0.0125     0.0480
11        0.0003     0.0009     0.0012     0.0019     0.0034     0.0053     0.0084     0.0139     0.0814
12        0.0000     0.0000     0.0001     0.0001     0.0003     0.0005     0.0008     0.0012     0.0093
13        0.0000     0.0000     0.0000     0.0001     0.0002     0.0003     0.0005     0.0009     0.0116
14        0.0000     0.0000     0.0000     0.0000     0.0001     0.0001     0.0002     0.0003     0.0100
15+       0.0000     0.0000     0.0000     0.0000     0.0000     0.0000     0.0000     0.0001     0.0044

2025

Age        1%         5%         10%        25%        50%        75%        90%        95%        99%    
1       79.0488    83.5350    89.1599   105.4503   114.4779   149.7263   196.9003   213.0254   225.3384
2       44.6644    47.9747    51.1340    59.4915    67.5786    87.2202   112.4812   122.2107   132.9911
3       19.6039    21.4671    23.0447    26.7134    30.8757    40.0698    51.0024    55.7536    61.7199
4        6.6362     7.3925     7.8995     9.1000    10.6369    13.6619    17.4383    19.1820    21.3178
5        3.9164     4.5743     4.9514     5.7565     7.0451     8.7281    10.5871    11.6233    13.3630
6        0.7913     0.9821     1.0510     1.1726     1.3439     1.5527     1.7789     1.9214     2.2155
7        0.2923     0.3396     0.3676     0.4142     0.4706     0.5378     0.6122     0.6705     0.8150
8        0.0351     0.0474     0.0531     0.0617     0.0721     0.0841     0.0987     0.1113     0.1627
9        0.0097     0.0119     0.0134     0.0166     0.0203     0.0256     0.0334     0.0390     0.0666
10        0.0028     0.0041     0.0048     0.0059     0.0079     0.0107     0.0155     0.0182     0.0479
11        0.0003     0.0006     0.0007     0.0009     0.0014     0.0021     0.0031     0.0041     0.0157
12        0.0001     0.0003     0.0004     0.0006     0.0011     0.0018     0.0028     0.0046     0.0278
13        0.0000     0.0000     0.0000     0.0000     0.0001     0.0002     0.0003     0.0004     0.0032
14        0.0000     0.0000     0.0000     0.0000     0.0001     0.0001     0.0002     0.0003     0.0038
15+       0.0000     0.0000     0.0000     0.0000     0.0000     0.0000     0.0001     0.0001     0.0052

2026

Age        1%         5%         10%        25%        50%        75%        90%        95%        99%    
1       79.1769    83.6400    89.4262   105.8418   115.8794   149.2429   195.4621   212.7865   225.6512
2       45.4453    49.4063    52.8251    61.2920    69.6752    90.6516   117.8683   127.3675   137.7806
3       21.5640    24.2846    26.0855    30.4123    35.8724    47.2084    61.6842    67.8499    75.2752
4        7.7858     9.0564     9.9168    11.7539    14.1864    18.9671    24.9285    27.8214    31.7521
5        2.4922     2.9255     3.2262     3.8006     4.6192     6.0720     7.9016     8.8353    10.3298
6        1.4673     1.7784     1.9740     2.3701     2.9762     3.7747     4.6731     5.2348     6.2248
7        0.3108     0.3835     0.4206     0.4815     0.5669     0.6700     0.7819     0.8492     0.9970
8        0.1188     0.1384     0.1503     0.1728     0.2012     0.2335     0.2717     0.2995     0.3640
9        0.0147     0.0197     0.0223     0.0263     0.0313     0.0372     0.0444     0.0507     0.0727
10        0.0041     0.0051     0.0058     0.0072     0.0090     0.0114     0.0151     0.0180     0.0302
11        0.0012     0.0018     0.0021     0.0026     0.0035     0.0048     0.0071     0.0085     0.0220
12        0.0001     0.0002     0.0003     0.0004     0.0007     0.0010     0.0014     0.0019     0.0071
13        0.0001     0.0001     0.0002     0.0003     0.0005     0.0008     0.0013     0.0021     0.0128
14        0.0000     0.0000     0.0000     0.0000     0.0000     0.0001     0.0001     0.0002     0.0015
15+       0.0000     0.0000     0.0000     0.0000     0.0000     0.0001     0.0001     0.0002     0.0042

2027

Age        1%         5%         10%        25%        50%        75%        90%        95%        99%    
1       79.1932    83.5119    89.1638   105.5761   114.5151   150.6317   197.7693   212.6543   225.5422
2       45.5532    49.6561    53.1762    61.7741    70.5264    90.3501   116.8646   127.8015   138.6256
3       22.2801    25.4690    27.5458    32.0833    37.8152    49.9088    65.3223    71.9070    80.0023
4        8.5082    10.4125    11.5660    13.8655    17.2399    23.4813    31.8155    35.4227    41.1587
5        2.8669     3.6428     4.1372     5.1233     6.5197     8.9584    12.1367    13.9014    16.6374
6        0.8968     1.1651     1.3198     1.6305     2.0840     2.8046     3.6989     4.2235     5.1878
7        0.5448     0.7108     0.8161     1.0236     1.3343     1.7411     2.2056     2.5124     3.0910
8        0.1228     0.1543     0.1746     0.2097     0.2586     0.3141     0.3743     0.4155     0.4953
9        0.0473     0.0576     0.0641     0.0764     0.0929     0.1111     0.1321     0.1465     0.1814
10        0.0063     0.0084     0.0097     0.0119     0.0146     0.0179     0.0219     0.0252     0.0348
11        0.0018     0.0023     0.0026     0.0033     0.0043     0.0055     0.0073     0.0089     0.0146
12        0.0006     0.0008     0.0010     0.0012     0.0017     0.0023     0.0034     0.0042     0.0106
13        0.0001     0.0001     0.0001     0.0002     0.0003     0.0005     0.0007     0.0009     0.0035
14        0.0000     0.0001     0.0001     0.0001     0.0002     0.0004     0.0007     0.0010     0.0063
15+       0.0000     0.0000     0.0000     0.0000     0.0000     0.0001     0.0001     0.0002     0.0028

2028

Age        1%         5%         10%        25%        50%        75%        90%        95%        99%    
1       78.9369    83.3150    88.8212   105.7163   114.3271   149.3091   196.6733   212.8911   225.8064
2       46.1646    50.0134    53.2338    61.7350    70.3919    91.3228   119.1456   128.5445   139.6301
3       22.6425    25.9966    28.2321    33.0504    38.9494    50.6334    66.0103    72.7032    81.7853
4        9.1681    11.2620    12.5359    15.1397    18.8124    25.5508    34.5107    38.7334    44.5750
5        3.2015     4.3291     4.9394     6.2606     8.2451    11.6797    16.1457    18.4799    22.3985
6        1.0696     1.4606     1.7312     2.2793     3.0714     4.3241     5.9882     7.0389     8.7915
7        0.3361     0.4709     0.5590     0.7278     0.9824     1.3558     1.8097     2.1198     2.7352
8        0.2096     0.2947     0.3511     0.4647     0.6331     0.8545     1.1062     1.2839     1.6310
9        0.0482     0.0651     0.0759     0.0961     0.1244     0.1568     0.1927     0.2146     0.2622
10        0.0188     0.0249     0.0286     0.0358     0.0454     0.0564     0.0685     0.0770     0.0960
11        0.0027     0.0037     0.0044     0.0057     0.0072     0.0091     0.0115     0.0132     0.0181
12        0.0008     0.0011     0.0012     0.0016     0.0021     0.0028     0.0038     0.0046     0.0074
13        0.0003     0.0004     0.0005     0.0006     0.0008     0.0012     0.0018     0.0022     0.0052
14        0.0000     0.0001     0.0001     0.0001     0.0002     0.0002     0.0004     0.0005     0.0018
15+       0.0000     0.0000     0.0000     0.0001     0.0001     0.0002     0.0004     0.0006     0.0046

2029

Age        1%         5%         10%        25%        50%        75%        90%        95%        99%    
1       79.2585    83.3068    88.5050   104.9719   114.2559   148.6909   196.4483   212.4211   225.4418
2       46.0578    49.8148    53.1103    62.0025    70.5363    91.1749   118.7665   128.1349   139.1072
3       23.5997    26.5540    28.7790    33.2711    39.4932    51.6244    67.6987    73.9205    82.6181
4        9.3879    11.6970    13.1239    16.0250    19.8319    26.4788    35.2359    39.4986    46.0969
5        3.5131     4.7707     5.5034     7.0265     9.2068    12.9974    18.0173    20.6445    24.7457
6        1.2213     1.7933     2.1428     2.8660     3.9817     5.7960     8.2679     9.6958    12.2223
7        0.4083     0.6117     0.7531     1.0576     1.4944     2.1585     3.0427     3.6528     4.7722
8        0.1303     0.2006     0.2465     0.3418     0.4851     0.6878     0.9310     1.1027     1.4788
9        0.0830     0.1279     0.1592     0.2202     0.3139     0.4362     0.5793     0.6844     0.8851
10        0.0195     0.0288     0.0346     0.0462     0.0626     0.0818     0.1031     0.1158     0.1461
11        0.0078     0.0112     0.0133     0.0173     0.0230     0.0297     0.0370     0.0421     0.0526
12        0.0012     0.0017     0.0021     0.0028     0.0037     0.0049     0.0062     0.0072     0.0098
13        0.0003     0.0005     0.0006     0.0008     0.0011     0.0015     0.0020     0.0025     0.0039
14        0.0001     0.0002     0.0002     0.0003     0.0004     0.0006     0.0009     0.0012     0.0028
15+       0.0000     0.0000     0.0001     0.0001     0.0002     0.0003     0.0004     0.0006     0.0034

2030

Age        1%         5%         10%        25%        50%        75%        90%        95%        99%    
1       79.2115    83.4654    89.3206   105.8737   114.6323   149.7959   197.1833   212.7885   225.5866
2       45.9209    49.8683    53.0666    61.8615    70.5008    90.5585   118.2288   127.9165   139.3587
3       23.6253    26.6763    28.8867    33.7133    39.7916    51.7925    67.6687    73.9792    81.9672
4       10.0226    12.3171    13.6675    16.3792    20.3714    27.3529    36.4488    40.6477    47.0614
5        3.6765     5.0680     5.9154     7.5942     9.9495    13.6199    18.5076    21.3370    25.9352
6        1.3645     2.0135     2.4269     3.2891     4.5388     6.6200     9.3676    11.0348    13.6788
7        0.4857     0.7679     0.9450     1.3446     1.9790     2.9740     4.2689     5.0898     6.7153
8        0.1618     0.2667     0.3411     0.5068     0.7490     1.1141     1.5995     1.9325     2.6324
9        0.0548     0.0897     0.1132     0.1661     0.2466     0.3595     0.4944     0.5904     0.8128
10        0.0345     0.0585     0.0746     0.1081     0.1609     0.2322     0.3124     0.3744     0.4928
11        0.0082     0.0132     0.0164     0.0230     0.0324     0.0439     0.0564     0.0643     0.0830
12        0.0034     0.0052     0.0064     0.0087     0.0120     0.0160     0.0205     0.0234     0.0300
13        0.0005     0.0008     0.0010     0.0014     0.0019     0.0026     0.0034     0.0040     0.0055
14        0.0002     0.0002     0.0003     0.0004     0.0006     0.0008     0.0011     0.0014     0.0022
15+       0.0001     0.0001     0.0001     0.0002     0.0003     0.0005     0.0007     0.0010     0.0033

2031

Age        1%         5%         10%        25%        50%        75%        90%        95%        99%    
1       78.8437    83.1640    88.6824   105.1411   114.2877   150.7409   197.8049   213.2076   225.2283
2       46.3500    50.2485    53.6931    62.2283    70.7818    91.8026   119.2112   129.2488   139.2667
3       23.6768    26.8875    29.0376    33.8959    39.9487    51.7881    67.6369    74.3857    83.0776
4       10.2243    12.5613    13.9385    16.7429    20.7748    27.6583    36.8315    40.8500    46.6038
5        4.0206     5.4599     6.2738     7.8914    10.3082    14.2057    19.4647    22.1906    26.3997
6        1.4426     2.1883     2.6541     3.6111     4.9935     7.0124     9.7384    11.4436    14.3937
7        0.5390     0.8731     1.1045     1.5687     2.2807     3.4376     4.9458     5.9330     7.6717
8        0.1980     0.3433     0.4369     0.6509     1.0056     1.5560     2.2687     2.7390     3.7354
9        0.0686     0.1197     0.1623     0.2485     0.3843     0.5848     0.8561     1.0535     1.4812
10        0.0234     0.0412     0.0547     0.0832     0.1291     0.1916     0.2690     0.3237     0.4629
11        0.0150     0.0277     0.0361     0.0549     0.0842     0.1256     0.1724     0.2078     0.2807
12        0.0036     0.0062     0.0080     0.0117     0.0171     0.0240     0.0314     0.0363     0.0475
13        0.0015     0.0025     0.0032     0.0045     0.0064     0.0088     0.0114     0.0133     0.0173
14        0.0002     0.0004     0.0005     0.0007     0.0010     0.0014     0.0019     0.0023     0.0031
15+       0.0001     0.0002     0.0002     0.0003     0.0005     0.0007     0.0010     0.0013     0.0029

2032

Age        1%         5%         10%        25%        50%        75%        90%        95%        99%    
1       79.0296    83.0108    88.2125   103.9064   114.0352   148.9898   197.2007   212.9749   225.6937
2       46.1429    50.1626    53.4354    62.2104    70.4866    91.7414   119.2578   129.0822   139.9870
3       24.0736    27.3728    29.5561    34.1754    40.2383    52.5604    68.3926    74.8322    83.2287
4       10.4633    12.7126    14.1288    16.9597    20.9875    27.7895    36.7608    41.1855    47.3301
5        4.1831     5.5998     6.4689     8.1453    10.5884    14.3832    19.6698    22.3812    26.7265
6        1.6010     2.3781     2.8443     3.7924     5.1733     7.3866    10.3230    12.0948    14.8073
7        0.5887     0.9775     1.2106     1.7490     2.5249     3.6490     5.1760     6.2401     8.0684
8        0.2250     0.3907     0.5161     0.7709     1.1701     1.8096     2.6546     3.2436     4.3229
9        0.0822     0.1570     0.2086     0.3258     0.5216     0.8312     1.2282     1.5020     2.1063
10        0.0296     0.0562     0.0793     0.1258     0.2018     0.3170     0.4676     0.5863     0.8390
11        0.0104     0.0197     0.0268     0.0424     0.0685     0.1047     0.1490     0.1811     0.2663
12        0.0067     0.0133     0.0181     0.0283     0.0448     0.0688     0.0965     0.1174     0.1616
13        0.0017     0.0030     0.0040     0.0061     0.0092     0.0132     0.0177     0.0207     0.0275
14        0.0007     0.0012     0.0016     0.0023     0.0035     0.0049     0.0065     0.0076     0.0100
15+       0.0002     0.0003     0.0004     0.0006     0.0008     0.0012     0.0016     0.0020     0.0032

2033

Age        1%         5%         10%        25%        50%        75%        90%        95%        99%    
1       79.0644    83.4196    89.1507   105.6526   114.4722   151.0289   197.6183   213.2137   224.6897
2       46.1353    50.0460    53.0940    61.7111    70.2806    90.8887   118.5744   129.1651   140.1127
3       24.1208    27.2196    29.4362    34.2262    40.2306    52.6718    68.4375    75.1532    84.1742
4       10.7142    12.9856    14.4299    17.2736    21.2030    28.3803    37.6180    41.6051    47.6569
5        4.2917     5.7394     6.6245     8.3087    10.7595    14.6769    19.8040    22.5506    26.8218
6        1.7308     2.4851     2.9423     3.9404     5.3834     7.5462    10.3821    12.1258    15.0498
7        0.6635     1.0460     1.3190     1.8474     2.6397     3.8676     5.5278     6.5978     8.3765
8        0.2456     0.4458     0.5714     0.8666     1.3051     1.9388     2.7935     3.4372     4.5280
9        0.0961     0.1832     0.2475     0.3886     0.6147     0.9617     1.4418     1.7914     2.4576
10        0.0365     0.0745     0.1024     0.1668     0.2767     0.4518     0.6698     0.8397     1.2029
11        0.0136     0.0277     0.0395     0.0650     0.1080     0.1727     0.2609     0.3301     0.4901
12        0.0048     0.0097     0.0135     0.0220     0.0367     0.0576     0.0834     0.1027     0.1531
13        0.0031     0.0066     0.0092     0.0149     0.0242     0.0381     0.0547     0.0674     0.0937
14        0.0008     0.0015     0.0020     0.0032     0.0050     0.0074     0.0100     0.0119     0.0160
15+       0.0004     0.0008     0.0010     0.0016     0.0024     0.0034     0.0046     0.0055     0.0074

2034

Age        1%         5%         10%        25%        50%        75%        90%        95%        99%    
1       79.2060    83.7071    89.5041   105.9535   115.1619   150.5986   197.7414   213.7125   225.7563
2       46.3172    50.1824    53.5914    62.3129    70.9335    92.3021   119.4398   129.1147   139.5489
3       24.0778    27.0848    29.4508    34.0887    40.1602    52.2658    68.3449    75.3091    83.5661
4       10.7360    13.0212    14.4647    17.3433    21.2816    28.3931    37.6463    41.9123    48.4081
5        4.4497     5.8949     6.7787     8.4961    10.9390    15.0326    20.2280    22.9218    27.2004
6        1.7233     2.5543     3.0450     4.0391     5.5137     7.6772    10.5199    12.2813    15.2425
7        0.6998     1.1049     1.3707     1.9425     2.7643     4.0019     5.5519     6.6273     8.4363
8        0.2825     0.4823     0.6220     0.9185     1.3711     2.0686     3.0061     3.6230     4.8277
9        0.1065     0.2084     0.2742     0.4396     0.6856     1.0440     1.5367     1.9087     2.5810
10        0.0430     0.0874     0.1215     0.1999     0.3277     0.5237     0.8001     1.0037     1.4206
11        0.0170     0.0361     0.0515     0.0867     0.1483     0.2471     0.3756     0.4702     0.6980
12        0.0064     0.0138     0.0198     0.0341     0.0584     0.0955     0.1470     0.1866     0.2781
13        0.0022     0.0048     0.0069     0.0116     0.0199     0.0320     0.0473     0.0587     0.0907
14        0.0015     0.0033     0.0047     0.0079     0.0132     0.0213     0.0310     0.0385     0.0546
15+       0.0006     0.0012     0.0016     0.0026     0.0041     0.0061     0.0083     0.0099     0.0133

Probability Spawning Stock Biomass Exceeds Threshold      3.660 (1000 MT)

Year    Probability

2021    0.019000
2022    0.019100
2023    0.091400
2024    0.001300
2025    0.005500
2026    0.077100
2027    0.199200
2028    0.316100
2029    0.410900
2030    0.480100
2031    0.528800
2032    0.574100
2033    0.596000
2034    0.613200

Probability Threshold Exceeded at Least Once =     0.7900

Probability Total Fishing Mortality Exceeds Threshold     0.8413 

Year    Probability

2021    1.000000
2022    1.000000
2023    1.000000
2024    1.000000
2025    0.023400
2026    0.015600
2027    0.009500
2028    0.006100
2029    0.004800
2030    0.003000
2031    0.002300
2032    0.001200
2033    0.001400
2034    0.001800

Probability Threshold Exceeded at Least Once =     1.0000


Requested Percentile Report

Percentile =    50.00 %

                                 2021       2022       2023       2024       2025       2026       2027       2028       2029       2030       2031       2032       2033       2034 

Recruits                     114.9927   115.4144   114.7892   114.4779   115.8794   114.5151   114.3271   114.2559   114.6323   114.2877   114.0352   114.4722   115.1619   114.5013 
Spawning Stock Biomass         2.2281     2.5736     2.7495     2.1606     2.1512     2.5261     2.8917     3.1926     3.4163     3.6021     3.7368     3.8453     3.9286     3.9886 
Jan-1 Stock Biomass            9.1768     8.7471     7.6379     6.6666     6.1758     6.6772     7.1185     7.4806     7.7480     7.9592     8.1568     8.2736     8.3801     8.4856 
Mean Biomass                   8.2742     7.4393     6.3300     5.5929     5.6661     6.1648     6.5655     6.8760     7.1208     7.3151     7.4760     7.5733     7.6663     7.7833 
Combined Catch Biomass         2.9076     3.3187     3.0131     2.5141     1.4000     1.4000     1.4000     1.4000     1.4000     1.4000     1.4000     1.4000     1.4000     1.4000 
Landings                       2.9076     3.3187     3.0131     2.5141     1.4000     1.4000     1.4000     1.4000     1.4000     1.4000     1.4000     1.4000     1.4000     1.4000 
FMort                          1.0794     1.0794     1.0794     1.0794     0.5991     0.5266     0.4704     0.4329     0.4064     0.3889     0.3764     0.3673     0.3616     0.3556 

Stock Numbers at Age
Age 1                        261.1480   114.9927   115.4144   114.7892   114.4779   115.8794   114.5151   114.3271   114.2559   114.6323   114.2877   114.0352   114.4722   115.1619 
Age 2                        100.4175   150.5288    67.8197    67.7183    67.5786    69.6752    70.5264    70.3919    70.5363    70.5008    70.7818    70.4866    70.2806    70.9335 
Age 3                         54.8765    44.7361    68.1653    30.7795    30.8757    35.8724    37.8152    38.9494    39.4932    39.7916    39.9487    40.2383    40.2306    40.1602 
Age 4                          9.5330    18.5414    15.3199    23.3494    10.6369    14.1864    17.2399    18.8124    19.8319    20.3714    20.7748    20.9875    21.2030    21.2816 
Age 5                          2.6907     2.9054     5.6181     4.6461     7.0451     4.6192     6.5197     8.2451     9.2068     9.9495    10.3082    10.5884    10.7595    10.9390 
Age 6                          0.9665     0.7753     0.8388     1.6246     1.3439     2.9762     2.0840     3.0714     3.9817     4.5388     4.9935     5.1733     5.3834     5.5137 
Age 7                          0.1591     0.2742     0.2231     0.2432     0.4706     0.5669     1.3343     0.9824     1.4944     1.9790     2.2807     2.5249     2.6397     2.7643 
Age 8                          0.1092     0.0463     0.0812     0.0663     0.0721     0.2012     0.2586     0.6331     0.4851     0.7490     1.0056     1.1701     1.3051     1.3711 
Age 9                          0.0085     0.0336     0.0142     0.0249     0.0203     0.0313     0.0929     0.1244     0.3139     0.2466     0.3843     0.5216     0.6147     0.6856 
Age 10                          0.0043     0.0027     0.0106     0.0045     0.0079     0.0090     0.0146     0.0454     0.0626     0.1609     0.1291     0.2018     0.2767     0.3277 
Age 11                          0.0014     0.0014     0.0009     0.0034     0.0014     0.0035     0.0043     0.0072     0.0230     0.0324     0.0842     0.0685     0.1080     0.1483 
Age 12                          0.0001     0.0005     0.0005     0.0003     0.0011     0.0007     0.0017     0.0021     0.0037     0.0120     0.0171     0.0448     0.0367     0.0584 
Age 13                          0.0000     0.0000     0.0002     0.0002     0.0001     0.0005     0.0003     0.0008     0.0011     0.0019     0.0064     0.0092     0.0242     0.0199 
Age 14                          0.0000     0.0000     0.0000     0.0001     0.0001     0.0000     0.0002     0.0002     0.0004     0.0006     0.0010     0.0035     0.0050     0.0132 
Age 15                          0.0000     0.0000     0.0000     0.0000     0.0000     0.0000     0.0000     0.0001     0.0002     0.0003     0.0005     0.0008     0.0024     0.0041 
