AGEPRO VERSION 4.2

2025_MLS_scenario3

Date & Time of Run: 10 Mar 2025  16:39

Input File Name:    2025_MLS_scenario3.inp

First Age Class:                         1
Number of Age Classes:                  15
Number of Years in Projection:          14
Number of Fleets:                        9
Number of Recruitment Models:            3
Number of Bootstraps:                  100
Number of Simulations:                1000

Bootstrap File Name:            C:\Users\jon.brodziak\Desktop\2024 WCNPO MLS Rebuilding\Bootstrap-numbers-at-age\2023_WCNPOMLS.bsn

Number of Feasible Solutions:      99759  of     100000 Realizations

Input Harvest Scenario

Year  Type        Fleet-1    Fleet-2    Fleet-3    Fleet-4    Fleet-5    Fleet-6    Fleet-7    Fleet-8    Fleet-9    

2021  Landings        118        100        551         72         89         37         58        265        249 
2022  Landings         75         99        464         36         80         54         84        298        284 
2023  Landings        129         80        526         28        110         54         84        214        461 
2024  Landings         83        176        578         27        110         54         84        584        461 
2025  Landings        351        139       1296         65        213         95        197        393        476 
2026  Landings        351        139       1296         65        213         95        197        393        476 
2027  Landings        316        125        904         58        191         85        166        228        326 
2028  Landings        185        122        692         67        158         88        169        373        298 
2029  Landings        185        122        692         67        158         88        169        373        298 
2030  Landings        185        122        692         67        158         88        169        373        298 
2031  Landings        185        122        692         67        158         88        169        373        298 
2032  Landings        185        122        692         67        158         88        169        373        298 
2033  Landings        185        122        692         67        158         88        169        373        298 
2034  Landings        185        122        692         67        158         88        169        373        298 

Recruitment Selection Distribution

Year  Selection-1 Selection-2 Selection-3 

2021      0.1200     0.8398     0.0402 
2022      0.1198     0.8409     0.0393 
2023      0.1193     0.8404     0.0402 
2024      0.1207     0.8389     0.0403 
2025      0.1189     0.8408     0.0403 
2026      0.1196     0.8410     0.0394 
2027      0.1197     0.8398     0.0405 
2028      0.1206     0.8391     0.0403 
2029      0.1193     0.8410     0.0397 
2030      0.1186     0.8405     0.0409 
2031      0.1204     0.8398     0.0398 
2032      0.1187     0.8418     0.0394 
2033      0.1195     0.8400     0.0405 
2034      0.1217     0.8392     0.0391 

Recruits        1000  Fish

Year Class   Average        StdDev
2021        173.6283       81.2565
2022        174.3285       83.2263
2023        174.4738       84.6055
2024        174.5245       84.1048
2025        174.7292       84.0496
2026        173.9243       83.0293
2027        173.8328       81.8286
2028        173.9705       82.5136
2029        173.8184       81.4510
2030        174.3227       83.7075
2031        174.4219       82.7372
2032        173.8115       82.3539
2033        174.1725       82.7575
2034        173.8587       84.0280

Recruits Distribution

Year Class 1%         5%         10%        25%        50%        75%        90%        95%        99%    
2021    68.6552    70.7764    79.1695   104.8579   168.4886   236.6208   279.7155   306.4439   325.4324
2022    68.6592    70.8778    79.1839   104.6806   168.5928   237.2150   279.1923   306.8776   334.2299
2023    68.6555    70.5443    78.9591   104.6541   168.5208   237.2031   280.5222   307.5746   356.0000
2024    68.6487    70.6630    79.1956   105.0992   168.5748   236.7562   280.3849   307.4050   359.6752
2025    68.6640    70.7145    79.0068   105.2225   168.6337   236.9990   280.8726   307.1476   345.1929
2026    68.6545    70.7518    78.9970   104.7022   168.4863   236.2580   280.8307   307.4307   336.6030
2027    68.6333    70.5037    78.9718   104.7756   168.5108   236.6086   280.1869   307.1578   325.7422
2028    68.6454    70.8294    79.0661   105.1261   168.4984   236.8822   280.1686   307.1053   327.0942
2029    68.6526    70.7027    79.1551   104.8861   168.5689   236.9770   280.1302   306.7863   325.6834
2030    68.6497    70.6428    78.9706   104.7593   168.5864   237.0816   280.3057   306.9645   340.6161
2031    68.6400    70.5438    79.1116   105.2379   168.6345   236.9599   280.3445   307.1612   330.1751
2032    68.6491    70.7667    79.1162   104.8292   168.4846   236.8434   278.9124   306.8200   329.6995
2033    68.6453    70.6849    78.9455   104.7830   168.5322   236.8711   280.6348   307.6557   340.9079
2034    68.6557    70.6569    78.9919   104.7387   168.4936   236.4722   279.6175   306.8903   331.5283

Spawning Stock Biomass  x       1000 MT

Year       Average        StdDev
2021        2.7357        0.6275
2022        4.0550        0.8628
2023        5.6536        1.4242
2024        5.8758        1.7339
2025        5.2290        1.9088
2026        4.2984        1.9792
2027        3.8964        2.0062
2028        3.9570        2.0511
2029        4.1095        2.0840
2030        4.2290        2.1054
2031        4.3233        2.1212
2032        4.3966        2.1278
2033        4.4575        2.1431
2034        4.5046        2.1540

Spawning Stock Biomass Distribution

Year        1%         5%         10%        25%        50%        75%        90%        95%        99%   
2021     1.6041     1.9774     2.1165     2.3318     2.6397     3.0214     3.4208     3.7260     5.3898 
2022     2.3116     2.8064     3.0334     3.4771     3.9753     4.5164     5.1935     5.6293     6.6085 
2023     3.0304     3.5836     3.9346     4.6186     5.5263     6.4863     7.5841     8.2997     9.5646 
2024     2.6271     3.3302     3.7819     4.6333     5.7221     6.9484     8.1403     8.9174    10.5440 
2025     1.6328     2.4354     2.9333     3.8716     5.0740     6.3975     7.6790     8.5163    10.3953 
2026     0.7030     1.4484     1.9390     2.8902     4.1208     5.4701     6.8162     7.6921     9.7980 
2027     0.4020     1.0678     1.5242     2.4740     3.6895     5.0648     6.4491     7.3593     9.5864 
2028     0.4012     1.0742     1.5520     2.5071     3.7426     5.1392     6.5558     7.4927     9.7732 
2029     0.4458     1.1670     1.6630     2.6288     3.8938     5.3234     6.7592     7.7078    10.0006 
2030     0.4577     1.2343     1.7488     2.7426     4.0210     5.4566     6.9053     7.8783    10.1492 
2031     0.4859     1.2923     1.8198     2.8295     4.1077     5.5694     7.0146     7.9747    10.2969 
2032     0.5126     1.3281     1.8734     2.8891     4.1953     5.6511     7.1015     8.0426    10.3798 
2033     0.5359     1.3736     1.9120     2.9500     4.2575     5.7187     7.1850     8.1398    10.4385 
2034     0.5536     1.4060     1.9461     2.9849     4.3061     5.7795     7.2360     8.1873    10.5164 

JAN-1 Stock Biomass  x       1000 MT

Year       Average        StdDev
2021        9.2942        1.5952
2022       10.6232        2.0483
2023       11.5527        2.4226
2024       11.9923        2.6902
2025       11.7871        2.8630
2026       10.6674        2.9744
2027        9.7411        3.0277
2028        9.6940        3.0542
2029        9.8654        3.0859
2030       10.0100        3.1077
2031       10.1289        3.1251
2032       10.2257        3.1420
2033       10.2953        3.1567
2034       10.3495        3.1669

JAN-1 Stock Biomass Distribution

Year       1%         5%         10%        25%        50%        75%        90%        95%        99%    
2021     6.3210     6.9540     7.3728     8.1599     9.1679    10.1332    11.5464    12.2916    13.7140 
2022     6.7067     7.5696     8.1124     9.1847    10.4447    11.8808    13.2978    14.2491    16.1302 
2023     6.8584     7.9364     8.6089     9.8455    11.3751    13.0342    14.6726    15.7204    18.0161 
2024     6.7560     7.9719     8.7304    10.1042    11.8098    13.6341    15.4083    16.5612    19.2222 
2025     6.1734     7.5206     8.3306     9.7910    11.5955    13.5208    15.4241    16.6518    19.5087 
2026     4.8500     6.2522     7.0826     8.6177    10.4607    12.4403    14.4119    15.6908    18.7667 
2027     3.8352     5.2600     6.1290     7.6461     9.5264    11.5425    13.5407    14.8507    18.0502 
2028     3.7379     5.1928     6.0364     7.5852     9.4752    11.5104    13.5418    14.8825    18.0446 
2029     3.7542     5.2971     6.1842     7.7477     9.6455    11.7030    13.7539    15.1182    18.2332 
2030     3.8218     5.4080     6.3069     7.8876     9.7847    11.8668    13.9171    15.2817    18.4831 
2031     3.8795     5.4975     6.3889     7.9898     9.9200    11.9953    14.0540    15.4134    18.6748 
2032     3.9528     5.5603     6.4664     8.0835    10.0154    12.1118    14.1777    15.5259    18.7552 
2033     3.9657     5.6270     6.5273     8.1418    10.0931    12.1866    14.2488    15.6125    18.8296 
2034     3.9845     5.6469     6.5763     8.1925    10.1414    12.2572    14.3160    15.6794    18.9896 

Mean Biomass  x       1000 MT

Year       Average        StdDev
2021        9.0599        1.6991
2022       10.1753        2.1453
2023       10.8299        2.4839
2024       10.9143        2.7201
2025       10.1606        2.8848
2026        9.1188        2.9721
2027        8.6881        3.0046
2028        8.7743        3.0200
2029        8.9368        3.0486
2030        9.0664        3.0626
2031        9.1762        3.0791
2032        9.2621        3.0911
2033        9.3207        3.1015
2034        9.3707        3.1152

Mean Biomass Distribution

Year       1%         5%         10%        25%        50%        75%        90%        95%        99%    
2021     5.9408     6.5635     7.0019     7.8312     8.9248     9.9872    11.4756    12.2186    13.7253 
2022     6.1047     6.9890     7.5584     8.6586     9.9891    11.5000    12.9738    13.9486    15.8752 
2023     6.0342     7.1370     7.8225     9.0718    10.6550    12.3528    14.0079    15.0873    17.4734 
2024     5.6254     6.8692     7.6323     9.0165    10.7237    12.5753    14.3681    15.5107    18.2022 
2025     4.5263     5.8695     6.6887     8.1663     9.9657    11.9020    13.7946    15.0375    17.9486 
2026     3.2754     4.7015     5.5426     7.0798     8.9111    10.9009    12.8300    14.1162    17.2733 
2027     2.8318     4.2601     5.0943     6.6173     8.4696    10.4786    12.4400    13.7399    16.9126 
2028     2.8670     4.3095     5.1721     6.6944     8.5583    10.5838    12.5612    13.8852    16.9952 
2029     2.9011     4.4222     5.2972     6.8540     8.7176    10.7551    12.7770    14.1228    17.2228 
2030     2.9598     4.5268     5.4121     6.9711     8.8479    10.9102    12.9078    14.2468    17.4185 
2031     3.0331     4.5987     5.4941     7.0572     8.9718    11.0307    13.0454    14.3719    17.5346 
2032     3.0748     4.6735     5.5505     7.1479     9.0508    11.1286    13.1424    14.4825    17.6239 
2033     3.1245     4.7314     5.6201     7.1945     9.1213    11.1933    13.2119    14.5488    17.7576 
2034     3.0921     4.7437     5.6612     7.2448     9.1641    11.2405    13.2863    14.6221    17.8688 

Combined Catch Biomass  x       1000 MT

Year       Average        StdDev
2021        1.5398        0.0000
2022        1.4739        0.0000
2023        1.6854        0.0092
2024        2.1565        0.0236
2025        3.2246        0.0368
2026        3.2239        0.0595
2027        2.3981        0.0674
2028        2.1476        0.0716
2029        2.1472        0.0775
2030        2.1465        0.0865
2031        2.1460        0.0931
2032        2.1455        0.0982
2033        2.1452        0.1016
2034        2.1448        0.1054

Combined Catch Distribution

Year       1%         5%         10%        25%        50%        75%        90%        95%        99%    
2021     1.5398     1.5398     1.5398     1.5398     1.5398     1.5398     1.5398     1.5398     1.5398 
2022     1.4739     1.4739     1.4739     1.4739     1.4739     1.4739     1.4739     1.4739     1.4739 
2023     1.6854     1.6854     1.6854     1.6854     1.6854     1.6854     1.6854     1.6854     1.6854 
2024     2.1567     2.1567     2.1567     2.1567     2.1567     2.1567     2.1567     2.1567     2.1567 
2025     3.2250     3.2250     3.2250     3.2250     3.2250     3.2250     3.2250     3.2250     3.2250 
2026     3.2250     3.2250     3.2250     3.2250     3.2250     3.2250     3.2250     3.2250     3.2250 
2027     2.4000     2.4000     2.4000     2.4000     2.4000     2.4000     2.4000     2.4000     2.4000 
2028     2.1500     2.1500     2.1500     2.1500     2.1500     2.1500     2.1500     2.1500     2.1500 
2029     2.1500     2.1500     2.1500     2.1500     2.1500     2.1500     2.1500     2.1500     2.1500 
2030     2.1500     2.1500     2.1500     2.1500     2.1500     2.1500     2.1500     2.1500     2.1500 
2031     2.1500     2.1500     2.1500     2.1500     2.1500     2.1500     2.1500     2.1500     2.1500 
2032     2.1500     2.1500     2.1500     2.1500     2.1500     2.1500     2.1500     2.1500     2.1500 
2033     2.1500     2.1500     2.1500     2.1500     2.1500     2.1500     2.1500     2.1500     2.1500 
2034     2.1500     2.1500     2.1500     2.1500     2.1500     2.1500     2.1500     2.1500     2.1500 

Landings  x       1000 MT

Year       Average        StdDev
2021        1.5398        0.0000
2022        1.4739        0.0000
2023        1.6854        0.0092
2024        2.1565        0.0236
2025        3.2246        0.0368
2026        3.2239        0.0595
2027        2.3981        0.0674
2028        2.1476        0.0716
2029        2.1472        0.0775
2030        2.1465        0.0865
2031        2.1460        0.0931
2032        2.1455        0.0982
2033        2.1452        0.1016
2034        2.1448        0.1054

Landings Distribution

Year       1%         5%         10%        25%        50%        75%        90%        95%        99%    
2021     1.5398     1.5398     1.5398     1.5398     1.5398     1.5398     1.5398     1.5398     1.5398 
2022     1.4739     1.4739     1.4739     1.4739     1.4739     1.4739     1.4739     1.4739     1.4739 
2023     1.6854     1.6854     1.6854     1.6854     1.6854     1.6854     1.6854     1.6854     1.6854 
2024     2.1567     2.1567     2.1567     2.1567     2.1567     2.1567     2.1567     2.1567     2.1567 
2025     3.2250     3.2250     3.2250     3.2250     3.2250     3.2250     3.2250     3.2250     3.2250 
2026     3.2250     3.2250     3.2250     3.2250     3.2250     3.2250     3.2250     3.2250     3.2250 
2027     2.4000     2.4000     2.4000     2.4000     2.4000     2.4000     2.4000     2.4000     2.4000 
2028     2.1500     2.1500     2.1500     2.1500     2.1500     2.1500     2.1500     2.1500     2.1500 
2029     2.1500     2.1500     2.1500     2.1500     2.1500     2.1500     2.1500     2.1500     2.1500 
2030     2.1500     2.1500     2.1500     2.1500     2.1500     2.1500     2.1500     2.1500     2.1500 
2031     2.1500     2.1500     2.1500     2.1500     2.1500     2.1500     2.1500     2.1500     2.1500 
2032     2.1500     2.1500     2.1500     2.1500     2.1500     2.1500     2.1500     2.1500     2.1500 
2033     2.1500     2.1500     2.1500     2.1500     2.1500     2.1500     2.1500     2.1500     2.1500 
2034     2.1500     2.1500     2.1500     2.1500     2.1500     2.1500     2.1500     2.1500     2.1500 

Total Fishing Mortality

Year       Average        StdDev
2021        0.5271        0.0948
2022        0.3727        0.0750
2023        0.3816        0.0910
2024        0.4240        0.1206
2025        0.6990        0.2712
2026        0.9009        0.5678
2027        0.7849        0.6421
2028        0.6904        0.5529
2029        0.6652        0.5403
2030        0.6441        0.5206
2031        0.6274        0.4994
2032        0.6132        0.4695
2033        0.6031        0.4513
2034        0.5959        0.4425

Total Fishing Mortality Distribution

Year       1%         5%         10%        25%        50%        75%        90%        95%        99%    
2021     0.2834     0.3869     0.4182     0.4635     0.5250     0.5833     0.6372     0.6728     0.8288 
2022     0.2260     0.2606     0.2808     0.3250     0.3637     0.4149     0.4730     0.5110     0.5876 
2023     0.2231     0.2555     0.2766     0.3176     0.3692     0.4316     0.5034     0.5513     0.6503 
2024     0.2320     0.2708     0.2941     0.3393     0.4030     0.4857     0.5812     0.6510     0.8077 
2025     0.3337     0.4016     0.4403     0.5197     0.6380     0.8071     1.0231     1.2010     1.6627 
2026     0.3506     0.4376     0.4886     0.5944     0.7614     1.0247     1.4207     1.7906     3.0304 
2027     0.2658     0.3393     0.3829     0.4748     0.6246     0.8734     1.2883     1.6968     3.3209 
2028     0.2354     0.2984     0.3367     0.4177     0.5495     0.7714     1.1296     1.5007     2.9277 
2029     0.2319     0.2917     0.3285     0.4063     0.5321     0.7429     1.0746     1.4213     2.7377 
2030     0.2275     0.2859     0.3218     0.3972     0.5189     0.7176     1.0335     1.3578     2.6115 
2031     0.2252     0.2827     0.3173     0.3901     0.5085     0.6983     1.0000     1.3115     2.5011 
2032     0.2230     0.2809     0.3143     0.3849     0.4995     0.6863     0.9844     1.2727     2.3867 
2033     0.2228     0.2784     0.3114     0.3809     0.4935     0.6750     0.9676     1.2427     2.3098 
2034     0.2199     0.2766     0.3094     0.3778     0.4893     0.6690     0.9554     1.2177     2.2426 

JAN-1 Stock Numbers at Age  -       1000  Fish

2021

Age        1%         5%         10%        25%        50%        75%        90%        95%        99%    
1      140.2370   175.0900   184.8320   216.7130   261.1480   317.3690   385.6290   409.5080   464.9250
2       58.9389    77.9477    80.8620    85.4451   100.4175   112.5240   125.3470   138.4980   148.4390
3       34.1986    41.3466    43.5177    47.9381    54.8765    60.4455    67.3245    74.4817    84.8335
4        4.4701     6.3288     7.3712     8.3369     9.5330    10.8358    12.5169    14.0136    20.6054
5        1.2938     1.6031     1.7337     2.2441     2.6907     3.2695     4.2092     4.8898     7.4995
6        0.2917     0.4842     0.6024     0.6936     0.9665     1.2287     1.8234     2.1765     5.0518
7        0.0278     0.0584     0.0739     0.1025     0.1591     0.2261     0.3164     0.3996     1.3049
8        0.0082     0.0292     0.0370     0.0584     0.1092     0.1670     0.2575     0.4456     2.1858
9        0.0003     0.0014     0.0021     0.0035     0.0085     0.0144     0.0223     0.0334     0.2402
10        0.0001     0.0005     0.0007     0.0015     0.0043     0.0069     0.0143     0.0242     0.2609
11        0.0000     0.0001     0.0002     0.0004     0.0014     0.0028     0.0051     0.0082     0.1988
12        0.0000     0.0000     0.0000     0.0000     0.0001     0.0003     0.0005     0.0008     0.0280
13        0.0000     0.0000     0.0000     0.0000     0.0000     0.0002     0.0003     0.0005     0.0316
14        0.0000     0.0000     0.0000     0.0000     0.0000     0.0000     0.0001     0.0001     0.0183
15+       0.0000     0.0000     0.0000     0.0000     0.0000     0.0000     0.0000     0.0000     0.0127

2022

Age        1%         5%         10%        25%        50%        75%        90%        95%        99%    
1       68.6552    70.7764    79.1695   104.8579   168.4886   236.6208   279.7155   306.4439   325.4324
2       87.8576   103.9220   110.7773   128.0584   156.4642   191.7136   233.0345   253.4278   288.8055
3       30.1940    40.6960    43.0476    46.7821    54.2049    62.8099    71.5496    78.5178    89.1474
4       15.2506    18.6410    20.5751    23.1250    26.5515    30.7474    35.4858    40.0273    50.2423
5        1.9811     2.7430     3.2496     3.7779     4.4703     5.2507     6.4249     7.0675    11.8992
6        0.5398     0.6553     0.7411     1.0003     1.2046     1.5440     2.0807     2.4473     4.5007
7        0.1301     0.2165     0.2515     0.3098     0.4199     0.5832     0.8872     1.0817     3.0470
8        0.0132     0.0254     0.0326     0.0451     0.0695     0.1068     0.1605     0.2062     0.8082
9        0.0040     0.0128     0.0165     0.0270     0.0489     0.0802     0.1299     0.2197     1.3303
10        0.0001     0.0006     0.0009     0.0017     0.0038     0.0069     0.0111     0.0177     0.1467
11        0.0000     0.0002     0.0003     0.0007     0.0020     0.0033     0.0076     0.0123     0.1623
12        0.0000     0.0000     0.0001     0.0002     0.0007     0.0013     0.0026     0.0042     0.1247
13        0.0000     0.0000     0.0000     0.0000     0.0001     0.0001     0.0003     0.0004     0.0175
14        0.0000     0.0000     0.0000     0.0000     0.0000     0.0001     0.0001     0.0003     0.0199
15+       0.0000     0.0000     0.0000     0.0000     0.0000     0.0000     0.0001     0.0001     0.0198

2023

Age        1%         5%         10%        25%        50%        75%        90%        95%        99%    
1       68.6592    70.8778    79.1839   104.6806   168.5928   237.2150   279.1923   306.8776   334.2299
2       39.8209    43.3344    47.5122    63.0395   101.3678   143.4430   171.2167   186.3161   209.3079
3       48.2622    57.7526    62.2412    72.7213    90.6653   112.2401   137.8567   151.9335   174.5621
4       14.8589    20.5817    22.3399    24.9754    29.5038    34.9812    40.5653    44.6364    51.6971
5        7.0736     9.0521    10.2968    11.9242    13.9236    16.6572    19.5463    22.4914    29.3053
6        0.8837     1.3420     1.6039     1.9105     2.2907     2.7685     3.4884     3.8892     6.8221
7        0.2508     0.3038     0.3678     0.4959     0.6177     0.8042     1.1184     1.3166     2.7044
8        0.0602     0.1074     0.1199     0.1573     0.2182     0.3034     0.4829     0.5773     1.7843
9        0.0069     0.0128     0.0164     0.0232     0.0357     0.0556     0.0865     0.1111     0.4803
10        0.0021     0.0062     0.0084     0.0141     0.0250     0.0424     0.0712     0.1157     0.8129
11        0.0001     0.0003     0.0004     0.0009     0.0019     0.0037     0.0061     0.0098     0.0888
12        0.0000     0.0001     0.0002     0.0004     0.0010     0.0018     0.0042     0.0067     0.1000
13        0.0000     0.0000     0.0000     0.0001     0.0003     0.0007     0.0014     0.0023     0.0769
14        0.0000     0.0000     0.0000     0.0000     0.0000     0.0001     0.0002     0.0002     0.0111
15+       0.0000     0.0000     0.0000     0.0000     0.0000     0.0001     0.0001     0.0002     0.0237

2024

Age        1%         5%         10%        25%        50%        75%        90%        95%        99%    
1       68.6555    70.5443    78.9591   104.6541   168.5208   237.2031   280.5222   307.5746   356.0000
2       40.1406    43.6716    47.8427    63.2893   102.2205   144.6468   172.0832   187.1539   212.4183
3       21.9680    24.7416    27.2323    36.2353    58.6501    83.9946   102.1200   111.3474   128.8546
4       23.7338    29.3925    32.3472    38.7754    50.1006    63.2760    79.3672    88.8276   104.0056
5        6.9246     9.7405    11.0463    12.9494    15.7553    19.0775    22.7189    25.1377    29.7494
6        3.1675     4.2860     4.9311     5.9766     7.2430     8.8507    10.6530    12.3627    16.5974
7        0.3766     0.6328     0.7684     0.9483     1.1643     1.4567     1.8837     2.1537     3.8371
8        0.1116     0.1411     0.1779     0.2432     0.3169     0.4167     0.5926     0.7167     1.5295
9        0.0281     0.0509     0.0574     0.0782     0.1127     0.1564     0.2599     0.3102     1.0042
10        0.0032     0.0063     0.0079     0.0117     0.0181     0.0287     0.0458     0.0597     0.2948
11        0.0011     0.0031     0.0042     0.0073     0.0127     0.0220     0.0392     0.0600     0.4822
12        0.0000     0.0001     0.0002     0.0005     0.0010     0.0019     0.0034     0.0053     0.0512
13        0.0000     0.0001     0.0001     0.0002     0.0005     0.0009     0.0023     0.0037     0.0578
14        0.0000     0.0000     0.0000     0.0001     0.0002     0.0004     0.0008     0.0013     0.0490
15+       0.0000     0.0000     0.0000     0.0000     0.0000     0.0001     0.0001     0.0002     0.0207

2025

Age        1%         5%         10%        25%        50%        75%        90%        95%        99%    
1       68.6487    70.6630    79.1956   105.0992   168.5748   236.7562   280.3849   307.4050   359.6752
2       38.9975    42.5339    46.5529    61.7328    99.8900   141.8488   169.2285   183.8182   214.4835
3       20.3264    23.4238    25.8861    34.3695    56.3921    81.2327    99.0253   107.9999   126.9806
4        9.6333    11.7581    13.3720    18.1835    30.2296    44.6631    56.4007    62.1828    74.4854
5        9.7159    12.9497    14.8855    18.8190    25.3522    33.2761    43.0444    49.0498    58.8972
6        2.8324     4.0907     4.9009     6.2001     7.8722     9.8193    12.0302    13.4943    16.3720
7        1.3021     1.8567     2.2115     2.8476     3.6223     4.5466     5.6529     6.5825     8.9621
8        0.1533     0.2736     0.3502     0.4560     0.5833     0.7560     1.0005     1.1804     2.0985
9        0.0473     0.0649     0.0819     0.1186     0.1613     0.2171     0.3115     0.3890     0.8378
10        0.0130     0.0228     0.0274     0.0388     0.0574     0.0814     0.1387     0.1695     0.5538
11        0.0015     0.0030     0.0038     0.0059     0.0092     0.0149     0.0245     0.0322     0.1664
12        0.0006     0.0015     0.0021     0.0037     0.0066     0.0115     0.0216     0.0318     0.2720
13        0.0000     0.0001     0.0001     0.0002     0.0005     0.0010     0.0019     0.0028     0.0288
14        0.0000     0.0000     0.0000     0.0001     0.0003     0.0005     0.0013     0.0020     0.0328
15+       0.0000     0.0000     0.0000     0.0000     0.0001     0.0002     0.0005     0.0008     0.0405

2026

Age        1%         5%         10%        25%        50%        75%        90%        95%        99%    
1       68.6640    70.7145    79.0068   105.2225   168.6337   236.9990   280.8726   307.1476   345.1929
2       38.2538    42.0285    46.1140    61.1817    98.6761   139.7252   167.4767   182.1804   215.4080
3       15.7199    19.8153    22.3767    30.2512    50.0673    73.0859    91.1021    99.8984   121.3759
4        5.2341     8.0143     9.6935    13.9444    24.0462    36.8924    48.1874    53.9796    67.1586
5        2.0355     3.5297     4.5227     6.8699    12.0452    19.2359    26.1629    29.8706    37.8603
6        1.9150     3.5663     4.6700     6.8531    10.1193    14.4322    19.5095    22.9948    29.1568
7        0.6038     1.1472     1.5253     2.2536     3.1754     4.2710     5.4804     6.3103     7.9787
8        0.2880     0.5427     0.7163     1.0550     1.4891     2.0035     2.6157     3.0930     4.2810
9        0.0405     0.0825     0.1150     0.1739     0.2453     0.3391     0.4663     0.5723     0.9912
10        0.0120     0.0219     0.0294     0.0465     0.0693     0.0985     0.1447     0.1880     0.4000
11        0.0039     0.0074     0.0102     0.0158     0.0248     0.0374     0.0646     0.0828     0.2703
12        0.0005     0.0010     0.0015     0.0024     0.0040     0.0068     0.0115     0.0154     0.0813
13        0.0002     0.0006     0.0008     0.0015     0.0029     0.0052     0.0103     0.0152     0.1342
14        0.0000     0.0000     0.0000     0.0001     0.0002     0.0005     0.0009     0.0013     0.0144
15+       0.0000     0.0000     0.0000     0.0001     0.0002     0.0003     0.0008     0.0014     0.0366

2027

Age        1%         5%         10%        25%        50%        75%        90%        95%        99%    
1       68.6545    70.7518    78.9970   104.7022   168.4863   236.2580   280.8307   307.4307   336.6030
2       37.0271    41.3349    45.2968    60.2595    97.4840   138.3111   166.0100   180.3234   209.5538
3       10.7007    17.1512    20.3502    28.0169    46.8813    69.1164    87.8216    97.1766   119.0299
4        1.8793     4.8253     6.7539    10.8712    19.5092    31.3494    42.6771    48.5615    62.6429
5        0.4235     1.5672     2.4642     4.5292     8.6425    14.9210    21.3608    25.0370    33.3297
6        0.1494     0.6470     1.0917     2.1519     4.2210     7.5959    11.2536    13.5076    18.4733
7        0.1368     0.6277     1.0795     2.0914     3.6693     5.8587     8.4679    10.3160    14.0599
8        0.0456     0.2113     0.3605     0.6947     1.1811     1.7718     2.4262     2.8783     3.8582
9        0.0233     0.1064     0.1779     0.3383     0.5680     0.8521     1.1788     1.4261     2.0284
10        0.0038     0.0173     0.0296     0.0574     0.0963     0.1465     0.2119     0.2675     0.4567
11        0.0012     0.0050     0.0083     0.0159     0.0275     0.0429     0.0654     0.0880     0.1830
12        0.0005     0.0018     0.0029     0.0056     0.0100     0.0164     0.0285     0.0394     0.1253
13        0.0001     0.0003     0.0004     0.0009     0.0016     0.0029     0.0052     0.0073     0.0376
14        0.0000     0.0002     0.0003     0.0006     0.0012     0.0023     0.0046     0.0070     0.0630
15+       0.0000     0.0000     0.0000     0.0001     0.0002     0.0003     0.0008     0.0012     0.0244

2028

Age        1%         5%         10%        25%        50%        75%        90%        95%        99%    
1       68.6333    70.5037    78.9718   104.7756   168.5108   236.6086   280.1869   307.1578   325.7422
2       37.6787    41.9856    45.9364    61.0635    98.6960   139.8255   168.2353   183.1140   209.1034
3        9.9953    17.7295    21.1349    29.2139    49.0661    71.8727    91.1016   100.4656   121.4496
4        1.0589     4.3763     6.5841    11.1339    20.0579    32.4562    44.3811    50.6500    65.7614
5        0.1138     0.9786     1.8498     3.9295     7.9264    14.1418    20.6967    24.5598    33.4731
6        0.0233     0.2955     0.6386     1.5734     3.4464     6.5871    10.1429    12.4234    17.5756
7        0.0079     0.1225     0.2829     0.7463     1.6998     3.3540     5.3482     6.6897     9.6861
8        0.0073     0.1205     0.2790     0.7302     1.5224     2.6774     4.0892     5.1345     7.3724
9        0.0026     0.0424     0.0961     0.2477     0.4998     0.8296     1.1996     1.4630     2.0457
10        0.0015     0.0225     0.0494     0.1238     0.2450     0.4048     0.5895     0.7277     1.0656
11        0.0003     0.0038     0.0085     0.0214     0.0423     0.0705     0.1065     0.1374     0.2332
12        0.0001     0.0012     0.0025     0.0061     0.0122     0.0208     0.0328     0.0448     0.0930
13        0.0000     0.0004     0.0009     0.0022     0.0045     0.0080     0.0140     0.0202     0.0614
14        0.0000     0.0001     0.0001     0.0004     0.0007     0.0014     0.0026     0.0038     0.0188
15+       0.0000     0.0000     0.0001     0.0003     0.0006     0.0012     0.0026     0.0042     0.0443

2029

Age        1%         5%         10%        25%        50%        75%        90%        95%        99%    
1       68.6454    70.8294    79.0661   105.1261   168.4984   236.8822   280.1686   307.1053   327.0942
2       37.3476    41.7605    45.6843    60.7389    98.4422   139.4291   167.5287   182.6124   207.5152
3       11.0945    18.8458    22.1207    30.3055    50.5492    73.8768    93.5135   103.0014   122.6823
4        1.2439     5.1630     7.6458    12.4468    22.2122    35.1484    47.5484    53.9735    68.8144
5        0.0941     1.0405     2.0244     4.3997     8.7438    15.5189    22.5280    26.6888    36.3580
6        0.0092     0.2187     0.5350     1.4954     3.3967     6.6268    10.3087    12.6959    18.3089
7        0.0017     0.0659     0.1850     0.5978     1.4855     3.0904     5.0632     6.4086     9.5161
8        0.0009     0.0280     0.0834     0.2858     0.7451     1.5870     2.6948     3.4685     5.2923
9        0.0008     0.0278     0.0832     0.2835     0.6827     1.3084     2.0971     2.7116     4.0467
10        0.0003     0.0101     0.0297     0.0982     0.2279     0.4114     0.6274     0.7825     1.1369
11        0.0002     0.0055     0.0157     0.0497     0.1135     0.2029     0.3103     0.3912     0.5871
12        0.0000     0.0010     0.0028     0.0087     0.0198     0.0357     0.0562     0.0738     0.1256
13        0.0000     0.0003     0.0008     0.0025     0.0058     0.0106     0.0173     0.0239     0.0491
14        0.0000     0.0001     0.0003     0.0009     0.0021     0.0041     0.0073     0.0107     0.0313
15+       0.0000     0.0000     0.0001     0.0003     0.0006     0.0013     0.0027     0.0042     0.0328

2030

Age        1%         5%         10%        25%        50%        75%        90%        95%        99%    
1       68.6526    70.7027    79.1551   104.8861   168.5689   236.9770   280.1302   306.7863   325.6834
2       37.3495    41.8689    45.8415    61.0890    98.6257   139.8140   167.8563   182.6086   207.1707
3       11.3548    19.0582    22.3065    30.5134    50.7844    73.8845    93.5082   103.0889   122.5965
4        1.5092     5.7621     8.2739    13.1161    23.1119    36.4672    49.1194    55.5921    69.8154
5        0.1224     1.2977     2.4429     5.0245     9.7545    16.9401    24.2848    28.4822    38.2649
6        0.0081     0.2455     0.6148     1.6986     3.8075     7.3373    11.2718    13.8917    19.7769
7        0.0010     0.0517     0.1610     0.5743     1.4883     3.1389     5.1745     6.5843    10.0057
8        0.0002     0.0159     0.0577     0.2334     0.6578     1.4754     2.5627     3.3460     5.2340
9        0.0001     0.0070     0.0266     0.1139     0.3364     0.7690     1.3824     1.8238     2.9113
10        0.0001     0.0072     0.0269     0.1139     0.3146     0.6494     1.0946     1.4460     2.2436
11        0.0000     0.0027     0.0098     0.0399     0.1061     0.2075     0.3320     0.4237     0.6373
12        0.0000     0.0015     0.0053     0.0206     0.0534     0.1034     0.1649     0.2121     0.3284
13        0.0000     0.0003     0.0010     0.0037     0.0094     0.0183     0.0300     0.0400     0.0688
14        0.0000     0.0001     0.0003     0.0011     0.0028     0.0054     0.0092     0.0128     0.0263
15+       0.0000     0.0000     0.0001     0.0005     0.0013     0.0028     0.0052     0.0080     0.0326

2031

Age        1%         5%         10%        25%        50%        75%        90%        95%        99%    
1       68.6497    70.6428    78.9706   104.7593   168.5864   237.0816   280.3057   306.9645   340.6161
2       37.3094    41.9422    45.9686    61.0242    98.7956   139.9747   167.8934   182.9123   207.0134
3       11.5701    19.3404    22.5972    30.8843    51.1528    74.6166    93.9406   103.2215   122.3607
4        1.5535     6.0538     8.5417    13.3817    23.4533    36.5237    49.3650    55.7598    69.6020
5        0.1551     1.4969     2.7294     5.3921    10.2830    17.6735    25.1993    29.4751    38.9257
6        0.0109     0.3187     0.7638     1.9847     4.2820     8.0879    12.2584    14.8815    20.9460
7        0.0010     0.0615     0.1913     0.6629     1.6868     3.5086     5.6854     7.2542    10.9214
8        0.0001     0.0133     0.0515     0.2271     0.6687     1.5135     2.6315     3.4511     5.5078
9        0.0000     0.0044     0.0190     0.0949     0.3000     0.7202     1.3202     1.7723     2.8733
10        0.0000     0.0020     0.0090     0.0470     0.1554     0.3810     0.7175     0.9744     1.6194
11        0.0000     0.0020     0.0092     0.0475     0.1474     0.3279     0.5780     0.7776     1.2536
12        0.0000     0.0008     0.0034     0.0168     0.0502     0.1060     0.1769     0.2308     0.3570
13        0.0000     0.0005     0.0019     0.0088     0.0255     0.0531     0.0885     0.1160     0.1842
14        0.0000     0.0001     0.0004     0.0016     0.0045     0.0094     0.0161     0.0217     0.0379
15+       0.0000     0.0000     0.0002     0.0007     0.0020     0.0043     0.0077     0.0112     0.0293

2032

Age        1%         5%         10%        25%        50%        75%        90%        95%        99%    
1       68.6400    70.5438    79.1116   105.2379   168.6345   236.9599   280.3445   307.1612   330.1751
2       37.4494    41.9332    45.9323    60.9936    99.0369   140.2984   168.1875   182.8418   210.2572
3       11.9967    19.5837    22.7887    30.9633    51.4607    74.9391    94.1215   103.5790   122.2428
4        1.7200     6.3136     8.8131    13.6301    23.8109    37.0116    49.6536    56.0390    69.5775
5        0.1722     1.6389     2.9050     5.5813    10.4974    17.8207    25.4398    29.7302    38.9254
6        0.0146     0.3842     0.8736     2.1664     4.5628     8.4701    12.7756    15.4193    21.5556
7        0.0011     0.0829     0.2464     0.7897     1.9203     3.8880     6.2281     7.8059    11.5394
8        0.0002     0.0164     0.0629     0.2662     0.7625     1.7047     2.9120     3.8093     6.0305
9        0.0000     0.0037     0.0174     0.0934     0.3073     0.7435     1.3580     1.8293     3.0240
10        0.0000     0.0013     0.0066     0.0393     0.1400     0.3584     0.6865     0.9424     1.5925
11        0.0000     0.0007     0.0032     0.0200     0.0731     0.1919     0.3769     0.5238     0.9097
12        0.0000     0.0007     0.0033     0.0202     0.0703     0.1679     0.3076     0.4223     0.7038
13        0.0000     0.0003     0.0012     0.0073     0.0240     0.0545     0.0953     0.1264     0.2008
14        0.0000     0.0002     0.0007     0.0038     0.0123     0.0274     0.0476     0.0635     0.1038
15+       0.0000     0.0000     0.0002     0.0010     0.0032     0.0072     0.0128     0.0179     0.0356

2033

Age        1%         5%         10%        25%        50%        75%        90%        95%        99%    
1       68.6491    70.7667    79.1162   104.8292   168.4846   236.8434   278.9124   306.8200   329.6995
2       37.5241    41.9822    46.0279    61.2346    99.0728   140.5535   168.3062   182.7737   208.2322
3       12.3079    19.7362    22.8847    31.0561    51.8193    75.2764    94.4196   103.8133   124.1617
4        1.9281     6.4928     8.9681    13.8046    24.0370    37.3956    49.9222    56.2787    69.6718
5        0.2013     1.7542     3.0226     5.7486    10.7102    18.1211    25.6184    29.8535    38.8349
6        0.0175     0.4265     0.9485     2.2639     4.6899     8.5901    12.9215    15.6491    21.5180
7        0.0016     0.1024     0.2839     0.8775     2.0516     4.0951     6.5186     8.1011    11.8118
8        0.0003     0.0225     0.0816     0.3213     0.8749     1.8950     3.2012     4.1147     6.3401
9        0.0000     0.0046     0.0216     0.1100     0.3541     0.8379     1.5083     2.0299     3.3471
10        0.0000     0.0011     0.0062     0.0392     0.1439     0.3710     0.7093     0.9809     1.6825
11        0.0000     0.0004     0.0024     0.0169     0.0663     0.1812     0.3612     0.5074     0.8924
12        0.0000     0.0002     0.0012     0.0087     0.0350     0.0975     0.1994     0.2832     0.5056
13        0.0000     0.0002     0.0012     0.0088     0.0339     0.0863     0.1643     0.2303     0.3979
14        0.0000     0.0001     0.0005     0.0032     0.0116     0.0282     0.0514     0.0694     0.1140
15+       0.0000     0.0001     0.0004     0.0022     0.0076     0.0180     0.0327     0.0449     0.0771

2034

Age        1%         5%         10%        25%        50%        75%        90%        95%        99%    
1       68.6453    70.6849    78.9455   104.7830   168.5322   236.8711   280.6348   307.6557   340.9079
2       37.5523    42.0187    46.0009    61.0649    98.8622   140.1929   167.9762   182.8176   208.9952
3       12.6254    19.9077    23.0263    31.2476    51.9509    75.6764    94.6257   103.8311   123.4997
4        1.9999     6.6447     9.1252    13.8366    24.3035    37.5972    50.1399    56.5285    70.5663
5        0.2257     1.8392     3.1355     5.8408    10.8650    18.3179    25.7820    30.0945    39.0205
6        0.0221     0.4682     0.9989     2.3549     4.8038     8.7576    13.0484    15.7302    21.5039
7        0.0021     0.1136     0.3135     0.9225     2.1169     4.1748     6.5934     8.2332    11.8767
8        0.0004     0.0284     0.0962     0.3622     0.9407     2.0009     3.3530     4.2855     6.5410
9        0.0000     0.0065     0.0282     0.1340     0.4067     0.9408     1.6582     2.1961     3.5286
10        0.0000     0.0014     0.0077     0.0467     0.1672     0.4192     0.7919     1.0887     1.8605
11        0.0000     0.0004     0.0023     0.0169     0.0688     0.1879     0.3739     0.5298     0.9406
12        0.0000     0.0001     0.0009     0.0074     0.0320     0.0924     0.1911     0.2744     0.5009
13        0.0000     0.0001     0.0005     0.0038     0.0169     0.0501     0.1065     0.1541     0.2844
14        0.0000     0.0001     0.0005     0.0039     0.0165     0.0447     0.0881     0.1256     0.2234
15+       0.0000     0.0001     0.0003     0.0024     0.0095     0.0243     0.0457     0.0629     0.1059

Probability Spawning Stock Biomass Exceeds Threshold      3.660 (1000 MT)

Year    Probability

2021    0.058110
2022    0.667140
2023    0.941300
2024    0.914900
2025    0.788620
2026    0.596230
2027    0.505920
2028    0.517090
2029    0.546600
2030    0.570640
2031    0.591370
2032    0.605470
2033    0.616670
2034    0.625440

Probability Threshold Exceeded at Least Once =     0.9848

Probability Total Fishing Mortality Exceeds Threshold     0.8413 

Year    Probability

2021    0.007470
2022    0.000000
2023    0.000070
2024    0.006750
2025    0.216000
2026    0.403750
2027    0.271870
2028    0.204630
2029    0.185500
2030    0.168250
2031    0.156830
2032    0.147430
2033    0.142250
2034    0.136660

Probability Threshold Exceeded at Least Once =     0.5147


Requested Percentile Report

Percentile =    40.00 %

                                 2021       2022       2023       2024       2025       2026       2027       2028       2029       2030       2031       2032       2033       2034 

Recruits                     144.7470   145.9187   145.1722   145.8225   146.6502   145.3922   145.8122   145.7606   146.0645   145.7516   146.6788   144.5349   145.3126   144.3919 
Spawning Stock Biomass         2.5143     3.7913     5.1797     5.2935     4.6048     3.6420     3.2121     3.2577     3.3934     3.5091     3.6179     3.6872     3.7487     3.7892 
Jan-1 Stock Biomass            8.8084     9.9601    10.7892    11.1520    10.8956     9.7562     8.8086     8.7513     8.9108     9.0612     9.1790     9.2741     9.3393     9.3982 
Mean Biomass                   8.5301     9.4762    10.0381    10.0580     9.2758     8.2139     7.7617     7.8391     7.9923     8.1273     8.2382     8.3182     8.3665     8.4314 
Combined Catch Biomass         1.5398     1.4739     1.6854     2.1567     3.2250     3.2250     2.4000     2.1500     2.1500     2.1500     2.1500     2.1500     2.1500     2.1500 
Landings                       1.5398     1.4739     1.6854     2.1567     3.2250     3.2250     2.4000     2.1500     2.1500     2.1500     2.1500     2.1500     2.1500     2.1500 
FMort                          0.5039     0.3489     0.3490     0.3772     0.5892     0.6905     0.5599     0.4922     0.4779     0.4667     0.4578     0.4501     0.4447     0.4413 

Stock Numbers at Age
Age 1                        244.9740   144.7470   145.9187   145.1722   145.8225   146.6502   145.3922   145.8122   145.7606   146.0645   145.7516   146.6788   144.5349   145.3126 
Age 2                         93.8626   145.5218    87.2750    88.2135    85.9371    85.1696    83.9501    84.4218    84.5735    84.5445    84.9137    84.8009    85.2293    84.2848 
Age 3                         51.2273    51.0187    83.4812    50.3091    48.1344    41.9095    38.6254    40.2141    41.5361    41.9693    42.2371    42.5647    42.7071    43.1145 
Age 4                          9.1703    24.9890    27.6003    45.4994    25.3288    19.6166    15.6286    16.0098    17.7078    18.5128    18.8690    19.1471    19.3818    19.5368 
Age 5                          2.4696     4.2294    13.0661    14.6099    22.7084     9.7181     6.7644     6.1332     6.7617     7.6247     8.0545     8.2723     8.4406     8.6067 
Age 6                          0.8492     1.1144     2.1406     6.7424     7.2070     8.7573     3.2703     2.6011     2.5414     2.8539     3.2517     3.4863     3.6002     3.6874 
Age 7                          0.1227     0.3792     0.5674     1.0772     3.3218     2.8161     3.0112     1.2594     1.0845     1.0730     1.2273     1.4082     1.5238     1.5827 
Age 8                          0.0902     0.0563     0.1930     0.2897     0.5323     1.3180     0.9871     1.1844     0.5333     0.4643     0.4632     0.5389     0.6220     0.6781 
Age 9                          0.0063     0.0409     0.0287     0.0986     0.1453     0.2170     0.4751     0.3947     0.5083     0.2328     0.2043     0.2059     0.2397     0.2812 
Age 10                          0.0032     0.0030     0.0206     0.0147     0.0502     0.0604     0.0807     0.1952     0.1716     0.2246     0.1043     0.0918     0.0934     0.1094 
Age 11                          0.0009     0.0015     0.0015     0.0103     0.0077     0.0212     0.0228     0.0337     0.0863     0.0768     0.1018     0.0475     0.0421     0.0431 
Age 12                          0.0001     0.0004     0.0008     0.0008     0.0052     0.0033     0.0081     0.0097     0.0151     0.0390     0.0350     0.0468     0.0219     0.0197 
Age 13                          0.0000     0.0000     0.0002     0.0004     0.0004     0.0023     0.0013     0.0035     0.0044     0.0069     0.0181     0.0163     0.0218     0.0103 
Age 14                          0.0000     0.0000     0.0000     0.0001     0.0002     0.0002     0.0009     0.0006     0.0016     0.0020     0.0032     0.0085     0.0077     0.0103 
Age 15                          0.0000     0.0000     0.0000     0.0000     0.0001     0.0001     0.0001     0.0004     0.0005     0.0010     0.0014     0.0022     0.0051     0.0061 
