AGEPRO VERSION 4.2

Constant_Q3000_LT

Date & Time of Run: 16 May 2024  13:03

Input File Name:    Constant_Q3000_LT.inp

First Age Class:                         1
Number of Age Classes:                  15
Number of Years in Projection:          14
Number of Fleets:                        9
Number of Recruitment Models:            1
Number of Bootstraps:                  100
Number of Simulations:                  10

Bootstrap File Name:            C:\Users\jon.brodziak\Desktop\2024 WCNPO MLS Rebuilding\Bootstrap-numbers-at-age\2023_WCNPOMLS.bsn

Number of Feasible Solutions:        930  of       1000 Realizations

Input Harvest Scenario

Year  Type        Fleet-1    Fleet-2    Fleet-3    Fleet-4    Fleet-5    Fleet-6    Fleet-7    Fleet-8    Fleet-9    

2021  F-Mult       0.1651     0.0453     0.2588     0.0166     0.0610     0.0487     0.0642     0.0722     0.3475 
2022  F-Mult       0.1651     0.0453     0.2588     0.0166     0.0610     0.0487     0.0642     0.0722     0.3475 
2023  F-Mult       0.1651     0.0453     0.2588     0.0166     0.0610     0.0487     0.0642     0.0722     0.3475 
2024  F-Mult       0.1651     0.0453     0.2588     0.0166     0.0610     0.0487     0.0642     0.0722     0.3475 
2025  Landings        431        171        892         79        261        117        225        405        421 
2026  Landings        431        171        892         79        261        117        225        405        421 
2027  Landings        431        171        892         79        261        117        225        405        421 
2028  Landings        431        171        892         79        261        117        225        405        421 
2029  Landings        431        171        892         79        261        117        225        405        421 
2030  Landings        431        171        892         79        261        117        225        405        421 
2031  Landings        431        171        892         79        261        117        225        405        421 
2032  Landings        431        171        892         79        261        117        225        405        421 
2033  Landings        431        171        892         79        261        117        225        405        421 
2034  Landings        431        171        892         79        261        117        225        405        421 

Recruits        1000  Fish

Year Class   Average        StdDev
2021        234.9745      153.8984
2022        250.4254      166.2645
2023        259.4860      169.3592
2024        254.2283      152.6353
2025        254.8293      171.9960
2026        257.5313      163.9192
2027        270.3991      191.2294
2028        270.4468      188.8307
2029        269.1709      180.5434
2030        263.1461      183.7528
2031        266.1060      189.4582
2032        272.0291      203.1727
2033        265.0934      196.9458
2034        272.2317      201.6875

Recruits Distribution

Year Class 1%         5%         10%        25%        50%        75%        90%        95%        99%    
2021    53.6320    75.4501    91.7019   133.1537   199.4452   293.2734   415.2206   508.9087   785.6354
2022    47.6544    74.3837    90.8420   134.8453   210.9789   317.6242   455.8076   589.2145   817.1985
2023    50.6280    77.0690    99.4689   146.6893   219.8329   325.7523   470.5476   576.5087   855.1179
2024    53.3817    74.8835    93.9608   139.4131   217.5164   333.6268   453.0138   553.4749   712.4044
2025    47.5727    79.4606   101.2935   144.2880   213.4141   310.2607   439.7292   566.7186   948.8462
2026    49.4142    78.7086   102.3784   143.6554   218.0745   321.0023   461.0724   567.6394   854.2700
2027    37.1127    74.8584    95.9826   140.7609   223.7649   346.2325   497.3579   620.7915  1013.3060
2028     0.0010    73.7580    96.5954   147.7357   218.6838   338.8715   526.3355   645.6104   926.5539
2029     0.0010    65.6908    92.8777   145.3395   234.3732   348.1795   480.8532   607.1873   906.1560
2030     0.0010    53.9281    90.4548   144.1720   226.3290   327.0893   479.3690   608.5942   874.2007
2031     0.0010    43.8705    83.6537   143.5632   228.2873   338.5025   481.5161   628.3475   957.0937
2032     0.0010     0.0010    79.4125   138.8788   231.1809   351.1545   501.0648   638.3906  1010.6150
2033     0.0010     0.0010    81.5513   138.5056   225.2894   339.5603   491.2273   628.2485   996.6561
2034     0.0010     0.0010    79.1288   137.3609   228.6026   359.5938   547.5556   667.5998   874.1061

Spawning Stock Biomass  x       1000 MT

Year       Average        StdDev
2021        2.2966        0.4720
2022        2.6122        0.4299
2023        3.1089        0.6995
2024        3.1911        1.1345
2025        3.6406        1.7230
2026        4.4503        2.6475
2027        5.1450        3.2565
2028        5.7384        3.8266
2029        6.2814        4.2455
2030        6.8585        4.6544
2031        7.3290        4.9249
2032        7.6888        5.1113
2033        7.9239        5.2173
2034        8.1819        5.3519

Spawning Stock Biomass Distribution

Year        1%         5%         10%        25%        50%        75%        90%        95%        99%   
2021     1.4446     1.7286     1.8254     1.9987     2.2170     2.5133     2.8156     3.0417     4.2073 
2022     1.7536     1.9822     2.0779     2.3129     2.5885     2.8551     3.1919     3.3908     3.7811 
2023     1.8466     2.0885     2.2665     2.6315     3.0058     3.4772     4.0637     4.3415     5.0450 
2024     1.5063     1.8333     2.0131     2.4270     2.9699     3.6941     4.6642     5.2092     6.9992 
2025     0.9415     1.5115     1.8750     2.4553     3.2734     4.4630     5.9750     6.8028     8.9698 
2026     0.3427     1.2543     1.6800     2.6534     3.8648     5.7244     7.6554     9.3531    13.3337 
2027     0.2151     1.0649     1.6296     2.7358     4.6057     6.7511     9.3487    11.1251    16.3917 
2028     0.0010     0.8900     1.5997     2.9560     5.0642     7.5678    10.7287    13.2787    17.8520 
2029     0.0010     0.6354     1.5433     3.1944     5.5116     8.5274    11.7342    14.6339    19.4570 
2030     0.0010     0.5549     1.4556     3.4513     6.1500     9.3824    12.9520    15.7929    19.7658 
2031     0.0010     0.2855     1.4170     3.7290     6.6797    10.1509    13.8899    17.0334    21.1407 
2032     0.0010     0.0010     1.3841     4.0545     7.0566    10.5830    14.4095    16.9428    22.0287 
2033     0.0010     0.0010     1.4383     4.2277     7.3757    10.8924    14.4917    17.1785    23.3872 
2034     0.0010     0.0010     1.1764     4.7359     7.7207    11.0162    14.9076    18.0992    23.4676 

JAN-1 Stock Biomass  x       1000 MT

Year       Average        StdDev
2021        9.3197        1.5947
2022       10.3480        2.5491
2023       10.9562        3.4289
2024       11.3810        3.8759
2025       11.5878        3.9276
2026       12.5639        4.8155
2027       13.4102        5.6368
2028       14.2850        6.3001
2029       15.0820        6.9542
2030       15.7041        7.4375
2031       16.2148        7.8520
2032       16.6100        8.1268
2033       16.9852        8.3891
2034       17.2589        8.7280

JAN-1 Stock Biomass Distribution

Year       1%         5%         10%        25%        50%        75%        90%        95%        99%    
2021     6.2673     7.0242     7.4211     8.1857     9.2279    10.1123    11.5641    12.3916    13.8870 
2022     6.2638     6.9917     7.5499     8.7011     9.9078    11.5471    13.5858    14.7844    18.9733 
2023     5.4904     6.6593     7.2897     8.5761    10.2456    12.7391    15.2035    17.5648    21.9202 
2024     5.4545     6.4459     7.2470     8.7370    10.5919    13.4484    16.5117    18.7082    23.4171 
2025     4.8674     6.3678     7.3151     8.8649    10.8751    13.7337    16.4769    18.7643    24.8435 
2026     4.3609     6.0732     7.1801     9.1342    11.7730    15.0925    18.8424    21.8932    26.8662 
2027     3.7748     5.7350     7.0469     9.4279    12.6475    16.1812    20.8478    24.1956    30.4359 
2028     2.5400     5.1376     7.0052     9.7725    13.7664    17.6766    22.7128    25.9103    32.9458 
2029     0.0010     4.9789     6.9249    10.0087    14.4367    19.0283    24.2902    27.7925    34.1392 
2030     0.0010     4.2755     6.8774    10.9299    15.0891    20.1104    25.1111    28.9764    36.3221 
2031     0.0010     3.4602     6.5769    11.0291    15.7308    20.9433    26.0447    30.2191    38.2384 
2032     0.0010     1.8816     6.7689    11.5981    16.2143    21.3038    26.6085    31.1099    38.0476 
2033     0.0010     0.0010     6.4690    12.3672    16.7962    21.6298    27.1724    30.8561    38.8097 
2034     0.0010     0.0010     5.8883    12.4968    17.1601    22.1143    28.0446    31.4647    41.7801 

Mean Biomass  x       1000 MT

Year       Average        StdDev
2021        8.4203        1.5006
2022        9.1254        2.6018
2023        9.5855        3.3476
2024        9.9031        3.5430
2025       10.5612        4.1061
2026       11.4608        4.9399
2027       12.2468        5.6746
2028       13.0952        6.3749
2029       13.8597        6.9551
2030       14.4512        7.3569
2031       14.8458        7.6668
2032       15.2036        7.8882
2033       15.5997        8.1000
2034       15.8285        8.4389

Mean Biomass Distribution

Year       1%         5%         10%        25%        50%        75%        90%        95%        99%    
2021     5.6651     6.2804     6.6227     7.3079     8.2778     9.2706    10.4076    11.2113    12.4785 
2022     5.0565     5.8120     6.4850     7.4469     8.7094    10.2584    12.1785    13.8342    17.9117 
2023     4.4287     5.3915     6.0411     7.2785     8.9780    11.1495    13.7128    16.2550    20.2781 
2024     4.3385     5.3266     6.0863     7.4655     9.2239    11.6962    14.4557    16.4073    20.8297 
2025     3.4700     5.0720     5.9978     7.7623     9.9163    12.7310    15.7449    18.1135    23.8204 
2026     2.9700     4.9697     5.8673     7.9150    10.8121    13.9131    18.0500    20.9853    26.9127 
2027     2.4562     4.5756     5.9206     8.2021    11.4695    15.3041    19.5015    23.1352    30.3135 
2028     0.0010     3.9598     5.9868     8.5305    12.4380    16.6050    21.6132    25.2199    31.5765 
2029     0.0010     3.8520     5.6718     8.9324    13.2633    18.0580    23.1673    26.8622    32.2289 
2030     0.0010     3.1787     5.6347     9.5995    13.8221    18.6718    24.0903    27.0779    34.6278 
2031     0.0010     2.0819     5.7921     9.6902    14.2908    19.5521    24.8224    27.8647    35.3570 
2032     0.0010     0.0010     5.5608    10.2924    14.6460    19.9206    24.9659    29.3877    35.7445 
2033     0.0010     0.0010     5.1841    10.9029    15.3772    20.3649    25.7595    29.8580    36.3057 
2034     0.0010     0.0010     5.0599    10.9272    15.6265    20.3837    26.7140    30.1845    38.0021 

Combined Catch Biomass  x       1000 MT

Year       Average        StdDev
2021        2.9748        0.4767
2022        3.5138        0.5922
2023        3.8407        1.0094
2024        3.9723        1.3080
2025        3.0000        0.0000
2026        3.0000        0.0000
2027        2.9880        0.1895
2028        2.9670        0.3131
2029        2.9370        0.4304
2030        2.9010        0.5362
2031        2.8740        0.6021
2032        2.8440        0.6664
2033        2.8260        0.7016
2034        2.7900        0.7658

Combined Catch Distribution

Year       1%         5%         10%        25%        50%        75%        90%        95%        99%    
2021     1.9763     2.3619     2.4588     2.6719     2.9080     3.2376     3.5251     3.7854     4.6718 
2022     2.3919     2.6266     2.7789     3.1009     3.4578     3.8645     4.3123     4.5651     5.0608 
2023     2.1799     2.5383     2.7540     3.1578     3.6891     4.3496     5.0925     5.5413     7.1101 
2024     1.8841     2.3411     2.5753     3.0583     3.7391     4.6345     5.6630     6.4962     7.8643 
2025     3.0000     3.0000     3.0000     3.0000     3.0000     3.0000     3.0000     3.0000     3.0000 
2026     3.0000     3.0000     3.0000     3.0000     3.0000     3.0000     3.0000     3.0000     3.0000 
2027     3.0000     3.0000     3.0000     3.0000     3.0000     3.0000     3.0000     3.0000     3.0000 
2028     0.0000     3.0000     3.0000     3.0000     3.0000     3.0000     3.0000     3.0000     3.0000 
2029     0.0000     3.0000     3.0000     3.0000     3.0000     3.0000     3.0000     3.0000     3.0000 
2030     0.0000     3.0000     3.0000     3.0000     3.0000     3.0000     3.0000     3.0000     3.0000 
2031     0.0000     3.0000     3.0000     3.0000     3.0000     3.0000     3.0000     3.0000     3.0000 
2032     0.0000     0.0000     3.0000     3.0000     3.0000     3.0000     3.0000     3.0000     3.0000 
2033     0.0000     0.0000     3.0000     3.0000     3.0000     3.0000     3.0000     3.0000     3.0000 
2034     0.0000     0.0000     3.0000     3.0000     3.0000     3.0000     3.0000     3.0000     3.0000 

Landings  x       1000 MT

Year       Average        StdDev
2021        2.9748        0.4767
2022        3.5138        0.5922
2023        3.8407        1.0094
2024        3.9723        1.3080
2025        3.0000        0.0000
2026        3.0000        0.0000
2027        2.9880        0.1895
2028        2.9670        0.3131
2029        2.9370        0.4304
2030        2.9010        0.5362
2031        2.8740        0.6021
2032        2.8440        0.6664
2033        2.8260        0.7016
2034        2.7900        0.7658

Landings Distribution

Year       1%         5%         10%        25%        50%        75%        90%        95%        99%    
2021     1.9763     2.3619     2.4588     2.6719     2.9080     3.2376     3.5251     3.7854     4.6718 
2022     2.3919     2.6266     2.7789     3.1009     3.4578     3.8645     4.3123     4.5651     5.0608 
2023     2.1799     2.5383     2.7540     3.1578     3.6891     4.3496     5.0925     5.5413     7.1101 
2024     1.8841     2.3411     2.5753     3.0583     3.7391     4.6345     5.6630     6.4962     7.8643 
2025     3.0000     3.0000     3.0000     3.0000     3.0000     3.0000     3.0000     3.0000     3.0000 
2026     3.0000     3.0000     3.0000     3.0000     3.0000     3.0000     3.0000     3.0000     3.0000 
2027     3.0000     3.0000     3.0000     3.0000     3.0000     3.0000     3.0000     3.0000     3.0000 
2028     0.0000     3.0000     3.0000     3.0000     3.0000     3.0000     3.0000     3.0000     3.0000 
2029     0.0000     3.0000     3.0000     3.0000     3.0000     3.0000     3.0000     3.0000     3.0000 
2030     0.0000     3.0000     3.0000     3.0000     3.0000     3.0000     3.0000     3.0000     3.0000 
2031     0.0000     3.0000     3.0000     3.0000     3.0000     3.0000     3.0000     3.0000     3.0000 
2032     0.0000     0.0000     3.0000     3.0000     3.0000     3.0000     3.0000     3.0000     3.0000 
2033     0.0000     0.0000     3.0000     3.0000     3.0000     3.0000     3.0000     3.0000     3.0000 
2034     0.0000     0.0000     3.0000     3.0000     3.0000     3.0000     3.0000     3.0000     3.0000 

Total Fishing Mortality

Year       Average        StdDev
2021        1.0794        0.0000
2022        1.0794        0.0000
2023        1.0794        0.0000
2024        1.0794        0.0000
2025        0.8782        0.3851
2026        0.8748        0.8000
2027        0.8395        0.9128
2028        0.8150        1.0372
2029        0.7740        1.0950
2030        0.6999        0.9517
2031        0.6717        0.9204
2032        0.6293        0.8529
2033        0.6421        1.0642
2034        0.5622        0.8080

Total Fishing Mortality Distribution

Year       1%         5%         10%        25%        50%        75%        90%        95%        99%    
2021     1.0794     1.0794     1.0794     1.0794     1.0794     1.0794     1.0794     1.0794     1.0794 
2022     1.0794     1.0794     1.0794     1.0794     1.0794     1.0794     1.0794     1.0794     1.0794 
2023     1.0794     1.0794     1.0794     1.0794     1.0794     1.0794     1.0794     1.0794     1.0794 
2024     1.0794     1.0794     1.0794     1.0794     1.0794     1.0794     1.0794     1.0794     1.0794 
2025     0.3064     0.4207     0.4844     0.6100     0.8124     1.0413     1.3155     1.5376     2.1998 
2026     0.2435     0.3275     0.3871     0.4994     0.7142     0.9806     1.4107     1.8432     3.9910 
2027     0.1974     0.2646     0.3195     0.4385     0.6054     0.9438     1.4301     1.9919     4.0950 
2028     0.1732     0.2299     0.2825     0.3798     0.5588     0.8718     1.4483     2.0600     5.3591 
2029    -1.0000     0.2037     0.2539     0.3424     0.5051     0.8131     1.3492     2.0450     6.1096 
2030    -1.0000     0.1892     0.2320     0.3160     0.4595     0.7659     1.2315     1.8775     4.9250 
2031     0.1113     0.1864     0.2224     0.3006     0.4379     0.7212     1.1574     1.8764     4.7788 
2032    -1.0000     0.1850     0.2188     0.2900     0.4146     0.6742     1.0779     1.5928     5.1681 
2033     0.1213     0.1813     0.2157     0.2831     0.4006     0.6331     1.0032     1.5015     5.7311 
2034    -1.0000     0.1703     0.2110     0.2752     0.3831     0.5859     1.0000     1.4433     3.2242 

JAN-1 Stock Numbers at Age  -       1000  Fish

2021

Age        1%         5%         10%        25%        50%        75%        90%        95%        99%    
1      140.2370   175.0900   184.8320   216.7130   261.1480   317.3690   385.6290   409.5080   464.9250
2       58.9389    77.9477    80.8620    85.4451   100.4175   112.5240   125.3470   138.4980   148.4390
3       34.1986    41.3466    43.5177    47.9381    54.8765    60.4455    67.3245    74.4817    84.8335
4        4.4701     6.3288     7.3712     8.3369     9.5330    10.8358    12.5169    14.0136    20.6054
5        1.2938     1.6031     1.7337     2.2441     2.6907     3.2695     4.2092     4.8898     7.4995
6        0.2917     0.4842     0.6024     0.6936     0.9665     1.2287     1.8234     2.1765     5.0518
7        0.0278     0.0584     0.0739     0.1025     0.1591     0.2261     0.3164     0.3996     1.3049
8        0.0082     0.0292     0.0370     0.0584     0.1092     0.1670     0.2575     0.4456     2.1858
9        0.0003     0.0014     0.0021     0.0035     0.0085     0.0144     0.0223     0.0334     0.2402
10        0.0001     0.0005     0.0007     0.0015     0.0043     0.0069     0.0143     0.0242     0.2609
11        0.0000     0.0001     0.0002     0.0004     0.0014     0.0028     0.0051     0.0082     0.1988
12        0.0000     0.0000     0.0000     0.0000     0.0001     0.0003     0.0005     0.0008     0.0280
13        0.0000     0.0000     0.0000     0.0000     0.0000     0.0002     0.0003     0.0005     0.0316
14        0.0000     0.0000     0.0000     0.0000     0.0000     0.0000     0.0001     0.0001     0.0183
15+       0.0000     0.0000     0.0000     0.0000     0.0000     0.0000     0.0000     0.0000     0.0127

2022

Age        1%         5%         10%        25%        50%        75%        90%        95%        99%    
1       53.6320    75.4501    91.7019   133.1537   199.4452   293.2734   415.2206   508.9087   785.6354
2       86.2307   100.8563   107.7339   124.7128   151.6279   183.8102   221.1819   240.3131   271.5190
3       27.1890    34.4918    36.2092    39.2238    44.7372    50.8460    57.9077    62.3059    71.0258
4       11.7907    14.0641    14.9040    16.4921    18.7285    20.9352    23.6351    25.9758    31.3907
5        1.3985     1.9786     2.1746     2.5134     2.9157     3.3213     3.8851     4.3078     6.6521
6        0.3761     0.4546     0.5064     0.6466     0.7697     0.9770     1.2391     1.4357     2.3375
7        0.0929     0.1434     0.1743     0.2055     0.2755     0.3600     0.5314     0.6191     1.5381
8        0.0092     0.0177     0.0218     0.0303     0.0468     0.0664     0.0957     0.1285     0.4215
9        0.0026     0.0092     0.0113     0.0182     0.0337     0.0515     0.0814     0.1381     0.6830
10        0.0001     0.0004     0.0007     0.0011     0.0027     0.0045     0.0075     0.0109     0.0783
11        0.0000     0.0002     0.0002     0.0005     0.0014     0.0022     0.0049     0.0078     0.0973
12        0.0000     0.0000     0.0001     0.0001     0.0005     0.0009     0.0017     0.0028     0.0721
13        0.0000     0.0000     0.0000     0.0000     0.0000     0.0001     0.0002     0.0003     0.0099
14        0.0000     0.0000     0.0000     0.0000     0.0000     0.0001     0.0001     0.0002     0.0112
15+       0.0000     0.0000     0.0000     0.0000     0.0000     0.0000     0.0000     0.0001     0.0119

2023

Age        1%         5%         10%        25%        50%        75%        90%        95%        99%    
1       47.6544    74.3837    90.8420   134.8453   210.9789   317.6242   455.8076   589.2145   817.1985
2       31.1078    42.6860    52.9880    75.9871   115.4538   168.6720   242.4042   297.0190   457.2596
3       38.8603    45.5603    48.4875    56.1306    67.9787    83.4694   100.3271   108.9392   124.3917
4        9.3984    11.6477    12.2825    13.4693    15.3851    17.6157    20.0759    21.4231    24.8547
5        3.5508     4.1505     4.4772     4.9959     5.6553     6.3809     7.2069     7.9336     9.6324
6        0.4056     0.5697     0.6082     0.7185     0.8359     0.9610     1.1301     1.2596     1.8835
7        0.1091     0.1331     0.1470     0.1859     0.2227     0.2803     0.3581     0.4185     0.6884
8        0.0308     0.0432     0.0504     0.0612     0.0810     0.1080     0.1572     0.1860     0.4643
9        0.0029     0.0056     0.0066     0.0093     0.0141     0.0207     0.0298     0.0409     0.1257
10        0.0009     0.0029     0.0036     0.0058     0.0105     0.0162     0.0257     0.0434     0.2158
11        0.0000     0.0001     0.0002     0.0004     0.0009     0.0015     0.0024     0.0037     0.0280
12        0.0000     0.0001     0.0001     0.0002     0.0005     0.0008     0.0016     0.0026     0.0332
13        0.0000     0.0000     0.0000     0.0000     0.0002     0.0003     0.0006     0.0009     0.0241
14        0.0000     0.0000     0.0000     0.0000     0.0000     0.0000     0.0001     0.0001     0.0035
15+       0.0000     0.0000     0.0000     0.0000     0.0000     0.0000     0.0000     0.0001     0.0082

2024

Age        1%         5%         10%        25%        50%        75%        90%        95%        99%    
1       50.6280    77.0690    99.4689   146.6893   219.8329   325.7523   470.5476   576.5087   855.1179
2       27.8354    42.8749    51.6432    77.1799   120.0744   182.9174   268.6038   339.2530   485.9025
3       13.5276    19.1782    23.6988    34.6645    52.1694    76.4000   109.7181   132.9938   207.9309
4       13.0602    15.4028    16.6570    19.2951    23.5004    28.8535    34.1587    37.1280    42.6946
5        2.8633     3.4533     3.6779     4.0603     4.6457     5.3801     6.1473     6.5734     7.6160
6        0.9954     1.1773     1.2849     1.4343     1.6306     1.8514     2.0834     2.3148     2.7582
7        0.1175     0.1633     0.1794     0.2073     0.2416     0.2799     0.3238     0.3687     0.5412
8        0.0318     0.0387     0.0434     0.0549     0.0658     0.0826     0.1056     0.1260     0.1999
9        0.0088     0.0130     0.0152     0.0187     0.0248     0.0333     0.0483     0.0577     0.1440
10        0.0009     0.0017     0.0021     0.0029     0.0045     0.0065     0.0095     0.0127     0.0392
11        0.0003     0.0009     0.0012     0.0019     0.0035     0.0052     0.0084     0.0136     0.0782
12        0.0000     0.0000     0.0001     0.0001     0.0003     0.0005     0.0008     0.0012     0.0091
13        0.0000     0.0000     0.0000     0.0001     0.0002     0.0003     0.0005     0.0009     0.0108
14        0.0000     0.0000     0.0000     0.0000     0.0001     0.0001     0.0002     0.0003     0.0081
15+       0.0000     0.0000     0.0000     0.0000     0.0000     0.0000     0.0000     0.0001     0.0040

2025

Age        1%         5%         10%        25%        50%        75%        90%        95%        99%    
1       53.3817    74.8835    93.9608   139.4131   217.5164   333.6268   453.0138   553.4749   712.4044
2       30.9232    44.6517    56.1272    83.7581   128.2559   188.0776   272.6175   328.9317   482.8328
3       11.9932    19.5292    23.4293    34.7328    55.0602    83.7204   120.1754   152.7288   224.3655
4        4.6274     6.4217     8.3211    11.7855    17.9745    25.8736    37.9533    47.1235    72.6280
5        3.9030     4.6156     4.9695     5.8723     7.0677     8.7162    10.4767    11.4013    13.1318
6        0.7972     0.9733     1.0427     1.1718     1.3391     1.5594     1.7779     1.8926     2.1860
7        0.2887     0.3326     0.3653     0.4123     0.4715     0.5368     0.6139     0.6679     0.8102
8        0.0344     0.0478     0.0526     0.0608     0.0718     0.0831     0.0983     0.1098     0.1613
9        0.0096     0.0117     0.0133     0.0166     0.0202     0.0251     0.0331     0.0387     0.0613
10        0.0029     0.0041     0.0048     0.0059     0.0079     0.0105     0.0152     0.0183     0.0455
11        0.0003     0.0006     0.0007     0.0009     0.0015     0.0021     0.0031     0.0041     0.0146
12        0.0001     0.0003     0.0004     0.0006     0.0011     0.0017     0.0028     0.0045     0.0256
13        0.0000     0.0000     0.0000     0.0000     0.0001     0.0002     0.0003     0.0004     0.0030
14        0.0000     0.0000     0.0000     0.0000     0.0001     0.0001     0.0002     0.0003     0.0037
15+       0.0000     0.0000     0.0000     0.0000     0.0000     0.0000     0.0001     0.0001     0.0041

2026

Age        1%         5%         10%        25%        50%        75%        90%        95%        99%    
1       47.5727    79.4606   101.2935   144.2880   213.4141   310.2607   439.7292   566.7186   948.8462
2       30.8551    43.7366    53.6761    80.6143   126.2086   198.0426   271.2280   336.2553   421.9739
3       10.8029    18.5149    24.5177    37.9037    61.5405    96.0861   147.6847   184.8364   280.3577
4        2.7594     5.4951     7.5433    12.2820    22.0888    36.4769    57.3905    75.6314   119.8597
5        0.8605     1.7911     2.4047     3.9010     6.4834    10.3919    15.2893    20.6801    33.6712
6        0.6191     1.1171     1.4090     1.8893     2.4921     3.2792     4.1676     4.7391     5.6853
7        0.1221     0.2313     0.2859     0.3723     0.4694     0.5981     0.7181     0.7847     0.9447
8        0.0468     0.0864     0.1049     0.1321     0.1711     0.2078     0.2512     0.2819     0.3398
9        0.0067     0.0125     0.0159     0.0203     0.0259     0.0327     0.0406     0.0462     0.0642
10        0.0022     0.0035     0.0043     0.0057     0.0075     0.0101     0.0132     0.0157     0.0255
11        0.0008     0.0013     0.0016     0.0021     0.0029     0.0041     0.0059     0.0078     0.0188
12        0.0001     0.0002     0.0002     0.0003     0.0005     0.0008     0.0012     0.0016     0.0060
13        0.0000     0.0001     0.0001     0.0002     0.0004     0.0007     0.0012     0.0017     0.0101
14        0.0000     0.0000     0.0000     0.0000     0.0000     0.0001     0.0001     0.0002     0.0013
15+       0.0000     0.0000     0.0000     0.0000     0.0000     0.0000     0.0001     0.0002     0.0035

2027

Age        1%         5%         10%        25%        50%        75%        90%        95%        99%    
1       49.4142    78.7086   102.3784   143.6554   218.0745   321.0023   461.0724   567.6394   854.2700
2       25.1337    43.9757    57.4893    83.9469   125.7760   186.0613   267.6017   337.5700   552.8579
3        7.5648    17.3089    23.0753    37.6549    63.1971   105.8616   149.4261   192.2535   244.0112
4        0.6829     4.7986     7.6881    14.5703    25.9000    44.6819    74.9149    96.6267   155.7207
5        0.1403     1.0920     2.0827     4.2137     8.3007    16.1831    27.6844    36.7521    64.8090
6        0.0315     0.3253     0.6820     1.3134     2.4126     4.2836     7.1406    10.2348    16.9246
7        0.0134     0.1758     0.3616     0.6075     0.9696     1.4244     1.9780     2.2710     2.8260
8        0.0036     0.0413     0.0710     0.1214     0.1882     0.2638     0.3439     0.3986     0.4962
9        0.0014     0.0160     0.0263     0.0440     0.0687     0.0960     0.1243     0.1399     0.1749
10        0.0003     0.0025     0.0041     0.0071     0.0105     0.0149     0.0196     0.0232     0.0312
11        0.0001     0.0008     0.0012     0.0020     0.0031     0.0046     0.0063     0.0078     0.0122
12        0.0000     0.0003     0.0005     0.0008     0.0012     0.0018     0.0028     0.0038     0.0079
13        0.0000     0.0000     0.0001     0.0001     0.0002     0.0004     0.0006     0.0008     0.0027
14        0.0000     0.0000     0.0000     0.0001     0.0002     0.0003     0.0005     0.0008     0.0051
15+       0.0000     0.0000     0.0000     0.0000     0.0000     0.0001     0.0001     0.0002     0.0023

2028

Age        1%         5%         10%        25%        50%        75%        90%        95%        99%    
1       37.1127    74.8584    95.9826   140.7609   223.7649   346.2325   497.3579   620.7915  1013.3060
2       25.5846    44.5071    57.8094    83.1338   129.0421   188.9197   274.8353   339.5996   511.3483
3        4.5843    16.0666    24.7833    38.7851    63.6764   100.3164   149.5140   198.8574   332.5939
4        0.2256     3.4586     6.8933    14.3404    27.9847    51.4060    79.8629   104.5650   145.2235
5        0.0239     0.8419     1.7857     5.1077    10.8748    20.5867    36.9261    50.6621    89.8241
6        0.0023     0.1760     0.4782     1.3721     3.3190     7.5677    13.2243    17.9239    33.9834
7        0.0010     0.0493     0.1458     0.4558     0.9479     1.9012     3.4151     4.8973     8.1623
8        0.0008     0.0294     0.0743     0.2001     0.4026     0.6721     0.9885     1.1886     1.5793
9        0.0002     0.0065     0.0163     0.0398     0.0802     0.1285     0.1773     0.2136     0.2797
10        0.0001     0.0027     0.0062     0.0151     0.0298     0.0466     0.0644     0.0752     0.1007
11        0.0000     0.0005     0.0010     0.0025     0.0046     0.0074     0.0105     0.0126     0.0173
12        0.0000     0.0002     0.0003     0.0008     0.0014     0.0022     0.0033     0.0041     0.0069
13        0.0000     0.0001     0.0001     0.0003     0.0006     0.0009     0.0015     0.0020     0.0041
14        0.0000     0.0000     0.0000     0.0001     0.0001     0.0002     0.0003     0.0004     0.0013
15+       0.0000     0.0000     0.0000     0.0000     0.0001     0.0002     0.0003     0.0005     0.0037

2029

Age        1%         5%         10%        25%        50%        75%        90%        95%        99%    
1        0.0010    73.7580    96.5954   147.7357   218.6838   338.8715   526.3355   645.6104   926.5539
2        0.0010    40.9431    53.0992    83.5771   129.7566   206.1934   290.3444   378.1237   587.3543
3        0.0010    15.1473    24.2224    40.1371    66.9968   105.1910   157.8268   195.9175   299.6690
4        0.0010     3.1415     7.4300    14.9825    29.0073    49.4840    79.6950   112.6136   188.2506
5        0.0010     0.4819     1.6116     5.3555    12.0976    24.9570    41.2094    56.3247    85.0453
6        0.0010     0.0988     0.3958     1.6984     4.6525     9.6314    18.5952    27.2990    46.8552
7        0.0002     0.0163     0.1009     0.4788     1.3915     3.6704     6.6112     9.4200    18.2700
8        0.0001     0.0041     0.0383     0.1441     0.4183     0.9341     1.7549     2.5097     4.4616
9        0.0000     0.0025     0.0167     0.0712     0.1826     0.3417     0.5229     0.6437     0.8815
10        0.0000     0.0010     0.0040     0.0143     0.0359     0.0653     0.0949     0.1182     0.1619
11        0.0000     0.0004     0.0017     0.0055     0.0134     0.0238     0.0350     0.0430     0.0572
12        0.0000     0.0001     0.0003     0.0010     0.0022     0.0038     0.0056     0.0068     0.0102
13        0.0000     0.0000     0.0001     0.0003     0.0007     0.0011     0.0018     0.0023     0.0038
14        0.0000     0.0000     0.0000     0.0001     0.0003     0.0005     0.0008     0.0011     0.0023
15+       0.0000     0.0000     0.0000     0.0000     0.0001     0.0002     0.0004     0.0005     0.0025

2030

Age        1%         5%         10%        25%        50%        75%        90%        95%        99%    
1        0.0010    65.6908    92.8777   145.3395   234.3732   348.1795   480.8532   607.1873   906.1560
2        0.0010    38.6520    54.6183    86.6581   130.7474   202.9241   314.8813   390.9337   565.5119
3        0.0010    13.1257    22.4931    40.9576    68.2067   116.5162   170.3210   217.2245   352.9404
4        0.0010     2.0913     7.2578    16.4497    31.6487    53.7587    84.1088   111.1987   188.9038
5        0.0010     0.3725     1.7551     5.6332    12.9349    25.1076    41.7970    60.3763   107.4941
6        0.0005     0.0351     0.3380     1.8693     5.4809    12.2351    21.5252    30.2918    48.0911
7        0.0001     0.0051     0.0835     0.5957     2.0406     4.6351     9.6434    14.8765    24.9502
8        0.0000     0.0010     0.0237     0.1749     0.6542     1.8083     3.5411     4.9838     9.9085
9        0.0000     0.0010     0.0076     0.0511     0.1946     0.4750     0.9207     1.3578     2.4541
10        0.0000     0.0010     0.0041     0.0270     0.0836     0.1814     0.2850     0.3492     0.5201
11        0.0000     0.0003     0.0010     0.0055     0.0176     0.0335     0.0534     0.0668     0.0957
12        0.0000     0.0001     0.0006     0.0021     0.0066     0.0126     0.0195     0.0244     0.0341
13        0.0000     0.0000     0.0001     0.0004     0.0011     0.0020     0.0031     0.0039     0.0061
14        0.0000     0.0000     0.0000     0.0001     0.0003     0.0006     0.0010     0.0013     0.0022
15+       0.0000     0.0000     0.0000     0.0001     0.0002     0.0004     0.0007     0.0010     0.0026

2031

Age        1%         5%         10%        25%        50%        75%        90%        95%        99%    
1        0.0010    53.9281    90.4548   144.1720   226.3290   327.0893   479.3690   608.5942   874.2007
2        0.0010    34.6808    53.2392    85.7100   139.0426   211.7559   292.9149   360.5859   568.6338
3        0.0010    10.7045    24.0209    42.7789    69.1720   114.3890   176.3977   232.6469   349.0024
4        0.0010     1.1710     6.2323    17.1283    33.4089    61.0494    96.0544   121.1072   208.3938
5        0.0010     0.1315     1.4215     6.1604    14.6913    27.6021    44.5263    60.7799   112.7927
6        0.0010     0.0099     0.3295     2.0111     5.9566    12.7005    21.6811    33.0930    63.5374
7        0.0002     0.0011     0.0648     0.6482     2.4660     6.0083    11.6946    16.3058    28.2724
8        0.0000     0.0010     0.0179     0.2415     0.9768     2.3906     5.2934     8.1373    14.4876
9        0.0000     0.0010     0.0047     0.0638     0.3065     0.9250     1.9265     2.8278     5.4722
10        0.0000     0.0006     0.0016     0.0212     0.0935     0.2599     0.5022     0.7336     1.4467
11        0.0000     0.0004     0.0010     0.0108     0.0402     0.0967     0.1626     0.1944     0.3012
12        0.0000     0.0001     0.0005     0.0024     0.0086     0.0183     0.0304     0.0392     0.0529
13        0.0000     0.0000     0.0002     0.0010     0.0033     0.0067     0.0112     0.0139     0.0203
14        0.0000     0.0000     0.0000     0.0002     0.0006     0.0011     0.0018     0.0022     0.0036
15+       0.0000     0.0000     0.0000     0.0001     0.0003     0.0006     0.0010     0.0013     0.0027

2032

Age        1%         5%         10%        25%        50%        75%        90%        95%        99%    
1        0.0010    43.8705    83.6537   143.5632   228.2873   338.5025   481.5161   628.3475   957.0937
2        0.0010    25.4708    50.9686    84.8565   135.3115   197.0179   294.6199   371.4039   538.0279
3        0.0010     6.4226    21.4136    43.8621    75.4170   119.0123   169.4638   210.0140   337.2066
4        0.0010     0.2351     6.6161    17.8923    34.1419    61.0810   100.9012   132.9737   212.1779
5        0.0010     0.0176     1.0909     6.9248    15.7764    31.2318    52.8107    69.1042   120.1572
6        0.0008     0.0010     0.4068     2.4789     6.9766    13.9344    23.7989    34.0032    64.7862
7        0.0001     0.0010     0.0647     0.8090     2.8489     6.7000    11.7049    19.0160    36.9306
8        0.0000     0.0010     0.0104     0.2563     1.1885     3.1770     6.2710     9.2990    17.0383
9        0.0000     0.0010     0.0030     0.0964     0.4809     1.3280     2.8976     4.6091     8.2291
10        0.0000     0.0006     0.0010     0.0264     0.1477     0.4909     1.0560     1.6109     3.1744
11        0.0000     0.0002     0.0010     0.0088     0.0460     0.1406     0.2878     0.4184     0.8876
12        0.0000     0.0001     0.0008     0.0046     0.0208     0.0515     0.0913     0.1123     0.1813
13        0.0000     0.0000     0.0002     0.0010     0.0042     0.0100     0.0171     0.0224     0.0312
14        0.0000     0.0000     0.0001     0.0006     0.0017     0.0038     0.0063     0.0084     0.0118
15+       0.0000     0.0000     0.0000     0.0001     0.0005     0.0010     0.0015     0.0021     0.0035

2033

Age        1%         5%         10%        25%        50%        75%        90%        95%        99%    
1        0.0010     0.0010    79.4125   138.8788   231.1809   351.1545   501.0648   638.3906  1010.6150
2        0.0010     0.0010    48.2750    84.5415   137.9534   202.8921   298.9387   374.5189   563.6912
3        0.0010     0.0010    21.6923    44.6169    72.9439   113.2651   167.9653   218.8761   321.9238
4        0.0010     0.0010     5.8626    19.5689    36.7672    63.1800    94.1739   123.1896   202.2085
5        0.0010     0.0010     1.3789     7.5427    16.4736    32.2330    55.6556    74.8296   125.7564
6        0.0010     0.0010     0.2539     2.7424     7.5603    16.4238    28.2771    39.2652    68.9098
7        0.0002     0.0010     0.0572     0.9933     3.5008     7.4782    12.8253    19.4584    38.5687
8        0.0000     0.0010     0.0133     0.3410     1.4366     3.5570     6.6007    10.5595    21.2427
9        0.0000     0.0010     0.0022     0.1081     0.5681     1.6600     3.3166     5.0851     9.9417
10        0.0000     0.0008     0.0010     0.0393     0.2471     0.6859     1.5687     2.4840     4.8760
11        0.0000     0.0002     0.0010     0.0117     0.0740     0.2672     0.5926     0.8666     1.7935
12        0.0000     0.0001     0.0007     0.0040     0.0243     0.0744     0.1586     0.2307     0.5053
13        0.0000     0.0000     0.0003     0.0019     0.0107     0.0289     0.0512     0.0658     0.1071
14        0.0000     0.0000     0.0001     0.0007     0.0023     0.0056     0.0098     0.0132     0.0192
15+       0.0000     0.0000     0.0000     0.0004     0.0011     0.0027     0.0045     0.0059     0.0095

2034

Age        1%         5%         10%        25%        50%        75%        90%        95%        99%    
1        0.0010     0.0010    81.5513   138.5056   225.2894   339.5603   491.2273   628.2485   996.6561
2        0.0010     0.0010    43.7760    81.6152   139.7445   214.7547   300.3345   389.7114   591.7389
3        0.0010     0.0010    19.0663    44.1917    74.8868   113.5979   171.5084   221.5798   339.6947
4        0.0010     0.0010     5.8039    20.1244    36.8485    60.8693    94.7195   128.2996   193.2190
5        0.0010     0.0010     1.1918     8.4063    17.9772    33.2365    51.5484    70.7265   117.3521
6        0.0004     0.0010     0.2988     3.1221     7.9272    16.7206    30.2084    42.1319    69.1770
7        0.0001     0.0010     0.0410     1.1823     3.7204     8.5325    15.0587    22.4619    39.4364
8        0.0000     0.0010     0.0094     0.4222     1.7284     3.9231     7.1874    10.7785    22.0941
9        0.0000     0.0010     0.0028     0.1463     0.7017     1.9181     3.6478     5.9227    12.5206
10        0.0000     0.0010     0.0010     0.0440     0.3078     0.9154     1.8495     3.0050     5.8074
11        0.0000     0.0003     0.0010     0.0166     0.1292     0.3828     0.8666     1.3672     2.8439
12        0.0000     0.0001     0.0008     0.0052     0.0389     0.1462     0.3422     0.5139     1.0390
13        0.0000     0.0000     0.0003     0.0017     0.0127     0.0419     0.0876     0.1325     0.3035
14        0.0000     0.0000     0.0002     0.0010     0.0056     0.0159     0.0299     0.0388     0.0621
15+       0.0000     0.0000     0.0001     0.0005     0.0018     0.0048     0.0084     0.0117     0.0154

Probability Spawning Stock Biomass Exceeds Threshold      3.660 (1000 MT)

Year    Probability

2021    0.018000
2022    0.021000
2023    0.199000
2024    0.259000
2025    0.403000
2026    0.543000
2027    0.621000
2028    0.670000
2029    0.695000
2030    0.727000
2031    0.757000
2032    0.776000
2033    0.786000
2034    0.810000

Probability Threshold Exceeded at Least Once =     0.9030

Probability Total Fishing Mortality Exceeds Threshold     0.8413 

Year    Probability

2021    1.000000
2022    1.000000
2023    1.000000
2024    1.000000
2025    0.460000
2026    0.356000
2027    0.308000
2028    0.262000
2029    0.224000
2030    0.195000
2031    0.162000
2032    0.140000
2033    0.117000
2034    0.099000

Probability Threshold Exceeded at Least Once =     1.0000


Requested Percentile Report

Percentile =    50.00 %

                                 2021       2022       2023       2024       2025       2026       2027       2028       2029       2030       2031       2032       2033       2034 

Recruits                     199.4452   210.9789   219.8329   217.5164   213.4141   218.0745   223.7649   218.6838   234.3732   226.3290   228.2873   231.1809   225.2894   228.6026 
Spawning Stock Biomass         2.2170     2.5885     3.0058     2.9699     3.2734     3.8648     4.6057     5.0642     5.5116     6.1500     6.6797     7.0566     7.3757     7.7207 
Jan-1 Stock Biomass            9.2279     9.9078    10.2456    10.5919    10.8751    11.7730    12.6475    13.7664    14.4367    15.0891    15.7308    16.2143    16.7962    17.1601 
Mean Biomass                   8.2778     8.7094     8.9780     9.2239     9.9163    10.8121    11.4695    12.4380    13.2633    13.8221    14.2908    14.6460    15.3772    15.6265 
Combined Catch Biomass         2.9080     3.4578     3.6891     3.7391     3.0000     3.0000     3.0000     3.0000     3.0000     3.0000     3.0000     3.0000     3.0000     3.0000 
Landings                       2.9080     3.4578     3.6891     3.7391     3.0000     3.0000     3.0000     3.0000     3.0000     3.0000     3.0000     3.0000     3.0000     3.0000 
FMort                          1.0794     1.0794     1.0794     1.0794     0.8124     0.7142     0.6054     0.5588     0.5051     0.4595     0.4379     0.4146     0.4006     0.3831 

Stock Numbers at Age
Age 1                        261.1480   199.4452   210.9789   219.8329   217.5164   213.4141   218.0745   223.7649   218.6838   234.3732   226.3290   228.2873   231.1809   225.2894 
Age 2                        100.4175   151.6279   115.4538   120.0744   128.2559   126.2086   125.7760   129.0421   129.7566   130.7474   139.0426   135.3115   137.9534   139.7445 
Age 3                         54.8765    44.7372    67.9787    52.1694    55.0602    61.5405    63.1971    63.6764    66.9968    68.2067    69.1720    75.4170    72.9439    74.8868 
Age 4                          9.5330    18.7285    15.3851    23.5004    17.9745    22.0888    25.9000    27.9847    29.0073    31.6487    33.4089    34.1419    36.7672    36.8485 
Age 5                          2.6907     2.9157     5.6553     4.6457     7.0677     6.4834     8.3007    10.8748    12.0976    12.9349    14.6913    15.7764    16.4736    17.9772 
Age 6                          0.9665     0.7697     0.8359     1.6306     1.3391     2.4921     2.4126     3.3190     4.6525     5.4809     5.9566     6.9766     7.5603     7.9272 
Age 7                          0.1591     0.2755     0.2227     0.2416     0.4715     0.4694     0.9696     0.9479     1.3915     2.0406     2.4660     2.8489     3.5008     3.7204 
Age 8                          0.1092     0.0468     0.0810     0.0658     0.0718     0.1711     0.1882     0.4026     0.4183     0.6542     0.9768     1.1885     1.4366     1.7284 
Age 9                          0.0085     0.0337     0.0141     0.0248     0.0202     0.0259     0.0687     0.0802     0.1826     0.1946     0.3065     0.4809     0.5681     0.7017 
Age 10                          0.0043     0.0027     0.0105     0.0045     0.0079     0.0075     0.0105     0.0298     0.0359     0.0836     0.0935     0.1477     0.2471     0.3078 
Age 11                          0.0014     0.0014     0.0009     0.0035     0.0015     0.0029     0.0031     0.0046     0.0134     0.0176     0.0402     0.0460     0.0740     0.1292 
Age 12                          0.0001     0.0005     0.0005     0.0003     0.0011     0.0005     0.0012     0.0014     0.0022     0.0066     0.0086     0.0208     0.0243     0.0389 
Age 13                          0.0000     0.0000     0.0002     0.0002     0.0001     0.0004     0.0002     0.0006     0.0007     0.0011     0.0033     0.0042     0.0107     0.0127 
Age 14                          0.0000     0.0000     0.0000     0.0001     0.0001     0.0000     0.0002     0.0001     0.0003     0.0003     0.0006     0.0017     0.0023     0.0056 
Age 15                          0.0000     0.0000     0.0000     0.0000     0.0000     0.0000     0.0000     0.0001     0.0001     0.0002     0.0003     0.0005     0.0011     0.0018 
