AGEPRO VERSION 4.2

Constant_F_LT

Date & Time of Run: 05 Apr 2024  15:00

Input File Name:    constant_F_LT.inp

First Age Class:                         1
Number of Age Classes:                  15
Number of Years in Projection:          14
Number of Fleets:                        9
Number of Recruitment Models:            1
Number of Bootstraps:                  100
Number of Simulations:                 100

Bootstrap File Name:            C:\Users\jon.brodziak\Desktop\2024 WCNPO MLS Rebuilding\Bootstrap-numbers-at-age\2023_WCNPOMLS.bsn

Input Harvest Scenario

Year  Type        Fleet-1    Fleet-2    Fleet-3    Fleet-4    Fleet-5    Fleet-6    Fleet-7    Fleet-8    Fleet-9    

2021  F-Mult       0.1651     0.0453     0.2588     0.0166     0.0610     0.0487     0.0642     0.0722     0.3475 
2022  F-Mult       0.1651     0.0453     0.2588     0.0166     0.0610     0.0487     0.0642     0.0722     0.3475 
2023  F-Mult       0.1651     0.0453     0.2588     0.0166     0.0610     0.0487     0.0642     0.0722     0.3475 
2024  F-Mult       0.1651     0.0453     0.2588     0.0166     0.0610     0.0487     0.0642     0.0722     0.3475 
2025  F-Mult       0.1359     0.0373     0.2132     0.0137     0.0502     0.0401     0.0529     0.0595     0.2862 
2026  F-Mult       0.1359     0.0373     0.2132     0.0137     0.0502     0.0401     0.0529     0.0595     0.2862 
2027  F-Mult       0.1359     0.0373     0.2132     0.0137     0.0502     0.0401     0.0529     0.0595     0.2862 
2028  F-Mult       0.1359     0.0373     0.2132     0.0137     0.0502     0.0401     0.0529     0.0595     0.2862 
2029  F-Mult       0.1359     0.0373     0.2132     0.0137     0.0502     0.0401     0.0529     0.0595     0.2862 
2030  F-Mult       0.1359     0.0373     0.2132     0.0137     0.0502     0.0401     0.0529     0.0595     0.2862 
2031  F-Mult       0.1359     0.0373     0.2132     0.0137     0.0502     0.0401     0.0529     0.0595     0.2862 
2032  F-Mult       0.1359     0.0373     0.2132     0.0137     0.0502     0.0401     0.0529     0.0595     0.2862 
2033  F-Mult       0.1359     0.0373     0.2132     0.0137     0.0502     0.0401     0.0529     0.0595     0.2862 
2034  F-Mult       0.1359     0.0373     0.2132     0.0137     0.0502     0.0401     0.0529     0.0595     0.2862 

Recruits        1000  Fish

Year Class   Average        StdDev
2021        243.2079      162.9341
2022        248.9732      163.8415
2023        258.8124      170.1470
2024        257.1493      169.3559
2025        261.3515      170.7161
2026        263.5359      175.4844
2027        267.0051      174.5663
2028        266.7079      169.4123
2029        270.5366      178.5415
2030        269.2714      178.1458
2031        270.3154      178.3693
2032        271.1554      178.6389
2033        267.2980      172.4210
2034        273.0044      177.3152

Recruits Distribution

Year Class 1%         5%         10%        25%        50%        75%        90%        95%        99%    
2021    49.2382    75.1577    93.4327   135.1811   201.9968   302.4259   437.7697   551.3654   839.1352
2022    49.8280    75.4994    95.2074   139.5348   207.0566   309.5291   450.4213   555.3991   847.9375
2023    54.3988    80.9779   100.8785   143.4559   216.0891   325.3660   470.0984   577.8226   865.9350
2024    50.9944    77.5327    98.4700   142.9063   216.3197   320.1987   463.0385   580.9179   863.9524
2025    53.6237    79.1740    99.1787   144.2250   216.4729   331.8316   476.0800   594.5734   874.0083
2026    55.3626    82.6396   102.6710   146.1607   220.5954   329.5554   474.0618   594.1911   882.3455
2027    54.7626    83.0017   103.8252   150.1750   224.5324   333.5148   477.7492   594.3306   890.8849
2028    54.6743    84.2674   104.1403   149.9098   224.3931   335.2497   477.8949   588.9130   875.7931
2029    53.9999    84.2796   104.5935   148.9822   225.7328   338.9942   491.3939   608.1181   906.8806
2030    55.1480    82.0125   103.8939   148.7002   224.1686   337.8088   488.4512   601.4840   888.8952
2031    57.1464    83.7413   104.8558   150.4831   224.7579   340.5782   488.9725   599.2806   926.9093
2032    55.6173    84.3116   105.6840   151.6522   225.1183   340.7939   486.9941   612.3664   922.5922
2033    55.5981    81.5152   103.1323   149.4794   225.0830   335.7147   481.5028   595.5566   894.6722
2034    56.4165    85.8541   105.5215   151.9066   228.7428   341.9214   491.5676   605.9095   925.4840

Spawning Stock Biomass  x       1000 MT

Year       Average        StdDev
2021        2.2969        0.4572
2022        2.6122        0.4263
2023        3.1317        0.7360
2024        3.2337        1.1885
2025        3.4986        1.3460
2026        3.8578        1.5131
2027        4.0447        1.5680
2028        4.1542        1.5789
2029        4.2237        1.6240
2030        4.2743        1.6209
2031        4.3012        1.5867
2032        4.3389        1.6559
2033        4.3448        1.6551
2034        4.3581        1.6491

Spawning Stock Biomass Distribution

Year        1%         5%         10%        25%        50%        75%        90%        95%        99%   
2021     1.4728     1.7208     1.8365     1.9986     2.2293     2.5145     2.8049     3.0291     4.0985 
2022     1.7645     1.9648     2.0851     2.3157     2.5828     2.8619     3.1874     3.3935     3.7433 
2023     1.8827     2.1330     2.2931     2.6062     3.0306     3.5445     4.0818     4.4503     5.2956 
2024     1.5341     1.8346     2.0413     2.4322     2.9915     3.7485     4.6942     5.4219     7.1267 
2025     1.4811     1.8702     2.1101     2.5582     3.2494     4.1280     5.1739     6.0036     8.0955 
2026     1.5869     2.0285     2.2909     2.8136     3.5710     4.5756     5.7601     6.6181     8.7714 
2027     1.6830     2.1232     2.3827     2.9688     3.7736     4.7748     5.9988     6.9342     9.1844 
2028     1.7631     2.1642     2.4565     3.0331     3.8722     4.9393     6.1823     7.1286     9.2497 
2029     1.7565     2.2215     2.5051     3.1097     3.9280     5.0088     6.2789     7.1361     9.5915 
2030     1.8200     2.2672     2.5772     3.1302     3.9583     5.0461     6.3644     7.2702     9.4545 
2031     1.8135     2.2843     2.5925     3.1729     4.0099     5.1115     6.3985     7.2651     9.3467 
2032     1.8438     2.2781     2.5906     3.1918     4.0460     5.1289     6.4093     7.4673     9.7299 
2033     1.8345     2.3038     2.6088     3.1985     4.0400     5.1373     6.4426     7.4554     9.5660 
2034     1.8448     2.3208     2.6084     3.2074     4.0508     5.1549     6.4733     7.4266     9.7563 

JAN-1 Stock Biomass  x       1000 MT

Year       Average        StdDev
2021        9.3014        1.5976
2022       10.4190        2.6759
2023       11.0424        3.5072
2024       11.3875        3.8806
2025       11.5884        4.0701
2026       12.2296        4.2416
2027       12.5994        4.3452
2028       12.8393        4.3987
2029       12.9868        4.3796
2030       13.1101        4.4092
2031       13.1840        4.4981
2032       13.2356        4.5362
2033       13.2694        4.5200
2034       13.2474        4.5228

JAN-1 Stock Biomass Distribution

Year       1%         5%         10%        25%        50%        75%        90%        95%        99%    
2021     6.3605     6.9752     7.3793     8.1702     9.1747    10.1528    11.5478    12.3272    13.7840 
2022     6.2044     7.0350     7.5505     8.5670     9.9913    11.7349    13.7191    15.1756    19.0085 
2023     5.6699     6.6989     7.3453     8.6168    10.3806    12.7379    15.4995    17.5809    22.6706 
2024     5.2093     6.4773     7.1961     8.6617    10.7168    13.3500    16.3923    18.5884    23.6495 
2025     5.1404     6.3864     7.1548     8.7557    10.8615    13.6667    16.7964    19.1186    24.7107 
2026     5.3728     6.7291     7.5378     9.2449    11.5754    14.4238    17.6573    20.1720    25.6572 
2027     5.6665     6.9608     7.8122     9.4870    11.9018    14.8994    18.1917    20.4886    26.2104 
2028     5.7431     7.0469     8.0001     9.7313    12.1549    15.1717    18.4300    20.8043    26.6234 
2029     5.8200     7.2445     8.1852     9.8646    12.2802    15.2445    18.7115    21.1948    26.4469 
2030     5.9994     7.3838     8.2024     9.9553    12.3940    15.4293    18.8210    21.2708    26.6239 
2031     5.9358     7.2921     8.2296     9.9956    12.4394    15.5556    18.9575    21.5785    27.2527 
2032     5.9809     7.3939     8.3185    10.0333    12.4399    15.6098    19.1273    21.5091    27.2694 
2033     6.0616     7.4487     8.3323    10.0807    12.4753    15.6674    19.0996    21.7280    27.5474 
2034     5.9317     7.4477     8.2959    10.0615    12.4865    15.5732    19.0864    21.6984    27.7852 

Mean Biomass  x       1000 MT

Year       Average        StdDev
2021        8.4009        1.5300
2022        9.2344        2.7767
2023        9.6335        3.3836
2024        9.9151        3.6325
2025       10.3417        3.8512
2026       10.8385        3.9527
2027       11.1198        4.0619
2028       11.2927        4.0667
2029       11.4097        4.0259
2030       11.5172        4.1010
2031       11.5770        4.1959
2032       11.6058        4.1721
2033       11.6433        4.1772
2034       11.6118        4.1735

Mean Biomass Distribution

Year       1%         5%         10%        25%        50%        75%        90%        95%        99%    
2021     5.6453     6.1386     6.5590     7.2633     8.2686     9.2551    10.5381    11.2574    12.5946 
2022     5.1414     5.9050     6.4114     7.3625     8.7324    10.4442    12.5714    14.2821    18.5446 
2023     4.6061     5.4942     6.1275     7.3085     8.9457    11.2490    13.9332    16.0444    20.7290 
2024     4.2370     5.3825     6.0718     7.3751     9.2573    11.6639    14.5718    16.6438    21.4227 
2025     4.3879     5.5762     6.2635     7.6352     9.6190    12.2448    15.2583    17.4267    23.0609 
2026     4.6072     5.8123     6.5088     8.0515    10.1939    12.8174    15.9142    18.3102    23.4832 
2027     4.7688     5.9645     6.7152     8.2613    10.4008    13.1790    16.3571    18.5285    24.1646 
2028     4.8209     6.0797     6.8930     8.4492    10.5749    13.4009    16.5403    18.6720    24.2978 
2029     4.9643     6.2427     7.0082     8.5306    10.7161    13.4846    16.6392    18.9206    24.2064 
2030     5.0554     6.2729     7.0514     8.5995    10.8180    13.6116    16.7863    19.2128    24.2024 
2031     4.9811     6.2430     7.0736     8.6519    10.8229    13.7157    16.9860    19.4215    24.6797 
2032     5.0244     6.3267     7.1000     8.6512    10.8621    13.7264    16.9773    19.1986    24.9641 
2033     5.0901     6.3651     7.1211     8.6916    10.9056    13.7709    16.9805    19.4551    25.1407 
2034     4.9667     6.3267     7.1067     8.6726    10.8805    13.6866    17.0633    19.5158    25.1454 

Combined Catch Biomass  x       1000 MT

Year       Average        StdDev
2021        2.9728        0.4768
2022        3.5255        0.6157
2023        3.8805        1.0793
2024        4.0057        1.3410
2025        3.5133        1.2277
2026        3.7788        1.3355
2027        3.9280        1.3645
2028        4.0155        1.3878
2029        4.0738        1.3984
2030        4.1122        1.3900
2031        4.1457        1.4114
2032        4.1651        1.4457
2033        4.1758        1.4414
2034        4.1815        1.4410

Combined Catch Distribution

Year       1%         5%         10%        25%        50%        75%        90%        95%        99%    
2021     1.9717     2.3514     2.4497     2.6649     2.9116     3.2315     3.5444     3.7766     4.7249 
2022     2.3813     2.6261     2.7695     3.0837     3.4786     3.8775     4.3632     4.6667     5.1494 
2023     2.2019     2.5402     2.7579     3.1507     3.6995     4.3787     5.1985     5.8298     7.4289 
2024     1.9466     2.3574     2.6027     3.0765     3.7513     4.6525     5.7108     6.5386     8.3294 
2025     1.5784     1.9711     2.1942     2.6461     3.2954     4.1211     5.0824     5.7821     7.4545 
2026     1.6817     2.1014     2.3354     2.8446     3.5506     4.4482     5.4617     6.2302     8.0930 
2027     1.7685     2.1636     2.4230     2.9585     3.7085     4.6441     5.6843     6.4930     8.2893 
2028     1.8077     2.2067     2.4892     3.0349     3.7935     4.7543     5.8131     6.5541     8.3846 
2029     1.7880     2.2635     2.5450     3.0858     3.8344     4.8158     5.8535     6.6203     8.4491 
2030     1.8514     2.3022     2.5889     3.1152     3.8731     4.8303     5.9306     6.6899     8.4559 
2031     1.8989     2.3122     2.5905     3.1386     3.9136     4.8873     5.9759     6.7799     8.5587 
2032     1.8996     2.3052     2.6079     3.1509     3.9075     4.8989     6.0358     6.8829     8.6955 
2033     1.8788     2.3416     2.6175     3.1603     3.9139     4.8994     6.0503     6.8532     8.7223 
2034     1.9078     2.3611     2.6189     3.1648     3.9302     4.9272     6.0177     6.8402     8.8858 

Landings  x       1000 MT

Year       Average        StdDev
2021        2.9728        0.4768
2022        3.5255        0.6157
2023        3.8805        1.0793
2024        4.0057        1.3410
2025        3.5133        1.2277
2026        3.7788        1.3355
2027        3.9280        1.3645
2028        4.0155        1.3878
2029        4.0738        1.3984
2030        4.1122        1.3900
2031        4.1457        1.4114
2032        4.1651        1.4457
2033        4.1758        1.4414
2034        4.1815        1.4410

Landings Distribution

Year       1%         5%         10%        25%        50%        75%        90%        95%        99%    
2021     1.9717     2.3514     2.4497     2.6649     2.9116     3.2315     3.5444     3.7766     4.7249 
2022     2.3813     2.6261     2.7695     3.0837     3.4786     3.8775     4.3632     4.6667     5.1494 
2023     2.2019     2.5402     2.7579     3.1507     3.6995     4.3787     5.1985     5.8298     7.4289 
2024     1.9466     2.3574     2.6027     3.0765     3.7513     4.6525     5.7108     6.5386     8.3294 
2025     1.5784     1.9711     2.1942     2.6461     3.2954     4.1211     5.0824     5.7821     7.4545 
2026     1.6817     2.1014     2.3354     2.8446     3.5506     4.4482     5.4617     6.2302     8.0930 
2027     1.7685     2.1636     2.4230     2.9585     3.7085     4.6441     5.6843     6.4930     8.2893 
2028     1.8077     2.2067     2.4892     3.0349     3.7935     4.7543     5.8131     6.5541     8.3846 
2029     1.7880     2.2635     2.5450     3.0858     3.8344     4.8158     5.8535     6.6203     8.4491 
2030     1.8514     2.3022     2.5889     3.1152     3.8731     4.8303     5.9306     6.6899     8.4559 
2031     1.8989     2.3122     2.5905     3.1386     3.9136     4.8873     5.9759     6.7799     8.5587 
2032     1.8996     2.3052     2.6079     3.1509     3.9075     4.8989     6.0358     6.8829     8.6955 
2033     1.8788     2.3416     2.6175     3.1603     3.9139     4.8994     6.0503     6.8532     8.7223 
2034     1.9078     2.3611     2.6189     3.1648     3.9302     4.9272     6.0177     6.8402     8.8858 

Total Fishing Mortality

Year       Average        StdDev
2021        1.0794        0.0000
2022        1.0794        0.0000
2023        1.0794        0.0000
2024        1.0794        0.0000
2025        0.8889        0.0000
2026        0.8889        0.0000
2027        0.8889        0.0000
2028        0.8889        0.0000
2029        0.8889        0.0000
2030        0.8889        0.0000
2031        0.8889        0.0000
2032        0.8889        0.0000
2033        0.8889        0.0000
2034        0.8889        0.0000

Total Fishing Mortality Distribution

Year       1%         5%         10%        25%        50%        75%        90%        95%        99%    
2021     1.0794     1.0794     1.0794     1.0794     1.0794     1.0794     1.0794     1.0794     1.0794 
2022     1.0794     1.0794     1.0794     1.0794     1.0794     1.0794     1.0794     1.0794     1.0794 
2023     1.0794     1.0794     1.0794     1.0794     1.0794     1.0794     1.0794     1.0794     1.0794 
2024     1.0794     1.0794     1.0794     1.0794     1.0794     1.0794     1.0794     1.0794     1.0794 
2025     0.8889     0.8889     0.8889     0.8889     0.8889     0.8889     0.8889     0.8889     0.8889 
2026     0.8889     0.8889     0.8889     0.8889     0.8889     0.8889     0.8889     0.8889     0.8889 
2027     0.8889     0.8889     0.8889     0.8889     0.8889     0.8889     0.8889     0.8889     0.8889 
2028     0.8889     0.8889     0.8889     0.8889     0.8889     0.8889     0.8889     0.8889     0.8889 
2029     0.8889     0.8889     0.8889     0.8889     0.8889     0.8889     0.8889     0.8889     0.8889 
2030     0.8889     0.8889     0.8889     0.8889     0.8889     0.8889     0.8889     0.8889     0.8889 
2031     0.8889     0.8889     0.8889     0.8889     0.8889     0.8889     0.8889     0.8889     0.8889 
2032     0.8889     0.8889     0.8889     0.8889     0.8889     0.8889     0.8889     0.8889     0.8889 
2033     0.8889     0.8889     0.8889     0.8889     0.8889     0.8889     0.8889     0.8889     0.8889 
2034     0.8889     0.8889     0.8889     0.8889     0.8889     0.8889     0.8889     0.8889     0.8889 

JAN-1 Stock Numbers at Age  -       1000  Fish

2021

Age        1%         5%         10%        25%        50%        75%        90%        95%        99%    
1      140.2370   175.0900   184.8320   216.7130   261.1480   317.3690   385.6290   409.5080   464.9250
2       58.9389    77.9477    80.8620    85.4451   100.4175   112.5240   125.3470   138.4980   148.4390
3       34.1986    41.3466    43.5177    47.9381    54.8765    60.4455    67.3245    74.4817    84.8335
4        4.4701     6.3288     7.3712     8.3369     9.5330    10.8358    12.5169    14.0136    20.6054
5        1.2938     1.6031     1.7337     2.2441     2.6907     3.2695     4.2092     4.8898     7.4995
6        0.2917     0.4842     0.6024     0.6936     0.9665     1.2287     1.8234     2.1765     5.0518
7        0.0278     0.0584     0.0739     0.1025     0.1591     0.2261     0.3164     0.3996     1.3049
8        0.0082     0.0292     0.0370     0.0584     0.1092     0.1670     0.2575     0.4456     2.1858
9        0.0003     0.0014     0.0021     0.0035     0.0085     0.0144     0.0223     0.0334     0.2402
10        0.0001     0.0005     0.0007     0.0015     0.0043     0.0069     0.0143     0.0242     0.2609
11        0.0000     0.0001     0.0002     0.0004     0.0014     0.0028     0.0051     0.0082     0.1988
12        0.0000     0.0000     0.0000     0.0000     0.0001     0.0003     0.0005     0.0008     0.0280
13        0.0000     0.0000     0.0000     0.0000     0.0000     0.0002     0.0003     0.0005     0.0316
14        0.0000     0.0000     0.0000     0.0000     0.0000     0.0000     0.0001     0.0001     0.0183
15+       0.0000     0.0000     0.0000     0.0000     0.0000     0.0000     0.0000     0.0000     0.0127

2022

Age        1%         5%         10%        25%        50%        75%        90%        95%        99%    
1       49.2382    75.1577    93.4327   135.1811   201.9968   302.4259   437.7697   551.3654   839.1352
2       85.8885   100.7150   107.0068   123.9561   150.4067   183.9898   222.1543   241.9893   274.0488
3       26.8201    34.3809    36.2311    39.1934    44.6928    51.1069    57.8858    62.8449    70.6764
4       11.9897    13.9447    14.9506    16.5421    18.5409    20.8491    23.6737    25.9463    31.5017
5        1.4378     1.9400     2.1892     2.5240     2.9001     3.3214     3.9009     4.3033     6.5662
6        0.3751     0.4652     0.5116     0.6450     0.7749     0.9503     1.2412     1.4579     2.4362
7        0.0930     0.1445     0.1718     0.2053     0.2739     0.3649     0.5315     0.6267     1.6617
8        0.0094     0.0178     0.0218     0.0304     0.0465     0.0675     0.0970     0.1270     0.4301
9        0.0028     0.0092     0.0114     0.0183     0.0336     0.0514     0.0817     0.1376     0.7389
10        0.0001     0.0004     0.0007     0.0011     0.0027     0.0046     0.0073     0.0111     0.0870
11        0.0000     0.0002     0.0002     0.0005     0.0014     0.0023     0.0049     0.0080     0.0929
12        0.0000     0.0000     0.0001     0.0001     0.0005     0.0009     0.0017     0.0028     0.0738
13        0.0000     0.0000     0.0000     0.0000     0.0000     0.0001     0.0002     0.0003     0.0106
14        0.0000     0.0000     0.0000     0.0000     0.0000     0.0001     0.0001     0.0002     0.0119
15+       0.0000     0.0000     0.0000     0.0000     0.0000     0.0000     0.0000     0.0001     0.0120

2023

Age        1%         5%         10%        25%        50%        75%        90%        95%        99%    
1       49.8280    75.4994    95.2074   139.5348   207.0566   309.5291   450.4213   555.3991   847.9375
2       28.1340    43.1357    53.6112    77.4747   116.3930   174.7492   252.3485   317.2415   485.0040
3       38.4110    45.1301    48.2461    55.9863    68.0262    83.2947   100.3001   110.0991   125.3759
4        9.1679    11.4799    12.2367    13.4316    15.3447    17.6491    20.1018    21.6545    24.9110
5        3.5868     4.1616     4.4880     4.9989     5.6167     6.3484     7.2239     7.9179     9.6238
6        0.4153     0.5585     0.6276     0.7260     0.8407     0.9653     1.1282     1.2564     1.8900
7        0.1079     0.1322     0.1478     0.1855     0.2232     0.2764     0.3620     0.4239     0.7333
8        0.0283     0.0432     0.0503     0.0610     0.0810     0.1092     0.1587     0.1856     0.4879
9        0.0030     0.0055     0.0067     0.0093     0.0142     0.0208     0.0298     0.0392     0.1360
10        0.0010     0.0029     0.0036     0.0058     0.0106     0.0163     0.0258     0.0429     0.2526
11        0.0000     0.0001     0.0002     0.0004     0.0009     0.0015     0.0024     0.0036     0.0278
12        0.0000     0.0001     0.0001     0.0002     0.0005     0.0008     0.0016     0.0027     0.0331
13        0.0000     0.0000     0.0000     0.0000     0.0002     0.0003     0.0006     0.0009     0.0264
14        0.0000     0.0000     0.0000     0.0000     0.0000     0.0000     0.0001     0.0001     0.0038
15+       0.0000     0.0000     0.0000     0.0000     0.0000     0.0000     0.0000     0.0001     0.0083

2024

Age        1%         5%         10%        25%        50%        75%        90%        95%        99%    
1       54.3988    80.9779   100.8785   143.4559   216.0891   325.3660   470.0984   577.8226   865.9350
2       28.5961    43.4095    54.7426    80.2708   119.0847   178.5609   259.1620   320.2063   486.7053
3       12.6494    19.5909    24.0323    34.9033    52.4903    79.0239   114.2120   144.1279   223.0910
4       13.0271    15.2518    16.4701    19.1574    23.3722    28.6669    34.4484    38.0794    43.5694
5        2.7807     3.4164     3.6688     4.0669     4.6484     5.3691     6.1259     6.6305     7.5630
6        1.0367     1.1896     1.2864     1.4395     1.6228     1.8428     2.0968     2.3117     2.7675
7        0.1205     0.1600     0.1796     0.2089     0.2426     0.2811     0.3283     0.3690     0.5482
8        0.0316     0.0390     0.0440     0.0546     0.0663     0.0826     0.1082     0.1270     0.2181
9        0.0088     0.0132     0.0153     0.0187     0.0249     0.0336     0.0490     0.0569     0.1493
10        0.0010     0.0017     0.0021     0.0029     0.0045     0.0066     0.0094     0.0125     0.0469
11        0.0003     0.0009     0.0012     0.0019     0.0035     0.0053     0.0085     0.0139     0.0827
12        0.0000     0.0000     0.0001     0.0001     0.0003     0.0005     0.0008     0.0012     0.0092
13        0.0000     0.0000     0.0000     0.0001     0.0002     0.0003     0.0005     0.0009     0.0112
14        0.0000     0.0000     0.0000     0.0000     0.0001     0.0001     0.0002     0.0003     0.0092
15+       0.0000     0.0000     0.0000     0.0000     0.0000     0.0000     0.0000     0.0001     0.0043

2025

Age        1%         5%         10%        25%        50%        75%        90%        95%        99%    
1       50.9944    77.5327    98.4700   142.9063   216.3197   320.1987   463.0385   580.9179   863.9524
2       31.1959    46.6291    57.8076    82.7441   124.2399   187.6297   270.2439   332.8041   499.8957
3       12.9128    19.3699    24.5470    36.0397    53.9253    80.7866   117.5870   145.0489   223.8289
4        4.3075     6.6706     8.2246    12.0090    17.9924    27.2285    39.1956    49.4800    76.5480
5        3.9477     4.5954     4.9641     5.7926     7.0902     8.7130    10.4895    11.5977    13.3609
6        0.7994     0.9750     1.0505     1.1748     1.3446     1.5560     1.7803     1.9196     2.2171
7        0.2958     0.3407     0.3673     0.4149     0.4694     0.5352     0.6123     0.6733     0.8124
8        0.0361     0.0469     0.0529     0.0616     0.0720     0.0838     0.0986     0.1111     0.1619
9        0.0097     0.0118     0.0134     0.0167     0.0203     0.0254     0.0334     0.0394     0.0662
10        0.0029     0.0042     0.0048     0.0059     0.0079     0.0107     0.0155     0.0182     0.0480
11        0.0004     0.0006     0.0007     0.0009     0.0015     0.0021     0.0030     0.0041     0.0149
12        0.0001     0.0003     0.0004     0.0006     0.0011     0.0018     0.0028     0.0046     0.0274
13        0.0000     0.0000     0.0000     0.0000     0.0001     0.0002     0.0003     0.0004     0.0032
14        0.0000     0.0000     0.0000     0.0000     0.0001     0.0001     0.0002     0.0003     0.0038
15+       0.0000     0.0000     0.0000     0.0000     0.0000     0.0000     0.0001     0.0001     0.0048

2026

Age        1%         5%         10%        25%        50%        75%        90%        95%        99%    
1       53.6237    79.1740    99.1787   144.2250   216.4729   331.8316   476.0800   594.5734   874.0083
2       29.5883    45.2365    57.3196    83.0834   125.7851   187.3481   270.4025   340.4291   505.2851
3       14.9839    22.2095    27.8305    39.6997    60.0099    90.2648   130.3488   161.4408   242.9012
4        4.9319     7.4235     9.5432    13.9972    20.8223    31.2920    45.5305    56.1928    87.8061
5        1.4784     2.3188     2.8653     4.1965     6.2709     9.5589    13.6922    17.3714    26.5818
6        1.3139     1.5389     1.6666     1.9439     2.3826     2.9387     3.5455     3.9060     4.5278
7        0.2678     0.3251     0.3505     0.3942     0.4526     0.5254     0.6018     0.6548     0.7533
8        0.0997     0.1158     0.1249     0.1418     0.1614     0.1851     0.2129     0.2335     0.2829
9        0.0126     0.0165     0.0185     0.0217     0.0254     0.0298     0.0350     0.0399     0.0571
10        0.0035     0.0043     0.0048     0.0060     0.0074     0.0093     0.0122     0.0144     0.0241
11        0.0011     0.0015     0.0018     0.0022     0.0029     0.0040     0.0057     0.0068     0.0177
12        0.0001     0.0002     0.0003     0.0004     0.0005     0.0008     0.0012     0.0016     0.0057
13        0.0000     0.0001     0.0001     0.0002     0.0004     0.0007     0.0011     0.0017     0.0106
14        0.0000     0.0000     0.0000     0.0000     0.0000     0.0001     0.0001     0.0002     0.0012
15+       0.0000     0.0000     0.0000     0.0000     0.0000     0.0000     0.0001     0.0002     0.0034

2027

Age        1%         5%         10%        25%        50%        75%        90%        95%        99%    
1       55.3626    82.6396   102.6710   146.1607   220.5954   329.5554   474.0618   594.1911   882.3455
2       31.0619    45.9806    57.7814    84.0244   126.0820   193.8787   279.5166   345.6114   513.6352
3       14.0854    21.6909    27.6048    40.0362    60.5288    90.4769   130.7799   164.0814   243.7859
4        5.7359     8.6069    10.7076    15.2583    23.1850    35.0003    50.3508    62.6405    93.6958
5        1.7148     2.6208     3.3153     4.8820     7.3001    10.9586    15.8883    19.7698    31.0660
6        0.5100     0.7751     0.9646     1.4090     2.1146     3.2170     4.6218     5.9112     9.0176
7        0.4370     0.5129     0.5564     0.6531     0.8005     0.9916     1.1974     1.3229     1.5408
8        0.0914     0.1098     0.1192     0.1349     0.1557     0.1812     0.2091     0.2266     0.2642
9        0.0347     0.0405     0.0439     0.0499     0.0570     0.0660     0.0756     0.0831     0.1009
10        0.0045     0.0059     0.0067     0.0078     0.0092     0.0108     0.0128     0.0146     0.0207
11        0.0013     0.0016     0.0018     0.0022     0.0027     0.0035     0.0045     0.0054     0.0087
12        0.0004     0.0006     0.0007     0.0008     0.0011     0.0015     0.0022     0.0026     0.0066
13        0.0001     0.0001     0.0001     0.0001     0.0002     0.0003     0.0004     0.0006     0.0022
14        0.0000     0.0000     0.0001     0.0001     0.0002     0.0003     0.0004     0.0007     0.0041
15+       0.0000     0.0000     0.0000     0.0000     0.0000     0.0000     0.0001     0.0001     0.0018

2028

Age        1%         5%         10%        25%        50%        75%        90%        95%        99%    
1       54.7626    83.0017   103.8252   150.1750   224.5324   333.5148   477.7492   594.3306   890.8849
2       32.0530    48.0357    59.4399    85.5143   128.4861   192.7314   276.8077   344.9752   518.4933
3       14.8967    22.2207    27.8295    40.3711    60.9492    93.7223   134.3742   167.7657   246.2615
4        5.4324     8.3519    10.6229    15.3933    23.2891    34.9481    50.8339    64.1400    95.7638
5        1.9999     3.0086     3.7526     5.3554     8.0879    12.2495    17.6088    22.1312    32.6515
6        0.5695     0.8691     1.1125     1.6325     2.4581     3.6776     5.3868     6.6590    10.3915
7        0.1704     0.2619     0.3237     0.4726     0.7114     1.0843     1.5619     1.9822     3.0523
8        0.1488     0.1746     0.1902     0.2244     0.2757     0.3408     0.4138     0.4566     0.5373
9        0.0317     0.0383     0.0416     0.0474     0.0551     0.0642     0.0746     0.0810     0.0940
10        0.0125     0.0145     0.0157     0.0180     0.0207     0.0240     0.0277     0.0303     0.0370
11        0.0016     0.0022     0.0024     0.0029     0.0034     0.0040     0.0048     0.0054     0.0077
12        0.0005     0.0006     0.0007     0.0008     0.0010     0.0013     0.0017     0.0020     0.0033
13        0.0002     0.0002     0.0002     0.0003     0.0004     0.0006     0.0008     0.0010     0.0025
14        0.0000     0.0000     0.0000     0.0001     0.0001     0.0001     0.0002     0.0002     0.0009
15+       0.0000     0.0000     0.0000     0.0000     0.0001     0.0001     0.0002     0.0003     0.0023

2029

Age        1%         5%         10%        25%        50%        75%        90%        95%        99%    
1       54.6743    84.2674   104.1403   149.9098   224.3931   335.2497   477.8949   588.9130   875.7931
2       31.9683    48.1050    60.7202    87.2897   130.6315   195.0481   279.3779   350.6269   524.5275
3       15.4835    23.0326    28.5614    41.1206    61.7609    92.9759   134.0269   166.9483   250.4147
4        5.7611     8.4615    10.7157    15.5510    23.5912    36.1918    52.0262    65.4824    96.1211
5        1.8950     2.9189     3.7035     5.3948     8.1647    12.2712    17.7817    22.5014    33.6275
6        0.6659     1.0095     1.2532     1.7977     2.7223     4.1270     5.9413     7.4240    10.9853
7        0.1906     0.2929     0.3749     0.5480     0.8269     1.2427     1.8179     2.2488     3.4339
8        0.0576     0.0893     0.1112     0.1626     0.2448     0.3732     0.5434     0.6852     1.0487
9        0.0522     0.0610     0.0669     0.0792     0.0975     0.1209     0.1467     0.1629     0.1921
10        0.0114     0.0138     0.0150     0.0171     0.0200     0.0234     0.0272     0.0296     0.0346
11        0.0045     0.0053     0.0058     0.0067     0.0077     0.0089     0.0103     0.0114     0.0139
12        0.0006     0.0008     0.0009     0.0011     0.0013     0.0015     0.0018     0.0021     0.0029
13        0.0002     0.0002     0.0003     0.0003     0.0004     0.0005     0.0007     0.0008     0.0013
14        0.0001     0.0001     0.0001     0.0001     0.0002     0.0002     0.0003     0.0004     0.0010
15+       0.0000     0.0000     0.0000     0.0000     0.0001     0.0001     0.0001     0.0002     0.0012

2030

Age        1%         5%         10%        25%        50%        75%        90%        95%        99%    
1       53.9999    84.2796   104.5935   148.9822   225.7328   338.9942   491.3939   608.1181   906.8806
2       31.9842    48.6889    60.7750    87.1771   131.7013   195.7742   280.0622   347.8925   512.9355
3       15.2075    23.1314    29.0027    41.9913    62.7680    94.0619   135.7650   169.0738   256.7285
4        5.8999     8.8936    11.0337    15.9193    23.8468    36.0784    51.9624    64.5101    96.9396
5        1.9941     2.9619     3.7429     5.4270     8.2654    12.5983    18.2752    22.8960    33.5317
6        0.6342     0.9778     1.2435     1.8127     2.7389     4.1398     6.0195     7.6006    11.3260
7        0.2247     0.3406     0.4201     0.6054     0.9138     1.3885     2.0036     2.4989     3.7373
8        0.0658     0.1003     0.1280     0.1887     0.2836     0.4285     0.6216     0.7753     1.1697
9        0.0207     0.0312     0.0391     0.0578     0.0866     0.1311     0.1912     0.2434     0.3718
10        0.0184     0.0219     0.0242     0.0286     0.0354     0.0439     0.0535     0.0593     0.0699
11        0.0042     0.0050     0.0055     0.0063     0.0074     0.0087     0.0101     0.0111     0.0129
12        0.0017     0.0020     0.0022     0.0025     0.0029     0.0034     0.0039     0.0043     0.0053
13        0.0002     0.0003     0.0003     0.0004     0.0005     0.0006     0.0007     0.0008     0.0011
14        0.0001     0.0001     0.0001     0.0001     0.0002     0.0002     0.0003     0.0003     0.0005
15+       0.0000     0.0000     0.0000     0.0001     0.0001     0.0001     0.0002     0.0002     0.0009

2031

Age        1%         5%         10%        25%        50%        75%        90%        95%        99%    
1       55.1480    82.0125   103.8939   148.7002   224.1686   337.8088   488.4512   601.4840   888.8952
2       31.2699    48.9718    60.4369    86.5281   131.3646   198.9147   288.6758   356.1928   539.1565
3       15.1726    23.2908    29.2366    42.0074    63.4537    94.6481   135.2296   167.9300   245.2611
4        5.8734     8.8789    11.1924    16.2358    24.2305    36.3354    52.4731    65.9134   100.3378
5        2.0284     3.0962     3.8380     5.5603     8.3246    12.5982    18.3168    22.8290    33.8443
6        0.6668     0.9948     1.2483     1.8251     2.7828     4.2499     6.1432     7.7186    11.3142
7        0.2121     0.3270     0.4164     0.6100     0.9216     1.3930     2.0338     2.5417     3.8725
8        0.0762     0.1161     0.1433     0.2078     0.3158     0.4791     0.6916     0.8736     1.3042
9        0.0231     0.0354     0.0451     0.0666     0.1004     0.1514     0.2218     0.2767     0.4211
10        0.0074     0.0112     0.0141     0.0208     0.0313     0.0477     0.0690     0.0882     0.1368
11        0.0068     0.0081     0.0089     0.0106     0.0131     0.0163     0.0198     0.0221     0.0263
12        0.0015     0.0019     0.0021     0.0024     0.0028     0.0033     0.0038     0.0042     0.0049
13        0.0006     0.0007     0.0008     0.0009     0.0011     0.0013     0.0015     0.0017     0.0020
14        0.0001     0.0001     0.0001     0.0002     0.0002     0.0002     0.0003     0.0003     0.0004
15+       0.0000     0.0001     0.0001     0.0001     0.0001     0.0001     0.0002     0.0002     0.0005

2032

Age        1%         5%         10%        25%        50%        75%        90%        95%        99%    
1       57.1464    83.7413   104.8558   150.4831   224.7579   340.5782   488.9725   599.2806   926.9093
2       32.2560    47.8224    60.2928    86.6561   130.8084   197.2837   284.9497   352.8555   524.4903
3       14.9525    23.5636    28.8682    41.3564    63.3940    95.6483   139.1240   173.0201   256.7476
4        5.8126     9.0133    11.2774    16.1094    24.4578    36.5737    52.5515    65.5364    95.7710
5        2.0379     3.0859     3.8867     5.6598     8.4671    12.6935    18.4206    23.1021    34.9234
6        0.6873     1.0402     1.2895     1.8606     2.8106     4.2324     6.1252     7.6754    11.3384
7        0.2261     0.3332     0.4197     0.6141     0.9369     1.4317     2.0762     2.6005     3.8216
8        0.0713     0.1128     0.1420     0.2104     0.3167     0.4811     0.7013     0.8754     1.3205
9        0.0271     0.0410     0.0504     0.0734     0.1109     0.1703     0.2453     0.3077     0.4584
10        0.0084     0.0128     0.0163     0.0240     0.0364     0.0549     0.0802     0.0997     0.1531
11        0.0027     0.0042     0.0052     0.0077     0.0116     0.0178     0.0257     0.0328     0.0507
12        0.0025     0.0030     0.0033     0.0040     0.0049     0.0061     0.0075     0.0084     0.0100
13        0.0006     0.0007     0.0008     0.0009     0.0011     0.0013     0.0015     0.0016     0.0019
14        0.0002     0.0003     0.0003     0.0004     0.0004     0.0005     0.0006     0.0006     0.0008
15+       0.0001     0.0001     0.0001     0.0001     0.0001     0.0001     0.0002     0.0002     0.0004

2033

Age        1%         5%         10%        25%        50%        75%        90%        95%        99%    
1       55.6173    84.3116   105.6840   151.6522   225.1183   340.7939   486.9941   612.3664   922.5922
2       32.9859    48.7737    61.1885    88.0935   130.8629   198.6333   287.7956   353.3490   535.7511
3       15.3173    22.8410    28.8924    41.6716    63.1261    95.3976   137.7501   169.7811   253.6033
4        5.6819     9.0450    11.0984    16.0385    24.5092    37.0143    53.9798    67.3006   100.0002
5        2.0311     3.1369     3.9256     5.6143     8.6148    12.7865    18.3776    23.0205    33.9865
6        0.6858     1.0344     1.3099     1.9012     2.8593     4.2847     6.1989     7.7591    11.7407
7        0.2306     0.3462     0.4325     0.6273     0.9446     1.4248     2.0626     2.5930     3.8863
8        0.0771     0.1145     0.1441     0.2105     0.3213     0.4907     0.7153     0.8984     1.3205
9        0.0252     0.0399     0.0501     0.0739     0.1117     0.1702     0.2464     0.3120     0.4708
10        0.0096     0.0146     0.0182     0.0266     0.0401     0.0617     0.0895     0.1116     0.1670
11        0.0031     0.0047     0.0060     0.0089     0.0135     0.0204     0.0298     0.0371     0.0576
12        0.0010     0.0016     0.0019     0.0029     0.0044     0.0067     0.0098     0.0124     0.0191
13        0.0009     0.0011     0.0013     0.0015     0.0019     0.0024     0.0029     0.0032     0.0038
14        0.0002     0.0003     0.0003     0.0003     0.0004     0.0005     0.0006     0.0006     0.0007
15+       0.0001     0.0001     0.0002     0.0002     0.0002     0.0002     0.0003     0.0003     0.0004

2034

Age        1%         5%         10%        25%        50%        75%        90%        95%        99%    
1       55.5981    81.5152   103.1323   149.4794   225.0830   335.7147   481.5028   595.5566   894.6722
2       32.0428    49.0539    61.2546    88.1699   131.6635   198.9370   285.9585   358.0646   542.9648
3       15.5464    23.5066    29.4202    42.1969    63.1653    95.3726   138.6698   171.0181   261.2443
4        5.8668     8.8423    11.1454    16.1441    24.3993    36.7406    53.2779    66.2212    99.3214
5        1.9869     3.1513     3.8761     5.5870     8.5770    13.0171    18.9261    23.5392    35.5914
6        0.6775     1.0438     1.3194     1.8893     2.8761     4.3195     6.1949     7.7411    11.4785
7        0.2285     0.3459     0.4415     0.6405     0.9622     1.4443     2.0985     2.6196     4.0744
8        0.0780     0.1187     0.1482     0.2149     0.3262     0.4905     0.7150     0.8899     1.3629
9        0.0269     0.0405     0.0506     0.0743     0.1131     0.1745     0.2526     0.3192     0.4697
10        0.0091     0.0144     0.0180     0.0267     0.0406     0.0618     0.0896     0.1122     0.1700
11        0.0036     0.0054     0.0067     0.0098     0.0149     0.0229     0.0331     0.0417     0.0621
12        0.0011     0.0018     0.0023     0.0034     0.0051     0.0077     0.0113     0.0140     0.0217
13        0.0004     0.0006     0.0007     0.0011     0.0017     0.0026     0.0037     0.0048     0.0074
14        0.0004     0.0004     0.0005     0.0006     0.0007     0.0009     0.0011     0.0012     0.0015
15+       0.0001     0.0002     0.0002     0.0002     0.0002     0.0003     0.0003     0.0004     0.0004

Probability Spawning Stock Biomass Exceeds Threshold      3.660 (1000 MT)

Year    Probability

2021    0.017400
2022    0.016600
2023    0.210700
2024    0.271500
2025    0.370700
2026    0.471500
2027    0.533600
2028    0.561000
2029    0.583900
2030    0.594800
2031    0.603200
2032    0.610100
2033    0.608200
2034    0.613600

Probability Threshold Exceeded at Least Once =     0.9540

Probability Total Fishing Mortality Exceeds Threshold     0.8413 

Year    Probability

2021    1.000000
2022    1.000000
2023    1.000000
2024    1.000000
2025    1.000000
2026    1.000000
2027    1.000000
2028    1.000000
2029    1.000000
2030    1.000000
2031    1.000000
2032    1.000000
2033    1.000000
2034    1.000000

Probability Threshold Exceeded at Least Once =     1.0000


Requested Percentile Report

Percentile =    50.00 %

                                 2021       2022       2023       2024       2025       2026       2027       2028       2029       2030       2031       2032       2033       2034 

Recruits                     201.9968   207.0566   216.0891   216.3197   216.4729   220.5954   224.5324   224.3931   225.7328   224.1686   224.7579   225.1183   225.0830   228.7428 
Spawning Stock Biomass         2.2293     2.5828     3.0306     2.9915     3.2494     3.5710     3.7736     3.8722     3.9280     3.9583     4.0099     4.0460     4.0400     4.0508 
Jan-1 Stock Biomass            9.1747     9.9913    10.3806    10.7168    10.8615    11.5754    11.9018    12.1549    12.2802    12.3940    12.4394    12.4399    12.4753    12.4865 
Mean Biomass                   8.2686     8.7324     8.9457     9.2573     9.6190    10.1939    10.4008    10.5749    10.7161    10.8180    10.8229    10.8621    10.9056    10.8805 
Combined Catch Biomass         2.9116     3.4786     3.6995     3.7513     3.2954     3.5506     3.7085     3.7935     3.8344     3.8731     3.9136     3.9075     3.9139     3.9302 
Landings                       2.9116     3.4786     3.6995     3.7513     3.2954     3.5506     3.7085     3.7935     3.8344     3.8731     3.9136     3.9075     3.9139     3.9302 
FMort                          1.0794     1.0794     1.0794     1.0794     0.8889     0.8889     0.8889     0.8889     0.8889     0.8889     0.8889     0.8889     0.8889     0.8889 

Stock Numbers at Age
Age 1                        261.1480   201.9968   207.0566   216.0891   216.3197   216.4729   220.5954   224.5324   224.3931   225.7328   224.1686   224.7579   225.1183   225.0830 
Age 2                        100.4175   150.4067   116.3930   119.0847   124.2399   125.7851   126.0820   128.4861   130.6315   131.7013   131.3646   130.8084   130.8629   131.6635 
Age 3                         54.8765    44.6928    68.0262    52.4903    53.9253    60.0099    60.5288    60.9492    61.7609    62.7680    63.4537    63.3940    63.1261    63.1653 
Age 4                          9.5330    18.5409    15.3447    23.3722    17.9924    20.8223    23.1850    23.2891    23.5912    23.8468    24.2305    24.4578    24.5092    24.3993 
Age 5                          2.6907     2.9001     5.6167     4.6484     7.0902     6.2709     7.3001     8.0879     8.1647     8.2654     8.3246     8.4671     8.6148     8.5770 
Age 6                          0.9665     0.7749     0.8407     1.6228     1.3446     2.3826     2.1146     2.4581     2.7223     2.7389     2.7828     2.8106     2.8593     2.8761 
Age 7                          0.1591     0.2739     0.2232     0.2426     0.4694     0.4526     0.8005     0.7114     0.8269     0.9138     0.9216     0.9369     0.9446     0.9622 
Age 8                          0.1092     0.0465     0.0810     0.0663     0.0720     0.1614     0.1557     0.2757     0.2448     0.2836     0.3158     0.3167     0.3213     0.3262 
Age 9                          0.0085     0.0336     0.0142     0.0249     0.0203     0.0254     0.0570     0.0551     0.0975     0.0866     0.1004     0.1109     0.1117     0.1131 
Age 10                          0.0043     0.0027     0.0106     0.0045     0.0079     0.0074     0.0092     0.0207     0.0200     0.0354     0.0313     0.0364     0.0401     0.0406 
Age 11                          0.0014     0.0014     0.0009     0.0035     0.0015     0.0029     0.0027     0.0034     0.0077     0.0074     0.0131     0.0116     0.0135     0.0149 
Age 12                          0.0001     0.0005     0.0005     0.0003     0.0011     0.0005     0.0011     0.0010     0.0013     0.0029     0.0028     0.0049     0.0044     0.0051 
Age 13                          0.0000     0.0000     0.0002     0.0002     0.0001     0.0004     0.0002     0.0004     0.0004     0.0005     0.0011     0.0011     0.0019     0.0017 
Age 14                          0.0000     0.0000     0.0000     0.0001     0.0001     0.0000     0.0002     0.0001     0.0002     0.0002     0.0002     0.0004     0.0004     0.0007 
Age 15                          0.0000     0.0000     0.0000     0.0000     0.0000     0.0000     0.0000     0.0001     0.0001     0.0001     0.0001     0.0001     0.0002     0.0002 
