AGEPRO VERSION 4.2

Constant_Q2600_LT

Date & Time of Run: 16 May 2024  12:50

Input File Name:    Constant_Q2600_LT.inp

First Age Class:                         1
Number of Age Classes:                  15
Number of Years in Projection:          14
Number of Fleets:                        9
Number of Recruitment Models:            1
Number of Bootstraps:                  100
Number of Simulations:                  10

Bootstrap File Name:            C:\Users\jon.brodziak\Desktop\2024 WCNPO MLS Rebuilding\Bootstrap-numbers-at-age\2023_WCNPOMLS.bsn

Number of Feasible Solutions:        982  of       1000 Realizations

Input Harvest Scenario

Year  Type        Fleet-1    Fleet-2    Fleet-3    Fleet-4    Fleet-5    Fleet-6    Fleet-7    Fleet-8    Fleet-9    

2021  F-Mult       0.1651     0.0453     0.2588     0.0166     0.0610     0.0487     0.0642     0.0722     0.3475 
2022  F-Mult       0.1651     0.0453     0.2588     0.0166     0.0610     0.0487     0.0642     0.0722     0.3475 
2023  F-Mult       0.1651     0.0453     0.2588     0.0166     0.0610     0.0487     0.0642     0.0722     0.3475 
2024  F-Mult       0.1651     0.0453     0.2588     0.0166     0.0610     0.0487     0.0642     0.0722     0.3475 
2025  Landings        373        148        773         69        226        101        195        351        365 
2026  Landings        373        148        773         69        226        101        195        351        365 
2027  Landings        373        148        773         69        226        101        195        351        365 
2028  Landings        373        148        773         69        226        101        195        351        365 
2029  Landings        373        148        773         69        226        101        195        351        365 
2030  Landings        373        148        773         69        226        101        195        351        365 
2031  Landings        373        148        773         69        226        101        195        351        365 
2032  Landings        373        148        773         69        226        101        195        351        365 
2033  Landings        373        148        773         69        226        101        195        351        365 
2034  Landings        373        148        773         69        226        101        195        351        365 

Recruits        1000  Fish

Year Class   Average        StdDev
2021        234.9745      153.8984
2022        250.4254      166.2645
2023        259.4860      169.3592
2024        254.2283      152.6353
2025        257.1942      173.1778
2026        263.6082      165.7088
2027        279.2289      192.7589
2028        282.2457      191.5350
2029        283.8709      180.6634
2030        279.3701      183.9414
2031        284.8692      189.3835
2032        291.4044      202.5860
2033        286.7621      194.8768
2034        294.3416      197.2443

Recruits Distribution

Year Class 1%         5%         10%        25%        50%        75%        90%        95%        99%    
2021    53.6320    75.4501    91.7019   133.1537   199.4452   293.2734   415.2206   508.9087   785.6354
2022    47.6544    74.3837    90.8420   134.8453   210.9789   317.6242   455.8076   589.2145   817.1985
2023    50.6280    77.0690    99.4689   146.6893   219.8329   325.7523   470.5476   576.5087   855.1179
2024    53.3817    74.8835    93.9608   139.4131   217.5164   333.6268   453.0138   553.4749   712.4044
2025    48.4036    80.3511   102.1214   146.1459   215.3138   313.4442   441.8097   576.2499   952.6804
2026    51.3348    83.2018   106.0549   148.1387   222.0282   327.4928   466.4784   575.9624   888.5786
2027    51.1366    79.1386   102.0752   149.4960   235.1612   352.3116   512.1037   642.1727  1030.6510
2028    48.1579    86.0974   106.4057   154.8952   227.4109   352.7132   537.5704   660.3643   985.4429
2029    45.2454    85.0948   105.6258   156.6513   244.9555   363.2821   491.9653   621.0138   925.8122
2030    38.5463    82.7937   111.7322   154.9423   239.6217   340.7811   501.1015   618.5174   922.4501
2031     0.0010    75.9901   104.1658   157.8409   240.4092   362.0908   508.0454   641.2330   970.8449
2032     0.0010    77.1936   104.4023   155.0099   243.7346   370.1143   528.0990   665.5117  1039.6980
2033     0.0010    83.8466   107.4640   157.7279   241.0967   355.9030   506.0596   670.7537  1046.5880
2034     0.0010    82.4829   106.3307   158.1952   246.1658   383.0207   565.6235   678.1805   888.8533

Spawning Stock Biomass  x       1000 MT

Year       Average        StdDev
2021        2.2966        0.4720
2022        2.6122        0.4299
2023        3.1089        0.6995
2024        3.1911        1.1345
2025        3.7732        1.7245
2026        4.8349        2.6717
2027        5.7729        3.3048
2028        6.6020        3.8866
2029        7.3647        4.3083
2030        8.1472        4.7030
2031        8.8067        4.9579
2032        9.3328        5.1080
2033        9.7105        5.1691
2034       10.0887        5.2608

Spawning Stock Biomass Distribution

Year        1%         5%         10%        25%        50%        75%        90%        95%        99%   
2021     1.4446     1.7286     1.8254     1.9987     2.2170     2.5133     2.8156     3.0417     4.2073 
2022     1.7536     1.9822     2.0779     2.3129     2.5885     2.8551     3.1919     3.3908     3.7811 
2023     1.8466     2.0885     2.2665     2.6315     3.0058     3.4772     4.0637     4.3415     5.0450 
2024     1.5063     1.8333     2.0131     2.4270     2.9699     3.6941     4.6642     5.2092     6.9992 
2025     1.0638     1.6315     2.0001     2.5873     3.3984     4.5939     6.1240     6.9036     9.1006 
2026     0.6575     1.6415     2.0305     3.0204     4.2293     6.1496     8.0551     9.7376    13.7349 
2027     0.6660     1.5802     2.1949     3.3168     5.2421     7.4274    10.0433    11.8146    17.0961 
2028     0.6028     1.6653     2.3921     3.7907     5.9001     8.4635    11.7063    14.4265    18.8131 
2029     0.2927     1.7059     2.5678     4.3009     6.6341     9.6263    12.9230    15.8267    20.6992 
2030     0.0994     1.6230     2.8690     4.7381     7.4480    10.7469    14.2988    17.0238    21.1325 
2031     0.0010     1.8363     3.0873     5.2624     8.0897    11.6099    15.5788    18.4435    22.5530 
2032     0.0010     2.0042     3.2246     5.7352     8.6689    12.1615    15.9917    18.4639    23.4846 
2033     0.0010     2.2294     3.6005     6.1580     9.1149    12.6434    16.3810    18.8456    24.8729 
2034     0.0010     2.4968     3.8944     6.7162     9.5792    12.8496    16.7052    19.7462    25.4502 

JAN-1 Stock Biomass  x       1000 MT

Year       Average        StdDev
2021        9.3197        1.5947
2022       10.3480        2.5491
2023       10.9562        3.4289
2024       11.3810        3.8759
2025       11.5878        3.9276
2026       12.9237        4.8126
2027       14.1350        5.6050
2028       15.3687        6.2083
2029       16.5078        6.7800
2030       17.4493        7.1545
2031       18.2393        7.4709
2032       18.8866        7.6402
2033       19.4681        7.7787
2034       19.9290        8.0021

JAN-1 Stock Biomass Distribution

Year       1%         5%         10%        25%        50%        75%        90%        95%        99%    
2021     6.2673     7.0242     7.4211     8.1857     9.2279    10.1123    11.5641    12.3916    13.8870 
2022     6.2638     6.9917     7.5499     8.7011     9.9078    11.5471    13.5858    14.7844    18.9733 
2023     5.4904     6.6593     7.2897     8.5761    10.2456    12.7391    15.2035    17.5648    21.9202 
2024     5.4545     6.4459     7.2470     8.7370    10.5919    13.4484    16.5117    18.7082    23.4171 
2025     4.8674     6.3678     7.3151     8.8649    10.8751    13.7337    16.4769    18.7643    24.8435 
2026     4.7124     6.4196     7.5587     9.4952    12.1418    15.4451    19.2181    22.2961    27.2361 
2027     4.5804     6.4883     7.9338    10.1704    13.3298    16.8718    21.6069    24.8522    31.1561 
2028     4.3134     6.6161     8.2249    10.8517    14.8010    18.7275    23.7568    26.8894    33.8832 
2029     3.9107     6.9372     8.5812    11.5799    15.7862    20.3595    25.5929    29.0454    35.5214 
2030     2.8878     6.9345     9.0242    12.6442    16.6909    21.4775    26.9120    30.4646    37.6370 
2031     1.5474     7.1281     9.2342    13.0859    17.4792    22.5335    28.2096    31.8805    39.9217 
2032     0.0010     7.6980    10.1505    13.7692    18.1518    23.1847    28.3825    33.1229    40.2822 
2033     0.0010     8.2040    10.3926    14.5704    18.7743    23.6217    29.1594    32.4748    41.1413 
2034     0.0010     8.2694    10.9815    14.9427    19.4181    24.2856    30.0478    33.3583    43.4556 

Mean Biomass  x       1000 MT

Year       Average        StdDev
2021        8.4203        1.5006
2022        9.1254        2.6018
2023        9.5855        3.3476
2024        9.9031        3.5430
2025       10.7494        4.0987
2026       11.9933        4.9308
2027       13.1326        5.6292
2028       14.3157        6.2764
2029       15.3974        6.7883
2030       16.2816        7.0945
2031       16.9213        7.3249
2032       17.5099        7.4414
2033       18.0863        7.5553
2034       18.4897        7.7886

Mean Biomass Distribution

Year       1%         5%         10%        25%        50%        75%        90%        95%        99%    
2021     5.6651     6.2804     6.6227     7.3079     8.2778     9.2706    10.4076    11.2113    12.4785 
2022     5.0565     5.8120     6.4850     7.4469     8.7094    10.2584    12.1785    13.8342    17.9117 
2023     4.4287     5.3915     6.0411     7.2785     8.9780    11.1495    13.7128    16.2550    20.2781 
2024     4.3385     5.3266     6.0863     7.4655     9.2239    11.6962    14.4557    16.4073    20.8297 
2025     3.6765     5.2866     6.1798     7.9506    10.1052    12.9057    15.9274    18.2950    23.9896 
2026     3.5324     5.5466     6.4417     8.4569    11.3720    14.4447    18.5860    21.5280    27.6786 
2027     3.6314     5.4768     6.8396     9.1904    12.3470    16.1640    20.4438    23.9208    31.1027 
2028     3.1935     5.4305     7.2943     9.7945    13.6135    17.6932    22.6060    26.4536    33.0167 
2029     2.3419     5.8897     7.5179    10.5379    14.6854    19.4261    24.5574    28.1910    33.7487 
2030     1.8457     5.9525     7.8612    11.5105    15.4866    20.2931    25.7245    28.6977    35.9412 
2031     0.0010     6.0722     8.3941    11.8282    16.1667    21.2204    26.6356    29.7584    36.9121 
2032     0.0010     6.4880     8.8502    12.7406    16.9198    21.8378    26.8928    31.5499    38.0815 
2033     0.0010     6.9738     9.2941    13.2526    17.5972    22.2869    27.6194    32.0215    38.1707 
2034     0.0010     7.3184     9.7367    13.5482    17.8436    22.6346    28.8079    32.2252    39.8129 

Combined Catch Biomass  x       1000 MT

Year       Average        StdDev
2021        2.9748        0.4767
2022        3.5138        0.5922
2023        3.8407        1.0094
2024        3.9723        1.3080
2025        2.6000        0.0000
2026        2.6000        0.0000
2027        2.6000        0.0000
2028        2.5922        0.1423
2029        2.5896        0.1642
2030        2.5792        0.2317
2031        2.5688        0.2832
2032        2.5610        0.3162
2033        2.5558        0.3363
2034        2.5532        0.3458

Combined Catch Distribution

Year       1%         5%         10%        25%        50%        75%        90%        95%        99%    
2021     1.9763     2.3619     2.4588     2.6719     2.9080     3.2376     3.5251     3.7854     4.6718 
2022     2.3919     2.6266     2.7789     3.1009     3.4578     3.8645     4.3123     4.5651     5.0608 
2023     2.1799     2.5383     2.7540     3.1578     3.6891     4.3496     5.0925     5.5413     7.1101 
2024     1.8841     2.3411     2.5753     3.0583     3.7391     4.6345     5.6630     6.4962     7.8643 
2025     2.6000     2.6000     2.6000     2.6000     2.6000     2.6000     2.6000     2.6000     2.6000 
2026     2.6000     2.6000     2.6000     2.6000     2.6000     2.6000     2.6000     2.6000     2.6000 
2027     2.6000     2.6000     2.6000     2.6000     2.6000     2.6000     2.6000     2.6000     2.6000 
2028     2.6000     2.6000     2.6000     2.6000     2.6000     2.6000     2.6000     2.6000     2.6000 
2029     2.6000     2.6000     2.6000     2.6000     2.6000     2.6000     2.6000     2.6000     2.6000 
2030     2.6000     2.6000     2.6000     2.6000     2.6000     2.6000     2.6000     2.6000     2.6000 
2031     0.0000     2.6000     2.6000     2.6000     2.6000     2.6000     2.6000     2.6000     2.6000 
2032     0.0000     2.6000     2.6000     2.6000     2.6000     2.6000     2.6000     2.6000     2.6000 
2033     0.0000     2.6000     2.6000     2.6000     2.6000     2.6000     2.6000     2.6000     2.6000 
2034     0.0000     2.6000     2.6000     2.6000     2.6000     2.6000     2.6000     2.6000     2.6000 

Landings  x       1000 MT

Year       Average        StdDev
2021        2.9748        0.4767
2022        3.5138        0.5922
2023        3.8407        1.0094
2024        3.9723        1.3080
2025        2.6000        0.0000
2026        2.6000        0.0000
2027        2.6000        0.0000
2028        2.5922        0.1423
2029        2.5896        0.1642
2030        2.5792        0.2317
2031        2.5688        0.2832
2032        2.5610        0.3162
2033        2.5558        0.3363
2034        2.5532        0.3458

Landings Distribution

Year       1%         5%         10%        25%        50%        75%        90%        95%        99%    
2021     1.9763     2.3619     2.4588     2.6719     2.9080     3.2376     3.5251     3.7854     4.6718 
2022     2.3919     2.6266     2.7789     3.1009     3.4578     3.8645     4.3123     4.5651     5.0608 
2023     2.1799     2.5383     2.7540     3.1578     3.6891     4.3496     5.0925     5.5413     7.1101 
2024     1.8841     2.3411     2.5753     3.0583     3.7391     4.6345     5.6630     6.4962     7.8643 
2025     2.6000     2.6000     2.6000     2.6000     2.6000     2.6000     2.6000     2.6000     2.6000 
2026     2.6000     2.6000     2.6000     2.6000     2.6000     2.6000     2.6000     2.6000     2.6000 
2027     2.6000     2.6000     2.6000     2.6000     2.6000     2.6000     2.6000     2.6000     2.6000 
2028     2.6000     2.6000     2.6000     2.6000     2.6000     2.6000     2.6000     2.6000     2.6000 
2029     2.6000     2.6000     2.6000     2.6000     2.6000     2.6000     2.6000     2.6000     2.6000 
2030     2.6000     2.6000     2.6000     2.6000     2.6000     2.6000     2.6000     2.6000     2.6000 
2031     0.0000     2.6000     2.6000     2.6000     2.6000     2.6000     2.6000     2.6000     2.6000 
2032     0.0000     2.6000     2.6000     2.6000     2.6000     2.6000     2.6000     2.6000     2.6000 
2033     0.0000     2.6000     2.6000     2.6000     2.6000     2.6000     2.6000     2.6000     2.6000 
2034     0.0000     2.6000     2.6000     2.6000     2.6000     2.6000     2.6000     2.6000     2.6000 

Total Fishing Mortality

Year       Average        StdDev
2021        1.0794        0.0000
2022        1.0794        0.0000
2023        1.0794        0.0000
2024        1.0794        0.0000
2025        0.7323        0.3027
2026        0.6628        0.4414
2027        0.6196        0.6501
2028        0.5470        0.5062
2029        0.5267        0.6586
2030        0.4752        0.6283
2031        0.4300        0.4843
2032        0.4019        0.4283
2033        0.3827        0.5138
2034        0.3667        0.4406

Total Fishing Mortality Distribution

Year       1%         5%         10%        25%        50%        75%        90%        95%        99%    
2021     1.0794     1.0794     1.0794     1.0794     1.0794     1.0794     1.0794     1.0794     1.0794 
2022     1.0794     1.0794     1.0794     1.0794     1.0794     1.0794     1.0794     1.0794     1.0794 
2023     1.0794     1.0794     1.0794     1.0794     1.0794     1.0794     1.0794     1.0794     1.0794 
2024     1.0794     1.0794     1.0794     1.0794     1.0794     1.0794     1.0794     1.0794     1.0794 
2025     0.2626     0.3594     0.4131     0.5182     0.6815     0.8693     1.0876     1.2585     1.7712 
2026     0.2054     0.2730     0.3214     0.4093     0.5706     0.7689     1.0526     1.3271     2.5682 
2027     0.1696     0.2209     0.2638     0.3533     0.4772     0.7012     1.0055     1.3447     2.4970 
2028     0.1482     0.1894     0.2333     0.3027     0.4239     0.6179     0.9399     1.2201     2.4808 
2029     0.1361     0.1742     0.2110     0.2719     0.3787     0.5625     0.8769     1.2446     2.7474 
2030     0.1275     0.1590     0.1913     0.2477     0.3429     0.5169     0.7942     1.0762     2.1999 
2031     0.1193     0.1522     0.1785     0.2324     0.3214     0.4671     0.7237     1.0000     1.9433 
2032     0.1145     0.1529     0.1733     0.2254     0.3011     0.4430     0.6985     1.0000     1.7297 
2033     0.1142     0.1477     0.1720     0.2170     0.2909     0.4031     0.6674     0.9695     1.4826 
2034     0.1113     0.1443     0.1707     0.2128     0.2790     0.3908     0.6186     0.8528     1.3693 

JAN-1 Stock Numbers at Age  -       1000  Fish

2021

Age        1%         5%         10%        25%        50%        75%        90%        95%        99%    
1      140.2370   175.0900   184.8320   216.7130   261.1480   317.3690   385.6290   409.5080   464.9250
2       58.9389    77.9477    80.8620    85.4451   100.4175   112.5240   125.3470   138.4980   148.4390
3       34.1986    41.3466    43.5177    47.9381    54.8765    60.4455    67.3245    74.4817    84.8335
4        4.4701     6.3288     7.3712     8.3369     9.5330    10.8358    12.5169    14.0136    20.6054
5        1.2938     1.6031     1.7337     2.2441     2.6907     3.2695     4.2092     4.8898     7.4995
6        0.2917     0.4842     0.6024     0.6936     0.9665     1.2287     1.8234     2.1765     5.0518
7        0.0278     0.0584     0.0739     0.1025     0.1591     0.2261     0.3164     0.3996     1.3049
8        0.0082     0.0292     0.0370     0.0584     0.1092     0.1670     0.2575     0.4456     2.1858
9        0.0003     0.0014     0.0021     0.0035     0.0085     0.0144     0.0223     0.0334     0.2402
10        0.0001     0.0005     0.0007     0.0015     0.0043     0.0069     0.0143     0.0242     0.2609
11        0.0000     0.0001     0.0002     0.0004     0.0014     0.0028     0.0051     0.0082     0.1988
12        0.0000     0.0000     0.0000     0.0000     0.0001     0.0003     0.0005     0.0008     0.0280
13        0.0000     0.0000     0.0000     0.0000     0.0000     0.0002     0.0003     0.0005     0.0316
14        0.0000     0.0000     0.0000     0.0000     0.0000     0.0000     0.0001     0.0001     0.0183
15+       0.0000     0.0000     0.0000     0.0000     0.0000     0.0000     0.0000     0.0000     0.0127

2022

Age        1%         5%         10%        25%        50%        75%        90%        95%        99%    
1       53.6320    75.4501    91.7019   133.1537   199.4452   293.2734   415.2206   508.9087   785.6354
2       86.2307   100.8563   107.7339   124.7128   151.6279   183.8102   221.1819   240.3131   271.5190
3       27.1890    34.4918    36.2092    39.2238    44.7372    50.8460    57.9077    62.3059    71.0258
4       11.7907    14.0641    14.9040    16.4921    18.7285    20.9352    23.6351    25.9758    31.3907
5        1.3985     1.9786     2.1746     2.5134     2.9157     3.3213     3.8851     4.3078     6.6521
6        0.3761     0.4546     0.5064     0.6466     0.7697     0.9770     1.2391     1.4357     2.3375
7        0.0929     0.1434     0.1743     0.2055     0.2755     0.3600     0.5314     0.6191     1.5381
8        0.0092     0.0177     0.0218     0.0303     0.0468     0.0664     0.0957     0.1285     0.4215
9        0.0026     0.0092     0.0113     0.0182     0.0337     0.0515     0.0814     0.1381     0.6830
10        0.0001     0.0004     0.0007     0.0011     0.0027     0.0045     0.0075     0.0109     0.0783
11        0.0000     0.0002     0.0002     0.0005     0.0014     0.0022     0.0049     0.0078     0.0973
12        0.0000     0.0000     0.0001     0.0001     0.0005     0.0009     0.0017     0.0028     0.0721
13        0.0000     0.0000     0.0000     0.0000     0.0000     0.0001     0.0002     0.0003     0.0099
14        0.0000     0.0000     0.0000     0.0000     0.0000     0.0001     0.0001     0.0002     0.0112
15+       0.0000     0.0000     0.0000     0.0000     0.0000     0.0000     0.0000     0.0001     0.0119

2023

Age        1%         5%         10%        25%        50%        75%        90%        95%        99%    
1       47.6544    74.3837    90.8420   134.8453   210.9789   317.6242   455.8076   589.2145   817.1985
2       31.1078    42.6860    52.9880    75.9871   115.4538   168.6720   242.4042   297.0190   457.2596
3       38.8603    45.5603    48.4875    56.1306    67.9787    83.4694   100.3271   108.9392   124.3917
4        9.3984    11.6477    12.2825    13.4693    15.3851    17.6157    20.0759    21.4231    24.8547
5        3.5508     4.1505     4.4772     4.9959     5.6553     6.3809     7.2069     7.9336     9.6324
6        0.4056     0.5697     0.6082     0.7185     0.8359     0.9610     1.1301     1.2596     1.8835
7        0.1091     0.1331     0.1470     0.1859     0.2227     0.2803     0.3581     0.4185     0.6884
8        0.0308     0.0432     0.0504     0.0612     0.0810     0.1080     0.1572     0.1860     0.4643
9        0.0029     0.0056     0.0066     0.0093     0.0141     0.0207     0.0298     0.0409     0.1257
10        0.0009     0.0029     0.0036     0.0058     0.0105     0.0162     0.0257     0.0434     0.2158
11        0.0000     0.0001     0.0002     0.0004     0.0009     0.0015     0.0024     0.0037     0.0280
12        0.0000     0.0001     0.0001     0.0002     0.0005     0.0008     0.0016     0.0026     0.0332
13        0.0000     0.0000     0.0000     0.0000     0.0002     0.0003     0.0006     0.0009     0.0241
14        0.0000     0.0000     0.0000     0.0000     0.0000     0.0000     0.0001     0.0001     0.0035
15+       0.0000     0.0000     0.0000     0.0000     0.0000     0.0000     0.0000     0.0001     0.0082

2024

Age        1%         5%         10%        25%        50%        75%        90%        95%        99%    
1       50.6280    77.0690    99.4689   146.6893   219.8329   325.7523   470.5476   576.5087   855.1179
2       27.8354    42.8749    51.6432    77.1799   120.0744   182.9174   268.6038   339.2530   485.9025
3       13.5276    19.1782    23.6988    34.6645    52.1694    76.4000   109.7181   132.9938   207.9309
4       13.0602    15.4028    16.6570    19.2951    23.5004    28.8535    34.1587    37.1280    42.6946
5        2.8633     3.4533     3.6779     4.0603     4.6457     5.3801     6.1473     6.5734     7.6160
6        0.9954     1.1773     1.2849     1.4343     1.6306     1.8514     2.0834     2.3148     2.7582
7        0.1175     0.1633     0.1794     0.2073     0.2416     0.2799     0.3238     0.3687     0.5412
8        0.0318     0.0387     0.0434     0.0549     0.0658     0.0826     0.1056     0.1260     0.1999
9        0.0088     0.0130     0.0152     0.0187     0.0248     0.0333     0.0483     0.0577     0.1440
10        0.0009     0.0017     0.0021     0.0029     0.0045     0.0065     0.0095     0.0127     0.0392
11        0.0003     0.0009     0.0012     0.0019     0.0035     0.0052     0.0084     0.0136     0.0782
12        0.0000     0.0000     0.0001     0.0001     0.0003     0.0005     0.0008     0.0012     0.0091
13        0.0000     0.0000     0.0000     0.0001     0.0002     0.0003     0.0005     0.0009     0.0108
14        0.0000     0.0000     0.0000     0.0000     0.0001     0.0001     0.0002     0.0003     0.0081
15+       0.0000     0.0000     0.0000     0.0000     0.0000     0.0000     0.0000     0.0001     0.0040

2025

Age        1%         5%         10%        25%        50%        75%        90%        95%        99%    
1       53.3817    74.8835    93.9608   139.4131   217.5164   333.6268   453.0138   553.4749   712.4044
2       30.9232    44.6517    56.1272    83.7581   128.2559   188.0776   272.6175   328.9317   482.8328
3       11.9932    19.5292    23.4293    34.7328    55.0602    83.7204   120.1754   152.7288   224.3655
4        4.6274     6.4217     8.3211    11.7855    17.9745    25.8736    37.9533    47.1235    72.6280
5        3.9030     4.6156     4.9695     5.8723     7.0677     8.7162    10.4767    11.4013    13.1318
6        0.7972     0.9733     1.0427     1.1718     1.3391     1.5594     1.7779     1.8926     2.1860
7        0.2887     0.3326     0.3653     0.4123     0.4715     0.5368     0.6139     0.6679     0.8102
8        0.0344     0.0478     0.0526     0.0608     0.0718     0.0831     0.0983     0.1098     0.1613
9        0.0096     0.0117     0.0133     0.0166     0.0202     0.0251     0.0331     0.0387     0.0613
10        0.0029     0.0041     0.0048     0.0059     0.0079     0.0105     0.0152     0.0183     0.0455
11        0.0003     0.0006     0.0007     0.0009     0.0015     0.0021     0.0031     0.0041     0.0146
12        0.0001     0.0003     0.0004     0.0006     0.0011     0.0017     0.0028     0.0045     0.0256
13        0.0000     0.0000     0.0000     0.0000     0.0001     0.0002     0.0003     0.0004     0.0030
14        0.0000     0.0000     0.0000     0.0000     0.0001     0.0001     0.0002     0.0003     0.0037
15+       0.0000     0.0000     0.0000     0.0000     0.0000     0.0000     0.0001     0.0001     0.0041

2026

Age        1%         5%         10%        25%        50%        75%        90%        95%        99%    
1       48.4036    80.3511   102.1214   146.1459   215.3138   313.4442   441.8097   576.2499   952.6804
2       31.1727    44.2820    54.3707    81.8630   127.5956   199.2922   273.1525   338.8498   423.9805
3       12.3325    20.5821    26.1301    40.1936    64.6632    99.1901   152.1758   190.5787   285.5675
4        3.5797     6.3701     8.5691    13.6587    24.0170    38.8294    60.6573    79.9754   124.0376
5        1.1913     2.2084     2.7649     4.3836     7.2627    11.2526    16.6064    22.2890    35.1471
6        0.9467     1.3675     1.6556     2.1614     2.7620     3.6121     4.4754     5.0483     5.9896
7        0.1722     0.2872     0.3410     0.4238     0.5211     0.6456     0.7722     0.8446     0.9856
8        0.0670     0.1061     0.1219     0.1496     0.1888     0.2260     0.2701     0.3008     0.3573
9        0.0093     0.0151     0.0184     0.0231     0.0285     0.0354     0.0437     0.0496     0.0692
10        0.0030     0.0042     0.0049     0.0064     0.0083     0.0109     0.0142     0.0167     0.0273
11        0.0009     0.0015     0.0018     0.0024     0.0032     0.0045     0.0065     0.0083     0.0203
12        0.0001     0.0002     0.0003     0.0004     0.0006     0.0009     0.0013     0.0018     0.0063
13        0.0001     0.0001     0.0002     0.0003     0.0005     0.0008     0.0013     0.0019     0.0108
14        0.0000     0.0000     0.0000     0.0000     0.0000     0.0001     0.0001     0.0002     0.0013
15+       0.0000     0.0000     0.0000     0.0000     0.0000     0.0001     0.0001     0.0002     0.0036

2027

Age        1%         5%         10%        25%        50%        75%        90%        95%        99%    
1       51.3348    83.2018   106.0549   148.1387   222.0282   327.4928   466.4784   575.9624   888.5786
2       26.9801    47.8114    58.8827    85.5283   128.3474   189.3651   271.8738   342.3275   556.9904
3       11.5337    19.8895    24.9884    40.5636    67.6915   109.7512   154.2548   198.5349   250.9603
4        2.2448     6.6232     9.8507    17.3517    29.7375    49.4014    81.2998   101.7805   163.5810
5        0.4545     1.7787     2.9119     5.3858    10.0575    18.5734    31.3479    40.4876    70.2302
6        0.1363     0.5575     0.9771     1.7331     2.9899     5.1254     8.1495    11.4901    19.6768
7        0.0885     0.3345     0.5467     0.8193     1.2076     1.6819     2.2565     2.5747     3.1152
8        0.0176     0.0753     0.1095     0.1618     0.2300     0.3132     0.3882     0.4499     0.5589
9        0.0075     0.0288     0.0397     0.0583     0.0838     0.1112     0.1392     0.1576     0.1920
10        0.0013     0.0044     0.0062     0.0094     0.0129     0.0173     0.0219     0.0258     0.0357
11        0.0004     0.0013     0.0018     0.0026     0.0037     0.0053     0.0073     0.0089     0.0139
12        0.0002     0.0005     0.0007     0.0010     0.0015     0.0022     0.0032     0.0042     0.0096
13        0.0000     0.0001     0.0001     0.0002     0.0003     0.0004     0.0007     0.0009     0.0033
14        0.0000     0.0000     0.0001     0.0001     0.0002     0.0004     0.0006     0.0009     0.0058
15+       0.0000     0.0000     0.0000     0.0000     0.0000     0.0001     0.0001     0.0002     0.0026

2028

Age        1%         5%         10%        25%        50%        75%        90%        95%        99%    
1       51.1366    79.1386   102.0752   149.4960   235.1612   352.3116   512.1037   642.1727  1030.6510
2       29.6621    47.9242    61.5574    87.8015   133.3358   195.7331   279.2329   348.3286   519.9582
3        9.2817    21.5507    29.3658    43.4591    69.2277   106.5114   157.2310   204.5501   340.5428
4        1.4254     6.2100    10.0670    17.9775    32.7178    57.6402    84.7028   112.1632   152.1984
5        0.2845     1.9515     3.2324     7.2379    13.8132    24.3635    42.3369    56.1651    98.0126
6        0.0500     0.5286     0.9572     2.2044     4.6111     9.4099    15.5884    21.4161    38.0482
7        0.0090     0.1396     0.3147     0.7007     1.3277     2.5115     4.2996     5.8460    10.1142
8        0.0089     0.0975     0.1750     0.3348     0.5630     0.8543     1.2045     1.4057     1.7660
9        0.0016     0.0220     0.0360     0.0658     0.1101     0.1598     0.2125     0.2486     0.3138
10        0.0007     0.0089     0.0137     0.0246     0.0410     0.0579     0.0760     0.0872     0.1116
11        0.0001     0.0013     0.0022     0.0040     0.0063     0.0090     0.0123     0.0150     0.0202
12        0.0000     0.0004     0.0007     0.0012     0.0018     0.0027     0.0039     0.0049     0.0080
13        0.0000     0.0001     0.0002     0.0005     0.0007     0.0011     0.0017     0.0023     0.0048
14        0.0000     0.0000     0.0000     0.0001     0.0001     0.0002     0.0004     0.0005     0.0017
15+       0.0000     0.0000     0.0000     0.0001     0.0001     0.0002     0.0004     0.0006     0.0044

2029

Age        1%         5%         10%        25%        50%        75%        90%        95%        99%    
1       48.1579    86.0974   106.4057   154.8952   227.4109   352.7132   537.5704   660.3643   985.4429
2       29.7238    46.0792    59.8180    87.7443   138.2405   212.7833   300.2289   389.6181   597.3338
3        9.5059    23.2443    29.7888    45.5865    73.2674   111.5907   165.1517   208.7469   324.8994
4        1.6884     6.9476    12.1892    19.2828    34.1813    56.2522    87.5712   119.8247   199.2864
5        0.1721     1.9562     3.5125     7.8676    15.5531    29.9081    47.0527    62.4282    93.0885
6        0.0353     0.5391     1.1130     3.0476     6.5989    12.4474    22.3267    31.3695    53.5470
7        0.0052     0.1316     0.3400     0.9361     2.1431     4.8661     8.2355    11.5014    21.8458
8        0.0019     0.0389     0.1153     0.3040     0.6563     1.2959     2.2017     3.1254     5.4629
9        0.0010     0.0248     0.0617     0.1454     0.2756     0.4535     0.6595     0.7954     1.0311
10        0.0005     0.0055     0.0138     0.0290     0.0547     0.0874     0.1171     0.1437     0.1888
11        0.0002     0.0019     0.0052     0.0108     0.0203     0.0316     0.0431     0.0512     0.0675
12        0.0000     0.0004     0.0009     0.0018     0.0032     0.0049     0.0069     0.0084     0.0119
13        0.0000     0.0001     0.0003     0.0005     0.0010     0.0015     0.0022     0.0027     0.0046
14        0.0000     0.0000     0.0001     0.0002     0.0004     0.0006     0.0010     0.0013     0.0027
15+       0.0000     0.0000     0.0000     0.0001     0.0001     0.0002     0.0004     0.0006     0.0031

2030

Age        1%         5%         10%        25%        50%        75%        90%        95%        99%    
1       45.2454    85.0948   105.6258   156.6513   244.9555   363.2821   491.9653   621.0138   925.8122
2       23.0949    49.1884    62.3246    92.4084   138.2022   214.8447   331.8658   400.8543   605.3625
3        7.0793    21.8657    29.9366    47.6140    75.4771   122.7094   178.3016   230.7678   367.8796
4        0.4741     7.6169    12.2343    21.8182    38.0960    60.6046    95.3708   119.1791   198.0550
5        0.0694     1.9359     4.3288     8.8097    17.0652    30.2879    49.1810    68.7806   114.6418
6        0.0038     0.4909     1.2253     3.4789     7.8525    15.9679    26.2111    35.1787    55.2163
7        0.0010     0.1513     0.3926     1.3467     3.2416     6.6229    12.1839    18.0868    29.1222
8        0.0008     0.0295     0.1326     0.4070     1.0874     2.6485     4.6507     6.5508    12.4708
9        0.0003     0.0094     0.0469     0.1383     0.3347     0.6959     1.2373     1.7910     3.0235
10        0.0002     0.0070     0.0230     0.0665     0.1437     0.2527     0.3662     0.4546     0.6183
11        0.0000     0.0013     0.0048     0.0133     0.0289     0.0483     0.0681     0.0846     0.1161
12        0.0000     0.0006     0.0020     0.0050     0.0109     0.0175     0.0247     0.0306     0.0394
13        0.0000     0.0001     0.0004     0.0009     0.0017     0.0028     0.0041     0.0049     0.0071
14        0.0000     0.0000     0.0001     0.0003     0.0005     0.0009     0.0013     0.0016     0.0027
15+       0.0000     0.0000     0.0001     0.0001     0.0003     0.0005     0.0008     0.0011     0.0034

2031

Age        1%         5%         10%        25%        50%        75%        90%        95%        99%    
1       38.5463    82.7937   111.7322   154.9423   239.6217   340.7811   501.1015   618.5174   922.4501
2       18.5332    49.4760    62.6158    93.5570   148.5131   221.2171   300.7369   374.2807   577.9803
3        3.0254    23.3369    33.2059    49.8284    76.4873   121.9622   195.1965   246.0068   375.3845
4        0.0184     7.7517    13.7029    22.7341    39.8554    68.3782   105.4843   133.0686   220.9061
5        0.0010     2.2433     4.6483    10.3602    19.4645    33.5304    52.0319    68.7951   121.9603
6        0.0010     0.7249     1.6375     4.0755     8.7321    16.5375    26.4955    39.0640    70.5048
7        0.0010     0.1507     0.4353     1.6011     4.0987     8.4757    14.3011    20.0762    33.5533
8        0.0010     0.0415     0.1483     0.6402     1.7141     3.5710     6.8751    10.8052    16.8526
9        0.0005     0.0092     0.0528     0.1887     0.5870     1.4624     2.6497     3.8069     6.9016
10        0.0001     0.0033     0.0186     0.0660     0.1749     0.3909     0.7164     1.0320     1.8363
11        0.0001     0.0021     0.0092     0.0307     0.0766     0.1445     0.2182     0.2638     0.3696
12        0.0000     0.0005     0.0020     0.0066     0.0156     0.0276     0.0404     0.0503     0.0673
13        0.0000     0.0002     0.0009     0.0025     0.0059     0.0102     0.0148     0.0183     0.0241
14        0.0000     0.0000     0.0001     0.0005     0.0010     0.0016     0.0023     0.0029     0.0045
15+       0.0000     0.0000     0.0001     0.0002     0.0004     0.0008     0.0012     0.0016     0.0034

2032

Age        1%         5%         10%        25%        50%        75%        90%        95%        99%    
1        0.0010    75.9901   104.1658   157.8409   240.4092   362.0908   508.0454   641.2330   970.8449
2        0.0010    49.4195    65.9903    92.5356   145.1137   207.7774   307.0456   379.1952   555.9694
3        0.0010    23.9420    32.9417    52.1554    83.3838   129.1149   181.1005   224.2051   345.8421
4        0.0010     9.4106    14.5538    24.2081    41.0509    69.0165   113.0750   146.8935   235.1323
5        0.0010     2.5978     5.3272    10.8151    20.9975    37.8324    61.4303    77.4876   133.4308
6        0.0010     0.5958     2.0670     4.8288     9.9590    17.9984    29.1703    39.4523    72.7494
7        0.0010     0.1816     0.6302     1.9774     4.5901     9.2034    14.9577    22.6094    42.7157
8        0.0010     0.0459     0.1866     0.7565     2.1185     4.6605     8.1328    11.7024    19.4529
9        0.0006     0.0124     0.0622     0.3105     0.9025     2.0236     4.0271     6.4247    10.3592
10        0.0002     0.0035     0.0207     0.0949     0.3091     0.8077     1.5177     2.2093     4.0327
11        0.0000     0.0010     0.0074     0.0324     0.0956     0.2307     0.4246     0.6148     1.1448
12        0.0000     0.0010     0.0034     0.0161     0.0421     0.0838     0.1291     0.1565     0.2238
13        0.0000     0.0002     0.0010     0.0035     0.0087     0.0162     0.0236     0.0298     0.0406
14        0.0000     0.0001     0.0004     0.0013     0.0033     0.0059     0.0087     0.0109     0.0151
15+       0.0000     0.0000     0.0001     0.0003     0.0008     0.0014     0.0021     0.0028     0.0044

2033

Age        1%         5%         10%        25%        50%        75%        90%        95%        99%    
1        0.0010    77.1936   104.4023   155.0099   243.7346   370.1143   528.0990   665.5117  1039.6980
2        0.0010    45.4512    62.2969    95.5994   147.6078   217.7279   310.3340   386.4153   583.1637
3        0.0010    24.0530    34.6933    51.6514    81.8932   121.8636   184.0132   228.6953   338.0319
4        0.0010     9.4571    14.9301    26.9593    44.9999    73.3394   106.2027   132.3904   213.1329
5        0.0010     3.2188     6.1533    11.9854    21.8007    38.2340    64.8961    86.1142   139.3386
6        0.0010     0.8473     2.0666     5.1989    11.0409    20.8494    34.9748    44.5554    76.0803
7        0.0010     0.1645     0.8075     2.4449     5.3784     9.8629    16.2830    23.1827    45.4090
8        0.0010     0.0465     0.2639     1.0026     2.4867     5.2427     8.6135    13.3295    25.7645
9        0.0010     0.0162     0.0738     0.3763     1.1408     2.6303     4.6884     6.8722    12.1708
10        0.0002     0.0040     0.0266     0.1581     0.5080     1.1513     2.3227     3.4162     6.5177
11        0.0001     0.0014     0.0083     0.0466     0.1678     0.4609     0.8954     1.3679     2.3008
12        0.0000     0.0008     0.0030     0.0172     0.0538     0.1307     0.2527     0.3448     0.6815
13        0.0000     0.0005     0.0014     0.0085     0.0235     0.0486     0.0763     0.0928     0.1373
14        0.0000     0.0001     0.0005     0.0018     0.0049     0.0093     0.0143     0.0180     0.0249
15+       0.0000     0.0001     0.0002     0.0009     0.0023     0.0043     0.0065     0.0083     0.0118

2034

Age        1%         5%         10%        25%        50%        75%        90%        95%        99%    
1        0.0010    83.8466   107.4640   157.7279   241.0967   355.9030   506.0596   670.7537  1046.5880
2        0.0010    45.2695    60.5006    95.1908   150.1026   223.1196   317.3849   404.5476   622.3003
3        0.0010    23.3738    32.9329    53.1927    85.0608   125.9862   185.8179   233.0374   352.0004
4        0.0010    10.2014    16.0401    26.7061    44.4730    69.1326   106.0221   137.6189   214.6807
5        0.0010     3.7286     6.1421    13.2631    23.9517    40.5502    60.1805    80.1669   129.0272
6        0.0010     1.1371     2.5976     5.9927    11.5791    21.1969    37.2350    49.1976    83.4214
7        0.0010     0.2536     0.9524     2.6991     5.8739    11.5981    19.5258    26.8343    45.9894
8        0.0010     0.0518     0.3430     1.2040     2.9217     5.6827     9.4470    13.5298    27.3275
9        0.0010     0.0171     0.1151     0.5081     1.3836     2.9404     5.1046     7.7801    15.1869
10        0.0004     0.0056     0.0331     0.1956     0.6378     1.4856     2.6719     4.1138     6.9073
11        0.0001     0.0016     0.0106     0.0814     0.2889     0.6735     1.3478     2.0257     3.9009
12        0.0000     0.0010     0.0040     0.0252     0.0948     0.2659     0.5229     0.7953     1.4178
13        0.0000     0.0003     0.0014     0.0092     0.0316     0.0750     0.1469     0.2100     0.4199
14        0.0000     0.0002     0.0010     0.0046     0.0133     0.0285     0.0463     0.0566     0.0848
15+       0.0000     0.0001     0.0004     0.0014     0.0041     0.0081     0.0123     0.0163     0.0208

Probability Spawning Stock Biomass Exceeds Threshold      3.660 (1000 MT)

Year    Probability

2021    0.018000
2022    0.021000
2023    0.199000
2024    0.259000
2025    0.428000
2026    0.614000
2027    0.709000
2028    0.765000
2029    0.817000
2030    0.835000
2031    0.862000
2032    0.881000
2033    0.897000
2034    0.908000

Probability Threshold Exceeded at Least Once =     0.9610

Probability Total Fishing Mortality Exceeds Threshold     0.8413 

Year    Probability

2021    1.000000
2022    1.000000
2023    1.000000
2024    1.000000
2025    0.277000
2026    0.199000
2027    0.164000
2028    0.130000
2029    0.107000
2030    0.081000
2031    0.075000
2032    0.060000
2033    0.048000
2034    0.035000

Probability Threshold Exceeded at Least Once =     1.0000


Requested Percentile Report

Percentile =    50.00 %

                                 2021       2022       2023       2024       2025       2026       2027       2028       2029       2030       2031       2032       2033       2034 

Recruits                     199.4452   210.9789   219.8329   217.5164   215.3138   222.0282   235.1612   227.4109   244.9555   239.6217   240.4092   243.7346   241.0967   246.1658 
Spawning Stock Biomass         2.2170     2.5885     3.0058     2.9699     3.3984     4.2293     5.2421     5.9001     6.6341     7.4480     8.0897     8.6689     9.1149     9.5792 
Jan-1 Stock Biomass            9.2279     9.9078    10.2456    10.5919    10.8751    12.1418    13.3298    14.8010    15.7862    16.6909    17.4792    18.1518    18.7743    19.4181 
Mean Biomass                   8.2778     8.7094     8.9780     9.2239    10.1052    11.3720    12.3470    13.6135    14.6854    15.4866    16.1667    16.9198    17.5972    17.8436 
Combined Catch Biomass         2.9080     3.4578     3.6891     3.7391     2.6000     2.6000     2.6000     2.6000     2.6000     2.6000     2.6000     2.6000     2.6000     2.6000 
Landings                       2.9080     3.4578     3.6891     3.7391     2.6000     2.6000     2.6000     2.6000     2.6000     2.6000     2.6000     2.6000     2.6000     2.6000 
FMort                          1.0794     1.0794     1.0794     1.0794     0.6815     0.5706     0.4772     0.4239     0.3787     0.3429     0.3214     0.3011     0.2909     0.2790 

Stock Numbers at Age
Age 1                        261.1480   199.4452   210.9789   219.8329   217.5164   215.3138   222.0282   235.1612   227.4109   244.9555   239.6217   240.4092   243.7346   241.0967 
Age 2                        100.4175   151.6279   115.4538   120.0744   128.2559   127.5956   128.3474   133.3358   138.2405   138.2022   148.5131   145.1137   147.6078   150.1026 
Age 3                         54.8765    44.7372    67.9787    52.1694    55.0602    64.6632    67.6915    69.2277    73.2674    75.4771    76.4873    83.3838    81.8932    85.0608 
Age 4                          9.5330    18.7285    15.3851    23.5004    17.9745    24.0170    29.7375    32.7178    34.1813    38.0960    39.8554    41.0509    44.9999    44.4730 
Age 5                          2.6907     2.9157     5.6553     4.6457     7.0677     7.2627    10.0575    13.8132    15.5531    17.0652    19.4645    20.9975    21.8007    23.9517 
Age 6                          0.9665     0.7697     0.8359     1.6306     1.3391     2.7620     2.9899     4.6111     6.5989     7.8525     8.7321     9.9590    11.0409    11.5791 
Age 7                          0.1591     0.2755     0.2227     0.2416     0.4715     0.5211     1.2076     1.3277     2.1431     3.2416     4.0987     4.5901     5.3784     5.8739 
Age 8                          0.1092     0.0468     0.0810     0.0658     0.0718     0.1888     0.2300     0.5630     0.6563     1.0874     1.7141     2.1185     2.4867     2.9217 
Age 9                          0.0085     0.0337     0.0141     0.0248     0.0202     0.0285     0.0838     0.1101     0.2756     0.3347     0.5870     0.9025     1.1408     1.3836 
Age 10                          0.0043     0.0027     0.0105     0.0045     0.0079     0.0083     0.0129     0.0410     0.0547     0.1437     0.1749     0.3091     0.5080     0.6378 
Age 11                          0.0014     0.0014     0.0009     0.0035     0.0015     0.0032     0.0037     0.0063     0.0203     0.0289     0.0766     0.0956     0.1678     0.2889 
Age 12                          0.0001     0.0005     0.0005     0.0003     0.0011     0.0006     0.0015     0.0018     0.0032     0.0109     0.0156     0.0421     0.0538     0.0948 
Age 13                          0.0000     0.0000     0.0002     0.0002     0.0001     0.0005     0.0003     0.0007     0.0010     0.0017     0.0059     0.0087     0.0235     0.0316 
Age 14                          0.0000     0.0000     0.0000     0.0001     0.0001     0.0000     0.0002     0.0001     0.0004     0.0005     0.0010     0.0033     0.0049     0.0133 
Age 15                          0.0000     0.0000     0.0000     0.0000     0.0000     0.0000     0.0000     0.0001     0.0001     0.0003     0.0004     0.0008     0.0023     0.0041 
