AGEPRO VERSION 4.2

Constant_Q_LT

Date & Time of Run: 05 Apr 2024  15:08

Input File Name:    constant_Q_LT.inp

First Age Class:                         1
Number of Age Classes:                  15
Number of Years in Projection:          14
Number of Fleets:                        9
Number of Recruitment Models:            1
Number of Bootstraps:                  100
Number of Simulations:                 100

Bootstrap File Name:            C:\Users\jon.brodziak\Desktop\2024 WCNPO MLS Rebuilding\Bootstrap-numbers-at-age\2023_WCNPOMLS.bsn

Number of Feasible Solutions:       9830  of      10000 Realizations

Input Harvest Scenario

Year  Type        Fleet-1    Fleet-2    Fleet-3    Fleet-4    Fleet-5    Fleet-6    Fleet-7    Fleet-8    Fleet-9    

2021  F-Mult       0.1651     0.0453     0.2588     0.0166     0.0610     0.0487     0.0642     0.0722     0.3475 
2022  F-Mult       0.1651     0.0453     0.2588     0.0166     0.0610     0.0487     0.0642     0.0722     0.3475 
2023  F-Mult       0.1651     0.0453     0.2588     0.0166     0.0610     0.0487     0.0642     0.0722     0.3475 
2024  F-Mult       0.1651     0.0453     0.2588     0.0166     0.0610     0.0487     0.0642     0.0722     0.3475 
2025  Landings        359        142        743         66        217         97        187        337        351 
2026  Landings        359        142        743         66        217         97        187        337        351 
2027  Landings        359        142        743         66        217         97        187        337        351 
2028  Landings        359        142        743         66        217         97        187        337        351 
2029  Landings        359        142        743         66        217         97        187        337        351 
2030  Landings        359        142        743         66        217         97        187        337        351 
2031  Landings        359        142        743         66        217         97        187        337        351 
2032  Landings        359        142        743         66        217         97        187        337        351 
2033  Landings        359        142        743         66        217         97        187        337        351 
2034  Landings        359        142        743         66        217         97        187        337        351 

Recruits        1000  Fish

Year Class   Average        StdDev
2021        240.1172      157.7004
2022        249.0716      161.7331
2023        256.9348      171.1190
2024        258.8691      169.9905
2025        260.0720      171.2987
2026        273.1958      186.8367
2027        272.7888      186.8561
2028        276.2793      184.8625
2029        278.5505      186.2230
2030        285.4227      194.0017
2031        285.5545      194.9241
2032        287.1634      195.1295
2033        286.5036      194.4354
2034        291.2122      199.4422

Recruits Distribution

Year Class 1%         5%         10%        25%        50%        75%        90%        95%        99%    
2021    50.0303    75.7768    92.8919   133.0947   200.8631   301.6425   431.0709   536.6710   791.3356
2022    49.3684    75.6720    94.9602   137.9523   209.8229   315.1665   450.1866   560.4112   830.1559
2023    52.5843    79.6695    99.2469   141.9808   213.8883   323.7952   459.0483   571.7018   884.5698
2024    51.6430    80.4655    99.8979   144.5446   215.8527   324.2750   461.9702   580.2100   866.9945
2025    52.9486    81.0046    99.7784   144.8852   217.8714   324.5991   465.0358   580.9339   886.1746
2026    50.3805    80.9715   103.5936   150.2750   226.0012   339.7601   499.6609   616.5649   965.0983
2027    53.6133    83.0851   103.8457   149.2739   225.8168   340.6564   494.7639   614.5015   942.2079
2028    49.4820    81.9093   105.2412   153.6602   229.3944   345.4297   500.7812   631.9263   918.8707
2029    40.9971    80.5369   103.4143   152.2133   234.2728   350.3649   508.7753   634.7564   974.6238
2030    31.3416    80.5709   105.4724   155.7987   240.1039   358.0666   516.2186   650.8313   990.4438
2031     0.0010    80.6867   105.1361   158.2827   238.9728   361.5191   523.5386   645.6309   945.7805
2032     0.0010    77.4873   102.7575   158.1338   240.3037   363.3608   525.1897   654.0561   995.6524
2033     0.0010    81.7501   106.1708   159.3700   240.9133   360.9633   517.0240   645.1393  1010.6780
2034     0.0010    78.9459   105.3283   159.3581   242.0761   368.9728   537.5110   680.4403  1010.4670

Spawning Stock Biomass  x       1000 MT

Year       Average        StdDev
2021        2.2946        0.4586
2022        2.6108        0.4300
2023        3.1227        0.7296
2024        3.2140        1.1560
2025        3.8009        1.7092
2026        4.9259        2.7123
2027        5.9734        3.4667
2028        6.8869        3.9811
2029        7.7353        4.4943
2030        8.4387        4.8617
2031        9.0204        5.0592
2032        9.5387        5.2081
2033       10.0064        5.3293
2034       10.3789        5.4039

Spawning Stock Biomass Distribution

Year        1%         5%         10%        25%        50%        75%        90%        95%        99%   
2021     1.4646     1.7228     1.8291     1.9962     2.2228     2.5122     2.8117     3.0234     4.1413 
2022     1.7584     1.9612     2.0853     2.3125     2.5791     2.8637     3.1869     3.4030     3.7629 
2023     1.8783     2.1321     2.2914     2.6035     3.0240     3.5244     4.0802     4.4523     5.2741 
2024     1.5341     1.8473     2.0366     2.4250     2.9835     3.7363     4.6565     5.3139     7.0725 
2025     1.1725     1.7006     1.9784     2.6126     3.4717     4.6307     6.0424     6.9968     9.3616 
2026     0.8263     1.6184     2.0923     3.0463     4.4168     6.2187     8.3108     9.9890    13.6708 
2027     0.6854     1.6379     2.2912     3.5258     5.3678     7.7028    10.4000    12.4017    17.2032 
2028     0.5351     1.7396     2.5139     4.0292     6.2427     8.8944    12.0836    14.3939    19.6907 
2029     0.3813     1.8448     2.7816     4.5657     7.0453    10.0614    13.3399    15.9478    21.9380 
2030     0.1497     1.9204     3.0109     5.0382     7.7323    10.9840    14.5497    17.2918    23.6294 
2031     0.0010     2.0760     3.2850     5.5287     8.3972    11.6984    15.4252    18.1442    24.7458 
2032     0.0010     2.2347     3.6210     5.8998     8.8798    12.3827    16.2206    18.8683    25.4418 
2033     0.0010     2.5071     3.8984     6.3189     9.3726    12.9001    16.8505    19.8155    25.5947 
2034     0.0010     2.7131     4.1046     6.7036     9.8025    13.3816    17.2065    20.4111    26.1855 

JAN-1 Stock Biomass  x       1000 MT

Year       Average        StdDev
2021        9.2996        1.5957
2022       10.3753        2.6083
2023       10.9846        3.3712
2024       11.3400        3.8283
2025       11.5849        4.0576
2026       13.0291        4.9603
2027       14.4609        5.8282
2028       15.6839        6.4890
2029       16.7417        6.9997
2030       17.6273        7.3081
2031       18.4370        7.5596
2032       19.1270        7.7690
2033       19.6966        7.9130
2034       20.1763        8.0344

JAN-1 Stock Biomass Distribution

Year       1%         5%         10%        25%        50%        75%        90%        95%        99%    
2021     6.3228     6.9378     7.3651     8.1756     9.1776    10.1337    11.5520    12.3126    13.7328 
2022     6.2020     7.0328     7.5751     8.5957     9.9138    11.7139    13.6489    15.0816    18.5280 
2023     5.6058     6.6954     7.3420     8.5817    10.4115    12.7138    15.3621    17.1697    21.6366 
2024     5.2560     6.4439     7.1810     8.6291    10.6994    13.2999    16.2907    18.3941    23.1350 
2025     5.1373     6.4204     7.2253     8.7506    10.8682    13.6494    16.6699    19.0669    24.3692 
2026     4.7683     6.4762     7.5161     9.4904    12.2909    15.6299    19.5296    22.2695    28.2659 
2027     4.4336     6.6786     7.9077    10.3766    13.6546    17.5389    22.0463    25.0537    31.9627 
2028     4.1587     6.7722     8.3230    11.1891    14.8813    19.2215    23.8394    27.3997    35.0718 
2029     3.5635     7.0002     8.7310    11.8972    15.9473    20.6427    25.5129    29.1593    37.8732 
2030     2.7591     7.3297     9.1991    12.6578    16.9066    21.7045    26.8563    30.7262    38.7916 
2031     1.5989     7.6403     9.6845    13.4256    17.6887    22.7847    28.0381    31.7939    40.5908 
2032     0.0010     7.9503    10.1759    14.0441    18.4135    23.5096    28.9717    33.0758    40.7819 
2033     0.0010     8.3066    10.6810    14.5338    19.0456    24.1611    29.7324    33.6903    41.8887 
2034     0.0010     8.6136    10.9908    15.0197    19.6066    24.7147    30.2949    34.2804    42.6824 

Mean Biomass  x       1000 MT

Year       Average        StdDev
2021        8.4094        1.5323
2022        9.1969        2.7074
2023        9.5980        3.2823
2024        9.8797        3.6003
2025       10.8183        4.3199
2026       12.1839        5.1320
2027       13.5234        5.9067
2028       14.6564        6.5532
2029       15.6057        6.9342
2030       16.4294        7.2289
2031       17.1735        7.4192
2032       17.8111        7.6261
2033       18.3275        7.7408
2034       18.7498        7.8482

Mean Biomass Distribution

Year       1%         5%         10%        25%        50%        75%        90%        95%        99%    
2021     5.6510     6.1792     6.5778     7.2669     8.2876     9.2850    10.5186    11.2836    12.5714 
2022     5.1409     5.8954     6.4020     7.3836     8.6543    10.4494    12.5296    14.1522    18.1280 
2023     4.5691     5.5138     6.0868     7.2746     9.0094    11.1980    13.8822    15.8072    20.1452 
2024     4.3148     5.3528     6.0218     7.3575     9.2457    11.6531    14.4357    16.5275    21.5605 
2025     3.9574     5.3374     6.2086     7.8372    10.0603    12.9521    16.3181    18.7290    24.5987 
2026     3.7331     5.4191     6.4983     8.5512    11.4310    14.7731    18.8991    21.6128    28.1832 
2027     3.3966     5.6005     6.8888     9.3838    12.6914    16.6650    21.1211    24.3390    31.9079 
2028     3.1052     5.7795     7.2990    10.0968    13.8246    18.1998    22.7613    26.3317    34.2119 
2029     2.4843     5.9756     7.7317    10.8722    14.8511    19.3947    24.3883    28.0251    36.3847 
2030     1.6360     6.2235     8.1100    11.5245    15.7055    20.4383    25.5679    29.3047    37.7816 
2031     0.0010     6.4998     8.6997    12.2081    16.4320    21.4209    26.5387    30.4313    38.8735 
2032     0.0010     6.8179     9.0165    12.8031    17.1449    22.0926    27.4575    31.3791    39.6543 
2033     0.0010     7.1815     9.4936    13.2046    17.7670    22.5497    28.2937    32.0069    39.9177 
2034     0.0010     7.4358     9.8192    13.6507    18.1795    23.1237    28.6890    32.4036    41.4380 

Combined Catch Biomass  x       1000 MT

Year       Average        StdDev
2021        2.9742        0.4778
2022        3.5242        0.6159
2023        3.8653        1.0469
2024        3.9913        1.3146
2025        2.5000        0.0000
2026        2.4997        0.0250
2027        2.4985        0.0612
2028        2.4945        0.1171
2029        2.4870        0.1798
2030        2.4790        0.2282
2031        2.4708        0.2688
2032        2.4655        0.2917
2033        2.4592        0.3166
2034        2.4575        0.3232

Combined Catch Distribution

Year       1%         5%         10%        25%        50%        75%        90%        95%        99%    
2021     1.9764     2.3538     2.4524     2.6622     2.9140     3.2280     3.5384     3.7946     4.6981 
2022     2.3966     2.6303     2.7827     3.0723     3.4653     3.8833     4.3689     4.6569     5.2003 
2023     2.2288     2.5526     2.7604     3.1482     3.6865     4.3733     5.1829     5.7682     7.2564 
2024     1.9502     2.3469     2.5849     3.0644     3.7657     4.6611     5.6674     6.4225     8.2001 
2025     2.5000     2.5000     2.5000     2.5000     2.5000     2.5000     2.5000     2.5000     2.5000 
2026     2.5000     2.5000     2.5000     2.5000     2.5000     2.5000     2.5000     2.5000     2.5000 
2027     2.5000     2.5000     2.5000     2.5000     2.5000     2.5000     2.5000     2.5000     2.5000 
2028     2.5000     2.5000     2.5000     2.5000     2.5000     2.5000     2.5000     2.5000     2.5000 
2029     2.5000     2.5000     2.5000     2.5000     2.5000     2.5000     2.5000     2.5000     2.5000 
2030     2.5000     2.5000     2.5000     2.5000     2.5000     2.5000     2.5000     2.5000     2.5000 
2031     0.0000     2.5000     2.5000     2.5000     2.5000     2.5000     2.5000     2.5000     2.5000 
2032     0.0000     2.5000     2.5000     2.5000     2.5000     2.5000     2.5000     2.5000     2.5000 
2033     0.0000     2.5000     2.5000     2.5000     2.5000     2.5000     2.5000     2.5000     2.5000 
2034     0.0000     2.5000     2.5000     2.5000     2.5000     2.5000     2.5000     2.5000     2.5000 

Landings  x       1000 MT

Year       Average        StdDev
2021        2.9742        0.4778
2022        3.5242        0.6159
2023        3.8653        1.0469
2024        3.9913        1.3146
2025        2.5000        0.0000
2026        2.4997        0.0250
2027        2.4985        0.0612
2028        2.4945        0.1171
2029        2.4870        0.1798
2030        2.4790        0.2282
2031        2.4708        0.2688
2032        2.4655        0.2917
2033        2.4592        0.3166
2034        2.4575        0.3232

Landings Distribution

Year       1%         5%         10%        25%        50%        75%        90%        95%        99%    
2021     1.9764     2.3538     2.4524     2.6622     2.9140     3.2280     3.5384     3.7946     4.6981 
2022     2.3966     2.6303     2.7827     3.0723     3.4653     3.8833     4.3689     4.6569     5.2003 
2023     2.2288     2.5526     2.7604     3.1482     3.6865     4.3733     5.1829     5.7682     7.2564 
2024     1.9502     2.3469     2.5849     3.0644     3.7657     4.6611     5.6674     6.4225     8.2001 
2025     2.5000     2.5000     2.5000     2.5000     2.5000     2.5000     2.5000     2.5000     2.5000 
2026     2.5000     2.5000     2.5000     2.5000     2.5000     2.5000     2.5000     2.5000     2.5000 
2027     2.5000     2.5000     2.5000     2.5000     2.5000     2.5000     2.5000     2.5000     2.5000 
2028     2.5000     2.5000     2.5000     2.5000     2.5000     2.5000     2.5000     2.5000     2.5000 
2029     2.5000     2.5000     2.5000     2.5000     2.5000     2.5000     2.5000     2.5000     2.5000 
2030     2.5000     2.5000     2.5000     2.5000     2.5000     2.5000     2.5000     2.5000     2.5000 
2031     0.0000     2.5000     2.5000     2.5000     2.5000     2.5000     2.5000     2.5000     2.5000 
2032     0.0000     2.5000     2.5000     2.5000     2.5000     2.5000     2.5000     2.5000     2.5000 
2033     0.0000     2.5000     2.5000     2.5000     2.5000     2.5000     2.5000     2.5000     2.5000 
2034     0.0000     2.5000     2.5000     2.5000     2.5000     2.5000     2.5000     2.5000     2.5000 

Total Fishing Mortality

Year       Average        StdDev
2021        1.0794        0.0000
2022        1.0794        0.0000
2023        1.0794        0.0000
2024        1.0794        0.0000
2025        0.6986        0.2846
2026        0.6219        0.4062
2027        0.5632        0.4849
2028        0.5179        0.5788
2029        0.4741        0.5815
2030        0.4372        0.5424
2031        0.4033        0.4735
2032        0.3845        0.4862
2033        0.3558        0.3864
2034        0.3517        0.4725

Total Fishing Mortality Distribution

Year       1%         5%         10%        25%        50%        75%        90%        95%        99%    
2021     1.0794     1.0794     1.0794     1.0794     1.0794     1.0794     1.0794     1.0794     1.0794 
2022     1.0794     1.0794     1.0794     1.0794     1.0794     1.0794     1.0794     1.0794     1.0794 
2023     1.0794     1.0794     1.0794     1.0794     1.0794     1.0794     1.0794     1.0794     1.0794 
2024     1.0794     1.0794     1.0794     1.0794     1.0794     1.0794     1.0794     1.0794     1.0794 
2025     0.2694     0.3501     0.4017     0.5034     0.6452     0.8338     1.0518     1.2199     1.6257 
2026     0.1937     0.2619     0.3036     0.3937     0.5325     0.7330     1.0076     1.2543     2.1589 
2027     0.1572     0.2133     0.2492     0.3259     0.4481     0.6470     0.9345     1.2203     2.3958 
2028     0.1360     0.1846     0.2166     0.2836     0.3891     0.5712     0.8575     1.1540     2.5974 
2029     0.1220     0.1657     0.1979     0.2535     0.3502     0.5157     0.7900     1.0795     2.5410 
2030     0.1118     0.1565     0.1836     0.2360     0.3213     0.4713     0.7310     1.0000     2.3467 
2031     0.1069     0.1484     0.1735     0.2220     0.3008     0.4336     0.6807     0.9863     1.9745 
2032     0.1085     0.1442     0.1669     0.2123     0.2865     0.4105     0.6285     0.9169     1.8550 
2033     0.1068     0.1378     0.1608     0.2050     0.2733     0.3866     0.5927     0.8480     1.5723 
2034     0.1069     0.1373     0.1574     0.1999     0.2632     0.3707     0.5619     0.8053     1.5451 

JAN-1 Stock Numbers at Age  -       1000  Fish

2021

Age        1%         5%         10%        25%        50%        75%        90%        95%        99%    
1      140.2370   175.0900   184.8320   216.7130   261.1480   317.3690   385.6290   409.5080   464.9250
2       58.9389    77.9477    80.8620    85.4451   100.4175   112.5240   125.3470   138.4980   148.4390
3       34.1986    41.3466    43.5177    47.9381    54.8765    60.4455    67.3245    74.4817    84.8335
4        4.4701     6.3288     7.3712     8.3369     9.5330    10.8358    12.5169    14.0136    20.6054
5        1.2938     1.6031     1.7337     2.2441     2.6907     3.2695     4.2092     4.8898     7.4995
6        0.2917     0.4842     0.6024     0.6936     0.9665     1.2287     1.8234     2.1765     5.0518
7        0.0278     0.0584     0.0739     0.1025     0.1591     0.2261     0.3164     0.3996     1.3049
8        0.0082     0.0292     0.0370     0.0584     0.1092     0.1670     0.2575     0.4456     2.1858
9        0.0003     0.0014     0.0021     0.0035     0.0085     0.0144     0.0223     0.0334     0.2402
10        0.0001     0.0005     0.0007     0.0015     0.0043     0.0069     0.0143     0.0242     0.2609
11        0.0000     0.0001     0.0002     0.0004     0.0014     0.0028     0.0051     0.0082     0.1988
12        0.0000     0.0000     0.0000     0.0000     0.0001     0.0003     0.0005     0.0008     0.0280
13        0.0000     0.0000     0.0000     0.0000     0.0000     0.0002     0.0003     0.0005     0.0316
14        0.0000     0.0000     0.0000     0.0000     0.0000     0.0000     0.0001     0.0001     0.0183
15+       0.0000     0.0000     0.0000     0.0000     0.0000     0.0000     0.0000     0.0000     0.0127

2022

Age        1%         5%         10%        25%        50%        75%        90%        95%        99%    
1       50.0303    75.7768    92.8919   133.0947   200.8631   301.6425   431.0709   536.6710   791.3356
2       85.4880   100.6189   107.1132   123.6464   150.3279   183.7768   223.7888   241.9075   277.1210
3       26.7154    34.4891    36.1954    39.2461    44.7917    51.1391    57.8316    62.7737    70.9710
4       11.8874    13.8929    14.9545    16.5335    18.5470    20.8284    23.5771    26.0813    31.2268
5        1.4356     1.9438     2.1949     2.5223     2.9130     3.3234     3.8788     4.2928     6.6015
6        0.3760     0.4618     0.5086     0.6439     0.7743     0.9497     1.2388     1.4473     2.4242
7        0.0944     0.1445     0.1719     0.2055     0.2736     0.3642     0.5322     0.6282     1.6247
8        0.0096     0.0178     0.0219     0.0304     0.0465     0.0675     0.0965     0.1270     0.4419
9        0.0028     0.0092     0.0114     0.0183     0.0337     0.0513     0.0807     0.1365     0.7756
10        0.0001     0.0004     0.0007     0.0011     0.0027     0.0045     0.0074     0.0112     0.0867
11        0.0000     0.0002     0.0002     0.0005     0.0014     0.0022     0.0050     0.0080     0.1018
12        0.0000     0.0000     0.0001     0.0001     0.0005     0.0009     0.0017     0.0028     0.0730
13        0.0000     0.0000     0.0000     0.0000     0.0000     0.0001     0.0002     0.0003     0.0104
14        0.0000     0.0000     0.0000     0.0000     0.0000     0.0001     0.0001     0.0002     0.0120
15+       0.0000     0.0000     0.0000     0.0000     0.0000     0.0000     0.0000     0.0001     0.0120

2023

Age        1%         5%         10%        25%        50%        75%        90%        95%        99%    
1       49.3684    75.6720    94.9602   137.9523   209.8229   315.1665   450.1866   560.4112   830.1559
2       28.6838    43.6282    53.2458    76.9039   115.3769   173.5435   249.4684   306.5475   461.3082
3       38.6587    45.1757    48.1591    55.9304    68.0380    83.4295   100.9755   110.1806   126.6446
4        9.1253    11.5251    12.2632    13.4845    15.3526    17.6163    20.0188    21.6993    24.8471
5        3.5451     4.1681     4.4958     4.9892     5.6208     6.3459     7.2099     7.9288     9.5753
6        0.4097     0.5615     0.6287     0.7256     0.8410     0.9655     1.1247     1.2533     1.9086
7        0.1089     0.1317     0.1477     0.1853     0.2227     0.2773     0.3627     0.4207     0.7187
8        0.0292     0.0430     0.0504     0.0609     0.0812     0.1090     0.1594     0.1855     0.4843
9        0.0030     0.0054     0.0067     0.0093     0.0141     0.0207     0.0293     0.0392     0.1400
10        0.0010     0.0029     0.0036     0.0058     0.0106     0.0163     0.0257     0.0429     0.2499
11        0.0000     0.0001     0.0002     0.0004     0.0009     0.0015     0.0024     0.0036     0.0289
12        0.0000     0.0001     0.0001     0.0002     0.0005     0.0007     0.0016     0.0027     0.0333
13        0.0000     0.0000     0.0000     0.0000     0.0002     0.0003     0.0006     0.0009     0.0266
14        0.0000     0.0000     0.0000     0.0000     0.0000     0.0000     0.0001     0.0001     0.0036
15+       0.0000     0.0000     0.0000     0.0000     0.0000     0.0000     0.0000     0.0001     0.0083

2024

Age        1%         5%         10%        25%        50%        75%        90%        95%        99%    
1       52.5843    79.6695    99.2469   141.9808   213.8883   323.7952   459.0483   571.7018   884.5698
2       28.3254    43.6859    54.3699    79.0253   120.5158   181.5927   260.0949   325.0680   471.2948
3       12.7400    19.5823    24.1178    34.7044    52.1581    78.5494   112.6701   138.6839   211.3843
4       13.1120    15.3018    16.5082    19.1961    23.3833    28.6583    34.5933    38.0505    43.9492
5        2.7507     3.4362     3.6783     4.0717     4.6592     5.3647     6.1044     6.6374     7.5404
6        1.0150     1.1937     1.2854     1.4364     1.6246     1.8458     2.1027     2.2942     2.7915
7        0.1176     0.1615     0.1799     0.2091     0.2424     0.2804     0.3290     0.3674     0.5467
8        0.0316     0.0388     0.0436     0.0547     0.0662     0.0827     0.1083     0.1263     0.2123
9        0.0089     0.0131     0.0153     0.0188     0.0250     0.0336     0.0487     0.0571     0.1467
10        0.0010     0.0017     0.0021     0.0029     0.0045     0.0065     0.0093     0.0126     0.0459
11        0.0003     0.0009     0.0012     0.0019     0.0034     0.0053     0.0084     0.0138     0.0872
12        0.0000     0.0000     0.0001     0.0001     0.0003     0.0005     0.0008     0.0012     0.0096
13        0.0000     0.0000     0.0000     0.0001     0.0002     0.0003     0.0005     0.0009     0.0113
14        0.0000     0.0000     0.0000     0.0000     0.0001     0.0001     0.0002     0.0003     0.0093
15+       0.0000     0.0000     0.0000     0.0000     0.0000     0.0000     0.0000     0.0001     0.0043

2025

Age        1%         5%         10%        25%        50%        75%        90%        95%        99%    
1       51.6430    80.4655    99.8979   144.5446   215.8527   324.2750   461.9702   580.2100   866.9945
2       30.2148    45.6034    57.2173    81.4633   123.4453   186.7248   265.0193   328.4596   514.8707
3       12.8412    19.6987    24.5070    35.6683    54.5187    82.1875   118.1768   146.2117   215.1194
4        4.3627     6.7158     8.2516    11.8382    17.9221    26.9596    38.7683    48.0482    73.5755
5        3.9684     4.6172     4.9684     5.7949     7.1134     8.6985    10.5275    11.5406    13.4499
6        0.7908     0.9730     1.0499     1.1757     1.3441     1.5548     1.7797     1.9352     2.2016
7        0.2923     0.3402     0.3685     0.4137     0.4694     0.5375     0.6141     0.6691     0.8172
8        0.0354     0.0473     0.0529     0.0619     0.0721     0.0838     0.0982     0.1102     0.1625
9        0.0097     0.0118     0.0134     0.0167     0.0203     0.0255     0.0331     0.0388     0.0656
10        0.0028     0.0041     0.0048     0.0059     0.0079     0.0107     0.0154     0.0180     0.0467
11        0.0003     0.0006     0.0007     0.0010     0.0014     0.0021     0.0030     0.0041     0.0161
12        0.0001     0.0003     0.0004     0.0006     0.0011     0.0018     0.0028     0.0046     0.0289
13        0.0000     0.0000     0.0000     0.0000     0.0001     0.0002     0.0003     0.0004     0.0032
14        0.0000     0.0000     0.0000     0.0000     0.0001     0.0001     0.0002     0.0003     0.0038
15+       0.0000     0.0000     0.0000     0.0000     0.0000     0.0000     0.0001     0.0001     0.0046

2026

Age        1%         5%         10%        25%        50%        75%        90%        95%        99%    
1       52.9486    81.0046    99.7784   144.8852   217.8714   324.5991   465.0358   580.9339   886.1746
2       29.7327    46.9033    58.3890    84.7903   128.1421   193.3532   278.4842   348.6511   518.7805
3       12.8099    20.5178    27.1135    40.2517    64.2544   100.3477   147.8638   188.2092   302.6883
4        3.9550     6.9587     9.2506    14.4428    24.0120    38.8382    59.9356    77.1450   121.0501
5        1.3093     2.2824     2.9434     4.4962     7.3443    11.7881    17.8440    22.8616    37.1484
6        0.9907     1.4532     1.7059     2.1929     2.8320     3.6889     4.5958     5.1871     6.3661
7        0.2046     0.2976     0.3504     0.4383     0.5403     0.6609     0.7831     0.8643     1.0338
8        0.0763     0.1088     0.1257     0.1559     0.1911     0.2316     0.2748     0.3022     0.3698
9        0.0109     0.0159     0.0188     0.0239     0.0298     0.0363     0.0440     0.0503     0.0716
10        0.0031     0.0043     0.0051     0.0066     0.0086     0.0110     0.0148     0.0177     0.0298
11        0.0010     0.0015     0.0018     0.0024     0.0033     0.0047     0.0068     0.0084     0.0212
12        0.0001     0.0002     0.0003     0.0004     0.0006     0.0009     0.0014     0.0018     0.0073
13        0.0001     0.0001     0.0002     0.0003     0.0005     0.0008     0.0013     0.0020     0.0129
14        0.0000     0.0000     0.0000     0.0000     0.0000     0.0001     0.0001     0.0002     0.0015
15+       0.0000     0.0000     0.0000     0.0000     0.0000     0.0001     0.0001     0.0002     0.0040

2027

Age        1%         5%         10%        25%        50%        75%        90%        95%        99%    
1       50.3805    80.9715   103.5936   150.2750   226.0012   339.7601   499.6609   616.5649   965.0983
2       30.9613    47.8074    58.5944    85.4368   129.5159   194.6679   281.0961   349.5414   545.0185
3       12.2505    21.5717    27.9074    43.2149    68.1350   107.5454   159.0724   203.4254   311.6012
4        2.9025     7.0982    10.2506    17.3662    30.2170    51.2663    79.4825   104.2789   174.2419
5        0.7100     2.1279     3.2116     5.9176    10.5945    18.7402    30.6851    40.8221    66.8531
6        0.2298     0.6712     1.0209     1.7765     3.2024     5.5055     8.7762    11.4224    19.0296
7        0.1317     0.3912     0.5635     0.8661     1.2638     1.7530     2.2958     2.6641     3.4489
8        0.0294     0.0833     0.1148     0.1737     0.2445     0.3233     0.4049     0.4580     0.5667
9        0.0110     0.0316     0.0424     0.0632     0.0883     0.1149     0.1427     0.1598     0.1982
10        0.0018     0.0049     0.0066     0.0098     0.0138     0.0181     0.0229     0.0267     0.0376
11        0.0006     0.0014     0.0019     0.0028     0.0040     0.0055     0.0075     0.0093     0.0150
12        0.0002     0.0005     0.0007     0.0011     0.0016     0.0023     0.0034     0.0044     0.0103
13        0.0000     0.0001     0.0001     0.0002     0.0003     0.0005     0.0007     0.0009     0.0035
14        0.0000     0.0000     0.0001     0.0001     0.0002     0.0004     0.0006     0.0010     0.0064
15+       0.0000     0.0000     0.0000     0.0000     0.0000     0.0001     0.0001     0.0002     0.0028

2028

Age        1%         5%         10%        25%        50%        75%        90%        95%        99%    
1       53.6133    83.0851   103.8457   149.2739   225.8168   340.6564   494.7639   614.5015   942.2079
2       28.3565    47.8872    60.8008    89.2823   135.6983   206.1481   300.5252   375.1005   587.4051
3       11.5134    21.8052    28.8568    44.5202    70.4017   110.0655   162.9430   206.8832   324.5922
4        2.5852     7.4442    11.2244    19.5506    33.8159    56.5688    88.6740   115.9609   187.8571
5        0.4178     2.1500     3.6340     7.4652    14.3539    26.2602    43.2441    58.3532   101.4914
6        0.0946     0.6141     1.1451     2.4774     4.9505     9.4179    16.1424    22.0244    36.9601
7        0.0280     0.1930     0.3639     0.7587     1.5034     2.7599     4.5671     6.0322    10.2125
8        0.0161     0.1118     0.1970     0.3683     0.6065     0.9072     1.2442     1.4723     1.9713
9        0.0034     0.0229     0.0402     0.0742     0.1197     0.1706     0.2233     0.2565     0.3278
10        0.0013     0.0091     0.0153     0.0272     0.0437     0.0612     0.0793     0.0907     0.1154
11        0.0002     0.0015     0.0025     0.0043     0.0069     0.0097     0.0127     0.0151     0.0211
12        0.0001     0.0004     0.0007     0.0013     0.0020     0.0030     0.0042     0.0051     0.0083
13        0.0000     0.0002     0.0003     0.0005     0.0008     0.0012     0.0018     0.0024     0.0054
14        0.0000     0.0000     0.0000     0.0001     0.0001     0.0002     0.0004     0.0005     0.0018
15+       0.0000     0.0000     0.0000     0.0001     0.0001     0.0002     0.0004     0.0006     0.0049

2029

Age        1%         5%         10%        25%        50%        75%        90%        95%        99%    
1       49.4820    81.9093   105.2412   153.6602   229.3944   345.4297   500.7812   631.9263   918.8707
2       30.3421    48.7704    60.9275    88.8596   135.8956   206.6394   300.4752   378.7647   582.8232
3        9.6534    22.8713    30.1313    47.2625    75.3278   118.2007   176.8139   222.9659   358.7247
4        1.7372     7.6715    12.1790    20.8207    35.8163    59.5379    91.6416   119.9806   197.3560
5        0.2140     2.3237     4.2146     8.7490    16.7497    30.1394    49.2109    66.3950   111.3453
6        0.0298     0.6111     1.3420     3.2761     7.0181    13.6954    23.7698    32.7551    58.3860
7        0.0077     0.1884     0.4218     1.1116     2.4275     4.9178     8.8569    12.1273    21.5571
8        0.0021     0.0585     0.1347     0.3413     0.7489     1.4594     2.4964     3.3602     5.8286
9        0.0012     0.0323     0.0724     0.1654     0.3101     0.4905     0.7035     0.8465     1.1801
10        0.0005     0.0068     0.0153     0.0339     0.0617     0.0939     0.1280     0.1497     0.1943
11        0.0002     0.0028     0.0060     0.0126     0.0227     0.0341     0.0457     0.0534     0.0696
12        0.0000     0.0005     0.0010     0.0020     0.0036     0.0054     0.0073     0.0088     0.0126
13        0.0000     0.0002     0.0003     0.0006     0.0011     0.0017     0.0024     0.0029     0.0048
14        0.0000     0.0001     0.0001     0.0002     0.0004     0.0007     0.0010     0.0014     0.0030
15+       0.0000     0.0000     0.0000     0.0001     0.0001     0.0003     0.0005     0.0007     0.0038

2030

Age        1%         5%         10%        25%        50%        75%        90%        95%        99%    
1       40.9971    80.5369   103.4143   152.2133   234.2728   350.3649   508.7753   634.7564   974.6238
2       26.3713    47.9760    61.6155    91.9224   138.3256   209.5861   306.7188   383.7383   564.8276
3        7.7691    23.2267    31.2711    48.0213    76.4563   119.7096   176.9809   225.5872   357.6003
4        0.9534     8.3130    12.8450    22.9746    39.2983    65.1770   101.5594   130.5461   219.2147
5        0.0669     2.5232     4.8247     9.7090    18.3920    32.4520    52.1376    68.8697   117.7296
6        0.0083     0.7223     1.6311     3.9774     8.5508    16.0422    27.6124    37.8912    66.8767
7        0.0010     0.1892     0.5219     1.4965     3.6054     7.3682    13.2640    18.5863    34.0620
8        0.0010     0.0584     0.1623     0.5108     1.2526     2.6823     4.9199     6.9344    12.4540
9        0.0007     0.0182     0.0532     0.1647     0.3881     0.7986     1.3901     1.9191     3.4603
10        0.0004     0.0102     0.0291     0.0790     0.1640     0.2764     0.4045     0.4950     0.7053
11        0.0001     0.0022     0.0063     0.0166     0.0329     0.0534     0.0748     0.0884     0.1192
12        0.0000     0.0010     0.0024     0.0061     0.0122     0.0193     0.0267     0.0317     0.0425
13        0.0000     0.0002     0.0004     0.0010     0.0020     0.0031     0.0043     0.0052     0.0076
14        0.0000     0.0001     0.0001     0.0003     0.0006     0.0010     0.0014     0.0017     0.0028
15+       0.0000     0.0000     0.0001     0.0002     0.0003     0.0006     0.0009     0.0012     0.0038

2031

Age        1%         5%         10%        25%        50%        75%        90%        95%        99%    
1       31.3416    80.5709   105.4724   155.7987   240.1039   358.0666   516.2186   650.8313   990.4438
2       18.2545    46.6669    61.5892    91.4278   141.0046   213.0653   310.4673   387.6170   598.8275
3        3.6936    23.3973    32.4578    50.5042    78.6004   121.8970   182.5354   229.6815   350.8073
4        0.1935     8.9143    13.7955    23.7524    40.8849    66.8089   103.3006   132.5138   217.5734
5        0.0046     2.7055     5.3094    11.0062    20.5921    35.9294    58.2340    76.1661   133.4520
6        0.0010     0.7986     1.9004     4.6297     9.5164    17.7417    29.5107    39.5790    71.3508
7        0.0010     0.2321     0.6395     1.9133     4.4784     8.8319    15.6088    21.7634    38.5530
8        0.0010     0.0578     0.2061     0.7141     1.9173     4.1001     7.5267    10.7892    19.8802
9        0.0004     0.0191     0.0682     0.2525     0.6700     1.4989     2.8329     3.9891     7.4861
10        0.0002     0.0059     0.0226     0.0819     0.2112     0.4479     0.8027     1.1181     2.0449
11        0.0001     0.0035     0.0122     0.0394     0.0897     0.1584     0.2376     0.2936     0.4353
12        0.0000     0.0010     0.0026     0.0083     0.0180     0.0308     0.0444     0.0527     0.0724
13        0.0000     0.0004     0.0010     0.0032     0.0068     0.0113     0.0158     0.0192     0.0259
14        0.0000     0.0001     0.0002     0.0005     0.0011     0.0018     0.0026     0.0031     0.0046
15+       0.0000     0.0000     0.0001     0.0002     0.0005     0.0009     0.0013     0.0017     0.0037

2032

Age        1%         5%         10%        25%        50%        75%        90%        95%        99%    
1        0.0010    80.6867   105.1361   158.2827   238.9728   361.5191   523.5386   645.6309   945.7805
2        0.0010    47.4573    63.0429    93.7934   145.1467   217.5731   315.1077   398.3055   599.5707
3        0.0010    23.7588    32.4363    50.5083    80.5338   125.1229   184.6290   235.1186   366.4361
4        0.0010     9.3117    14.7796    25.4050    42.1669    68.9413   106.7391   136.0662   213.3804
5        0.0010     3.1111     5.9054    11.6364    21.6856    37.3129    59.8788    77.5855   133.2033
6        0.0010     0.9002     2.2393     5.3545    10.8905    19.8020    33.2140    44.6431    79.7442
7        0.0010     0.2510     0.7924     2.2802     5.0668     9.8310    16.8794    23.1071    41.9130
8        0.0010     0.0761     0.2704     0.9349     2.4121     4.9470     9.0309    12.5985    23.0907
9        0.0007     0.0207     0.0892     0.3598     1.0466     2.3266     4.3452     6.2689    11.7966
10        0.0002     0.0063     0.0299     0.1283     0.3699     0.8548     1.6367     2.3608     4.4534
11        0.0001     0.0021     0.0099     0.0426     0.1162     0.2579     0.4679     0.6618     1.2180
12        0.0000     0.0012     0.0054     0.0206     0.0505     0.0916     0.1412     0.1770     0.2694
13        0.0000     0.0005     0.0012     0.0044     0.0101     0.0179     0.0265     0.0319     0.0444
14        0.0000     0.0002     0.0006     0.0016     0.0038     0.0066     0.0095     0.0116     0.0159
15+       0.0000     0.0001     0.0001     0.0004     0.0009     0.0016     0.0023     0.0029     0.0047

2033

Age        1%         5%         10%        25%        50%        75%        90%        95%        99%    
1        0.0010    77.4873   102.7575   158.1338   240.3037   363.3608   525.1897   654.0561   995.6524
2        0.0010    47.7744    62.5749    95.5220   145.0157   219.8568   320.4325   394.4202   590.3152
3        0.0010    24.3525    33.7514    52.3901    83.5151   127.7834   189.2543   240.0614   370.4878
4        0.0010     9.8692    15.2399    26.1740    43.8618    70.7770   108.8242   139.7048   224.5868
5        0.0010     3.4363     6.5193    12.8677    22.7023    38.7149    61.8567    79.9952   130.7332
6        0.0010     1.0367     2.5624     5.8727    11.5970    20.7318    34.3342    45.7413    79.4455
7        0.0010     0.3044     0.9337     2.6965     5.8556    11.0575    19.0174    26.0725    47.4419
8        0.0010     0.0877     0.3526     1.1542     2.7858     5.5887     9.8163    13.6961    25.1975
9        0.0009     0.0261     0.1223     0.4780     1.3240     2.8353     5.2541     7.4334    13.9423
10        0.0002     0.0075     0.0398     0.1876     0.5821     1.3402     2.5553     3.6527     7.1576
11        0.0001     0.0024     0.0140     0.0674     0.2077     0.4942     0.9722     1.4032     2.6823
12        0.0000     0.0010     0.0046     0.0228     0.0662     0.1506     0.2764     0.3933     0.7551
13        0.0000     0.0009     0.0025     0.0108     0.0285     0.0537     0.0847     0.1079     0.1627
14        0.0000     0.0002     0.0007     0.0023     0.0057     0.0106     0.0158     0.0195     0.0278
15+       0.0000     0.0001     0.0004     0.0011     0.0027     0.0049     0.0072     0.0088     0.0123

2034

Age        1%         5%         10%        25%        50%        75%        90%        95%        99%    
1        0.0010    81.7501   106.1708   159.3700   240.9133   360.9633   517.0240   645.1393  1010.6780
2        0.0010    45.9638    61.6160    95.5209   145.5452   221.0808   322.5404   405.5209   609.6918
3        0.0010    24.7331    33.8964    53.5622    83.8631   129.2103   192.9016   237.8073   363.1197
4        0.0010    10.6829    16.1427    27.2323    45.6565    73.2627   110.6756   144.3360   228.0933
5        0.0010     3.7623     6.9901    13.3405    23.7766    40.1135    63.4732    83.0893   137.3723
6        0.0010     1.2156     2.9288     6.4830    12.2920    21.7965    35.8896    47.0618    79.0557
7        0.0010     0.3676     1.1667     3.0139     6.2795    11.7628    19.8487    26.6997    47.0366
8        0.0010     0.1159     0.4250     1.3959     3.2376     6.3654    11.0314    15.4386    28.9909
9        0.0010     0.0338     0.1638     0.6071     1.5587     3.2035     5.7616     8.1324    15.1456
10        0.0005     0.0097     0.0592     0.2537     0.7357     1.6282     3.0645     4.3971     8.4203
11        0.0001     0.0029     0.0195     0.1007     0.3276     0.7800     1.5232     2.1879     4.3331
12        0.0000     0.0010     0.0069     0.0365     0.1177     0.2886     0.5761     0.8438     1.6339
13        0.0000     0.0008     0.0022     0.0123     0.0381     0.0879     0.1635     0.2376     0.4600
14        0.0000     0.0004     0.0012     0.0059     0.0164     0.0315     0.0513     0.0659     0.1011
15+       0.0000     0.0002     0.0006     0.0019     0.0049     0.0092     0.0140     0.0173     0.0245

Probability Spawning Stock Biomass Exceeds Threshold      3.660 (1000 MT)

Year    Probability

2021    0.017900
2022    0.017500
2023    0.203500
2024    0.268000
2025    0.453400
2026    0.635400
2027    0.731600
2028    0.793900
2029    0.830000
2030    0.862000
2031    0.878500
2032    0.898000
2033    0.908900
2034    0.919200

Probability Threshold Exceeded at Least Once =     0.9635

Probability Total Fishing Mortality Exceeds Threshold     0.8413 

Year    Probability

2021    1.000000
2022    1.000000
2023    1.000000
2024    1.000000
2025    0.242200
2026    0.168300
2027    0.131300
2028    0.104000
2029    0.084000
2030    0.071700
2031    0.057300
2032    0.047600
2033    0.037500
2034    0.030700

Probability Threshold Exceeded at Least Once =     1.0000


Requested Percentile Report

Percentile =    50.00 %

                                 2021       2022       2023       2024       2025       2026       2027       2028       2029       2030       2031       2032       2033       2034 

Recruits                     200.8631   209.8229   213.8883   215.8527   217.8714   226.0012   225.8168   229.3944   234.2728   240.1039   238.9728   240.3037   240.9133   242.0761 
Spawning Stock Biomass         2.2228     2.5791     3.0240     2.9835     3.4717     4.4168     5.3678     6.2427     7.0453     7.7323     8.3972     8.8798     9.3726     9.8025 
Jan-1 Stock Biomass            9.1776     9.9138    10.4115    10.6994    10.8682    12.2909    13.6546    14.8813    15.9473    16.9066    17.6887    18.4135    19.0456    19.6066 
Mean Biomass                   8.2876     8.6543     9.0094     9.2457    10.0603    11.4310    12.6914    13.8246    14.8511    15.7055    16.4320    17.1449    17.7670    18.1795 
Combined Catch Biomass         2.9140     3.4653     3.6865     3.7657     2.5000     2.5000     2.5000     2.5000     2.5000     2.5000     2.5000     2.5000     2.5000     2.5000 
Landings                       2.9140     3.4653     3.6865     3.7657     2.5000     2.5000     2.5000     2.5000     2.5000     2.5000     2.5000     2.5000     2.5000     2.5000 
FMort                          1.0794     1.0794     1.0794     1.0794     0.6452     0.5325     0.4481     0.3891     0.3502     0.3213     0.3008     0.2865     0.2733     0.2632 

Stock Numbers at Age
Age 1                        261.1480   200.8631   209.8229   213.8883   215.8527   217.8714   226.0012   225.8168   229.3944   234.2728   240.1039   238.9728   240.3037   240.9133 
Age 2                        100.4175   150.3279   115.3769   120.5158   123.4453   128.1421   129.5159   135.6983   135.8956   138.3256   141.0046   145.1467   145.0157   145.5452 
Age 3                         54.8765    44.7917    68.0380    52.1581    54.5187    64.2544    68.1350    70.4017    75.3278    76.4563    78.6004    80.5338    83.5151    83.8631 
Age 4                          9.5330    18.5470    15.3526    23.3833    17.9221    24.0120    30.2170    33.8159    35.8163    39.2983    40.8849    42.1669    43.8618    45.6565 
Age 5                          2.6907     2.9130     5.6208     4.6592     7.1134     7.3443    10.5945    14.3539    16.7497    18.3920    20.5921    21.6856    22.7023    23.7766 
Age 6                          0.9665     0.7743     0.8410     1.6246     1.3441     2.8320     3.2024     4.9505     7.0181     8.5508     9.5164    10.8905    11.5970    12.2920 
Age 7                          0.1591     0.2736     0.2227     0.2424     0.4694     0.5403     1.2638     1.5034     2.4275     3.6054     4.4784     5.0668     5.8556     6.2795 
Age 8                          0.1092     0.0465     0.0812     0.0662     0.0721     0.1911     0.2445     0.6065     0.7489     1.2526     1.9173     2.4121     2.7858     3.2376 
Age 9                          0.0085     0.0337     0.0141     0.0250     0.0203     0.0298     0.0883     0.1197     0.3101     0.3881     0.6700     1.0466     1.3240     1.5587 
Age 10                          0.0043     0.0027     0.0106     0.0045     0.0079     0.0086     0.0138     0.0437     0.0617     0.1640     0.2112     0.3699     0.5821     0.7357 
Age 11                          0.0014     0.0014     0.0009     0.0034     0.0014     0.0033     0.0040     0.0069     0.0227     0.0329     0.0897     0.1162     0.2077     0.3276 
Age 12                          0.0001     0.0005     0.0005     0.0003     0.0011     0.0006     0.0016     0.0020     0.0036     0.0122     0.0180     0.0505     0.0662     0.1177 
Age 13                          0.0000     0.0000     0.0002     0.0002     0.0001     0.0005     0.0003     0.0008     0.0011     0.0020     0.0068     0.0101     0.0285     0.0381 
Age 14                          0.0000     0.0000     0.0000     0.0001     0.0001     0.0000     0.0002     0.0001     0.0004     0.0006     0.0011     0.0038     0.0057     0.0164 
Age 15                          0.0000     0.0000     0.0000     0.0000     0.0000     0.0000     0.0000     0.0001     0.0001     0.0003     0.0005     0.0009     0.0027     0.0049 
