AGEPRO VERSION 4.2

Fmsy_LT

Date & Time of Run: 05 Apr 2024  16:32

Input File Name:    Fmsy_LT.inp

First Age Class:                         1
Number of Age Classes:                  15
Number of Years in Projection:          14
Number of Fleets:                        9
Number of Recruitment Models:            1
Number of Bootstraps:                  100
Number of Simulations:                 100

Bootstrap File Name:            C:\Users\jon.brodziak\Desktop\2024 WCNPO MLS Rebuilding\Bootstrap-numbers-at-age\2023_WCNPOMLS.bsn

Input Harvest Scenario

Year  Type        Fleet-1    Fleet-2    Fleet-3    Fleet-4    Fleet-5    Fleet-6    Fleet-7    Fleet-8    Fleet-9    

2021  F-Mult       0.1651     0.0453     0.2588     0.0166     0.0610     0.0487     0.0642     0.0722     0.3475 
2022  F-Mult       0.1651     0.0453     0.2588     0.0166     0.0610     0.0487     0.0642     0.0722     0.3475 
2023  F-Mult       0.1651     0.0453     0.2588     0.0166     0.0610     0.0487     0.0642     0.0722     0.3475 
2024  F-Mult       0.1651     0.0453     0.2588     0.0166     0.0610     0.0487     0.0642     0.0722     0.3475 
2025  F-Mult       0.1529     0.0419     0.2398     0.0154     0.0565     0.0452     0.0595     0.0669     0.3220 
2026  F-Mult       0.1529     0.0419     0.2398     0.0154     0.0565     0.0452     0.0595     0.0669     0.3220 
2027  F-Mult       0.1529     0.0419     0.2398     0.0154     0.0565     0.0452     0.0595     0.0669     0.3220 
2028  F-Mult       0.1529     0.0419     0.2398     0.0154     0.0565     0.0452     0.0595     0.0669     0.3220 
2029  F-Mult       0.1529     0.0419     0.2398     0.0154     0.0565     0.0452     0.0595     0.0669     0.3220 
2030  F-Mult       0.1529     0.0419     0.2398     0.0154     0.0565     0.0452     0.0595     0.0669     0.3220 
2031  F-Mult       0.1529     0.0419     0.2398     0.0154     0.0565     0.0452     0.0595     0.0669     0.3220 
2032  F-Mult       0.1529     0.0419     0.2398     0.0154     0.0565     0.0452     0.0595     0.0669     0.3220 
2033  F-Mult       0.1529     0.0419     0.2398     0.0154     0.0565     0.0452     0.0595     0.0669     0.3220 
2034  F-Mult       0.1529     0.0419     0.2398     0.0154     0.0565     0.0452     0.0595     0.0669     0.3220 

Recruits        1000  Fish

Year Class   Average        StdDev
2021        240.1172      157.7004
2022        249.0716      161.7331
2023        256.9348      171.1190
2024        258.8691      169.9905
2025        256.4805      168.3865
2026        264.5547      179.3115
2027        260.2481      176.6383
2028        260.5170      171.3903
2029        260.4585      170.4904
2030        264.5665      176.1788
2031        263.7530      175.1536
2032        264.1605      174.9093
2033        262.4700      172.5719
2034        265.9538      177.1749

Recruits Distribution

Year Class 1%         5%         10%        25%        50%        75%        90%        95%        99%    
2021    50.0303    75.7768    92.8919   133.0947   200.8631   301.6425   431.0709   536.6710   791.3356
2022    49.3684    75.6720    94.9602   137.9523   209.8229   315.1665   450.1866   560.4112   830.1559
2023    52.5843    79.6695    99.2469   141.9808   213.8883   323.7952   459.0483   571.7018   884.5698
2024    51.6430    80.4655    99.8979   144.5446   215.8527   324.2750   461.9702   580.2100   866.9945
2025    52.5691    80.0932    98.8674   143.3857   214.9809   320.1913   458.4280   570.4369   878.7933
2026    51.2975    79.5234   101.6034   146.8650   218.9742   329.7008   480.0872   595.0933   925.8333
2027    55.3969    81.4157   100.4480   144.4176   215.4661   325.2685   471.6263   580.2775   889.5129
2028    54.6070    81.7494   101.2124   146.0576   217.1160   324.1557   469.6560   587.2470   859.6932
2029    53.3862    79.7700    99.7629   144.4950   218.4660   325.7654   472.3754   585.3311   891.4364
2030    53.4535    81.1404   101.8712   145.8461   222.1270   328.4264   473.5635   598.5053   909.9092
2031    53.0224    81.2153   100.6991   147.6060   219.9598   330.0497   476.2309   585.1104   864.4469
2032    50.7650    78.9990    99.8713   146.4873   220.2827   330.7097   477.3627   594.9539   916.5927
2033    53.5418    82.6575   101.1391   147.4177   219.3045   327.8060   470.2612   586.5324   903.7724
2034    53.6322    81.7096   101.4406   146.6963   219.4585   333.0514   488.9484   611.5727   911.6193

Spawning Stock Biomass  x       1000 MT

Year       Average        StdDev
2021        2.2946        0.4586
2022        2.6108        0.4300
2023        3.1227        0.7296
2024        3.2140        1.1560
2025        3.3706        1.2816
2026        3.5577        1.3932
2027        3.6508        1.4277
2028        3.6964        1.4346
2029        3.7432        1.5077
2030        3.7467        1.5130
2031        3.7409        1.4691
2032        3.7521        1.4561
2033        3.7775        1.4833
2034        3.7828        1.4644

Spawning Stock Biomass Distribution

Year        1%         5%         10%        25%        50%        75%        90%        95%        99%   
2021     1.4646     1.7228     1.8291     1.9962     2.2228     2.5122     2.8117     3.0234     4.1413 
2022     1.7584     1.9612     2.0853     2.3125     2.5791     2.8637     3.1869     3.4030     3.7629 
2023     1.8783     2.1321     2.2914     2.6035     3.0240     3.5244     4.0802     4.4523     5.2741 
2024     1.5341     1.8473     2.0366     2.4250     2.9835     3.7363     4.6565     5.3139     7.0725 
2025     1.4393     1.7916     2.0108     2.4765     3.1250     3.9973     5.0541     5.7861     7.5681 
2026     1.4334     1.8605     2.1072     2.6000     3.2960     4.2148     5.3206     6.1032     8.1460 
2027     1.4875     1.8978     2.1554     2.6522     3.3985     4.3154     5.4866     6.3136     8.4499 
2028     1.5264     1.9103     2.1775     2.7004     3.4328     4.3779     5.4817     6.3841     8.4221 
2029     1.5124     1.9216     2.2003     2.7208     3.4657     4.4267     5.6032     6.4683     8.7830 
2030     1.5156     1.9354     2.1977     2.7287     3.4694     4.4146     5.5605     6.5101     8.7892 
2031     1.5308     1.9293     2.1948     2.7392     3.4550     4.4399     5.6102     6.4176     8.5927 
2032     1.5250     1.9418     2.2262     2.7434     3.4734     4.4584     5.6202     6.4570     8.5755 
2033     1.5403     1.9645     2.2230     2.7556     3.5020     4.4849     5.6357     6.5304     8.6611 
2034     1.5442     1.9764     2.2250     2.7512     3.5162     4.5133     5.6222     6.4895     8.5351 

JAN-1 Stock Biomass  x       1000 MT

Year       Average        StdDev
2021        9.2996        1.5957
2022       10.3753        2.6083
2023       10.9846        3.3712
2024       11.3400        3.8283
2025       11.5849        4.0576
2026       11.8852        4.1412
2027       12.1265        4.2935
2028       12.2258        4.3963
2029       12.2610        4.3827
2030       12.2675        4.3292
2031       12.3131        4.2954
2032       12.3641        4.3301
2033       12.3919        4.3190
2034       12.4031        4.3292

JAN-1 Stock Biomass Distribution

Year       1%         5%         10%        25%        50%        75%        90%        95%        99%    
2021     6.3228     6.9378     7.3651     8.1756     9.1776    10.1337    11.5520    12.3126    13.7328 
2022     6.2020     7.0328     7.5751     8.5957     9.9138    11.7139    13.6489    15.0816    18.5280 
2023     5.6058     6.6954     7.3420     8.5817    10.4115    12.7138    15.3621    17.1697    21.6366 
2024     5.2560     6.4439     7.1810     8.6291    10.6994    13.2999    16.2907    18.3941    23.1350 
2025     5.1373     6.4204     7.2253     8.7506    10.8682    13.6494    16.6699    19.0669    24.3692 
2026     5.2497     6.5219     7.3293     8.9234    11.2331    13.9596    17.3226    19.6563    24.7683 
2027     5.2858     6.6503     7.4867     9.1259    11.4226    14.2615    17.6060    20.0700    26.0906 
2028     5.3460     6.6691     7.5310     9.1693    11.4891    14.3757    17.6896    20.2406    26.3338 
2029     5.3657     6.6964     7.5475     9.2053    11.5008    14.4332    17.8385    20.4345    26.3818 
2030     5.3907     6.6992     7.5809     9.2519    11.5707    14.4751    17.8180    20.2006    26.0997 
2031     5.3406     6.7596     7.6181     9.3466    11.5655    14.5316    17.8441    20.4303    25.8704 
2032     5.4609     6.7754     7.6260     9.3150    11.6257    14.5572    17.9398    20.3539    26.0045 
2033     5.3930     6.8292     7.6431     9.3660    11.6557    14.6654    17.9428    20.2651    26.1731 
2034     5.4257     6.8221     7.7031     9.3786    11.6611    14.5988    17.9231    20.5121    25.8392 

Mean Biomass  x       1000 MT

Year       Average        StdDev
2021        8.4094        1.5323
2022        9.1969        2.7074
2023        9.5980        3.2823
2024        9.8797        3.6003
2025       10.1990        3.8072
2026       10.4044        3.8401
2027       10.5956        3.9651
2028       10.6665        4.0845
2029       10.6807        4.0240
2030       10.6844        3.9776
2031       10.7357        3.9604
2032       10.7795        4.0042
2033       10.8001        3.9849
2034       10.7967        3.9973

Mean Biomass Distribution

Year       1%         5%         10%        25%        50%        75%        90%        95%        99%    
2021     5.6510     6.1792     6.5778     7.2669     8.2876     9.2850    10.5186    11.2836    12.5714 
2022     5.1409     5.8954     6.4020     7.3836     8.6543    10.4494    12.5296    14.1522    18.1280 
2023     4.5691     5.5138     6.0868     7.2746     9.0094    11.1980    13.8822    15.8072    20.1452 
2024     4.3148     5.3528     6.0218     7.3575     9.2457    11.6531    14.4357    16.5275    21.5605 
2025     4.3073     5.4320     6.1828     7.5906     9.5070    12.0415    15.0327    17.2253    22.4447 
2026     4.4222     5.5302     6.2457     7.6977     9.7441    12.2900    15.3234    17.5921    22.8838 
2027     4.4342     5.6137     6.3592     7.8503     9.9026    12.5533    15.5207    17.9566    23.7959 
2028     4.4922     5.6816     6.3726     7.8501     9.9367    12.6261    15.6909    18.0099    23.9461 
2029     4.5449     5.6766     6.3649     7.9090     9.9681    12.6102    15.7598    18.1590    23.5798 
2030     4.5111     5.6485     6.4453     7.9108     9.9863    12.6438    15.7604    18.0840    23.8670 
2031     4.4747     5.7258     6.4893     7.9785    10.0138    12.6974    15.8220    18.1996    23.7139 
2032     4.5733     5.7581     6.4859     7.9918    10.0735    12.7566    15.8324    18.2352    23.9686 
2033     4.6331     5.7153     6.5027     8.0100    10.0861    12.8487    15.8857    18.2929    23.7349 
2034     4.5938     5.8073     6.4964     8.0172    10.0891    12.7601    15.8426    18.3272    24.0773 

Combined Catch Biomass  x       1000 MT

Year       Average        StdDev
2021        2.9742        0.4778
2022        3.5242        0.6159
2023        3.8653        1.0469
2024        3.9913        1.3146
2025        3.8528        1.3431
2026        4.0101        1.4203
2027        4.0880        1.4371
2028        4.1443        1.4814
2029        4.1698        1.5283
2030        4.1718        1.5051
2031        4.1760        1.4766
2032        4.1932        1.4804
2033        4.2110        1.4857
2034        4.2175        1.4863

Combined Catch Distribution

Year       1%         5%         10%        25%        50%        75%        90%        95%        99%    
2021     1.9764     2.3538     2.4524     2.6622     2.9140     3.2280     3.5384     3.7946     4.6981 
2022     2.3966     2.6303     2.7827     3.0723     3.4653     3.8833     4.3689     4.6569     5.2003 
2023     2.2288     2.5526     2.7604     3.1482     3.6865     4.3733     5.1829     5.7682     7.2564 
2024     1.9502     2.3469     2.5849     3.0644     3.7657     4.6611     5.6674     6.4225     8.2001 
2025     1.7539     2.1457     2.4122     2.9112     3.6243     4.5133     5.5425     6.3296     8.1458 
2026     1.7543     2.2080     2.4820     3.0209     3.7620     4.7222     5.8119     6.6282     8.5213 
2027     1.8007     2.2509     2.5297     3.0788     3.8392     4.7930     5.9615     6.8081     8.7022 
2028     1.8035     2.2701     2.5561     3.1067     3.9014     4.8759     6.0058     6.8778     8.9369 
2029     1.8157     2.2893     2.5586     3.1171     3.9064     4.9137     6.0169     6.9341     9.1121 
2030     1.8376     2.2786     2.5457     3.1350     3.9209     4.8890     6.0733     6.9183     8.9305 
2031     1.8215     2.2762     2.5821     3.1418     3.9194     4.9370     6.0766     6.9159     8.9515 
2032     1.8307     2.3122     2.5930     3.1723     3.9306     4.9343     6.0856     6.9508     8.9667 
2033     1.8559     2.3149     2.6012     3.1655     3.9780     4.9588     6.1038     6.9984     8.9462 
2034     1.8615     2.3115     2.6100     3.1729     3.9716     4.9681     6.1281     7.0134     8.9085 

Landings  x       1000 MT

Year       Average        StdDev
2021        2.9742        0.4778
2022        3.5242        0.6159
2023        3.8653        1.0469
2024        3.9913        1.3146
2025        3.8528        1.3431
2026        4.0101        1.4203
2027        4.0880        1.4371
2028        4.1443        1.4814
2029        4.1698        1.5283
2030        4.1718        1.5051
2031        4.1760        1.4766
2032        4.1932        1.4804
2033        4.2110        1.4857
2034        4.2175        1.4863

Landings Distribution

Year       1%         5%         10%        25%        50%        75%        90%        95%        99%    
2021     1.9764     2.3538     2.4524     2.6622     2.9140     3.2280     3.5384     3.7946     4.6981 
2022     2.3966     2.6303     2.7827     3.0723     3.4653     3.8833     4.3689     4.6569     5.2003 
2023     2.2288     2.5526     2.7604     3.1482     3.6865     4.3733     5.1829     5.7682     7.2564 
2024     1.9502     2.3469     2.5849     3.0644     3.7657     4.6611     5.6674     6.4225     8.2001 
2025     1.7539     2.1457     2.4122     2.9112     3.6243     4.5133     5.5425     6.3296     8.1458 
2026     1.7543     2.2080     2.4820     3.0209     3.7620     4.7222     5.8119     6.6282     8.5213 
2027     1.8007     2.2509     2.5297     3.0788     3.8392     4.7930     5.9615     6.8081     8.7022 
2028     1.8035     2.2701     2.5561     3.1067     3.9014     4.8759     6.0058     6.8778     8.9369 
2029     1.8157     2.2893     2.5586     3.1171     3.9064     4.9137     6.0169     6.9341     9.1121 
2030     1.8376     2.2786     2.5457     3.1350     3.9209     4.8890     6.0733     6.9183     8.9305 
2031     1.8215     2.2762     2.5821     3.1418     3.9194     4.9370     6.0766     6.9159     8.9515 
2032     1.8307     2.3122     2.5930     3.1723     3.9306     4.9343     6.0856     6.9508     8.9667 
2033     1.8559     2.3149     2.6012     3.1655     3.9780     4.9588     6.1038     6.9984     8.9462 
2034     1.8615     2.3115     2.6100     3.1729     3.9716     4.9681     6.1281     7.0134     8.9085 

Total Fishing Mortality

Year       Average        StdDev
2021        1.0794        0.0000
2022        1.0794        0.0000
2023        1.0794        0.0000
2024        1.0794        0.0000
2025        1.0000        0.0000
2026        1.0000        0.0000
2027        1.0000        0.0000
2028        1.0000        0.0000
2029        1.0000        0.0000
2030        1.0000        0.0000
2031        1.0000        0.0000
2032        1.0000        0.0000
2033        1.0000        0.0000
2034        1.0000        0.0000

Total Fishing Mortality Distribution

Year       1%         5%         10%        25%        50%        75%        90%        95%        99%    
2021     1.0794     1.0794     1.0794     1.0794     1.0794     1.0794     1.0794     1.0794     1.0794 
2022     1.0794     1.0794     1.0794     1.0794     1.0794     1.0794     1.0794     1.0794     1.0794 
2023     1.0794     1.0794     1.0794     1.0794     1.0794     1.0794     1.0794     1.0794     1.0794 
2024     1.0794     1.0794     1.0794     1.0794     1.0794     1.0794     1.0794     1.0794     1.0794 
2025     1.0000     1.0000     1.0000     1.0000     1.0000     1.0000     1.0000     1.0000     1.0000 
2026     1.0000     1.0000     1.0000     1.0000     1.0000     1.0000     1.0000     1.0000     1.0000 
2027     1.0000     1.0000     1.0000     1.0000     1.0000     1.0000     1.0000     1.0000     1.0000 
2028     1.0000     1.0000     1.0000     1.0000     1.0000     1.0000     1.0000     1.0000     1.0000 
2029     1.0000     1.0000     1.0000     1.0000     1.0000     1.0000     1.0000     1.0000     1.0000 
2030     1.0000     1.0000     1.0000     1.0000     1.0000     1.0000     1.0000     1.0000     1.0000 
2031     1.0000     1.0000     1.0000     1.0000     1.0000     1.0000     1.0000     1.0000     1.0000 
2032     1.0000     1.0000     1.0000     1.0000     1.0000     1.0000     1.0000     1.0000     1.0000 
2033     1.0000     1.0000     1.0000     1.0000     1.0000     1.0000     1.0000     1.0000     1.0000 
2034     1.0000     1.0000     1.0000     1.0000     1.0000     1.0000     1.0000     1.0000     1.0000 

JAN-1 Stock Numbers at Age  -       1000  Fish

2021

Age        1%         5%         10%        25%        50%        75%        90%        95%        99%    
1      140.2370   175.0900   184.8320   216.7130   261.1480   317.3690   385.6290   409.5080   464.9250
2       58.9389    77.9477    80.8620    85.4451   100.4175   112.5240   125.3470   138.4980   148.4390
3       34.1986    41.3466    43.5177    47.9381    54.8765    60.4455    67.3245    74.4817    84.8335
4        4.4701     6.3288     7.3712     8.3369     9.5330    10.8358    12.5169    14.0136    20.6054
5        1.2938     1.6031     1.7337     2.2441     2.6907     3.2695     4.2092     4.8898     7.4995
6        0.2917     0.4842     0.6024     0.6936     0.9665     1.2287     1.8234     2.1765     5.0518
7        0.0278     0.0584     0.0739     0.1025     0.1591     0.2261     0.3164     0.3996     1.3049
8        0.0082     0.0292     0.0370     0.0584     0.1092     0.1670     0.2575     0.4456     2.1858
9        0.0003     0.0014     0.0021     0.0035     0.0085     0.0144     0.0223     0.0334     0.2402
10        0.0001     0.0005     0.0007     0.0015     0.0043     0.0069     0.0143     0.0242     0.2609
11        0.0000     0.0001     0.0002     0.0004     0.0014     0.0028     0.0051     0.0082     0.1988
12        0.0000     0.0000     0.0000     0.0000     0.0001     0.0003     0.0005     0.0008     0.0280
13        0.0000     0.0000     0.0000     0.0000     0.0000     0.0002     0.0003     0.0005     0.0316
14        0.0000     0.0000     0.0000     0.0000     0.0000     0.0000     0.0001     0.0001     0.0183
15+       0.0000     0.0000     0.0000     0.0000     0.0000     0.0000     0.0000     0.0000     0.0127

2022

Age        1%         5%         10%        25%        50%        75%        90%        95%        99%    
1       50.0303    75.7768    92.8919   133.0947   200.8631   301.6425   431.0709   536.6710   791.3356
2       85.4880   100.6189   107.1132   123.6464   150.3279   183.7768   223.7888   241.9075   277.1210
3       26.7154    34.4891    36.1954    39.2461    44.7917    51.1391    57.8316    62.7737    70.9710
4       11.8874    13.8929    14.9545    16.5335    18.5470    20.8284    23.5771    26.0813    31.2268
5        1.4356     1.9438     2.1949     2.5223     2.9130     3.3234     3.8788     4.2928     6.6015
6        0.3760     0.4618     0.5086     0.6439     0.7743     0.9497     1.2388     1.4473     2.4242
7        0.0944     0.1445     0.1719     0.2055     0.2736     0.3642     0.5322     0.6282     1.6247
8        0.0096     0.0178     0.0219     0.0304     0.0465     0.0675     0.0965     0.1270     0.4419
9        0.0028     0.0092     0.0114     0.0183     0.0337     0.0513     0.0807     0.1365     0.7756
10        0.0001     0.0004     0.0007     0.0011     0.0027     0.0045     0.0074     0.0112     0.0867
11        0.0000     0.0002     0.0002     0.0005     0.0014     0.0022     0.0050     0.0080     0.1018
12        0.0000     0.0000     0.0001     0.0001     0.0005     0.0009     0.0017     0.0028     0.0730
13        0.0000     0.0000     0.0000     0.0000     0.0000     0.0001     0.0002     0.0003     0.0104
14        0.0000     0.0000     0.0000     0.0000     0.0000     0.0001     0.0001     0.0002     0.0120
15+       0.0000     0.0000     0.0000     0.0000     0.0000     0.0000     0.0000     0.0001     0.0120

2023

Age        1%         5%         10%        25%        50%        75%        90%        95%        99%    
1       49.3684    75.6720    94.9602   137.9523   209.8229   315.1665   450.1866   560.4112   830.1559
2       28.6838    43.6282    53.2458    76.9039   115.3769   173.5435   249.4684   306.5475   461.3082
3       38.6587    45.1757    48.1591    55.9304    68.0380    83.4295   100.9755   110.1806   126.6446
4        9.1253    11.5251    12.2632    13.4845    15.3526    17.6163    20.0188    21.6993    24.8471
5        3.5451     4.1681     4.4958     4.9892     5.6208     6.3459     7.2099     7.9288     9.5753
6        0.4097     0.5615     0.6287     0.7256     0.8410     0.9655     1.1247     1.2533     1.9086
7        0.1089     0.1317     0.1477     0.1853     0.2227     0.2773     0.3627     0.4207     0.7187
8        0.0292     0.0430     0.0504     0.0609     0.0812     0.1090     0.1594     0.1855     0.4843
9        0.0030     0.0054     0.0067     0.0093     0.0141     0.0207     0.0293     0.0392     0.1400
10        0.0010     0.0029     0.0036     0.0058     0.0106     0.0163     0.0257     0.0429     0.2499
11        0.0000     0.0001     0.0002     0.0004     0.0009     0.0015     0.0024     0.0036     0.0289
12        0.0000     0.0001     0.0001     0.0002     0.0005     0.0007     0.0016     0.0027     0.0333
13        0.0000     0.0000     0.0000     0.0000     0.0002     0.0003     0.0006     0.0009     0.0266
14        0.0000     0.0000     0.0000     0.0000     0.0000     0.0000     0.0001     0.0001     0.0036
15+       0.0000     0.0000     0.0000     0.0000     0.0000     0.0000     0.0000     0.0001     0.0083

2024

Age        1%         5%         10%        25%        50%        75%        90%        95%        99%    
1       52.5843    79.6695    99.2469   141.9808   213.8883   323.7952   459.0483   571.7018   884.5698
2       28.3254    43.6859    54.3699    79.0253   120.5158   181.5927   260.0949   325.0680   471.2948
3       12.7400    19.5823    24.1178    34.7044    52.1581    78.5494   112.6701   138.6839   211.3843
4       13.1120    15.3018    16.5082    19.1961    23.3833    28.6583    34.5933    38.0505    43.9492
5        2.7507     3.4362     3.6783     4.0717     4.6592     5.3647     6.1044     6.6374     7.5404
6        1.0150     1.1937     1.2854     1.4364     1.6246     1.8458     2.1027     2.2942     2.7915
7        0.1176     0.1615     0.1799     0.2091     0.2424     0.2804     0.3290     0.3674     0.5467
8        0.0316     0.0388     0.0436     0.0547     0.0662     0.0827     0.1083     0.1263     0.2123
9        0.0089     0.0131     0.0153     0.0188     0.0250     0.0336     0.0487     0.0571     0.1467
10        0.0010     0.0017     0.0021     0.0029     0.0045     0.0065     0.0093     0.0126     0.0459
11        0.0003     0.0009     0.0012     0.0019     0.0034     0.0053     0.0084     0.0138     0.0872
12        0.0000     0.0000     0.0001     0.0001     0.0003     0.0005     0.0008     0.0012     0.0096
13        0.0000     0.0000     0.0000     0.0001     0.0002     0.0003     0.0005     0.0009     0.0113
14        0.0000     0.0000     0.0000     0.0000     0.0001     0.0001     0.0002     0.0003     0.0093
15+       0.0000     0.0000     0.0000     0.0000     0.0000     0.0000     0.0000     0.0001     0.0043

2025

Age        1%         5%         10%        25%        50%        75%        90%        95%        99%    
1       51.6430    80.4655    99.8979   144.5446   215.8527   324.2750   461.9702   580.2100   866.9945
2       30.2148    45.6034    57.2173    81.4633   123.4453   186.7248   265.0193   328.4596   514.8707
3       12.8412    19.6987    24.5070    35.6683    54.5187    82.1875   118.1768   146.2117   215.1194
4        4.3627     6.7158     8.2516    11.8382    17.9221    26.9596    38.7683    48.0482    73.5755
5        3.9684     4.6172     4.9684     5.7949     7.1134     8.6985    10.5275    11.5406    13.4499
6        0.7908     0.9730     1.0499     1.1757     1.3441     1.5548     1.7797     1.9352     2.2016
7        0.2923     0.3402     0.3685     0.4137     0.4694     0.5375     0.6141     0.6691     0.8172
8        0.0354     0.0473     0.0529     0.0619     0.0721     0.0838     0.0982     0.1102     0.1625
9        0.0097     0.0118     0.0134     0.0167     0.0203     0.0255     0.0331     0.0388     0.0656
10        0.0028     0.0041     0.0048     0.0059     0.0079     0.0107     0.0154     0.0180     0.0467
11        0.0003     0.0006     0.0007     0.0010     0.0014     0.0021     0.0030     0.0041     0.0161
12        0.0001     0.0003     0.0004     0.0006     0.0011     0.0018     0.0028     0.0046     0.0289
13        0.0000     0.0000     0.0000     0.0000     0.0001     0.0002     0.0003     0.0004     0.0032
14        0.0000     0.0000     0.0000     0.0000     0.0001     0.0001     0.0002     0.0003     0.0038
15+       0.0000     0.0000     0.0000     0.0000     0.0000     0.0000     0.0001     0.0001     0.0046

2026

Age        1%         5%         10%        25%        50%        75%        90%        95%        99%    
1       52.5691    80.0932    98.8674   143.3857   214.9809   320.1913   458.4280   570.4369   878.7933
2       29.8261    46.4987    57.6929    83.3351   125.2679   188.1179   269.4174   337.2013   499.9980
3       13.9485    21.1098    26.4270    37.7090    57.5139    86.4180   123.9118   153.6160   239.8165
4        4.5474     7.0747     8.7890    12.8263    19.7056    29.6077    42.5238    53.3239    78.9470
5        1.4004     2.1501     2.6510     3.8024     5.7640     8.6777    12.4658    15.4945    23.8224
6        1.1963     1.4012     1.5191     1.7812     2.1884     2.6882     3.2472     3.5905     4.2135
7        0.2436     0.2960     0.3199     0.3609     0.4138     0.4812     0.5525     0.5998     0.6892
8        0.0911     0.1063     0.1149     0.1298     0.1482     0.1704     0.1945     0.2129     0.2587
9        0.0114     0.0153     0.0170     0.0200     0.0235     0.0274     0.0322     0.0360     0.0532
10        0.0032     0.0039     0.0044     0.0056     0.0068     0.0085     0.0111     0.0131     0.0219
11        0.0010     0.0014     0.0016     0.0020     0.0027     0.0037     0.0053     0.0062     0.0160
12        0.0001     0.0002     0.0002     0.0003     0.0005     0.0007     0.0011     0.0014     0.0056
13        0.0000     0.0001     0.0001     0.0002     0.0004     0.0006     0.0010     0.0016     0.0102
14        0.0000     0.0000     0.0000     0.0000     0.0000     0.0001     0.0001     0.0001     0.0011
15+       0.0000     0.0000     0.0000     0.0000     0.0000     0.0000     0.0001     0.0002     0.0031

2027

Age        1%         5%         10%        25%        50%        75%        90%        95%        99%    
1       51.2975    79.5234   101.6034   146.8650   218.9742   329.7008   480.0872   595.0933   925.8333
2       30.0044    46.7112    57.4807    82.8215   124.2960   185.3450   266.4894   331.5818   515.3654
3       13.6944    21.4279    26.7993    38.5114    58.2101    87.3401   125.4969   156.3468   232.6741
4        4.9843     7.5680     9.4886    13.5767    20.7145    31.1560    44.4276    55.6769    86.3570
5        1.4475     2.2685     2.8187     4.1174     6.3379     9.5401    13.7619    17.2154    25.5111
6        0.4237     0.6602     0.8161     1.1740     1.7725     2.6855     3.8618     4.8085     7.3039
7        0.3624     0.4268     0.4650     0.5480     0.6741     0.8296     1.0016     1.1129     1.3028
8        0.0759     0.0919     0.0999     0.1134     0.1309     0.1527     0.1759     0.1909     0.2204
9        0.0291     0.0341     0.0370     0.0421     0.0483     0.0556     0.0639     0.0698     0.0854
10        0.0038     0.0051     0.0056     0.0067     0.0078     0.0092     0.0108     0.0122     0.0178
11        0.0011     0.0013     0.0015     0.0019     0.0023     0.0029     0.0038     0.0045     0.0077
12        0.0003     0.0005     0.0006     0.0007     0.0009     0.0013     0.0018     0.0022     0.0057
13        0.0000     0.0001     0.0001     0.0001     0.0002     0.0003     0.0004     0.0005     0.0020
14        0.0000     0.0000     0.0000     0.0001     0.0001     0.0002     0.0004     0.0006     0.0036
15+       0.0000     0.0000     0.0000     0.0000     0.0000     0.0000     0.0001     0.0001     0.0016

2028

Age        1%         5%         10%        25%        50%        75%        90%        95%        99%    
1       55.3969    81.4157   100.4480   144.4176   215.4661   325.2685   471.6263   580.2775   889.5129
2       29.5031    46.0557    58.6778    85.0305   127.3446   191.8335   276.7994   345.7485   538.2671
3       13.9643    21.4638    26.5246    38.4347    57.6535    86.3333   124.6196   154.5728   237.4575
4        4.9608     7.7124     9.5829    13.9119    20.9990    31.4734    45.1541    56.2679    85.5907
5        1.5708     2.4220     3.0350     4.3702     6.6843     9.9957    14.3457    17.9311    27.9664
6        0.4446     0.6932     0.8671     1.2686     1.9514     2.9446     4.2557     5.2954     7.7217
7        0.1317     0.2022     0.2496     0.3592     0.5477     0.8303     1.1926     1.4923     2.2736
8        0.1125     0.1341     0.1461     0.1728     0.2125     0.2627     0.3189     0.3531     0.4206
9        0.0246     0.0295     0.0321     0.0368     0.0426     0.0499     0.0573     0.0625     0.0726
10        0.0096     0.0112     0.0122     0.0140     0.0162     0.0187     0.0215     0.0236     0.0289
11        0.0013     0.0017     0.0019     0.0023     0.0027     0.0032     0.0037     0.0042     0.0061
12        0.0004     0.0005     0.0005     0.0007     0.0008     0.0010     0.0013     0.0016     0.0027
13        0.0001     0.0002     0.0002     0.0003     0.0003     0.0005     0.0007     0.0008     0.0020
14        0.0000     0.0000     0.0000     0.0000     0.0001     0.0001     0.0001     0.0002     0.0007
15+       0.0000     0.0000     0.0000     0.0000     0.0001     0.0001     0.0002     0.0003     0.0019

2029

Age        1%         5%         10%        25%        50%        75%        90%        95%        99%    
1       54.6070    81.7494   101.2124   146.0576   217.1160   324.1557   469.6560   587.2470   859.6932
2       32.2588    46.8705    57.9021    83.3717   125.2023   189.0680   273.3135   339.8513   524.2697
3       13.5410    21.2997    27.0342    39.3620    59.0109    89.1143   129.5562   161.6891   249.3088
4        5.0531     7.7445     9.5475    13.8874    20.7500    31.1154    44.6463    55.8134    87.6014
5        1.5748     2.4589     3.0774     4.4705     6.7641    10.1491    14.6616    18.1681    27.1441
6        0.4870     0.7409     0.9354     1.3475     2.0514     3.0903     4.4292     5.5500     8.5229
7        0.1357     0.2140     0.2652     0.3890     0.6032     0.9086     1.3193     1.6390     2.4291
8        0.0413     0.0635     0.0786     0.1136     0.1730     0.2615     0.3770     0.4724     0.7090
9        0.0362     0.0432     0.0472     0.0559     0.0691     0.0855     0.1043     0.1153     0.1385
10        0.0081     0.0098     0.0106     0.0122     0.0142     0.0168     0.0194     0.0211     0.0247
11        0.0032     0.0038     0.0042     0.0048     0.0055     0.0065     0.0075     0.0082     0.0100
12        0.0005     0.0006     0.0007     0.0008     0.0009     0.0011     0.0013     0.0015     0.0021
13        0.0001     0.0002     0.0002     0.0002     0.0003     0.0004     0.0005     0.0006     0.0010
14        0.0000     0.0001     0.0001     0.0001     0.0001     0.0002     0.0002     0.0003     0.0007
15+       0.0000     0.0000     0.0000     0.0000     0.0000     0.0001     0.0001     0.0002     0.0009

2030

Age        1%         5%         10%        25%        50%        75%        90%        95%        99%    
1       53.3862    79.7700    99.7629   144.4950   218.4660   325.7654   472.3754   585.3311   891.4364
2       31.1782    46.9459    58.6760    84.6140   125.5600   188.9372   273.9757   342.4084   502.0429
3       14.8855    21.6616    26.9108    38.6841    58.0387    87.8610   127.3837   158.4285   244.8856
4        4.8934     7.6485     9.7441    14.1437    21.3620    32.1210    46.9440    58.4707    90.8947
5        1.5911     2.4547     3.0548     4.4453     6.6832     9.9798    14.5199    17.9860    27.9748
6        0.4845     0.7576     0.9441     1.3701     2.0830     3.1316     4.5133     5.6309     8.4753
7        0.1487     0.2290     0.2885     0.4150     0.6309     0.9530     1.3669     1.7143     2.6469
8        0.0426     0.0675     0.0834     0.1226     0.1893     0.2860     0.4204     0.5213     0.7715
9        0.0133     0.0205     0.0255     0.0368     0.0563     0.0853     0.1231     0.1532     0.2321
10        0.0120     0.0143     0.0157     0.0186     0.0230     0.0286     0.0351     0.0392     0.0466
11        0.0027     0.0033     0.0036     0.0042     0.0049     0.0058     0.0067     0.0073     0.0086
12        0.0011     0.0013     0.0014     0.0017     0.0019     0.0023     0.0026     0.0029     0.0035
13        0.0002     0.0002     0.0002     0.0003     0.0003     0.0004     0.0005     0.0005     0.0007
14        0.0000     0.0001     0.0001     0.0001     0.0001     0.0001     0.0002     0.0002     0.0003
15+       0.0000     0.0000     0.0000     0.0000     0.0001     0.0001     0.0001     0.0002     0.0006

2031

Age        1%         5%         10%        25%        50%        75%        90%        95%        99%    
1       53.4535    81.1404   101.8712   145.8461   222.1270   328.4264   473.5635   598.5053   909.9092
2       30.2658    45.8989    57.4912    83.3418   126.5197   189.1081   275.1215   341.0903   519.8191
3       14.2501    21.7350    27.1766    39.3704    58.2427    87.4590   127.2529   158.3002   236.4457
4        5.2796     7.7419     9.6829    13.9543    20.8646    31.6460    45.8901    57.5475    87.9072
5        1.5707     2.4620     3.1178     4.5302     6.8646    10.3821    15.0800    18.6633    29.3282
6        0.4893     0.7558     0.9389     1.3669     2.0627     3.0844     4.4849     5.5619     8.6333
7        0.1496     0.2324     0.2885     0.4225     0.6439     0.9633     1.3957     1.7398     2.5805
8        0.0470     0.0716     0.0903     0.1301     0.1991     0.3015     0.4318     0.5418     0.8342
9        0.0138     0.0217     0.0271     0.0401     0.0617     0.0935     0.1365     0.1692     0.2564
10        0.0044     0.0068     0.0085     0.0123     0.0189     0.0285     0.0412     0.0515     0.0785
11        0.0040     0.0049     0.0053     0.0064     0.0079     0.0098     0.0121     0.0135     0.0161
12        0.0009     0.0011     0.0013     0.0015     0.0017     0.0020     0.0024     0.0026     0.0030
13        0.0004     0.0005     0.0005     0.0006     0.0007     0.0008     0.0009     0.0010     0.0013
14        0.0001     0.0001     0.0001     0.0001     0.0001     0.0001     0.0002     0.0002     0.0003
15+       0.0000     0.0000     0.0000     0.0000     0.0001     0.0001     0.0001     0.0001     0.0003

2032

Age        1%         5%         10%        25%        50%        75%        90%        95%        99%    
1       53.0224    81.2153   100.6991   147.6060   219.9598   330.0497   476.2309   585.1104   864.4469
2       30.7881    46.4669    58.6737    84.3958   128.9495   191.1219   275.2422   347.0802   525.7612
3       14.1285    21.1604    26.6131    38.5893    58.6065    88.1785   127.3848   158.5912   241.8432
4        5.1034     7.8357     9.7298    14.1597    20.9805    31.6285    45.6730    57.8550    85.5471
5        1.6856     2.4863     3.1011     4.4778     6.6972    10.1961    14.7793    18.5013    28.5917
6        0.4837     0.7552     0.9583     1.3944     2.1106     3.1820     4.6524     5.8300     9.0377
7        0.1512     0.2321     0.2879     0.4194     0.6350     0.9545     1.3927     1.7065     2.6836
8        0.0467     0.0728     0.0909     0.1330     0.2036     0.3054     0.4409     0.5527     0.8201
9        0.0152     0.0233     0.0293     0.0421     0.0648     0.0977     0.1412     0.1771     0.2768
10        0.0046     0.0072     0.0090     0.0134     0.0207     0.0312     0.0457     0.0564     0.0861
11        0.0015     0.0023     0.0029     0.0042     0.0065     0.0098     0.0142     0.0177     0.0273
12        0.0014     0.0017     0.0019     0.0022     0.0028     0.0034     0.0042     0.0047     0.0058
13        0.0003     0.0004     0.0004     0.0005     0.0006     0.0007     0.0008     0.0009     0.0011
14        0.0001     0.0002     0.0002     0.0002     0.0002     0.0003     0.0003     0.0004     0.0005
15+       0.0000     0.0000     0.0000     0.0001     0.0001     0.0001     0.0001     0.0001     0.0002

2033

Age        1%         5%         10%        25%        50%        75%        90%        95%        99%    
1       50.7650    78.9990    99.8713   146.4873   220.2827   330.7097   477.3627   594.9539   916.5927
2       30.5652    46.9543    58.3816    85.2724   127.6289   191.5371   278.1949   342.2709   501.9903
3       14.1038    21.4848    27.1743    39.1390    59.7715    88.9746   128.0382   161.2407   245.3151
4        5.0956     7.6277     9.5930    13.8967    21.1147    31.7503    46.0304    57.6984    86.3780
5        1.6330     2.5314     3.1295     4.5370     6.7614    10.1925    14.7618    18.5073    28.0669
6        0.5234     0.7707     0.9486     1.3702     2.0676     3.1361     4.5503     5.6964     8.8394
7        0.1495     0.2313     0.2941     0.4288     0.6509     0.9820     1.4322     1.7884     2.7937
8        0.0473     0.0729     0.0904     0.1318     0.2006     0.3007     0.4396     0.5442     0.8539
9        0.0152     0.0237     0.0295     0.0434     0.0660     0.0995     0.1435     0.1798     0.2681
10        0.0051     0.0077     0.0098     0.0141     0.0217     0.0329     0.0475     0.0588     0.0932
11        0.0016     0.0025     0.0031     0.0046     0.0071     0.0108     0.0157     0.0194     0.0293
12        0.0005     0.0008     0.0010     0.0015     0.0023     0.0034     0.0050     0.0062     0.0096
13        0.0005     0.0006     0.0007     0.0008     0.0010     0.0012     0.0015     0.0017     0.0021
14        0.0001     0.0001     0.0002     0.0002     0.0002     0.0003     0.0003     0.0003     0.0004
15+       0.0001     0.0001     0.0001     0.0001     0.0001     0.0001     0.0002     0.0002     0.0002

2034

Age        1%         5%         10%        25%        50%        75%        90%        95%        99%    
1       53.5418    82.6575   101.1391   147.4177   219.3045   327.8060   470.2612   586.5324   903.7724
2       29.0441    45.5866    57.6168    85.0192   127.7629   192.1557   277.9860   346.7071   527.2387
3       14.1035    21.6990    27.1171    39.5126    59.1968    89.1213   129.5659   158.8486   236.3469
4        5.1033     7.6863     9.6907    14.0826    21.6029    32.0703    46.6099    58.8381    89.9559
5        1.6270     2.4432     3.0723     4.4581     6.8020    10.2006    14.8300    18.6671    27.9431
6        0.5107     0.7731     0.9582     1.3910     2.0828     3.1504     4.5596     5.7546     8.6931
7        0.1614     0.2355     0.2914     0.4212     0.6380     0.9711     1.4079     1.7627     2.7149
8        0.0470     0.0729     0.0925     0.1349     0.2066     0.3105     0.4530     0.5733     0.8955
9        0.0154     0.0236     0.0291     0.0429     0.0651     0.0980     0.1428     0.1779     0.2784
10        0.0050     0.0078     0.0098     0.0145     0.0220     0.0333     0.0482     0.0598     0.0908
11        0.0017     0.0026     0.0033     0.0048     0.0074     0.0112     0.0164     0.0205     0.0321
12        0.0006     0.0009     0.0011     0.0016     0.0025     0.0038     0.0055     0.0068     0.0103
13        0.0002     0.0003     0.0004     0.0005     0.0008     0.0012     0.0018     0.0022     0.0034
14        0.0002     0.0002     0.0002     0.0003     0.0004     0.0004     0.0005     0.0006     0.0008
15+       0.0001     0.0001     0.0001     0.0001     0.0001     0.0001     0.0002     0.0002     0.0002

Probability Spawning Stock Biomass Exceeds Threshold      3.660 (1000 MT)

Year    Probability

2021    0.017900
2022    0.017500
2023    0.203500
2024    0.268000
2025    0.324300
2026    0.386200
2027    0.416900
2028    0.433000
2029    0.440500
2030    0.438100
2031    0.438300
2032    0.445800
2033    0.454200
2034    0.453600

Probability Threshold Exceeded at Least Once =     0.9036

Probability Total Fishing Mortality Exceeds Threshold     0.8413 

Year    Probability

2021    1.000000
2022    1.000000
2023    1.000000
2024    1.000000
2025    1.000000
2026    1.000000
2027    1.000000
2028    1.000000
2029    1.000000
2030    1.000000
2031    1.000000
2032    1.000000
2033    1.000000
2034    1.000000

Probability Threshold Exceeded at Least Once =     1.0000


Requested Percentile Report

Percentile =    50.00 %

                                 2021       2022       2023       2024       2025       2026       2027       2028       2029       2030       2031       2032       2033       2034 

Recruits                     200.8631   209.8229   213.8883   215.8527   214.9809   218.9742   215.4661   217.1160   218.4660   222.1270   219.9598   220.2827   219.3045   219.4585 
Spawning Stock Biomass         2.2228     2.5791     3.0240     2.9835     3.1250     3.2960     3.3985     3.4328     3.4657     3.4694     3.4550     3.4734     3.5020     3.5162 
Jan-1 Stock Biomass            9.1776     9.9138    10.4115    10.6994    10.8682    11.2331    11.4226    11.4891    11.5008    11.5707    11.5655    11.6257    11.6557    11.6611 
Mean Biomass                   8.2876     8.6543     9.0094     9.2457     9.5070     9.7441     9.9026     9.9367     9.9681     9.9863    10.0138    10.0735    10.0861    10.0891 
Combined Catch Biomass         2.9140     3.4653     3.6865     3.7657     3.6243     3.7620     3.8392     3.9014     3.9064     3.9209     3.9194     3.9306     3.9780     3.9716 
Landings                       2.9140     3.4653     3.6865     3.7657     3.6243     3.7620     3.8392     3.9014     3.9064     3.9209     3.9194     3.9306     3.9780     3.9716 
FMort                          1.0794     1.0794     1.0794     1.0794     1.0000     1.0000     1.0000     1.0000     1.0000     1.0000     1.0000     1.0000     1.0000     1.0000 

Stock Numbers at Age
Age 1                        261.1480   200.8631   209.8229   213.8883   215.8527   214.9809   218.9742   215.4661   217.1160   218.4660   222.1270   219.9598   220.2827   219.3045 
Age 2                        100.4175   150.3279   115.3769   120.5158   123.4453   125.2679   124.2960   127.3446   125.2023   125.5600   126.5197   128.9495   127.6289   127.7629 
Age 3                         54.8765    44.7917    68.0380    52.1581    54.5187    57.5139    58.2101    57.6535    59.0109    58.0387    58.2427    58.6065    59.7715    59.1968 
Age 4                          9.5330    18.5470    15.3526    23.3833    17.9221    19.7056    20.7145    20.9990    20.7500    21.3620    20.8646    20.9805    21.1147    21.6029 
Age 5                          2.6907     2.9130     5.6208     4.6592     7.1134     5.7640     6.3379     6.6843     6.7641     6.6832     6.8646     6.6972     6.7614     6.8020 
Age 6                          0.9665     0.7743     0.8410     1.6246     1.3441     2.1884     1.7725     1.9514     2.0514     2.0830     2.0627     2.1106     2.0676     2.0828 
Age 7                          0.1591     0.2736     0.2227     0.2424     0.4694     0.4138     0.6741     0.5477     0.6032     0.6309     0.6439     0.6350     0.6509     0.6380 
Age 8                          0.1092     0.0465     0.0812     0.0662     0.0721     0.1482     0.1309     0.2125     0.1730     0.1893     0.1991     0.2036     0.2006     0.2066 
Age 9                          0.0085     0.0337     0.0141     0.0250     0.0203     0.0235     0.0483     0.0426     0.0691     0.0563     0.0617     0.0648     0.0660     0.0651 
Age 10                          0.0043     0.0027     0.0106     0.0045     0.0079     0.0068     0.0078     0.0162     0.0142     0.0230     0.0189     0.0207     0.0217     0.0220 
Age 11                          0.0014     0.0014     0.0009     0.0034     0.0014     0.0027     0.0023     0.0027     0.0055     0.0049     0.0079     0.0065     0.0071     0.0074 
Age 12                          0.0001     0.0005     0.0005     0.0003     0.0011     0.0005     0.0009     0.0008     0.0009     0.0019     0.0017     0.0028     0.0023     0.0025 
Age 13                          0.0000     0.0000     0.0002     0.0002     0.0001     0.0004     0.0002     0.0003     0.0003     0.0003     0.0007     0.0006     0.0010     0.0008 
Age 14                          0.0000     0.0000     0.0000     0.0001     0.0001     0.0000     0.0001     0.0001     0.0001     0.0001     0.0001     0.0002     0.0002     0.0004 
Age 15                          0.0000     0.0000     0.0000     0.0000     0.0000     0.0000     0.0000     0.0001     0.0000     0.0001     0.0001     0.0001     0.0001     0.0001 
