AGEPRO VERSION 4.2

Constant_Q_MT

Date & Time of Run: 05 Apr 2024  13:48

Input File Name:    constant_Q_MT.inp

First Age Class:                         1
Number of Age Classes:                  15
Number of Years in Projection:          14
Number of Fleets:                        9
Number of Recruitment Models:            1
Number of Bootstraps:                  100
Number of Simulations:                 100

Bootstrap File Name:            C:\Users\jon.brodziak\Desktop\2024 WCNPO MLS Rebuilding\Bootstrap-numbers-at-age\2023_WCNPOMLS.bsn

Number of Feasible Solutions:       9987  of      10000 Realizations

Input Harvest Scenario

Year  Type        Fleet-1    Fleet-2    Fleet-3    Fleet-4    Fleet-5    Fleet-6    Fleet-7    Fleet-8    Fleet-9    

2021  F-Mult       0.1651     0.0453     0.2588     0.0166     0.0610     0.0487     0.0642     0.0722     0.3475 
2022  F-Mult       0.1651     0.0453     0.2588     0.0166     0.0610     0.0487     0.0642     0.0722     0.3475 
2023  F-Mult       0.1651     0.0453     0.2588     0.0166     0.0610     0.0487     0.0642     0.0722     0.3475 
2024  F-Mult       0.1651     0.0453     0.2588     0.0166     0.0610     0.0487     0.0642     0.0722     0.3475 
2025  Landings        316        125        654         58        191         85        165        297        309 
2026  Landings        316        125        654         58        191         85        165        297        309 
2027  Landings        316        125        654         58        191         85        165        297        309 
2028  Landings        316        125        654         58        191         85        165        297        309 
2029  Landings        316        125        654         58        191         85        165        297        309 
2030  Landings        316        125        654         58        191         85        165        297        309 
2031  Landings        316        125        654         58        191         85        165        297        309 
2032  Landings        316        125        654         58        191         85        165        297        309 
2033  Landings        316        125        654         58        191         85        165        297        309 
2034  Landings        316        125        654         58        191         85        165        297        309 

Recruits        1000  Fish

Year Class   Average        StdDev
2021        176.4412       75.5229
2022        176.0375       76.5597
2023        175.4212       75.9220
2024        175.4646       76.1189
2025        175.8443       75.4004
2026        176.0396       76.2919
2027        175.2159       75.7507
2028        174.3043       75.8739
2029        175.9422       75.8288
2030        175.2922       76.6131
2031        173.6786       76.4293
2032        175.9654       76.3357
2033        176.7023       75.9215
2034        174.9079       75.2375

Recruits Distribution

Year Class 1%         5%         10%        25%        50%        75%        90%        95%        99%    
2021    68.6115    69.7830    77.3545   104.4533   172.0336   244.0616   279.5495   303.5167   321.8425
2022    68.5888    69.7886    77.2947   102.1166   172.3570   245.8321   280.9990   306.4798   321.8616
2023    68.6683    69.8675    76.6916   102.7421   171.8776   243.6573   279.5329   304.8021   321.8971
2024    68.6217    69.8114    77.2485   102.8393   171.4914   243.7765   280.8133   305.2125   321.3771
2025    68.6557    69.8393    77.6171   103.6565   172.7136   242.5455   278.6264   304.8989   321.7879
2026    68.6600    69.8053    77.2539   103.0450   171.6064   244.9701   282.1392   304.7253   321.6447
2027    68.5920    69.7531    76.7798   103.2745   171.0249   242.7141   280.4670   305.0362   321.9917
2028    68.6773    69.7509    76.3421   102.0567   170.8046   241.1395   280.1237   304.4191   321.5130
2029    68.6649    69.7929    77.4710   103.8223   171.7573   243.9537   281.2452   304.9016   321.7030
2030    68.5673    69.7130    76.5877   102.3335   170.9030   245.0947   282.1936   305.4517   321.2326
2031    68.6166    69.6724    75.9372   100.3135   170.1220   241.9009   281.2717   305.1462   321.8436
2032    68.6259    69.7808    77.2357   103.1702   171.4735   245.4231   281.9089   305.4597   320.5256
2033    68.6634    69.8570    77.7249   104.2372   172.1635   244.9323   282.0967   306.1145   321.9258
2034    68.6516    69.8260    77.3695   103.4559   171.5637   241.3487   278.6005   302.3354   320.7744

Spawning Stock Biomass  x       1000 MT

Year       Average        StdDev
2021        2.2960        0.4641
2022        2.6085        0.4343
2023        2.9474        0.6080
2024        2.6125        0.6088
2025        2.6839        0.8249
2026        3.0642        1.2088
2027        3.4129        1.4848
2028        3.6982        1.6573
2029        3.9198        1.7731
2030        4.0753        1.8348
2031        4.1949        1.8892
2032        4.2913        1.9270
2033        4.3600        1.9581
2034        4.4025        1.9642

Spawning Stock Biomass Distribution

Year        1%         5%         10%        25%        50%        75%        90%        95%        99%   
2021     1.4641     1.7248     1.8276     1.9948     2.2281     2.5112     2.8156     3.0379     4.1905 
2022     1.7572     1.9581     2.0769     2.3090     2.5756     2.8555     3.1949     3.4177     3.7870 
2023     1.8287     2.0841     2.2214     2.5004     2.8783     3.3144     3.7785     4.0680     4.5857 
2024     1.4435     1.6931     1.8459     2.1507     2.5747     3.0292     3.4269     3.6668     4.1459 
2025     1.0490     1.4117     1.6409     2.0749     2.6316     3.2381     3.7814     4.1261     4.7014 
2026     0.7355     1.2267     1.5540     2.1515     2.9885     3.8757     4.6868     5.1556     6.0484 
2027     0.6098     1.1513     1.5295     2.3134     3.3201     4.3931     5.3884     6.0064     7.1923 
2028     0.5328     1.1857     1.5923     2.4815     3.5825     4.7873     5.8718     6.5911     7.9611 
2029     0.5446     1.2310     1.6990     2.6252     3.7917     5.0788     6.2995     7.0482     8.5474 
2030     0.5558     1.2744     1.7888     2.7263     3.9694     5.2700     6.5283     7.3324     8.7943 
2031     0.6064     1.2804     1.8226     2.8211     4.0500     5.4300     6.7412     7.4545     9.1085 
2032     0.5771     1.3502     1.8844     2.8942     4.1394     5.5615     6.8736     7.6361     9.3079 
2033     0.5853     1.3504     1.8990     2.9265     4.2213     5.6567     6.9622     7.7817     9.4120 
2034     0.5514     1.3721     1.9262     2.9988     4.2751     5.7000     7.0003     7.8198     9.3596 

JAN-1 Stock Biomass  x       1000 MT

Year       Average        StdDev
2021        9.2940        1.5995
2022        9.5056        1.7497
2023        9.0555        1.8419
2024        8.4970        1.8346
2025        8.1974        1.8223
2026        8.6877        2.1873
2027        9.1095        2.4393
2028        9.4477        2.5861
2029        9.6963        2.6923
2030        9.8961        2.7724
2031       10.0526        2.8268
2032       10.1419        2.8614
2033       10.2362        2.8831
2034       10.3221        2.8915

JAN-1 Stock Biomass Distribution

Year       1%         5%         10%        25%        50%        75%        90%        95%        99%    
2021     6.3279     6.9360     7.3601     8.1604     9.1768    10.1208    11.5384    12.3413    13.7481 
2022     6.0630     6.8238     7.3019     8.2612     9.3957    10.6306    11.8568    12.6033    14.0095 
2023     5.3561     6.1876     6.7360     7.7157     8.9781    10.3085    11.4892    12.2422    13.6549 
2024     4.6151     5.5803     6.1684     7.1937     8.4092     9.7180    10.9202    11.6373    12.9233 
2025     4.4228     5.3060     5.8446     6.8720     8.1340     9.4708    10.5764    11.2939    12.5479 
2026     4.1315     5.2222     5.8691     7.1034     8.6356    10.1797    11.5275    12.3590    14.0293 
2027     4.0093     5.2780     5.9895     7.3819     9.0020    10.7427    12.3074    13.2765    15.2041 
2028     3.9998     5.3379     6.1845     7.6065     9.3523    11.1468    12.8059    13.8158    15.9457 
2029     3.9960     5.4523     6.2838     7.7986     9.5826    11.4601    13.1931    14.3049    16.4005 
2030     4.1410     5.5286     6.3924     7.9521     9.7576    11.7235    13.5663    14.5950    16.7299 
2031     4.0950     5.5935     6.4717     8.0242     9.9549    11.9189    13.7548    14.8452    17.0254 
2032     4.0922     5.6084     6.5336     8.1294    10.0458    12.0528    13.8869    15.0088    17.2278 
2033     4.0657     5.6341     6.5497     8.2522    10.1491    12.1556    13.9714    15.1156    17.4189 
2034     4.0293     5.7513     6.6591     8.2957    10.2654    12.2394    14.0249    15.2303    17.4718 

Mean Biomass  x       1000 MT

Year       Average        StdDev
2021        8.4047        1.5300
2022        8.2391        1.6494
2023        7.6916        1.7093
2024        7.2606        1.6894
2025        7.4060        1.9398
2026        7.8704        2.2527
2027        8.2623        2.4687
2028        8.5572        2.5833
2029        8.7701        2.6762
2030        8.9576        2.7426
2031        9.0941        2.7955
2032        9.1682        2.8274
2033        9.2542        2.8419
2034        9.3363        2.8535

Mean Biomass Distribution

Year       1%         5%         10%        25%        50%        75%        90%        95%        99%    
2021     5.6502     6.1804     6.5623     7.2670     8.2742     9.2685    10.5500    11.2994    12.5128 
2022     5.0581     5.7103     6.1468     7.0298     8.1526     9.3267    10.4438    11.1457    12.3801 
2023     4.3062     5.0065     5.5010     6.4402     7.6179     8.8496     9.9630    10.6198    11.8417 
2024     3.7631     4.5766     5.0915     6.0539     7.1975     8.4011     9.4897    10.1698    11.3450 
2025     3.4370     4.3644     4.9241     6.0001     7.3336     8.7352     9.9739    10.7647    12.0527 
2026     3.2296     4.3005     4.9600     6.2533     7.7902     9.3925    10.8010    11.6596    13.3996 
2027     3.0834     4.3816     5.0921     6.5267     8.1719     9.9106    11.4788    12.4776    14.2830 
2028     3.0778     4.4712     5.2956     6.7195     8.4671    10.2683    11.9587    12.9785    14.9938 
2029     3.1487     4.5466     5.4072     6.9076     8.6530    10.5442    12.3095    13.3743    15.3462 
2030     3.2585     4.6023     5.4732     7.0239     8.8328    10.7788    12.5714    13.6452    15.7658 
2031     3.1866     4.6785     5.5863     7.1160     9.0029    10.9535    12.7975    13.8523    15.9460 
2032     3.1569     4.7050     5.5926     7.1732     9.0781    11.0888    12.8684    13.9834    15.9826 
2033     3.0869     4.7202     5.6768     7.2905     9.1748    11.1524    12.9256    13.9881    16.3103 
2034     3.1526     4.8294     5.7254     7.3648     9.2840    11.1684    13.0347    14.1707    16.3713 

Combined Catch Biomass  x       1000 MT

Year       Average        StdDev
2021        2.9730        0.4790
2022        3.4231        0.5694
2023        3.3955        0.6488
2024        3.1155        0.6631
2025        2.2000        0.0000
2026        2.2000        0.0000
2027        2.2000        0.0000
2028        2.1998        0.0220
2029        2.1996        0.0311
2030        2.1989        0.0492
2031        2.1987        0.0539
2032        2.1980        0.0660
2033        2.1978        0.0695
2034        2.1971        0.0793

Combined Catch Distribution

Year       1%         5%         10%        25%        50%        75%        90%        95%        99%    
2021     1.9732     2.3480     2.4483     2.6624     2.9076     3.2316     3.5496     3.7887     4.7109 
2022     2.3732     2.5958     2.7293     3.0024     3.3831     3.7512     4.2186     4.4992     4.9261 
2023     2.1267     2.4020     2.5798     2.9236     3.3514     3.8240     4.2652     4.5388     5.0309 
2024     1.7729     2.0723     2.2663     2.6336     3.0924     3.5540     3.9999     4.2669     4.7432 
2025     2.2000     2.2000     2.2000     2.2000     2.2000     2.2000     2.2000     2.2000     2.2000 
2026     2.2000     2.2000     2.2000     2.2000     2.2000     2.2000     2.2000     2.2000     2.2000 
2027     2.2000     2.2000     2.2000     2.2000     2.2000     2.2000     2.2000     2.2000     2.2000 
2028     2.2000     2.2000     2.2000     2.2000     2.2000     2.2000     2.2000     2.2000     2.2000 
2029     2.2000     2.2000     2.2000     2.2000     2.2000     2.2000     2.2000     2.2000     2.2000 
2030     2.2000     2.2000     2.2000     2.2000     2.2000     2.2000     2.2000     2.2000     2.2000 
2031     2.2000     2.2000     2.2000     2.2000     2.2000     2.2000     2.2000     2.2000     2.2000 
2032     2.2000     2.2000     2.2000     2.2000     2.2000     2.2000     2.2000     2.2000     2.2000 
2033     2.2000     2.2000     2.2000     2.2000     2.2000     2.2000     2.2000     2.2000     2.2000 
2034     2.2000     2.2000     2.2000     2.2000     2.2000     2.2000     2.2000     2.2000     2.2000 

Landings  x       1000 MT

Year       Average        StdDev
2021        2.9730        0.4790
2022        3.4231        0.5694
2023        3.3955        0.6488
2024        3.1155        0.6631
2025        2.2000        0.0000
2026        2.2000        0.0000
2027        2.2000        0.0000
2028        2.1998        0.0220
2029        2.1996        0.0311
2030        2.1989        0.0492
2031        2.1987        0.0539
2032        2.1980        0.0660
2033        2.1978        0.0695
2034        2.1971        0.0793

Landings Distribution

Year       1%         5%         10%        25%        50%        75%        90%        95%        99%    
2021     1.9732     2.3480     2.4483     2.6624     2.9076     3.2316     3.5496     3.7887     4.7109 
2022     2.3732     2.5958     2.7293     3.0024     3.3831     3.7512     4.2186     4.4992     4.9261 
2023     2.1267     2.4020     2.5798     2.9236     3.3514     3.8240     4.2652     4.5388     5.0309 
2024     1.7729     2.0723     2.2663     2.6336     3.0924     3.5540     3.9999     4.2669     4.7432 
2025     2.2000     2.2000     2.2000     2.2000     2.2000     2.2000     2.2000     2.2000     2.2000 
2026     2.2000     2.2000     2.2000     2.2000     2.2000     2.2000     2.2000     2.2000     2.2000 
2027     2.2000     2.2000     2.2000     2.2000     2.2000     2.2000     2.2000     2.2000     2.2000 
2028     2.2000     2.2000     2.2000     2.2000     2.2000     2.2000     2.2000     2.2000     2.2000 
2029     2.2000     2.2000     2.2000     2.2000     2.2000     2.2000     2.2000     2.2000     2.2000 
2030     2.2000     2.2000     2.2000     2.2000     2.2000     2.2000     2.2000     2.2000     2.2000 
2031     2.2000     2.2000     2.2000     2.2000     2.2000     2.2000     2.2000     2.2000     2.2000 
2032     2.2000     2.2000     2.2000     2.2000     2.2000     2.2000     2.2000     2.2000     2.2000 
2033     2.2000     2.2000     2.2000     2.2000     2.2000     2.2000     2.2000     2.2000     2.2000 
2034     2.2000     2.2000     2.2000     2.2000     2.2000     2.2000     2.2000     2.2000     2.2000 

Total Fishing Mortality

Year       Average        StdDev
2021        1.0794        0.0000
2022        1.0794        0.0000
2023        1.0794        0.0000
2024        1.0794        0.0000
2025        0.8123        0.2498
2026        0.7787        0.3581
2027        0.7460        0.4369
2028        0.7145        0.4897
2029        0.6875        0.5066
2030        0.6628        0.4730
2031        0.6458        0.4654
2032        0.6362        0.4848
2033        0.6319        0.5058
2034        0.6231        0.4776

Total Fishing Mortality Distribution

Year       1%         5%         10%        25%        50%        75%        90%        95%        99%    
2021     1.0794     1.0794     1.0794     1.0794     1.0794     1.0794     1.0794     1.0794     1.0794 
2022     1.0794     1.0794     1.0794     1.0794     1.0794     1.0794     1.0794     1.0794     1.0794 
2023     1.0794     1.0794     1.0794     1.0794     1.0794     1.0794     1.0794     1.0794     1.0794 
2024     1.0794     1.0794     1.0794     1.0794     1.0794     1.0794     1.0794     1.0794     1.0794 
2025     0.4625     0.5151     0.5571     0.6381     0.7564     0.9264     1.1366     1.2965     1.6609 
2026     0.3696     0.4284     0.4683     0.5496     0.6859     0.8985     1.1821     1.4156     2.1552 
2027     0.3181     0.3778     0.4143     0.4927     0.6302     0.8493     1.1909     1.4768     2.4482 
2028     0.2873     0.3459     0.3799     0.4583     0.5891     0.8002     1.1424     1.4595     2.5734 
2029     0.2724     0.3270     0.3607     0.4361     0.5618     0.7707     1.0936     1.3996     2.6363 
2030     0.2623     0.3126     0.3495     0.4211     0.5425     0.7439     1.0484     1.3802     2.4811 
2031     0.2582     0.3074     0.3379     0.4109     0.5311     0.7261     1.0306     1.3521     2.4077 
2032     0.2522     0.3017     0.3341     0.4014     0.5186     0.7058     1.0036     1.3057     2.4163 
2033     0.2519     0.2986     0.3295     0.3968     0.5121     0.6980     1.0048     1.3067     2.4533 
2034     0.2488     0.2969     0.3281     0.3938     0.5030     0.6898     0.9856     1.2724     2.4429 

JAN-1 Stock Numbers at Age  -       1000  Fish

2021

Age        1%         5%         10%        25%        50%        75%        90%        95%        99%    
1      140.2370   175.0900   184.8320   216.7130   261.1480   317.3690   385.6290   409.5080   464.9250
2       58.9389    77.9477    80.8620    85.4451   100.4175   112.5240   125.3470   138.4980   148.4390
3       34.1986    41.3466    43.5177    47.9381    54.8765    60.4455    67.3245    74.4817    84.8335
4        4.4701     6.3288     7.3712     8.3369     9.5330    10.8358    12.5169    14.0136    20.6054
5        1.2938     1.6031     1.7337     2.2441     2.6907     3.2695     4.2092     4.8898     7.4995
6        0.2917     0.4842     0.6024     0.6936     0.9665     1.2287     1.8234     2.1765     5.0518
7        0.0278     0.0584     0.0739     0.1025     0.1591     0.2261     0.3164     0.3996     1.3049
8        0.0082     0.0292     0.0370     0.0584     0.1092     0.1670     0.2575     0.4456     2.1858
9        0.0003     0.0014     0.0021     0.0035     0.0085     0.0144     0.0223     0.0334     0.2402
10        0.0001     0.0005     0.0007     0.0015     0.0043     0.0069     0.0143     0.0242     0.2609
11        0.0000     0.0001     0.0002     0.0004     0.0014     0.0028     0.0051     0.0082     0.1988
12        0.0000     0.0000     0.0000     0.0000     0.0001     0.0003     0.0005     0.0008     0.0280
13        0.0000     0.0000     0.0000     0.0000     0.0000     0.0002     0.0003     0.0005     0.0316
14        0.0000     0.0000     0.0000     0.0000     0.0000     0.0000     0.0001     0.0001     0.0183
15+       0.0000     0.0000     0.0000     0.0000     0.0000     0.0000     0.0000     0.0000     0.0127

2022

Age        1%         5%         10%        25%        50%        75%        90%        95%        99%    
1       68.6115    69.7830    77.3545   104.4533   172.0336   244.0616   279.5495   303.5167   321.8425
2       85.3225   100.6705   107.2381   124.1689   150.5288   184.3451   222.9329   242.9258   275.2454
3       26.4570    34.4585    36.2227    39.2741    44.7361    51.1447    57.9596    62.6957    71.0716
4       11.9477    13.9027    14.9096    16.4901    18.5414    20.8109    23.6133    25.9326    31.3721
5        1.4352     1.9522     2.1879     2.5172     2.9054     3.3270     3.8877     4.3021     6.5246
6        0.3759     0.4636     0.5112     0.6450     0.7753     0.9551     1.2450     1.4532     2.3918
7        0.0987     0.1452     0.1720     0.2059     0.2742     0.3654     0.5296     0.6282     1.6495
8        0.0096     0.0178     0.0219     0.0304     0.0463     0.0677     0.0966     0.1284     0.4434
9        0.0028     0.0092     0.0114     0.0183     0.0336     0.0514     0.0808     0.1370     0.7742
10        0.0001     0.0004     0.0007     0.0011     0.0027     0.0045     0.0073     0.0111     0.0855
11        0.0000     0.0002     0.0002     0.0005     0.0014     0.0023     0.0049     0.0080     0.0979
12        0.0000     0.0000     0.0001     0.0001     0.0005     0.0009     0.0017     0.0028     0.0741
13        0.0000     0.0000     0.0000     0.0000     0.0000     0.0001     0.0002     0.0003     0.0104
14        0.0000     0.0000     0.0000     0.0000     0.0000     0.0001     0.0001     0.0002     0.0123
15+       0.0000     0.0000     0.0000     0.0000     0.0000     0.0000     0.0000     0.0001     0.0121

2023

Age        1%         5%         10%        25%        50%        75%        90%        95%        99%    
1       68.5888    69.7886    77.2947   102.1166   172.3570   245.8321   280.9990   306.4798   321.8616
2       38.0694    40.9742    44.3038    59.9904    99.2520   140.7002   162.5586   175.3458   189.9513
3       38.6568    44.9377    48.1584    55.9237    68.1653    83.5116   101.1012   110.8663   125.3484
4        9.0676    11.5453    12.2579    13.4579    15.3199    17.6250    20.0104    21.6031    24.6945
5        3.5969     4.1425     4.4819     4.9758     5.6181     6.3431     7.2076     7.9103     9.6346
6        0.4156     0.5630     0.6266     0.7263     0.8388     0.9664     1.1309     1.2622     1.8956
7        0.1090     0.1333     0.1481     0.1855     0.2231     0.2778     0.3632     0.4212     0.7228
8        0.0295     0.0431     0.0503     0.0610     0.0812     0.1096     0.1587     0.1872     0.4885
9        0.0031     0.0054     0.0067     0.0093     0.0142     0.0208     0.0297     0.0394     0.1521
10        0.0010     0.0029     0.0036     0.0058     0.0106     0.0163     0.0259     0.0431     0.2531
11        0.0000     0.0001     0.0002     0.0004     0.0009     0.0015     0.0024     0.0036     0.0282
12        0.0000     0.0001     0.0001     0.0002     0.0005     0.0007     0.0016     0.0026     0.0323
13        0.0000     0.0000     0.0000     0.0000     0.0002     0.0003     0.0006     0.0009     0.0261
14        0.0000     0.0000     0.0000     0.0000     0.0000     0.0000     0.0001     0.0001     0.0038
15+       0.0000     0.0000     0.0000     0.0000     0.0000     0.0000     0.0000     0.0001     0.0084

2024

Age        1%         5%         10%        25%        50%        75%        90%        95%        99%    
1       68.6683    69.8675    76.6916   102.7421   171.8776   243.6573   279.5329   304.8021   321.8971
2       38.0564    40.7736    44.0911    58.9308    99.1368   141.2662   163.0870   175.6970   191.0489
3       16.8876    18.4994    20.0195    27.0057    44.7215    63.1824    73.9077    79.6361    87.6160
4       13.1727    15.2388    16.4179    19.1136    23.3494    28.7073    34.7514    38.1789    43.5753
5        2.7296     3.4492     3.6762     4.0591     4.6461     5.3531     6.1085     6.5977     7.5600
6        1.0356     1.1859     1.2803     1.4350     1.6246     1.8459     2.1037     2.3004     2.7999
7        0.1202     0.1611     0.1806     0.2094     0.2432     0.2819     0.3292     0.3682     0.5494
8        0.0322     0.0390     0.0438     0.0546     0.0663     0.0833     0.1087     0.1263     0.2181
9        0.0088     0.0131     0.0152     0.0187     0.0249     0.0337     0.0488     0.0574     0.1507
10        0.0010     0.0017     0.0021     0.0029     0.0045     0.0066     0.0094     0.0125     0.0480
11        0.0003     0.0009     0.0012     0.0019     0.0034     0.0053     0.0084     0.0139     0.0814
12        0.0000     0.0000     0.0001     0.0001     0.0003     0.0005     0.0008     0.0012     0.0093
13        0.0000     0.0000     0.0000     0.0001     0.0002     0.0003     0.0005     0.0009     0.0116
14        0.0000     0.0000     0.0000     0.0000     0.0001     0.0001     0.0002     0.0003     0.0100
15+       0.0000     0.0000     0.0000     0.0000     0.0000     0.0000     0.0000     0.0001     0.0044

2025

Age        1%         5%         10%        25%        50%        75%        90%        95%        99%    
1       68.6217    69.8114    77.2485   102.8393   171.4914   243.7765   280.8133   305.2125   321.3771
2       38.1521    40.8291    44.0663    58.9502    99.0979   140.2168   162.5285   174.8371   190.1619
3       16.7626    18.3780    19.9365    26.6651    44.7904    63.4871    73.9146    79.7381    88.2244
4        5.6666     6.3262     6.8722     9.2547    15.3427    21.5728    25.3920    27.4868    30.4439
5        3.9164     4.5743     4.9514     5.7565     7.0451     8.7281    10.5871    11.6233    13.3630
6        0.7913     0.9821     1.0510     1.1726     1.3439     1.5527     1.7789     1.9214     2.2155
7        0.2923     0.3396     0.3676     0.4142     0.4706     0.5378     0.6122     0.6705     0.8150
8        0.0351     0.0474     0.0531     0.0617     0.0721     0.0841     0.0987     0.1113     0.1627
9        0.0097     0.0119     0.0134     0.0166     0.0203     0.0256     0.0334     0.0390     0.0666
10        0.0028     0.0041     0.0048     0.0059     0.0079     0.0107     0.0155     0.0182     0.0479
11        0.0003     0.0006     0.0007     0.0009     0.0014     0.0021     0.0031     0.0041     0.0157
12        0.0001     0.0003     0.0004     0.0006     0.0011     0.0018     0.0028     0.0046     0.0278
13        0.0000     0.0000     0.0000     0.0000     0.0001     0.0002     0.0003     0.0004     0.0032
14        0.0000     0.0000     0.0000     0.0000     0.0001     0.0001     0.0002     0.0003     0.0038
15+       0.0000     0.0000     0.0000     0.0000     0.0000     0.0000     0.0001     0.0001     0.0052

2026

Age        1%         5%         10%        25%        50%        75%        90%        95%        99%    
1       68.6557    69.8393    77.6171   103.6565   172.7136   242.5455   278.6264   304.8989   321.7879
2       38.0202    41.3021    44.6831    59.7059   100.4582   143.4721   167.6560   180.0172   195.0752
3       14.8529    18.2022    20.2365    27.7509    49.1646    72.2419    86.5679    94.0431   104.4662
4        4.5266     6.0802     7.1260    10.0869    18.4005    27.7092    34.1204    37.6699    43.1392
5        1.3056     1.9662     2.3626     3.3220     5.7082     8.3538    10.6499    11.6919    13.8694
6        0.9417     1.3344     1.5714     1.9897     2.5694     3.3342     4.1624     4.7072     5.7339
7        0.2050     0.2850     0.3262     0.4014     0.4929     0.5944     0.7002     0.7694     0.9129
8        0.0766     0.1043     0.1194     0.1446     0.1752     0.2081     0.2450     0.2705     0.3355
9        0.0108     0.0151     0.0177     0.0221     0.0271     0.0331     0.0403     0.0456     0.0648
10        0.0031     0.0041     0.0048     0.0061     0.0079     0.0101     0.0135     0.0162     0.0263
11        0.0010     0.0015     0.0017     0.0023     0.0031     0.0043     0.0062     0.0076     0.0196
12        0.0001     0.0002     0.0003     0.0004     0.0006     0.0009     0.0012     0.0017     0.0062
13        0.0000     0.0001     0.0002     0.0002     0.0005     0.0007     0.0012     0.0018     0.0114
14        0.0000     0.0000     0.0000     0.0000     0.0000     0.0001     0.0001     0.0002     0.0013
15+       0.0000     0.0000     0.0000     0.0000     0.0000     0.0001     0.0001     0.0002     0.0036

2027

Age        1%         5%         10%        25%        50%        75%        90%        95%        99%    
1       68.6600    69.8053    77.2539   103.0450   171.6064   244.9701   282.1392   304.7253   321.6447
2       37.7398    41.4591    44.9949    60.5891   101.5206   143.1488   166.8424   180.2774   195.7523
3       13.2845    18.2069    20.7664    28.9315    50.6986    74.9217    90.7686    98.9369   110.8959
4        2.9246     5.5408     7.0704    10.9084    21.0138    33.2303    42.5658    47.1077    54.9482
5        0.7011     1.6393     2.2683     3.7473     7.1970    11.5969    15.7046    17.8589    21.6021
6        0.2029     0.5247     0.7502     1.2074     2.1310     3.3852     4.6475     5.3690     6.6680
7        0.1386     0.3311     0.4540     0.6943     1.0023     1.3884     1.8206     2.1168     2.6857
8        0.0300     0.0713     0.0954     0.1403     0.1968     0.2563     0.3163     0.3559     0.4268
9        0.0112     0.0263     0.0358     0.0519     0.0711     0.0913     0.1119     0.1258     0.1559
10        0.0019     0.0041     0.0056     0.0082     0.0112     0.0147     0.0185     0.0213     0.0293
11        0.0006     0.0012     0.0016     0.0023     0.0033     0.0045     0.0060     0.0074     0.0117
12        0.0002     0.0005     0.0006     0.0009     0.0013     0.0019     0.0028     0.0035     0.0083
13        0.0000     0.0001     0.0001     0.0001     0.0002     0.0004     0.0006     0.0008     0.0027
14        0.0000     0.0000     0.0001     0.0001     0.0002     0.0003     0.0005     0.0008     0.0049
15+       0.0000     0.0000     0.0000     0.0000     0.0000     0.0001     0.0001     0.0002     0.0022

2028

Age        1%         5%         10%        25%        50%        75%        90%        95%        99%    
1       68.5920    69.7531    76.7798   103.2745   171.0249   242.7141   280.4670   305.0362   321.9917
2       38.0915    41.5488    44.9663    60.0626   101.5405   144.2945   169.3980   181.6353   197.0579
3       12.3414    18.2949    21.1729    29.9134    52.3368    75.5676    91.5604    99.8143   112.7529
4        2.3015     5.2860     7.2006    11.6688    22.2345    35.1613    46.0884    51.0616    59.5998
5        0.4014     1.4104     2.2092     4.0517     8.6186    14.8706    20.4138    23.4070    28.8195
6        0.0865     0.3995     0.6689     1.3888     2.7951     5.0251     7.2688     8.5726    11.0010
7        0.0280     0.1251     0.2203     0.4404     0.8422     1.4630     2.1392     2.5551     3.3703
8        0.0170     0.0786     0.1298     0.2500     0.4185     0.6304     0.8628     1.0194     1.3619
9        0.0037     0.0167     0.0278     0.0510     0.0835     0.1183     0.1539     0.1758     0.2204
10        0.0015     0.0066     0.0108     0.0194     0.0308     0.0429     0.0551     0.0628     0.0802
11        0.0003     0.0011     0.0017     0.0031     0.0049     0.0070     0.0091     0.0107     0.0151
12        0.0001     0.0003     0.0005     0.0009     0.0015     0.0021     0.0029     0.0036     0.0059
13        0.0000     0.0001     0.0002     0.0004     0.0006     0.0009     0.0013     0.0017     0.0037
14        0.0000     0.0000     0.0000     0.0001     0.0001     0.0002     0.0003     0.0004     0.0013
15+       0.0000     0.0000     0.0000     0.0000     0.0001     0.0002     0.0003     0.0005     0.0034

2029

Age        1%         5%         10%        25%        50%        75%        90%        95%        99%    
1       68.6773    69.7509    76.3421   102.0567   170.8046   241.1395   280.1237   304.4191   321.5130
2       37.9956    41.4927    44.6976    60.3341   101.3397   144.3570   168.7501   181.0682   196.2443
3       12.8601    18.8847    21.7511    29.8422    52.6137    76.6156    93.4296   101.7528   114.3601
4        2.0153     5.4122     7.5688    12.4737    23.5653    36.0483    47.0374    52.2976    61.5656
5        0.2737     1.3264     2.2485     4.5146     9.3272    16.1901    22.8674    25.9910    31.6123
6        0.0442     0.3290     0.6562     1.5209     3.5235     6.6690     9.7540    11.6323    15.0739
7        0.0101     0.0998     0.1975     0.5174     1.1574     2.2395     3.4362     4.2379     5.7747
8        0.0034     0.0301     0.0670     0.1660     0.3556     0.6692     1.0218     1.2661     1.7633
9        0.0019     0.0196     0.0395     0.0935     0.1822     0.2980     0.4254     0.5181     0.7066
10        0.0005     0.0043     0.0085     0.0198     0.0371     0.0569     0.0772     0.0904     0.1183
11        0.0002     0.0017     0.0034     0.0076     0.0139     0.0211     0.0281     0.0327     0.0428
12        0.0000     0.0003     0.0006     0.0012     0.0022     0.0034     0.0047     0.0056     0.0078
13        0.0000     0.0001     0.0002     0.0004     0.0007     0.0010     0.0015     0.0019     0.0030
14        0.0000     0.0000     0.0001     0.0001     0.0003     0.0004     0.0007     0.0009     0.0018
15+       0.0000     0.0000     0.0000     0.0000     0.0001     0.0002     0.0003     0.0004     0.0023

2030

Age        1%         5%         10%        25%        50%        75%        90%        95%        99%    
1       68.6649    69.7929    77.4710   103.8223   171.7573   243.9537   281.2452   304.9016   321.7030
2       37.6182    41.4870    44.6817    59.8183   101.5675   143.4995   168.4016   180.5566   196.7754
3       12.1587    19.1834    21.9007    30.2928    53.2364    76.9806    93.7287   101.4137   113.0749
4        2.1092     5.7776     8.1896    12.6692    23.8535    37.1478    48.3139    53.9615    62.7459
5        0.2441     1.4011     2.4108     4.9732    10.0558    16.9180    23.5233    27.1129    33.2991
6        0.0280     0.3178     0.6759     1.7269     3.9224     7.4589    11.1874    13.2263    16.8375
7        0.0042     0.0832     0.1981     0.5760     1.4854     3.0404     4.7602     5.8628     8.1366
8        0.0010     0.0251     0.0620     0.2006     0.4988     1.0366     1.6744     2.1342     3.1066
9        0.0004     0.0078     0.0211     0.0653     0.1589     0.3167     0.5076     0.6415     0.9416
10        0.0002     0.0052     0.0127     0.0371     0.0821     0.1457     0.2159     0.2683     0.3788
11        0.0001     0.0011     0.0028     0.0079     0.0169     0.0283     0.0403     0.0479     0.0648
12        0.0000     0.0005     0.0011     0.0031     0.0064     0.0105     0.0147     0.0174     0.0236
13        0.0000     0.0001     0.0002     0.0005     0.0010     0.0017     0.0024     0.0030     0.0043
14        0.0000     0.0000     0.0001     0.0002     0.0003     0.0005     0.0008     0.0010     0.0016
15+       0.0000     0.0000     0.0000     0.0001     0.0002     0.0003     0.0005     0.0007     0.0019

2031

Age        1%         5%         10%        25%        50%        75%        90%        95%        99%    
1       68.5673    69.7130    76.5877   102.3335   170.9030   245.0947   282.1936   305.4517   321.2326
2       38.0668    41.9539    45.3633    61.0145   101.8943   144.7125   169.5906   182.2500   196.8939
3       12.7111    19.1949    22.1737    30.3106    53.1272    77.0455    93.6243   102.3154   114.7328
4        2.0079     6.0128     8.3105    13.1367    24.5483    37.1788    48.9172    54.0411    62.4341
5        0.2121     1.5619     2.6712     5.1552    10.3123    17.6054    24.5432    28.1657    34.1113
6        0.0257     0.3571     0.7573     1.9214     4.2862     7.8902    11.6529    13.8100    17.7982
7        0.0030     0.0839     0.2127     0.6731     1.6891     3.4679     5.5295     6.7794     9.0544
8        0.0007     0.0231     0.0635     0.2263     0.6448     1.4307     2.3723     3.0021     4.3486
9        0.0002     0.0069     0.0202     0.0802     0.2256     0.4914     0.8467     1.0906     1.6698
10        0.0001     0.0022     0.0071     0.0270     0.0727     0.1532     0.2549     0.3320     0.5124
11        0.0000     0.0014     0.0043     0.0153     0.0379     0.0725     0.1118     0.1425     0.2101
12        0.0000     0.0003     0.0010     0.0033     0.0079     0.0142     0.0212     0.0257     0.0362
13        0.0000     0.0001     0.0004     0.0013     0.0031     0.0053     0.0077     0.0094     0.0130
14        0.0000     0.0000     0.0001     0.0002     0.0005     0.0009     0.0013     0.0016     0.0023
15+       0.0000     0.0000     0.0000     0.0001     0.0002     0.0004     0.0007     0.0009     0.0017

2032

Age        1%         5%         10%        25%        50%        75%        90%        95%        99%    
1       68.6166    69.6724    75.9372   100.3135   170.1220   241.9009   281.2717   305.1462   321.8436
2       38.0155    41.6249    45.0191    60.3739   101.4968   145.4233   169.2631   182.2544   197.5639
3       13.0500    19.5476    22.5111    31.1625    53.9062    78.0668    94.7405   102.7819   114.8092
4        2.2199     6.0870     8.4300    13.2593    24.5377    37.8647    49.0671    54.7003    63.3939
5        0.2995     1.6061     2.7689     5.3745    10.6860    17.7380    24.7041    28.3470    34.2089
6        0.0271     0.3854     0.8576     2.0185     4.4250     8.3042    12.2870    14.6158    18.5664
7        0.0036     0.0920     0.2400     0.7536     1.8808     3.6876     5.8011     7.1593     9.7702
8        0.0005     0.0224     0.0695     0.2661     0.7481     1.6601     2.7677     3.5020     4.9570
9        0.0001     0.0064     0.0211     0.0928     0.2898     0.6863     1.2064     1.5543     2.4014
10        0.0000     0.0019     0.0073     0.0333     0.1031     0.2404     0.4322     0.5658     0.9253
11        0.0000     0.0007     0.0024     0.0113     0.0338     0.0754     0.1321     0.1766     0.2846
12        0.0000     0.0005     0.0015     0.0065     0.0177     0.0365     0.0595     0.0763     0.1177
13        0.0000     0.0001     0.0003     0.0014     0.0037     0.0072     0.0112     0.0139     0.0201
14        0.0000     0.0000     0.0001     0.0006     0.0015     0.0027     0.0042     0.0051     0.0073
15+       0.0000     0.0000     0.0000     0.0001     0.0004     0.0007     0.0010     0.0013     0.0022

2033

Age        1%         5%         10%        25%        50%        75%        90%        95%        99%    
1       68.6259    69.7808    77.2357   103.1702   171.4735   245.4231   281.9089   305.4597   320.5256
2       38.0234    41.6154    44.7253    58.9144   101.0668   143.8280   168.9679   181.8532   198.1044
3       13.1602    19.5503    22.4519    30.7449    53.5635    78.2930    95.2297   103.0839   116.5443
4        2.1469     6.3879     8.7628    13.6792    25.1519    38.3565    49.7968    55.1414    64.1121
5        0.2883     1.6324     2.8418     5.4837    10.7527    18.1642    25.1112    28.5703    34.8415
6        0.0338     0.4038     0.8948     2.1513     4.6339     8.4326    12.3978    14.6058    18.6567
7        0.0036     0.0992     0.2709     0.8101     1.9410     3.9544     6.1672     7.5846    10.1062
8        0.0006     0.0248     0.0784     0.3004     0.8393     1.7784     2.9456     3.7336     5.2516
9        0.0001     0.0063     0.0243     0.1086     0.3366     0.7982     1.4197     1.8510     2.6863
10        0.0000     0.0020     0.0075     0.0383     0.1327     0.3359     0.6210     0.8160     1.3198
11        0.0000     0.0006     0.0025     0.0140     0.0485     0.1188     0.2244     0.3020     0.5039
12        0.0000     0.0002     0.0009     0.0048     0.0160     0.0377     0.0697     0.0938     0.1552
13        0.0000     0.0001     0.0006     0.0028     0.0085     0.0185     0.0316     0.0410     0.0653
14        0.0000     0.0000     0.0001     0.0006     0.0018     0.0037     0.0060     0.0076     0.0112
15+       0.0000     0.0000     0.0001     0.0003     0.0009     0.0018     0.0028     0.0035     0.0053

2034

Age        1%         5%         10%        25%        50%        75%        90%        95%        99%    
1       68.6634    69.8570    77.7249   104.2372   172.1635   244.9323   282.0967   306.1145   321.9258
2       37.7635    41.8363    45.1002    61.0284   102.0324   145.8095   169.6231   182.3006   197.4891
3       12.5004    19.3634    22.2301    30.1084    53.5036    77.4808    94.6850   103.0776   115.2873
4        2.2160     6.2666     8.8429    13.6347    24.9268    38.5105    50.2492    55.5873    64.9441
5        0.2948     1.7338     2.9600     5.6827    11.1238    18.4595    25.4668    29.0355    35.1219
6        0.0348     0.4342     0.9259     2.2148     4.6979     8.6915    12.6745    14.8912    19.1247
7        0.0048     0.1104     0.2833     0.8625     2.0412     4.0414     6.2089     7.5547    10.1849
8        0.0007     0.0274     0.0886     0.3282     0.8734     1.9051     3.1204     3.9798     5.5308
9        0.0001     0.0071     0.0270     0.1225     0.3852     0.8641     1.5122     1.9769     2.8900
10        0.0000     0.0020     0.0085     0.0449     0.1561     0.3902     0.7371     0.9812     1.4698
11        0.0000     0.0006     0.0026     0.0164     0.0621     0.1667     0.3208     0.4342     0.7236
12        0.0000     0.0002     0.0009     0.0060     0.0230     0.0592     0.1171     0.1617     0.2786
13        0.0000     0.0001     0.0003     0.0021     0.0076     0.0191     0.0365     0.0502     0.0869
14        0.0000     0.0000     0.0002     0.0012     0.0041     0.0095     0.0169     0.0223     0.0367
15+       0.0000     0.0000     0.0001     0.0004     0.0013     0.0028     0.0047     0.0061     0.0091

Probability Spawning Stock Biomass Exceeds Threshold      3.660 (1000 MT)

Year    Probability

2021    0.019000
2022    0.019400
2023    0.128300
2024    0.051400
2025    0.126000
2026    0.305700
2027    0.414600
2028    0.482000
2029    0.528400
2030    0.562500
2031    0.579300
2032    0.602000
2033    0.615300
2034    0.622300

Probability Threshold Exceeded at Least Once =     0.8701

Probability Total Fishing Mortality Exceeds Threshold     0.8413 

Year    Probability

2021    1.000000
2022    1.000000
2023    1.000000
2024    1.000000
2025    0.359800
2026    0.302800
2027    0.255700
2028    0.222800
2029    0.196000
2030    0.182000
2031    0.169100
2032    0.163300
2033    0.154600
2034    0.151800

Probability Threshold Exceeded at Least Once =     1.0000


Requested Percentile Report

Percentile =    50.00 %

                                 2021       2022       2023       2024       2025       2026       2027       2028       2029       2030       2031       2032       2033       2034 

Recruits                     172.0336   172.3570   171.8776   171.4914   172.7136   171.6064   171.0249   170.8046   171.7573   170.9030   170.1220   171.4735   172.1635   171.5637 
Spawning Stock Biomass         2.2281     2.5756     2.8783     2.5747     2.6316     2.9885     3.3201     3.5825     3.7917     3.9694     4.0500     4.1394     4.2213     4.2751 
Jan-1 Stock Biomass            9.1768     9.3957     8.9781     8.4092     8.1340     8.6356     9.0020     9.3523     9.5826     9.7576     9.9549    10.0458    10.1491    10.2654 
Mean Biomass                   8.2742     8.1526     7.6179     7.1975     7.3336     7.7902     8.1719     8.4671     8.6530     8.8328     9.0029     9.0781     9.1748     9.2840 
Combined Catch Biomass         2.9076     3.3831     3.3514     3.0924     2.2000     2.2000     2.2000     2.2000     2.2000     2.2000     2.2000     2.2000     2.2000     2.2000 
Landings                       2.9076     3.3831     3.3514     3.0924     2.2000     2.2000     2.2000     2.2000     2.2000     2.2000     2.2000     2.2000     2.2000     2.2000 
FMort                          1.0794     1.0794     1.0794     1.0794     0.7564     0.6859     0.6302     0.5891     0.5618     0.5425     0.5311     0.5186     0.5121     0.5030 

Stock Numbers at Age
Age 1                        261.1480   172.0336   172.3570   171.8776   171.4914   172.7136   171.6064   171.0249   170.8046   171.7573   170.9030   170.1220   171.4735   172.1635 
Age 2                        100.4175   150.5288    99.2520    99.1368    99.0979   100.4582   101.5206   101.5405   101.3397   101.5675   101.8943   101.4968   101.0668   102.0324 
Age 3                         54.8765    44.7361    68.1653    44.7215    44.7904    49.1646    50.6986    52.3368    52.6137    53.2364    53.1272    53.9062    53.5635    53.5036 
Age 4                          9.5330    18.5414    15.3199    23.3494    15.3427    18.4005    21.0138    22.2345    23.5653    23.8535    24.5483    24.5377    25.1519    24.9268 
Age 5                          2.6907     2.9054     5.6181     4.6461     7.0451     5.7082     7.1970     8.6186     9.3272    10.0558    10.3123    10.6860    10.7527    11.1238 
Age 6                          0.9665     0.7753     0.8388     1.6246     1.3439     2.5694     2.1310     2.7951     3.5235     3.9224     4.2862     4.4250     4.6339     4.6979 
Age 7                          0.1591     0.2742     0.2231     0.2432     0.4706     0.4929     1.0023     0.8422     1.1574     1.4854     1.6891     1.8808     1.9410     2.0412 
Age 8                          0.1092     0.0463     0.0812     0.0663     0.0721     0.1752     0.1968     0.4185     0.3556     0.4988     0.6448     0.7481     0.8393     0.8734 
Age 9                          0.0085     0.0336     0.0142     0.0249     0.0203     0.0271     0.0711     0.0835     0.1822     0.1589     0.2256     0.2898     0.3366     0.3852 
Age 10                          0.0043     0.0027     0.0106     0.0045     0.0079     0.0079     0.0112     0.0308     0.0371     0.0821     0.0727     0.1031     0.1327     0.1561 
Age 11                          0.0014     0.0014     0.0009     0.0034     0.0014     0.0031     0.0033     0.0049     0.0139     0.0169     0.0379     0.0338     0.0485     0.0621 
Age 12                          0.0001     0.0005     0.0005     0.0003     0.0011     0.0006     0.0013     0.0015     0.0022     0.0064     0.0079     0.0177     0.0160     0.0230 
Age 13                          0.0000     0.0000     0.0002     0.0002     0.0001     0.0005     0.0002     0.0006     0.0007     0.0010     0.0031     0.0037     0.0085     0.0076 
Age 14                          0.0000     0.0000     0.0000     0.0001     0.0001     0.0000     0.0002     0.0001     0.0003     0.0003     0.0005     0.0015     0.0018     0.0041 
Age 15                          0.0000     0.0000     0.0000     0.0000     0.0000     0.0000     0.0000     0.0001     0.0001     0.0002     0.0002     0.0004     0.0009     0.0013 
