AGEPRO VERSION 4.2

Phased_Q_MT

Date & Time of Run: 05 Apr 2024  14:13

Input File Name:    phased_Q_MT.inp

First Age Class:                         1
Number of Age Classes:                  15
Number of Years in Projection:          14
Number of Fleets:                        9
Number of Recruitment Models:            1
Number of Bootstraps:                  100
Number of Simulations:                 100

Bootstrap File Name:            C:\Users\jon.brodziak\Desktop\2024 WCNPO MLS Rebuilding\Bootstrap-numbers-at-age\2023_WCNPOMLS.bsn

Number of Feasible Solutions:       9983  of      10000 Realizations

Input Harvest Scenario

Year  Type        Fleet-1    Fleet-2    Fleet-3    Fleet-4    Fleet-5    Fleet-6    Fleet-7    Fleet-8    Fleet-9    

2021  F-Mult       0.1651     0.0453     0.2588     0.0166     0.0610     0.0487     0.0642     0.0722     0.3475 
2022  F-Mult       0.1651     0.0453     0.2588     0.0166     0.0610     0.0487     0.0642     0.0722     0.3475 
2023  F-Mult       0.1651     0.0453     0.2588     0.0166     0.0610     0.0487     0.0642     0.0722     0.3475 
2024  F-Mult       0.1651     0.0453     0.2588     0.0166     0.0610     0.0487     0.0642     0.0722     0.3475 
2025  Landings        344        137        713         63        208         93        180        324        337 
2026  Landings        344        137        713         63        208         93        180        324        337 
2027  Landings        344        137        713         63        208         93        180        324        337 
2028  Landings        312        124        647         57        189         84        163        293        305 
2029  Landings        312        124        647         57        189         84        163        293        305 
2030  Landings        312        124        647         57        189         84        163        293        305 
2031  Landings        312        124        647         57        189         84        163        293        305 
2032  Landings        312        124        647         57        189         84        163        293        305 
2033  Landings        312        124        647         57        189         84        163        293        305 
2034  Landings        312        124        647         57        189         84        163        293        305 

Recruits        1000  Fish

Year Class   Average        StdDev
2021        176.4226       76.3480
2022        176.1877       75.6223
2023        174.7931       75.1898
2024        177.0347       76.1455
2025        174.5072       75.5386
2026        174.5131       76.3012
2027        174.8670       75.9087
2028        175.7672       75.7942
2029        175.7775       76.0842
2030        175.1432       76.1911
2031        175.6517       76.3865
2032        175.8125       76.0673
2033        176.8865       75.6940
2034        176.7851       76.8628

Recruits Distribution

Year Class 1%         5%         10%        25%        50%        75%        90%        95%        99%    
2021    68.6726    69.8471    77.7229   103.3350   171.6105   245.8715   282.5880   306.1416   321.1751
2022    68.6433    69.8841    76.9811   104.3499   172.2034   244.5129   279.8434   303.9297   321.2547
2023    68.6632    69.8489    76.8315   102.9281   170.8685   239.8337   279.0347   303.6896   321.4427
2024    68.6440    69.8499    77.7679   103.7829   172.2289   245.1160   282.8221   305.1578   321.5694
2025    68.6448    69.7846    76.9163   101.9788   171.5236   240.8628   278.6338   303.9830   320.9355
2026    68.5750    69.7871    76.4145   101.1726   170.8057   242.3866   281.2559   305.3652   320.5509
2027    68.6404    69.7490    76.3887   102.4601   171.2056   243.1573   280.1296   303.2979   321.1717
2028    68.6373    69.8268    77.3400   103.9571   171.9225   243.8884   281.0328   305.4423   321.4288
2029    68.6372    69.8279    77.0586   102.6820   171.8040   244.6180   281.5408   304.8828   321.4660
2030    68.5815    69.7808    76.8677   102.3487   171.3690   243.3237   282.0055   304.6160   321.6425
2031    68.6445    69.6967    76.0601   103.3931   171.2855   243.8836   282.9864   305.9773   321.8745
2032    68.6064    69.7568    77.2499   103.2169   171.3712   245.9118   280.8083   305.0065   321.6963
2033    68.6175    69.8356    78.0770   104.1739   172.6022   245.1952   279.9720   304.6469   321.7164
2034    68.6634    69.7912    76.2960   103.4064   171.9986   247.0334   283.5897   306.9048   322.0545

Spawning Stock Biomass  x       1000 MT

Year       Average        StdDev
2021        2.2971        0.4578
2022        2.6098        0.4280
2023        2.9485        0.6011
2024        2.6132        0.6061
2025        2.6157        0.8165
2026        2.8715        1.1884
2027        3.1191        1.4600
2028        3.3777        1.6222
2029        3.6532        1.7329
2030        3.8869        1.8051
2031        4.0786        1.8552
2032        4.2232        1.8977
2033        4.3309        1.9227
2034        4.4200        1.9324

Spawning Stock Biomass Distribution

Year        1%         5%         10%        25%        50%        75%        90%        95%        99%   
2021     1.4757     1.7290     1.8358     1.9974     2.2240     2.5178     2.8092     3.0250     4.1198 
2022     1.7535     1.9579     2.0842     2.3113     2.5811     2.8614     3.1904     3.4117     3.7491 
2023     1.8605     2.0871     2.2188     2.5113     2.8872     3.3094     3.7693     4.0592     4.5711 
2024     1.4593     1.6842     1.8493     2.1549     2.5736     3.0285     3.4318     3.6723     4.1079 
2025     0.9957     1.3587     1.5777     2.0151     2.5681     3.1734     3.7096     4.0372     4.5803 
2026     0.5937     1.0707     1.3751     1.9850     2.7913     3.6873     4.4683     4.9429     5.8443 
2027     0.3792     0.9141     1.2956     2.0291     3.0044     4.0929     5.0643     5.6735     6.8650 
2028     0.3341     0.9255     1.3446     2.1582     3.2658     4.4544     5.5236     6.2430     7.5210 
2029     0.3674     1.0220     1.4700     2.3788     3.5371     4.7699     6.0015     6.6836     8.0747 
2030     0.4198     1.1374     1.6100     2.5631     3.7618     5.0739     6.3243     7.0684     8.4983 
2031     0.5058     1.2165     1.7197     2.7325     3.9595     5.3051     6.5397     7.3033     8.7471 
2032     0.5274     1.3270     1.8238     2.8305     4.0898     5.4859     6.7523     7.5196     9.0265 
2033     0.5469     1.3646     1.8835     2.9510     4.2141     5.5889     6.8835     7.6757     9.1767 
2034     0.6102     1.4327     1.9726     3.0306     4.3048     5.6639     7.0108     7.7815     9.3580 

JAN-1 Stock Biomass  x       1000 MT

Year       Average        StdDev
2021        9.3052        1.6105
2022        9.5173        1.7722
2023        9.0639        1.8452
2024        8.4981        1.8238
2025        8.2206        1.8238
2026        8.5268        2.1792
2027        8.7901        2.4152
2028        9.0034        2.5589
2029        9.3642        2.6568
2030        9.6618        2.7320
2031        9.8898        2.7943
2032       10.0745        2.8285
2033       10.2093        2.8386
2034       10.3368        2.8465

JAN-1 Stock Biomass Distribution

Year       1%         5%         10%        25%        50%        75%        90%        95%        99%    
2021     6.3067     6.9402     7.3707     8.1653     9.1731    10.1435    11.5795    12.3677    13.7332 
2022     6.0953     6.8307     7.2966     8.2268     9.3841    10.6705    11.8968    12.6569    14.0681 
2023     5.2940     6.1743     6.6861     7.7168     8.9864    10.3199    11.5149    12.2535    13.5320 
2024     4.6829     5.5975     6.1609     7.1977     8.4195     9.7363    10.9244    11.6025    12.8398 
2025     4.4443     5.3664     5.8929     6.9058     8.1640     9.4401    10.6683    11.3535    12.6108 
2026     3.9705     5.0782     5.7398     6.9683     8.4515     9.9954    11.3852    12.2643    13.8726 
2027     3.6998     4.9600     5.7318     7.0555     8.7007    10.4016    11.9404    12.8852    14.7179 
2028     3.5592     4.9610     5.7225     7.2112     8.9122    10.6806    12.3677    13.3730    15.2101 
2029     3.7405     5.1450     5.9801     7.4958     9.2860    11.1141    12.7954    13.8594    15.7965 
2030     3.8264     5.3498     6.1832     7.7478     9.5472    11.5167    13.2275    14.2921    16.2726 
2031     3.9526     5.5133     6.3497     7.9123     9.7961    11.7694    13.4697    14.6270    16.6889 
2032     4.0286     5.6076     6.4842     8.1122    10.0141    11.9441    13.7300    14.8686    16.9919 
2033     4.1248     5.6829     6.6091     8.2569    10.1124    12.0541    13.9439    15.0459    16.9974 
2034     4.2508     5.8311     6.7855     8.3720    10.2304    12.1811    14.0950    15.2472    17.2605 

Mean Biomass  x       1000 MT

Year       Average        StdDev
2021        8.4045        1.5277
2022        8.2422        1.6517
2023        7.6961        1.6889
2024        7.2533        1.6718
2025        7.3311        1.9377
2026        7.6215        2.2526
2027        7.8582        2.4496
2028        8.1581        2.5724
2029        8.4956        2.6533
2030        8.7574        2.7182
2031        8.9634        2.7652
2032        9.1210        2.7866
2033        9.2486        2.7942
2034        9.3614        2.7979

Mean Biomass Distribution

Year       1%         5%         10%        25%        50%        75%        90%        95%        99%    
2021     5.6475     6.1796     6.5570     7.2852     8.2743     9.2570    10.4976    11.2982    12.6262 
2022     5.0876     5.6921     6.1483     7.0294     8.1403     9.3295    10.4596    11.0796    12.4172 
2023     4.3221     5.0277     5.5093     6.4651     7.6331     8.8602     9.9659    10.6011    11.6871 
2024     3.8394     4.6068     5.1041     6.0441     7.1711     8.3903     9.5085    10.1365    11.2654 
2025     3.3640     4.2689     4.8539     5.9111     7.2556     8.6538     9.9190    10.6258    11.9848 
2026     2.9069     4.0052     4.7234     5.9981     7.5341     9.1606    10.5703    11.4811    13.0392 
2027     2.6926     3.9771     4.7176     6.1085     7.7914     9.5002    11.0491    12.0079    13.8066 
2028     2.7222     4.0684     4.8841     6.3697     8.0459     9.8697    11.5991    12.5857    14.3684 
2029     2.8603     4.2565     5.1272     6.6432     8.4090    10.2617    11.9911    12.9725    14.9115 
2030     2.9518     4.4492     5.3368     6.8525     8.6588    10.5843    12.3000    13.3632    15.3033 
2031     3.0292     4.6188     5.4799     7.0299     8.8546    10.8098    12.5789    13.6209    15.6651 
2032     3.1787     4.7168     5.5566     7.1939     9.0617    10.9423    12.7360    13.8482    15.8889 
2033     3.3202     4.7803     5.6978     7.3382     9.1597    11.0855    12.8985    14.0258    16.0428 
2034     3.4003     4.9053     5.8475     7.4283     9.2659    11.2007    13.0310    14.0971    16.2611 

Combined Catch Biomass  x       1000 MT

Year       Average        StdDev
2021        2.9730        0.4773
2022        3.4223        0.5661
2023        3.3949        0.6464
2024        3.1144        0.6561
2025        2.4000        0.0000
2026        2.4000        0.0000
2027        2.3988        0.0537
2028        2.1730        0.0652
2029        2.1726        0.0721
2030        2.1722        0.0784
2031        2.1717        0.0842
2032        2.1717        0.0842
2033        2.1715        0.0869
2034        2.1713        0.0896

Combined Catch Distribution

Year       1%         5%         10%        25%        50%        75%        90%        95%        99%    
2021     1.9790     2.3542     2.4497     2.6638     2.9123     3.2297     3.5407     3.7929     4.6975 
2022     2.3606     2.5859     2.7220     3.0067     3.3902     3.7491     4.2190     4.4773     4.9153 
2023     2.1451     2.4075     2.5770     2.9129     3.3518     3.8293     4.2532     4.5073     5.0282 
2024     1.7750     2.0707     2.2691     2.6364     3.0899     3.5570     3.9978     4.2340     4.6793 
2025     2.4000     2.4000     2.4000     2.4000     2.4000     2.4000     2.4000     2.4000     2.4000 
2026     2.4000     2.4000     2.4000     2.4000     2.4000     2.4000     2.4000     2.4000     2.4000 
2027     2.4000     2.4000     2.4000     2.4000     2.4000     2.4000     2.4000     2.4000     2.4000 
2028     2.1750     2.1750     2.1750     2.1750     2.1750     2.1750     2.1750     2.1750     2.1750 
2029     2.1750     2.1750     2.1750     2.1750     2.1750     2.1750     2.1750     2.1750     2.1750 
2030     2.1750     2.1750     2.1750     2.1750     2.1750     2.1750     2.1750     2.1750     2.1750 
2031     2.1750     2.1750     2.1750     2.1750     2.1750     2.1750     2.1750     2.1750     2.1750 
2032     2.1750     2.1750     2.1750     2.1750     2.1750     2.1750     2.1750     2.1750     2.1750 
2033     2.1750     2.1750     2.1750     2.1750     2.1750     2.1750     2.1750     2.1750     2.1750 
2034     2.1750     2.1750     2.1750     2.1750     2.1750     2.1750     2.1750     2.1750     2.1750 

Landings  x       1000 MT

Year       Average        StdDev
2021        2.9730        0.4773
2022        3.4223        0.5661
2023        3.3949        0.6464
2024        3.1144        0.6561
2025        2.4000        0.0000
2026        2.4000        0.0000
2027        2.3988        0.0537
2028        2.1730        0.0652
2029        2.1726        0.0721
2030        2.1722        0.0784
2031        2.1717        0.0842
2032        2.1717        0.0842
2033        2.1715        0.0869
2034        2.1713        0.0896

Landings Distribution

Year       1%         5%         10%        25%        50%        75%        90%        95%        99%    
2021     1.9790     2.3542     2.4497     2.6638     2.9123     3.2297     3.5407     3.7929     4.6975 
2022     2.3606     2.5859     2.7220     3.0067     3.3902     3.7491     4.2190     4.4773     4.9153 
2023     2.1451     2.4075     2.5770     2.9129     3.3518     3.8293     4.2532     4.5073     5.0282 
2024     1.7750     2.0707     2.2691     2.6364     3.0899     3.5570     3.9978     4.2340     4.6793 
2025     2.4000     2.4000     2.4000     2.4000     2.4000     2.4000     2.4000     2.4000     2.4000 
2026     2.4000     2.4000     2.4000     2.4000     2.4000     2.4000     2.4000     2.4000     2.4000 
2027     2.4000     2.4000     2.4000     2.4000     2.4000     2.4000     2.4000     2.4000     2.4000 
2028     2.1750     2.1750     2.1750     2.1750     2.1750     2.1750     2.1750     2.1750     2.1750 
2029     2.1750     2.1750     2.1750     2.1750     2.1750     2.1750     2.1750     2.1750     2.1750 
2030     2.1750     2.1750     2.1750     2.1750     2.1750     2.1750     2.1750     2.1750     2.1750 
2031     2.1750     2.1750     2.1750     2.1750     2.1750     2.1750     2.1750     2.1750     2.1750 
2032     2.1750     2.1750     2.1750     2.1750     2.1750     2.1750     2.1750     2.1750     2.1750 
2033     2.1750     2.1750     2.1750     2.1750     2.1750     2.1750     2.1750     2.1750     2.1750 
2034     2.1750     2.1750     2.1750     2.1750     2.1750     2.1750     2.1750     2.1750     2.1750 

Total Fishing Mortality

Year       Average        StdDev
2021        1.0794        0.0000
2022        1.0794        0.0000
2023        1.0794        0.0000
2024        1.0794        0.0000
2025        0.9058        0.2837
2026        0.9106        0.4698
2027        0.9132        0.6367
2028        0.7962        0.6143
2029        0.7429        0.5806
2030        0.6976        0.5543
2031        0.6620        0.5044
2032        0.6388        0.4847
2033        0.6193        0.4435
2034        0.6019        0.4036

Total Fishing Mortality Distribution

Year       1%         5%         10%        25%        50%        75%        90%        95%        99%    
2021     1.0794     1.0794     1.0794     1.0794     1.0794     1.0794     1.0794     1.0794     1.0794 
2022     1.0794     1.0794     1.0794     1.0794     1.0794     1.0794     1.0794     1.0794     1.0794 
2023     1.0794     1.0794     1.0794     1.0794     1.0794     1.0794     1.0794     1.0794     1.0794 
2024     1.0794     1.0794     1.0794     1.0794     1.0794     1.0794     1.0794     1.0794     1.0794 
2025     0.5077     0.5756     0.6160     0.7078     0.8420     1.0341     1.2759     1.4430     1.8870 
2026     0.4167     0.4831     0.5290     0.6252     0.7898     1.0379     1.4127     1.7095     2.7040 
2027     0.3636     0.4314     0.4783     0.5735     0.7446     1.0283     1.4707     1.9099     3.4678 
2028     0.3034     0.3596     0.3990     0.4824     0.6302     0.8877     1.2872     1.7390     3.3750 
2029     0.2835     0.3357     0.3719     0.4524     0.5918     0.8197     1.2085     1.5862     3.2577 
2030     0.2698     0.3222     0.3558     0.4312     0.5581     0.7707     1.1238     1.4700     2.9079 
2031     0.2631     0.3112     0.3447     0.4139     0.5355     0.7362     1.0628     1.3875     2.5510 
2032     0.2566     0.3053     0.3355     0.4028     0.5192     0.7111     1.0185     1.3103     2.4459 
2033     0.2507     0.2991     0.3303     0.3957     0.5065     0.6873     0.9892     1.2760     2.3970 
2034     0.2497     0.2941     0.3240     0.3912     0.4999     0.6694     0.9585     1.2402     2.2196 

JAN-1 Stock Numbers at Age  -       1000  Fish

2021

Age        1%         5%         10%        25%        50%        75%        90%        95%        99%    
1      140.2370   175.0900   184.8320   216.7130   261.1480   317.3690   385.6290   409.5080   464.9250
2       58.9389    77.9477    80.8620    85.4451   100.4175   112.5240   125.3470   138.4980   148.4390
3       34.1986    41.3466    43.5177    47.9381    54.8765    60.4455    67.3245    74.4817    84.8335
4        4.4701     6.3288     7.3712     8.3369     9.5330    10.8358    12.5169    14.0136    20.6054
5        1.2938     1.6031     1.7337     2.2441     2.6907     3.2695     4.2092     4.8898     7.4995
6        0.2917     0.4842     0.6024     0.6936     0.9665     1.2287     1.8234     2.1765     5.0518
7        0.0278     0.0584     0.0739     0.1025     0.1591     0.2261     0.3164     0.3996     1.3049
8        0.0082     0.0292     0.0370     0.0584     0.1092     0.1670     0.2575     0.4456     2.1858
9        0.0003     0.0014     0.0021     0.0035     0.0085     0.0144     0.0223     0.0334     0.2402
10        0.0001     0.0005     0.0007     0.0015     0.0043     0.0069     0.0143     0.0242     0.2609
11        0.0000     0.0001     0.0002     0.0004     0.0014     0.0028     0.0051     0.0082     0.1988
12        0.0000     0.0000     0.0000     0.0000     0.0001     0.0003     0.0005     0.0008     0.0280
13        0.0000     0.0000     0.0000     0.0000     0.0000     0.0002     0.0003     0.0005     0.0316
14        0.0000     0.0000     0.0000     0.0000     0.0000     0.0000     0.0001     0.0001     0.0183
15+       0.0000     0.0000     0.0000     0.0000     0.0000     0.0000     0.0000     0.0000     0.0127

2022

Age        1%         5%         10%        25%        50%        75%        90%        95%        99%    
1       68.6726    69.8471    77.7229   103.3350   171.6105   245.8715   282.5880   306.1416   321.1751
2       86.0874   100.3973   107.3272   123.3855   150.7989   184.3903   222.0670   242.6602   275.4944
3       26.7401    34.5594    36.2187    39.1969    44.7387    51.1677    57.9528    62.9452    70.9895
4       11.8635    13.8931    14.9440    16.4935    18.5262    20.8504    23.6924    26.0330    31.4995
5        1.4281     1.9495     2.1888     2.5223     2.9080     3.3276     3.8864     4.2847     6.5432
6        0.3759     0.4617     0.5122     0.6453     0.7732     0.9535     1.2431     1.4536     2.4354
7        0.0932     0.1453     0.1707     0.2060     0.2743     0.3644     0.5314     0.6306     1.5905
8        0.0094     0.0178     0.0219     0.0304     0.0465     0.0673     0.0970     0.1271     0.4286
9        0.0029     0.0091     0.0114     0.0184     0.0336     0.0514     0.0814     0.1377     0.7806
10        0.0001     0.0004     0.0007     0.0011     0.0027     0.0046     0.0074     0.0111     0.0848
11        0.0000     0.0002     0.0002     0.0005     0.0014     0.0023     0.0049     0.0080     0.0945
12        0.0000     0.0000     0.0001     0.0001     0.0005     0.0009     0.0017     0.0028     0.0753
13        0.0000     0.0000     0.0000     0.0000     0.0000     0.0001     0.0002     0.0003     0.0104
14        0.0000     0.0000     0.0000     0.0000     0.0000     0.0001     0.0001     0.0002     0.0124
15+       0.0000     0.0000     0.0000     0.0000     0.0000     0.0000     0.0000     0.0001     0.0121

2023

Age        1%         5%         10%        25%        50%        75%        90%        95%        99%    
1       68.6433    69.8841    76.9811   104.3499   172.2034   244.5129   279.8434   303.9297   321.2547
2       37.9019    40.9233    44.3061    59.0651    98.9151   141.3542   163.8961   176.2477   190.3516
3       38.7623    45.1534    48.3955    55.6556    68.1062    83.4500   100.9820   110.3469   124.8411
4        9.2044    11.5119    12.2450    13.4790    15.3101    17.6253    20.0150    21.7125    24.6044
5        3.5768     4.1576     4.4765     4.9826     5.6036     6.3481     7.2399     7.9492     9.6245
6        0.4157     0.5584     0.6264     0.7240     0.8407     0.9691     1.1315     1.2514     1.8841
7        0.1075     0.1322     0.1478     0.1848     0.2236     0.2777     0.3608     0.4224     0.6921
8        0.0296     0.0432     0.0501     0.0612     0.0814     0.1094     0.1586     0.1864     0.4780
9        0.0029     0.0055     0.0067     0.0093     0.0141     0.0207     0.0298     0.0393     0.1413
10        0.0010     0.0029     0.0035     0.0058     0.0106     0.0163     0.0260     0.0431     0.2534
11        0.0000     0.0001     0.0002     0.0004     0.0009     0.0015     0.0024     0.0036     0.0284
12        0.0000     0.0001     0.0001     0.0002     0.0005     0.0007     0.0016     0.0027     0.0334
13        0.0000     0.0000     0.0000     0.0000     0.0002     0.0003     0.0006     0.0009     0.0265
14        0.0000     0.0000     0.0000     0.0000     0.0000     0.0000     0.0001     0.0001     0.0038
15+       0.0000     0.0000     0.0000     0.0000     0.0000     0.0000     0.0000     0.0001     0.0085

2024

Age        1%         5%         10%        25%        50%        75%        90%        95%        99%    
1       68.6632    69.8489    76.8315   102.9281   170.8685   239.8337   279.0347   303.6896   321.4427
2       37.7747    40.8109    44.1770    59.8457    99.3975   140.3368   162.4919   174.6930   189.6426
3       16.7248    18.4127    20.0423    26.8227    44.7051    63.6832    74.4952    79.6739    87.7311
4       13.1046    15.2618    16.5042    19.0698    23.3884    28.7003    34.6333    37.9929    43.5000
5        2.7528     3.4324     3.6796     4.0685     4.6384     5.3699     6.1057     6.5783     7.5210
6        1.0172     1.1885     1.2825     1.4360     1.6219     1.8463     2.1166     2.3084     2.7841
7        0.1194     0.1601     0.1799     0.2090     0.2435     0.2820     0.3289     0.3665     0.5446
8        0.0316     0.0389     0.0439     0.0548     0.0664     0.0833     0.1076     0.1259     0.2056
9        0.0089     0.0131     0.0152     0.0187     0.0250     0.0337     0.0488     0.0571     0.1476
10        0.0010     0.0017     0.0021     0.0029     0.0045     0.0066     0.0094     0.0124     0.0459
11        0.0003     0.0009     0.0012     0.0019     0.0034     0.0053     0.0084     0.0139     0.0830
12        0.0000     0.0000     0.0001     0.0001     0.0003     0.0005     0.0008     0.0012     0.0094
13        0.0000     0.0000     0.0000     0.0001     0.0002     0.0003     0.0005     0.0009     0.0110
14        0.0000     0.0000     0.0000     0.0000     0.0001     0.0001     0.0002     0.0003     0.0097
15+       0.0000     0.0000     0.0000     0.0000     0.0000     0.0000     0.0000     0.0001     0.0043

2025

Age        1%         5%         10%        25%        50%        75%        90%        95%        99%    
1       68.6440    69.8499    77.7679   103.7829   172.2289   245.1160   282.8221   305.1578   321.5694
2       37.8855    40.8364    43.9546    59.2469    98.5432   139.3191   162.1162   174.3220   189.0391
3       16.7149    18.3868    19.8916    27.0248    44.8697    63.1643    73.6372    79.1680    86.9967
4        5.6315     6.3051     6.8543     9.1667    15.3000    21.7013    25.6482    27.4923    30.5760
5        3.9160     4.5894     4.9731     5.7669     7.0836     8.7246    10.5577    11.5523    13.3205
6        0.7908     0.9804     1.0520     1.1724     1.3449     1.5551     1.7781     1.9173     2.2264
7        0.2907     0.3400     0.3673     0.4131     0.4687     0.5365     0.6157     0.6772     0.8026
8        0.0358     0.0468     0.0528     0.0616     0.0722     0.0842     0.0986     0.1093     0.1600
9        0.0096     0.0118     0.0134     0.0166     0.0203     0.0256     0.0332     0.0392     0.0647
10        0.0029     0.0041     0.0048     0.0059     0.0079     0.0107     0.0154     0.0182     0.0459
11        0.0003     0.0006     0.0007     0.0010     0.0014     0.0021     0.0030     0.0040     0.0149
12        0.0001     0.0003     0.0004     0.0006     0.0011     0.0018     0.0028     0.0046     0.0274
13        0.0000     0.0000     0.0000     0.0000     0.0001     0.0002     0.0003     0.0004     0.0031
14        0.0000     0.0000     0.0000     0.0000     0.0001     0.0001     0.0002     0.0003     0.0038
15+       0.0000     0.0000     0.0000     0.0000     0.0000     0.0000     0.0001     0.0001     0.0048

2026

Age        1%         5%         10%        25%        50%        75%        90%        95%        99%    
1       68.6448    69.7846    76.9163   101.9788   171.5236   240.8628   278.6338   303.9830   320.9355
2       37.7385    41.0929    44.5375    59.9551   100.3358   143.1370   167.2106   179.8419   194.2499
3       14.3032    17.2378    19.4815    27.0621    47.4991    69.6543    84.3594    91.7428   102.6708
4        3.9346     5.5756     6.6118     9.5947    17.5844    26.3840    32.8419    35.9511    41.2557
5        1.1739     1.7801     2.1587     3.0890     5.3601     7.8334    10.1589    11.3272    13.1790
6        0.8343     1.2138     1.4251     1.8468     2.3963     3.1223     3.8944     4.4136     5.3443
7        0.1775     0.2529     0.2964     0.3718     0.4596     0.5568     0.6642     0.7329     0.8708
8        0.0655     0.0922     0.1072     0.1332     0.1637     0.1970     0.2315     0.2562     0.3105
9        0.0096     0.0135     0.0161     0.0204     0.0254     0.0314     0.0380     0.0430     0.0598
10        0.0026     0.0037     0.0044     0.0057     0.0074     0.0096     0.0127     0.0152     0.0250
11        0.0009     0.0013     0.0016     0.0021     0.0029     0.0040     0.0058     0.0072     0.0178
12        0.0001     0.0002     0.0002     0.0003     0.0005     0.0008     0.0012     0.0016     0.0059
13        0.0000     0.0001     0.0001     0.0002     0.0004     0.0007     0.0011     0.0017     0.0104
14        0.0000     0.0000     0.0000     0.0000     0.0000     0.0001     0.0001     0.0002     0.0012
15+       0.0000     0.0000     0.0000     0.0000     0.0000     0.0000     0.0001     0.0002     0.0035

2027

Age        1%         5%         10%        25%        50%        75%        90%        95%        99%    
1       68.5750    69.7871    76.4145   101.1726   170.8057   242.3866   281.2559   305.3652   320.5509
2       37.0385    40.8064    44.0868    58.8272   100.0088   141.2711   165.5235   177.9241   193.7917
3       11.2916    16.8166    19.5541    27.7606    49.1359    72.6414    88.6130    96.4330   108.3730
4        2.0687     4.4020     5.9908     9.7742    19.0324    30.3961    39.7237    44.4715    51.7705
5        0.4361     1.2385     1.8142     3.1811     6.3162    10.3253    14.1952    16.3143    19.7893
6        0.1249     0.3798     0.5719     1.0049     1.8025     2.9586     4.1794     4.9256     6.0756
7        0.0770     0.2380     0.3445     0.5748     0.8709     1.2155     1.6172     1.8691     2.4206
8        0.0173     0.0493     0.0707     0.1164     0.1700     0.2265     0.2833     0.3208     0.3960
9        0.0068     0.0188     0.0266     0.0429     0.0616     0.0814     0.1007     0.1144     0.1420
10        0.0011     0.0031     0.0042     0.0067     0.0098     0.0131     0.0167     0.0191     0.0261
11        0.0003     0.0009     0.0012     0.0019     0.0029     0.0040     0.0054     0.0066     0.0104
12        0.0001     0.0003     0.0005     0.0007     0.0011     0.0017     0.0025     0.0031     0.0070
13        0.0000     0.0001     0.0001     0.0001     0.0002     0.0003     0.0005     0.0007     0.0023
14        0.0000     0.0000     0.0000     0.0001     0.0002     0.0003     0.0005     0.0007     0.0043
15+       0.0000     0.0000     0.0000     0.0000     0.0000     0.0000     0.0001     0.0001     0.0020

2028

Age        1%         5%         10%        25%        50%        75%        90%        95%        99%    
1       68.6404    69.7490    76.3887   102.4601   171.2056   243.1573   280.1296   303.2979   321.1717
2       36.4753    40.8082    44.0734    58.4710    99.7972   141.4898   167.5260   179.9375   195.8988
3        8.7509    16.0937    19.4268    27.4293    49.2691    72.1236    88.6116    96.2946   107.8490
4        1.0917     3.8654     5.7626    10.2373    20.1385    32.5957    42.9641    48.0927    57.0720
5        0.1236     0.8398     1.4974     3.2576     7.1119    12.6907    18.1236    21.1279    26.0510
6        0.0280     0.2149     0.4324     1.0162     2.2409     4.1736     6.2328     7.5367     9.5805
7        0.0065     0.0644     0.1348     0.3230     0.6503     1.1860     1.8250     2.2304     2.9536
8        0.0044     0.0408     0.0777     0.1803     0.3309     0.5134     0.7230     0.8678     1.1482
9        0.0010     0.0084     0.0166     0.0371     0.0656     0.0983     0.1310     0.1517     0.1971
10        0.0004     0.0033     0.0064     0.0141     0.0242     0.0362     0.0474     0.0548     0.0704
11        0.0001     0.0006     0.0010     0.0023     0.0040     0.0059     0.0078     0.0091     0.0123
12        0.0000     0.0002     0.0003     0.0007     0.0012     0.0018     0.0025     0.0031     0.0049
13        0.0000     0.0001     0.0001     0.0003     0.0005     0.0008     0.0011     0.0015     0.0030
14        0.0000     0.0000     0.0000     0.0000     0.0001     0.0001     0.0002     0.0003     0.0010
15+       0.0000     0.0000     0.0000     0.0000     0.0001     0.0001     0.0003     0.0004     0.0026

2029

Age        1%         5%         10%        25%        50%        75%        90%        95%        99%    
1       68.6373    69.8268    77.3400   103.9571   171.9225   243.8884   281.0328   305.4423   321.4288
2       37.3449    41.3166    44.5671    59.6923   100.8496   143.3476   167.4890   179.8977   196.8563
3        9.1782    17.2124    20.6370    28.3328    51.0414    73.8382    91.6871   100.3286   112.9314
4        0.8681     4.0164     6.3686    11.0448    21.6530    34.0087    44.9908    49.9343    58.6960
5        0.0730     0.8142     1.6142     3.7461     8.0831    14.7667    20.8353    24.1090    30.0123
6        0.0074     0.1546     0.3949     1.1332     2.7905     5.6074     8.5703    10.2914    13.5810
7        0.0012     0.0427     0.1170     0.3507     0.8862     1.8352     2.9201     3.6375     4.8825
8        0.0004     0.0126     0.0360     0.1152     0.2666     0.5222     0.8627     1.0857     1.5254
9        0.0003     0.0079     0.0210     0.0637     0.1392     0.2395     0.3530     0.4361     0.5955
10        0.0001     0.0017     0.0046     0.0133     0.0281     0.0463     0.0651     0.0776     0.1048
11        0.0000     0.0007     0.0018     0.0052     0.0105     0.0173     0.0238     0.0282     0.0377
12        0.0000     0.0001     0.0003     0.0009     0.0017     0.0029     0.0040     0.0047     0.0065
13        0.0000     0.0000     0.0001     0.0003     0.0005     0.0009     0.0013     0.0016     0.0025
14        0.0000     0.0000     0.0000     0.0001     0.0002     0.0004     0.0006     0.0007     0.0014
15+       0.0000     0.0000     0.0000     0.0000     0.0001     0.0001     0.0002     0.0003     0.0016

2030

Age        1%         5%         10%        25%        50%        75%        90%        95%        99%    
1       68.6372    69.8279    77.0586   102.6820   171.8040   244.6180   281.5408   304.8828   321.4660
2       37.6255    41.4481    45.0322    60.8911   101.4341   143.6834   168.0624   182.0401   197.7158
3       10.3826    18.3075    21.4427    29.4342    52.2843    75.6681    92.7564   100.8446   113.7786
4        0.9560     4.7566     7.1949    11.9845    22.7374    35.4165    47.1412    53.0412    62.1933
5        0.0631     0.9005     1.8668     4.2222     9.0318    15.7796    22.2925    25.6729    31.5864
6        0.0042     0.1610     0.4575     1.3588     3.2861     6.6399    10.0622    12.1542    16.0102
7        0.0008     0.0340     0.1096     0.4095     1.1454     2.5408     4.1161     5.1494     7.2017
8        0.0001     0.0090     0.0323     0.1297     0.3745     0.8462     1.4159     1.8071     2.5515
9        0.0000     0.0027     0.0105     0.0428     0.1143     0.2431     0.4242     0.5400     0.7987
10        0.0000     0.0017     0.0062     0.0236     0.0621     0.1154     0.1773     0.2254     0.3192
11        0.0000     0.0004     0.0014     0.0051     0.0126     0.0226     0.0333     0.0406     0.0571
12        0.0000     0.0002     0.0006     0.0020     0.0048     0.0085     0.0124     0.0149     0.0206
13        0.0000     0.0000     0.0001     0.0003     0.0008     0.0014     0.0021     0.0025     0.0035
14        0.0000     0.0000     0.0000     0.0001     0.0002     0.0004     0.0006     0.0008     0.0013
15+       0.0000     0.0000     0.0000     0.0001     0.0001     0.0003     0.0004     0.0006     0.0014

2031

Age        1%         5%         10%        25%        50%        75%        90%        95%        99%    
1       68.5815    69.7808    76.8677   102.3487   171.3690   243.3237   282.0055   304.6160   321.6425
2       37.8922    41.8025    45.0789    60.4015   101.8446   144.7142   169.1349   181.9353   196.4868
3       11.1087    19.0223    22.0830    30.4605    53.0838    76.5454    93.9443   101.8762   114.5223
4        1.2389     5.4602     7.8704    12.6714    23.6210    36.6592    48.0259    53.8189    63.1175
5        0.0931     1.1495     2.2319     4.7269     9.7550    16.8068    23.7450    27.3335    33.2208
6        0.0041     0.2092     0.5725     1.5841     3.7930     7.2834    10.9402    13.0879    16.7182
7        0.0006     0.0388     0.1383     0.5061     1.4027     3.0615     4.9672     6.1966     8.4680
8        0.0001     0.0081     0.0333     0.1548     0.4938     1.1671     2.0418     2.6139     3.7833
9        0.0000     0.0023     0.0102     0.0499     0.1624     0.3956     0.7061     0.9263     1.3867
10        0.0000     0.0008     0.0033     0.0169     0.0513     0.1174     0.2135     0.2791     0.4329
11        0.0000     0.0005     0.0020     0.0095     0.0283     0.0565     0.0920     0.1180     0.1729
12        0.0000     0.0001     0.0005     0.0020     0.0058     0.0112     0.0176     0.0217     0.0313
13        0.0000     0.0000     0.0002     0.0008     0.0022     0.0042     0.0065     0.0081     0.0113
14        0.0000     0.0000     0.0000     0.0001     0.0004     0.0007     0.0011     0.0013     0.0019
15+       0.0000     0.0000     0.0000     0.0001     0.0002     0.0003     0.0006     0.0007     0.0014

2032

Age        1%         5%         10%        25%        50%        75%        90%        95%        99%    
1       68.6445    69.6967    76.0601   103.3931   171.2855   243.8836   282.9864   305.9773   321.8745
2       38.2160    41.7057    44.8923    60.0057   101.9003   144.6591   169.0139   182.0182   197.9582
3       12.0177    19.4720    22.5452    30.4714    53.8084    77.6903    94.7141   102.5502   114.7176
4        1.7436     5.8642     8.3155    13.3266    24.4591    37.4923    49.1633    54.4163    63.3252
5        0.1562     1.3768     2.5418     5.1954    10.2036    17.5105    24.2924    28.0900    33.8761
6        0.0104     0.2781     0.6785     1.8527     4.2056     7.8577    11.7643    13.9936    18.0125
7        0.0010     0.0506     0.1777     0.6129     1.6417     3.4297     5.4791     6.6889     8.8395
8        0.0001     0.0097     0.0439     0.2006     0.6242     1.4479     2.5004     3.1782     4.6000
9        0.0000     0.0023     0.0115     0.0618     0.2224     0.5558     1.0278     1.3587     2.0602
10        0.0000     0.0007     0.0035     0.0201     0.0746     0.1930     0.3596     0.4780     0.7590
11        0.0000     0.0002     0.0011     0.0069     0.0238     0.0573     0.1103     0.1472     0.2363
12        0.0000     0.0001     0.0007     0.0040     0.0132     0.0283     0.0475     0.0627     0.0952
13        0.0000     0.0000     0.0002     0.0009     0.0027     0.0057     0.0092     0.0119     0.0172
14        0.0000     0.0000     0.0001     0.0003     0.0011     0.0021     0.0035     0.0043     0.0063
15+       0.0000     0.0000     0.0000     0.0001     0.0003     0.0005     0.0009     0.0011     0.0018

2033

Age        1%         5%         10%        25%        50%        75%        90%        95%        99%    
1       68.6064    69.7568    77.2499   103.2169   171.3712   245.9118   280.8083   305.0065   321.6963
2       37.6392    41.6638    44.7771    60.7609   101.8543   145.3373   170.2810   183.2664   198.4900
3       13.0057    19.6954    22.5197    30.7921    54.0637    77.8242    94.8837   103.0815   115.3188
4        1.9028     6.2934     8.7127    13.4514    25.1406    38.2011    49.6664    55.2532    63.7962
5        0.2474     1.5931     2.7578     5.4584    10.7647    18.0456    24.9692    28.3339    34.7420
6        0.0212     0.3379     0.8053     2.0828     4.4734     8.2697    12.1713    14.5346    18.5706
7        0.0016     0.0712     0.2147     0.7345     1.8573     3.7464     5.8412     7.2033     9.7552
8        0.0001     0.0129     0.0544     0.2451     0.7298     1.6545     2.7611     3.4590     4.8597
9        0.0000     0.0028     0.0149     0.0798     0.2832     0.7008     1.2676     1.6586     2.4594
10        0.0000     0.0007     0.0039     0.0253     0.1018     0.2724     0.5263     0.7150     1.1221
11        0.0000     0.0002     0.0012     0.0084     0.0348     0.0961     0.1858     0.2531     0.4176
12        0.0000     0.0001     0.0004     0.0029     0.0112     0.0286     0.0575     0.0787     0.1287
13        0.0000     0.0000     0.0003     0.0017     0.0062     0.0144     0.0253     0.0339     0.0530
14        0.0000     0.0000     0.0001     0.0004     0.0013     0.0029     0.0050     0.0064     0.0096
15+       0.0000     0.0000     0.0000     0.0002     0.0006     0.0014     0.0023     0.0030     0.0045

2034

Age        1%         5%         10%        25%        50%        75%        90%        95%        99%    
1       68.6175    69.8356    78.0770   104.1739   172.6022   245.1952   279.9720   304.6469   321.7164
2       38.2815    41.7834    45.1535    61.3078   101.8713   145.9648   169.4945   181.6753   198.3265
3       12.6706    19.8452    22.7884    31.0219    54.1608    78.4933    95.5076   103.6510   115.4279
4        2.2033     6.5023     8.9845    13.6906    25.2331    38.4270    49.8779    55.6428    63.9411
5        0.2438     1.7219     2.9627     5.6617    11.1943    18.4463    25.5585    29.2277    34.8540
6        0.0271     0.4085     0.9173     2.2158     4.7522     8.6007    12.6168    14.7250    18.8077
7        0.0027     0.0853     0.2612     0.8380     1.9882     3.9671     6.1350     7.5356    10.0839
8        0.0004     0.0200     0.0703     0.2987     0.8332     1.8017     2.9948     3.7580     5.2568
9        0.0000     0.0037     0.0196     0.1011     0.3350     0.8094     1.4094     1.8059     2.6930
10        0.0000     0.0010     0.0054     0.0337     0.1318     0.3437     0.6510     0.8715     1.3510
11        0.0000     0.0002     0.0014     0.0107     0.0481     0.1363     0.2756     0.3766     0.6207
12        0.0000     0.0001     0.0005     0.0037     0.0166     0.0486     0.0981     0.1338     0.2323
13        0.0000     0.0000     0.0002     0.0013     0.0055     0.0147     0.0301     0.0426     0.0710
14        0.0000     0.0000     0.0001     0.0007     0.0030     0.0074     0.0136     0.0184     0.0291
15+       0.0000     0.0000     0.0000     0.0003     0.0009     0.0022     0.0039     0.0051     0.0076

Probability Spawning Stock Biomass Exceeds Threshold      3.660 (1000 MT)

Year    Probability

2021    0.017700
2022    0.015500
2023    0.124900
2024    0.051900
2025    0.110200
2026    0.256900
2027    0.345100
2028    0.412100
2029    0.474400
2030    0.523200
2031    0.563100
2032    0.592400
2033    0.614300
2034    0.633900

Probability Threshold Exceeded at Least Once =     0.8519

Probability Total Fishing Mortality Exceeds Threshold     0.8413 

Year    Probability

2021    1.000000
2022    1.000000
2023    1.000000
2024    1.000000
2025    0.501000
2026    0.436000
2027    0.391000
2028    0.279700
2029    0.235600
2030    0.202200
2031    0.178300
2032    0.166200
2033    0.150600
2034    0.137200

Probability Threshold Exceeded at Least Once =     1.0000


Requested Percentile Report

Percentile =    50.00 %

                                 2021       2022       2023       2024       2025       2026       2027       2028       2029       2030       2031       2032       2033       2034 

Recruits                     171.6105   172.2034   170.8685   172.2289   171.5236   170.8057   171.2056   171.9225   171.8040   171.3690   171.2855   171.3712   172.6022   171.9986 
Spawning Stock Biomass         2.2240     2.5811     2.8872     2.5736     2.5681     2.7913     3.0044     3.2658     3.5371     3.7618     3.9595     4.0898     4.2141     4.3048 
Jan-1 Stock Biomass            9.1731     9.3841     8.9864     8.4195     8.1640     8.4515     8.7007     8.9122     9.2860     9.5472     9.7961    10.0141    10.1124    10.2304 
Mean Biomass                   8.2743     8.1403     7.6331     7.1711     7.2556     7.5341     7.7914     8.0459     8.4090     8.6588     8.8546     9.0617     9.1597     9.2659 
Combined Catch Biomass         2.9123     3.3902     3.3518     3.0899     2.4000     2.4000     2.4000     2.1750     2.1750     2.1750     2.1750     2.1750     2.1750     2.1750 
Landings                       2.9123     3.3902     3.3518     3.0899     2.4000     2.4000     2.4000     2.1750     2.1750     2.1750     2.1750     2.1750     2.1750     2.1750 
FMort                          1.0794     1.0794     1.0794     1.0794     0.8420     0.7898     0.7446     0.6302     0.5918     0.5581     0.5355     0.5192     0.5065     0.4999 

Stock Numbers at Age
Age 1                        261.1480   171.6105   172.2034   170.8685   172.2289   171.5236   170.8057   171.2056   171.9225   171.8040   171.3690   171.2855   171.3712   172.6022 
Age 2                        100.4175   150.7989    98.9151    99.3975    98.5432   100.3358   100.0088    99.7972   100.8496   101.4341   101.8446   101.9003   101.8543   101.8713 
Age 3                         54.8765    44.7387    68.1062    44.7051    44.8697    47.4991    49.1359    49.2691    51.0414    52.2843    53.0838    53.8084    54.0637    54.1608 
Age 4                          9.5330    18.5262    15.3101    23.3884    15.3000    17.5844    19.0324    20.1385    21.6530    22.7374    23.6210    24.4591    25.1406    25.2331 
Age 5                          2.6907     2.9080     5.6036     4.6384     7.0836     5.3601     6.3162     7.1119     8.0831     9.0318     9.7550    10.2036    10.7647    11.1943 
Age 6                          0.9665     0.7732     0.8407     1.6219     1.3449     2.3963     1.8025     2.2409     2.7905     3.2861     3.7930     4.2056     4.4734     4.7522 
Age 7                          0.1591     0.2743     0.2236     0.2435     0.4687     0.4596     0.8709     0.6503     0.8862     1.1454     1.4027     1.6417     1.8573     1.9882 
Age 8                          0.1092     0.0465     0.0814     0.0664     0.0722     0.1637     0.1700     0.3309     0.2666     0.3745     0.4938     0.6242     0.7298     0.8332 
Age 9                          0.0085     0.0336     0.0141     0.0250     0.0203     0.0254     0.0616     0.0656     0.1392     0.1143     0.1624     0.2224     0.2832     0.3350 
Age 10                          0.0043     0.0027     0.0106     0.0045     0.0079     0.0074     0.0098     0.0242     0.0281     0.0621     0.0513     0.0746     0.1018     0.1318 
Age 11                          0.0014     0.0014     0.0009     0.0034     0.0014     0.0029     0.0029     0.0040     0.0105     0.0126     0.0283     0.0238     0.0348     0.0481 
Age 12                          0.0001     0.0005     0.0005     0.0003     0.0011     0.0005     0.0011     0.0012     0.0017     0.0048     0.0058     0.0132     0.0112     0.0166 
Age 13                          0.0000     0.0000     0.0002     0.0002     0.0001     0.0004     0.0002     0.0005     0.0005     0.0008     0.0022     0.0027     0.0062     0.0055 
Age 14                          0.0000     0.0000     0.0000     0.0001     0.0001     0.0000     0.0002     0.0001     0.0002     0.0002     0.0004     0.0011     0.0013     0.0030 
Age 15                          0.0000     0.0000     0.0000     0.0000     0.0000     0.0000     0.0000     0.0001     0.0001     0.0001     0.0002     0.0003     0.0006     0.0009 
