AGEPRO VERSION 4.2

Phased_F_MT

Date & Time of Run: 05 Apr 2024  14:04

Input File Name:    phased_F_MT.inp

First Age Class:                         1
Number of Age Classes:                  15
Number of Years in Projection:          14
Number of Fleets:                        9
Number of Recruitment Models:            1
Number of Bootstraps:                  100
Number of Simulations:                 100

Bootstrap File Name:            C:\Users\jon.brodziak\Desktop\2024 WCNPO MLS Rebuilding\Bootstrap-numbers-at-age\2023_WCNPOMLS.bsn

Input Harvest Scenario

Year  Type        Fleet-1    Fleet-2    Fleet-3    Fleet-4    Fleet-5    Fleet-6    Fleet-7    Fleet-8    Fleet-9    

2021  F-Mult       0.1651     0.0453     0.2588     0.0166     0.0610     0.0487     0.0642     0.0722     0.3475 
2022  F-Mult       0.1651     0.0453     0.2588     0.0166     0.0610     0.0487     0.0642     0.0722     0.3475 
2023  F-Mult       0.1651     0.0453     0.2588     0.0166     0.0610     0.0487     0.0642     0.0722     0.3475 
2024  F-Mult       0.1651     0.0453     0.2588     0.0166     0.0610     0.0487     0.0642     0.0722     0.3475 
2025  F-Mult       0.1335     0.0366     0.2093     0.0134     0.0493     0.0394     0.0519     0.0584     0.2811 
2026  F-Mult       0.1335     0.0366     0.2093     0.0134     0.0493     0.0394     0.0519     0.0584     0.2811 
2027  F-Mult       0.1335     0.0366     0.2093     0.0134     0.0493     0.0394     0.0519     0.0584     0.2811 
2028  F-Mult       0.0922     0.0253     0.1446     0.0093     0.0341     0.0272     0.0359     0.0404     0.1942 
2029  F-Mult       0.0922     0.0253     0.1446     0.0093     0.0341     0.0272     0.0359     0.0404     0.1942 
2030  F-Mult       0.0922     0.0253     0.1446     0.0093     0.0341     0.0272     0.0359     0.0404     0.1942 
2031  F-Mult       0.0922     0.0253     0.1446     0.0093     0.0341     0.0272     0.0359     0.0404     0.1942 
2032  F-Mult       0.0922     0.0253     0.1446     0.0093     0.0341     0.0272     0.0359     0.0404     0.1942 
2033  F-Mult       0.0922     0.0253     0.1446     0.0093     0.0341     0.0272     0.0359     0.0404     0.1942 
2034  F-Mult       0.0922     0.0253     0.1446     0.0093     0.0341     0.0272     0.0359     0.0404     0.1942 

Recruits        1000  Fish

Year Class   Average        StdDev
2021        176.4412       75.5229
2022        176.0375       76.5597
2023        175.4212       75.9220
2024        175.4646       76.1189
2025        175.8443       75.4004
2026        176.0396       76.2919
2027        175.2159       75.7507
2028        174.3043       75.8739
2029        175.9422       75.8288
2030        175.2922       76.6131
2031        173.6786       76.4293
2032        175.9654       76.3357
2033        176.7023       75.9215
2034        174.9079       75.2375

Recruits Distribution

Year Class 1%         5%         10%        25%        50%        75%        90%        95%        99%    
2021    68.6115    69.7830    77.3545   104.4533   172.0336   244.0616   279.5495   303.5167   321.8425
2022    68.5888    69.7886    77.2947   102.1166   172.3570   245.8321   280.9990   306.4798   321.8616
2023    68.6683    69.8675    76.6916   102.7421   171.8776   243.6573   279.5329   304.8021   321.8971
2024    68.6217    69.8114    77.2485   102.8393   171.4914   243.7765   280.8133   305.2125   321.3771
2025    68.6557    69.8393    77.6171   103.6565   172.7136   242.5455   278.6264   304.8989   321.7879
2026    68.6600    69.8053    77.2539   103.0450   171.6064   244.9701   282.1392   304.7253   321.6447
2027    68.5920    69.7531    76.7798   103.2745   171.0249   242.7141   280.4670   305.0362   321.9917
2028    68.6773    69.7509    76.3421   102.0567   170.8046   241.1395   280.1237   304.4191   321.5130
2029    68.6649    69.7929    77.4710   103.8223   171.7573   243.9537   281.2452   304.9016   321.7030
2030    68.5673    69.7130    76.5877   102.3335   170.9030   245.0947   282.1936   305.4517   321.2326
2031    68.6166    69.6724    75.9372   100.3135   170.1220   241.9009   281.2717   305.1462   321.8436
2032    68.6259    69.7808    77.2357   103.1702   171.4735   245.4231   281.9089   305.4597   320.5256
2033    68.6634    69.8570    77.7249   104.2372   172.1635   244.9323   282.0967   306.1145   321.9258
2034    68.6516    69.8260    77.3695   103.4559   171.5637   241.3487   278.6005   302.3354   320.7744

Spawning Stock Biomass  x       1000 MT

Year       Average        StdDev
2021        2.2960        0.4641
2022        2.6085        0.4343
2023        2.9474        0.6080
2024        2.6125        0.6088
2025        2.5882        0.6456
2026        2.7332        0.6915
2027        2.8173        0.7120
2028        3.1099        0.7807
2029        3.5151        0.8740
2030        3.7486        0.9099
2031        3.8663        0.9253
2032        3.9277        0.9289
2033        3.9528        0.9387
2034        3.9555        0.9347

Spawning Stock Biomass Distribution

Year        1%         5%         10%        25%        50%        75%        90%        95%        99%   
2021     1.4641     1.7248     1.8276     1.9948     2.2281     2.5112     2.8156     3.0379     4.1905 
2022     1.7572     1.9581     2.0769     2.3090     2.5756     2.8555     3.1949     3.4177     3.7870 
2023     1.8287     2.0841     2.2214     2.5004     2.8783     3.3144     3.7785     4.0680     4.5857 
2024     1.4435     1.6931     1.8459     2.1507     2.5747     3.0292     3.4269     3.6668     4.1459 
2025     1.3346     1.5954     1.7749     2.1075     2.5473     3.0227     3.4496     3.7137     4.1779 
2026     1.3944     1.6813     1.8603     2.2070     2.6886     3.2109     3.6582     3.9239     4.4342 
2027     1.4678     1.7258     1.9115     2.2830     2.7714     3.3024     3.7689     4.0534     4.5715 
2028     1.6117     1.8981     2.1062     2.5285     3.0737     3.6411     4.1434     4.4635     5.0021 
2029     1.8289     2.1771     2.4098     2.8623     3.4595     4.1108     4.6894     5.0511     5.6724 
2030     1.9688     2.3497     2.5952     3.0745     3.6856     4.3641     4.9847     5.3305     5.9844 
2031     2.0669     2.4461     2.6903     3.1786     3.8005     4.4914     5.1191     5.4554     6.1465 
2032     2.0993     2.4797     2.7498     3.2371     3.8717     4.5638     5.1492     5.5387     6.2216 
2033     2.0863     2.5070     2.7627     3.2590     3.8976     4.5879     5.2220     5.5871     6.2474 
2034     2.0986     2.5094     2.7640     3.2657     3.9089     4.5942     5.2110     5.5691     6.2364 

JAN-1 Stock Biomass  x       1000 MT

Year       Average        StdDev
2021        9.2940        1.5995
2022        9.5056        1.7497
2023        9.0555        1.8419
2024        8.4970        1.8346
2025        8.1974        1.8223
2026        8.4538        1.8875
2027        8.5909        1.9170
2028        8.6479        1.9109
2029        9.2379        2.0016
2030        9.5772        2.0400
2031        9.7589        2.0562
2032        9.8187        2.0644
2033        9.8665        2.0619
2034        9.9093        2.0508

JAN-1 Stock Biomass Distribution

Year       1%         5%         10%        25%        50%        75%        90%        95%        99%    
2021     6.3279     6.9360     7.3601     8.1604     9.1768    10.1208    11.5384    12.3413    13.7481 
2022     6.0630     6.8238     7.3019     8.2612     9.3957    10.6306    11.8568    12.6033    14.0095 
2023     5.3561     6.1876     6.7360     7.7157     8.9781    10.3085    11.4892    12.2422    13.6549 
2024     4.6151     5.5803     6.1684     7.1937     8.4092     9.7180    10.9202    11.6373    12.9233 
2025     4.4228     5.3060     5.8446     6.8720     8.1340     9.4708    10.5764    11.2939    12.5479 
2026     4.5827     5.4648     6.0148     7.0731     8.4159     9.7378    10.9297    11.6378    13.0452 
2027     4.6996     5.5671     6.1588     7.2257     8.5240     9.8687    11.1536    11.9202    13.2821 
2028     4.7289     5.6053     6.1965     7.3029     8.5921     9.9204    11.1622    11.9259    13.3545 
2029     5.1357     6.0913     6.6718     7.8155     9.1644    10.5877    11.9096    12.6436    14.0327 
2030     5.4299     6.3567     6.9673     8.1212     9.4755    10.9217    12.2886    13.0858    14.5516 
2031     5.4535     6.5298     7.1421     8.2777     9.6769    11.1545    12.4635    13.2181    14.8620 
2032     5.4468     6.4906     7.1706     8.3615     9.7418    11.2122    12.5318    13.3384    14.7893 
2033     5.4991     6.5314     7.2163     8.4030     9.8016    11.2675    12.5823    13.3160    14.8108 
2034     5.5524     6.6445     7.2668     8.4527     9.8573    11.3059    12.5985    13.4119    14.7779 

Mean Biomass  x       1000 MT

Year       Average        StdDev
2021        8.4047        1.5300
2022        8.2391        1.6494
2023        7.6916        1.7093
2024        7.2606        1.6894
2025        7.2752        1.7258
2026        7.4708        1.7605
2027        7.5727        1.7852
2028        7.9385        1.8305
2029        8.3879        1.8984
2030        8.6520        1.9253
2031        8.7824        1.9478
2032        8.8154        1.9520
2033        8.8549        1.9491
2034        8.8949        1.9396

Mean Biomass Distribution

Year       1%         5%         10%        25%        50%        75%        90%        95%        99%    
2021     5.6502     6.1804     6.5623     7.2670     8.2742     9.2685    10.5500    11.2994    12.5128 
2022     5.0581     5.7103     6.1468     7.0298     8.1526     9.3267    10.4438    11.1457    12.3801 
2023     4.3062     5.0065     5.5010     6.4402     7.6179     8.8496     9.9630    10.6198    11.8417 
2024     3.7631     4.5766     5.0915     6.0539     7.1975     8.4011     9.4897    10.1698    11.3450 
2025     3.8086     4.5894     5.0548     6.0148     7.2054     8.4490     9.5716    10.2829    11.4242 
2026     3.9291     4.6841     5.2096     6.2091     7.4108     8.6783     9.8072    10.4852    11.7179 
2027     3.9867     4.7618     5.2864     6.2823     7.5045     8.7814     9.9351    10.6347    11.9215 
2028     4.1822     5.0269     5.5923     6.6332     7.8655     9.1623    10.3592    11.1278    12.3426 
2029     4.5303     5.3946     5.9591     7.0254     8.2876     9.6927    10.9352    11.6456    12.9309 
2030     4.7606     5.5980     6.1880     7.2799     8.5804     9.9210    11.2095    11.9716    13.3687 
2031     4.7340     5.7132     6.3249     7.3924     8.6769    10.0980    11.3854    12.1370    13.4839 
2032     4.7248     5.7170     6.3322     7.4098     8.7400    10.1396    11.4137    12.1536    13.4829 
2033     4.7836     5.7511     6.3589     7.4677     8.7965    10.1781    11.3955    12.1570    13.6318 
2034     4.8865     5.8036     6.4056     7.5108     8.8358    10.1781    11.4637    12.2357    13.5882 

Combined Catch Biomass  x       1000 MT

Year       Average        StdDev
2021        2.9730        0.4790
2022        3.4231        0.5694
2023        3.3955        0.6488
2024        3.1155        0.6631
2025        2.4962        0.5554
2026        2.6026        0.5861
2027        2.6641        0.5987
2028        1.9777        0.4420
2029        2.1761        0.4782
2030        2.2878        0.4950
2031        2.3455        0.5021
2032        2.3723        0.5053
2033        2.3813        0.5072
2034        2.3881        0.5058

Combined Catch Distribution

Year       1%         5%         10%        25%        50%        75%        90%        95%        99%    
2021     1.9732     2.3480     2.4483     2.6624     2.9076     3.2316     3.5496     3.7887     4.7109 
2022     2.3732     2.5958     2.7293     3.0024     3.3831     3.7512     4.2186     4.4992     4.9261 
2023     2.1267     2.4020     2.5798     2.9236     3.3514     3.8240     4.2652     4.5388     5.0309 
2024     1.7729     2.0723     2.2663     2.6336     3.0924     3.5540     3.9999     4.2669     4.7432 
2025     1.3560     1.6188     1.7826     2.0978     2.4794     2.8704     3.2351     3.4586     3.8052 
2026     1.4167     1.6868     1.8508     2.1721     2.5815     3.0047     3.3760     3.6104     4.0119 
2027     1.4508     1.7112     1.8926     2.2308     2.6431     3.0633     3.4540     3.6930     4.1084 
2028     1.0873     1.2791     1.4063     1.6561     1.9607     2.2738     2.5654     2.7366     3.0393 
2029     1.1991     1.4210     1.5689     1.8296     2.1601     2.4951     2.8143     2.9993     3.3426 
2030     1.2870     1.5083     1.6547     1.9354     2.2595     2.6346     2.9430     3.1254     3.5036 
2031     1.3270     1.5537     1.6969     1.9897     2.3241     2.6840     3.0095     3.2136     3.5580 
2032     1.3127     1.5752     1.7302     2.0076     2.3518     2.7127     3.0439     3.2337     3.6055 
2033     1.3101     1.5788     1.7391     2.0159     2.3708     2.7250     3.0513     3.2492     3.6069 
2034     1.3321     1.5784     1.7356     2.0279     2.3699     2.7313     3.0486     3.2502     3.6092 

Landings  x       1000 MT

Year       Average        StdDev
2021        2.9730        0.4790
2022        3.4231        0.5694
2023        3.3955        0.6488
2024        3.1155        0.6631
2025        2.4962        0.5554
2026        2.6026        0.5861
2027        2.6641        0.5987
2028        1.9777        0.4420
2029        2.1761        0.4782
2030        2.2878        0.4950
2031        2.3455        0.5021
2032        2.3723        0.5053
2033        2.3813        0.5072
2034        2.3881        0.5058

Landings Distribution

Year       1%         5%         10%        25%        50%        75%        90%        95%        99%    
2021     1.9732     2.3480     2.4483     2.6624     2.9076     3.2316     3.5496     3.7887     4.7109 
2022     2.3732     2.5958     2.7293     3.0024     3.3831     3.7512     4.2186     4.4992     4.9261 
2023     2.1267     2.4020     2.5798     2.9236     3.3514     3.8240     4.2652     4.5388     5.0309 
2024     1.7729     2.0723     2.2663     2.6336     3.0924     3.5540     3.9999     4.2669     4.7432 
2025     1.3560     1.6188     1.7826     2.0978     2.4794     2.8704     3.2351     3.4586     3.8052 
2026     1.4167     1.6868     1.8508     2.1721     2.5815     3.0047     3.3760     3.6104     4.0119 
2027     1.4508     1.7112     1.8926     2.2308     2.6431     3.0633     3.4540     3.6930     4.1084 
2028     1.0873     1.2791     1.4063     1.6561     1.9607     2.2738     2.5654     2.7366     3.0393 
2029     1.1991     1.4210     1.5689     1.8296     2.1601     2.4951     2.8143     2.9993     3.3426 
2030     1.2870     1.5083     1.6547     1.9354     2.2595     2.6346     2.9430     3.1254     3.5036 
2031     1.3270     1.5537     1.6969     1.9897     2.3241     2.6840     3.0095     3.2136     3.5580 
2032     1.3127     1.5752     1.7302     2.0076     2.3518     2.7127     3.0439     3.2337     3.6055 
2033     1.3101     1.5788     1.7391     2.0159     2.3708     2.7250     3.0513     3.2492     3.6069 
2034     1.3321     1.5784     1.7356     2.0279     2.3699     2.7313     3.0486     3.2502     3.6092 

Total Fishing Mortality

Year       Average        StdDev
2021        1.0794        0.0000
2022        1.0794        0.0000
2023        1.0794        0.0000
2024        1.0794        0.0000
2025        0.8730        0.0000
2026        0.8730        0.0000
2027        0.8730        0.0000
2028        0.6032        0.0000
2029        0.6032        0.0000
2030        0.6032        0.0000
2031        0.6032        0.0000
2032        0.6032        0.0000
2033        0.6032        0.0000
2034        0.6032        0.0000

Total Fishing Mortality Distribution

Year       1%         5%         10%        25%        50%        75%        90%        95%        99%    
2021     1.0794     1.0794     1.0794     1.0794     1.0794     1.0794     1.0794     1.0794     1.0794 
2022     1.0794     1.0794     1.0794     1.0794     1.0794     1.0794     1.0794     1.0794     1.0794 
2023     1.0794     1.0794     1.0794     1.0794     1.0794     1.0794     1.0794     1.0794     1.0794 
2024     1.0794     1.0794     1.0794     1.0794     1.0794     1.0794     1.0794     1.0794     1.0794 
2025     0.8730     0.8730     0.8730     0.8730     0.8730     0.8730     0.8730     0.8730     0.8730 
2026     0.8730     0.8730     0.8730     0.8730     0.8730     0.8730     0.8730     0.8730     0.8730 
2027     0.8730     0.8730     0.8730     0.8730     0.8730     0.8730     0.8730     0.8730     0.8730 
2028     0.6032     0.6032     0.6032     0.6032     0.6032     0.6032     0.6032     0.6032     0.6032 
2029     0.6032     0.6032     0.6032     0.6032     0.6032     0.6032     0.6032     0.6032     0.6032 
2030     0.6032     0.6032     0.6032     0.6032     0.6032     0.6032     0.6032     0.6032     0.6032 
2031     0.6032     0.6032     0.6032     0.6032     0.6032     0.6032     0.6032     0.6032     0.6032 
2032     0.6032     0.6032     0.6032     0.6032     0.6032     0.6032     0.6032     0.6032     0.6032 
2033     0.6032     0.6032     0.6032     0.6032     0.6032     0.6032     0.6032     0.6032     0.6032 
2034     0.6032     0.6032     0.6032     0.6032     0.6032     0.6032     0.6032     0.6032     0.6032 

JAN-1 Stock Numbers at Age  -       1000  Fish

2021

Age        1%         5%         10%        25%        50%        75%        90%        95%        99%    
1      140.2370   175.0900   184.8320   216.7130   261.1480   317.3690   385.6290   409.5080   464.9250
2       58.9389    77.9477    80.8620    85.4451   100.4175   112.5240   125.3470   138.4980   148.4390
3       34.1986    41.3466    43.5177    47.9381    54.8765    60.4455    67.3245    74.4817    84.8335
4        4.4701     6.3288     7.3712     8.3369     9.5330    10.8358    12.5169    14.0136    20.6054
5        1.2938     1.6031     1.7337     2.2441     2.6907     3.2695     4.2092     4.8898     7.4995
6        0.2917     0.4842     0.6024     0.6936     0.9665     1.2287     1.8234     2.1765     5.0518
7        0.0278     0.0584     0.0739     0.1025     0.1591     0.2261     0.3164     0.3996     1.3049
8        0.0082     0.0292     0.0370     0.0584     0.1092     0.1670     0.2575     0.4456     2.1858
9        0.0003     0.0014     0.0021     0.0035     0.0085     0.0144     0.0223     0.0334     0.2402
10        0.0001     0.0005     0.0007     0.0015     0.0043     0.0069     0.0143     0.0242     0.2609
11        0.0000     0.0001     0.0002     0.0004     0.0014     0.0028     0.0051     0.0082     0.1988
12        0.0000     0.0000     0.0000     0.0000     0.0001     0.0003     0.0005     0.0008     0.0280
13        0.0000     0.0000     0.0000     0.0000     0.0000     0.0002     0.0003     0.0005     0.0316
14        0.0000     0.0000     0.0000     0.0000     0.0000     0.0000     0.0001     0.0001     0.0183
15+       0.0000     0.0000     0.0000     0.0000     0.0000     0.0000     0.0000     0.0000     0.0127

2022

Age        1%         5%         10%        25%        50%        75%        90%        95%        99%    
1       68.6115    69.7830    77.3545   104.4533   172.0336   244.0616   279.5495   303.5167   321.8425
2       85.3225   100.6705   107.2381   124.1689   150.5288   184.3451   222.9329   242.9258   275.2454
3       26.4570    34.4585    36.2227    39.2741    44.7361    51.1447    57.9596    62.6957    71.0716
4       11.9477    13.9027    14.9096    16.4901    18.5414    20.8109    23.6133    25.9326    31.3721
5        1.4352     1.9522     2.1879     2.5172     2.9054     3.3270     3.8877     4.3021     6.5246
6        0.3759     0.4636     0.5112     0.6450     0.7753     0.9551     1.2450     1.4532     2.3918
7        0.0987     0.1452     0.1720     0.2059     0.2742     0.3654     0.5296     0.6282     1.6495
8        0.0096     0.0178     0.0219     0.0304     0.0463     0.0677     0.0966     0.1284     0.4434
9        0.0028     0.0092     0.0114     0.0183     0.0336     0.0514     0.0808     0.1370     0.7742
10        0.0001     0.0004     0.0007     0.0011     0.0027     0.0045     0.0073     0.0111     0.0855
11        0.0000     0.0002     0.0002     0.0005     0.0014     0.0023     0.0049     0.0080     0.0979
12        0.0000     0.0000     0.0001     0.0001     0.0005     0.0009     0.0017     0.0028     0.0741
13        0.0000     0.0000     0.0000     0.0000     0.0000     0.0001     0.0002     0.0003     0.0104
14        0.0000     0.0000     0.0000     0.0000     0.0000     0.0001     0.0001     0.0002     0.0123
15+       0.0000     0.0000     0.0000     0.0000     0.0000     0.0000     0.0000     0.0001     0.0121

2023

Age        1%         5%         10%        25%        50%        75%        90%        95%        99%    
1       68.5888    69.7886    77.2947   102.1166   172.3570   245.8321   280.9990   306.4798   321.8616
2       38.0694    40.9742    44.3038    59.9904    99.2520   140.7002   162.5586   175.3458   189.9513
3       38.6568    44.9377    48.1584    55.9237    68.1653    83.5116   101.1012   110.8663   125.3484
4        9.0676    11.5453    12.2579    13.4579    15.3199    17.6250    20.0104    21.6031    24.6945
5        3.5969     4.1425     4.4819     4.9758     5.6181     6.3431     7.2076     7.9103     9.6346
6        0.4156     0.5630     0.6266     0.7263     0.8388     0.9664     1.1309     1.2622     1.8956
7        0.1090     0.1333     0.1481     0.1855     0.2231     0.2778     0.3632     0.4212     0.7228
8        0.0295     0.0431     0.0503     0.0610     0.0812     0.1096     0.1587     0.1872     0.4885
9        0.0031     0.0054     0.0067     0.0093     0.0142     0.0208     0.0297     0.0394     0.1521
10        0.0010     0.0029     0.0036     0.0058     0.0106     0.0163     0.0259     0.0431     0.2531
11        0.0000     0.0001     0.0002     0.0004     0.0009     0.0015     0.0024     0.0036     0.0282
12        0.0000     0.0001     0.0001     0.0002     0.0005     0.0007     0.0016     0.0026     0.0323
13        0.0000     0.0000     0.0000     0.0000     0.0002     0.0003     0.0006     0.0009     0.0261
14        0.0000     0.0000     0.0000     0.0000     0.0000     0.0000     0.0001     0.0001     0.0038
15+       0.0000     0.0000     0.0000     0.0000     0.0000     0.0000     0.0000     0.0001     0.0084

2024

Age        1%         5%         10%        25%        50%        75%        90%        95%        99%    
1       68.6683    69.8675    76.6916   102.7421   171.8776   243.6573   279.5329   304.8021   321.8971
2       38.0564    40.7736    44.0911    58.9308    99.1368   141.2662   163.0870   175.6970   191.0489
3       16.8876    18.4994    20.0195    27.0057    44.7215    63.1824    73.9077    79.6361    87.6160
4       13.1727    15.2388    16.4179    19.1136    23.3494    28.7073    34.7514    38.1789    43.5753
5        2.7296     3.4492     3.6762     4.0591     4.6461     5.3531     6.1085     6.5977     7.5600
6        1.0356     1.1859     1.2803     1.4350     1.6246     1.8459     2.1037     2.3004     2.7999
7        0.1202     0.1611     0.1806     0.2094     0.2432     0.2819     0.3292     0.3682     0.5494
8        0.0322     0.0390     0.0438     0.0546     0.0663     0.0833     0.1087     0.1263     0.2181
9        0.0088     0.0131     0.0152     0.0187     0.0249     0.0337     0.0488     0.0574     0.1507
10        0.0010     0.0017     0.0021     0.0029     0.0045     0.0066     0.0094     0.0125     0.0480
11        0.0003     0.0009     0.0012     0.0019     0.0034     0.0053     0.0084     0.0139     0.0814
12        0.0000     0.0000     0.0001     0.0001     0.0003     0.0005     0.0008     0.0012     0.0093
13        0.0000     0.0000     0.0000     0.0001     0.0002     0.0003     0.0005     0.0009     0.0116
14        0.0000     0.0000     0.0000     0.0000     0.0001     0.0001     0.0002     0.0003     0.0100
15+       0.0000     0.0000     0.0000     0.0000     0.0000     0.0000     0.0000     0.0001     0.0044

2025

Age        1%         5%         10%        25%        50%        75%        90%        95%        99%    
1       68.6217    69.8114    77.2485   102.8393   171.4914   243.7765   280.8133   305.2125   321.3771
2       38.1521    40.8291    44.0663    58.9502    99.0979   140.2168   162.5285   174.8371   190.1619
3       16.7626    18.3780    19.9365    26.6651    44.7904    63.4871    73.9146    79.7381    88.2244
4        5.6666     6.3262     6.8722     9.2547    15.3427    21.5728    25.3920    27.4868    30.4439
5        3.9164     4.5743     4.9514     5.7565     7.0451     8.7281    10.5871    11.6233    13.3630
6        0.7913     0.9821     1.0510     1.1726     1.3439     1.5527     1.7789     1.9214     2.2155
7        0.2923     0.3396     0.3676     0.4142     0.4706     0.5378     0.6122     0.6705     0.8150
8        0.0351     0.0474     0.0531     0.0617     0.0721     0.0841     0.0987     0.1113     0.1627
9        0.0097     0.0119     0.0134     0.0166     0.0203     0.0256     0.0334     0.0390     0.0666
10        0.0028     0.0041     0.0048     0.0059     0.0079     0.0107     0.0155     0.0182     0.0479
11        0.0003     0.0006     0.0007     0.0009     0.0014     0.0021     0.0031     0.0041     0.0157
12        0.0001     0.0003     0.0004     0.0006     0.0011     0.0018     0.0028     0.0046     0.0278
13        0.0000     0.0000     0.0000     0.0000     0.0001     0.0002     0.0003     0.0004     0.0032
14        0.0000     0.0000     0.0000     0.0000     0.0001     0.0001     0.0002     0.0003     0.0038
15+       0.0000     0.0000     0.0000     0.0000     0.0000     0.0000     0.0001     0.0001     0.0052

2026

Age        1%         5%         10%        25%        50%        75%        90%        95%        99%    
1       68.6557    69.8393    77.6171   103.6565   172.7136   242.5455   278.6264   304.8989   321.7879
2       38.5564    41.4916    44.9371    59.8795   100.3935   142.6821   166.1857   178.4439   192.3625
3       18.0428    19.7249    21.3678    28.5052    47.9142    67.7196    79.3104    85.6446    93.3496
4        6.3922     7.1038     7.7826    10.3503    17.3632    24.6469    28.9262    31.2812    34.8110
5        1.9939     2.2310     2.4388     3.2663     5.4296     7.6069     9.0304     9.7688    10.9568
6        1.3199     1.5506     1.6782     1.9650     2.4065     2.9856     3.6167     3.9974     4.5939
7        0.2706     0.3303     0.3562     0.3984     0.4588     0.5311     0.6102     0.6617     0.7683
8        0.1002     0.1170     0.1268     0.1433     0.1637     0.1878     0.2157     0.2361     0.2865
9        0.0126     0.0168     0.0188     0.0220     0.0258     0.0302     0.0355     0.0399     0.0582
10        0.0036     0.0043     0.0049     0.0061     0.0074     0.0094     0.0123     0.0144     0.0244
11        0.0010     0.0015     0.0018     0.0022     0.0030     0.0040     0.0058     0.0069     0.0177
12        0.0001     0.0002     0.0003     0.0004     0.0005     0.0008     0.0012     0.0016     0.0060
13        0.0000     0.0001     0.0001     0.0002     0.0004     0.0007     0.0011     0.0018     0.0107
14        0.0000     0.0000     0.0000     0.0000     0.0000     0.0001     0.0001     0.0002     0.0012
15+       0.0000     0.0000     0.0000     0.0000     0.0000     0.0000     0.0001     0.0002     0.0034

2027

Age        1%         5%         10%        25%        50%        75%        90%        95%        99%    
1       68.6600    69.8053    77.2539   103.0450   171.6064   244.9701   282.1392   304.7253   321.6447
2       38.5274    41.5589    44.9981    60.6322   100.9144   142.0845   164.7998   178.1389   192.8456
3       18.2875    20.1188    21.7430    29.0844    48.4384    68.7815    80.6543    86.7787    94.9212
4        6.8757     7.6723     8.3222    11.1003    18.6318    26.1883    30.9772    33.4368    37.1957
5        2.2364     2.5138     2.7569     3.6649     6.1580     8.6658    10.2834    11.1336    12.5140
6        0.6668     0.7541     0.8320     1.1151     1.8502     2.5864     3.0865     3.3455     3.8022
7        0.4468     0.5222     0.5713     0.6711     0.8206     1.0187     1.2319     1.3665     1.5876
8        0.0944     0.1134     0.1227     0.1382     0.1598     0.1856     0.2148     0.2332     0.2716
9        0.0352     0.0412     0.0449     0.0509     0.0586     0.0674     0.0774     0.0851     0.1040
10        0.0046     0.0060     0.0068     0.0080     0.0094     0.0111     0.0131     0.0148     0.0214
11        0.0013     0.0016     0.0018     0.0023     0.0028     0.0035     0.0046     0.0055     0.0090
12        0.0004     0.0006     0.0007     0.0008     0.0011     0.0015     0.0022     0.0026     0.0067
13        0.0000     0.0001     0.0001     0.0001     0.0002     0.0003     0.0004     0.0006     0.0023
14        0.0000     0.0000     0.0001     0.0001     0.0002     0.0003     0.0004     0.0007     0.0042
15+       0.0000     0.0000     0.0000     0.0000     0.0000     0.0000     0.0001     0.0001     0.0018

2028

Age        1%         5%         10%        25%        50%        75%        90%        95%        99%    
1       68.5920    69.7531    76.7798   103.2745   171.0249   242.7141   280.4670   305.0362   321.9917
2       38.7622    41.5703    44.8763    59.8965   100.8017   142.9351   166.9493   178.7307   192.7657
3       18.0600    20.0265    21.8222    29.3268    48.6929    68.6953    80.3058    86.5596    95.3441
4        6.9961     7.7894     8.4601    11.2862    18.8431    26.6982    31.6032    33.9123    37.6363
5        2.4078     2.7017     2.9502     3.9431     6.5700     9.2461    11.0114    11.8852    13.3792
6        0.7526     0.8546     0.9346     1.2494     2.1007     2.9547     3.5239     3.8218     4.3288
7        0.2246     0.2559     0.2842     0.3817     0.6289     0.8827     1.0579     1.1529     1.3138
8        0.1540     0.1803     0.1972     0.2328     0.2865     0.3556     0.4327     0.4805     0.5610
9        0.0328     0.0399     0.0433     0.0491     0.0571     0.0665     0.0769     0.0838     0.0975
10        0.0129     0.0149     0.0163     0.0186     0.0214     0.0248     0.0286     0.0315     0.0379
11        0.0017     0.0022     0.0025     0.0030     0.0035     0.0042     0.0050     0.0056     0.0080
12        0.0005     0.0006     0.0007     0.0009     0.0011     0.0013     0.0018     0.0021     0.0034
13        0.0002     0.0002     0.0003     0.0003     0.0004     0.0006     0.0008     0.0010     0.0026
14        0.0000     0.0000     0.0000     0.0001     0.0001     0.0001     0.0002     0.0002     0.0009
15+       0.0000     0.0000     0.0000     0.0000     0.0001     0.0001     0.0002     0.0003     0.0024

2029

Age        1%         5%         10%        25%        50%        75%        90%        95%        99%    
1       68.6773    69.7509    76.3421   102.0567   170.8046   241.1395   280.1237   304.4191   321.5130
2       39.4708    42.3444    45.4593    61.3622   102.3695   145.4713   169.2710   181.4523   196.5704
3       20.1520    22.0292    23.8285    31.8010    53.4398    75.3016    88.6615    95.1832   104.1208
4        8.2274     9.1841    10.0422    13.5598    22.4001    31.4906    37.0281    39.8882    44.3431
5        2.9921     3.3578     3.6819     4.8997     8.1437    11.5339    13.7793    14.8591    16.4622
6        1.0075     1.1398     1.2502     1.6665     2.7788     3.8922     4.6654     5.0599     5.7222
7        0.3150     0.3592     0.3970     0.5286     0.8839     1.2476     1.4928     1.6242     1.8516
8        0.0953     0.1095     0.1217     0.1642     0.2704     0.3775     0.4547     0.4978     0.5685
9        0.0665     0.0782     0.0856     0.1014     0.1248     0.1553     0.1893     0.2106     0.2461
10        0.0143     0.0175     0.0191     0.0218     0.0254     0.0296     0.0344     0.0376     0.0439
11        0.0058     0.0067     0.0073     0.0083     0.0097     0.0112     0.0130     0.0142     0.0172
12        0.0008     0.0010     0.0011     0.0014     0.0016     0.0019     0.0023     0.0025     0.0037
13        0.0002     0.0003     0.0003     0.0004     0.0005     0.0006     0.0008     0.0010     0.0016
14        0.0001     0.0001     0.0001     0.0001     0.0002     0.0003     0.0004     0.0005     0.0012
15+       0.0000     0.0000     0.0000     0.0000     0.0001     0.0001     0.0002     0.0003     0.0015

2030

Age        1%         5%         10%        25%        50%        75%        90%        95%        99%    
1       68.6649    69.7929    77.4710   103.8223   171.7573   243.9537   281.2452   304.9016   321.7030
2       39.1840    42.1383    45.3939    60.8305   102.3603   144.3659   168.6003   180.6690   196.2581
3       20.4412    22.3240    24.2054    32.5904    54.1846    76.9215    90.0044    96.6932   105.0468
4        9.1574    10.1235    11.0149    14.5646    24.5432    34.7342    40.9405    43.8744    48.5175
5        3.5368     3.9842     4.3600     5.8660     9.7055    13.6136    16.1100    17.4388    19.5688
6        1.2531     1.4227     1.5571     2.0701     3.4361     4.8783     5.8486     6.3183     7.0343
7        0.4224     0.4799     0.5262     0.7038     1.1745     1.6530     1.9812     2.1572     2.4458
8        0.1336     0.1540     0.1700     0.2266     0.3810     0.5310     0.6440     0.7013     0.8031
9        0.0407     0.0476     0.0529     0.0715     0.1175     0.1648     0.1991     0.2178     0.2511
10        0.0290     0.0345     0.0378     0.0450     0.0554     0.0693     0.0846     0.0939     0.1107
11        0.0064     0.0079     0.0085     0.0098     0.0115     0.0134     0.0156     0.0171     0.0199
12        0.0026     0.0030     0.0033     0.0038     0.0044     0.0051     0.0059     0.0065     0.0079
13        0.0004     0.0005     0.0005     0.0006     0.0007     0.0009     0.0010     0.0012     0.0017
14        0.0001     0.0001     0.0001     0.0002     0.0002     0.0003     0.0004     0.0004     0.0007
15+       0.0000     0.0001     0.0001     0.0001     0.0001     0.0002     0.0003     0.0003     0.0013

2031

Age        1%         5%         10%        25%        50%        75%        90%        95%        99%    
1       68.5673    69.7130    76.5877   102.3335   170.9030   245.0947   282.1936   305.4517   321.2326
2       39.4292    42.5659    45.9955    61.8991   102.7652   145.7246   169.6660   182.4825   195.9547
3       20.3418    22.2623    24.1365    32.2326    54.0921    76.4018    89.6262    96.4984   105.8340
4        9.2420    10.3055    11.1452    15.0017    24.9075    35.2888    41.6581    44.7202    49.1721
5        3.9057     4.3635     4.7691     6.3221    10.6332    15.0151    17.8227    19.1894    21.3657
6        1.4771     1.6752     1.8470     2.4918     4.1105     5.7436     6.8452     7.4260     8.3314
7        0.5224     0.5981     0.6590     0.8745     1.4533     2.0575     2.4841     2.6944     3.0106
8        0.1792     0.2056     0.2268     0.3024     0.5020     0.7081     0.8557     0.9307     1.0587
9        0.0574     0.0668     0.0744     0.0988     0.1662     0.2313     0.2817     0.3081     0.3503
10        0.0181     0.0211     0.0235     0.0318     0.0522     0.0731     0.0888     0.0973     0.1133
11        0.0130     0.0154     0.0170     0.0202     0.0250     0.0313     0.0383     0.0425     0.0501
12        0.0029     0.0035     0.0039     0.0045     0.0052     0.0061     0.0071     0.0078     0.0092
13        0.0012     0.0014     0.0015     0.0017     0.0020     0.0024     0.0028     0.0030     0.0037
14        0.0002     0.0002     0.0002     0.0003     0.0003     0.0004     0.0005     0.0006     0.0008
15+       0.0001     0.0001     0.0001     0.0001     0.0002     0.0002     0.0003     0.0004     0.0009

2032

Age        1%         5%         10%        25%        50%        75%        90%        95%        99%    
1       68.6166    69.6724    75.9372   100.3135   170.1220   241.9009   281.2717   305.1462   321.8436
2       39.3608    42.3625    45.7038    60.9201   102.1591   145.7203   169.3302   182.1047   197.0874
3       20.5191    22.5432    24.5983    32.6814    54.4145    76.7688    90.4246    96.6107   105.7780
4        9.2469    10.2041    11.0550    14.7849    24.9310    35.0237    41.4312    44.6546    49.3951
5        3.9637     4.4535     4.8444     6.5173    10.8099    15.2253    18.1770    19.4829    21.6291
6        1.6305     1.8364     2.0174     2.6768     4.4844     6.3312     7.5722     8.1629     9.1883
7        0.6167     0.7069     0.7818     1.0507     1.7345     2.4232     2.9004     3.1542     3.5549
8        0.2234     0.2566     0.2818     0.3742     0.6243     0.8805     1.0712     1.1635     1.3128
9        0.0766     0.0893     0.0986     0.1320     0.2195     0.3076     0.3736     0.4071     0.4710
10        0.0251     0.0296     0.0331     0.0440     0.0736     0.1029     0.1254     0.1378     0.1588
11        0.0080     0.0095     0.0106     0.0143     0.0235     0.0330     0.0402     0.0441     0.0516
12        0.0058     0.0070     0.0077     0.0092     0.0114     0.0143     0.0175     0.0194     0.0230
13        0.0013     0.0016     0.0018     0.0020     0.0024     0.0028     0.0033     0.0036     0.0043
14        0.0005     0.0006     0.0007     0.0008     0.0009     0.0011     0.0013     0.0014     0.0017
15+       0.0001     0.0002     0.0002     0.0002     0.0002     0.0003     0.0004     0.0004     0.0008

2033

Age        1%         5%         10%        25%        50%        75%        90%        95%        99%    
1       68.6259    69.7808    77.2357   103.1702   171.4735   245.4231   281.9089   305.4597   320.5256
2       39.3180    42.2951    45.2073    59.7128   101.7149   144.3813   168.6426   182.2134   196.4324
3       20.5587    22.3847    24.2282    32.2974    54.1449    76.9839    90.1661    96.9732   106.8156
4        9.2358    10.3368    11.2785    15.0523    25.0405    35.3644    41.7573    44.7744    49.5529
5        3.9588     4.4116     4.8082     6.4294    10.7977    15.1713    18.0665    19.4586    21.6740
6        1.6554     1.8767     2.0436     2.7557     4.5683     6.4261     7.6917     8.2994     9.2627
7        0.6788     0.7740     0.8537     1.1317     1.8979     2.6711     3.2109     3.4651     3.9410
8        0.2611     0.2999     0.3354     0.4511     0.7473     1.0372     1.2529     1.3626     1.5481
9        0.0955     0.1109     0.1231     0.1643     0.2713     0.3817     0.4671     0.5119     0.5833
10        0.0337     0.0396     0.0436     0.0586     0.0971     0.1363     0.1666     0.1826     0.2111
11        0.0111     0.0133     0.0149     0.0199     0.0331     0.0463     0.0567     0.0623     0.0724
12        0.0036     0.0043     0.0048     0.0065     0.0107     0.0150     0.0183     0.0202     0.0237
13        0.0027     0.0032     0.0035     0.0042     0.0053     0.0066     0.0081     0.0090     0.0107
14        0.0006     0.0007     0.0008     0.0009     0.0011     0.0013     0.0015     0.0017     0.0020
15+       0.0003     0.0004     0.0004     0.0005     0.0006     0.0006     0.0008     0.0008     0.0011

2034

Age        1%         5%         10%        25%        50%        75%        90%        95%        99%    
1       68.6634    69.8570    77.7249   104.2372   172.1635   244.9323   282.0967   306.1145   321.9258
2       39.4558    42.3121    45.8346    61.6083   102.5464   146.3630   169.6139   181.9937   196.2702
3       20.3783    22.3450    24.0694    31.7397    53.8642    76.3685    89.8627    96.8422   106.1498
4        9.2790    10.2652    11.1215    14.7997    24.9470    35.3940    41.8707    44.9888    49.9236
5        3.9862     4.4853     4.8862     6.5484    10.8483    15.2720    18.2059    19.6297    21.6719
6        1.6496     1.8568     2.0305     2.7231     4.5602     6.4002     7.6441     8.2584     9.2780
7        0.6892     0.7883     0.8634     1.1656     1.9297     2.7097     3.2644     3.5223     3.9619
8        0.2865     0.3313     0.3673     0.4870     0.8126     1.1434     1.3819     1.4990     1.7024
9        0.1128     0.1310     0.1455     0.1973     0.3240     0.4501     0.5474     0.5978     0.6845
10        0.0420     0.0491     0.0546     0.0731     0.1202     0.1693     0.2080     0.2288     0.2616
11        0.0150     0.0178     0.0196     0.0265     0.0437     0.0614     0.0752     0.0828     0.0960
12        0.0050     0.0060     0.0068     0.0091     0.0150     0.0211     0.0259     0.0286     0.0332
13        0.0016     0.0020     0.0022     0.0030     0.0049     0.0069     0.0085     0.0094     0.0111
14        0.0012     0.0015     0.0016     0.0020     0.0024     0.0031     0.0038     0.0042     0.0050
15+       0.0005     0.0005     0.0006     0.0007     0.0008     0.0009     0.0010     0.0011     0.0013

Probability Spawning Stock Biomass Exceeds Threshold      3.660 (1000 MT)

Year    Probability

2021    0.019000
2022    0.019400
2023    0.128300
2024    0.051400
2025    0.058300
2026    0.099200
2027    0.129100
2028    0.243600
2029    0.415000
2030    0.512100
2031    0.558200
2032    0.590500
2033    0.597100
2034    0.601200

Probability Threshold Exceeded at Least Once =     0.9058

Probability Total Fishing Mortality Exceeds Threshold     0.8413 

Year    Probability

2021    1.000000
2022    1.000000
2023    1.000000
2024    1.000000
2025    1.000000
2026    1.000000
2027    1.000000
2028    0.000000
2029    0.000000
2030    0.000000
2031    0.000000
2032    0.000000
2033    0.000000
2034    0.000000

Probability Threshold Exceeded at Least Once =     1.0000


Requested Percentile Report

Percentile =    50.00 %

                                 2021       2022       2023       2024       2025       2026       2027       2028       2029       2030       2031       2032       2033       2034 

Recruits                     172.0336   172.3570   171.8776   171.4914   172.7136   171.6064   171.0249   170.8046   171.7573   170.9030   170.1220   171.4735   172.1635   171.5637 
Spawning Stock Biomass         2.2281     2.5756     2.8783     2.5747     2.5473     2.6886     2.7714     3.0737     3.4595     3.6856     3.8005     3.8717     3.8976     3.9089 
Jan-1 Stock Biomass            9.1768     9.3957     8.9781     8.4092     8.1340     8.4159     8.5240     8.5921     9.1644     9.4755     9.6769     9.7418     9.8016     9.8573 
Mean Biomass                   8.2742     8.1526     7.6179     7.1975     7.2054     7.4108     7.5045     7.8655     8.2876     8.5804     8.6769     8.7400     8.7965     8.8358 
Combined Catch Biomass         2.9076     3.3831     3.3514     3.0924     2.4794     2.5815     2.6431     1.9607     2.1601     2.2595     2.3241     2.3518     2.3708     2.3699 
Landings                       2.9076     3.3831     3.3514     3.0924     2.4794     2.5815     2.6431     1.9607     2.1601     2.2595     2.3241     2.3518     2.3708     2.3699 
FMort                          1.0794     1.0794     1.0794     1.0794     0.8730     0.8730     0.8730     0.6032     0.6032     0.6032     0.6032     0.6032     0.6032     0.6032 

Stock Numbers at Age
Age 1                        261.1480   172.0336   172.3570   171.8776   171.4914   172.7136   171.6064   171.0249   170.8046   171.7573   170.9030   170.1220   171.4735   172.1635 
Age 2                        100.4175   150.5288    99.2520    99.1368    99.0979   100.3935   100.9144   100.8017   102.3695   102.3603   102.7652   102.1591   101.7149   102.5464 
Age 3                         54.8765    44.7361    68.1653    44.7215    44.7904    47.9142    48.4384    48.6929    53.4398    54.1846    54.0921    54.4145    54.1449    53.8642 
Age 4                          9.5330    18.5414    15.3199    23.3494    15.3427    17.3632    18.6318    18.8431    22.4001    24.5432    24.9075    24.9310    25.0405    24.9470 
Age 5                          2.6907     2.9054     5.6181     4.6461     7.0451     5.4296     6.1580     6.5700     8.1437     9.7055    10.6332    10.8099    10.7977    10.8483 
Age 6                          0.9665     0.7753     0.8388     1.6246     1.3439     2.4065     1.8502     2.1007     2.7788     3.4361     4.1105     4.4844     4.5683     4.5602 
Age 7                          0.1591     0.2742     0.2231     0.2432     0.4706     0.4588     0.8206     0.6289     0.8839     1.1745     1.4533     1.7345     1.8979     1.9297 
Age 8                          0.1092     0.0463     0.0812     0.0663     0.0721     0.1637     0.1598     0.2865     0.2704     0.3810     0.5020     0.6243     0.7473     0.8126 
Age 9                          0.0085     0.0336     0.0142     0.0249     0.0203     0.0258     0.0586     0.0571     0.1248     0.1175     0.1662     0.2195     0.2713     0.3240 
Age 10                          0.0043     0.0027     0.0106     0.0045     0.0079     0.0074     0.0094     0.0214     0.0254     0.0554     0.0522     0.0736     0.0971     0.1202 
Age 11                          0.0014     0.0014     0.0009     0.0034     0.0014     0.0030     0.0028     0.0035     0.0097     0.0115     0.0250     0.0235     0.0331     0.0437 
Age 12                          0.0001     0.0005     0.0005     0.0003     0.0011     0.0005     0.0011     0.0011     0.0016     0.0044     0.0052     0.0114     0.0107     0.0150 
Age 13                          0.0000     0.0000     0.0002     0.0002     0.0001     0.0004     0.0002     0.0004     0.0005     0.0007     0.0020     0.0024     0.0053     0.0049 
Age 14                          0.0000     0.0000     0.0000     0.0001     0.0001     0.0000     0.0002     0.0001     0.0002     0.0002     0.0003     0.0009     0.0011     0.0024 
Age 15                          0.0000     0.0000     0.0000     0.0000     0.0000     0.0000     0.0000     0.0001     0.0001     0.0001     0.0002     0.0002     0.0006     0.0008 
