AGEPRO VERSION 4.2

2025_MLS_scenario1

Date & Time of Run: 03 Mar 2025  21:21

Input File Name:    2025_MLS_scenario1.inp

First Age Class:                         1
Number of Age Classes:                  15
Number of Years in Projection:          14
Number of Fleets:                        9
Number of Recruitment Models:            3
Number of Bootstraps:                  100
Number of Simulations:                1000

Bootstrap File Name:            C:\Users\jon.brodziak\Desktop\2024 WCNPO MLS Rebuilding\Bootstrap-numbers-at-age\2023_WCNPOMLS.bsn

Number of Feasible Solutions:      99729  of     100000 Realizations

Input Harvest Scenario

Year  Type        Fleet-1    Fleet-2    Fleet-3    Fleet-4    Fleet-5    Fleet-6    Fleet-7    Fleet-8    Fleet-9    

2021  Landings        118        100        551         72         89         37         58        256        249 
2022  Landings         75         99        464         36         80         54         84        289        284 
2023  Landings        129         80        526         28        110         54         84        207        461 
2024  Landings         83        176        578         27        110         54         84        565        461 
2025  Landings        316        125        904         58        191         85        166        228        326 
2026  Landings        316        125        904         58        191         85        166        228        326 
2027  Landings        316        125        904         58        191         85        166        228        326 
2028  Landings        344        137        713         63        208         93        180        324        337 
2029  Landings        344        137        713         63        208         93        180        324        337 
2030  Landings        344        137        713         63        208         93        180        324        337 
2031  Landings        344        137        713         63        208         93        180        324        337 
2032  Landings        344        137        713         63        208         93        180        324        337 
2033  Landings        344        137        713         63        208         93        180        324        337 
2034  Landings        344        137        713         63        208         93        180        324        337 

Recruitment Selection Distribution

Year  Selection-1 Selection-2 Selection-3 

2021      0.1223     0.8386     0.0392 
2022      0.1200     0.8395     0.0406 
2023      0.1195     0.8405     0.0401 
2024      0.1186     0.8404     0.0410 
2025      0.1191     0.8409     0.0400 
2026      0.1216     0.8379     0.0406 
2027      0.1199     0.8397     0.0405 
2028      0.1180     0.8419     0.0402 
2029      0.1190     0.8408     0.0402 
2030      0.1201     0.8403     0.0396 
2031      0.1202     0.8407     0.0392 
2032      0.1208     0.8395     0.0396 
2033      0.1205     0.8400     0.0395 
2034      0.1203     0.8404     0.0393 

Recruits        1000  Fish

Year Class   Average        StdDev
2021        173.3883       81.1690
2022        174.3259       82.9182
2023        174.7278       84.4911
2024        174.7751       84.2786
2025        174.8968       84.5733
2026        174.1173       83.5595
2027        174.4768       83.7550
2028        174.3675       83.6221
2029        174.1297       84.7137
2030        173.9578       81.9391
2031        173.5923       81.9553
2032        173.3313       81.3336
2033        174.2438       83.4648
2034        173.5561       81.8396

Recruits Distribution

Year Class 1%         5%         10%        25%        50%        75%        90%        95%        99%    
2021    68.6509    70.7384    79.0652   104.8707   168.5232   236.3012   279.1795   306.2252   325.1932
2022    68.6724    71.0227    79.1419   104.8800   168.5952   236.8227   280.9582   307.6107   342.2731
2023    68.6666    70.7039    79.1422   104.7100   168.6087   237.0209   280.8578   307.6810   357.9433
2024    68.6706    70.8056    79.1141   105.0054   168.5680   236.8281   281.1250   307.9620   357.6054
2025    68.6721    70.8985    79.2098   105.2418   168.7216   236.9456   280.7609   307.2488   349.7647
2026    68.6486    70.6791    79.0518   104.8694   168.5241   236.4634   280.2295   307.7271   346.3309
2027    68.6461    70.8500    79.2572   104.8309   168.6200   236.8535   280.0307   306.9315   337.9368
2028    68.6388    70.5352    79.0322   104.7009   168.5955   236.9598   279.7494   307.3360   343.5871
2029    68.6313    70.5464    78.8399   104.3760   168.5591   237.0924   279.8043   306.8836   336.2696
2030    68.6716    70.6214    79.0469   104.7216   168.5765   236.9820   280.0762   306.6043   328.3473
2031    68.6411    70.7602    79.0939   104.9740   168.4655   236.1715   279.6063   306.4440   330.8268
2032    68.6297    70.5780    78.9968   104.7009   168.5093   235.9956   278.6085   306.1180   325.6631
2033    68.6549    70.7206    79.0757   104.7454   168.6047   236.8629   280.4196   307.3168   333.0825
2034    68.6357    70.8992    79.1390   104.8516   168.4096   236.6918   279.8037   306.4215   325.6094

Spawning Stock Biomass  x       1000 MT

Year       Average        StdDev
2021        2.7391        0.6274
2022        4.0649        0.8650
2023        5.6698        1.4238
2024        5.8988        1.7280
2025        5.6051        1.9045
2026        5.2184        2.0137
2027        4.9164        2.0744
2028        4.6871        2.1045
2029        4.4971        2.1158
2030        4.3458        2.1272
2031        4.2273        2.1264
2032        4.1348        2.1392
2033        4.0597        2.1220
2034        3.9973        2.1085

Spawning Stock Biomass Distribution

Year        1%         5%         10%        25%        50%        75%        90%        95%        99%   
2021     1.6032     1.9819     2.1180     2.3380     2.6420     3.0294     3.4301     3.7295     5.3700 
2022     2.3080     2.8163     3.0485     3.4885     3.9814     4.5258     5.2106     5.6515     6.6153 
2023     3.0407     3.6056     3.9542     4.6348     5.5371     6.5017     7.6174     8.3230     9.5460 
2024     2.6517     3.3641     3.8153     4.6598     5.7480     6.9699     8.1507     8.9084    10.5402 
2025     2.0076     2.8057     3.3068     4.2549     5.4526     6.7593     8.0550     8.8859    10.7927 
2026     1.4493     2.2944     2.8208     3.8052     5.0461     6.4133     7.7816     8.6706    10.7422 
2027     1.1151     1.9303     2.4639     3.4616     4.7236     6.1396     7.5317     8.4817    10.6788 
2028     0.8703     1.6828     2.2001     3.2053     4.4938     5.9067     7.3317     8.3160    10.6137 
2029     0.6779     1.4893     2.0061     3.0100     4.2936     5.7203     7.1652     8.1385    10.4661 
2030     0.5734     1.3409     1.8452     2.8480     4.1323     5.5853     7.0251     7.9992    10.3209 
2031     0.4842     1.2153     1.7266     2.7276     3.9977     5.4655     6.9125     7.8998    10.2811 
2032     0.3979     1.1251     1.6359     2.6313     3.9081     5.3623     6.8320     7.8039    10.1998 
2033     0.3345     1.0552     1.5588     2.5593     3.8417     5.2907     6.7498     7.7311    10.1260 
2034     0.2868     1.0066     1.5027     2.5006     3.7820     5.2245     6.6793     7.6667    10.0465 

JAN-1 Stock Biomass  x       1000 MT

Year       Average        StdDev
2021        9.2968        1.5955
2022       10.6316        2.0509
2023       11.5699        2.4159
2024       12.0154        2.6793
2025       11.8300        2.8631
2026       11.4039        2.9857
2027       11.0318        3.0482
2028       10.7374        3.0853
2029       10.4942        3.1134
2030       10.3011        3.1400
2031       10.1479        3.1455
2032       10.0210        3.1432
2033        9.9172        3.1403
2034        9.8457        3.1437

JAN-1 Stock Biomass Distribution

Year       1%         5%         10%        25%        50%        75%        90%        95%        99%    
2021     6.3342     6.9547     7.3703     8.1724     9.1702    10.1375    11.5485    12.3032    13.6924 
2022     6.7067     7.5834     8.1295     9.1868    10.4462    11.8996    13.3145    14.2743    16.1010 
2023     6.8916     7.9696     8.6468     9.8670    11.3874    13.0570    14.6882    15.7419    17.9745 
2024     6.7452     8.0255     8.7539    10.1334    11.8353    13.6525    15.4376    16.5909    19.1721 
2025     6.1894     7.5639     8.3814     9.8504    11.6298    13.5572    15.4555    16.7052    19.5884 
2026     5.5783     6.9763     7.8192     9.3387    11.1905    13.1887    15.1485    16.4735    19.5765 
2027     5.0518     6.5271     7.3855     8.9297    10.8176    12.8374    14.8474    16.2046    19.4239 
2028     4.6794     6.1862     7.0526     8.6159    10.5175    12.5623    14.6149    15.9938    19.2088 
2029     4.3942     5.9003     6.7845     8.3635    10.2597    12.3399    14.3999    15.7883    19.0029 
2030     4.1982     5.6939     6.5668     8.1569    10.0594    12.1586    14.2360    15.6180    18.9686 
2031     3.9889     5.5104     6.3947     7.9914     9.9133    12.0025    14.0779    15.4691    18.8815 
2032     3.8063     5.3724     6.2756     7.8694     9.8002    11.8810    13.9592    15.3361    18.7127 
2033     3.6739     5.2528     6.1544     7.7677     9.6925    11.7761    13.8597    15.2439    18.4908 
2034     3.5946     5.1764     6.0993     7.6987     9.6317    11.7339    13.7856    15.1538    18.4590 

Mean Biomass  x       1000 MT

Year       Average        StdDev
2021        9.0605        1.7006
2022       10.1818        2.1421
2023       10.8427        2.4716
2024       10.9406        2.7033
2025       10.5988        2.8645
2026       10.1988        2.9689
2027        9.8608        3.0133
2028        9.5924        3.0480
2029        9.3743        3.0704
2030        9.2001        3.0941
2031        9.0615        3.0972
2032        8.9475        3.0880
2033        8.8531        3.0854
2034        8.7909        3.0931

Mean Biomass Distribution

Year       1%         5%         10%        25%        50%        75%        90%        95%        99%    
2021     5.9455     6.5622     6.9997     7.8297     8.9280     9.9769    11.4866    12.2350    13.7397 
2022     6.1277     7.0114     7.5702     8.6559     9.9898    11.5137    12.9737    13.9361    15.8276 
2023     6.0731     7.1530     7.8301     9.0947    10.6686    12.3669    13.9959    15.0727    17.4066 
2024     5.6683     6.9127     7.6664     9.0619    10.7534    12.5877    14.3691    15.5075    18.1979 
2025     4.9798     6.3395     7.1644     8.6173    10.3993    12.3236    14.2026    15.4638    18.4285 
2026     4.4309     5.8052     6.6444     8.1534     9.9889    11.9598    13.9011    15.2233    18.3523 
2027     3.9741     5.4202     6.2496     7.7818     9.6587    11.6563    13.6271    14.9516    18.1302 
2028     3.6157     5.1071     5.9582     7.4932     9.3683    11.4045    13.4126    14.7631    17.9510 
2029     3.3811     4.8632     5.7139     7.2665     9.1408    11.2008    13.2170    14.5670    17.7572 
2030     3.1704     4.6375     5.5181     7.0746     8.9577    11.0374    13.0730    14.4311    17.6914 
2031     2.9870     4.4874     5.3680     6.9386     8.8390    10.9001    12.9341    14.2787    17.5110 
2032     2.8072     4.3645     5.2615     6.8306     8.7324    10.7773    12.8298    14.1818    17.3971 
2033     2.6545     4.2742     5.1586     6.7378     8.6384    10.6980    12.7354    14.0987    17.3259 
2034     2.5935     4.1962     5.0958     6.6818     8.5787    10.6357    12.6619    14.0269    17.2060 

Combined Catch Biomass  x       1000 MT

Year       Average        StdDev
2021        1.5310        0.0000
2022        1.4643        0.0000
2023        1.6786        0.0130
2024        2.1379        0.0214
2025        2.3998        0.0240
2026        2.3998        0.0240
2027        2.3997        0.0274
2028        2.3995        0.0339
2029        2.3992        0.0449
2030        2.3986        0.0578
2031        2.3977        0.0735
2032        2.3967        0.0884
2033        2.3954        0.1051
2034        2.3935        0.1248

Combined Catch Distribution

Year       1%         5%         10%        25%        50%        75%        90%        95%        99%    
2021     1.5310     1.5310     1.5310     1.5310     1.5310     1.5310     1.5310     1.5310     1.5310 
2022     1.4643     1.4643     1.4643     1.4643     1.4643     1.4643     1.4643     1.4643     1.4643 
2023     1.6787     1.6787     1.6787     1.6787     1.6787     1.6787     1.6787     1.6787     1.6787 
2024     2.1381     2.1382     2.1382     2.1382     2.1382     2.1382     2.1382     2.1382     2.1382 
2025     2.4000     2.4000     2.4000     2.4000     2.4000     2.4000     2.4000     2.4000     2.4000 
2026     2.4000     2.4000     2.4000     2.4000     2.4000     2.4000     2.4000     2.4000     2.4000 
2027     2.4000     2.4000     2.4000     2.4000     2.4000     2.4000     2.4000     2.4000     2.4000 
2028     2.4000     2.4000     2.4000     2.4000     2.4000     2.4000     2.4000     2.4000     2.4000 
2029     2.4000     2.4000     2.4000     2.4000     2.4000     2.4000     2.4000     2.4000     2.4000 
2030     2.4000     2.4000     2.4000     2.4000     2.4000     2.4000     2.4000     2.4000     2.4000 
2031     2.4000     2.4000     2.4000     2.4000     2.4000     2.4000     2.4000     2.4000     2.4000 
2032     2.4000     2.4000     2.4000     2.4000     2.4000     2.4000     2.4000     2.4000     2.4000 
2033     2.4000     2.4000     2.4000     2.4000     2.4000     2.4000     2.4000     2.4000     2.4000 
2034     2.4000     2.4000     2.4000     2.4000     2.4000     2.4000     2.4000     2.4000     2.4000 

Landings  x       1000 MT

Year       Average        StdDev
2021        1.5310        0.0000
2022        1.4643        0.0000
2023        1.6786        0.0130
2024        2.1379        0.0214
2025        2.3998        0.0240
2026        2.3998        0.0240
2027        2.3997        0.0274
2028        2.3995        0.0339
2029        2.3992        0.0449
2030        2.3986        0.0578
2031        2.3977        0.0735
2032        2.3967        0.0884
2033        2.3954        0.1051
2034        2.3935        0.1248

Landings Distribution

Year       1%         5%         10%        25%        50%        75%        90%        95%        99%    
2021     1.5310     1.5310     1.5310     1.5310     1.5310     1.5310     1.5310     1.5310     1.5310 
2022     1.4643     1.4643     1.4643     1.4643     1.4643     1.4643     1.4643     1.4643     1.4643 
2023     1.6787     1.6787     1.6787     1.6787     1.6787     1.6787     1.6787     1.6787     1.6787 
2024     2.1381     2.1382     2.1382     2.1382     2.1382     2.1382     2.1382     2.1382     2.1382 
2025     2.4000     2.4000     2.4000     2.4000     2.4000     2.4000     2.4000     2.4000     2.4000 
2026     2.4000     2.4000     2.4000     2.4000     2.4000     2.4000     2.4000     2.4000     2.4000 
2027     2.4000     2.4000     2.4000     2.4000     2.4000     2.4000     2.4000     2.4000     2.4000 
2028     2.4000     2.4000     2.4000     2.4000     2.4000     2.4000     2.4000     2.4000     2.4000 
2029     2.4000     2.4000     2.4000     2.4000     2.4000     2.4000     2.4000     2.4000     2.4000 
2030     2.4000     2.4000     2.4000     2.4000     2.4000     2.4000     2.4000     2.4000     2.4000 
2031     2.4000     2.4000     2.4000     2.4000     2.4000     2.4000     2.4000     2.4000     2.4000 
2032     2.4000     2.4000     2.4000     2.4000     2.4000     2.4000     2.4000     2.4000     2.4000 
2033     2.4000     2.4000     2.4000     2.4000     2.4000     2.4000     2.4000     2.4000     2.4000 
2034     2.4000     2.4000     2.4000     2.4000     2.4000     2.4000     2.4000     2.4000     2.4000 

Total Fishing Mortality

Year       Average        StdDev
2021        0.5252        0.0945
2022        0.3707        0.0745
2023        0.3796        0.0904
2024        0.4197        0.1182
2025        0.4825        0.1691
2026        0.5306        0.2310
2027        0.5781        0.3062
2028        0.6202        0.3793
2029        0.6594        0.4457
2030        0.6945        0.5111
2031        0.7250        0.5755
2032        0.7517        0.6255
2033        0.7735        0.6714
2034        0.7891        0.6987

Total Fishing Mortality Distribution

Year       1%         5%         10%        25%        50%        75%        90%        95%        99%    
2021     0.2821     0.3851     0.4166     0.4618     0.5229     0.5812     0.6350     0.6701     0.8260 
2022     0.2248     0.2589     0.2788     0.3233     0.3619     0.4127     0.4702     0.5074     0.5833 
2023     0.2227     0.2543     0.2755     0.3164     0.3673     0.4295     0.4999     0.5474     0.6442 
2024     0.2314     0.2689     0.2920     0.3367     0.3992     0.4801     0.5734     0.6422     0.7958 
2025     0.2409     0.2872     0.3142     0.3686     0.4467     0.5558     0.6921     0.7978     1.0668 
2026     0.2409     0.2936     0.3238     0.3857     0.4777     0.6109     0.7899     0.9397     1.3666 
2027     0.2420     0.3002     0.3344     0.4022     0.5057     0.6632     0.8857     1.0832     1.6741 
2028     0.2463     0.3067     0.3431     0.4163     0.5292     0.7071     0.9667     1.2030     2.0012 
2029     0.2497     0.3122     0.3499     0.4278     0.5511     0.7454     1.0440     1.3190     2.3642 
2030     0.2512     0.3165     0.3562     0.4371     0.5687     0.7807     1.1164     1.4365     2.6829 
2031     0.2526     0.3203     0.3607     0.4456     0.5843     0.8096     1.1733     1.5387     2.9132 
2032     0.2544     0.3237     0.3654     0.4530     0.5963     0.8341     1.2263     1.6264     3.2601 
2033     0.2551     0.3267     0.3685     0.4592     0.6053     0.8536     1.2644     1.7031     3.4807 
2034     0.2555     0.3288     0.3714     0.4627     0.6133     0.8709     1.2978     1.7531     3.6293 

JAN-1 Stock Numbers at Age  -       1000  Fish

2021

Age        1%         5%         10%        25%        50%        75%        90%        95%        99%    
1      140.2370   175.0900   184.8320   216.7130   261.1480   317.3690   385.6290   409.5080   464.9250
2       58.9389    77.9477    80.8620    85.4451   100.4175   112.5240   125.3470   138.4980   148.4390
3       34.1986    41.3466    43.5177    47.9381    54.8765    60.4455    67.3245    74.4817    84.8335
4        4.4701     6.3288     7.3712     8.3369     9.5330    10.8358    12.5169    14.0136    20.6054
5        1.2938     1.6031     1.7337     2.2441     2.6907     3.2695     4.2092     4.8898     7.4995
6        0.2917     0.4842     0.6024     0.6936     0.9665     1.2287     1.8234     2.1765     5.0518
7        0.0278     0.0584     0.0739     0.1025     0.1591     0.2261     0.3164     0.3996     1.3049
8        0.0082     0.0292     0.0370     0.0584     0.1092     0.1670     0.2575     0.4456     2.1858
9        0.0003     0.0014     0.0021     0.0035     0.0085     0.0144     0.0223     0.0334     0.2402
10        0.0001     0.0005     0.0007     0.0015     0.0043     0.0069     0.0143     0.0242     0.2609
11        0.0000     0.0001     0.0002     0.0004     0.0014     0.0028     0.0051     0.0082     0.1988
12        0.0000     0.0000     0.0000     0.0000     0.0001     0.0003     0.0005     0.0008     0.0280
13        0.0000     0.0000     0.0000     0.0000     0.0000     0.0002     0.0003     0.0005     0.0316
14        0.0000     0.0000     0.0000     0.0000     0.0000     0.0000     0.0001     0.0001     0.0183
15+       0.0000     0.0000     0.0000     0.0000     0.0000     0.0000     0.0000     0.0000     0.0127

2022

Age        1%         5%         10%        25%        50%        75%        90%        95%        99%    
1       68.6509    70.7384    79.0652   104.8707   168.5232   236.3012   279.1795   306.2252   325.1932
2       87.9297   104.0801   111.0129   128.2498   156.4611   191.8661   233.1534   253.6445   288.9642
3       30.2317    40.7481    43.1081    46.8368    54.2917    62.8608    71.6341    78.6556    89.4332
4       15.2638    18.6795    20.6307    23.1823    26.5885    30.7811    35.4991    40.1134    50.1716
5        1.9773     2.7543     3.2575     3.7824     4.4783     5.2630     6.4357     7.0813    11.8676
6        0.5413     0.6574     0.7436     1.0011     1.2062     1.5472     2.0850     2.4547     4.6093
7        0.1298     0.2170     0.2519     0.3102     0.4205     0.5832     0.8892     1.0819     3.0907
8        0.0132     0.0255     0.0325     0.0453     0.0695     0.1069     0.1608     0.2070     0.7887
9        0.0040     0.0128     0.0165     0.0270     0.0490     0.0803     0.1299     0.2203     1.3487
10        0.0001     0.0006     0.0009     0.0017     0.0038     0.0069     0.0111     0.0178     0.1476
11        0.0000     0.0002     0.0003     0.0007     0.0020     0.0033     0.0076     0.0124     0.1634
12        0.0000     0.0000     0.0001     0.0002     0.0007     0.0013     0.0026     0.0042     0.1238
13        0.0000     0.0000     0.0000     0.0000     0.0001     0.0001     0.0003     0.0004     0.0176
14        0.0000     0.0000     0.0000     0.0000     0.0000     0.0001     0.0001     0.0003     0.0198
15+       0.0000     0.0000     0.0000     0.0000     0.0000     0.0000     0.0001     0.0001     0.0202

2023

Age        1%         5%         10%        25%        50%        75%        90%        95%        99%    
1       68.6724    71.0227    79.1419   104.8800   168.5952   236.8227   280.9582   307.6107   342.2731
2       39.8288    43.3660    47.4878    62.9491   101.5265   143.1116   171.1366   185.6822   207.6809
3       48.3735    57.9251    62.4166    72.8862    90.8440   112.3503   138.0588   152.0439   174.6324
4       14.8973    20.6592    22.4525    25.0353    29.5603    35.0539    40.6681    44.7676    52.0867
5        7.0832     9.0766    10.3529    11.9613    13.9781    16.7112    19.6029    22.5718    29.1928
6        0.8866     1.3514     1.6108     1.9159     2.2993     2.7783     3.5035     3.9014     6.8309
7        0.2520     0.3053     0.3698     0.4982     0.6199     0.8075     1.1223     1.3204     2.7214
8        0.0601     0.1075     0.1205     0.1577     0.2189     0.3044     0.4838     0.5803     1.7742
9        0.0066     0.0128     0.0164     0.0233     0.0358     0.0558     0.0868     0.1114     0.4762
10        0.0020     0.0063     0.0084     0.0142     0.0251     0.0425     0.0715     0.1163     0.8156
11        0.0001     0.0003     0.0004     0.0009     0.0019     0.0037     0.0061     0.0098     0.0890
12        0.0000     0.0001     0.0002     0.0004     0.0010     0.0018     0.0042     0.0067     0.1010
13        0.0000     0.0000     0.0000     0.0001     0.0003     0.0007     0.0014     0.0023     0.0763
14        0.0000     0.0000     0.0000     0.0000     0.0000     0.0001     0.0002     0.0003     0.0113
15+       0.0000     0.0000     0.0000     0.0000     0.0000     0.0001     0.0001     0.0002     0.0240

2024

Age        1%         5%         10%        25%        50%        75%        90%        95%        99%    
1       68.6666    70.7039    79.1422   104.7100   168.6087   237.0209   280.8578   307.6810   357.9433
2       40.1610    43.6995    47.8461    63.3618   102.2008   144.5202   172.7602   187.4933   214.3917
3       22.0086    24.7944    27.2351    36.2369    58.8529    83.8448   102.1549   111.2184   127.4623
4       23.8200    29.5311    32.5799    38.9169    50.2208    63.3405    79.7146    89.0059   103.9281
5        6.9756     9.8061    11.1288    13.0067    15.8213    19.1325    22.8116    25.2262    30.0671
6        3.2003     4.3164     4.9683     6.0118     7.2766     8.8905    10.6926    12.4184    16.5836
7        0.3808     0.6365     0.7748     0.9544     1.1705     1.4636     1.8916     2.1621     3.8421
8        0.1130     0.1420     0.1789     0.2443     0.3183     0.4192     0.5961     0.7187     1.5305
9        0.0280     0.0512     0.0578     0.0784     0.1130     0.1572     0.2611     0.3127     1.0068
10        0.0032     0.0063     0.0080     0.0118     0.0181     0.0288     0.0460     0.0602     0.2919
11        0.0010     0.0031     0.0042     0.0073     0.0128     0.0221     0.0393     0.0603     0.4825
12        0.0000     0.0001     0.0002     0.0005     0.0010     0.0019     0.0034     0.0053     0.0515
13        0.0000     0.0001     0.0001     0.0002     0.0005     0.0010     0.0023     0.0037     0.0583
14        0.0000     0.0000     0.0000     0.0001     0.0002     0.0004     0.0008     0.0013     0.0486
15+       0.0000     0.0000     0.0000     0.0000     0.0000     0.0001     0.0001     0.0002     0.0208

2025

Age        1%         5%         10%        25%        50%        75%        90%        95%        99%    
1       68.6706    70.8056    79.1141   105.0054   168.5680   236.8281   281.1250   307.9620   357.6054
2       39.1013    42.6318    46.7505    61.8782   100.1881   141.8805   169.7051   184.4371   216.5824
3       20.4619    23.5045    25.9858    34.6002    56.6110    81.1149    99.5408   108.4939   128.0466
4        9.7016    11.8454    13.4133    18.2477    30.4318    44.7187    56.3988    62.1392    73.9370
5        9.8209    13.0991    15.0919    18.9957    25.5441    33.3883    43.2178    49.3027    58.7876
6        2.8739     4.1574     4.9649     6.2592     7.9196     9.8758    12.1005    13.5804    16.5182
7        1.3182     1.8879     2.2395     2.8748     3.6442     4.5803     5.6926     6.6227     8.9825
8        0.1567     0.2776     0.3537     0.4605     0.5878     0.7605     1.0077     1.1889     2.0999
9        0.0481     0.0656     0.0830     0.1195     0.1623     0.2188     0.3139     0.3913     0.8447
10        0.0130     0.0232     0.0277     0.0390     0.0578     0.0817     0.1401     0.1709     0.5584
11        0.0015     0.0030     0.0039     0.0059     0.0093     0.0150     0.0246     0.0324     0.1679
12        0.0006     0.0015     0.0021     0.0037     0.0066     0.0116     0.0217     0.0320     0.2747
13        0.0000     0.0001     0.0001     0.0002     0.0005     0.0010     0.0019     0.0028     0.0290
14        0.0000     0.0000     0.0000     0.0001     0.0003     0.0005     0.0013     0.0020     0.0330
15+       0.0000     0.0000     0.0000     0.0000     0.0001     0.0002     0.0005     0.0008     0.0401

2026

Age        1%         5%         10%        25%        50%        75%        90%        95%        99%    
1       68.6721    70.8985    79.2098   105.2418   168.7216   236.9456   280.7609   307.2488   349.7647
2       39.3351    42.9799    47.1524    62.5130   100.8828   142.6232   170.7410   186.0354   217.2868
3       18.7703    22.2177    24.7348    32.9726    54.2073    78.2861    96.4366   105.4820   127.0514
4        7.3968    10.0091    11.7085    16.2726    27.5707    41.0717    53.0093    58.8069    72.0857
5        3.1332     4.6740     5.6879     8.2337    14.2083    21.9820    29.1396    32.8911    40.8453
6        3.0627     4.9269     6.0826     8.4167    11.9587    16.4825    22.0307    25.6924    31.8447
7        0.9434     1.5817     1.9966     2.7746     3.7446     4.8939     6.1920     7.0754     8.8494
8        0.4503     0.7377     0.9297     1.2915     1.7505     2.2981     2.9538     3.4584     4.7494
9        0.0584     0.1107     0.1488     0.2117     0.2868     0.3859     0.5255     0.6378     1.1050
10        0.0177     0.0283     0.0369     0.0561     0.0805     0.1125     0.1635     0.2094     0.4481
11        0.0054     0.0096     0.0126     0.0188     0.0288     0.0423     0.0732     0.0924     0.3016
12        0.0006     0.0013     0.0018     0.0029     0.0047     0.0077     0.0130     0.0172     0.0903
13        0.0003     0.0007     0.0010     0.0018     0.0033     0.0060     0.0116     0.0169     0.1487
14        0.0000     0.0000     0.0001     0.0001     0.0003     0.0005     0.0010     0.0015     0.0159
15+       0.0000     0.0000     0.0000     0.0001     0.0002     0.0004     0.0009     0.0016     0.0402

2027

Age        1%         5%         10%        25%        50%        75%        90%        95%        99%    
1       68.6486    70.6791    79.0518   104.8694   168.5241   236.4634   280.2295   307.7271   346.3309
2       39.2257    42.8995    46.9924    62.3705   100.8447   141.9579   170.0160   184.6551   213.1196
3       17.6155    21.7217    24.3625    32.7313    53.8183    77.8151    96.3746   105.8246   127.0204
4        5.6829     8.7878    10.6096    15.0197    25.7276    38.9966    50.8571    56.8056    71.6532
5        1.9152     3.5355     4.6159     7.0895    12.5296    19.8740    27.0649    30.9910    39.9278
6        0.7808     1.6175     2.1980     3.5449     6.3688    10.4837    14.6191    17.0256    22.1393
7        0.7798     1.6735     2.3016     3.5879     5.4778     8.0511    11.1283    13.2377    17.1321
8        0.2541     0.5548     0.7693     1.1920     1.7518     2.4261     3.1670     3.6862     4.7729
9        0.1268     0.2701     0.3690     0.5681     0.8334     1.1571     1.5333     1.8181     2.5220
10        0.0184     0.0419     0.0597     0.0949     0.1393     0.1968     0.2746     0.3416     0.5792
11        0.0056     0.0114     0.0158     0.0256     0.0395     0.0577     0.0851     0.1118     0.2368
12        0.0019     0.0039     0.0055     0.0088     0.0142     0.0219     0.0378     0.0497     0.1589
13        0.0002     0.0005     0.0008     0.0014     0.0023     0.0040     0.0068     0.0092     0.0480
14        0.0001     0.0003     0.0005     0.0009     0.0016     0.0031     0.0060     0.0089     0.0796
15+       0.0000     0.0000     0.0000     0.0001     0.0002     0.0005     0.0010     0.0016     0.0305

2028

Age        1%         5%         10%        25%        50%        75%        90%        95%        99%    
1       68.6461    70.8500    79.2572   104.8309   168.6200   236.8535   280.0307   306.9315   337.9368
2       38.8575    42.6542    46.7142    61.9825   100.0468   141.3493   169.4954   184.8197   212.5046
3       16.3352    21.1057    23.8911    32.2018    53.2002    76.7239    95.3263   104.5846   126.1781
4        4.5638     7.9870     9.9556    14.5204    25.0324    38.2891    50.3884    56.6192    71.1168
5        1.1888     2.8192     3.9188     6.3174    11.3999    18.5675    25.7215    29.6828    39.5235
6        0.3838     1.1046     1.6547     2.9312     5.4704     9.3455    13.4534    15.9029    21.5355
7        0.1586     0.5101     0.7895     1.4771     2.8137     4.9413     7.2575     8.7205    11.9552
8        0.1627     0.5285     0.8274     1.4875     2.4996     3.9109     5.6059     6.8141     9.2066
9        0.0563     0.1815     0.2845     0.5031     0.8146     1.2013     1.6283     1.9382     2.5746
10        0.0293     0.0913     0.1409     0.2459     0.3950     0.5821     0.7976     0.9619     1.3562
11        0.0048     0.0148     0.0232     0.0416     0.0670     0.1000     0.1436     0.1818     0.3023
12        0.0015     0.0042     0.0064     0.0114     0.0192     0.0295     0.0443     0.0591     0.1223
13        0.0005     0.0015     0.0022     0.0040     0.0069     0.0113     0.0194     0.0264     0.0829
14        0.0001     0.0002     0.0003     0.0006     0.0011     0.0020     0.0035     0.0049     0.0250
15+       0.0000     0.0001     0.0002     0.0004     0.0009     0.0018     0.0036     0.0056     0.0583

2029

Age        1%         5%         10%        25%        50%        75%        90%        95%        99%    
1       68.6388    70.5352    79.0322   104.7009   168.5955   236.9598   279.7494   307.3360   343.5871
2       38.4277    42.3862    46.4491    61.4679    99.4680   140.7838   168.7733   183.4559   209.8093
3       14.9422    20.3107    23.1627    31.3763    51.8736    75.3284    94.2183   103.6567   124.9871
4        3.4589     7.2789     9.3637    13.9847    24.2243    37.3445    49.4236    55.7097    70.2183
5        0.7757     2.3650     3.4835     5.9535    10.9025    18.0926    25.3657    29.4543    38.9207
6        0.1910     0.7970     1.3202     2.5378     4.9261     8.6656    12.7182    15.1911    21.2990
7        0.0628     0.3162     0.5629     1.1767     2.3848     4.3883     6.6592     8.1344    11.5747
8        0.0270     0.1526     0.2763     0.6060     1.2503     2.3426     3.6352     4.5066     6.4341
9        0.0286     0.1604     0.2910     0.6141     1.1488     1.9120     2.8636     3.5582     5.0082
10        0.0108     0.0567     0.1030     0.2114     0.3808     0.5996     0.8483     1.0274     1.4165
11        0.0058     0.0294     0.0521     0.1053     0.1873     0.2938     0.4190     0.5132     0.7392
12        0.0010     0.0049     0.0088     0.0181     0.0322     0.0509     0.0755     0.0969     0.1598
13        0.0003     0.0015     0.0025     0.0051     0.0092     0.0151     0.0233     0.0314     0.0640
14        0.0001     0.0005     0.0009     0.0018     0.0034     0.0058     0.0100     0.0141     0.0423
15+       0.0000     0.0001     0.0002     0.0005     0.0010     0.0019     0.0037     0.0055     0.0431

2030

Age        1%         5%         10%        25%        50%        75%        90%        95%        99%    
1       68.6313    70.5464    78.8399   104.3760   168.5591   237.0924   279.8043   306.8836   336.2696
2       38.0851    42.1411    46.1931    61.2368    99.2639   140.5037   168.0036   183.0168   210.3192
3       13.4987    19.6292    22.6365    30.7509    51.2249    74.5290    93.4797   102.8483   122.8352
4        2.5826     6.5256     8.7853    13.3448    23.3285    36.3682    48.6602    54.9053    69.7096
5        0.4516     1.9791     3.0915     5.5765    10.4045    17.5221    24.6896    28.7949    38.4234
6        0.0921     0.6113     1.1065     2.3074     4.6240     8.3673    12.4568    15.0104    20.9347
7        0.0247     0.2074     0.4184     0.9854     2.1145     4.0184     6.2427     7.7448    11.4297
8        0.0084     0.0864     0.1846     0.4667     1.0432     2.0625     3.2978     4.1798     6.2254
9        0.0039     0.0432     0.0939     0.2452     0.5580     1.1153     1.8287     2.3339     3.5105
10        0.0044     0.0461     0.0998     0.2521     0.5287     0.9403     1.4662     1.8648     2.7351
11        0.0017     0.0168     0.0360     0.0880     0.1773     0.2992     0.4428     0.5468     0.7820
12        0.0010     0.0089     0.0186     0.0445     0.0881     0.1483     0.2199     0.2724     0.4041
13        0.0002     0.0015     0.0032     0.0077     0.0153     0.0259     0.0398     0.0515     0.0851
14        0.0001     0.0005     0.0009     0.0022     0.0044     0.0077     0.0122     0.0165     0.0332
15+       0.0000     0.0002     0.0004     0.0010     0.0021     0.0039     0.0070     0.0104     0.0433

2031

Age        1%         5%         10%        25%        50%        75%        90%        95%        99%    
1       68.6716    70.6214    79.0469   104.7216   168.5765   236.9820   280.0762   306.6043   328.3473
2       37.8295    41.9865    45.9487    60.8586    98.7986   140.2115   167.9880   182.9505   210.1057
3       12.2701    19.1147    22.2780    30.3727    50.7047    73.7055    92.8986   102.3004   123.9486
4        1.9840     5.8929     8.2003    12.8704    22.7790    35.7713    48.0699    54.2472    68.6674
5        0.2775     1.6320     2.7618     5.2089     9.9013    16.9421    24.1484    28.2986    37.8030
6        0.0430     0.4646     0.9210     2.1078     4.3724     8.0521    12.0563    14.6120    20.6098
7        0.0089     0.1461     0.3307     0.8675     1.9723     3.8463     6.0902     7.6350    11.2388
8        0.0025     0.0523     0.1298     0.3775     0.9120     1.8622     3.0836     3.9619     6.1281
9        0.0010     0.0222     0.0591     0.1821     0.4607     0.9753     1.6496     2.1585     3.3515
10        0.0005     0.0118     0.0309     0.0982     0.2503     0.5358     0.9222     1.2159     1.9078
11        0.0006     0.0128     0.0331     0.1020     0.2414     0.4623     0.7541     0.9817     1.4973
12        0.0003     0.0049     0.0122     0.0359     0.0819     0.1493     0.2315     0.2911     0.4330
13        0.0002     0.0026     0.0064     0.0185     0.0412     0.0743     0.1154     0.1457     0.2224
14        0.0000     0.0005     0.0011     0.0032     0.0072     0.0131     0.0208     0.0273     0.0460
15+       0.0000     0.0002     0.0005     0.0014     0.0031     0.0059     0.0100     0.0141     0.0368

2032

Age        1%         5%         10%        25%        50%        75%        90%        95%        99%    
1       68.6411    70.7602    79.0939   104.9740   168.4655   236.1715   279.6063   306.4440   330.8268
2       37.6536    41.9484    45.9022    60.8790    98.7321   140.2175   167.9075   182.2509   208.0498
3       11.2525    18.6432    21.8559    29.8822    50.1374    73.3496    92.7001   102.1942   122.7157
4        1.5316     5.3989     7.8554    12.5901    22.2907    35.1721    47.5137    53.8450    68.8474
5        0.1677     1.3480     2.4619     4.9218     9.5766    16.5867    23.8023    27.9113    37.3870
6        0.0201     0.3511     0.7809     1.9240     4.0990     7.7060    11.7235    14.3106    20.1685
7        0.0033     0.1005     0.2613     0.7722     1.8281     3.6680     5.8650     7.3797    10.9738
8        0.0010     0.0332     0.0960     0.3224     0.8403     1.7794     2.9954     3.8964     6.0007
9        0.0003     0.0125     0.0390     0.1437     0.3974     0.8756     1.5385     2.0331     3.2963
10        0.0001     0.0057     0.0184     0.0710     0.2046     0.4640     0.8318     1.1158     1.8227
11        0.0001     0.0031     0.0100     0.0389     0.1125     0.2578     0.4690     0.6339     1.0381
12        0.0001     0.0034     0.0108     0.0408     0.1099     0.2275     0.3891     0.5178     0.8208
13        0.0000     0.0013     0.0040     0.0145     0.0375     0.0742     0.1203     0.1554     0.2393
14        0.0000     0.0007     0.0021     0.0076     0.0191     0.0371     0.0601     0.0780     0.1216
15+       0.0000     0.0002     0.0006     0.0020     0.0049     0.0096     0.0161     0.0218     0.0417

2033

Age        1%         5%         10%        25%        50%        75%        90%        95%        99%    
1       68.6297    70.5780    78.9968   104.7009   168.5093   235.9956   278.6085   306.1180   325.6631
2       37.1428    41.8540    45.8798    60.9039    98.4869   139.1498   167.6069   182.2766   207.3879
3        9.8954    18.3032    21.6367    29.7512    49.8644    73.1412    92.3609   101.7750   121.3366
4        1.0990     5.0028     7.4891    12.2629    21.8293    34.8078    47.2832    53.8018    67.9531
5        0.0972     1.1672     2.2397     4.7492     9.2992    16.2275    23.3741    27.5795    37.2214
6        0.0097     0.2707     0.6680     1.7739     3.9375     7.5118    11.5239    14.0929    20.0075
7        0.0013     0.0707     0.2098     0.6889     1.7033     3.5018     5.6793     7.1876    10.7408
8        0.0004     0.0208     0.0726     0.2820     0.7765     1.6821     2.8784     3.7578     5.8760
9        0.0001     0.0073     0.0277     0.1213     0.3600     0.8311     1.4852     1.9917     3.2332
10        0.0000     0.0029     0.0118     0.0549     0.1739     0.4159     0.7697     1.0511     1.7869
11        0.0000     0.0014     0.0057     0.0275     0.0905     0.2222     0.4206     0.5781     0.9890
12        0.0000     0.0008     0.0032     0.0154     0.0505     0.1247     0.2385     0.3312     0.5637
13        0.0000     0.0009     0.0034     0.0163     0.0499     0.1115     0.2006     0.2731     0.4474
14        0.0000     0.0004     0.0013     0.0058     0.0171     0.0368     0.0627     0.0828     0.1323
15+       0.0000     0.0002     0.0009     0.0039     0.0111     0.0233     0.0399     0.0532     0.0877

2034

Age        1%         5%         10%        25%        50%        75%        90%        95%        99%    
1       68.6549    70.7206    79.0757   104.7454   168.6047   236.8629   280.4196   307.3168   333.0825
2       36.7670    41.6551    45.5920    60.7380    98.3797   138.7235   167.1444   181.8611   206.4920
3        8.9400    17.9001    21.5107    29.6703    49.4210    72.1252    92.0308   101.5614   121.0675
4        0.7696     4.6791     7.2253    12.0659    21.5935    34.6138    47.0604    53.4891    67.1094
5        0.0557     1.0173     2.0818     4.5502     9.0317    16.0001    23.2584    27.5053    36.7219
6        0.0039     0.2190     0.5857     1.6915     3.7910     7.3125    11.2742    13.8615    19.9578
7        0.0008     0.0509     0.1744     0.6257     1.6172     3.3929     5.5769     7.0677    10.6502
8        0.0001     0.0137     0.0562     0.2466     0.7138     1.6026     2.7763     3.6509     5.7612
9        0.0000     0.0042     0.0201     0.1032     0.3312     0.7792     1.4217     1.9226     3.1783
10        0.0000     0.0016     0.0079     0.0452     0.1569     0.3911     0.7414     1.0280     1.7404
11        0.0000     0.0007     0.0035     0.0210     0.0762     0.1979     0.3889     0.5460     0.9639
12        0.0000     0.0004     0.0017     0.0107     0.0402     0.1066     0.2128     0.3005     0.5349
13        0.0000     0.0002     0.0010     0.0061     0.0227     0.0601     0.1219     0.1730     0.3091
14        0.0000     0.0002     0.0011     0.0064     0.0226     0.0547     0.1034     0.1440     0.2462
15+       0.0000     0.0002     0.0007     0.0039     0.0130     0.0300     0.0536     0.0721     0.1186

Probability Spawning Stock Biomass Exceeds Threshold      3.660 (1000 MT)

Year    Probability

2021    0.058340
2022    0.672210
2023    0.943680
2024    0.919470
2025    0.852750
2026    0.776020
2027    0.713770
2028    0.665490
2029    0.625640
2030    0.592920
2031    0.568290
2032    0.548920
2033    0.536050
2034    0.524430

Probability Threshold Exceeded at Least Once =     0.9869

Probability Total Fishing Mortality Exceeds Threshold     0.8413 

Year    Probability

2021    0.006790
2022    0.000000
2023    0.000110
2024    0.006150
2025    0.037970
2026    0.077950
2027    0.118590
2028    0.150870
2029    0.182180
2030    0.207880
2031    0.228010
2032    0.244640
2033    0.256830
2034    0.267700

Probability Threshold Exceeded at Least Once =     0.4489


Requested Percentile Report

Percentile =    40.00 %

                                 2021       2022       2023       2024       2025       2026       2027       2028       2029       2030       2031       2032       2033       2034 

Recruits                     145.1265   146.1062   145.6158   146.7121   147.2817   144.8524   146.2531   145.7869   144.8222   145.1694   145.0447   144.8531   146.2131   144.1473 
Spawning Stock Biomass         2.5158     3.8001     5.1948     5.3187     4.9896     4.5622     4.2317     3.9885     3.7882     3.6248     3.5038     3.4103     3.3378     3.2801 
Jan-1 Stock Biomass            8.8125     9.9505    10.8034    11.1816    10.9392    10.4822    10.0886     9.7780     9.5159     9.3130     9.1869     9.0566     8.9593     8.8876 
Mean Biomass                   8.5413     9.4757    10.0633    10.0938     9.6991     9.2818     8.9281     8.6528     8.4099     8.2278     8.1107     8.0079     7.9136     7.8448 
Combined Catch Biomass         1.5310     1.4643     1.6787     2.1382     2.4000     2.4000     2.4000     2.4000     2.4000     2.4000     2.4000     2.4000     2.4000     2.4000 
Landings                       1.5310     1.4643     1.6787     2.1382     2.4000     2.4000     2.4000     2.4000     2.4000     2.4000     2.4000     2.4000     2.4000     2.4000 
FMort                          0.5021     0.3471     0.3476     0.3737     0.4145     0.4393     0.4622     0.4812     0.4990     0.5132     0.5246     0.5342     0.5414     0.5485 

Stock Numbers at Age
Age 1                        244.9740   145.1265   146.1062   145.6158   146.7121   147.2817   144.8524   146.2531   145.7869   144.8222   145.1694   145.0447   144.8531   146.2131 
Age 2                         93.8626   145.6221    87.5493    88.5834    86.2617    87.4933    87.4433    85.8033    85.6941    85.3705    84.3624    84.3057    84.1568    83.9612 
Age 3                         51.2273    51.0625    83.7239    50.5044    48.4176    45.9392    45.4757    44.5942    43.0469    42.4404    41.8720    41.1066    40.9740    40.4863 
Age 4                          9.1703    25.0138    27.6600    45.6624    25.5922    22.7708    20.9873    20.3292    19.6877    18.7807    18.3047    17.8800    17.4355    17.2819 
Age 5                          2.4696     4.2363    13.1077    14.6637    22.8687    11.6078    10.0707     9.1109     8.6414     8.2253     7.7730     7.4792     7.2328     7.0179 
Age 6                          0.8492     1.1179     2.1493     6.7710     7.2638    10.4886     5.0863     4.3094     3.8312     3.5807     3.3576     3.1178     2.9687     2.8522 
Age 7                          0.1227     0.3798     0.5694     1.0821     3.3492     3.3629     4.6979     2.2007     1.8396     1.6047     1.4658     1.3537     1.2452     1.1657 
Age 8                          0.0902     0.0564     0.1935     0.2910     0.5363     1.5733     1.5319     2.0819     0.9566     0.7821     0.6714     0.6053     0.5489     0.4993 
Age 9                          0.0063     0.0410     0.0288     0.0989     0.1464     0.2569     0.7279     0.6894     0.9285     0.4174     0.3322     0.2802     0.2498     0.2232 
Age 10                          0.0032     0.0030     0.0206     0.0148     0.0504     0.0710     0.1217     0.3343     0.3120     0.4111     0.1811     0.1422     0.1180     0.1033 
Age 11                          0.0009     0.0015     0.0015     0.0103     0.0077     0.0248     0.0339     0.0568     0.1539     0.1397     0.1810     0.0785     0.0607     0.0496 
Age 12                          0.0001     0.0004     0.0008     0.0008     0.0052     0.0039     0.0120     0.0161     0.0265     0.0700     0.0622     0.0789     0.0338     0.0259 
Age 13                          0.0000     0.0000     0.0002     0.0004     0.0004     0.0026     0.0019     0.0057     0.0075     0.0122     0.0315     0.0274     0.0343     0.0145 
Age 14                          0.0000     0.0000     0.0000     0.0001     0.0002     0.0002     0.0013     0.0009     0.0027     0.0035     0.0055     0.0140     0.0120     0.0148 
Age 15                          0.0000     0.0000     0.0000     0.0000     0.0001     0.0001     0.0002     0.0007     0.0008     0.0016     0.0024     0.0036     0.0078     0.0088 
