AGEPRO VERSION 4.2

2025_MLS_scenario2

Date & Time of Run: 10 Mar 2025  14:15

Input File Name:    2025_MLS_scenario2.inp

First Age Class:                         1
Number of Age Classes:                  15
Number of Years in Projection:          14
Number of Fleets:                        9
Number of Recruitment Models:            3
Number of Bootstraps:                  100
Number of Simulations:                1000

Bootstrap File Name:            C:\Users\jon.brodziak\Desktop\2024 WCNPO MLS Rebuilding\Bootstrap-numbers-at-age\2023_WCNPOMLS.bsn

Number of Feasible Solutions:      99855  of     100000 Realizations

Input Harvest Scenario

Year  Type        Fleet-1    Fleet-2    Fleet-3    Fleet-4    Fleet-5    Fleet-6    Fleet-7    Fleet-8    Fleet-9    

2021  Landings        118        100        551         72         89         37         58        265        249 
2022  Landings         75         99        464         36         80         54         84        298        284 
2023  Landings        129         80        526         28        110         54         84        214        461 
2024  Landings         83        176        578         27        110         54         84        584        461 
2025  Landings        351        139       1296         65        213         95        197        393        476 
2026  Landings        316        125        904         58        191         85        166        228        326 
2027  Landings        316        125        904         58        191         85        166        228        326 
2028  Landings        189        125        708         68        162         90        173        381        304 
2029  Landings        189        125        708         68        162         90        173        381        304 
2030  Landings        189        125        708         68        162         90        173        381        304 
2031  Landings        189        125        708         68        162         90        173        381        304 
2032  Landings        189        125        708         68        162         90        173        381        304 
2033  Landings        189        125        708         68        162         90        173        381        304 
2034  Landings        189        125        708         68        162         90        173        381        304 

Recruitment Selection Distribution

Year  Selection-1 Selection-2 Selection-3 

2021      0.1199     0.8403     0.0398 
2022      0.1198     0.8408     0.0394 
2023      0.1213     0.8390     0.0397 
2024      0.1189     0.8416     0.0395 
2025      0.1225     0.8373     0.0402 
2026      0.1183     0.8427     0.0390 
2027      0.1197     0.8397     0.0406 
2028      0.1190     0.8416     0.0395 
2029      0.1199     0.8401     0.0399 
2030      0.1194     0.8407     0.0399 
2031      0.1200     0.8392     0.0408 
2032      0.1191     0.8406     0.0403 
2033      0.1191     0.8403     0.0406 
2034      0.1194     0.8403     0.0403 

Recruits        1000  Fish

Year Class   Average        StdDev
2021        173.3092       80.3508
2022        174.4098       82.9471
2023        174.5386       84.4980
2024        174.8241       83.7524
2025        174.1656       83.5221
2026        174.3714       82.7816
2027        174.1716       82.4321
2028        174.0892       83.0635
2029        173.8290       83.0785
2030        174.1890       82.7552
2031        173.8760       82.8724
2032        174.3157       83.1477
2033        174.0030       83.0801
2034        173.5080       82.3322

Recruits Distribution

Year Class 1%         5%         10%        25%        50%        75%        90%        95%        99%    
2021    68.6255    70.5974    79.1309   104.7516   168.5484   236.2485   278.2079   305.6867   325.3290
2022    68.6522    70.7106    79.0074   104.7086   168.6440   237.3488   280.4012   307.0879   334.7809
2023    68.6710    70.5509    79.0150   104.6783   168.6130   236.9028   280.2603   307.4847   350.3207
2024    68.6618    70.7881    79.1042   105.0640   168.6310   237.3368   281.3037   307.5199   357.5038
2025    68.6619    70.5448    78.9319   104.7484   168.5312   236.7678   279.6436   306.9123   351.3137
2026    68.6633    70.8355    79.0177   104.8682   168.5815   237.3892   280.5426   307.1618   338.1455
2027    68.6684    70.8262    79.0169   105.0182   168.5983   237.0886   279.8385   307.0262   333.7003
2028    68.6585    70.7684    79.0926   104.2825   168.5263   237.1785   280.9983   307.5542   326.2843
2029    68.6598    70.7322    78.9718   104.3810   168.4980   236.7998   279.5505   306.7893   332.0204
2030    68.6300    70.5946    79.0662   104.9687   168.5678   236.9728   280.0369   306.6512   336.3341
2031    68.6588    70.7740    78.9858   104.5674   168.5560   236.8357   278.9325   306.1585   333.8231
2032    68.6590    70.7669    79.2359   105.2966   168.5508   236.6272   279.9397   306.7014   335.2189
2033    68.6250    70.4956    78.9570   105.0198   168.5338   236.5362   280.3708   307.1860   340.9459
2034    68.6461    70.6599    78.9354   104.7035   168.4282   236.1049   279.0705   306.0549   329.5297

Spawning Stock Biomass  x       1000 MT

Year       Average        StdDev
2021        2.7365        0.6268
2022        4.0561        0.8627
2023        5.6532        1.4194
2024        5.8733        1.7167
2025        5.2275        1.8918
2026        4.6349        1.9780
2027        4.4301        2.0363
2028        4.3884        2.0729
2029        4.4191        2.0998
2030        4.4345        2.1194
2031        4.4430        2.1336
2032        4.4481        2.1458
2033        4.4539        2.1510
2034        4.4569        2.1517

Spawning Stock Biomass Distribution

Year        1%         5%         10%        25%        50%        75%        90%        95%        99%   
2021     1.6043     1.9805     2.1176     2.3331     2.6396     3.0254     3.4241     3.7320     5.3769 
2022     2.3042     2.8142     3.0385     3.4781     3.9724     4.5146     5.2052     5.6439     6.6004 
2023     3.0321     3.5941     3.9434     4.6283     5.5137     6.4802     7.6021     8.2887     9.5447 
2024     2.6272     3.3499     3.7911     4.6449     5.7176     6.9391     8.1253     8.8946    10.4508 
2025     1.6256     2.4329     2.9391     3.8897     5.0812     6.3818     7.6567     8.4923    10.3151 
2026     0.9828     1.7836     2.2803     3.2371     4.4601     5.8137     7.1474     8.0183    10.1229 
2027     0.7339     1.5197     2.0287     2.9912     4.2336     5.6221     7.0103     7.9306    10.1634 
2028     0.6644     1.4420     1.9416     2.9266     4.1838     5.5924     7.0130     7.9569    10.3185 
2029     0.6540     1.4272     1.9453     2.9365     4.2127     5.6378     7.0856     8.0634    10.3867 
2030     0.6088     1.4115     1.9351     2.9351     4.2232     5.6639     7.1385     8.0883    10.4240 
2031     0.5749     1.3964     1.9293     2.9374     4.2310     5.6834     7.1522     8.1284    10.4253 
2032     0.5780     1.3877     1.9248     2.9362     4.2448     5.6985     7.1539     8.1496    10.5238 
2033     0.5803     1.3810     1.9173     2.9363     4.2484     5.7011     7.1698     8.1757    10.4942 
2034     0.5641     1.3728     1.9123     2.9400     4.2493     5.7141     7.1799     8.1651    10.5130 

JAN-1 Stock Biomass  x       1000 MT

Year       Average        StdDev
2021        9.2942        1.5938
2022       10.6208        2.0384
2023       11.5509        2.4036
2024       11.9890        2.6689
2025       11.7899        2.8414
2026       10.6639        2.9525
2027       10.4320        3.0207
2028       10.2642        3.0587
2029       10.2832        3.0959
2030       10.2931        3.1198
2031       10.3059        3.1385
2032       10.3099        3.1473
2033       10.3181        3.1568
2034       10.3230        3.1674

JAN-1 Stock Biomass Distribution

Year       1%         5%         10%        25%        50%        75%        90%        95%        99%    
2021     6.3351     6.9536     7.3707     8.1695     9.1689    10.1330    11.5384    12.2859    13.7262 
2022     6.7101     7.5812     8.1358     9.1887    10.4365    11.8716    13.2976    14.2388    16.0747 
2023     6.8534     7.9571     8.6242     9.8580    11.3820    13.0342    14.6313    15.7065    17.8955 
2024     6.7591     8.0046     8.7444    10.1214    11.8049    13.6170    15.3862    16.5261    19.1551 
2025     6.1885     7.5681     8.3646     9.8057    11.5859    13.5227    15.3829    16.6186    19.4810 
2026     4.8519     6.2772     7.1115     8.6186    10.4498    12.4407    14.3990    15.6636    18.7978 
2027     4.4927     5.9587     6.8142     8.3496    10.2134    12.2282    14.2448    15.5606    18.8247 
2028     4.2665     5.7402     6.5984     8.1543    10.0399    12.0954    14.1139    15.4684    18.7013 
2029     4.1885     5.7050     6.5833     8.1490    10.0566    12.1237    14.1961    15.5316    18.7365 
2030     4.1109     5.6929     6.5773     8.1472    10.0648    12.1645    14.2134    15.5854    18.8104 
2031     4.1246     5.6675     6.5662     8.1452    10.0957    12.1730    14.2357    15.6151    18.9124 
2032     4.1089     5.6521     6.5436     8.1412    10.0933    12.1865    14.2506    15.6434    18.9867 
2033     4.0755     5.6524     6.5443     8.1609    10.0924    12.2120    14.2654    15.6540    18.9731 
2034     4.0399     5.6286     6.5261     8.1587    10.1044    12.2176    14.2852    15.6712    19.0281 

Mean Biomass  x       1000 MT

Year       Average        StdDev
2021        9.0583        1.7030
2022       10.1698        2.1329
2023       10.8233        2.4647
2024       10.9096        2.6975
2025       10.1604        2.8626
2026        9.5215        2.9409
2027        9.3231        2.9964
2028        9.2650        3.0250
2029        9.2829        3.0549
2030        9.2919        3.0750
2031        9.3020        3.0898
2032        9.3056        3.0972
2033        9.3153        3.1079
2034        9.3154        3.1096

Mean Biomass Distribution

Year       1%         5%         10%        25%        50%        75%        90%        95%        99%    
2021     5.9366     6.5620     6.9951     7.8303     8.9209     9.9762    11.4909    12.2404    13.7012 
2022     6.1082     6.9940     7.5720     8.6562     9.9820    11.4931    12.9672    13.9212    15.8476 
2023     6.0259     7.1398     7.8213     9.0805    10.6485    12.3453    13.9912    15.0464    17.3264 
2024     5.6270     6.8831     7.6365     9.0250    10.7280    12.5579    14.3363    15.4790    18.1117 
2025     4.5256     5.9156     6.7194     8.1655     9.9607    11.8911    13.7643    15.0020    17.9570 
2026     3.7377     5.1679     5.9855     7.4871     9.3120    11.2804    13.1995    14.5164    17.6645 
2027     3.4608     4.8979     5.7323     7.2566     9.1041    11.1090    13.0910    14.4232    17.6207 
2028     3.3509     4.7904     5.6437     7.1846     9.0328    11.0714    13.0778    14.3777    17.6925 
2029     3.2789     4.7558     5.6382     7.1847     9.0581    11.1002    13.1301    14.4624    17.6121 
2030     3.1929     4.7549     5.6225     7.1728     9.0798    11.1198    13.1505    14.4835    17.6914 
2031     3.1982     4.7348     5.6081     7.1739     9.0867    11.1306    13.1792    14.5556    17.8136 
2032     3.2074     4.7233     5.5974     7.1794     9.0875    11.1584    13.1753    14.5565    17.8539 
2033     3.1724     4.7113     5.6057     7.1906     9.0942    11.1760    13.2030    14.5573    17.8114 
2034     3.1515     4.7056     5.5816     7.1873     9.1095    11.1904    13.2018    14.5588    17.8378 

Combined Catch Biomass  x       1000 MT

Year       Average        StdDev
2021        1.5398        0.0001
2022        1.4739        0.0000
2023        1.6853        0.0107
2024        2.1565        0.0216
2025        3.2247        0.0322
2026        2.3998        0.0240
2027        2.3996        0.0322
2028        2.1995        0.0341
2029        2.1990        0.0477
2030        2.1986        0.0552
2031        2.1982        0.0622
2032        2.1977        0.0706
2033        2.1972        0.0780
2034        2.1968        0.0837

Combined Catch Distribution

Year       1%         5%         10%        25%        50%        75%        90%        95%        99%    
2021     1.5398     1.5398     1.5398     1.5398     1.5398     1.5398     1.5398     1.5398     1.5398 
2022     1.4739     1.4739     1.4739     1.4739     1.4739     1.4739     1.4739     1.4739     1.4739 
2023     1.6854     1.6854     1.6854     1.6854     1.6854     1.6854     1.6854     1.6854     1.6854 
2024     2.1567     2.1567     2.1567     2.1567     2.1567     2.1567     2.1567     2.1567     2.1567 
2025     3.2250     3.2250     3.2250     3.2250     3.2250     3.2250     3.2250     3.2250     3.2250 
2026     2.4000     2.4000     2.4000     2.4000     2.4000     2.4000     2.4000     2.4000     2.4000 
2027     2.4000     2.4000     2.4000     2.4000     2.4000     2.4000     2.4000     2.4000     2.4000 
2028     2.2000     2.2000     2.2000     2.2000     2.2000     2.2000     2.2000     2.2000     2.2000 
2029     2.2000     2.2000     2.2000     2.2000     2.2000     2.2000     2.2000     2.2000     2.2000 
2030     2.2000     2.2000     2.2000     2.2000     2.2000     2.2000     2.2000     2.2000     2.2000 
2031     2.2000     2.2000     2.2000     2.2000     2.2000     2.2000     2.2000     2.2000     2.2000 
2032     2.2000     2.2000     2.2000     2.2000     2.2000     2.2000     2.2000     2.2000     2.2000 
2033     2.2000     2.2000     2.2000     2.2000     2.2000     2.2000     2.2000     2.2000     2.2000 
2034     2.2000     2.2000     2.2000     2.2000     2.2000     2.2000     2.2000     2.2000     2.2000 

Landings  x       1000 MT

Year       Average        StdDev
2021        1.5398        0.0001
2022        1.4739        0.0000
2023        1.6853        0.0107
2024        2.1565        0.0216
2025        3.2247        0.0322
2026        2.3998        0.0240
2027        2.3996        0.0322
2028        2.1995        0.0341
2029        2.1990        0.0477
2030        2.1986        0.0552
2031        2.1982        0.0622
2032        2.1977        0.0706
2033        2.1972        0.0780
2034        2.1968        0.0837

Landings Distribution

Year       1%         5%         10%        25%        50%        75%        90%        95%        99%    
2021     1.5398     1.5398     1.5398     1.5398     1.5398     1.5398     1.5398     1.5398     1.5398 
2022     1.4739     1.4739     1.4739     1.4739     1.4739     1.4739     1.4739     1.4739     1.4739 
2023     1.6854     1.6854     1.6854     1.6854     1.6854     1.6854     1.6854     1.6854     1.6854 
2024     2.1567     2.1567     2.1567     2.1567     2.1567     2.1567     2.1567     2.1567     2.1567 
2025     3.2250     3.2250     3.2250     3.2250     3.2250     3.2250     3.2250     3.2250     3.2250 
2026     2.4000     2.4000     2.4000     2.4000     2.4000     2.4000     2.4000     2.4000     2.4000 
2027     2.4000     2.4000     2.4000     2.4000     2.4000     2.4000     2.4000     2.4000     2.4000 
2028     2.2000     2.2000     2.2000     2.2000     2.2000     2.2000     2.2000     2.2000     2.2000 
2029     2.2000     2.2000     2.2000     2.2000     2.2000     2.2000     2.2000     2.2000     2.2000 
2030     2.2000     2.2000     2.2000     2.2000     2.2000     2.2000     2.2000     2.2000     2.2000 
2031     2.2000     2.2000     2.2000     2.2000     2.2000     2.2000     2.2000     2.2000     2.2000 
2032     2.2000     2.2000     2.2000     2.2000     2.2000     2.2000     2.2000     2.2000     2.2000 
2033     2.2000     2.2000     2.2000     2.2000     2.2000     2.2000     2.2000     2.2000     2.2000 
2034     2.2000     2.2000     2.2000     2.2000     2.2000     2.2000     2.2000     2.2000     2.2000 

Total Fishing Mortality

Year       Average        StdDev
2021        0.5270        0.0949
2022        0.3726        0.0750
2023        0.3814        0.0908
2024        0.4239        0.1202
2025        0.6984        0.2717
2026        0.6109        0.3364
2027        0.6603        0.4443
2028        0.6156        0.4405
2029        0.6149        0.4374
2030        0.6163        0.4466
2031        0.6182        0.4626
2032        0.6188        0.4766
2033        0.6183        0.4715
2034        0.6180        0.4667

Total Fishing Mortality Distribution

Year       1%         5%         10%        25%        50%        75%        90%        95%        99%    
2021     0.2836     0.3862     0.4181     0.4631     0.5245     0.5834     0.6374     0.6723     0.8285 
2022     0.2258     0.2604     0.2801     0.3249     0.3638     0.4149     0.4725     0.5097     0.5879 
2023     0.2238     0.2553     0.2765     0.3177     0.3694     0.4315     0.5028     0.5509     0.6495 
2024     0.2328     0.2710     0.2945     0.3397     0.4028     0.4843     0.5798     0.6488     0.8104 
2025     0.3346     0.4020     0.4414     0.5203     0.6374     0.8042     1.0210     1.1937     1.6615 
2026     0.2547     0.3139     0.3490     0.4198     0.5311     0.7001     0.9370     1.1473     1.8367 
2027     0.2523     0.3180     0.3555     0.4330     0.5559     0.7473     1.0357     1.3055     2.2761 
2028     0.2303     0.2896     0.3247     0.3971     0.5115     0.6927     0.9749     1.2374     2.2094 
2029     0.2285     0.2873     0.3222     0.3951     0.5097     0.6932     0.9752     1.2509     2.2651 
2030     0.2279     0.2861     0.3205     0.3933     0.5081     0.6926     0.9781     1.2595     2.3367 
2031     0.2278     0.2853     0.3202     0.3920     0.5069     0.6934     0.9817     1.2665     2.3935 
2032     0.2258     0.2842     0.3194     0.3912     0.5062     0.6937     0.9835     1.2697     2.3558 
2033     0.2254     0.2835     0.3187     0.3905     0.5059     0.6937     0.9856     1.2730     2.3306 
2034     0.2251     0.2838     0.3185     0.3901     0.5054     0.6912     0.9893     1.2765     2.3458 

JAN-1 Stock Numbers at Age  -       1000  Fish

2021

Age        1%         5%         10%        25%        50%        75%        90%        95%        99%    
1      140.2370   175.0900   184.8320   216.7130   261.1480   317.3690   385.6290   409.5080   464.9250
2       58.9389    77.9477    80.8620    85.4451   100.4175   112.5240   125.3470   138.4980   148.4390
3       34.1986    41.3466    43.5177    47.9381    54.8765    60.4455    67.3245    74.4817    84.8335
4        4.4701     6.3288     7.3712     8.3369     9.5330    10.8358    12.5169    14.0136    20.6054
5        1.2938     1.6031     1.7337     2.2441     2.6907     3.2695     4.2092     4.8898     7.4995
6        0.2917     0.4842     0.6024     0.6936     0.9665     1.2287     1.8234     2.1765     5.0518
7        0.0278     0.0584     0.0739     0.1025     0.1591     0.2261     0.3164     0.3996     1.3049
8        0.0082     0.0292     0.0370     0.0584     0.1092     0.1670     0.2575     0.4456     2.1858
9        0.0003     0.0014     0.0021     0.0035     0.0085     0.0144     0.0223     0.0334     0.2402
10        0.0001     0.0005     0.0007     0.0015     0.0043     0.0069     0.0143     0.0242     0.2609
11        0.0000     0.0001     0.0002     0.0004     0.0014     0.0028     0.0051     0.0082     0.1988
12        0.0000     0.0000     0.0000     0.0000     0.0001     0.0003     0.0005     0.0008     0.0280
13        0.0000     0.0000     0.0000     0.0000     0.0000     0.0002     0.0003     0.0005     0.0316
14        0.0000     0.0000     0.0000     0.0000     0.0000     0.0000     0.0001     0.0001     0.0183
15+       0.0000     0.0000     0.0000     0.0000     0.0000     0.0000     0.0000     0.0000     0.0127

2022

Age        1%         5%         10%        25%        50%        75%        90%        95%        99%    
1       68.6255    70.5974    79.1309   104.7516   168.5484   236.2485   278.2079   305.6867   325.3290
2       87.8064   104.1025   110.9385   128.1154   156.3830   191.5311   232.7850   253.6212   289.2211
3       30.1592    40.6891    43.0875    46.7912    54.2278    62.7601    71.6211    78.5499    89.3361
4       15.1746    18.6152    20.5834    23.1258    26.5423    30.7363    35.5064    40.0180    49.9051
5        1.9767     2.7492     3.2518     3.7739     4.4690     5.2525     6.4303     7.0868    11.8762
6        0.5407     0.6572     0.7418     1.0001     1.2053     1.5435     2.0818     2.4497     4.5867
7        0.1300     0.2168     0.2514     0.3102     0.4196     0.5828     0.8890     1.0815     3.1030
8        0.0132     0.0255     0.0325     0.0452     0.0695     0.1067     0.1605     0.2069     0.7951
9        0.0039     0.0128     0.0165     0.0270     0.0490     0.0802     0.1299     0.2196     1.3305
10        0.0001     0.0006     0.0009     0.0017     0.0038     0.0069     0.0111     0.0178     0.1469
11        0.0000     0.0002     0.0003     0.0007     0.0020     0.0033     0.0076     0.0123     0.1629
12        0.0000     0.0000     0.0001     0.0002     0.0007     0.0013     0.0026     0.0042     0.1273
13        0.0000     0.0000     0.0000     0.0000     0.0001     0.0001     0.0003     0.0004     0.0177
14        0.0000     0.0000     0.0000     0.0000     0.0000     0.0001     0.0001     0.0003     0.0202
15+       0.0000     0.0000     0.0000     0.0000     0.0000     0.0000     0.0001     0.0001     0.0199

2023

Age        1%         5%         10%        25%        50%        75%        90%        95%        99%    
1       68.6522    70.7106    79.0074   104.7086   168.6440   237.3488   280.4012   307.0879   334.7809
2       39.8467    43.3124    47.4646    62.9263   101.5624   143.1456   170.6848   185.3424   207.3891
3       48.2464    57.8117    62.3249    72.7106    90.7222   112.1565   137.7940   151.9672   175.0930
4       14.8029    20.5673    22.3568    24.9745    29.4862    34.9505    40.5714    44.7193    51.7408
5        7.0436     9.0315    10.3081    11.9151    13.9065    16.6680    19.5441    22.4875    29.2080
6        0.8847     1.3466     1.6078     1.9070     2.2914     2.7695     3.4961     3.9009     6.8133
7        0.2513     0.3042     0.3684     0.4963     0.6176     0.8054     1.1197     1.3155     2.7528
8        0.0602     0.1074     0.1201     0.1574     0.2182     0.3036     0.4835     0.5779     1.7900
9        0.0068     0.0128     0.0163     0.0232     0.0357     0.0556     0.0866     0.1114     0.4875
10        0.0021     0.0063     0.0084     0.0142     0.0250     0.0423     0.0712     0.1160     0.8073
11        0.0001     0.0003     0.0004     0.0009     0.0019     0.0037     0.0061     0.0098     0.0903
12        0.0000     0.0001     0.0002     0.0004     0.0010     0.0018     0.0042     0.0067     0.1015
13        0.0000     0.0000     0.0000     0.0001     0.0003     0.0007     0.0014     0.0023     0.0780
14        0.0000     0.0000     0.0000     0.0000     0.0000     0.0001     0.0002     0.0002     0.0111
15+       0.0000     0.0000     0.0000     0.0000     0.0000     0.0001     0.0001     0.0002     0.0238

2024

Age        1%         5%         10%        25%        50%        75%        90%        95%        99%    
1       68.6710    70.5509    79.0150   104.6783   168.6130   236.9028   280.2603   307.4847   350.3207
2       40.0647    43.5777    47.7354    63.1857   102.2910   144.7905   172.4631   187.1172   212.9058
3       21.9529    24.7315    27.1852    36.1227    58.8433    83.7558   101.8095   110.9052   127.0727
4       23.7943    29.3405    32.4040    38.7657    50.0759    63.1516    79.3763    88.7631   103.9619
5        6.9490     9.7358    11.0593    12.9603    15.7558    19.0492    22.7070    25.1612    29.8021
6        3.1609     4.2839     4.9355     5.9791     7.2431     8.8492    10.6575    12.3460    16.5420
7        0.3783     0.6345     0.7696     0.9496     1.1648     1.4573     1.8857     2.1603     3.8341
8        0.1120     0.1412     0.1782     0.2431     0.3168     0.4177     0.5934     0.7143     1.5258
9        0.0281     0.0510     0.0575     0.0782     0.1127     0.1566     0.2604     0.3117     1.0081
10        0.0032     0.0063     0.0079     0.0117     0.0181     0.0287     0.0459     0.0600     0.2895
11        0.0011     0.0031     0.0042     0.0073     0.0127     0.0220     0.0392     0.0602     0.4832
12        0.0000     0.0001     0.0002     0.0004     0.0010     0.0019     0.0034     0.0053     0.0516
13        0.0000     0.0001     0.0001     0.0002     0.0005     0.0009     0.0023     0.0037     0.0584
14        0.0000     0.0000     0.0000     0.0001     0.0002     0.0004     0.0008     0.0013     0.0473
15+       0.0000     0.0000     0.0000     0.0000     0.0000     0.0001     0.0001     0.0002     0.0207

2025

Age        1%         5%         10%        25%        50%        75%        90%        95%        99%    
1       68.6618    70.7881    79.1042   105.0640   168.6310   237.3368   281.3037   307.5199   357.5038
2       39.0019    42.5688    46.6177    61.8395    99.9893   141.5799   169.2742   184.0356   213.2227
3       20.3101    23.3814    25.7948    34.4212    56.4444    81.3120    99.2974   107.9991   126.5994
4        9.5768    11.7761    13.3649    18.1452    30.3549    44.5533    56.2221    61.9244    73.3473
5        9.7282    12.9555    14.9141    18.8630    25.3389    33.2124    42.9632    48.8995    58.7967
6        2.8460     4.0891     4.9078     6.2133     7.8679     9.7969    12.0266    13.4983    16.4422
7        1.3043     1.8586     2.2114     2.8472     3.6189     4.5480     5.6592     6.5863     8.9463
8        0.1546     0.2736     0.3509     0.4563     0.5834     0.7559     1.0011     1.1831     2.0857
9        0.0477     0.0652     0.0823     0.1188     0.1612     0.2176     0.3121     0.3884     0.8429
10        0.0131     0.0229     0.0275     0.0387     0.0574     0.0814     0.1391     0.1699     0.5595
11        0.0015     0.0030     0.0038     0.0059     0.0092     0.0149     0.0246     0.0321     0.1690
12        0.0006     0.0015     0.0021     0.0037     0.0066     0.0115     0.0216     0.0319     0.2746
13        0.0000     0.0001     0.0001     0.0002     0.0005     0.0010     0.0019     0.0028     0.0292
14        0.0000     0.0000     0.0000     0.0001     0.0003     0.0005     0.0013     0.0020     0.0330
15+       0.0000     0.0000     0.0000     0.0000     0.0001     0.0002     0.0005     0.0008     0.0402

2026

Age        1%         5%         10%        25%        50%        75%        90%        95%        99%    
1       68.6619    70.5448    78.9319   104.7484   168.5312   236.7678   279.6436   306.9123   351.3137
2       38.3368    42.0851    46.0344    61.0810    98.8797   140.1263   167.7745   182.2205   213.6732
3       15.7610    19.8940    22.4818    30.3011    50.1856    73.0032    91.0896   100.1267   120.9768
4        5.1916     7.9757     9.7044    13.9821    24.1495    36.9558    48.2455    53.9513    66.7776
5        2.0562     3.5266     4.5152     6.8826    12.1333    19.1909    26.0460    29.7234    37.4653
6        1.9414     3.6021     4.6947     6.8753    10.1352    14.3767    19.4584    22.9094    29.0759
7        0.6053     1.1534     1.5372     2.2575     3.1809     4.2607     5.4687     6.3133     8.0087
8        0.2884     0.5465     0.7201     1.0565     1.4898     2.0035     2.6181     3.0913     4.2330
9        0.0402     0.0827     0.1154     0.1742     0.2455     0.3391     0.4665     0.5735     0.9869
10        0.0122     0.0221     0.0295     0.0467     0.0692     0.0988     0.1450     0.1872     0.4044
11        0.0039     0.0074     0.0102     0.0158     0.0248     0.0374     0.0647     0.0831     0.2700
12        0.0005     0.0010     0.0015     0.0024     0.0040     0.0068     0.0116     0.0154     0.0817
13        0.0002     0.0006     0.0008     0.0015     0.0029     0.0052     0.0104     0.0151     0.1358
14        0.0000     0.0000     0.0000     0.0001     0.0002     0.0005     0.0009     0.0013     0.0145
15+       0.0000     0.0000     0.0000     0.0001     0.0002     0.0003     0.0008     0.0014     0.0368

2027

Age        1%         5%         10%        25%        50%        75%        90%        95%        99%    
1       68.6633    70.8355    79.0177   104.8682   168.5815   237.3892   280.5426   307.1618   338.1455
2       38.7822    42.5118    46.4817    61.7236    99.8235   141.2322   169.0501   183.8018   214.2972
3       15.2344    20.2562    23.0888    31.2118    51.5869    75.0484    93.6694   102.7472   124.7090
4        3.6729     6.9372     8.8715    13.1664    22.9052    35.5292    47.1158    53.1442    67.3596
5        0.9695     2.4326     3.4342     5.7192    10.4956    17.3606    24.1311    27.9542    36.3547
6        0.3580     1.0388     1.5541     2.7666     5.1763     8.8687    12.7825    15.1038    19.9794
7        0.3310     1.0459     1.5779     2.7263     4.4640     6.7980     9.6153    11.5881    15.3764
8        0.1122     0.3473     0.5243     0.9032     1.4262     2.0519     2.7407     3.2389     4.2543
9        0.0571     0.1689     0.2550     0.4336     0.6805     0.9828     1.3321     1.5965     2.2338
10        0.0089     0.0271     0.0414     0.0730     0.1144     0.1679     0.2398     0.3005     0.5113
11        0.0027     0.0077     0.0114     0.0199     0.0326     0.0493     0.0741     0.0979     0.2074
12        0.0010     0.0027     0.0040     0.0070     0.0118     0.0189     0.0326     0.0438     0.1413
13        0.0001     0.0004     0.0006     0.0011     0.0019     0.0034     0.0059     0.0081     0.0430
14        0.0001     0.0002     0.0004     0.0007     0.0014     0.0026     0.0052     0.0079     0.0715
15+       0.0000     0.0000     0.0000     0.0001     0.0002     0.0004     0.0009     0.0014     0.0275

2028

Age        1%         5%         10%        25%        50%        75%        90%        95%        99%    
1       68.6684    70.8262    79.0169   105.0182   168.5983   237.0886   279.8385   307.0262   333.7003
2       38.5218    42.4601    46.4231    61.5644    99.5496   141.4941   169.2961   183.9295   210.2790
3       13.9128    19.9914    22.9065    31.0515    51.6266    75.2082    94.0543   103.3612   124.7026
4        2.7564     6.5577     8.7404    13.2323    23.1680    36.0629    48.1602    54.2694    69.5775
5        0.5103     1.8875     2.9187     5.2133     9.7803    16.5898    23.3886    27.3466    36.5931
6        0.1219     0.6323     1.0929     2.2045     4.4050     7.9387    11.7584    14.0865    19.4803
7        0.0465     0.2744     0.4948     1.0738     2.1886     4.0659     6.2166     7.6230    10.6350
8        0.0442     0.2764     0.5022     1.0553     1.9571     3.2089     4.7655     5.8984     8.2016
9        0.0160     0.0947     0.1711     0.3555     0.6374     0.9898     1.3899     1.6734     2.2843
10        0.0085     0.0487     0.0860     0.1756     0.3100     0.4825     0.6815     0.8323     1.1883
11        0.0015     0.0081     0.0145     0.0299     0.0530     0.0833     0.1233     0.1567     0.2633
12        0.0005     0.0024     0.0041     0.0084     0.0152     0.0246     0.0380     0.0510     0.1072
13        0.0002     0.0009     0.0015     0.0030     0.0055     0.0095     0.0164     0.0230     0.0726
14        0.0000     0.0001     0.0002     0.0005     0.0009     0.0017     0.0030     0.0043     0.0221
15+       0.0000     0.0001     0.0002     0.0003     0.0007     0.0015     0.0031     0.0048     0.0512

2029

Age        1%         5%         10%        25%        50%        75%        90%        95%        99%    
1       68.6585    70.7684    79.0926   104.2825   168.5263   237.1785   280.9983   307.5542   326.2843
2       38.1036    42.1036    46.0585    61.1435    99.0131   140.4114   167.9165   182.7152   208.6781
3       14.0666    20.1029    23.0070    31.2052    51.8225    75.6801    94.6868   103.8391   123.9135
4        2.6694     6.7871     9.0273    13.6680    23.9135    37.1404    49.5294    55.7782    70.5573
5        0.3950     1.9077     3.0273     5.5113    10.3150    17.4069    24.6399    28.7593    38.4908
6        0.0667     0.5176     0.9740     2.1115     4.3053     7.9056    11.7715    14.2599    19.9769
7        0.0163     0.1775     0.3655     0.8935     1.9609     3.7957     5.9210     7.3329    10.6491
8        0.0063     0.0790     0.1693     0.4401     0.9924     1.9611     3.1490     3.9910     5.8206
9        0.0063     0.0807     0.1730     0.4353     0.9061     1.5940     2.4720     3.1085     4.4962
10        0.0025     0.0284     0.0612     0.1495     0.2992     0.5005     0.7319     0.9001     1.2722
11        0.0014     0.0150     0.0314     0.0750     0.1478     0.2466     0.3613     0.4490     0.6595
12        0.0003     0.0026     0.0054     0.0130     0.0256     0.0429     0.0657     0.0845     0.1426
13        0.0001     0.0008     0.0016     0.0037     0.0074     0.0127     0.0202     0.0275     0.0569
14        0.0000     0.0003     0.0006     0.0013     0.0027     0.0049     0.0086     0.0123     0.0377
15+       0.0000     0.0001     0.0002     0.0004     0.0008     0.0016     0.0032     0.0049     0.0384

2030

Age        1%         5%         10%        25%        50%        75%        90%        95%        99%    
1       68.6598    70.7322    78.9718   104.3810   168.4980   236.7998   279.5505   306.7893   332.0204
2       38.0578    42.1486    46.0756    60.8703    98.7956   140.6533   168.5610   183.3797   207.2658
3       13.5962    19.8888    22.8721    31.1113    51.5962    74.8690    94.0767   103.3440   122.2905
4        2.7239     6.7870     9.1154    13.7581    24.0723    37.4427    49.9297    56.3602    70.1076
5        0.3786     1.9525     3.1479     5.6989    10.6612    17.9917    25.3992    29.5277    39.3835
6        0.0543     0.5219     1.0041     2.2298     4.5525     8.3182    12.4459    15.0555    21.0723
7        0.0092     0.1425     0.3223     0.8512     1.9198     3.7745     5.9451     7.4327    10.9266
8        0.0023     0.0499     0.1239     0.3646     0.8858     1.8323     3.0111     3.8461     5.8398
9        0.0010     0.0231     0.0590     0.1824     0.4579     0.9622     1.6208     2.1136     3.2144
10        0.0010     0.0239     0.0611     0.1828     0.4263     0.8017     1.2937     1.6671     2.5034
11        0.0004     0.0087     0.0221     0.0637     0.1425     0.2553     0.3891     0.4879     0.7133
12        0.0003     0.0047     0.0116     0.0323     0.0711     0.1266     0.1930     0.2438     0.3670
13        0.0000     0.0008     0.0020     0.0057     0.0124     0.0222     0.0351     0.0459     0.0777
14        0.0000     0.0003     0.0006     0.0016     0.0036     0.0066     0.0108     0.0148     0.0302
15+       0.0000     0.0001     0.0003     0.0008     0.0017     0.0034     0.0062     0.0093     0.0396

2031

Age        1%         5%         10%        25%        50%        75%        90%        95%        99%    
1       68.6300    70.5946    79.0662   104.9687   168.5678   236.9728   280.0369   306.6512   336.3341
2       37.7373    42.0197    45.9625    60.9210    98.8442   140.0868   168.0671   182.6652   208.9480
3       13.2485    19.9001    22.8963    30.8849    51.4543    75.3248    94.4866   103.6249   122.3781
4        2.3766     6.6651     9.0049    13.7495    23.9996    37.0942    49.6082    55.8206    69.3028
5        0.3520     1.9078     3.1647     5.7586    10.7458    18.1467    25.6476    29.9131    39.1384
6        0.0469     0.5200     1.0397     2.3079     4.7130     8.5900    12.8072    15.4590    21.4865
7        0.0070     0.1405     0.3307     0.8985     2.0243     3.9819     6.3106     7.8754    11.4957
8        0.0013     0.0393     0.1084     0.3486     0.8727     1.8266     3.0341     3.9020     5.9886
9        0.0004     0.0144     0.0432     0.1514     0.4091     0.8985     1.5522     2.0386     3.2338
10        0.0002     0.0068     0.0212     0.0774     0.2141     0.4778     0.8429     1.1282     1.7860
11        0.0002     0.0073     0.0223     0.0782     0.2020     0.4073     0.6819     0.8972     1.3982
12        0.0001     0.0027     0.0081     0.0275     0.0682     0.1309     0.2080     0.2654     0.4014
13        0.0000     0.0015     0.0043     0.0142     0.0344     0.0651     0.1038     0.1333     0.2057
14        0.0000     0.0003     0.0008     0.0025     0.0061     0.0115     0.0188     0.0249     0.0427
15+       0.0000     0.0001     0.0004     0.0011     0.0027     0.0052     0.0090     0.0129     0.0354

2032

Age        1%         5%         10%        25%        50%        75%        90%        95%        99%    
1       68.6588    70.7740    78.9858   104.5674   168.5560   236.8357   278.9325   306.1585   333.8231
2       37.7589    42.0227    46.0190    61.2428    98.9652   140.1734   168.0315   182.8308   208.8689
3       13.0971    19.7269    22.8101    30.9151    51.4154    74.9526    94.2715   103.2527   123.0317
4        2.2498     6.6388     9.0041    13.6519    23.8621    37.3201    49.8973    55.9813    69.3058
5        0.3035     1.8784     3.1286     5.7467    10.6919    18.0176    25.4286    29.6567    38.8406
6        0.0411     0.5133     1.0349     2.3222     4.7479     8.6792    12.9687    15.6217    21.4293
7        0.0054     0.1398     0.3388     0.9306     2.1107     4.1106     6.4934     8.0650    11.8089
8        0.0010     0.0383     0.1119     0.3659     0.9229     1.9287     3.2258     4.1442     6.3255
9        0.0002     0.0111     0.0375     0.1445     0.4039     0.8945     1.5649     2.0666     3.3083
10        0.0001     0.0043     0.0152     0.0640     0.1915     0.4453     0.8099     1.0883     1.7963
11        0.0000     0.0021     0.0078     0.0333     0.1013     0.2396     0.4424     0.6032     0.9952
12        0.0000     0.0023     0.0082     0.0338     0.0966     0.2079     0.3617     0.4850     0.7828
13        0.0000     0.0009     0.0030     0.0120     0.0329     0.0674     0.1117     0.1453     0.2262
14        0.0000     0.0005     0.0016     0.0062     0.0167     0.0337     0.0558     0.0728     0.1164
15+       0.0000     0.0001     0.0004     0.0016     0.0043     0.0088     0.0150     0.0204     0.0409

2033

Age        1%         5%         10%        25%        50%        75%        90%        95%        99%    
1       68.6590    70.7669    79.2359   105.2966   168.5508   236.6272   279.9397   306.7014   335.2189
2       37.9401    42.0470    45.9308    60.9314    98.7766   140.2248   167.5929   182.0728   208.6618
3       13.1054    19.7547    22.8479    31.0493    51.6118    74.8900    94.1619   103.4192   123.5720
4        2.2357     6.5642     8.9633    13.6987    23.8671    37.1454    49.7136    55.9279    69.8357
5        0.2831     1.8475     3.1137     5.7150    10.6526    18.1468    25.6750    29.7527    38.5916
6        0.0350     0.4961     1.0287     2.3226     4.7391     8.6228    12.8407    15.5102    21.3404
7        0.0049     0.1363     0.3394     0.9340     2.1245     4.1752     6.5836     8.1813    11.7670
8        0.0009     0.0382     0.1135     0.3779     0.9576     1.9946     3.3116     4.2442     6.4375
9        0.0002     0.0111     0.0385     0.1509     0.4258     0.9454     1.6590     2.1951     3.5105
10        0.0000     0.0033     0.0132     0.0610     0.1888     0.4459     0.8162     1.0998     1.8431
11        0.0000     0.0013     0.0055     0.0274     0.0908     0.2235     0.4258     0.5853     1.0027
12        0.0000     0.0007     0.0029     0.0144     0.0483     0.1213     0.2334     0.3249     0.5545
13        0.0000     0.0008     0.0031     0.0147     0.0466     0.1068     0.1929     0.2638     0.4389
14        0.0000     0.0003     0.0011     0.0052     0.0160     0.0348     0.0600     0.0796     0.1267
15+       0.0000     0.0002     0.0008     0.0035     0.0103     0.0221     0.0382     0.0510     0.0865

2034

Age        1%         5%         10%        25%        50%        75%        90%        95%        99%    
1       68.6250    70.4956    78.9570   105.0198   168.5338   236.5362   280.3708   307.1860   340.9459
2       37.7278    42.0022    46.1439    61.3554    98.9156   140.1143   167.9279   182.6046   209.2555
3       12.9430    19.7747    22.8191    30.9301    51.5221    74.8860    93.9378   103.2586   123.0011
4        2.2329     6.5480     8.9745    13.7149    23.9846    37.1386    49.6364    55.9826    70.0390
5        0.2802     1.8297     3.0795     5.7225    10.6648    18.0440    25.5553    29.7239    38.9776
6        0.0336     0.4895     1.0145     2.3074     4.7399     8.6947    12.9841    15.5629    21.2772
7        0.0043     0.1311     0.3347     0.9360     2.1250     4.1478     6.5049     8.1174    11.7355
8        0.0009     0.0370     0.1131     0.3806     0.9663     2.0280     3.3725     4.2995     6.4960
9        0.0001     0.0110     0.0391     0.1561     0.4424     0.9818     1.7118     2.2472     3.5802
10        0.0000     0.0033     0.0136     0.0634     0.1993     0.4711     0.8643     1.1739     1.9312
11        0.0000     0.0011     0.0048     0.0260     0.0893     0.2238     0.4285     0.5922     1.0288
12        0.0000     0.0005     0.0021     0.0119     0.0433     0.1128     0.2244     0.3155     0.5589
13        0.0000     0.0002     0.0011     0.0063     0.0233     0.0617     0.1233     0.1758     0.3100
14        0.0000     0.0003     0.0011     0.0064     0.0226     0.0547     0.1032     0.1440     0.2471
15+       0.0000     0.0002     0.0008     0.0039     0.0129     0.0297     0.0531     0.0715     0.1171

Probability Spawning Stock Biomass Exceeds Threshold      3.660 (1000 MT)

Year    Probability

2021    0.058510
2022    0.668930
2023    0.942000
2024    0.916980
2025    0.792270
2026    0.667600
2027    0.618960
2028    0.606830
2029    0.610400
2030    0.613050
2031    0.613100
2032    0.613370
2033    0.615610
2034    0.614910

Probability Threshold Exceeded at Least Once =     0.9866

Probability Total Fishing Mortality Exceeds Threshold     0.8413 

Year    Probability

2021    0.007470
2022    0.000000
2023    0.000070
2024    0.007040
2025    0.213570
2026    0.142020
2027    0.182460
2028    0.150260
2029    0.150530
2030    0.150840
2031    0.150650
2032    0.151980
2033    0.152060
2034    0.151170

Probability Threshold Exceeded at Least Once =     0.4206


Requested Percentile Report

Percentile =    40.00 %

                                 2021       2022       2023       2024       2025       2026       2027       2028       2029       2030       2031       2032       2033       2034 

Recruits                     145.9751   146.1738   145.5683   146.4943   144.7260   145.5754   146.3253   145.1022   144.1926   145.8558   145.1085   146.4873   144.9565   144.8774 
Spawning Stock Biomass         2.5122     3.7914     5.1777     5.3005     4.6174     3.9837     3.7491     3.6953     3.7112     3.7254     3.7287     3.7281     3.7399     3.7352 
Jan-1 Stock Biomass            8.8086     9.9516    10.7971    11.1683    10.8993     9.7478     9.4927     9.3098     9.3206     9.3204     9.3378     9.3479     9.3418     9.3532 
Mean Biomass                   8.5298     9.4640    10.0478    10.0711     9.2726     8.6150     8.3936     8.3178     8.3334     8.3451     8.3519     8.3566     8.3593     8.3616 
Combined Catch Biomass         1.5398     1.4739     1.6854     2.1567     3.2250     2.4000     2.4000     2.2000     2.2000     2.2000     2.2000     2.2000     2.2000     2.2000 
Landings                       1.5398     1.4739     1.6854     2.1567     3.2250     2.4000     2.4000     2.2000     2.2000     2.2000     2.2000     2.2000     2.2000     2.2000 
FMort                          0.5037     0.3489     0.3494     0.3773     0.5893     0.4844     0.5034     0.4630     0.4609     0.4591     0.4577     0.4565     0.4565     0.4553 

Stock Numbers at Age
Age 1                        244.9740   145.9751   146.1738   145.5683   146.4943   144.7260   145.5754   146.3253   145.1022   144.1926   145.8558   145.1085   146.4873   144.9565 
Age 2                         93.8626   145.4854    87.9103    88.4860    86.1288    85.5629    85.6736    85.6125    85.4481    84.5921    84.3103    84.8608    84.6459    85.2423 
Age 3                         51.2273    51.0395    83.4628    50.6836    48.3216    42.0156    43.1322    42.6580    42.9974    42.8042    42.5225    42.4742    42.7623    42.4695 
Age 4                          9.1703    24.9782    27.6188    45.4661    25.4983    19.6606    18.5372    18.6574    19.2189    19.4032    19.2705    19.1937    19.2153    19.3207 
Age 5                          2.4696     4.2309    13.0638    14.6191    22.6909     9.7578     8.3206     7.6862     8.1127     8.3959     8.4646     8.4333     8.4038     8.4019 
Age 6                          0.8492     1.1153     2.1412     6.7329     7.2099     8.7805     4.0827     3.4127     3.3100     3.5000     3.6335     3.6555     3.6514     3.6354 
Age 7                          0.1227     0.3797     0.5682     1.0769     3.3200     2.8157     3.7410     1.6873     1.4788     1.4390     1.5229     1.5825     1.5860     1.5920 
Age 8                          0.0902     0.0563     0.1930     0.2898     0.5323     1.3194     1.2178     1.5773     0.7416     0.6495     0.6333     0.6684     0.6967     0.6984 
Age 9                          0.0063     0.0410     0.0287     0.0984     0.1453     0.2170     0.5831     0.5218     0.7061     0.3320     0.2902     0.2834     0.2985     0.3120 
Age 10                          0.0032     0.0030     0.0206     0.0147     0.0501     0.0603     0.0979     0.2550     0.2369     0.3198     0.1510     0.1313     0.1289     0.1354 
Age 11                          0.0009     0.0015     0.0015     0.0103     0.0076     0.0212     0.0275     0.0436     0.1177     0.1086     0.1471     0.0694     0.0602     0.0590 
Age 12                          0.0001     0.0004     0.0008     0.0008     0.0052     0.0033     0.0097     0.0124     0.0204     0.0548     0.0503     0.0681     0.0321     0.0278 
Age 13                          0.0000     0.0000     0.0002     0.0004     0.0004     0.0023     0.0016     0.0045     0.0058     0.0096     0.0256     0.0234     0.0317     0.0150 
Age 14                          0.0000     0.0000     0.0000     0.0001     0.0002     0.0002     0.0011     0.0007     0.0021     0.0028     0.0045     0.0120     0.0110     0.0148 
Age 15                          0.0000     0.0000     0.0000     0.0000     0.0001     0.0001     0.0001     0.0006     0.0006     0.0013     0.0020     0.0031     0.0072     0.0087 
