AGEPRO VERSION 4.2

Fmsy_scenario

Date & Time of Run: 25 May 2024  16:49

Input File Name:    Fmsy_scenario.inp

First Age Class:                         1
Number of Age Classes:                  15
Number of Years in Projection:          14
Number of Fleets:                        9
Number of Recruitment Models:            3
Number of Bootstraps:                  100
Number of Simulations:                1000

Bootstrap File Name:            C:\Users\jon.brodziak\Desktop\2024 WCNPO MLS Rebuilding\Bootstrap-numbers-at-age\2023_WCNPOMLS.bsn

Input Harvest Scenario

Year  Type        Fleet-1    Fleet-2    Fleet-3    Fleet-4    Fleet-5    Fleet-6    Fleet-7    Fleet-8    Fleet-9    

2021  F-Mult       0.1651     0.0453     0.2588     0.0166     0.0610     0.0487     0.0642     0.0722     0.3475 
2022  F-Mult       0.1651     0.0453     0.2588     0.0166     0.0610     0.0487     0.0642     0.0722     0.3475 
2023  F-Mult       0.1651     0.0453     0.2588     0.0166     0.0610     0.0487     0.0642     0.0722     0.3475 
2024  F-Mult       0.1651     0.0453     0.2588     0.0166     0.0610     0.0487     0.0642     0.0722     0.3475 
2025  F-Mult       0.1529     0.0419     0.2398     0.0154     0.0565     0.0452     0.0595     0.0669     0.3220 
2026  F-Mult       0.1529     0.0419     0.2398     0.0154     0.0565     0.0452     0.0595     0.0669     0.3220 
2027  F-Mult       0.1529     0.0419     0.2398     0.0154     0.0565     0.0452     0.0595     0.0669     0.3220 
2028  F-Mult       0.1529     0.0419     0.2398     0.0154     0.0565     0.0452     0.0595     0.0669     0.3220 
2029  F-Mult       0.1529     0.0419     0.2398     0.0154     0.0565     0.0452     0.0595     0.0669     0.3220 
2030  F-Mult       0.1529     0.0419     0.2398     0.0154     0.0565     0.0452     0.0595     0.0669     0.3220 
2031  F-Mult       0.1529     0.0419     0.2398     0.0154     0.0565     0.0452     0.0595     0.0669     0.3220 
2032  F-Mult       0.1529     0.0419     0.2398     0.0154     0.0565     0.0452     0.0595     0.0669     0.3220 
2033  F-Mult       0.1529     0.0419     0.2398     0.0154     0.0565     0.0452     0.0595     0.0669     0.3220 
2034  F-Mult       0.1529     0.0419     0.2398     0.0154     0.0565     0.0452     0.0595     0.0669     0.3220 

Recruitment Selection Distribution

Year  Selection-1 Selection-2 Selection-3 

2021      0.1200     0.8414     0.0386 
2022      0.1209     0.8375     0.0416 
2023      0.1203     0.8401     0.0396 
2024      0.1195     0.8405     0.0400 
2025      0.1202     0.8401     0.0397 
2026      0.1199     0.8396     0.0405 
2027      0.1196     0.8404     0.0400 
2028      0.1223     0.8379     0.0398 
2029      0.1198     0.8396     0.0406 
2030      0.1189     0.8404     0.0407 
2031      0.1205     0.8393     0.0402 
2032      0.1203     0.8393     0.0404 
2033      0.1197     0.8408     0.0394 
2034      0.1191     0.8415     0.0394 

Recruits        1000  Fish

Year Class   Average        StdDev
2021        172.8599       80.1123
2022        173.2501       81.2189
2023        173.6107       82.1190
2024        173.2790       81.2670
2025        173.3963       80.5973
2026        173.3560       80.1411
2027        173.1272       80.1954
2028        172.9202       81.3658
2029        173.1885       81.1691
2030        173.3633       80.9006
2031        173.2395       80.7487
2032        173.3853       81.7992
2033        173.0446       80.9349
2034        173.3509       81.3447

Recruits Distribution

Year Class 1%         5%         10%        25%        50%        75%        90%        95%        99%    
2021    68.6492    70.6173    78.9552   104.3432   168.4469   236.3110   278.5672   305.5611   324.5803
2022    68.6382    70.5253    78.9331   104.7919   168.4392   236.1177   279.0589   306.2639   325.5687
2023    68.6383    70.5303    78.9634   104.6916   168.5444   236.3776   280.2818   306.6531   325.3240
2024    68.6619    70.6689    78.8978   104.4202   168.5101   235.8521   278.6005   306.1459   325.3817
2025    68.6411    70.7530    79.1407   104.8116   168.5367   236.6071   278.6630   305.9839   325.0639
2026    68.6392    70.5736    78.9278   104.8486   168.5181   236.5613   279.3744   306.2618   325.1667
2027    68.6652    70.9733    79.1834   104.8165   168.4868   236.2943   278.4265   305.8709   325.0724
2028    68.6460    70.7863    79.0390   104.7387   168.3868   235.4666   278.6513   306.4920   325.1088
2029    68.6539    70.8148    79.1661   104.8537   168.4474   235.8539   278.5782   306.3624   325.2987
2030    68.6251    70.6864    79.0767   104.7440   168.5233   236.3902   278.5804   306.1641   325.3535
2031    68.6245    70.6391    79.0265   104.6542   168.5164   236.2373   278.6208   305.6613   325.1108
2032    68.6510    70.6742    79.0162   104.6938   168.4714   236.4341   279.6064   306.2368   325.2060
2033    68.6326    70.5419    78.9351   104.7738   168.4862   235.8089   278.4811   305.6197   325.0031
2034    68.6363    70.6713    78.9448   104.7236   168.5021   236.0710   279.5824   306.3787   325.0439

Spawning Stock Biomass  x       1000 MT

Year       Average        StdDev
2021        2.2953        0.4581
2022        2.6080        0.4290
2023        2.9374        0.6088
2024        2.5836        0.6334
2025        2.4577        0.6573
2026        2.4664        0.6820
2027        2.4781        0.6844
2028        2.4835        0.6800
2029        2.4854        0.6754
2030        2.4836        0.6743
2031        2.4828        0.6838
2032        2.4837        0.6836
2033        2.4853        0.6840
2034        2.4861        0.6846

Spawning Stock Biomass Distribution

Year        1%         5%         10%        25%        50%        75%        90%        95%        99%   
2021     1.4689     1.7271     1.8313     2.0001     2.2268     2.5103     2.8090     3.0272     4.1574 
2022     1.7498     1.9633     2.0856     2.3104     2.5747     2.8555     3.1918     3.3973     3.7610 
2023     1.8449     2.0704     2.2156     2.4934     2.8661     3.2999     3.7619     4.0654     4.6198 
2024     1.4639     1.6798     1.8282     2.1215     2.5192     2.9778     3.4087     3.6721     4.2370 
2025     1.3010     1.5281     1.6817     1.9801     2.3911     2.8620     3.3023     3.5714     4.1768 
2026     1.2714     1.5088     1.6635     1.9757     2.3956     2.8835     3.3367     3.6185     4.2395 
2027     1.2743     1.5094     1.6679     1.9822     2.4095     2.8987     3.3571     3.6379     4.2930 
2028     1.2674     1.5119     1.6722     1.9908     2.4167     2.9065     3.3622     3.6448     4.2629 
2029     1.2763     1.5176     1.6779     1.9954     2.4182     2.9062     3.3658     3.6479     4.2487 
2030     1.2804     1.5175     1.6746     1.9927     2.4189     2.9068     3.3540     3.6375     4.2443 
2031     1.2775     1.5146     1.6778     1.9898     2.4149     2.9022     3.3574     3.6371     4.2493 
2032     1.2783     1.5162     1.6753     1.9902     2.4150     2.9033     3.3612     3.6467     4.2777 
2033     1.2766     1.5159     1.6719     1.9916     2.4164     2.9059     3.3707     3.6483     4.2646 
2034     1.2741     1.5167     1.6760     1.9908     2.4161     2.9060     3.3678     3.6527     4.2763 

JAN-1 Stock Biomass  x       1000 MT

Year       Average        StdDev
2021        9.2972        1.5933
2022        9.4631        1.7867
2023        8.9668        1.9035
2024        8.3985        1.9469
2025        8.1027        1.9584
2026        8.1225        1.9702
2027        8.1397        1.9644
2028        8.1466        1.9531
2029        8.1444        1.9602
2030        8.1417        1.9716
2031        8.1459        1.9768
2032        8.1499        1.9820
2033        8.1523        1.9861
2034        8.1498        1.9842

JAN-1 Stock Biomass Distribution

Year       1%         5%         10%        25%        50%        75%        90%        95%        99%    
2021     6.3363     6.9470     7.3761     8.1712     9.1698    10.1369    11.5417    12.2918    13.6864 
2022     6.0935     6.8178     7.2639     8.1812     9.3136    10.5904    11.8039    12.6003    14.1331 
2023     5.3725     6.1419     6.6439     7.6043     8.8351    10.1501    11.4177    12.2036    13.9186 
2024     4.7399     5.5286     6.0375     7.0280     8.2600     9.5877    10.8551    11.6560    13.4764 
2025     4.4297     5.2308     5.7446     6.7280     7.9559     9.2907    10.5642    11.3762    13.3007 
2026     4.4182     5.2230     5.7414     6.7324     7.9764     9.3259    10.6147    11.4261    13.2996 
2027     4.3856     5.2217     5.7462     6.7493     8.0046     9.3520    10.6430    11.4547    13.3448 
2028     4.4102     5.2362     5.7585     6.7666     8.0091     9.3590    10.6426    11.4616    13.2765 
2029     4.4319     5.2321     5.7555     6.7634     8.0057     9.3414    10.6300    11.4500    13.2257 
2030     4.4085     5.2239     5.7496     6.7647     7.9976     9.3458    10.6340    11.4627    13.3041 
2031     4.4162     5.2293     5.7555     6.7528     8.0073     9.3544    10.6467    11.4694    13.3367 
2032     4.3926     5.2232     5.7523     6.7633     8.0019     9.3663    10.6522    11.4811    13.3601 
2033     4.4249     5.2325     5.7547     6.7475     8.0137     9.3631    10.6616    11.4693    13.3409 
2034     4.3990     5.2153     5.7427     6.7571     8.0056     9.3551    10.6544    11.4919    13.3451 

Mean Biomass  x       1000 MT

Year       Average        StdDev
2021        8.4080        1.5274
2022        8.1940        1.7040
2023        7.6085        1.7754
2024        7.1763        1.8044
2025        7.0585        1.8243
2026        7.0785        1.8235
2027        7.0919        1.8161
2028        7.0948        1.8076
2029        7.0913        1.8156
2030        7.0913        1.8252
2031        7.0946        1.8266
2032        7.0972        1.8282
2033        7.0997        1.8395
2034        7.0964        1.8337

Mean Biomass Distribution

Year       1%         5%         10%        25%        50%        75%        90%        95%        99%    
2021     5.6340     6.1912     6.5684     7.2826     8.2808     9.2736    10.5354    11.2620    12.5854 
2022     5.0738     5.6941     6.1148     6.9594     8.0482     9.2700    10.4235    11.1556    12.6603 
2023     4.3388     5.0048     5.4524     6.3327     7.4803     8.7012     9.8834    10.6028    12.2294 
2024     3.8731     4.5525     4.9983     5.8933     7.0370     8.2763     9.4645    10.2028    11.8954 
2025     3.7114     4.4147     4.8748     5.7594     6.9195     8.1655     9.3664    10.1137    11.8596 
2026     3.7110     4.4068     4.8702     5.7796     6.9431     8.2015     9.3996    10.1582    11.8760 
2027     3.7053     4.4093     4.8832     5.7954     6.9488     8.2138     9.4177    10.1789    11.8153 
2028     3.7262     4.4284     4.8920     5.7997     6.9645     8.2156     9.4191    10.1660    11.8146 
2029     3.7455     4.4253     4.8913     5.7989     6.9607     8.1987     9.4054    10.1459    11.8186 
2030     3.7280     4.4204     4.8882     5.7927     6.9573     8.2060     9.4139    10.1586    11.7905 
2031     3.7224     4.4140     4.8860     5.7938     6.9616     8.2070     9.4173    10.1763    11.8482 
2032     3.7109     4.4164     4.8875     5.7972     6.9516     8.2214     9.4339    10.1691    11.8597 
2033     3.7300     4.4273     4.8887     5.7924     6.9601     8.2189     9.4132    10.2024    11.8998 
2034     3.7109     4.4073     4.8860     5.7948     6.9588     8.2195     9.4156    10.1866    11.8876 

Combined Catch Biomass  x       1000 MT

Year       Average        StdDev
2021        2.9747        0.4778
2022        3.4192        0.5685
2023        3.3730        0.6635
2024        3.0796        0.6925
2025        2.7487        0.6623
2026        2.7548        0.6753
2027        2.7643        0.6760
2028        2.7688        0.6714
2029        2.7691        0.6690
2030        2.7676        0.6728
2031        2.7680        0.6778
2032        2.7693        0.6774
2033        2.7702        0.6774
2034        2.7706        0.6805

Combined Catch Distribution

Year       1%         5%         10%        25%        50%        75%        90%        95%        99%    
2021     1.9752     2.3557     2.4545     2.6642     2.9130     3.2318     3.5473     3.7897     4.7130 
2022     2.3586     2.5800     2.7245     2.9986     3.3816     3.7477     4.2064     4.4798     4.9338 
2023     2.1441     2.3941     2.5619     2.8923     3.3187     3.7914     4.2431     4.5242     5.0982 
2024     1.7938     2.0602     2.2358     2.5820     3.0328     3.5082     3.9640     4.2484     4.8672 
2025     1.5237     1.7838     1.9507     2.2784     2.7000     3.1525     3.5839     3.8585     4.4677 
2026     1.5083     1.7690     1.9428     2.2757     2.7036     3.1643     3.6097     3.8845     4.5410 
2027     1.5037     1.7731     1.9456     2.2828     2.7163     3.1795     3.6198     3.9010     4.5260 
2028     1.5068     1.7736     1.9506     2.2891     2.7245     3.1873     3.6244     3.9067     4.5073 
2029     1.5151     1.7774     1.9498     2.2903     2.7238     3.1841     3.6246     3.9073     4.5019 
2030     1.5123     1.7775     1.9502     2.2900     2.7203     3.1819     3.6232     3.8972     4.4970 
2031     1.5109     1.7739     1.9497     2.2895     2.7193     3.1805     3.6281     3.9036     4.5150 
2032     1.5114     1.7731     1.9477     2.2875     2.7207     3.1853     3.6293     3.9102     4.5316 
2033     1.5130     1.7764     1.9477     2.2887     2.7203     3.1857     3.6319     3.9167     4.5170 
2034     1.5086     1.7755     1.9513     2.2888     2.7221     3.1863     3.6259     3.9137     4.5361 

Landings  x       1000 MT

Year       Average        StdDev
2021        2.9747        0.4778
2022        3.4192        0.5685
2023        3.3730        0.6635
2024        3.0796        0.6925
2025        2.7487        0.6623
2026        2.7548        0.6753
2027        2.7643        0.6760
2028        2.7688        0.6714
2029        2.7691        0.6690
2030        2.7676        0.6728
2031        2.7680        0.6778
2032        2.7693        0.6774
2033        2.7702        0.6774
2034        2.7706        0.6805

Landings Distribution

Year       1%         5%         10%        25%        50%        75%        90%        95%        99%    
2021     1.9752     2.3557     2.4545     2.6642     2.9130     3.2318     3.5473     3.7897     4.7130 
2022     2.3586     2.5800     2.7245     2.9986     3.3816     3.7477     4.2064     4.4798     4.9338 
2023     2.1441     2.3941     2.5619     2.8923     3.3187     3.7914     4.2431     4.5242     5.0982 
2024     1.7938     2.0602     2.2358     2.5820     3.0328     3.5082     3.9640     4.2484     4.8672 
2025     1.5237     1.7838     1.9507     2.2784     2.7000     3.1525     3.5839     3.8585     4.4677 
2026     1.5083     1.7690     1.9428     2.2757     2.7036     3.1643     3.6097     3.8845     4.5410 
2027     1.5037     1.7731     1.9456     2.2828     2.7163     3.1795     3.6198     3.9010     4.5260 
2028     1.5068     1.7736     1.9506     2.2891     2.7245     3.1873     3.6244     3.9067     4.5073 
2029     1.5151     1.7774     1.9498     2.2903     2.7238     3.1841     3.6246     3.9073     4.5019 
2030     1.5123     1.7775     1.9502     2.2900     2.7203     3.1819     3.6232     3.8972     4.4970 
2031     1.5109     1.7739     1.9497     2.2895     2.7193     3.1805     3.6281     3.9036     4.5150 
2032     1.5114     1.7731     1.9477     2.2875     2.7207     3.1853     3.6293     3.9102     4.5316 
2033     1.5130     1.7764     1.9477     2.2887     2.7203     3.1857     3.6319     3.9167     4.5170 
2034     1.5086     1.7755     1.9513     2.2888     2.7221     3.1863     3.6259     3.9137     4.5361 

Total Fishing Mortality

Year       Average        StdDev
2021        1.0794        0.0000
2022        1.0794        0.0000
2023        1.0794        0.0000
2024        1.0794        0.0000
2025        1.0000        0.0000
2026        1.0000        0.0000
2027        1.0000        0.0000
2028        1.0000        0.0000
2029        1.0000        0.0000
2030        1.0000        0.0000
2031        1.0000        0.0000
2032        1.0000        0.0000
2033        1.0000        0.0000
2034        1.0000        0.0000

Total Fishing Mortality Distribution

Year       1%         5%         10%        25%        50%        75%        90%        95%        99%    
2021     1.0794     1.0794     1.0794     1.0794     1.0794     1.0794     1.0794     1.0794     1.0794 
2022     1.0794     1.0794     1.0794     1.0794     1.0794     1.0794     1.0794     1.0794     1.0794 
2023     1.0794     1.0794     1.0794     1.0794     1.0794     1.0794     1.0794     1.0794     1.0794 
2024     1.0794     1.0794     1.0794     1.0794     1.0794     1.0794     1.0794     1.0794     1.0794 
2025     1.0000     1.0000     1.0000     1.0000     1.0000     1.0000     1.0000     1.0000     1.0000 
2026     1.0000     1.0000     1.0000     1.0000     1.0000     1.0000     1.0000     1.0000     1.0000 
2027     1.0000     1.0000     1.0000     1.0000     1.0000     1.0000     1.0000     1.0000     1.0000 
2028     1.0000     1.0000     1.0000     1.0000     1.0000     1.0000     1.0000     1.0000     1.0000 
2029     1.0000     1.0000     1.0000     1.0000     1.0000     1.0000     1.0000     1.0000     1.0000 
2030     1.0000     1.0000     1.0000     1.0000     1.0000     1.0000     1.0000     1.0000     1.0000 
2031     1.0000     1.0000     1.0000     1.0000     1.0000     1.0000     1.0000     1.0000     1.0000 
2032     1.0000     1.0000     1.0000     1.0000     1.0000     1.0000     1.0000     1.0000     1.0000 
2033     1.0000     1.0000     1.0000     1.0000     1.0000     1.0000     1.0000     1.0000     1.0000 
2034     1.0000     1.0000     1.0000     1.0000     1.0000     1.0000     1.0000     1.0000     1.0000 

JAN-1 Stock Numbers at Age  -       1000  Fish

2021

Age        1%         5%         10%        25%        50%        75%        90%        95%        99%    
1      140.2370   175.0900   184.8320   216.7130   261.1480   317.3690   385.6290   409.5080   464.9250
2       58.9389    77.9477    80.8620    85.4451   100.4175   112.5240   125.3470   138.4980   148.4390
3       34.1986    41.3466    43.5177    47.9381    54.8765    60.4455    67.3245    74.4817    84.8335
4        4.4701     6.3288     7.3712     8.3369     9.5330    10.8358    12.5169    14.0136    20.6054
5        1.2938     1.6031     1.7337     2.2441     2.6907     3.2695     4.2092     4.8898     7.4995
6        0.2917     0.4842     0.6024     0.6936     0.9665     1.2287     1.8234     2.1765     5.0518
7        0.0278     0.0584     0.0739     0.1025     0.1591     0.2261     0.3164     0.3996     1.3049
8        0.0082     0.0292     0.0370     0.0584     0.1092     0.1670     0.2575     0.4456     2.1858
9        0.0003     0.0014     0.0021     0.0035     0.0085     0.0144     0.0223     0.0334     0.2402
10        0.0001     0.0005     0.0007     0.0015     0.0043     0.0069     0.0143     0.0242     0.2609
11        0.0000     0.0001     0.0002     0.0004     0.0014     0.0028     0.0051     0.0082     0.1988
12        0.0000     0.0000     0.0000     0.0000     0.0001     0.0003     0.0005     0.0008     0.0280
13        0.0000     0.0000     0.0000     0.0000     0.0000     0.0002     0.0003     0.0005     0.0316
14        0.0000     0.0000     0.0000     0.0000     0.0000     0.0000     0.0001     0.0001     0.0183
15+       0.0000     0.0000     0.0000     0.0000     0.0000     0.0000     0.0000     0.0000     0.0127

2022

Age        1%         5%         10%        25%        50%        75%        90%        95%        99%    
1       68.6492    70.6173    78.9552   104.3432   168.4469   236.3110   278.5672   305.5611   324.5803
2       85.2406   100.5940   107.2962   123.8398   150.5257   184.2150   222.6931   242.0503   275.6051
3       26.8033    34.4428    36.2166    39.2151    44.7850    51.0751    57.9694    62.8172    70.9392
4       11.9425    13.8973    14.9616    16.5171    18.5421    20.8282    23.6319    26.0274    31.3558
5        1.4370     1.9513     2.1925     2.5221     2.9122     3.3248     3.8905     4.2990     6.5458
6        0.3760     0.4633     0.5094     0.6459     0.7744     0.9516     1.2426     1.4510     2.4952
7        0.0994     0.1449     0.1715     0.2057     0.2741     0.3650     0.5313     0.6298     1.6368
8        0.0097     0.0178     0.0219     0.0304     0.0466     0.0676     0.0970     0.1269     0.4589
9        0.0029     0.0092     0.0114     0.0183     0.0336     0.0514     0.0813     0.1368     0.7756
10        0.0001     0.0004     0.0007     0.0011     0.0027     0.0046     0.0073     0.0110     0.0873
11        0.0000     0.0002     0.0002     0.0005     0.0014     0.0023     0.0049     0.0080     0.0980
12        0.0000     0.0000     0.0001     0.0001     0.0005     0.0009     0.0017     0.0028     0.0765
13        0.0000     0.0000     0.0000     0.0000     0.0000     0.0001     0.0002     0.0003     0.0109
14        0.0000     0.0000     0.0000     0.0000     0.0000     0.0001     0.0001     0.0002     0.0123
15+       0.0000     0.0000     0.0000     0.0000     0.0000     0.0000     0.0000     0.0001     0.0121

2023

Age        1%         5%         10%        25%        50%        75%        90%        95%        99%    
1       68.6382    70.5253    78.9331   104.7919   168.4392   236.1177   279.0589   306.2639   325.5687
2       38.0759    41.3512    45.2172    59.6993    96.4492   135.9942   162.0383   175.6719   194.9901
3       38.3553    45.0083    48.2490    55.8994    68.0887    83.5116   100.5459   110.2140   125.7812
4        9.1690    11.5332    12.2609    13.4412    15.3331    17.6103    20.0703    21.7025    24.6379
5        3.6021     4.1696     4.4922     4.9904     5.6142     6.3561     7.2238     7.9366     9.6021
6        0.4152     0.5607     0.6272     0.7267     0.8416     0.9673     1.1295     1.2559     1.8940
7        0.1083     0.1324     0.1476     0.1857     0.2239     0.2772     0.3615     0.4219     0.7268
8        0.0290     0.0430     0.0502     0.0610     0.0813     0.1092     0.1586     0.1867     0.4871
9        0.0031     0.0055     0.0067     0.0093     0.0142     0.0207     0.0297     0.0391     0.1485
10        0.0010     0.0029     0.0036     0.0058     0.0106     0.0163     0.0258     0.0430     0.2610
11        0.0000     0.0001     0.0002     0.0004     0.0009     0.0015     0.0024     0.0036     0.0286
12        0.0000     0.0001     0.0001     0.0002     0.0005     0.0008     0.0016     0.0027     0.0330
13        0.0000     0.0000     0.0000     0.0000     0.0002     0.0003     0.0006     0.0009     0.0274
14        0.0000     0.0000     0.0000     0.0000     0.0000     0.0000     0.0001     0.0001     0.0040
15+       0.0000     0.0000     0.0000     0.0000     0.0000     0.0000     0.0000     0.0001     0.0084

2024

Age        1%         5%         10%        25%        50%        75%        90%        95%        99%    
1       68.6383    70.5303    78.9634   104.6916   168.5444   236.3776   280.2818   306.6531   325.3240
2       38.0800    41.2528    45.2150    59.9536    96.3541   135.8503   162.3252   176.3376   197.9557
3       16.8543    18.6620    20.4253    26.9155    43.2823    61.0638    73.4749    79.7155    90.4458
4       13.0313    15.2710    16.4669    19.1325    23.3618    28.7110    34.6109    38.0363    43.7868
5        2.7681     3.4385     3.6785     4.0711     4.6503     5.3606     6.1243     6.6216     7.5805
6        1.0241     1.1939     1.2855     1.4373     1.6231     1.8455     2.1051     2.3143     2.7923
7        0.1202     0.1610     0.1798     0.2093     0.2436     0.2814     0.3287     0.3675     0.5474
8        0.0318     0.0389     0.0438     0.0547     0.0664     0.0828     0.1080     0.1261     0.2181
9        0.0090     0.0131     0.0152     0.0187     0.0249     0.0336     0.0487     0.0573     0.1488
10        0.0010     0.0017     0.0021     0.0029     0.0045     0.0066     0.0094     0.0125     0.0482
11        0.0003     0.0009     0.0012     0.0019     0.0034     0.0053     0.0084     0.0138     0.0847
12        0.0000     0.0000     0.0001     0.0001     0.0003     0.0005     0.0008     0.0012     0.0095
13        0.0000     0.0000     0.0000     0.0001     0.0002     0.0003     0.0005     0.0009     0.0112
14        0.0000     0.0000     0.0000     0.0000     0.0001     0.0001     0.0002     0.0003     0.0101
15+       0.0000     0.0000     0.0000     0.0000     0.0000     0.0000     0.0000     0.0001     0.0044

2025

Age        1%         5%         10%        25%        50%        75%        90%        95%        99%    
1       68.6619    70.6689    78.8978   104.4202   168.5101   235.8521   278.6005   306.1459   325.3817
2       38.0713    41.2837    45.2189    59.9031    96.5745   136.2067   162.7687   176.6224   197.3122
3       16.8292    18.6173    20.3565    26.9967    43.2666    61.0522    73.6704    80.0194    92.0139
4        5.6636     6.3724     7.0023     9.2212    14.7756    20.8443    25.3405    27.5144    31.7424
5        3.9184     4.5942     4.9733     5.7848     7.0902     8.7325    10.5219    11.5730    13.4086
6        0.7939     0.9793     1.0533     1.1747     1.3449     1.5548     1.7820     1.9268     2.2181
7        0.2931     0.3410     0.3679     0.4138     0.4701     0.5371     0.6145     0.6745     0.8144
8        0.0356     0.0473     0.0529     0.0618     0.0722     0.0840     0.0983     0.1104     0.1628
9        0.0097     0.0118     0.0134     0.0167     0.0203     0.0255     0.0333     0.0390     0.0666
10        0.0028     0.0041     0.0048     0.0059     0.0079     0.0107     0.0154     0.0182     0.0470
11        0.0003     0.0006     0.0007     0.0010     0.0014     0.0021     0.0031     0.0041     0.0158
12        0.0001     0.0003     0.0004     0.0006     0.0011     0.0018     0.0028     0.0046     0.0281
13        0.0000     0.0000     0.0000     0.0000     0.0001     0.0002     0.0003     0.0004     0.0032
14        0.0000     0.0000     0.0000     0.0000     0.0001     0.0001     0.0002     0.0003     0.0038
15+       0.0000     0.0000     0.0000     0.0000     0.0000     0.0000     0.0001     0.0001     0.0049

2026

Age        1%         5%         10%        25%        50%        75%        90%        95%        99%    
1       68.6411    70.7530    79.1407   104.8116   168.5367   236.6071   278.6630   305.9839   325.0639
2       38.3063    41.5745    45.5331    60.1707    97.1641   136.6007   163.1351   177.1049   198.6562
3       17.2864    19.1272    20.9782    27.6988    44.5568    62.9079    75.8391    82.3069    93.9078
4        5.9442     6.6836     7.3424     9.7141    15.5082    21.8848    26.6599    29.0686    33.7801
5        1.7981     2.0438     2.2526     2.9649     4.7424     6.6924     8.1739     8.9141    10.4101
6        1.1987     1.4030     1.5237     1.7805     2.1827     2.6972     3.2557     3.5879     4.1747
7        0.2434     0.2975     0.3211     0.3609     0.4148     0.4812     0.5525     0.5994     0.6933
8        0.0910     0.1064     0.1148     0.1299     0.1485     0.1705     0.1956     0.2152     0.2593
9        0.0115     0.0152     0.0170     0.0200     0.0235     0.0275     0.0322     0.0361     0.0529
10        0.0032     0.0039     0.0045     0.0055     0.0068     0.0086     0.0112     0.0131     0.0222
11        0.0010     0.0014     0.0016     0.0020     0.0027     0.0037     0.0053     0.0063     0.0162
12        0.0001     0.0002     0.0002     0.0003     0.0005     0.0007     0.0011     0.0014     0.0055
13        0.0000     0.0001     0.0001     0.0002     0.0004     0.0006     0.0010     0.0016     0.0099
14        0.0000     0.0000     0.0000     0.0000     0.0000     0.0001     0.0001     0.0001     0.0011
15+       0.0000     0.0000     0.0000     0.0000     0.0000     0.0000     0.0001     0.0002     0.0032

2027

Age        1%         5%         10%        25%        50%        75%        90%        95%        99%    
1       68.6392    70.5736    78.9278   104.8486   168.5181   236.5613   279.3744   306.2618   325.1667
2       38.3342    41.6302    45.6739    60.3334    97.1871   137.1001   163.0158   177.2760   197.7655
3       17.4187    19.2795    21.1043    27.8352    44.8214    63.0843    76.1261    82.7267    94.2626
4        6.1220     6.8750     7.5532     9.9626    15.9787    22.5577    27.4324    29.8301    34.6136
5        1.8874     2.1432     2.3655     3.1225     4.9774     7.0297     8.6171     9.4088    11.0320
6        0.5461     0.6257     0.6932     0.9128     1.4569     2.0517     2.5242     2.7589     3.2495
7        0.3644     0.4282     0.4666     0.5476     0.6731     0.8331     1.0075     1.1124     1.3041
8        0.0761     0.0925     0.1001     0.1135     0.1309     0.1526     0.1755     0.1909     0.2217
9        0.0292     0.0341     0.0370     0.0420     0.0482     0.0557     0.0642     0.0706     0.0851
10        0.0038     0.0050     0.0056     0.0066     0.0079     0.0092     0.0109     0.0122     0.0177
11        0.0011     0.0013     0.0015     0.0019     0.0023     0.0029     0.0038     0.0045     0.0076
12        0.0003     0.0005     0.0006     0.0007     0.0009     0.0013     0.0018     0.0022     0.0057
13        0.0000     0.0001     0.0001     0.0001     0.0002     0.0003     0.0004     0.0005     0.0020
14        0.0000     0.0000     0.0000     0.0001     0.0001     0.0002     0.0004     0.0006     0.0036
15+       0.0000     0.0000     0.0000     0.0000     0.0000     0.0000     0.0001     0.0001     0.0016

2028

Age        1%         5%         10%        25%        50%        75%        90%        95%        99%    
1       68.6652    70.9733    79.1834   104.8165   168.4868   236.2943   278.4265   305.8709   325.0724
2       38.2660    41.5331    45.4707    60.3223    97.1169   137.3189   163.4896   177.5223   198.2082
3       17.4221    19.3078    21.1547    27.9169    44.8434    63.2964    76.0066    82.6578    94.0040
4        6.1607     6.9167     7.6069    10.0027    16.0701    22.6437    27.5545    29.9676    34.8401
5        1.9396     2.2054     2.4334     3.2052     5.1270     7.2467     8.8541     9.6614    11.2848
6        0.5727     0.6578     0.7284     0.9610     1.5291     2.1576     2.6599     2.9194     3.4601
7        0.1661     0.1919     0.2134     0.2814     0.4478     0.6311     0.7805     0.8574     1.0184
8        0.1140     0.1341     0.1463     0.1722     0.2126     0.2635     0.3192     0.3536     0.4169
9        0.0245     0.0296     0.0322     0.0367     0.0426     0.0498     0.0575     0.0627     0.0731
10        0.0096     0.0113     0.0122     0.0140     0.0162     0.0187     0.0216     0.0238     0.0288
11        0.0013     0.0017     0.0019     0.0023     0.0027     0.0032     0.0038     0.0042     0.0061
12        0.0004     0.0005     0.0005     0.0007     0.0008     0.0010     0.0014     0.0016     0.0027
13        0.0001     0.0002     0.0002     0.0002     0.0003     0.0005     0.0007     0.0008     0.0020
14        0.0000     0.0000     0.0000     0.0000     0.0001     0.0001     0.0001     0.0002     0.0007
15+       0.0000     0.0000     0.0000     0.0000     0.0001     0.0001     0.0002     0.0002     0.0019

2029

Age        1%         5%         10%        25%        50%        75%        90%        95%        99%    
1       68.6460    70.7863    79.0390   104.7387   168.3868   235.4666   278.6513   306.4920   325.1088
2       38.3316    41.6367    45.6361    60.2970    97.1285   136.6829   163.0116   176.9211   197.5639
3       17.4043    19.2390    21.0922    27.9148    44.7729    63.3928    76.2818    82.7421    94.1665
4        6.1479     6.9290     7.6171    10.0389    16.0653    22.6917    27.5464    29.9410    34.6780
5        1.9557     2.2202     2.4456     3.2136     5.1532     7.2550     8.8924     9.7101    11.3777
6        0.5891     0.6764     0.7495     0.9870     1.5753     2.2229     2.7354     2.9893     3.5327
7        0.1741     0.2020     0.2246     0.2962     0.4694     0.6625     0.8227     0.9054     1.0817
8        0.0517     0.0602     0.0673     0.0888     0.1407     0.1985     0.2476     0.2726     0.3264
9        0.0363     0.0431     0.0472     0.0558     0.0691     0.0859     0.1044     0.1156     0.1375
10        0.0081     0.0098     0.0107     0.0122     0.0143     0.0167     0.0194     0.0212     0.0248
11        0.0032     0.0038     0.0042     0.0048     0.0055     0.0065     0.0075     0.0082     0.0100
12        0.0005     0.0006     0.0007     0.0008     0.0009     0.0011     0.0013     0.0015     0.0021
13        0.0001     0.0002     0.0002     0.0002     0.0003     0.0004     0.0005     0.0006     0.0010
14        0.0000     0.0001     0.0001     0.0001     0.0001     0.0002     0.0002     0.0003     0.0007
15+       0.0000     0.0000     0.0000     0.0000     0.0000     0.0001     0.0001     0.0002     0.0009

2030

Age        1%         5%         10%        25%        50%        75%        90%        95%        99%    
1       68.6539    70.8148    79.1661   104.8537   168.4474   235.8539   278.5782   306.3624   325.2987
2       38.3322    41.6393    45.5741    60.2947    96.8172   136.2249   163.3305   177.2537   198.3044
3       17.4174    19.3101    21.1599    27.9042    44.8166    63.1855    76.0521    82.4470    93.6745
4        6.1593     6.9213     7.5945    10.0526    16.0592    22.7126    27.5877    29.9879    34.6857
5        1.9508     2.2239     2.4518     3.2280     5.1536     7.2764     8.8898     9.6782    11.3030
6        0.5939     0.6809     0.7529     0.9906     1.5834     2.2287     2.7474     3.0078     3.5637
7        0.1788     0.2076     0.2309     0.3043     0.4841     0.6835     0.8460     0.9283     1.1093
8        0.0541     0.0634     0.0708     0.0935     0.1475     0.2087     0.2607     0.2879     0.3478
9        0.0165     0.0194     0.0218     0.0288     0.0456     0.0645     0.0808     0.0894     0.1080
10        0.0120     0.0143     0.0157     0.0187     0.0231     0.0289     0.0351     0.0390     0.0466
11        0.0028     0.0033     0.0036     0.0042     0.0049     0.0058     0.0067     0.0073     0.0086
12        0.0011     0.0013     0.0014     0.0017     0.0019     0.0023     0.0026     0.0029     0.0035
13        0.0002     0.0002     0.0002     0.0003     0.0003     0.0004     0.0005     0.0005     0.0008
14        0.0000     0.0001     0.0001     0.0001     0.0001     0.0001     0.0002     0.0002     0.0003
15+       0.0000     0.0000     0.0000     0.0000     0.0001     0.0001     0.0001     0.0002     0.0006

2031

Age        1%         5%         10%        25%        50%        75%        90%        95%        99%    
1       68.6251    70.6864    79.0767   104.7440   168.5233   236.3902   278.5804   306.1641   325.3535
2       38.3278    41.6218    45.5713    60.3535    97.0429   136.6023   163.3651   177.5116   198.7439
3       17.4050    19.2981    21.1252    27.8966    44.6363    62.9406    76.1245    82.5405    93.9999
4        6.1536     6.9391     7.6312    10.0181    16.0668    22.6748    27.5229    29.9038    34.5305
5        1.9558     2.2202     2.4457     3.2312     5.1606     7.2865     8.9038     9.7064    11.3341
6        0.5934     0.6819     0.7550     0.9943     1.5840     2.2354     2.7453     3.0032     3.5274
7        0.1801     0.2085     0.2318     0.3053     0.4867     0.6852     0.8498     0.9328     1.1184
8        0.0555     0.0651     0.0728     0.0960     0.1521     0.2153     0.2684     0.2955     0.3554
9        0.0173     0.0205     0.0230     0.0304     0.0478     0.0677     0.0851     0.0944     0.1150
10        0.0054     0.0065     0.0073     0.0096     0.0152     0.0216     0.0272     0.0301     0.0367
11        0.0041     0.0049     0.0053     0.0064     0.0079     0.0099     0.0121     0.0135     0.0162
12        0.0009     0.0011     0.0013     0.0015     0.0017     0.0020     0.0024     0.0026     0.0031
13        0.0004     0.0005     0.0005     0.0006     0.0007     0.0008     0.0009     0.0010     0.0013
14        0.0001     0.0001     0.0001     0.0001     0.0001     0.0001     0.0002     0.0002     0.0003
15+       0.0000     0.0000     0.0000     0.0000     0.0001     0.0001     0.0001     0.0001     0.0003

2032

Age        1%         5%         10%        25%        50%        75%        90%        95%        99%    
1       68.6245    70.6391    79.0265   104.6542   168.5164   236.2373   278.6208   305.6613   325.1108
2       38.2612    41.6338    45.5489    60.2905    97.1737   136.9026   163.0105   177.2747   198.3927
3       17.4287    19.3046    21.1311    27.8931    44.7581    63.0501    76.0755    82.5866    94.6994
4        6.1545     6.9190     7.6217    10.0343    16.0005    22.5955    27.5169    29.9601    34.5599
5        1.9557     2.2236     2.4522     3.2228     5.1528     7.2735     8.8860     9.6956    11.2768
6        0.5953     0.6808     0.7528     0.9944     1.5837     2.2362     2.7548     3.0118     3.5466
7        0.1796     0.2093     0.2323     0.3066     0.4870     0.6866     0.8511     0.9321     1.1056
8        0.0560     0.0655     0.0730     0.0963     0.1531     0.2156     0.2691     0.2973     0.3580
9        0.0178     0.0210     0.0235     0.0312     0.0494     0.0698     0.0876     0.0969     0.1177
10        0.0057     0.0068     0.0077     0.0102     0.0160     0.0226     0.0286     0.0319     0.0389
11        0.0018     0.0022     0.0025     0.0033     0.0052     0.0074     0.0094     0.0104     0.0127
12        0.0014     0.0017     0.0019     0.0022     0.0028     0.0035     0.0042     0.0047     0.0057
13        0.0003     0.0004     0.0004     0.0005     0.0006     0.0007     0.0008     0.0009     0.0011
14        0.0001     0.0002     0.0002     0.0002     0.0002     0.0003     0.0003     0.0004     0.0005
15+       0.0000     0.0000     0.0000     0.0001     0.0001     0.0001     0.0001     0.0001     0.0002

2033

Age        1%         5%         10%        25%        50%        75%        90%        95%        99%    
1       68.6510    70.6742    79.0162   104.6938   168.4714   236.4341   279.6064   306.2368   325.2060
2       38.2599    41.5378    45.5715    60.2338    97.2188   136.8637   163.0430   177.0148   198.2987
3       17.3738    19.2749    21.1208    27.8626    44.7903    63.3822    76.0093    82.5757    94.4668
4        6.1522     6.9356     7.6125    10.0410    16.0561    22.6019    27.5320    29.9622    34.8063
5        1.9579     2.2231     2.4527     3.2237     5.1313     7.2441     8.8901     9.6859    11.2951
6        0.5936     0.6831     0.7547     0.9932     1.5811     2.2305     2.7431     3.0032     3.5290
7        0.1803     0.2087     0.2317     0.3061     0.4868     0.6877     0.8529     0.9344     1.1112
8        0.0559     0.0656     0.0733     0.0967     0.1533     0.2161     0.2696     0.2967     0.3552
9        0.0179     0.0212     0.0237     0.0313     0.0496     0.0699     0.0879     0.0974     0.1183
10        0.0058     0.0070     0.0079     0.0105     0.0165     0.0233     0.0294     0.0327     0.0398
11        0.0019     0.0023     0.0026     0.0035     0.0055     0.0078     0.0099     0.0110     0.0136
12        0.0006     0.0008     0.0009     0.0012     0.0018     0.0026     0.0033     0.0037     0.0045
13        0.0005     0.0006     0.0007     0.0008     0.0010     0.0012     0.0015     0.0017     0.0021
14        0.0001     0.0001     0.0002     0.0002     0.0002     0.0003     0.0003     0.0003     0.0004
15+       0.0001     0.0001     0.0001     0.0001     0.0001     0.0001     0.0002     0.0002     0.0002

2034

Age        1%         5%         10%        25%        50%        75%        90%        95%        99%    
1       68.6326    70.5419    78.9351   104.7738   168.4862   235.8089   278.4811   305.6197   325.0031
2       38.3229    41.5580    45.4574    60.3350    97.0672   136.7646   163.4571   177.4035   198.7131
3       17.3642    19.2414    21.1316    27.8809    44.8466    63.2191    76.0557    82.4788    94.5244
4        6.1395     6.9148     7.6021    10.0249    16.0607    22.7054    27.5250    29.9484    34.7093
5        1.9543     2.2236     2.4494     3.2275     5.1471     7.2540     8.8825     9.7047    11.3801
6        0.5960     0.6819     0.7542     0.9928     1.5758     2.2253     2.7468     3.0015     3.5334
7        0.1804     0.2095     0.2324     0.3060     0.4860     0.6855     0.8493     0.9339     1.1024
8        0.0561     0.0655     0.0730     0.0967     0.1530     0.2166     0.2704     0.2978     0.3545
9        0.0179     0.0212     0.0237     0.0315     0.0497     0.0701     0.0879     0.0973     0.1171
10        0.0059     0.0070     0.0079     0.0105     0.0166     0.0234     0.0295     0.0329     0.0403
11        0.0020     0.0024     0.0027     0.0036     0.0056     0.0080     0.0101     0.0113     0.0139
12        0.0007     0.0008     0.0009     0.0012     0.0019     0.0027     0.0035     0.0039     0.0048
13        0.0002     0.0003     0.0003     0.0004     0.0006     0.0009     0.0012     0.0013     0.0016
14        0.0002     0.0002     0.0002     0.0003     0.0004     0.0004     0.0005     0.0006     0.0007
15+       0.0001     0.0001     0.0001     0.0001     0.0001     0.0001     0.0002     0.0002     0.0002

Probability Spawning Stock Biomass Exceeds Threshold      3.660 (1000 MT)

Year    Probability

2021    0.017960
2022    0.016990
2023    0.123980
2024    0.051860
2025    0.039330
2026    0.044970
2027    0.047100
2028    0.048050
2029    0.048510
2030    0.046920
2031    0.047310
2032    0.048400
2033    0.048420
2034    0.049010

Probability Threshold Exceeded at Least Once =     0.3208

Probability Total Fishing Mortality Exceeds Threshold     0.8413 

Year    Probability

2021    1.000000
2022    1.000000
2023    1.000000
2024    1.000000
2025    1.000000
2026    1.000000
2027    1.000000
2028    1.000000
2029    1.000000
2030    1.000000
2031    1.000000
2032    1.000000
2033    1.000000
2034    1.000000

Probability Threshold Exceeded at Least Once =     1.0000


Requested Percentile Report

Percentile =    40.00 %

                                 2021       2022       2023       2024       2025       2026       2027       2028       2029       2030       2031       2032       2033       2034 

Recruits                     144.1643   144.3155   144.8993   144.9729   145.0101   145.0147   144.3717   143.6372   144.3691   145.1085   145.1692   144.6266   144.3989   144.9907 
Spawning Stock Biomass         2.1338     2.4775     2.7197     2.3642     2.2294     2.2276     2.2381     2.2474     2.2484     2.2508     2.2469     2.2442     2.2471     2.2474 
Jan-1 Stock Biomass            8.8103     8.8740     8.3599     7.7860     7.4804     7.4960     7.5161     7.5280     7.5340     7.5194     7.5199     7.5185     7.5250     7.5301 
Mean Biomass                   7.9072     7.6133     7.0387     6.5926     6.4669     6.4893     6.5053     6.5141     6.5070     6.5068     6.5102     6.5046     6.5052     6.5139 
Combined Catch Biomass         2.8204     3.2392     3.1506     2.8605     2.5361     2.5400     2.5472     2.5537     2.5578     2.5540     2.5526     2.5548     2.5536     2.5554 
Landings                       2.8204     3.2392     3.1506     2.8605     2.5361     2.5400     2.5472     2.5537     2.5578     2.5540     2.5526     2.5548     2.5536     2.5554 
FMort                          1.0794     1.0794     1.0794     1.0794     1.0000     1.0000     1.0000     1.0000     1.0000     1.0000     1.0000     1.0000     1.0000     1.0000 

Stock Numbers at Age
Age 1                        244.9740   144.1643   144.3155   144.8993   144.9729   145.0101   145.0147   144.3717   143.6372   144.3691   145.1085   145.1692   144.6266   144.3989 
Age 2                         93.8626   140.2601    82.8742    82.8706    83.2762    83.8325    83.8064    83.6512    83.4735    82.7862    83.4445    83.5667    83.7106    83.5542 
Age 3                         51.2273    42.4422    63.2732    37.1895    37.2562    38.4098    38.6566    38.7022    38.5750    38.5044    38.3246    38.5154    38.6259    38.6301 
Age 4                          9.1703    17.6922    14.5529    21.6691    12.6951    13.3395    13.7493    13.8540    13.8592    13.8379    13.7927    13.7314    13.8014    13.8387 
Age 5                          2.4696     2.7664     5.3620     4.4143     6.5613     4.0629     4.2727     4.4006     4.4389     4.4413     4.4296     4.4173     4.3958     4.4253 
Age 6                          0.8492     0.7223     0.7979     1.5494     1.2756     2.0181     1.2472     1.3111     1.3506     1.3601     1.3629     1.3588     1.3558     1.3478 
Age 7                          0.1227     0.2451     0.2088     0.2305     0.4478     0.3929     0.6218     0.3829     0.4014     0.4139     0.4172     0.4186     0.4164     0.4155 
Age 8                          0.0902     0.0370     0.0727     0.0618     0.0682     0.1412     0.1239     0.1961     0.1201     0.1263     0.1300     0.1308     0.1312     0.1308 
Age 9                          0.0063     0.0279     0.0114     0.0222     0.0189     0.0221     0.0458     0.0402     0.0637     0.0389     0.0409     0.0421     0.0423     0.0425 
Age 10                          0.0032     0.0020     0.0088     0.0036     0.0070     0.0063     0.0074     0.0153     0.0134     0.0213     0.0130     0.0136     0.0140     0.0141 
Age 11                          0.0009     0.0011     0.0007     0.0029     0.0012     0.0024     0.0022     0.0025     0.0052     0.0046     0.0073     0.0044     0.0047     0.0048 
Age 12                          0.0001     0.0003     0.0003     0.0002     0.0009     0.0004     0.0008     0.0008     0.0009     0.0018     0.0016     0.0025     0.0015     0.0016 
Age 13                          0.0000     0.0000     0.0001     0.0001     0.0001     0.0003     0.0001     0.0003     0.0003     0.0003     0.0006     0.0006     0.0009     0.0005 
Age 14                          0.0000     0.0000     0.0000     0.0000     0.0000     0.0000     0.0001     0.0001     0.0001     0.0001     0.0001     0.0002     0.0002     0.0003 
Age 15                          0.0000     0.0000     0.0000     0.0000     0.0000     0.0000     0.0000     0.0000     0.0000     0.0001     0.0001     0.0001     0.0001     0.0001 
