AGEPRO VERSION 4.2

Fsq_scenario

Date & Time of Run: 25 May 2024  16:46

Input File Name:    Fsq_scenario.inp

First Age Class:                         1
Number of Age Classes:                  15
Number of Years in Projection:          14
Number of Fleets:                        9
Number of Recruitment Models:            3
Number of Bootstraps:                  100
Number of Simulations:                1000

Bootstrap File Name:            C:\Users\jon.brodziak\Desktop\2024 WCNPO MLS Rebuilding\Bootstrap-numbers-at-age\2023_WCNPOMLS.bsn

Input Harvest Scenario

Year  Type        Fleet-1    Fleet-2    Fleet-3    Fleet-4    Fleet-5    Fleet-6    Fleet-7    Fleet-8    Fleet-9    

2021  F-Mult       0.1651     0.0453     0.2588     0.0166     0.0610     0.0487     0.0642     0.0722     0.3475 
2022  F-Mult       0.1651     0.0453     0.2588     0.0166     0.0610     0.0487     0.0642     0.0722     0.3475 
2023  F-Mult       0.1651     0.0453     0.2588     0.0166     0.0610     0.0487     0.0642     0.0722     0.3475 
2024  F-Mult       0.1651     0.0453     0.2588     0.0166     0.0610     0.0487     0.0642     0.0722     0.3475 
2025  F-Mult       0.1651     0.0453     0.2588     0.0166     0.0610     0.0487     0.0642     0.0722     0.3475 
2026  F-Mult       0.1651     0.0453     0.2588     0.0166     0.0610     0.0487     0.0642     0.0722     0.3475 
2027  F-Mult       0.1651     0.0453     0.2588     0.0166     0.0610     0.0487     0.0642     0.0722     0.3475 
2028  F-Mult       0.1651     0.0453     0.2588     0.0166     0.0610     0.0487     0.0642     0.0722     0.3475 
2029  F-Mult       0.1651     0.0453     0.2588     0.0166     0.0610     0.0487     0.0642     0.0722     0.3475 
2030  F-Mult       0.1651     0.0453     0.2588     0.0166     0.0610     0.0487     0.0642     0.0722     0.3475 
2031  F-Mult       0.1651     0.0453     0.2588     0.0166     0.0610     0.0487     0.0642     0.0722     0.3475 
2032  F-Mult       0.1651     0.0453     0.2588     0.0166     0.0610     0.0487     0.0642     0.0722     0.3475 
2033  F-Mult       0.1651     0.0453     0.2588     0.0166     0.0610     0.0487     0.0642     0.0722     0.3475 
2034  F-Mult       0.1651     0.0453     0.2588     0.0166     0.0610     0.0487     0.0642     0.0722     0.3475 

Recruitment Selection Distribution

Year  Selection-1 Selection-2 Selection-3 

2021      0.1206     0.8406     0.0389 
2022      0.1192     0.8421     0.0387 
2023      0.1198     0.8406     0.0396 
2024      0.1209     0.8397     0.0394 
2025      0.1194     0.8401     0.0405 
2026      0.1220     0.8386     0.0395 
2027      0.1193     0.8417     0.0391 
2028      0.1202     0.8406     0.0392 
2029      0.1198     0.8396     0.0406 
2030      0.1207     0.8399     0.0394 
2031      0.1187     0.8412     0.0401 
2032      0.1193     0.8413     0.0395 
2033      0.1188     0.8395     0.0417 
2034      0.1203     0.8396     0.0401 

Recruits        1000  Fish

Year Class   Average        StdDev
2021        172.8625       79.9906
2022        173.2942       80.6593
2023        173.7212       81.7434
2024        173.2301       80.4058
2025        172.9545       80.4754
2026        173.0012       80.8608
2027        172.5706       79.6342
2028        172.9268       79.7017
2029        172.7773       79.9993
2030        172.6839       80.5857
2031        172.9815       79.8848
2032        172.8650       80.6602
2033        173.0463       80.0984
2034        173.2190       80.7820

Recruits Distribution

Year Class 1%         5%         10%        25%        50%        75%        90%        95%        99%    
2021    68.6527    70.7694    79.0537   104.4989   168.4346   235.9781   278.4636   305.7451   324.8744
2022    68.6479    70.7620    78.9158   104.7974   168.5638   236.0899   279.1916   306.2192   325.2550
2023    68.6554    70.7329    79.0644   104.8522   168.5246   236.7007   279.9057   306.8874   325.5626
2024    68.6493    70.7863    79.1285   104.6934   168.5347   236.4468   278.6870   305.9879   324.9879
2025    68.6364    70.6023    78.9761   104.5020   168.3758   236.0904   279.0507   305.7263   325.0025
2026    68.6275    70.5724    78.8856   104.3641   168.3636   236.0841   278.4145   305.8265   325.0423
2027    68.6348    70.6934    78.9946   104.5176   168.4115   235.6139   277.9572   305.6214   325.0321
2028    68.6478    70.5262    78.9584   104.5490   168.3891   236.2353   278.4297   305.8814   324.7639
2029    68.6383    70.5184    78.9903   104.2840   168.3896   235.7653   278.9960   306.0818   324.9443
2030    68.6317    70.5903    78.9015   104.4625   168.3869   235.8819   278.6093   305.9926   324.7441
2031    68.6386    70.5932    79.0037   104.5393   168.4406   236.2838   279.0563   305.8135   324.9847
2032    68.6348    70.6370    78.8900   104.3853   168.4406   236.2718   278.5176   305.9219   324.9987
2033    68.6270    70.5184    78.8416   104.6195   168.4821   235.8405   278.9341   306.0568   325.1232
2034    68.6456    70.7291    79.0136   104.6451   168.5270   236.2192   279.2419   306.1609   325.0400

Spawning Stock Biomass  x       1000 MT

Year       Average        StdDev
2021        2.2955        0.4585
2022        2.6080        0.4294
2023        2.9365        0.6085
2024        2.5823        0.6336
2025        2.3977        0.6379
2026        2.3306        0.6411
2027        2.3055        0.6341
2028        2.2959        0.6339
2029        2.2921        0.6354
2030        2.2889        0.6296
2031        2.2897        0.6315
2032        2.2892        0.6329
2033        2.2891        0.6352
2034        2.2901        0.6320

Spawning Stock Biomass Distribution

Year        1%         5%         10%        25%        50%        75%        90%        95%        99%   
2021     1.4683     1.7260     1.8304     1.9994     2.2279     2.5105     2.8075     3.0315     4.1534 
2022     1.7503     1.9604     2.0842     2.3105     2.5760     2.8548     3.1907     3.4014     3.7570 
2023     1.8363     2.0673     2.2101     2.4913     2.8669     3.3033     3.7628     4.0612     4.5939 
2024     1.4552     1.6781     1.8253     2.1178     2.5182     2.9797     3.4079     3.6751     4.2242 
2025     1.2667     1.4855     1.6392     1.9349     2.3314     2.7934     3.2257     3.4858     4.0648 
2026     1.2066     1.4214     1.5733     1.8653     2.2662     2.7232     3.1576     3.4205     4.0064 
2027     1.1849     1.4009     1.5495     1.8424     2.2390     2.7025     3.1274     3.3871     3.9548 
2028     1.1760     1.3949     1.5408     1.8350     2.2318     2.6917     3.1188     3.3727     3.9444 
2029     1.1705     1.3879     1.5314     1.8307     2.2299     2.6885     3.1118     3.3671     3.9422 
2030     1.1641     1.3853     1.5347     1.8291     2.2284     2.6823     3.1082     3.3658     3.9383 
2031     1.1667     1.3860     1.5338     1.8275     2.2306     2.6851     3.1137     3.3723     3.9388 
2032     1.1661     1.3883     1.5335     1.8298     2.2251     2.6847     3.1109     3.3664     3.9366 
2033     1.1635     1.3844     1.5332     1.8275     2.2253     2.6860     3.1139     3.3681     3.9413 
2034     1.1665     1.3859     1.5314     1.8261     2.2287     2.6871     3.1158     3.3711     3.9359 

JAN-1 Stock Biomass  x       1000 MT

Year       Average        StdDev
2021        9.2944        1.5956
2022        9.4585        1.7953
2023        8.9605        1.9077
2024        8.3970        1.9459
2025        8.0993        1.9499
2026        7.9752        1.9375
2027        7.9291        1.9339
2028        7.9076        1.9333
2029        7.9010        1.9275
2030        7.8971        1.9260
2031        7.8950        1.9242
2032        7.8971        1.9306
2033        7.8986        1.9300
2034        7.9017        1.9305

JAN-1 Stock Biomass Distribution

Year       1%         5%         10%        25%        50%        75%        90%        95%        99%    
2021     6.3375     6.9458     7.3638     8.1693     9.1726    10.1331    11.5497    12.2976    13.7301 
2022     6.0909     6.8007     7.2465     8.1698     9.3085    10.5799    11.8211    12.6257    14.2063 
2023     5.3615     6.1145     6.6278     7.6027     8.8266    10.1483    11.4066    12.2115    13.9280 
2024     4.7289     5.5119     6.0425     7.0255     8.2571     9.5853    10.8661    11.6713    13.5333 
2025     4.4354     5.2226     5.7386     6.7278     7.9574     9.2842    10.5729    11.3978    13.2721 
2026     4.3180     5.1083     5.6144     6.5993     7.8370     9.1731    10.4364    11.2594    13.0535 
2027     4.2871     5.0697     5.5759     6.5595     7.7869     9.1246    10.3863    11.1962    12.9965 
2028     4.2430     5.0285     5.5474     6.5408     7.7751     9.1027    10.3605    11.1756    13.0061 
2029     4.2295     5.0259     5.5500     6.5381     7.7688     9.0990    10.3636    11.1550    13.0057 
2030     4.2436     5.0290     5.5412     6.5260     7.7610     9.0880    10.3614    11.1600    12.9084 
2031     4.2508     5.0339     5.5466     6.5322     7.7604     9.0905    10.3361    11.1491    12.9455 
2032     4.2432     5.0270     5.5400     6.5335     7.7636     9.0960    10.3627    11.1601    12.9202 
2033     4.2407     5.0313     5.5454     6.5290     7.7691     9.0931    10.3530    11.1453    12.9267 
2034     4.2322     5.0286     5.5399     6.5315     7.7795     9.0977    10.3571    11.1642    12.9148 

Mean Biomass  x       1000 MT

Year       Average        StdDev
2021        8.4078        1.5302
2022        8.1914        1.7065
2023        7.6081        1.7758
2024        7.1750        1.7999
2025        6.9751        1.7974
2026        6.8938        1.7854
2027        6.8637        1.7845
2028        6.8485        1.7769
2029        6.8442        1.7723
2030        6.8434        1.7754
2031        6.8415        1.7747
2032        6.8437        1.7785
2033        6.8457        1.7837
2034        6.8480        1.7831

Mean Biomass Distribution

Year       1%         5%         10%        25%        50%        75%        90%        95%        99%    
2021     5.6375     6.1812     6.5682     7.2820     8.2815     9.2674    10.5378    11.2717    12.6029 
2022     5.0639     5.6854     6.1104     6.9514     8.0437     9.2644    10.4222    11.1532    12.6785 
2023     4.3420     4.9967     5.4497     6.3346     7.4742     8.7027     9.8880    10.6184    12.1866 
2024     3.8793     4.5458     5.0011     5.8933     7.0398     8.2716     9.4549    10.2104    11.9062 
2025     3.6855     4.3503     4.8009     5.6906     6.8375     8.0701     9.2683    10.0168    11.6892 
2026     3.6130     4.2746     4.7257     5.6150     6.7573     7.9985     9.1770     9.9085    11.5942 
2027     3.5812     4.2496     4.7003     5.5831     6.7300     7.9673     9.1386     9.8672    11.5221 
2028     3.5625     4.2252     4.6762     5.5775     6.7183     7.9455     9.1140     9.8554    11.5017 
2029     3.5559     4.2174     4.6857     5.5714     6.7144     7.9443     9.1085     9.8459    11.4930 
2030     3.5638     4.2282     4.6794     5.5639     6.7129     7.9470     9.1288     9.8539    11.4782 
2031     3.5546     4.2233     4.6772     5.5700     6.7202     7.9436     9.1011     9.8411    11.4429 
2032     3.5450     4.2202     4.6764     5.5689     6.7076     7.9585     9.1342     9.8479    11.4528 
2033     3.5566     4.2286     4.6811     5.5623     6.7194     7.9440     9.1232     9.8740    11.4682 
2034     3.5615     4.2276     4.6779     5.5683     6.7219     7.9452     9.1195     9.8678    11.5084 

Combined Catch Biomass  x       1000 MT

Year       Average        StdDev
2021        2.9746        0.4778
2022        3.4184        0.5694
2023        3.3724        0.6665
2024        3.0793        0.6923
2025        2.9161        0.7007
2026        2.8530        0.6995
2027        2.8294        0.6943
2028        2.8206        0.6942
2029        2.8160        0.6920
2030        2.8147        0.6897
2031        2.8145        0.6901
2032        2.8139        0.6910
2033        2.8150        0.6930
2034        2.8160        0.6940

Combined Catch Distribution

Year       1%         5%         10%        25%        50%        75%        90%        95%        99%    
2021     1.9725     2.3547     2.4546     2.6632     2.9120     3.2347     3.5456     3.7929     4.7101 
2022     2.3523     2.5774     2.7220     2.9971     3.3822     3.7466     4.2114     4.4874     4.9263 
2023     2.1347     2.3872     2.5542     2.8897     3.3203     3.7931     4.2438     4.5316     5.1191 
2024     1.7866     2.0555     2.2338     2.5815     3.0319     3.5091     3.9686     4.2559     4.8555 
2025     1.6165     1.8897     2.0653     2.4179     2.8639     3.3437     3.8059     4.0994     4.7538 
2026     1.5594     1.8264     2.0049     2.3537     2.8045     3.2790     3.7472     4.0337     4.6806 
2027     1.5407     1.8105     1.9837     2.3315     2.7815     3.2621     3.7165     4.0017     4.6225 
2028     1.5256     1.7985     1.9771     2.3234     2.7720     3.2511     3.7042     3.9867     4.6234 
2029     1.5231     1.7874     1.9688     2.3238     2.7706     3.2448     3.7003     3.9831     4.6178 
2030     1.5179     1.7951     1.9695     2.3191     2.7690     3.2430     3.6965     3.9828     4.6136 
2031     1.5225     1.7930     1.9710     2.3179     2.7650     3.2453     3.7006     3.9864     4.5939 
2032     1.5246     1.7876     1.9684     2.3203     2.7662     3.2430     3.6968     3.9788     4.5960 
2033     1.5211     1.7884     1.9696     2.3188     2.7666     3.2477     3.7002     3.9891     4.6001 
2034     1.5260     1.7915     1.9686     2.3183     2.7717     3.2467     3.7003     3.9867     4.6076 

Landings  x       1000 MT

Year       Average        StdDev
2021        2.9746        0.4778
2022        3.4184        0.5694
2023        3.3724        0.6665
2024        3.0793        0.6923
2025        2.9161        0.7007
2026        2.8530        0.6995
2027        2.8294        0.6943
2028        2.8206        0.6942
2029        2.8160        0.6920
2030        2.8147        0.6897
2031        2.8145        0.6901
2032        2.8139        0.6910
2033        2.8150        0.6930
2034        2.8160        0.6940

Landings Distribution

Year       1%         5%         10%        25%        50%        75%        90%        95%        99%    
2021     1.9725     2.3547     2.4546     2.6632     2.9120     3.2347     3.5456     3.7929     4.7101 
2022     2.3523     2.5774     2.7220     2.9971     3.3822     3.7466     4.2114     4.4874     4.9263 
2023     2.1347     2.3872     2.5542     2.8897     3.3203     3.7931     4.2438     4.5316     5.1191 
2024     1.7866     2.0555     2.2338     2.5815     3.0319     3.5091     3.9686     4.2559     4.8555 
2025     1.6165     1.8897     2.0653     2.4179     2.8639     3.3437     3.8059     4.0994     4.7538 
2026     1.5594     1.8264     2.0049     2.3537     2.8045     3.2790     3.7472     4.0337     4.6806 
2027     1.5407     1.8105     1.9837     2.3315     2.7815     3.2621     3.7165     4.0017     4.6225 
2028     1.5256     1.7985     1.9771     2.3234     2.7720     3.2511     3.7042     3.9867     4.6234 
2029     1.5231     1.7874     1.9688     2.3238     2.7706     3.2448     3.7003     3.9831     4.6178 
2030     1.5179     1.7951     1.9695     2.3191     2.7690     3.2430     3.6965     3.9828     4.6136 
2031     1.5225     1.7930     1.9710     2.3179     2.7650     3.2453     3.7006     3.9864     4.5939 
2032     1.5246     1.7876     1.9684     2.3203     2.7662     3.2430     3.6968     3.9788     4.5960 
2033     1.5211     1.7884     1.9696     2.3188     2.7666     3.2477     3.7002     3.9891     4.6001 
2034     1.5260     1.7915     1.9686     2.3183     2.7717     3.2467     3.7003     3.9867     4.6076 

Total Fishing Mortality

Year       Average        StdDev
2021        1.0794        0.0000
2022        1.0794        0.0000
2023        1.0794        0.0000
2024        1.0794        0.0000
2025        1.0794        0.0000
2026        1.0794        0.0000
2027        1.0794        0.0000
2028        1.0794        0.0000
2029        1.0794        0.0000
2030        1.0794        0.0000
2031        1.0794        0.0000
2032        1.0794        0.0000
2033        1.0794        0.0000
2034        1.0794        0.0000

Total Fishing Mortality Distribution

Year       1%         5%         10%        25%        50%        75%        90%        95%        99%    
2021     1.0794     1.0794     1.0794     1.0794     1.0794     1.0794     1.0794     1.0794     1.0794 
2022     1.0794     1.0794     1.0794     1.0794     1.0794     1.0794     1.0794     1.0794     1.0794 
2023     1.0794     1.0794     1.0794     1.0794     1.0794     1.0794     1.0794     1.0794     1.0794 
2024     1.0794     1.0794     1.0794     1.0794     1.0794     1.0794     1.0794     1.0794     1.0794 
2025     1.0794     1.0794     1.0794     1.0794     1.0794     1.0794     1.0794     1.0794     1.0794 
2026     1.0794     1.0794     1.0794     1.0794     1.0794     1.0794     1.0794     1.0794     1.0794 
2027     1.0794     1.0794     1.0794     1.0794     1.0794     1.0794     1.0794     1.0794     1.0794 
2028     1.0794     1.0794     1.0794     1.0794     1.0794     1.0794     1.0794     1.0794     1.0794 
2029     1.0794     1.0794     1.0794     1.0794     1.0794     1.0794     1.0794     1.0794     1.0794 
2030     1.0794     1.0794     1.0794     1.0794     1.0794     1.0794     1.0794     1.0794     1.0794 
2031     1.0794     1.0794     1.0794     1.0794     1.0794     1.0794     1.0794     1.0794     1.0794 
2032     1.0794     1.0794     1.0794     1.0794     1.0794     1.0794     1.0794     1.0794     1.0794 
2033     1.0794     1.0794     1.0794     1.0794     1.0794     1.0794     1.0794     1.0794     1.0794 
2034     1.0794     1.0794     1.0794     1.0794     1.0794     1.0794     1.0794     1.0794     1.0794 

JAN-1 Stock Numbers at Age  -       1000  Fish

2021

Age        1%         5%         10%        25%        50%        75%        90%        95%        99%    
1      140.2370   175.0900   184.8320   216.7130   261.1480   317.3690   385.6290   409.5080   464.9250
2       58.9389    77.9477    80.8620    85.4451   100.4175   112.5240   125.3470   138.4980   148.4390
3       34.1986    41.3466    43.5177    47.9381    54.8765    60.4455    67.3245    74.4817    84.8335
4        4.4701     6.3288     7.3712     8.3369     9.5330    10.8358    12.5169    14.0136    20.6054
5        1.2938     1.6031     1.7337     2.2441     2.6907     3.2695     4.2092     4.8898     7.4995
6        0.2917     0.4842     0.6024     0.6936     0.9665     1.2287     1.8234     2.1765     5.0518
7        0.0278     0.0584     0.0739     0.1025     0.1591     0.2261     0.3164     0.3996     1.3049
8        0.0082     0.0292     0.0370     0.0584     0.1092     0.1670     0.2575     0.4456     2.1858
9        0.0003     0.0014     0.0021     0.0035     0.0085     0.0144     0.0223     0.0334     0.2402
10        0.0001     0.0005     0.0007     0.0015     0.0043     0.0069     0.0143     0.0242     0.2609
11        0.0000     0.0001     0.0002     0.0004     0.0014     0.0028     0.0051     0.0082     0.1988
12        0.0000     0.0000     0.0000     0.0000     0.0001     0.0003     0.0005     0.0008     0.0280
13        0.0000     0.0000     0.0000     0.0000     0.0000     0.0002     0.0003     0.0005     0.0316
14        0.0000     0.0000     0.0000     0.0000     0.0000     0.0000     0.0001     0.0001     0.0183
15+       0.0000     0.0000     0.0000     0.0000     0.0000     0.0000     0.0000     0.0000     0.0127

2022

Age        1%         5%         10%        25%        50%        75%        90%        95%        99%    
1       68.6527    70.7694    79.0537   104.4989   168.4346   235.9781   278.4636   305.7451   324.8744
2       85.2196   100.5925   107.1323   123.7878   150.3861   184.1245   222.8624   242.5093   275.4884
3       26.7656    34.4566    36.2014    39.2209    44.7667    51.0938    57.9080    62.7581    70.7641
4       11.9540    13.9117    14.9612    16.5286    18.5351    20.8210    23.6441    26.0388    31.4926
5        1.4345     1.9490     2.1925     2.5223     2.9097     3.3265     3.8929     4.2959     6.5582
6        0.3772     0.4635     0.5101     0.6459     0.7741     0.9506     1.2411     1.4512     2.4912
7        0.0973     0.1452     0.1715     0.2059     0.2741     0.3648     0.5317     0.6287     1.6418
8        0.0096     0.0178     0.0219     0.0304     0.0465     0.0675     0.0969     0.1268     0.4494
9        0.0030     0.0092     0.0114     0.0183     0.0337     0.0514     0.0811     0.1369     0.7798
10        0.0001     0.0004     0.0007     0.0011     0.0027     0.0046     0.0074     0.0111     0.0871
11        0.0000     0.0002     0.0002     0.0005     0.0014     0.0023     0.0049     0.0080     0.0971
12        0.0000     0.0000     0.0001     0.0001     0.0005     0.0009     0.0017     0.0028     0.0771
13        0.0000     0.0000     0.0000     0.0000     0.0000     0.0001     0.0002     0.0003     0.0108
14        0.0000     0.0000     0.0000     0.0000     0.0000     0.0001     0.0001     0.0002     0.0121
15+       0.0000     0.0000     0.0000     0.0000     0.0000     0.0000     0.0000     0.0001     0.0121

2023

Age        1%         5%         10%        25%        50%        75%        90%        95%        99%    
1       68.6479    70.7620    78.9158   104.7974   168.5638   236.0899   279.1916   306.2192   325.2550
2       38.0316    41.3546    45.2052    59.8249    96.3872   135.8638   162.1926   175.9561   195.5499
3       38.3981    44.9524    48.2127    55.8585    67.9005    83.4720   100.6730   110.3713   125.7189
4        9.1207    11.5192    12.2711    13.4437    15.3288    17.6328    20.0485    21.6529    24.6195
5        3.5827     4.1719     4.4921     4.9959     5.6160     6.3482     7.2245     7.9391     9.6029
6        0.4149     0.5608     0.6272     0.7261     0.8413     0.9671     1.1290     1.2556     1.8937
7        0.1086     0.1326     0.1478     0.1857     0.2236     0.2769     0.3621     0.4211     0.7336
8        0.0294     0.0431     0.0502     0.0611     0.0813     0.1090     0.1583     0.1861     0.4872
9        0.0032     0.0055     0.0067     0.0093     0.0141     0.0207     0.0297     0.0391     0.1495
10        0.0011     0.0029     0.0036     0.0058     0.0106     0.0163     0.0259     0.0430     0.2626
11        0.0000     0.0001     0.0002     0.0004     0.0009     0.0015     0.0024     0.0036     0.0282
12        0.0000     0.0001     0.0001     0.0002     0.0005     0.0007     0.0016     0.0027     0.0329
13        0.0000     0.0000     0.0000     0.0000     0.0002     0.0003     0.0006     0.0009     0.0279
14        0.0000     0.0000     0.0000     0.0000     0.0000     0.0000     0.0001     0.0001     0.0039
15+       0.0000     0.0000     0.0000     0.0000     0.0000     0.0000     0.0000     0.0001     0.0084

2024

Age        1%         5%         10%        25%        50%        75%        90%        95%        99%    
1       68.6554    70.7329    79.0644   104.8522   168.5246   236.7007   279.9057   306.8874   325.5626
2       38.0293    41.2708    45.2094    59.9374    96.6082   135.9995   162.2445   176.2725   196.9603
3       16.8411    18.6386    20.4247    26.9381    43.2640    61.0015    73.5850    79.8091    90.5887
4       13.0568    15.2803    16.4511    19.1249    23.3370    28.7303    34.6209    38.0372    43.6928
5        2.7507     3.4384     3.6828     4.0711     4.6527     5.3653     6.1151     6.6051     7.5609
6        1.0256     1.1930     1.2881     1.4374     1.6239     1.8427     2.1016     2.3065     2.8024
7        0.1203     0.1609     0.1799     0.2094     0.2434     0.2814     0.3286     0.3672     0.5487
8        0.0320     0.0390     0.0438     0.0547     0.0663     0.0825     0.1080     0.1258     0.2173
9        0.0089     0.0131     0.0152     0.0187     0.0249     0.0336     0.0486     0.0572     0.1492
10        0.0011     0.0017     0.0021     0.0029     0.0045     0.0066     0.0094     0.0125     0.0481
11        0.0004     0.0009     0.0012     0.0019     0.0034     0.0053     0.0085     0.0139     0.0841
12        0.0000     0.0000     0.0001     0.0001     0.0003     0.0005     0.0008     0.0012     0.0093
13        0.0000     0.0000     0.0000     0.0001     0.0002     0.0003     0.0005     0.0009     0.0111
14        0.0000     0.0000     0.0000     0.0000     0.0001     0.0001     0.0002     0.0003     0.0097
15+       0.0000     0.0000     0.0000     0.0000     0.0000     0.0000     0.0000     0.0001     0.0044

2025

Age        1%         5%         10%        25%        50%        75%        90%        95%        99%    
1       68.6493    70.7863    79.1285   104.6934   168.5347   236.4468   278.6870   305.9879   324.9879
2       38.0640    41.3314    45.3231    59.9325    96.5576   136.2264   162.6196   176.6974   198.0592
3       16.8017    18.6322    20.3942    27.0024    43.3487    61.0641    73.5992    79.9006    91.1937
4        5.6637     6.3757     7.0067     9.2285    14.7670    20.8279    25.3338    27.5495    31.7104
5        3.9325     4.5943     4.9686     5.7939     7.0792     8.7241    10.5078    11.5939    13.3725
6        0.7919     0.9804     1.0544     1.1744     1.3443     1.5563     1.7775     1.9245     2.2167
7        0.2935     0.3416     0.3691     0.4139     0.4700     0.5366     0.6140     0.6726     0.8198
8        0.0357     0.0473     0.0529     0.0618     0.0722     0.0840     0.0982     0.1102     0.1620
9        0.0097     0.0118     0.0134     0.0167     0.0203     0.0255     0.0333     0.0388     0.0666
10        0.0028     0.0041     0.0048     0.0059     0.0079     0.0107     0.0154     0.0182     0.0472
11        0.0003     0.0006     0.0007     0.0010     0.0014     0.0021     0.0030     0.0041     0.0157
12        0.0001     0.0003     0.0004     0.0006     0.0011     0.0018     0.0028     0.0046     0.0275
13        0.0000     0.0000     0.0000     0.0000     0.0001     0.0002     0.0003     0.0004     0.0031
14        0.0000     0.0000     0.0000     0.0000     0.0001     0.0001     0.0002     0.0003     0.0038
15+       0.0000     0.0000     0.0000     0.0000     0.0000     0.0000     0.0001     0.0001     0.0050

2026

Age        1%         5%         10%        25%        50%        75%        90%        95%        99%    
1       68.6364    70.6023    78.9761   104.5020   168.3758   236.0904   279.0507   305.7263   325.0025
2       38.1071    41.3474    45.2797    59.8633    96.5127   136.0601   162.0784   176.0651   196.0523
3       16.8470    18.6731    20.4149    26.9929    43.3606    61.2739    73.7295    80.1529    91.5054
4        5.6636     6.3737     7.0114     9.2427    14.8061    20.8751    25.3857    27.6032    31.9842
5        1.6963     1.9272     2.1224     2.7947     4.4608     6.2964     7.7060     8.4053     9.7826
6        1.1272     1.3178     1.4279     1.6712     2.0475     2.5279     3.0494     3.3719     3.9158
7        0.2273     0.2794     0.3018     0.3385     0.3892     0.4521     0.5186     0.5611     0.6495
8        0.0857     0.1001     0.1082     0.1222     0.1396     0.1602     0.1836     0.2016     0.2448
9        0.0109     0.0144     0.0161     0.0188     0.0221     0.0259     0.0303     0.0342     0.0498
10        0.0030     0.0037     0.0042     0.0052     0.0064     0.0081     0.0106     0.0124     0.0210
11        0.0009     0.0013     0.0015     0.0019     0.0026     0.0035     0.0050     0.0059     0.0153
12        0.0001     0.0002     0.0002     0.0003     0.0005     0.0007     0.0010     0.0014     0.0052
13        0.0000     0.0001     0.0001     0.0002     0.0004     0.0006     0.0010     0.0015     0.0094
14        0.0000     0.0000     0.0000     0.0000     0.0000     0.0001     0.0001     0.0001     0.0011
15+       0.0000     0.0000     0.0000     0.0000     0.0000     0.0000     0.0001     0.0002     0.0030

2027

Age        1%         5%         10%        25%        50%        75%        90%        95%        99%    
1       68.6275    70.5724    78.8856   104.3641   168.3636   236.0841   278.4145   305.8265   325.0423
2       38.0226    41.3148    45.1896    59.7750    96.3742   135.8623   162.2375   176.0477   196.3456
3       16.8315    18.6594    20.4530    26.9804    43.3367    61.1310    73.5825    79.7885    90.6618
4        5.6718     6.3830     6.9958     9.2462    14.8219    20.9017    25.4096    27.6210    32.0995
5        1.6902     1.9254     2.1205     2.7981     4.4704     6.3015     7.7187     8.4097     9.8774
6        0.4834     0.5550     0.6125     0.8059     1.2864     1.8154     2.2340     2.4432     2.8712
7        0.3216     0.3779     0.4110     0.4828     0.5925     0.7340     0.8865     0.9821     1.1471
8        0.0670     0.0816     0.0885     0.1001     0.1155     0.1349     0.1549     0.1683     0.1955
9        0.0259     0.0303     0.0328     0.0372     0.0428     0.0494     0.0569     0.0624     0.0758
10        0.0034     0.0045     0.0050     0.0059     0.0070     0.0082     0.0097     0.0109     0.0157
11        0.0010     0.0012     0.0014     0.0017     0.0021     0.0026     0.0035     0.0041     0.0068
12        0.0003     0.0004     0.0005     0.0006     0.0008     0.0012     0.0017     0.0020     0.0051
13        0.0000     0.0001     0.0001     0.0001     0.0002     0.0002     0.0003     0.0005     0.0017
14        0.0000     0.0000     0.0000     0.0001     0.0001     0.0002     0.0003     0.0005     0.0032
15+       0.0000     0.0000     0.0000     0.0000     0.0000     0.0000     0.0001     0.0001     0.0014

2028

Age        1%         5%         10%        25%        50%        75%        90%        95%        99%    
1       68.6348    70.6934    78.9946   104.5176   168.4115   235.6139   277.9572   305.6214   325.0321
2       37.9847    41.2529    45.1422    59.6565    96.3926   135.9289   161.8841   175.8719   196.3631
3       16.8340    18.6474    20.3901    26.9094    43.2424    61.0351    73.5554    79.8851    90.8231
4        5.6790     6.3771     7.0183     9.2406    14.7909    20.8448    25.3029    27.5492    31.7658
5        1.6951     1.9278     2.1247     2.8013     4.4741     6.3138     7.7371     8.4260     9.8717
6        0.4824     0.5546     0.6130     0.8086     1.2886     1.8141     2.2366     2.4483     2.8988
7        0.1379     0.1597     0.1770     0.2333     0.3711     0.5237     0.6478     0.7137     0.8470
8        0.0941     0.1108     0.1210     0.1428     0.1758     0.2183     0.2646     0.2930     0.3452
9        0.0204     0.0246     0.0268     0.0305     0.0354     0.0415     0.0479     0.0522     0.0610
10        0.0081     0.0095     0.0103     0.0117     0.0135     0.0157     0.0182     0.0199     0.0242
11        0.0011     0.0014     0.0016     0.0019     0.0023     0.0027     0.0032     0.0036     0.0051
12        0.0003     0.0004     0.0004     0.0006     0.0007     0.0009     0.0011     0.0014     0.0023
13        0.0001     0.0001     0.0002     0.0002     0.0003     0.0004     0.0006     0.0007     0.0017
14        0.0000     0.0000     0.0000     0.0000     0.0001     0.0001     0.0001     0.0002     0.0006
15+       0.0000     0.0000     0.0000     0.0000     0.0001     0.0001     0.0001     0.0002     0.0016

2029

Age        1%         5%         10%        25%        50%        75%        90%        95%        99%    
1       68.6478    70.5262    78.9584   104.5490   168.3891   236.2353   278.4297   305.8814   324.7639
2       38.0524    41.3363    45.2059    59.8199    96.3186   135.6557   161.5537   175.5291   196.0772
3       16.7965    18.6048    20.3818    26.9115    43.3042    61.0461    73.4922    79.7362    90.8814
4        5.6545     6.3740     6.9982     9.2179    14.7487    20.8378    25.3398    27.5259    31.9193
5        1.6981     1.9255     2.1261     2.8007     4.4730     6.2987     7.7049     8.3996     9.8180
6        0.4830     0.5550     0.6141     0.8093     1.2909     1.8190     2.2427     2.4514     2.8970
7        0.1373     0.1595     0.1770     0.2341     0.3723     0.5235     0.6502     0.7141     0.8528
8        0.0402     0.0470     0.0525     0.0692     0.1097     0.1550     0.1933     0.2133     0.2562
9        0.0284     0.0336     0.0368     0.0437     0.0539     0.0672     0.0815     0.0906     0.1072
10        0.0063     0.0077     0.0084     0.0096     0.0112     0.0132     0.0153     0.0167     0.0196
11        0.0026     0.0030     0.0033     0.0038     0.0044     0.0051     0.0059     0.0065     0.0080
12        0.0004     0.0005     0.0005     0.0006     0.0008     0.0009     0.0011     0.0012     0.0017
13        0.0001     0.0001     0.0002     0.0002     0.0002     0.0003     0.0004     0.0005     0.0008
14        0.0000     0.0000     0.0001     0.0001     0.0001     0.0001     0.0002     0.0002     0.0006
15+       0.0000     0.0000     0.0000     0.0000     0.0000     0.0001     0.0001     0.0001     0.0008

2030

Age        1%         5%         10%        25%        50%        75%        90%        95%        99%    
1       68.6383    70.5184    78.9903   104.2840   168.3896   235.7653   278.9960   306.0818   324.9443
2       37.9642    41.1902    45.2090    59.8643    96.4622   135.9289   162.0017   175.9691   195.2656
3       16.8267    18.6219    20.3906    26.9121    43.2391    60.9302    73.3259    79.6354    90.5856
4        5.6587     6.3591     6.9966     9.1968    14.7811    20.8426    25.3279    27.5197    31.8564
5        1.6952     1.9257     2.1211     2.7932     4.4583     6.3006     7.7084     8.3986     9.8396
6        0.4837     0.5546     0.6144     0.8077     1.2891     1.8144     2.2340     2.4458     2.8856
7        0.1376     0.1596     0.1775     0.2340     0.3722     0.5246     0.6512     0.7156     0.8534
8        0.0400     0.0470     0.0525     0.0694     0.1101     0.1550     0.1938     0.2136     0.2580
9        0.0121     0.0143     0.0160     0.0212     0.0335     0.0474     0.0595     0.0658     0.0799
10        0.0088     0.0105     0.0116     0.0138     0.0170     0.0213     0.0259     0.0289     0.0343
11        0.0020     0.0025     0.0027     0.0031     0.0036     0.0043     0.0050     0.0055     0.0065
12        0.0008     0.0010     0.0011     0.0012     0.0015     0.0017     0.0020     0.0022     0.0027
13        0.0001     0.0002     0.0002     0.0002     0.0003     0.0003     0.0004     0.0004     0.0006
14        0.0000     0.0000     0.0001     0.0001     0.0001     0.0001     0.0001     0.0002     0.0003
15+       0.0000     0.0000     0.0000     0.0000     0.0000     0.0001     0.0001     0.0001     0.0005

2031

Age        1%         5%         10%        25%        50%        75%        90%        95%        99%    
1       68.6317    70.5903    78.9015   104.4625   168.3869   235.8819   278.6093   305.9926   324.7441
2       37.9833    41.2925    45.1772    59.6941    96.2090   135.9230   162.0155   176.2071   195.9474
3       16.7778    18.5813    20.3857    26.9463    43.2873    61.1669    73.5250    79.7686    90.5798
4        5.6531     6.3670     7.0023     9.2149    14.7712    20.8007    25.2748    27.4450    31.7494
5        1.6889     1.9240     2.1231     2.7844     4.4630     6.3109     7.7010     8.3929     9.8358
6        0.4822     0.5543     0.6134     0.8064     1.2851     1.8135     2.2353     2.4442     2.8821
7        0.1375     0.1597     0.1778     0.2337     0.3718     0.5236     0.6483     0.7137     0.8494
8        0.0402     0.0471     0.0527     0.0695     0.1102     0.1552     0.1941     0.2140     0.2570
9        0.0121     0.0143     0.0160     0.0212     0.0336     0.0474     0.0596     0.0660     0.0806
10        0.0038     0.0045     0.0051     0.0067     0.0106     0.0150     0.0189     0.0210     0.0256
11        0.0028     0.0034     0.0037     0.0045     0.0055     0.0069     0.0085     0.0094     0.0113
12        0.0007     0.0008     0.0009     0.0010     0.0012     0.0014     0.0017     0.0018     0.0022
13        0.0003     0.0003     0.0004     0.0004     0.0005     0.0006     0.0007     0.0007     0.0009
14        0.0000     0.0001     0.0001     0.0001     0.0001     0.0001     0.0001     0.0001     0.0002
15+       0.0000     0.0000     0.0000     0.0000     0.0000     0.0001     0.0001     0.0001     0.0003

2032

Age        1%         5%         10%        25%        50%        75%        90%        95%        99%    
1       68.6386    70.5932    79.0037   104.5393   168.4406   236.2838   279.0563   305.8135   324.9847
2       37.9668    41.2588    45.1650    59.7721    96.1726   135.7329   162.0426   176.0128   195.6957
3       16.7708    18.6323    20.3835    26.9008    43.2094    61.0878    73.5723    79.8734    90.5233
4        5.6430     6.3575     6.9933     9.2197    14.7776    20.8596    25.3295    27.5348    31.7763
5        1.6942     1.9221     2.1241     2.7927     4.4622     6.2754     7.6814     8.3745     9.7806
6        0.4817     0.5535     0.6132     0.8044     1.2851     1.8173     2.2350     2.4428     2.8860
7        0.1377     0.1596     0.1774     0.2336     0.3705     0.5225     0.6500     0.7126     0.8502
8        0.0401     0.0471     0.0527     0.0694     0.1099     0.1550     0.1931     0.2134     0.2559
9        0.0121     0.0143     0.0161     0.0213     0.0337     0.0475     0.0597     0.0661     0.0808
10        0.0038     0.0045     0.0051     0.0067     0.0106     0.0150     0.0189     0.0211     0.0258
11        0.0012     0.0014     0.0016     0.0022     0.0034     0.0049     0.0061     0.0069     0.0084
12        0.0009     0.0011     0.0012     0.0015     0.0018     0.0023     0.0028     0.0031     0.0038
13        0.0002     0.0003     0.0003     0.0003     0.0004     0.0005     0.0006     0.0006     0.0007
14        0.0001     0.0001     0.0001     0.0001     0.0002     0.0002     0.0002     0.0003     0.0003
15+       0.0000     0.0000     0.0000     0.0000     0.0000     0.0001     0.0001     0.0001     0.0002

2033

Age        1%         5%         10%        25%        50%        75%        90%        95%        99%    
1       68.6348    70.6370    78.8900   104.3853   168.4406   236.2718   278.5176   305.9219   324.9987
2       38.0067    41.2760    45.1853    59.8531    96.4900   135.9739   162.1998   176.1019   196.0690
3       16.7406    18.6107    20.3858    26.9125    43.1717    61.0443    73.5974    79.7735    90.4720
4        5.6536     6.3737     7.0005     9.2055    14.7571    20.8009    25.3836    27.5931    31.8698
5        1.6852     1.9200     2.1193     2.7925     4.4651     6.3051     7.7015     8.3973     9.7728
6        0.4831     0.5530     0.6134     0.8062     1.2858     1.8101     2.2293     2.4374     2.8727
7        0.1376     0.1594     0.1773     0.2326     0.3707     0.5243     0.6486     0.7121     0.8474
8        0.0401     0.0471     0.0526     0.0692     0.1096     0.1549     0.1934     0.2132     0.2563
9        0.0121     0.0143     0.0161     0.0213     0.0336     0.0475     0.0595     0.0659     0.0799
10        0.0038     0.0045     0.0051     0.0067     0.0106     0.0150     0.0190     0.0211     0.0260
11        0.0012     0.0015     0.0016     0.0022     0.0034     0.0049     0.0062     0.0069     0.0085
12        0.0004     0.0005     0.0005     0.0007     0.0011     0.0016     0.0020     0.0023     0.0028
13        0.0003     0.0004     0.0004     0.0005     0.0006     0.0008     0.0010     0.0011     0.0013
14        0.0001     0.0001     0.0001     0.0001     0.0001     0.0002     0.0002     0.0002     0.0003
15+       0.0000     0.0000     0.0001     0.0001     0.0001     0.0001     0.0001     0.0001     0.0002

2034

Age        1%         5%         10%        25%        50%        75%        90%        95%        99%    
1       68.6270    70.5184    78.8416   104.6195   168.4821   235.8405   278.9341   306.0568   325.1232
2       38.0780    41.2693    45.1658    59.6389    96.3948   136.0258   162.0404   176.0529   195.9963
3       16.8263    18.6447    20.3942    26.9648    43.2675    61.1751    73.6788    79.7866    90.5230
4        5.6436     6.3542     6.9858     9.2188    14.7389    20.8268    25.3456    27.5154    31.7717
5        1.6935     1.9231     2.1211     2.7885     4.4611     6.2896     7.7188     8.4122     9.8150
6        0.4808     0.5527     0.6122     0.8072     1.2860     1.8175     2.2365     2.4429     2.8668
7        0.1374     0.1594     0.1773     0.2335     0.3701     0.5223     0.6484     0.7118     0.8455
8        0.0402     0.0470     0.0526     0.0691     0.1097     0.1551     0.1935     0.2133     0.2554
9        0.0121     0.0143     0.0161     0.0212     0.0335     0.0474     0.0595     0.0659     0.0803
10        0.0038     0.0045     0.0051     0.0067     0.0106     0.0150     0.0189     0.0210     0.0256
11        0.0012     0.0015     0.0016     0.0022     0.0034     0.0049     0.0062     0.0069     0.0085
12        0.0004     0.0005     0.0005     0.0007     0.0011     0.0016     0.0020     0.0023     0.0028
13        0.0001     0.0002     0.0002     0.0002     0.0004     0.0005     0.0007     0.0008     0.0010
14        0.0001     0.0001     0.0001     0.0002     0.0002     0.0003     0.0003     0.0004     0.0004
15+       0.0000     0.0000     0.0001     0.0001     0.0001     0.0001     0.0001     0.0001     0.0001

Probability Spawning Stock Biomass Exceeds Threshold      3.660 (1000 MT)

Year    Probability

2021    0.018010
2022    0.016410
2023    0.124320
2024    0.051860
2025    0.030140
2026    0.025320
2027    0.022520
2028    0.021700
2029    0.021370
2030    0.021420
2031    0.021160
2032    0.022250
2033    0.021370
2034    0.021450

Probability Threshold Exceeded at Least Once =     0.2409

Probability Total Fishing Mortality Exceeds Threshold     0.8413 

Year    Probability

2021    1.000000
2022    1.000000
2023    1.000000
2024    1.000000
2025    1.000000
2026    1.000000
2027    1.000000
2028    1.000000
2029    1.000000
2030    1.000000
2031    1.000000
2032    1.000000
2033    1.000000
2034    1.000000

Probability Threshold Exceeded at Least Once =     1.0000


Requested Percentile Report

Percentile =    40.00 %

                                 2021       2022       2023       2024       2025       2026       2027       2028       2029       2030       2031       2032       2033       2034 

Recruits                     143.6523   145.0573   145.2528   144.7502   144.4950   143.5485   143.9710   144.4972   144.3362   143.1473   144.0956   143.8317   144.8277   144.7412 
Spawning Stock Biomass         2.1351     2.4768     2.7188     2.3576     2.1751     2.1070     2.0812     2.0724     2.0702     2.0679     2.0689     2.0683     2.0694     2.0691 
Jan-1 Stock Biomass            8.8079     8.8656     8.3554     7.7811     7.4819     7.3538     7.3133     7.3010     7.2928     7.2865     7.2847     7.2867     7.2872     7.2983 
Mean Biomass                   7.9129     7.6138     7.0338     6.5965     6.3944     6.3126     6.2873     6.2788     6.2758     6.2690     6.2722     6.2625     6.2712     6.2795 
Combined Catch Biomass         2.8201     3.2402     3.1512     2.8572     2.6921     2.6290     2.6077     2.5986     2.5983     2.5944     2.5928     2.5954     2.5922     2.5967 
Landings                       2.8201     3.2402     3.1512     2.8572     2.6921     2.6290     2.6077     2.5986     2.5983     2.5944     2.5928     2.5954     2.5922     2.5967 
FMort                          1.0794     1.0794     1.0794     1.0794     1.0794     1.0794     1.0794     1.0794     1.0794     1.0794     1.0794     1.0794     1.0794     1.0794 

Stock Numbers at Age
Age 1                        244.9740   143.6523   145.0573   145.2528   144.7502   144.4950   143.5485   143.9710   144.4972   144.3362   143.1473   144.0956   143.8317   144.8277 
Age 2                         93.8626   140.1690    82.5619    83.1593    83.1863    83.0606    82.9353    82.3961    82.4055    82.9515    82.8475    82.0993    82.5337    82.3886 
Age 3                         51.2273    42.4411    63.2255    37.1292    37.3240    37.4024    37.3664    37.2711    37.0458    37.0824    37.2290    37.1878    36.9434    37.1065 
Age 4                          9.1703    17.7001    14.5489    21.6384    12.6803    12.7247    12.7465    12.7361    12.7040    12.6594    12.6447    12.7103    12.6958    12.6228 
Age 5                          2.4696     2.7638     5.3685     4.4114     6.5577     3.8228     3.8407     3.8485     3.8419     3.8345     3.8229     3.8182     3.8354     3.8314 
Age 6                          0.8492     0.7221     0.7976     1.5503     1.2755     1.8920     1.0990     1.1038     1.1060     1.1047     1.1036     1.0978     1.0998     1.1041 
Age 7                          0.1227     0.2451     0.2089     0.2302     0.4482     0.3686     0.5471     0.3163     0.3183     0.3189     0.3182     0.3180     0.3168     0.3167 
Age 8                          0.0902     0.0370     0.0727     0.0619     0.0681     0.1327     0.1093     0.1622     0.0935     0.0940     0.0941     0.0939     0.0938     0.0935 
Age 9                          0.0063     0.0279     0.0114     0.0223     0.0189     0.0208     0.0406     0.0335     0.0497     0.0285     0.0287     0.0287     0.0287     0.0286 
Age 10                          0.0032     0.0020     0.0088     0.0036     0.0070     0.0060     0.0066     0.0128     0.0106     0.0157     0.0090     0.0090     0.0090     0.0090 
Age 11                          0.0009     0.0011     0.0007     0.0029     0.0012     0.0023     0.0019     0.0021     0.0042     0.0034     0.0051     0.0029     0.0029     0.0029 
Age 12                          0.0001     0.0003     0.0003     0.0002     0.0009     0.0004     0.0008     0.0006     0.0007     0.0014     0.0011     0.0017     0.0010     0.0010 
Age 13                          0.0000     0.0000     0.0001     0.0001     0.0001     0.0003     0.0001     0.0003     0.0002     0.0002     0.0005     0.0004     0.0006     0.0003 
Age 14                          0.0000     0.0000     0.0000     0.0000     0.0000     0.0000     0.0001     0.0000     0.0001     0.0001     0.0001     0.0002     0.0001     0.0002 
Age 15                          0.0000     0.0000     0.0000     0.0000     0.0000     0.0000     0.0000     0.0000     0.0000     0.0000     0.0000     0.0000     0.0001     0.0001 
