AGEPRO VERSION 4.2

Phased_Q_240022252100

Date & Time of Run: 22 May 2024  08:53

Input File Name:    Scenario6_1000.inp

First Age Class:                         1
Number of Age Classes:                  15
Number of Years in Projection:          14
Number of Fleets:                        9
Number of Recruitment Models:            3
Number of Bootstraps:                  100
Number of Simulations:                1000

Bootstrap File Name:            C:\Users\jon.brodziak\Desktop\2024 WCNPO MLS Rebuilding\Bootstrap-numbers-at-age\2023_WCNPOMLS.bsn

Number of Feasible Solutions:      99650  of     100000 Realizations

Input Harvest Scenario

Year  Type        Fleet-1    Fleet-2    Fleet-3    Fleet-4    Fleet-5    Fleet-6    Fleet-7    Fleet-8    Fleet-9    

2021  F-Mult       0.1651     0.0453     0.2588     0.0166     0.0610     0.0487     0.0642     0.0722     0.3475 
2022  F-Mult       0.1651     0.0453     0.2588     0.0166     0.0610     0.0487     0.0642     0.0722     0.3475 
2023  F-Mult       0.1651     0.0453     0.2588     0.0166     0.0610     0.0487     0.0642     0.0722     0.3475 
2024  F-Mult       0.1651     0.0453     0.2588     0.0166     0.0610     0.0487     0.0642     0.0722     0.3475 
2025  Landings        344        137        713         63        208         93        180        324        337 
2026  Landings        344        137        713         63        208         93        180        324        337 
2027  Landings        344        137        713         63        208         93        180        324        337 
2028  Landings        319        127        661         59        193         86        167        300        312 
2029  Landings        319        127        661         59        193         86        167        300        312 
2030  Landings        319        127        661         59        193         86        167        300        312 
2031  Landings        319        127        661         59        193         86        167        300        312 
2032  Landings        301        119        624         56        182         82        157        283        295 
2033  Landings        301        119        624         56        182         82        157        283        295 
2034  Landings        301        119        624         56        182         82        157        283        295 

Recruitment Selection Distribution

Year  Selection-1 Selection-2 Selection-3 

2021      0.1210     0.8391     0.0400 
2022      0.1209     0.8378     0.0412 
2023      0.1192     0.8400     0.0408 
2024      0.1196     0.8413     0.0391 
2025      0.1211     0.8381     0.0408 
2026      0.1191     0.8410     0.0399 
2027      0.1184     0.8417     0.0399 
2028      0.1199     0.8402     0.0399 
2029      0.1213     0.8376     0.0412 
2030      0.1217     0.8391     0.0392 
2031      0.1204     0.8399     0.0396 
2032      0.1203     0.8400     0.0397 
2033      0.1217     0.8383     0.0400 
2034      0.1207     0.8386     0.0406 

Recruits        1000  Fish

Year Class   Average        StdDev
2021        173.3446       81.0520
2022        173.5651       81.4476
2023        173.5236       81.7091
2024        173.2571       80.9428
2025        173.5079       80.8952
2026        173.0419       80.8080
2027        173.1632       80.1646
2028        173.1525       81.5694
2029        173.1495       80.6474
2030        173.2586       81.1531
2031        173.6485       82.1424
2032        173.7571       82.4523
2033        173.6617       82.9350
2034        173.8561       82.6307

Recruits Distribution

Year Class 1%         5%         10%        25%        50%        75%        90%        95%        99%    
2021    68.6544    70.8539    79.1548   105.1233   168.5084   236.4603   278.6672   305.8125   325.0616
2022    68.6592    70.8254    79.1537   104.9317   168.4841   236.2972   279.0343   305.9601   325.3476
2023    68.6306    70.5011    78.9828   104.5492   168.4907   236.0778   279.3858   306.2734   325.6445
2024    68.6369    70.5246    78.9769   104.4181   168.4847   236.1830   279.2518   306.5434   325.2281
2025    68.6349    70.6264    79.0184   104.7211   168.5068   236.3205   279.4442   306.3766   325.3523
2026    68.6357    70.7619    79.0779   104.7889   168.4073   235.7868   279.0044   306.2536   325.0075
2027    68.6254    70.6461    79.0574   104.9899   168.4924   236.0426   278.0705   305.3986   325.0743
2028    68.6217    70.7171    79.0440   104.7899   168.3826   236.1205   278.7690   306.4254   325.4188
2029    68.6388    70.6476    79.0043   104.6317   168.4631   236.0356   279.1074   306.0732   325.2016
2030    68.6325    70.6341    79.1004   104.6906   168.4944   236.0182   278.6771   305.8198   325.3260
2031    68.6516    70.5253    78.8953   104.8523   168.5294   236.4727   278.7548   306.4562   325.5645
2032    68.6264    70.4715    78.8416   104.6875   168.5163   236.7921   279.9567   306.9277   325.6310
2033    68.6555    70.6307    79.0408   104.8179   168.4311   236.6401   280.1952   306.3985   325.6412
2034    68.6456    70.5717    78.8920   104.6516   168.4559   236.7921   280.1544   306.7196   336.6817

Spawning Stock Biomass  x       1000 MT

Year       Average        StdDev
2021        2.2960        0.4579
2022        2.6087        0.4295
2023        2.9387        0.6092
2024        2.5869        0.6372
2025        2.5737        0.8767
2026        2.8114        1.2897
2027        3.0342        1.5666
2028        3.2730        1.7398
2029        3.5128        1.8575
2030        3.7076        1.9358
2031        3.8598        1.9946
2032        4.0240        2.0365
2033        4.1983        2.0737
2034        4.3437        2.1083

Spawning Stock Biomass Distribution

Year        1%         5%         10%        25%        50%        75%        90%        95%        99%   
2021     1.4707     1.7244     1.8304     2.0004     2.2272     2.5119     2.8097     3.0313     4.1615 
2022     1.7545     1.9586     2.0849     2.3113     2.5773     2.8557     3.1914     3.4037     3.7576 
2023     1.8395     2.0715     2.2120     2.4947     2.8691     3.3036     3.7619     4.0693     4.6132 
2024     1.4591     1.6858     1.8306     2.1241     2.5208     2.9853     3.4071     3.6741     4.2432 
2025     1.0086     1.3252     1.5361     1.9441     2.4888     3.1104     3.6972     4.0582     4.8609 
2026     0.5563     0.9951     1.2905     1.8837     2.6788     3.5868     4.4562     5.0057     6.2385 
2027     0.3441     0.8371     1.1875     1.9016     2.8688     3.9598     5.0335     5.7152     7.3282 
2028     0.2947     0.8314     1.2144     2.0166     3.0874     4.3031     5.5020     6.2807     8.1411 
2029     0.3156     0.8903     1.3181     2.1687     3.3159     4.6146     5.9019     6.7352     8.7321 
2030     0.3242     0.9644     1.4030     2.3149     3.5038     4.8560     6.1938     7.0659     9.1380 
2031     0.3287     1.0114     1.4857     2.4284     3.6658     5.0436     6.4157     7.3229     9.3872 
2032     0.3537     1.1043     1.5946     2.5686     3.8375     5.2364     6.6256     7.5555     9.6949 
2033     0.4100     1.2133     1.7257     2.7266     3.9925     5.4333     6.8513     7.8060     9.9773 
2034     0.4522     1.3053     1.8372     2.8567     4.1452     5.5832     7.0337     7.9875    10.1981 

JAN-1 Stock Biomass  x       1000 MT

Year       Average        StdDev
2021        9.2913        1.5938
2022        9.4650        1.8027
2023        8.9724        1.9236
2024        8.4018        1.9511
2025        8.0997        1.9608
2026        8.3949        2.3365
2027        8.6453        2.5879
2028        8.8523        2.7557
2029        9.1518        2.8716
2030        9.3904        2.9540
2031        9.5780        3.0149
2032        9.7280        3.0601
2033        9.9514        3.1037
2034       10.1306        3.1431

JAN-1 Stock Biomass Distribution

Year       1%         5%         10%        25%        50%        75%        90%        95%        99%    
2021     6.3315     6.9532     7.3668     8.1653     9.1614    10.1311    11.5415    12.2800    13.7190 
2022     6.0872     6.8067     7.2712     8.1821     9.3104    10.5830    11.8176    12.6069    14.2160 
2023     5.3757     6.1425     6.6423     7.6059     8.8354    10.1557    11.4183    12.2246    14.0181 
2024     4.7501     5.5390     6.0407     7.0201     8.2559     9.5853    10.8685    11.6979    13.5578 
2025     4.4117     5.2068     5.7240     6.7228     7.9534     9.2944    10.5716    11.3973    13.2668 
2026     3.8768     4.9059     5.5649     6.7664     8.2294     9.8195    11.3538    12.3312    14.6337 
2027     3.5865     4.7912     5.5176     6.8422     8.4628    10.2259    11.9193    13.0436    15.5921 
2028     3.4690     4.7478     5.5371     6.9347     8.6575    10.5245    12.3415    13.5379    16.3320 
2029     3.5003     4.8786     5.6923     7.1618     8.9501    10.8977    12.8037    14.0368    16.9040 
2030     3.5108     4.9847     5.8226     7.3520     9.1983    11.1894    13.1219    14.4044    17.2988 
2031     3.5206     5.0897     5.9531     7.5096     9.3890    11.4147    13.3678    14.6831    17.6719 
2032     3.5842     5.1752     6.0621     7.6414     9.5366    11.5755    13.5894    14.8839    17.9505 
2033     3.6484     5.3621     6.2519     7.8403     9.7573    11.8128    13.8361    15.1754    18.3462 
2034     3.7510     5.4882     6.4001     8.0106     9.9297    12.0245    14.0456    15.4209    18.6208 

Mean Biomass  x       1000 MT

Year       Average        StdDev
2021        8.4061        1.5254
2022        8.1993        1.7159
2023        7.6184        1.7914
2024        7.1804        1.8075
2025        7.2144        2.0861
2026        7.4976        2.4199
2027        7.7266        2.6286
2028        7.9934        2.7637
2029        8.2658        2.8659
2030        8.4803        2.9326
2031        8.6471        2.9794
2032        8.8429        3.0239
2033        9.0470        3.0625
2034        9.2062        3.0978

Mean Biomass Distribution

Year       1%         5%         10%        25%        50%        75%        90%        95%        99%    
2021     5.6424     6.1826     6.5624     7.2810     8.2811     9.2694    10.5370    11.2559    12.5702 
2022     5.0655     5.6912     6.1137     6.9646     8.0470     9.2753    10.4271    11.1515    12.6841 
2023     4.3397     5.0109     5.4577     6.3383     7.4791     8.7162     9.8990    10.6399    12.2714 
2024     3.8789     4.5471     5.0083     5.8917     7.0319     8.2765     9.4838    10.2362    11.9334 
2025     3.2918     4.1378     4.6860     5.7424     7.0679     8.4854     9.8539    10.7218    12.7445 
2026     2.8189     3.8954     4.5630     5.8109     7.3284     8.9751    10.5512    11.5786    14.0174 
2027     2.5637     3.8033     4.5425     5.8943     7.5473     9.3295    11.0446    12.1860    14.8067 
2028     2.5579     3.8859     4.6629     6.0734     7.8018     9.6672    11.5149    12.6853    15.4607 
2029     2.6134     3.9915     4.8120     6.2805     8.0718    10.0161    11.9030    13.1089    16.0019 
2030     2.6239     4.0956     4.9426     6.4536     8.3080    10.2620    12.1867    13.4545    16.2964 
2031     2.6468     4.2073     5.0609     6.5946     8.4649    10.4674    12.3949    13.6828    16.6566 
2032     2.7376     4.3398     5.2232     6.7784     8.6489    10.6703    12.6288    13.9521    16.9654 
2033     2.8397     4.5138     5.3862     6.9664     8.8546    10.8749    12.8785    14.2130    17.4518 
2034     2.9531     4.6272     5.5171     7.1122     9.0033    11.0626    13.0832    14.3894    17.6803 

Combined Catch Biomass  x       1000 MT

Year       Average        StdDev
2021        2.9747        0.4782
2022        3.4198        0.5696
2023        3.3760        0.6694
2024        3.0831        0.6974
2025        2.4000        0.0000
2026        2.4000        0.0000
2027        2.3991        0.0455
2028        2.2230        0.0675
2029        2.2214        0.0895
2030        2.2202        0.1031
2031        2.2191        0.1142
2032        2.0937        0.1147
2033        2.0931        0.1203
2034        2.0926        0.1240

Combined Catch Distribution

Year       1%         5%         10%        25%        50%        75%        90%        95%        99%    
2021     1.9717     2.3538     2.4542     2.6625     2.9134     3.2328     3.5478     3.7875     4.7244 
2022     2.3589     2.5762     2.7218     3.0001     3.3835     3.7489     4.2109     4.4900     4.9347 
2023     2.1359     2.3934     2.5600     2.8950     3.3212     3.7974     4.2473     4.5241     5.1082 
2024     1.7959     2.0627     2.2374     2.5846     3.0312     3.5124     3.9696     4.2587     4.8811 
2025     2.4000     2.4000     2.4000     2.4000     2.4000     2.4000     2.4000     2.4000     2.4000 
2026     2.4000     2.4000     2.4000     2.4000     2.4000     2.4000     2.4000     2.4000     2.4000 
2027     2.4000     2.4000     2.4000     2.4000     2.4000     2.4000     2.4000     2.4000     2.4000 
2028     2.2250     2.2250     2.2250     2.2250     2.2250     2.2250     2.2250     2.2250     2.2250 
2029     2.2250     2.2250     2.2250     2.2250     2.2250     2.2250     2.2250     2.2250     2.2250 
2030     2.2250     2.2250     2.2250     2.2250     2.2250     2.2250     2.2250     2.2250     2.2250 
2031     2.2250     2.2250     2.2250     2.2250     2.2250     2.2250     2.2250     2.2250     2.2250 
2032     2.1000     2.1000     2.1000     2.1000     2.1000     2.1000     2.1000     2.1000     2.1000 
2033     2.1000     2.1000     2.1000     2.1000     2.1000     2.1000     2.1000     2.1000     2.1000 
2034     2.1000     2.1000     2.1000     2.1000     2.1000     2.1000     2.1000     2.1000     2.1000 

Landings  x       1000 MT

Year       Average        StdDev
2021        2.9747        0.4782
2022        3.4198        0.5696
2023        3.3760        0.6694
2024        3.0831        0.6974
2025        2.4000        0.0000
2026        2.4000        0.0000
2027        2.3991        0.0455
2028        2.2230        0.0675
2029        2.2214        0.0895
2030        2.2202        0.1031
2031        2.2191        0.1142
2032        2.0937        0.1147
2033        2.0931        0.1203
2034        2.0926        0.1240

Landings Distribution

Year       1%         5%         10%        25%        50%        75%        90%        95%        99%    
2021     1.9717     2.3538     2.4542     2.6625     2.9134     3.2328     3.5478     3.7875     4.7244 
2022     2.3589     2.5762     2.7218     3.0001     3.3835     3.7489     4.2109     4.4900     4.9347 
2023     2.1359     2.3934     2.5600     2.8950     3.3212     3.7974     4.2473     4.5241     5.1082 
2024     1.7959     2.0627     2.2374     2.5846     3.0312     3.5124     3.9696     4.2587     4.8811 
2025     2.4000     2.4000     2.4000     2.4000     2.4000     2.4000     2.4000     2.4000     2.4000 
2026     2.4000     2.4000     2.4000     2.4000     2.4000     2.4000     2.4000     2.4000     2.4000 
2027     2.4000     2.4000     2.4000     2.4000     2.4000     2.4000     2.4000     2.4000     2.4000 
2028     2.2250     2.2250     2.2250     2.2250     2.2250     2.2250     2.2250     2.2250     2.2250 
2029     2.2250     2.2250     2.2250     2.2250     2.2250     2.2250     2.2250     2.2250     2.2250 
2030     2.2250     2.2250     2.2250     2.2250     2.2250     2.2250     2.2250     2.2250     2.2250 
2031     2.2250     2.2250     2.2250     2.2250     2.2250     2.2250     2.2250     2.2250     2.2250 
2032     2.1000     2.1000     2.1000     2.1000     2.1000     2.1000     2.1000     2.1000     2.1000 
2033     2.1000     2.1000     2.1000     2.1000     2.1000     2.1000     2.1000     2.1000     2.1000 
2034     2.1000     2.1000     2.1000     2.1000     2.1000     2.1000     2.1000     2.1000     2.1000 

Total Fishing Mortality

Year       Average        StdDev
2021        1.0794        0.0000
2022        1.0794        0.0000
2023        1.0794        0.0000
2024        1.0794        0.0000
2025        0.9252        0.2934
2026        0.9444        0.4910
2027        0.9575        0.6918
2028        0.8621        0.7077
2029        0.8118        0.6762
2030        0.7735        0.6509
2031        0.7448        0.6314
2032        0.6710        0.5545
2033        0.6370        0.5071
2034        0.6122        0.4782

Total Fishing Mortality Distribution

Year       1%         5%         10%        25%        50%        75%        90%        95%        99%    
2021     1.0794     1.0794     1.0794     1.0794     1.0794     1.0794     1.0794     1.0794     1.0794 
2022     1.0794     1.0794     1.0794     1.0794     1.0794     1.0794     1.0794     1.0794     1.0794 
2023     1.0794     1.0794     1.0794     1.0794     1.0794     1.0794     1.0794     1.0794     1.0794 
2024     1.0794     1.0794     1.0794     1.0794     1.0794     1.0794     1.0794     1.0794     1.0794 
2025     0.4810     0.5682     0.6179     0.7186     0.8650     1.0690     1.3121     1.4909     1.8803 
2026     0.3905     0.4792     0.5321     0.6411     0.8172     1.0911     1.4867     1.8353     2.8287 
2027     0.3386     0.4264     0.4781     0.5890     0.7738     1.0827     1.5693     2.0616     3.7797 
2028     0.2866     0.3631     0.4096     0.5093     0.6762     0.9630     1.4353     1.9169     3.7701 
2029     0.2679     0.3410     0.3847     0.4783     0.6370     0.9081     1.3466     1.8040     3.5379 
2030     0.2576     0.3273     0.3685     0.4576     0.6070     0.8614     1.2816     1.7130     3.3438 
2031     0.2524     0.3173     0.3579     0.4428     0.5851     0.8300     1.2227     1.6324     3.2305 
2032     0.2323     0.2917     0.3281     0.4050     0.5322     0.7462     1.0915     1.4427     2.8462 
2033     0.2268     0.2838     0.3190     0.3922     0.5127     0.7111     1.0237     1.3456     2.5698 
2034     0.2209     0.2777     0.3115     0.3828     0.4978     0.6853     0.9864     1.2650     2.3778 

JAN-1 Stock Numbers at Age  -       1000  Fish

2021

Age        1%         5%         10%        25%        50%        75%        90%        95%        99%    
1      140.2370   175.0900   184.8320   216.7130   261.1480   317.3690   385.6290   409.5080   464.9250
2       58.9389    77.9477    80.8620    85.4451   100.4175   112.5240   125.3470   138.4980   148.4390
3       34.1986    41.3466    43.5177    47.9381    54.8765    60.4455    67.3245    74.4817    84.8335
4        4.4701     6.3288     7.3712     8.3369     9.5330    10.8358    12.5169    14.0136    20.6054
5        1.2938     1.6031     1.7337     2.2441     2.6907     3.2695     4.2092     4.8898     7.4995
6        0.2917     0.4842     0.6024     0.6936     0.9665     1.2287     1.8234     2.1765     5.0518
7        0.0278     0.0584     0.0739     0.1025     0.1591     0.2261     0.3164     0.3996     1.3049
8        0.0082     0.0292     0.0370     0.0584     0.1092     0.1670     0.2575     0.4456     2.1858
9        0.0003     0.0014     0.0021     0.0035     0.0085     0.0144     0.0223     0.0334     0.2402
10        0.0001     0.0005     0.0007     0.0015     0.0043     0.0069     0.0143     0.0242     0.2609
11        0.0000     0.0001     0.0002     0.0004     0.0014     0.0028     0.0051     0.0082     0.1988
12        0.0000     0.0000     0.0000     0.0000     0.0001     0.0003     0.0005     0.0008     0.0280
13        0.0000     0.0000     0.0000     0.0000     0.0000     0.0002     0.0003     0.0005     0.0316
14        0.0000     0.0000     0.0000     0.0000     0.0000     0.0000     0.0001     0.0001     0.0183
15+       0.0000     0.0000     0.0000     0.0000     0.0000     0.0000     0.0000     0.0000     0.0127

2022

Age        1%         5%         10%        25%        50%        75%        90%        95%        99%    
1       68.6544    70.8539    79.1548   105.1233   168.5084   236.4603   278.6672   305.8125   325.0616
2       85.7556   100.5764   107.0967   123.6893   150.4591   184.1524   222.6228   242.5976   275.3356
3       26.7214    34.4559    36.2077    39.2097    44.7374    51.1051    57.9775    62.7804    70.7736
4       11.9252    13.9206    14.9709    16.5263    18.5427    20.8313    23.6463    26.0034    31.4276
5        1.4369     1.9513     2.1955     2.5222     2.9116     3.3278     3.8964     4.3022     6.5445
6        0.3765     0.4630     0.5100     0.6459     0.7741     0.9522     1.2428     1.4517     2.4302
7        0.0982     0.1452     0.1715     0.2055     0.2739     0.3650     0.5311     0.6294     1.6388
8        0.0096     0.0178     0.0219     0.0304     0.0465     0.0674     0.0969     0.1263     0.4433
9        0.0029     0.0092     0.0114     0.0184     0.0337     0.0514     0.0813     0.1369     0.7793
10        0.0001     0.0004     0.0007     0.0011     0.0027     0.0046     0.0074     0.0111     0.0875
11        0.0000     0.0002     0.0002     0.0005     0.0014     0.0023     0.0049     0.0080     0.0971
12        0.0000     0.0000     0.0001     0.0001     0.0005     0.0009     0.0017     0.0028     0.0766
13        0.0000     0.0000     0.0000     0.0000     0.0000     0.0001     0.0002     0.0003     0.0109
14        0.0000     0.0000     0.0000     0.0000     0.0000     0.0001     0.0001     0.0002     0.0121
15+       0.0000     0.0000     0.0000     0.0000     0.0000     0.0000     0.0000     0.0001     0.0122

2023

Age        1%         5%         10%        25%        50%        75%        90%        95%        99%    
1       68.6592    70.8254    79.1537   104.9317   168.4841   236.2972   279.0343   305.9601   325.3476
2       38.0477    41.3262    45.3233    60.0315    96.4824   136.1083   162.2584   176.0663   196.8224
3       38.4812    44.9817    48.1980    55.8057    68.0043    83.5178   100.6674   110.5346   125.6184
4        9.1436    11.5339    12.2684    13.4640    15.3335    17.6072    20.0418    21.6850    24.5816
5        3.5856     4.1694     4.4936     4.9907     5.6216     6.3539     7.2264     7.9280     9.6001
6        0.4166     0.5608     0.6272     0.7259     0.8414     0.9670     1.1302     1.2549     1.8927
7        0.1088     0.1325     0.1475     0.1853     0.2237     0.2771     0.3622     0.4211     0.7260
8        0.0294     0.0430     0.0502     0.0610     0.0813     0.1091     0.1583     0.1862     0.4877
9        0.0031     0.0055     0.0067     0.0093     0.0142     0.0207     0.0297     0.0391     0.1506
10        0.0010     0.0029     0.0036     0.0058     0.0106     0.0163     0.0259     0.0430     0.2593
11        0.0000     0.0001     0.0002     0.0004     0.0009     0.0015     0.0024     0.0036     0.0286
12        0.0000     0.0001     0.0001     0.0002     0.0005     0.0007     0.0016     0.0026     0.0328
13        0.0000     0.0000     0.0000     0.0000     0.0002     0.0003     0.0006     0.0009     0.0275
14        0.0000     0.0000     0.0000     0.0000     0.0000     0.0000     0.0001     0.0001     0.0039
15+       0.0000     0.0000     0.0000     0.0000     0.0000     0.0000     0.0000     0.0001     0.0085

2024

Age        1%         5%         10%        25%        50%        75%        90%        95%        99%    
1       68.6306    70.5011    78.9828   104.5492   168.4907   236.0778   279.3858   306.2734   325.6445
2       37.9909    41.3614    45.3631    59.9801    96.6234   136.0285   162.3212   176.2629   197.3823
3       16.8417    18.6442    20.4503    27.0771    43.3153    61.1160    73.5807    79.9006    91.0646
4       13.0836    15.2575    16.4602    19.1322    23.3419    28.7249    34.5922    38.1434    43.6539
5        2.7584     3.4476     3.6834     4.0755     4.6507     5.3585     6.1107     6.6175     7.5700
6        1.0284     1.1926     1.2867     1.4369     1.6254     1.8450     2.1053     2.3050     2.7869
7        0.1203     0.1608     0.1798     0.2091     0.2434     0.2815     0.3290     0.3677     0.5496
8        0.0319     0.0390     0.0437     0.0547     0.0663     0.0827     0.1082     0.1258     0.2178
9        0.0090     0.0132     0.0152     0.0187     0.0249     0.0336     0.0487     0.0572     0.1505
10        0.0010     0.0017     0.0021     0.0029     0.0045     0.0066     0.0094     0.0124     0.0491
11        0.0003     0.0009     0.0012     0.0019     0.0034     0.0053     0.0085     0.0139     0.0837
12        0.0000     0.0000     0.0001     0.0001     0.0003     0.0005     0.0008     0.0012     0.0095
13        0.0000     0.0000     0.0000     0.0001     0.0002     0.0003     0.0005     0.0009     0.0112
14        0.0000     0.0000     0.0000     0.0000     0.0001     0.0001     0.0002     0.0003     0.0096
15+       0.0000     0.0000     0.0000     0.0000     0.0000     0.0000     0.0000     0.0001     0.0044

2025

Age        1%         5%         10%        25%        50%        75%        90%        95%        99%    
1       68.6369    70.5246    78.9769   104.4181   168.4847   236.1830   279.2518   306.5434   325.2281
2       38.0774    41.2896    45.1554    59.8501    96.5342   136.0412   162.3472   176.1220   198.8599
3       16.8348    18.6473    20.4294    27.0080    43.3713    61.1722    73.6969    79.9639    91.3741
4        5.6698     6.3814     7.0180     9.2767    14.7857    20.8657    25.3399    27.6170    31.9832
5        3.9377     4.5851     4.9655     5.7975     7.0855     8.7354    10.5186    11.6032    13.4125
6        0.7943     0.9804     1.0552     1.1756     1.3438     1.5549     1.7786     1.9253     2.2151
7        0.2941     0.3407     0.3683     0.4136     0.4699     0.5374     0.6138     0.6735     0.8163
8        0.0356     0.0472     0.0529     0.0618     0.0722     0.0839     0.0983     0.1103     0.1637
9        0.0097     0.0118     0.0134     0.0167     0.0203     0.0255     0.0333     0.0389     0.0670
10        0.0028     0.0041     0.0048     0.0059     0.0079     0.0107     0.0154     0.0182     0.0476
11        0.0003     0.0006     0.0007     0.0010     0.0014     0.0021     0.0031     0.0041     0.0158
12        0.0001     0.0003     0.0004     0.0006     0.0011     0.0018     0.0028     0.0046     0.0280
13        0.0000     0.0000     0.0000     0.0000     0.0001     0.0002     0.0003     0.0004     0.0032
14        0.0000     0.0000     0.0000     0.0000     0.0001     0.0001     0.0002     0.0003     0.0038
15+       0.0000     0.0000     0.0000     0.0000     0.0000     0.0000     0.0001     0.0001     0.0050

2026

Age        1%         5%         10%        25%        50%        75%        90%        95%        99%    
1       68.6349    70.6264    79.0184   104.7211   168.5068   236.3205   279.4442   306.3766   325.3523
2       37.4159    41.2772    45.1104    59.9579    97.2676   137.8542   165.4668   179.5404   201.8127
3       14.0360    17.3857    19.7136    26.9061    45.6598    67.7928    84.3705    92.6112   109.4780
4        4.0073     5.5631     6.6384     9.4123    16.4352    25.1805    32.7481    36.4164    44.0784
5        1.1892     1.7630     2.1442     3.0310     4.9711     7.4972     9.9440    11.2335    13.9635
6        0.8140     1.1776     1.3962     1.8040     2.3655     3.0822     3.8800     4.3977     5.3819
7        0.1751     0.2458     0.2881     0.3635     0.4525     0.5532     0.6581     0.7268     0.8726
8        0.0655     0.0905     0.1048     0.1308     0.1609     0.1944     0.2300     0.2555     0.3137
9        0.0094     0.0134     0.0158     0.0201     0.0251     0.0309     0.0375     0.0427     0.0604
10        0.0026     0.0037     0.0043     0.0056     0.0073     0.0094     0.0125     0.0150     0.0247
11        0.0009     0.0013     0.0016     0.0021     0.0029     0.0040     0.0058     0.0071     0.0178
12        0.0001     0.0002     0.0002     0.0003     0.0005     0.0008     0.0012     0.0016     0.0058
13        0.0000     0.0001     0.0001     0.0002     0.0004     0.0007     0.0011     0.0017     0.0106
14        0.0000     0.0000     0.0000     0.0000     0.0000     0.0001     0.0001     0.0002     0.0012
15+       0.0000     0.0000     0.0000     0.0000     0.0000     0.0000     0.0001     0.0002     0.0034

2027

Age        1%         5%         10%        25%        50%        75%        90%        95%        99%    
1       68.6357    70.7619    79.0779   104.7889   168.4073   235.7868   279.0044   306.2536   325.0075
2       36.9734    41.2585    45.2056    60.0134    97.1961   137.6703   165.7586   180.2388   202.7536
3       10.8940    16.2412    19.3964    27.1643    46.2605    69.0509    87.4059    96.0632   113.7634
4        1.8994     4.2153     5.7651     9.4184    17.7505    29.2336    39.5242    44.8650    56.4644
5        0.3983     1.1201     1.6985     3.0295     5.7583     9.8531    14.0638    16.4288    21.4520
6        0.1142     0.3384     0.5295     0.9448     1.6630     2.8070     4.0480     4.8293     6.4774
7        0.0683     0.2072     0.3169     0.5399     0.8342     1.1992     1.6033     1.8757     2.4521
8        0.0152     0.0438     0.0655     0.1094     0.1630     0.2217     0.2810     0.3211     0.4054
9        0.0060     0.0169     0.0249     0.0406     0.0594     0.0798     0.1001     0.1139     0.1448
10        0.0010     0.0027     0.0040     0.0064     0.0095     0.0128     0.0164     0.0190     0.0264
11        0.0003     0.0008     0.0012     0.0019     0.0028     0.0039     0.0053     0.0065     0.0104
12        0.0001     0.0003     0.0004     0.0007     0.0011     0.0016     0.0024     0.0031     0.0071
13        0.0000     0.0000     0.0001     0.0001     0.0002     0.0003     0.0005     0.0007     0.0023
14        0.0000     0.0000     0.0000     0.0001     0.0002     0.0003     0.0005     0.0007     0.0043
15+       0.0000     0.0000     0.0000     0.0000     0.0000     0.0000     0.0001     0.0001     0.0019

2028

Age        1%         5%         10%        25%        50%        75%        90%        95%        99%    
1       68.6254    70.6461    79.0574   104.9899   168.4924   236.0426   278.0705   305.3986   325.0743
2       36.4868    41.2180    45.2150    60.0943    96.9517   137.3503   165.7207   180.1701   203.0479
3        8.5255    15.9192    19.5109    27.4215    46.4902    69.2859    88.2687    97.4552   115.7246
4        0.8865     3.4702     5.4497     9.6907    18.3554    30.5962    42.0257    47.8519    60.0604
5        0.1015     0.6989     1.3466     3.0114     6.4813    12.0968    17.8962    21.2629    28.6688
6        0.0176     0.1725     0.3715     0.9259     2.0338     3.9259     6.0973     7.4924    10.5799
7        0.0048     0.0523     0.1147     0.2873     0.5961     1.1126     1.7428     2.1803     3.1321
8        0.0029     0.0311     0.0665     0.1621     0.3102     0.5000     0.7156     0.8688     1.2020
9        0.0007     0.0067     0.0142     0.0336     0.0620     0.0952     0.1293     0.1530     0.2048
10        0.0003     0.0027     0.0056     0.0128     0.0231     0.0349     0.0467     0.0548     0.0726
11        0.0001     0.0005     0.0009     0.0021     0.0037     0.0057     0.0077     0.0092     0.0128
12        0.0000     0.0001     0.0003     0.0006     0.0011     0.0017     0.0025     0.0031     0.0049
13        0.0000     0.0001     0.0001     0.0002     0.0004     0.0007     0.0011     0.0015     0.0030
14        0.0000     0.0000     0.0000     0.0000     0.0001     0.0001     0.0002     0.0003     0.0010
15+       0.0000     0.0000     0.0000     0.0000     0.0001     0.0001     0.0002     0.0004     0.0026

2029

Age        1%         5%         10%        25%        50%        75%        90%        95%        99%    
1       68.6217    70.7171    79.0440   104.7899   168.3826   236.1205   278.7690   306.4254   325.4188
2       36.7781    41.5465    45.6032    60.6287    97.9445   138.3580   166.2223   180.8320   204.6730
3        8.4931    16.8466    20.4697    28.5252    47.9263    70.6981    90.2507    99.5180   117.6721
4        0.6893     3.6519     5.9557    10.5262    19.5824    32.2411    44.2588    50.5005    63.2047
5        0.0441     0.6253     1.3785     3.3347     7.2653    13.5642    20.1443    23.9075    31.9471
6        0.0042     0.1175     0.3159     0.9932     2.4833     5.1957     8.3414    10.3446    14.8869
7        0.0009     0.0280     0.0878     0.3034     0.7895     1.6802     2.8191     3.6228     5.4378
8        0.0003     0.0089     0.0276     0.0949     0.2360     0.4843     0.8134     1.0539     1.6028
9        0.0002     0.0053     0.0161     0.0541     0.1259     0.2269     0.3456     0.4319     0.6253
10        0.0000     0.0012     0.0035     0.0114     0.0256     0.0440     0.0638     0.0775     0.1099
11        0.0000     0.0005     0.0014     0.0044     0.0097     0.0164     0.0233     0.0281     0.0391
12        0.0000     0.0001     0.0002     0.0007     0.0016     0.0027     0.0039     0.0047     0.0068
13        0.0000     0.0000     0.0001     0.0002     0.0005     0.0008     0.0012     0.0016     0.0025
14        0.0000     0.0000     0.0000     0.0001     0.0002     0.0003     0.0005     0.0007     0.0014
15+       0.0000     0.0000     0.0000     0.0000     0.0001     0.0001     0.0002     0.0003     0.0016

2030

Age        1%         5%         10%        25%        50%        75%        90%        95%        99%    
1       68.6388    70.6476    79.0043   104.6317   168.4631   236.0356   279.1074   306.0732   325.2016
2       36.8362    41.6945    45.6719    60.6041    98.0533   138.7830   167.0353   181.2744   205.3875
3        8.9346    17.5592    21.0769    29.2600    49.0172    71.7404    91.2607   100.6796   118.8261
4        0.7502     4.0953     6.5669    11.3228    20.5899    33.4237    45.8153    51.9785    64.8083
5        0.0377     0.7046     1.5715     3.7728     7.9813    14.6498    21.5860    25.6442    33.8248
6        0.0020     0.1101     0.3429     1.1353     2.8863     5.9898     9.6172    11.8844    16.9350
7        0.0003     0.0210     0.0777     0.3371     0.9906     2.2896     3.9680     5.1120     7.7776
8        0.0001     0.0053     0.0221     0.1038     0.3213     0.7499     1.3452     1.7948     2.8559
9        0.0000     0.0017     0.0071     0.0333     0.0987     0.2207     0.3949     0.5266     0.8429
10        0.0000     0.0010     0.0042     0.0192     0.0534     0.1067     0.1728     0.2216     0.3361
11        0.0000     0.0003     0.0010     0.0041     0.0110     0.0211     0.0323     0.0406     0.0594
12        0.0000     0.0001     0.0004     0.0016     0.0042     0.0079     0.0119     0.0148     0.0213
13        0.0000     0.0000     0.0001     0.0003     0.0007     0.0013     0.0020     0.0025     0.0037
14        0.0000     0.0000     0.0000     0.0001     0.0002     0.0004     0.0006     0.0008     0.0013
15+       0.0000     0.0000     0.0000     0.0000     0.0001     0.0002     0.0004     0.0006     0.0014

2031

Age        1%         5%         10%        25%        50%        75%        90%        95%        99%    
1       68.6325    70.6341    79.1004   104.6906   168.4944   236.0182   278.6771   305.8198   325.3260
2       36.7679    41.7378    45.6919    60.6702    98.3597   139.2475   167.5202   181.8111   204.5152
3        9.1976    17.8187    21.4140    29.5019    49.4862    72.5937    92.0739   101.3252   120.0530
4        0.7963     4.5159     7.0281    11.8851    21.4089    34.3095    46.7091    53.0631    65.8684
5        0.0449     0.8360     1.7972     4.1749     8.5590    15.4278    22.6256    26.6789    35.3074
6        0.0019     0.1342     0.4045     1.3234     3.2622     6.6256    10.4040    12.8820    18.0774
7        0.0002     0.0212     0.0890     0.3952     1.1785     2.6914     4.6357     5.9594     8.9741
8        0.0000     0.0041     0.0209     0.1194     0.4115     1.0392     1.9269     2.5720     4.1581
9        0.0000     0.0011     0.0061     0.0376     0.1358     0.3463     0.6598     0.9085     1.5276
10        0.0000     0.0004     0.0020     0.0122     0.0426     0.1041     0.1963     0.2695     0.4556
11        0.0000     0.0003     0.0012     0.0071     0.0234     0.0516     0.0882     0.1157     0.1832
12        0.0000     0.0001     0.0003     0.0016     0.0049     0.0103     0.0167     0.0216     0.0327
13        0.0000     0.0000     0.0001     0.0006     0.0019     0.0039     0.0062     0.0079     0.0118
14        0.0000     0.0000     0.0000     0.0001     0.0003     0.0006     0.0010     0.0013     0.0020
15+       0.0000     0.0000     0.0000     0.0001     0.0002     0.0003     0.0005     0.0007     0.0014

2032

Age        1%         5%         10%        25%        50%        75%        90%        95%        99%    
1       68.6516    70.5253    78.8953   104.8523   168.5294   236.4727   278.7548   306.4562   325.5645
2       36.7626    41.7929    45.8225    60.9001    98.6311   139.2323   167.3662   181.8725   205.9465
3        9.0535    18.2233    21.7246    29.8826    49.9643    73.2443    92.6957   101.8823   119.7359
4        0.8177     4.7577     7.3158    12.2245    21.9408    34.9026    47.4154    53.7524    66.8680
5        0.0472     0.9514     2.0122     4.4997     9.0575    16.0075    23.3039    27.4326    35.9188
6        0.0023     0.1652     0.4812     1.5083     3.5629     7.0593    11.0373    13.5425    18.9993
7        0.0003     0.0258     0.1070     0.4736     1.3622     3.0330     5.0951     6.5324     9.6677
8        0.0000     0.0045     0.0243     0.1434     0.5003     1.2447     2.2786     3.0337     4.8159
9        0.0000     0.0010     0.0060     0.0439     0.1770     0.4863     0.9537     1.3203     2.2458
10        0.0000     0.0003     0.0018     0.0142     0.0594     0.1642     0.3306     0.4679     0.8253
11        0.0000     0.0001     0.0007     0.0047     0.0189     0.0504     0.0995     0.1400     0.2471
12        0.0000     0.0001     0.0004     0.0028     0.0105     0.0253     0.0454     0.0614     0.1006
13        0.0000     0.0000     0.0001     0.0006     0.0022     0.0051     0.0087     0.0115     0.0181
14        0.0000     0.0000     0.0000     0.0003     0.0009     0.0019     0.0033     0.0042     0.0066
15+       0.0000     0.0000     0.0000     0.0001     0.0002     0.0005     0.0008     0.0011     0.0018

2033

Age        1%         5%         10%        25%        50%        75%        90%        95%        99%    
1       68.6264    70.4715    78.8416   104.6875   168.5163   236.7921   279.9567   306.9277   325.6310
2       37.2487    41.9621    45.8921    61.2178    99.1979   140.1723   168.2013   182.8171   206.4044
3       10.2167    19.1139    22.4904    30.7651    51.0815    74.4622    93.8189   103.3282   122.2389
4        0.9987     5.3864     8.0650    12.9258    22.8595    36.2331    48.8021    55.0430    67.6536
5        0.0587     1.1511     2.3052     4.9338     9.6522    16.8322    24.1933    28.3675    37.2652
6        0.0031     0.2166     0.6000     1.7302     3.9470     7.5869    11.7204    14.2629    19.6744
7        0.0006     0.0373     0.1432     0.5761     1.5676     3.3394     5.5383     7.0201    10.3393
8        0.0000     0.0061     0.0327     0.1823     0.6024     1.4521     2.5831     3.3938     5.3184
9        0.0000     0.0011     0.0076     0.0563     0.2240     0.6019     1.1592     1.5995     2.6487
10        0.0000     0.0003     0.0019     0.0176     0.0808     0.2379     0.4899     0.6963     1.2443
11        0.0000     0.0001     0.0006     0.0058     0.0274     0.0812     0.1708     0.2488     0.4551
12        0.0000     0.0000     0.0002     0.0019     0.0088     0.0253     0.0519     0.0747     0.1363
13        0.0000     0.0000     0.0001     0.0012     0.0049     0.0128     0.0242     0.0332     0.0563
14        0.0000     0.0000     0.0000     0.0003     0.0010     0.0026     0.0046     0.0063     0.0102
15+       0.0000     0.0000     0.0000     0.0001     0.0005     0.0012     0.0022     0.0029     0.0047

2034

Age        1%         5%         10%        25%        50%        75%        90%        95%        99%    
1       68.6555    70.6307    79.0408   104.8179   168.4311   236.6401   280.1952   306.3985   325.6412
2       37.2546    42.0667    45.9869    61.1992    99.3519   140.7802   168.9252   183.4177   207.6744
3       11.0268    19.6553    22.8792    31.1939    51.9679    75.3976    94.6745   104.0419   123.0089
4        1.2920     6.0010     8.6390    13.5167    23.6766    37.0604    49.6694    56.2116    69.3974
5        0.0877     1.4084     2.6594     5.3197    10.2257    17.6271    25.0523    29.2434    37.8057
6        0.0046     0.2792     0.7203     1.9468     4.2771     8.0684    12.2377    14.8225    20.6544
7        0.0009     0.0545     0.1858     0.6797     1.7611     3.6397     5.9424     7.4606    10.8311
8        0.0001     0.0096     0.0456     0.2289     0.7076     1.6175     2.8343     3.6889     5.6784
9        0.0000     0.0017     0.0108     0.0740     0.2757     0.7145     1.3307     1.7974     2.9486
10        0.0000     0.0004     0.0026     0.0232     0.1034     0.2982     0.6017     0.8528     1.4593
11        0.0000     0.0001     0.0007     0.0073     0.0378     0.1187     0.2553     0.3726     0.6859
12        0.0000     0.0000     0.0002     0.0025     0.0130     0.0408     0.0897     0.1336     0.2537
13        0.0000     0.0000     0.0001     0.0009     0.0042     0.0128     0.0276     0.0402     0.0764
14        0.0000     0.0000     0.0000     0.0005     0.0024     0.0066     0.0129     0.0181     0.0319
15+       0.0000     0.0000     0.0000     0.0002     0.0008     0.0020     0.0037     0.0050     0.0084

Probability Spawning Stock Biomass Exceeds Threshold      3.660 (1000 MT)

Year    Probability

2021    0.018040
2022    0.016350
2023    0.124990
2024    0.051880
2025    0.106600
2026    0.233780
2027    0.310600
2028    0.371780
2029    0.426000
2030    0.467630
2031    0.501220
2032    0.534510
2033    0.567130
2034    0.597030

Probability Threshold Exceeded at Least Once =     0.8175

Probability Total Fishing Mortality Exceeds Threshold     0.8413 

Year    Probability

2021    1.000000
2022    1.000000
2023    1.000000
2024    1.000000
2025    0.538300
2026    0.470590
2027    0.428670
2028    0.332940
2029    0.292870
2030    0.261450
2031    0.240440
2032    0.188630
2033    0.164600
2034    0.147540

Probability Threshold Exceeded at Least Once =     1.0000


Requested Percentile Report

Percentile =    40.00 %

                                 2021       2022       2023       2024       2025       2026       2027       2028       2029       2030       2031       2032       2033       2034 

Recruits                     145.3704   144.9550   145.2118   145.1199   144.9596   144.4723   145.6790   144.0434   144.2777   144.9161   145.7079   145.2823   143.8109   144.5981 
Spawning Stock Biomass         2.1351     2.4778     2.7222     2.3628     2.2749     2.3635     2.4901     2.6634     2.8648     3.0355     3.1822     3.3354     3.4993     3.6459 
Jan-1 Stock Biomass            8.8025     8.8688     8.3611     7.7809     7.4763     7.6661     7.8365     7.9875     8.2643     8.4839     8.6617     8.8068     9.0293     9.1799 
Mean Biomass                   7.9122     7.6178     7.0361     6.5938     6.5571     6.7377     6.9142     7.1321     7.3847     7.5896     7.7371     7.9317     8.1316     8.2814 
Combined Catch Biomass         2.8192     3.2402     3.1529     2.8575     2.4000     2.4000     2.4000     2.2250     2.2250     2.2250     2.2250     2.1000     2.1000     2.1000 
Landings                       2.8192     3.2402     3.1529     2.8575     2.4000     2.4000     2.4000     2.2250     2.2250     2.2250     2.2250     2.1000     2.1000     2.1000 
FMort                          1.0794     1.0794     1.0794     1.0794     0.8047     0.7421     0.6949     0.6043     0.5688     0.5429     0.5234     0.4776     0.4614     0.4482 

Stock Numbers at Age
Age 1                        244.9740   145.3704   144.9550   145.2118   145.1199   144.9596   144.4723   145.6790   144.0434   144.2777   144.9161   145.7079   145.2823   143.8109 
Age 2                         93.8626   140.2152    83.3531    83.1115    83.3259    83.5875    83.3018    82.7176    83.9111    83.4630    83.8139    83.8703    84.7522    84.8501 
Age 3                         51.2273    42.4275    63.2035    37.4388    37.3686    38.4470    38.0791    38.0832    39.0537    40.1308    40.4415    40.9838    42.0829    42.7902 
Age 4                          9.1703    17.6964    14.5520    21.6387    12.7676    13.4641    14.0475    14.3832    15.4723    16.3175    17.0482    17.4264    18.3428    19.0420 
Age 5                          2.4696     2.7648     5.3666     4.4140     6.5618     4.1071     4.5142     4.8635     5.4517     6.0675     6.6069     6.9880     7.4966     8.0125 
Age 6                          0.8492     0.7219     0.7976     1.5491     1.2750     2.1368     1.3435     1.5286     1.7955     2.0788     2.3807     2.6441     2.9485     3.2340 
Age 7                          0.1227     0.2451     0.2087     0.2303     0.4478     0.4185     0.7166     0.4596     0.5650     0.6828     0.8156     0.9505     1.1144     1.2682 
Age 8                          0.0902     0.0370     0.0726     0.0618     0.0681     0.1494     0.1424     0.2494     0.1735     0.2182     0.2709     0.3306     0.4044     0.4855 
Age 9                          0.0063     0.0279     0.0114     0.0223     0.0189     0.0232     0.0522     0.0506     0.0952     0.0683     0.0887     0.1116     0.1425     0.1783 
Age 10                          0.0032     0.0020     0.0088     0.0036     0.0070     0.0066     0.0083     0.0190     0.0197     0.0383     0.0281     0.0371     0.0489     0.0634 
Age 11                          0.0009     0.0011     0.0007     0.0029     0.0012     0.0025     0.0024     0.0031     0.0075     0.0080     0.0159     0.0120     0.0165     0.0222 
Age 12                          0.0001     0.0003     0.0003     0.0002     0.0009     0.0004     0.0009     0.0009     0.0012     0.0031     0.0034     0.0068     0.0054     0.0075 
Age 13                          0.0000     0.0000     0.0001     0.0001     0.0001     0.0003     0.0002     0.0004     0.0004     0.0005     0.0013     0.0015     0.0031     0.0025 
Age 14                          0.0000     0.0000     0.0000     0.0000     0.0000     0.0000     0.0001     0.0001     0.0002     0.0002     0.0002     0.0006     0.0007     0.0014 
Age 15                          0.0000     0.0000     0.0000     0.0000     0.0000     0.0000     0.0000     0.0001     0.0001     0.0001     0.0001     0.0002     0.0003     0.0005 
