AGEPRO VERSION 4.2

Phased_Q_22502175

Date & Time of Run: 21 May 2024  16:09

Input File Name:    Scenario5_1000.inp

First Age Class:                         1
Number of Age Classes:                  15
Number of Years in Projection:          14
Number of Fleets:                        9
Number of Recruitment Models:            3
Number of Bootstraps:                  100
Number of Simulations:                1000

Bootstrap File Name:            C:\Users\jon.brodziak\Desktop\2024 WCNPO MLS Rebuilding\Bootstrap-numbers-at-age\2023_WCNPOMLS.bsn

Number of Feasible Solutions:      99827  of     100000 Realizations

Input Harvest Scenario

Year  Type        Fleet-1    Fleet-2    Fleet-3    Fleet-4    Fleet-5    Fleet-6    Fleet-7    Fleet-8    Fleet-9    

2021  F-Mult       0.1651     0.0453     0.2588     0.0166     0.0610     0.0487     0.0642     0.0722     0.3475 
2022  F-Mult       0.1651     0.0453     0.2588     0.0166     0.0610     0.0487     0.0642     0.0722     0.3475 
2023  F-Mult       0.1651     0.0453     0.2588     0.0166     0.0610     0.0487     0.0642     0.0722     0.3475 
2024  F-Mult       0.1651     0.0453     0.2588     0.0166     0.0610     0.0487     0.0642     0.0722     0.3475 
2025  Landings        323        128        669         59        195         87        169        303        316 
2026  Landings        323        128        669         59        195         87        169        303        316 
2027  Landings        323        128        669         59        195         87        169        303        316 
2028  Landings        312        124        647         57        189         84        163        293        305 
2029  Landings        312        124        647         57        189         84        163        293        305 
2030  Landings        312        124        647         57        189         84        163        293        305 
2031  Landings        312        124        647         57        189         84        163        293        305 
2032  Landings        312        124        647         57        189         84        163        293        305 
2033  Landings        312        124        647         57        189         84        163        293        305 
2034  Landings        312        124        647         57        189         84        163        293        305 

Recruitment Selection Distribution

Year  Selection-1 Selection-2 Selection-3 

2021      0.1199     0.8392     0.0409 
2022      0.1191     0.8411     0.0398 
2023      0.1195     0.8399     0.0407 
2024      0.1195     0.8406     0.0399 
2025      0.1183     0.8398     0.0419 
2026      0.1190     0.8412     0.0398 
2027      0.1202     0.8397     0.0401 
2028      0.1207     0.8398     0.0395 
2029      0.1188     0.8414     0.0398 
2030      0.1183     0.8404     0.0413 
2031      0.1202     0.8397     0.0401 
2032      0.1184     0.8422     0.0394 
2033      0.1200     0.8396     0.0404 
2034      0.1224     0.8379     0.0396 

Recruits        1000  Fish

Year Class   Average        StdDev
2021        173.1978       79.9227
2022        173.5356       81.1271
2023        173.2868       81.4875
2024        173.1873       81.0217
2025        173.5895       81.3425
2026        173.4021       82.0294
2027        173.6117       81.5082
2028        173.8133       81.6248
2029        173.7263       81.7049
2030        174.0623       83.6207
2031        174.2354       82.7166
2032        173.6850       82.3000
2033        173.9170       82.1203
2034        173.5334       83.3761

Recruits Distribution

Year Class 1%         5%         10%        25%        50%        75%        90%        95%        99%    
2021    68.6359    70.6118    79.1143   104.8237   168.4475   236.3188   279.3784   306.3571   325.0663
2022    68.6434    70.8419    79.1102   104.7587   168.4819   236.5385   278.8080   306.1667   325.1416
2023    68.6497    70.4652    78.9234   104.2919   168.4402   236.4462   279.2639   306.3845   325.6020
2024    68.6449    70.7353    79.1411   104.7384   168.4481   235.9953   278.7871   306.0210   325.3191
2025    68.6450    70.5446    78.9191   105.1426   168.5143   236.2798   279.1878   306.0388   325.3200
2026    68.6318    70.7455    78.9094   104.3308   168.4526   236.2015   279.8894   306.4327   325.4644
2027    68.6334    70.5346    79.0487   104.7167   168.4851   236.4655   279.5381   306.7333   325.5672
2028    68.6413    70.8000    79.1381   105.3159   168.5392   236.7379   279.8778   306.7201   325.3933
2029    68.6508    70.5963    79.0744   104.7374   168.5462   237.0515   279.7506   306.5604   325.5938
2030    68.6449    70.5650    78.9173   104.4750   168.5441   236.9401   280.3487   306.8457   332.8679
2031    68.6460    70.5249    79.0599   105.0858   168.5854   236.9211   280.2373   307.0002   330.1815
2032    68.6484    70.6889    79.0348   104.6559   168.4830   236.6042   279.1402   306.8291   328.2259
2033    68.6487    70.6990    79.0118   104.7097   168.5491   236.7606   280.1562   307.3990   332.0759
2034    68.6578    70.4743    78.9456   104.4790   168.4233   236.2800   279.3101   306.8373   327.5350

Spawning Stock Biomass  x       1000 MT

Year       Average        StdDev
2021        2.2953        0.4582
2022        2.6081        0.4297
2023        2.9375        0.6085
2024        2.5857        0.6321
2025        2.6249        0.8715
2026        2.9519        1.2930
2027        3.2559        1.5831
2028        3.5282        1.7731
2029        3.7657        1.8998
2030        3.9571        1.9822
2031        4.1055        2.0337
2032        4.2190        2.0694
2033        4.3098        2.1020
2034        4.3800        2.1236

Spawning Stock Biomass Distribution

Year        1%         5%         10%        25%        50%        75%        90%        95%        99%   
2021     1.4679     1.7285     1.8322     1.9993     2.2277     2.5114     2.8065     3.0249     4.1640 
2022     1.7491     1.9594     2.0871     2.3099     2.5759     2.8552     3.1942     3.4015     3.7625 
2023     1.8360     2.0649     2.2092     2.4941     2.8709     3.3017     3.7638     4.0626     4.5983 
2024     1.4583     1.6811     1.8276     2.1232     2.5231     2.9810     3.4100     3.6726     4.2329 
2025     1.0632     1.3752     1.5879     1.9977     2.5443     3.1592     3.7405     4.1014     4.9028 
2026     0.6788     1.1225     1.4229     2.0210     2.8202     3.7348     4.6002     5.1459     6.4094 
2027     0.4966     1.0239     1.3802     2.1142     3.0992     4.2059     5.2658     5.9573     7.5781 
2028     0.4496     1.0290     1.4348     2.2587     3.3536     4.5702     5.7862     6.5750     8.4038 
2029     0.4483     1.0836     1.5258     2.4084     3.5741     4.8862     6.1834     7.0252     9.0615 
2030     0.4516     1.1387     1.6135     2.5531     3.7535     5.1125     6.4901     7.3725     9.5225 
2031     0.4712     1.2002     1.6925     2.6712     3.9035     5.2927     6.6874     7.6164     9.8182 
2032     0.5070     1.2474     1.7603     2.7539     4.0181     5.4345     6.8399     7.7747    10.0351 
2033     0.5296     1.2934     1.8120     2.8289     4.1062     5.5485     6.9819     7.9265    10.2276 
2034     0.5324     1.3338     1.8643     2.8753     4.1796     5.6301     7.0766     8.0346    10.3904 

JAN-1 Stock Biomass  x       1000 MT

Year       Average        StdDev
2021        9.2931        1.5942
2022        9.4635        1.7904
2023        8.9693        1.9046
2024        8.3990        1.9377
2025        8.0961        1.9461
2026        8.5142        2.3343
2027        8.8735        2.6072
2028        9.1709        2.7770
2029        9.4671        2.8969
2030        9.7017        2.9788
2031        9.8857        3.0349
2032       10.0309        3.0746
2033       10.1386        3.1053
2034       10.2190        3.1238

JAN-1 Stock Biomass Distribution

Year       1%         5%         10%        25%        50%        75%        90%        95%        99%    
2021     6.3269     6.9533     7.3615     8.1675     9.1695    10.1274    11.5442    12.2831    13.7038 
2022     6.0939     6.7968     7.2565     8.1795     9.3193    10.5786    11.8111    12.6144    14.2018 
2023     5.3632     6.1375     6.6382     7.6103     8.8339    10.1600    11.4097    12.2103    13.8988 
2024     4.7366     5.5328     6.0391     7.0321     8.2575     9.5878    10.8638    11.6725    13.5041 
2025     4.4217     5.2106     5.7335     6.7195     7.9625     9.2925    10.5637    11.3584    13.2140 
2026     4.0086     5.0490     5.6801     6.8855     8.3570     9.9424    11.4654    12.4293    14.7306 
2027     3.8359     5.0064     5.7386     7.0655     8.6866    10.4564    12.1575    13.2539    15.8977 
2028     3.7580     5.0481     5.8312     7.2411     8.9680    10.8511    12.6860    13.8603    16.6715 
2029     3.7662     5.1720     5.9803     7.4688     9.2581    11.2005    13.1203    14.3820    17.2109 
2030     3.7977     5.2813     6.1255     7.6580     9.4953    11.4730    13.4343    14.7695    17.8414 
2031     3.8924     5.3673     6.2445     7.8102     9.6769    11.7071    13.6937    15.0277    18.2523 
2032     3.9794     5.4550     6.3387     7.9245     9.8129    11.8777    13.8962    15.2308    18.4642 
2033     3.9747     5.5415     6.4168     8.0015     9.9318    12.0031    14.0254    15.3808    18.6135 
2034     3.9836     5.5798     6.4845     8.0806    10.0079    12.1014    14.1450    15.4871    18.8242 

Mean Biomass  x       1000 MT

Year       Average        StdDev
2021        8.4101        1.5260
2022        8.1995        1.7081
2023        7.6191        1.7756
2024        7.1776        1.7971
2025        7.2840        2.0731
2026        7.6822        2.4111
2027        8.0122        2.6474
2028        8.3139        2.7893
2029        8.5815        2.8883
2030        8.7892        2.9532
2031        8.9567        3.0037
2032        9.0857        3.0373
2033        9.1780        3.0616
2034        9.2505        3.0790

Mean Biomass Distribution

Year       1%         5%         10%        25%        50%        75%        90%        95%        99%    
2021     5.6433     6.1895     6.5686     7.2872     8.2820     9.2674    10.5458    11.2796    12.5575 
2022     5.0864     5.6842     6.1065     6.9560     8.0578     9.2743    10.4313    11.1631    12.6865 
2023     4.3496     5.0079     5.4601     6.3432     7.4863     8.7207     9.8818    10.6209    12.2250 
2024     3.8767     4.5511     5.0052     5.8928     7.0379     8.2709     9.4696    10.2109    11.9016 
2025     3.3901     4.2253     4.7671     5.8135     7.1372     8.5457     9.9090    10.7586    12.7311 
2026     3.0338     4.1072     4.7541     5.9993     7.5185     9.1630    10.7203    11.7083    14.0920 
2027     2.8934     4.0926     4.8292     6.1733     7.8268     9.6190    11.3426    12.4397    15.1298 
2028     2.8930     4.1772     4.9646     6.3731     8.1175    10.0014    11.8274    13.0125    15.8286 
2029     2.8964     4.2888     5.1080     6.5968     8.3699    10.3212    12.2095    13.4841    16.3488 
2030     2.9540     4.4048     5.2493     6.7626     8.5858    10.5629    12.4834    13.7953    16.8374 
2031     3.0423     4.4737     5.3537     6.9024     8.7481    10.7699    12.7375    14.0260    17.1084 
2032     3.0875     4.5632     5.4429     7.0011     8.8690    10.9110    12.9100    14.2182    17.3830 
2033     3.0939     4.6409     5.5225     7.0662     8.9766    11.0240    13.0228    14.3618    17.5689 
2034     3.0913     4.6808     5.5657     7.1382     9.0399    11.1008    13.1203    14.4658    17.6717 

Combined Catch Biomass  x       1000 MT

Year       Average        StdDev
2021        2.9747        0.4778
2022        3.4194        0.5697
2023        3.3748        0.6647
2024        3.0820        0.6912
2025        2.2500        0.0000
2026        2.2500        0.0000
2027        2.2499        0.0174
2028        2.1745        0.0323
2029        2.1739        0.0486
2030        2.1734        0.0595
2031        2.1727        0.0711
2032        2.1723        0.0772
2033        2.1719        0.0825
2034        2.1712        0.0904

Combined Catch Distribution

Year       1%         5%         10%        25%        50%        75%        90%        95%        99%    
2021     1.9723     2.3537     2.4537     2.6648     2.9139     3.2318     3.5458     3.7902     4.7213 
2022     2.3548     2.5768     2.7230     2.9984     3.3825     3.7472     4.2055     4.4854     4.9411 
2023     2.1342     2.3910     2.5602     2.8936     3.3220     3.7956     4.2475     4.5270     5.1076 
2024     1.7956     2.0588     2.2375     2.5854     3.0356     3.5116     3.9669     4.2481     4.8565 
2025     2.2500     2.2500     2.2500     2.2500     2.2500     2.2500     2.2500     2.2500     2.2500 
2026     2.2500     2.2500     2.2500     2.2500     2.2500     2.2500     2.2500     2.2500     2.2500 
2027     2.2500     2.2500     2.2500     2.2500     2.2500     2.2500     2.2500     2.2500     2.2500 
2028     2.1750     2.1750     2.1750     2.1750     2.1750     2.1750     2.1750     2.1750     2.1750 
2029     2.1750     2.1750     2.1750     2.1750     2.1750     2.1750     2.1750     2.1750     2.1750 
2030     2.1750     2.1750     2.1750     2.1750     2.1750     2.1750     2.1750     2.1750     2.1750 
2031     2.1750     2.1750     2.1750     2.1750     2.1750     2.1750     2.1750     2.1750     2.1750 
2032     2.1750     2.1750     2.1750     2.1750     2.1750     2.1750     2.1750     2.1750     2.1750 
2033     2.1750     2.1750     2.1750     2.1750     2.1750     2.1750     2.1750     2.1750     2.1750 
2034     2.1750     2.1750     2.1750     2.1750     2.1750     2.1750     2.1750     2.1750     2.1750 

Landings  x       1000 MT

Year       Average        StdDev
2021        2.9747        0.4778
2022        3.4194        0.5697
2023        3.3748        0.6647
2024        3.0820        0.6912
2025        2.2500        0.0000
2026        2.2500        0.0000
2027        2.2499        0.0174
2028        2.1745        0.0323
2029        2.1739        0.0486
2030        2.1734        0.0595
2031        2.1727        0.0711
2032        2.1723        0.0772
2033        2.1719        0.0825
2034        2.1712        0.0904

Landings Distribution

Year       1%         5%         10%        25%        50%        75%        90%        95%        99%    
2021     1.9723     2.3537     2.4537     2.6648     2.9139     3.2318     3.5458     3.7902     4.7213 
2022     2.3548     2.5768     2.7230     2.9984     3.3825     3.7472     4.2055     4.4854     4.9411 
2023     2.1342     2.3910     2.5602     2.8936     3.3220     3.7956     4.2475     4.5270     5.1076 
2024     1.7956     2.0588     2.2375     2.5854     3.0356     3.5116     3.9669     4.2481     4.8565 
2025     2.2500     2.2500     2.2500     2.2500     2.2500     2.2500     2.2500     2.2500     2.2500 
2026     2.2500     2.2500     2.2500     2.2500     2.2500     2.2500     2.2500     2.2500     2.2500 
2027     2.2500     2.2500     2.2500     2.2500     2.2500     2.2500     2.2500     2.2500     2.2500 
2028     2.1750     2.1750     2.1750     2.1750     2.1750     2.1750     2.1750     2.1750     2.1750 
2029     2.1750     2.1750     2.1750     2.1750     2.1750     2.1750     2.1750     2.1750     2.1750 
2030     2.1750     2.1750     2.1750     2.1750     2.1750     2.1750     2.1750     2.1750     2.1750 
2031     2.1750     2.1750     2.1750     2.1750     2.1750     2.1750     2.1750     2.1750     2.1750 
2032     2.1750     2.1750     2.1750     2.1750     2.1750     2.1750     2.1750     2.1750     2.1750 
2033     2.1750     2.1750     2.1750     2.1750     2.1750     2.1750     2.1750     2.1750     2.1750 
2034     2.1750     2.1750     2.1750     2.1750     2.1750     2.1750     2.1750     2.1750     2.1750 

Total Fishing Mortality

Year       Average        StdDev
2021        1.0794        0.0000
2022        1.0794        0.0000
2023        1.0794        0.0000
2024        1.0794        0.0000
2025        0.8516        0.2625
2026        0.8356        0.3963
2027        0.8181        0.5241
2028        0.7609        0.5591
2029        0.7252        0.5542
2030        0.6966        0.5525
2031        0.6714        0.5231
2032        0.6527        0.5056
2033        0.6391        0.4980
2034        0.6278        0.4773

Total Fishing Mortality Distribution

Year       1%         5%         10%        25%        50%        75%        90%        95%        99%    
2021     1.0794     1.0794     1.0794     1.0794     1.0794     1.0794     1.0794     1.0794     1.0794 
2022     1.0794     1.0794     1.0794     1.0794     1.0794     1.0794     1.0794     1.0794     1.0794 
2023     1.0794     1.0794     1.0794     1.0794     1.0794     1.0794     1.0794     1.0794     1.0794 
2024     1.0794     1.0794     1.0794     1.0794     1.0794     1.0794     1.0794     1.0794     1.0794 
2025     0.4494     0.5284     0.5750     0.6665     0.7990     0.9806     1.2011     1.3579     1.7031 
2026     0.3602     0.4386     0.4855     0.5817     0.7352     0.9697     1.2952     1.5689     2.3147 
2027     0.3116     0.3858     0.4322     0.5256     0.6820     0.9330     1.3239     1.6715     2.8536 
2028     0.2725     0.3424     0.3836     0.4718     0.6179     0.8590     1.2400     1.6159     2.9439 
2029     0.2562     0.3212     0.3610     0.4456     0.5842     0.8154     1.1791     1.5452     2.8989 
2030     0.2461     0.3082     0.3464     0.4281     0.5599     0.7759     1.1266     1.4812     2.8334 
2031     0.2380     0.2995     0.3374     0.4152     0.5416     0.7489     1.0838     1.4263     2.7178 
2032     0.2337     0.2946     0.3305     0.4054     0.5288     0.7291     1.0510     1.3750     2.5733 
2033     0.2306     0.2895     0.3252     0.3985     0.5190     0.7127     1.0238     1.3393     2.4881 
2034     0.2274     0.2859     0.3214     0.3938     0.5114     0.7035     1.0036     1.2971     2.4232 

JAN-1 Stock Numbers at Age  -       1000  Fish

2021

Age        1%         5%         10%        25%        50%        75%        90%        95%        99%    
1      140.2370   175.0900   184.8320   216.7130   261.1480   317.3690   385.6290   409.5080   464.9250
2       58.9389    77.9477    80.8620    85.4451   100.4175   112.5240   125.3470   138.4980   148.4390
3       34.1986    41.3466    43.5177    47.9381    54.8765    60.4455    67.3245    74.4817    84.8335
4        4.4701     6.3288     7.3712     8.3369     9.5330    10.8358    12.5169    14.0136    20.6054
5        1.2938     1.6031     1.7337     2.2441     2.6907     3.2695     4.2092     4.8898     7.4995
6        0.2917     0.4842     0.6024     0.6936     0.9665     1.2287     1.8234     2.1765     5.0518
7        0.0278     0.0584     0.0739     0.1025     0.1591     0.2261     0.3164     0.3996     1.3049
8        0.0082     0.0292     0.0370     0.0584     0.1092     0.1670     0.2575     0.4456     2.1858
9        0.0003     0.0014     0.0021     0.0035     0.0085     0.0144     0.0223     0.0334     0.2402
10        0.0001     0.0005     0.0007     0.0015     0.0043     0.0069     0.0143     0.0242     0.2609
11        0.0000     0.0001     0.0002     0.0004     0.0014     0.0028     0.0051     0.0082     0.1988
12        0.0000     0.0000     0.0000     0.0000     0.0001     0.0003     0.0005     0.0008     0.0280
13        0.0000     0.0000     0.0000     0.0000     0.0000     0.0002     0.0003     0.0005     0.0316
14        0.0000     0.0000     0.0000     0.0000     0.0000     0.0000     0.0001     0.0001     0.0183
15+       0.0000     0.0000     0.0000     0.0000     0.0000     0.0000     0.0000     0.0000     0.0127

2022

Age        1%         5%         10%        25%        50%        75%        90%        95%        99%    
1       68.6359    70.6118    79.1143   104.8237   168.4475   236.3188   279.3784   306.3571   325.0663
2       85.5527   100.6376   107.0988   123.8619   150.3283   184.3075   222.7600   242.3887   275.9476
3       26.7457    34.4134    36.2014    39.2308    44.7580    51.0971    58.0016    62.7786    70.9061
4       11.9778    13.9118    14.9618    16.5275    18.5434    20.8360    23.6166    25.9985    31.3810
5        1.4316     1.9524     2.1920     2.5217     2.9099     3.3260     3.8955     4.2965     6.5416
6        0.3765     0.4631     0.5096     0.6457     0.7744     0.9515     1.2421     1.4503     2.5336
7        0.0972     0.1451     0.1715     0.2055     0.2739     0.3643     0.5313     0.6285     1.6364
8        0.0098     0.0178     0.0218     0.0304     0.0464     0.0675     0.0968     0.1268     0.4466
9        0.0030     0.0091     0.0114     0.0184     0.0337     0.0514     0.0813     0.1367     0.7868
10        0.0001     0.0004     0.0007     0.0011     0.0027     0.0045     0.0073     0.0110     0.0874
11        0.0000     0.0002     0.0002     0.0005     0.0014     0.0023     0.0049     0.0080     0.0998
12        0.0000     0.0000     0.0001     0.0001     0.0005     0.0009     0.0017     0.0028     0.0763
13        0.0000     0.0000     0.0000     0.0000     0.0000     0.0001     0.0002     0.0003     0.0111
14        0.0000     0.0000     0.0000     0.0000     0.0000     0.0001     0.0001     0.0002     0.0122
15+       0.0000     0.0000     0.0000     0.0000     0.0000     0.0000     0.0000     0.0001     0.0122

2023

Age        1%         5%         10%        25%        50%        75%        90%        95%        99%    
1       68.6434    70.8419    79.1102   104.7587   168.4819   236.5385   278.8080   306.1667   325.1416
2       37.9938    41.2938    45.2799    60.0246    96.3383   136.1711   162.3137   176.6773   196.6400
3       38.4576    45.0117    48.1602    55.8848    67.9957    83.4684   100.6785   110.2956   125.8585
4        9.1330    11.5175    12.2600    13.4483    15.3406    17.6245    20.0626    21.7084    24.6465
5        3.5987     4.1655     4.4938     4.9907     5.6175     6.3496     7.2265     7.9267     9.6159
6        0.4153     0.5615     0.6267     0.7262     0.8416     0.9665     1.1302     1.2554     1.8941
7        0.1083     0.1325     0.1475     0.1855     0.2237     0.2770     0.3620     0.4206     0.7247
8        0.0294     0.0431     0.0502     0.0610     0.0812     0.1090     0.1584     0.1859     0.4874
9        0.0032     0.0055     0.0067     0.0093     0.0141     0.0207     0.0297     0.0391     0.1460
10        0.0010     0.0029     0.0036     0.0058     0.0106     0.0163     0.0258     0.0428     0.2629
11        0.0000     0.0001     0.0002     0.0004     0.0009     0.0015     0.0024     0.0036     0.0284
12        0.0000     0.0001     0.0001     0.0002     0.0005     0.0008     0.0016     0.0026     0.0328
13        0.0000     0.0000     0.0000     0.0000     0.0002     0.0003     0.0006     0.0009     0.0277
14        0.0000     0.0000     0.0000     0.0000     0.0000     0.0000     0.0001     0.0001     0.0040
15+       0.0000     0.0000     0.0000     0.0000     0.0000     0.0000     0.0000     0.0001     0.0085

2024

Age        1%         5%         10%        25%        50%        75%        90%        95%        99%    
1       68.6497    70.4652    78.9234   104.2919   168.4402   236.4462   279.2639   306.3845   325.6020
2       38.1125    41.3915    45.3423    59.9704    96.6222   136.2958   162.2522   176.3173   196.5574
3       16.8418    18.6224    20.4395    27.0236    43.2214    61.1481    73.6574    80.0566    91.1935
4       13.0313    15.2730    16.4474    19.1457    23.3508    28.7342    34.6141    38.0698    43.5940
5        2.7521     3.4386     3.6780     4.0707     4.6465     5.3658     6.1197     6.6181     7.5751
6        1.0283     1.1931     1.2861     1.4377     1.6242     1.8449     2.1023     2.3053     2.8014
7        0.1204     0.1611     0.1798     0.2092     0.2432     0.2813     0.3287     0.3673     0.5484
8        0.0319     0.0389     0.0438     0.0546     0.0663     0.0827     0.1080     0.1258     0.2165
9        0.0090     0.0132     0.0152     0.0187     0.0249     0.0336     0.0488     0.0572     0.1498
10        0.0011     0.0017     0.0021     0.0029     0.0045     0.0066     0.0094     0.0124     0.0480
11        0.0003     0.0009     0.0012     0.0019     0.0034     0.0053     0.0084     0.0138     0.0842
12        0.0000     0.0000     0.0001     0.0001     0.0003     0.0005     0.0008     0.0012     0.0094
13        0.0000     0.0000     0.0000     0.0001     0.0002     0.0003     0.0005     0.0009     0.0113
14        0.0000     0.0000     0.0000     0.0000     0.0001     0.0001     0.0002     0.0003     0.0099
15+       0.0000     0.0000     0.0000     0.0000     0.0000     0.0000     0.0000     0.0001     0.0044

2025

Age        1%         5%         10%        25%        50%        75%        90%        95%        99%    
1       68.6449    70.7353    79.1411   104.7384   168.4481   235.9953   278.7871   306.0210   325.3191
2       37.9891    41.2425    45.1121    59.6200    96.5307   136.2223   162.2007   176.0543   197.7195
3       16.8474    18.6711    20.4525    26.9730    43.3837    61.2100    73.6997    79.9666    91.1936
4        5.6707     6.3663     7.0057     9.2544    14.7517    20.8900    25.3892    27.6535    31.9231
5        3.9219     4.5919     4.9665     5.7904     7.0856     8.7329    10.5296    11.5911    13.3732
6        0.7910     0.9793     1.0532     1.1737     1.3442     1.5569     1.7781     1.9257     2.2099
7        0.2940     0.3415     0.3685     0.4138     0.4699     0.5368     0.6134     0.6730     0.8165
8        0.0355     0.0473     0.0528     0.0617     0.0721     0.0840     0.0983     0.1102     0.1628
9        0.0097     0.0118     0.0134     0.0166     0.0203     0.0255     0.0333     0.0389     0.0666
10        0.0029     0.0041     0.0048     0.0059     0.0079     0.0107     0.0154     0.0181     0.0473
11        0.0004     0.0006     0.0007     0.0010     0.0014     0.0021     0.0030     0.0041     0.0156
12        0.0001     0.0003     0.0004     0.0006     0.0011     0.0018     0.0028     0.0046     0.0280
13        0.0000     0.0000     0.0000     0.0000     0.0001     0.0002     0.0003     0.0004     0.0032
14        0.0000     0.0000     0.0000     0.0000     0.0001     0.0001     0.0002     0.0003     0.0039
15+       0.0000     0.0000     0.0000     0.0000     0.0000     0.0000     0.0001     0.0001     0.0050

2026

Age        1%         5%         10%        25%        50%        75%        90%        95%        99%    
1       68.6450    70.5446    78.9191   105.1426   168.5143   236.2798   279.1878   306.0388   325.3200
2       37.8093    41.6116    45.5814    60.3688    97.7150   138.3039   165.8361   180.2385   203.0660
3       14.8374    18.0327    20.3230    27.5858    46.8487    69.0481    85.8029    93.8295   110.2152
4        4.4368     6.0144     7.0660     9.9297    17.1428    26.1628    33.6165    37.4115    45.0821
5        1.3426     1.9163     2.2855     3.1963     5.2556     7.8688    10.3670    11.6520    14.3509
6        0.9251     1.2911     1.5141     1.9257     2.4938     3.2339     4.0441     4.5782     5.5811
7        0.1971     0.2709     0.3124     0.3879     0.4776     0.5791     0.6855     0.7572     0.9018
8        0.0742     0.0996     0.1136     0.1391     0.1694     0.2033     0.2399     0.2664     0.3260
9        0.0106     0.0145     0.0170     0.0213     0.0265     0.0323     0.0390     0.0444     0.0633
10        0.0030     0.0039     0.0046     0.0059     0.0076     0.0099     0.0131     0.0156     0.0259
11        0.0010     0.0014     0.0017     0.0022     0.0030     0.0042     0.0061     0.0074     0.0188
12        0.0001     0.0002     0.0003     0.0004     0.0005     0.0008     0.0012     0.0016     0.0062
13        0.0000     0.0001     0.0001     0.0002     0.0004     0.0007     0.0012     0.0017     0.0112
14        0.0000     0.0000     0.0000     0.0000     0.0000     0.0001     0.0001     0.0002     0.0013
15+       0.0000     0.0000     0.0000     0.0000     0.0000     0.0001     0.0001     0.0002     0.0036

2027

Age        1%         5%         10%        25%        50%        75%        90%        95%        99%    
1       68.6318    70.7455    78.9094   104.3308   168.4526   236.2015   279.8894   306.4327   325.4644
2       37.6386    41.6130    45.6403    60.7092    98.0159   138.9279   166.4423   180.8138   204.2956
3       12.6471    17.6906    20.6134    28.3513    47.8758    70.8608    89.2014    98.0624   115.6880
4        2.7094     5.0634     6.6205    10.3475    19.2058    31.0148    41.4865    46.6469    57.8686
5        0.6267     1.4470     2.0730     3.4806     6.4057    10.7121    15.0338    17.4181    22.4695
6        0.1830     0.4523     0.6536     1.0922     1.8877     3.1077     4.4038     5.1985     6.8797
7        0.1168     0.2811     0.4010     0.6340     0.9392     1.3203     1.7396     2.0281     2.6185
8        0.0253     0.0590     0.0829     0.1285     0.1834     0.2435     0.3048     0.3439     0.4302
9        0.0099     0.0226     0.0312     0.0474     0.0666     0.0874     0.1080     0.1224     0.1542
10        0.0016     0.0036     0.0049     0.0074     0.0106     0.0140     0.0177     0.0204     0.0284
11        0.0005     0.0011     0.0014     0.0021     0.0031     0.0043     0.0058     0.0071     0.0114
12        0.0002     0.0004     0.0005     0.0008     0.0012     0.0018     0.0026     0.0034     0.0079
13        0.0000     0.0001     0.0001     0.0001     0.0002     0.0004     0.0005     0.0007     0.0027
14        0.0000     0.0000     0.0001     0.0001     0.0002     0.0003     0.0005     0.0008     0.0048
15+       0.0000     0.0000     0.0000     0.0000     0.0000     0.0001     0.0001     0.0002     0.0022

2028

Age        1%         5%         10%        25%        50%        75%        90%        95%        99%    
1       68.6334    70.5346    79.0487   104.7167   168.4851   236.4655   279.5381   306.7333   325.5672
2       37.4791    41.6711    45.6341    60.4580    98.0419   139.1455   167.1465   181.5201   204.7838
3       11.3977    17.7541    20.9390    28.9542    48.6793    71.7716    90.5263    99.5791   117.6003
4        1.7766     4.6820     6.6503    10.9780    20.1813    32.7580    44.3404    50.1327    62.7116
5        0.2655     1.1104     1.8547     3.6533     7.5064    13.5231    19.5260    22.8539    30.1386
6        0.0568     0.3034     0.5516     1.1950     2.4301     4.5028     6.8235     8.2697    11.3302
7        0.0167     0.0932     0.1740     0.3733     0.7240     1.3046     1.9821     2.4382     3.4510
8        0.0100     0.0564     0.1037     0.2140     0.3762     0.5803     0.8080     0.9706     1.3161
9        0.0023     0.0122     0.0219     0.0442     0.0748     0.1098     0.1460     0.1690     0.2209
10        0.0010     0.0048     0.0085     0.0167     0.0277     0.0400     0.0524     0.0607     0.0797
11        0.0002     0.0008     0.0014     0.0027     0.0045     0.0065     0.0086     0.0101     0.0142
12        0.0001     0.0003     0.0004     0.0008     0.0013     0.0020     0.0028     0.0034     0.0055
13        0.0000     0.0001     0.0002     0.0003     0.0005     0.0008     0.0013     0.0016     0.0035
14        0.0000     0.0000     0.0000     0.0001     0.0001     0.0002     0.0003     0.0004     0.0012
15+       0.0000     0.0000     0.0000     0.0000     0.0001     0.0002     0.0003     0.0004     0.0032

2029

Age        1%         5%         10%        25%        50%        75%        90%        95%        99%    
1       68.6413    70.8000    79.1381   105.3159   168.5392   236.7379   279.8778   306.7201   325.3933
2       37.6308    41.9455    45.9060    60.8872    98.5564   139.6165   167.5648   182.5337   206.9157
3       11.2335    18.2641    21.5395    29.5620    49.5261    72.8482    92.0163   101.2730   119.7117
4        1.5155     4.8771     7.1515    11.7101    21.2163    34.1211    46.1224    52.2537    65.0977
5        0.1678     1.0463     1.9233     4.0770     8.3153    14.9702    21.7290    25.5413    33.7404
6        0.0226     0.2349     0.5090     1.3038     3.0207     6.0008     9.3028    11.3491    15.8808
7        0.0050     0.0649     0.1513     0.4282     0.9872     1.9937     3.2310     4.0749     5.9127
8        0.0015     0.0205     0.0480     0.1347     0.3009     0.5859     0.9476     1.2041     1.8026
9        0.0010     0.0125     0.0291     0.0776     0.1599     0.2710     0.3989     0.4900     0.6952
10        0.0002     0.0027     0.0063     0.0163     0.0324     0.0524     0.0735     0.0872     0.1196
11        0.0001     0.0011     0.0025     0.0063     0.0122     0.0194     0.0267     0.0317     0.0430
12        0.0000     0.0002     0.0004     0.0010     0.0020     0.0032     0.0044     0.0053     0.0076
13        0.0000     0.0001     0.0001     0.0003     0.0006     0.0010     0.0014     0.0018     0.0029
14        0.0000     0.0000     0.0001     0.0001     0.0002     0.0004     0.0006     0.0008     0.0017
15+       0.0000     0.0000     0.0000     0.0000     0.0001     0.0002     0.0003     0.0004     0.0020

2030

Age        1%         5%         10%        25%        50%        75%        90%        95%        99%    
1       68.6508    70.5963    79.0744   104.7374   168.5462   237.0515   279.7506   306.5604   325.5938
2       37.7407    42.0533    46.0733    61.4040    98.9264   139.9899   167.8761   182.6398   206.0257
3       11.2743    18.7610    22.0569    30.1890    50.3526    73.4188    92.9073   102.4225   121.5277
4        1.4812     5.1536     7.5917    12.2933    22.0395    35.1966    47.5028    53.7516    67.2362
5        0.1382     1.1378     2.1358     4.4744     8.9565    15.9498    22.9626    26.9674    35.3888
6        0.0136     0.2292     0.5446     1.4898     3.4590     6.8368    10.5628    12.9337    18.0419
7        0.0018     0.0515     0.1429     0.4782     1.2604     2.7262     4.5086     5.7086     8.5066
8        0.0005     0.0146     0.0444     0.1588     0.4186     0.9177     1.5760     2.0490     3.1638
9        0.0002     0.0048     0.0144     0.0508     0.1311     0.2747     0.4705     0.6155     0.9616
10        0.0001     0.0029     0.0087     0.0297     0.0710     0.1311     0.2031     0.2555     0.3775
11        0.0000     0.0007     0.0019     0.0064     0.0146     0.0258     0.0381     0.0463     0.0658
12        0.0000     0.0003     0.0008     0.0025     0.0056     0.0096     0.0139     0.0169     0.0238
13        0.0000     0.0001     0.0001     0.0004     0.0009     0.0016     0.0023     0.0028     0.0042
14        0.0000     0.0000     0.0000     0.0001     0.0003     0.0005     0.0007     0.0009     0.0015
15+       0.0000     0.0000     0.0000     0.0001     0.0002     0.0003     0.0005     0.0006     0.0017

2031

Age        1%         5%         10%        25%        50%        75%        90%        95%        99%    
1       68.6449    70.5650    78.9173   104.4750   168.5441   236.9401   280.3487   306.8457   332.8679
2       37.7188    42.0745    46.0899    61.1507    99.0500   140.4267   168.0971   183.2136   206.8517
3       11.5264    19.1160    22.3869    30.6941    50.9744    74.2733    93.5390   102.7244   121.0009
4        1.4986     5.5203     8.0360    12.8343    22.6581    35.7446    48.3512    54.6764    68.3652
5        0.1462     1.2408     2.3513     4.8297     9.4841    16.6135    23.8908    28.0079    36.9981
6        0.0129     0.2593     0.6208     1.6898     3.8098     7.4100    11.3367    13.7926    19.0989
7        0.0012     0.0527     0.1593     0.5583     1.4766     3.1672     5.2042     6.5897     9.7435
8        0.0002     0.0123     0.0430     0.1815     0.5454     1.2697     2.2342     2.9200     4.5948
9        0.0001     0.0036     0.0137     0.0616     0.1848     0.4353     0.7881     1.0573     1.7108
10        0.0000     0.0012     0.0045     0.0201     0.0591     0.1326     0.2387     0.3211     0.5217
11        0.0000     0.0008     0.0028     0.0119     0.0323     0.0650     0.1057     0.1356     0.2088
12        0.0000     0.0002     0.0006     0.0026     0.0067     0.0129     0.0200     0.0250     0.0365
13        0.0000     0.0001     0.0003     0.0010     0.0026     0.0048     0.0074     0.0092     0.0133
14        0.0000     0.0000     0.0000     0.0002     0.0004     0.0008     0.0012     0.0015     0.0023
15+       0.0000     0.0000     0.0000     0.0001     0.0002     0.0004     0.0006     0.0008     0.0017

2032

Age        1%         5%         10%        25%        50%        75%        90%        95%        99%    
1       68.6460    70.5249    79.0599   105.0858   168.5854   236.9211   280.2373   307.0002   330.1815
2       37.7423    42.1111    46.0853    61.1488    99.1985   140.6773   168.7084   183.4982   209.2291
3       12.0275    19.3460    22.5679    30.8145    51.3355    74.7785    93.9901   103.4002   121.6030
4        1.6122     5.8543     8.3264    13.1860    23.2182    36.3323    48.8986    55.1459    68.2649
5        0.1464     1.3963     2.5652     5.1576     9.8900    17.0727    24.5112    28.6815    37.9147
6        0.0126     0.2943     0.7102     1.8606     4.0870     7.7905    11.8999    14.4030    20.1301
7        0.0012     0.0623     0.1881     0.6474     1.6533     3.4739     5.6508     7.0918    10.3695
8        0.0002     0.0133     0.0499     0.2172     0.6489     1.4998     2.6042     3.4127     5.3073
9        0.0000     0.0033     0.0139     0.0717     0.2444     0.6092     1.1300     1.5237     2.5120
10        0.0000     0.0010     0.0045     0.0249     0.0843     0.2119     0.4023     0.5551     0.9373
11        0.0000     0.0004     0.0015     0.0083     0.0273     0.0656     0.1235     0.1693     0.2869
12        0.0000     0.0002     0.0010     0.0049     0.0151     0.0327     0.0556     0.0728     0.1163
13        0.0000     0.0001     0.0002     0.0011     0.0032     0.0065     0.0107     0.0136     0.0206
14        0.0000     0.0000     0.0001     0.0004     0.0012     0.0025     0.0039     0.0050     0.0075
15+       0.0000     0.0000     0.0000     0.0001     0.0003     0.0006     0.0010     0.0013     0.0021

2033

Age        1%         5%         10%        25%        50%        75%        90%        95%        99%    
1       68.6484    70.6889    79.0348   104.6559   168.4830   236.6042   279.1402   306.8291   328.2259
2       37.8682    42.1782    46.2574    61.4862    99.2757   140.9163   168.7164   183.2914   208.8917
3       12.3091    19.6242    22.7709    30.9499    51.5744    75.2899    94.4236   103.7661   123.8885
4        1.8030     6.0033     8.5369    13.3717    23.5362    36.8410    49.3074    55.6651    68.7773
5        0.1735     1.5240     2.7138     5.3915    10.2015    17.4884    24.9097    29.0685    37.8667
6        0.0141     0.3390     0.7919     2.0191     4.3088     8.0925    12.2510    14.9192    20.6890
7        0.0012     0.0719     0.2174     0.7269     1.7958     3.6870     5.9774     7.4616    10.9663
8        0.0002     0.0156     0.0597     0.2548     0.7357     1.6600     2.8523     3.6915     5.6592
9        0.0000     0.0036     0.0163     0.0872     0.2939     0.7257     1.3290     1.7904     2.9142
10        0.0000     0.0010     0.0047     0.0294     0.1121     0.2991     0.5811     0.8001     1.3814
11        0.0000     0.0003     0.0016     0.0103     0.0394     0.1051     0.2084     0.2952     0.5169
12        0.0000     0.0001     0.0006     0.0035     0.0128     0.0328     0.0646     0.0910     0.1582
13        0.0000     0.0001     0.0003     0.0021     0.0071     0.0166     0.0295     0.0395     0.0653
14        0.0000     0.0000     0.0001     0.0005     0.0015     0.0033     0.0057     0.0074     0.0116
15+       0.0000     0.0000     0.0000     0.0002     0.0007     0.0016     0.0026     0.0034     0.0054

2034

Age        1%         5%         10%        25%        50%        75%        90%        95%        99%    
1       68.6487    70.6990    79.0118   104.7097   168.5491   236.7606   280.1562   307.3990   332.0759
2       38.0076    42.2058    46.2070    61.2801    99.1873   140.6289   168.5431   183.3014   208.7602
3       12.7112    19.8215    22.9595    31.1808    51.8548    75.5786    94.7206   104.0453   123.8099
4        1.8885     6.3107     8.7726    13.5288    23.7863    37.1941    49.7373    56.0394    70.2579
5        0.1979     1.5925     2.8403     5.5137    10.4446    17.7816    25.2116    29.3952    38.1431
6        0.0175     0.3756     0.8490     2.1436     4.4861     8.3088    12.5010    15.1248    20.8950
7        0.0015     0.0848     0.2479     0.7985     1.9112     3.8487     6.1690     7.7411    11.2722
8        0.0002     0.0187     0.0703     0.2915     0.8083     1.7735     3.0386     3.9093     6.0103
9        0.0000     0.0043     0.0200     0.1034     0.3356     0.8093     1.4617     1.9505     3.1264
10        0.0000     0.0010     0.0056     0.0362     0.1359     0.3572     0.6891     0.9504     1.6121
11        0.0000     0.0003     0.0017     0.0125     0.0523     0.1481     0.3023     0.4272     0.7722
12        0.0000     0.0001     0.0006     0.0044     0.0185     0.0525     0.1089     0.1577     0.2886
13        0.0000     0.0000     0.0002     0.0015     0.0061     0.0166     0.0341     0.0492     0.0876
14        0.0000     0.0000     0.0001     0.0009     0.0034     0.0085     0.0157     0.0215     0.0367
15+       0.0000     0.0000     0.0000     0.0003     0.0011     0.0026     0.0045     0.0060     0.0094

Probability Spawning Stock Biomass Exceeds Threshold      3.660 (1000 MT)

Year    Probability

2021    0.017890
2022    0.016700
2023    0.125070
2024    0.051850
2025    0.115050
2026    0.267480
2027    0.362830
2028    0.429390
2029    0.480940
2030    0.519680
2031    0.550700
2032    0.572230
2033    0.589220
2034    0.602160

Probability Threshold Exceeded at Least Once =     0.8426

Probability Total Fishing Mortality Exceeds Threshold     0.8413 

Year    Probability

2021    1.000000
2022    1.000000
2023    1.000000
2024    1.000000
2025    0.429870
2026    0.365680
2027    0.320430
2028    0.262710
2029    0.231690
2030    0.206350
2031    0.188590
2032    0.174890
2033    0.166560
2034    0.158450

Probability Threshold Exceeded at Least Once =     1.0000


Requested Percentile Report

Percentile =    40.00 %

                                 2021       2022       2023       2024       2025       2026       2027       2028       2029       2030       2031       2032       2033       2034 

Recruits                     144.4565   145.5026   144.2208   144.8585   145.5065   144.5846   145.4360   145.9913   145.0866   145.2221   146.0392   144.4107   145.1218   143.8244 
Spawning Stock Biomass         2.1348     2.4770     2.7240     2.3641     2.3270     2.5069     2.7088     2.9248     3.1203     3.2822     3.4288     3.5290     3.6062     3.6714 
Jan-1 Stock Biomass            8.8133     8.8797     8.3581     7.7867     7.4716     7.7876     8.0600     8.3048     8.5728     8.7886     8.9490     9.0896     9.1909     9.2760 
Mean Biomass                   7.9096     7.6229     7.0436     6.5962     6.6240     6.9297     7.1866     7.4435     7.6843     7.8889     8.0301     8.1501     8.2380     8.3128 
Combined Catch Biomass         2.8215     3.2425     3.1535     2.8621     2.2500     2.2500     2.2500     2.1750     2.1750     2.1750     2.1750     2.1750     2.1750     2.1750 
Landings                       2.8215     3.2425     3.1535     2.8621     2.2500     2.2500     2.2500     2.1750     2.1750     2.1750     2.1750     2.1750     2.1750     2.1750 
FMort                          1.0794     1.0794     1.0794     1.0794     0.7442     0.6701     0.6153     0.5555     0.5244     0.5027     0.4880     0.4756     0.4669     0.4605 

Stock Numbers at Age
Age 1                        244.9740   144.4565   145.5026   144.2208   144.8585   145.5065   144.5846   145.4360   145.9913   145.0866   145.2221   146.0392   144.4107   145.1218 
Age 2                         93.8626   140.2368    82.8834    83.3515    82.6892    83.9555    84.3824    83.7271    84.6212    85.0897    84.8872    84.8476    85.3282    84.6551 
Age 3                         51.2273    42.4420    63.2257    37.3078    37.3841    39.3028    39.7512    40.1875    40.7199    41.5384    42.1624    42.2964    42.4199    42.9242 
Age 4                          9.1703    17.6952    14.5593    21.6635    12.7055    14.1220    15.2495    16.0128    16.8977    17.5518    18.2153    18.6522    18.9194    19.0697 
Age 5                          2.4696     2.7635     5.3670     4.4120     6.5603     4.3352     5.0712     5.7463     6.3891     6.9447     7.3588     7.7272     8.0169     8.2266 
Age 6                          0.8492     0.7224     0.7979     1.5505     1.2755     2.2624     1.5278     1.8719     2.2366     2.5670     2.8529     3.0860     3.2751     3.4244 
Age 7                          0.1227     0.2450     0.2086     0.2303     0.4479     0.4433     0.8176     0.5701     0.7369     0.8988     1.0584     1.1935     1.3151     1.4066 
Age 8                          0.0902     0.0370     0.0726     0.0618     0.0681     0.1578     0.1622     0.3096     0.2281     0.3013     0.3756     0.4494     0.5130     0.5719 
Age 9                          0.0063     0.0279     0.0114     0.0222     0.0189     0.0245     0.0592     0.0627     0.1258     0.0953     0.1277     0.1616     0.1952     0.2257 
Age 10                          0.0032     0.0020     0.0088     0.0036     0.0070     0.0070     0.0094     0.0234     0.0259     0.0532     0.0411     0.0562     0.0718     0.0869 
Age 11                          0.0009     0.0011     0.0007     0.0029     0.0012     0.0027     0.0027     0.0038     0.0098     0.0111     0.0233     0.0183     0.0252     0.0324 
Age 12                          0.0001     0.0003     0.0003     0.0002     0.0009     0.0005     0.0011     0.0011     0.0016     0.0043     0.0049     0.0104     0.0083     0.0115 
Age 13                          0.0000     0.0000     0.0001     0.0001     0.0001     0.0004     0.0002     0.0004     0.0005     0.0007     0.0019     0.0022     0.0048     0.0038 
Age 14                          0.0000     0.0000     0.0000     0.0000     0.0000     0.0000     0.0001     0.0001     0.0002     0.0002     0.0003     0.0009     0.0010     0.0022 
Age 15                          0.0000     0.0000     0.0000     0.0000     0.0000     0.0000     0.0000     0.0001     0.0001     0.0001     0.0002     0.0002     0.0005     0.0007 
