AGEPRO VERSION 4.2

Constant_Q_2175

Date & Time of Run: 25 May 2024  15:07

Input File Name:    Scenario2_1000.inp

First Age Class:                         1
Number of Age Classes:                  15
Number of Years in Projection:          14
Number of Fleets:                        9
Number of Recruitment Models:            3
Number of Bootstraps:                  100
Number of Simulations:                1000

Bootstrap File Name:            C:\Users\jon.brodziak\Desktop\2024 WCNPO MLS Rebuilding\Bootstrap-numbers-at-age\2023_WCNPOMLS.bsn

Number of Feasible Solutions:      99852  of     100000 Realizations

Input Harvest Scenario

Year  Type        Fleet-1    Fleet-2    Fleet-3    Fleet-4    Fleet-5    Fleet-6    Fleet-7    Fleet-8    Fleet-9    

2021  F-Mult       0.1651     0.0453     0.2588     0.0166     0.0610     0.0487     0.0642     0.0722     0.3475 
2022  F-Mult       0.1651     0.0453     0.2588     0.0166     0.0610     0.0487     0.0642     0.0722     0.3475 
2023  F-Mult       0.1651     0.0453     0.2588     0.0166     0.0610     0.0487     0.0642     0.0722     0.3475 
2024  F-Mult       0.1651     0.0453     0.2588     0.0166     0.0610     0.0487     0.0642     0.0722     0.3475 
2025  Landings        312        124        647         57        189         84        163        293        305 
2026  Landings        312        124        647         57        189         84        163        293        305 
2027  Landings        312        124        647         57        189         84        163        293        305 
2028  Landings        312        124        647         57        189         84        163        293        305 
2029  Landings        312        124        647         57        189         84        163        293        305 
2030  Landings        312        124        647         57        189         84        163        293        305 
2031  Landings        312        124        647         57        189         84        163        293        305 
2032  Landings        312        124        647         57        189         84        163        293        305 
2033  Landings        312        124        647         57        189         84        163        293        305 
2034  Landings        312        124        647         57        189         84        163        293        305 

Recruitment Selection Distribution

Year  Selection-1 Selection-2 Selection-3 

2021      0.1197     0.8417     0.0386 
2022      0.1213     0.8380     0.0407 
2023      0.1199     0.8408     0.0394 
2024      0.1202     0.8396     0.0402 
2025      0.1198     0.8409     0.0393 
2026      0.1200     0.8397     0.0404 
2027      0.1190     0.8412     0.0398 
2028      0.1215     0.8384     0.0401 
2029      0.1194     0.8405     0.0402 
2030      0.1182     0.8410     0.0408 
2031      0.1209     0.8394     0.0397 
2032      0.1198     0.8398     0.0404 
2033      0.1199     0.8408     0.0393 
2034      0.1188     0.8420     0.0392 

Recruits        1000  Fish

Year Class   Average        StdDev
2021        173.0741       80.4932
2022        173.1920       80.8798
2023        173.5444       81.8145
2024        173.3142       81.0950
2025        173.6983       81.0436
2026        173.7401       80.5775
2027        173.6445       81.4179
2028        173.7657       83.2979
2029        173.8518       82.1779
2030        174.2393       83.1024
2031        174.0075       82.9729
2032        174.1446       83.8871
2033        173.9479       83.3921
2034        174.2799       83.3845

Recruits Distribution

Year Class 1%         5%         10%        25%        50%        75%        90%        95%        99%    
2021    68.6579    70.7172    78.9605   104.4519   168.4610   236.4723   278.8362   305.7178   324.8938
2022    68.6422    70.6318    78.9643   104.8250   168.4615   236.2393   278.5076   305.7093   325.3912
2023    68.6365    70.4607    78.9019   104.7017   168.5124   236.5344   280.1804   306.5879   325.2626
2024    68.6552    70.6015    78.9438   104.6502   168.5256   235.8780   278.9791   306.0173   325.3927
2025    68.6447    70.8042    79.1704   104.8645   168.6122   236.8578   278.8513   306.0144   325.1808
2026    68.6419    70.6193    79.0037   105.0465   168.5954   236.7552   279.5450   306.6762   325.4767
2027    68.6590    70.9164    79.1239   104.9254   168.5218   236.7502   279.2736   306.3941   325.3222
2028    68.6428    70.9066    79.0859   104.8197   168.4524   236.3083   280.2263   307.2851   326.5991
2029    68.6543    70.9108    79.1947   105.1016   168.5160   236.5442   279.7354   307.1644   327.5536
2030    68.6441    70.7916    79.1315   105.0053   168.6155   236.9318   279.6288   306.6417   334.2271
2031    68.6245    70.6391    78.9916   104.8131   168.5672   236.6631   279.4687   306.6866   330.1540
2032    68.6622    70.7522    79.0846   104.9134   168.5189   236.9591   280.2662   306.7530   334.6923
2033    68.6358    70.5984    78.8846   104.8983   168.5416   236.3746   279.7763   306.5186   329.8898
2034    68.6271    70.7885    79.0352   105.0450   168.6091   236.6315   280.5440   307.3200   330.2065

Spawning Stock Biomass  x       1000 MT

Year       Average        StdDev
2021        2.2951        0.4574
2022        2.6080        0.4288
2023        2.9373        0.6082
2024        2.5841        0.6350
2025        2.6491        0.8720
2026        3.0269        1.3006
2027        3.3747        1.5944
2028        3.6559        1.7755
2029        3.8759        1.8855
2030        4.0422        1.9622
2031        4.1727        2.0324
2032        4.2743        2.0747
2033        4.3539        2.1076
2034        4.4146        2.1359

Spawning Stock Biomass Distribution

Year        1%         5%         10%        25%        50%        75%        90%        95%        99%   
2021     1.4631     1.7268     1.8313     2.0001     2.2273     2.5093     2.8092     3.0288     4.1465 
2022     1.7507     1.9649     2.0859     2.3101     2.5765     2.8552     3.1930     3.3973     3.7586 
2023     1.8414     2.0725     2.2112     2.4924     2.8677     3.3015     3.7637     4.0631     4.6043 
2024     1.4555     1.6797     1.8281     2.1225     2.5212     2.9813     3.4072     3.6651     4.2434 
2025     1.0918     1.4008     1.6125     2.0204     2.5648     3.1836     3.7694     4.1275     4.9223 
2026     0.7405     1.1972     1.4958     2.0940     2.8925     3.8121     4.6828     5.2291     6.4612 
2027     0.5854     1.1266     1.4931     2.2300     3.2155     4.3279     5.4125     6.1098     7.7349 
2028     0.5167     1.1286     1.5418     2.3851     3.4806     4.7120     5.9169     6.7231     8.5368 
2029     0.5097     1.1708     1.6237     2.5297     3.6941     5.0006     6.3026     7.1473     9.0859 
2030     0.5184     1.2180     1.7003     2.6411     3.8556     5.2074     6.5658     7.4446     9.4697 
2031     0.5218     1.2759     1.7681     2.7297     3.9761     5.3642     6.7703     7.6627     9.8232 
2032     0.5383     1.3107     1.8181     2.8083     4.0715     5.4956     6.8981     7.8336    10.0733 
2033     0.5522     1.3325     1.8660     2.8629     4.1578     5.5880     7.0298     7.9773    10.2566 
2034     0.5550     1.3612     1.8962     2.9067     4.2146     5.6695     7.1149     8.0582    10.3721 

JAN-1 Stock Biomass  x       1000 MT

Year       Average        StdDev
2021        9.2970        1.5941
2022        9.4657        1.7944
2023        8.9679        1.9061
2024        8.3984        1.9432
2025        8.1012        1.9494
2026        8.5842        2.3293
2027        9.0004        2.5837
2028        9.3394        2.7488
2029        9.6074        2.8796
2030        9.8126        2.9623
2031        9.9778        3.0282
2032       10.1055        3.0860
2033       10.2008        3.1248
2034       10.2723        3.1493

JAN-1 Stock Biomass Distribution

Year       1%         5%         10%        25%        50%        75%        90%        95%        99%    
2021     6.3343     6.9565     7.3668     8.1729     9.1691    10.1429    11.5514    12.2967    13.6687 
2022     6.0946     6.8038     7.2619     8.1845     9.3123    10.5933    11.8259    12.6160    14.2194 
2023     5.3559     6.1264     6.6465     7.6050     8.8304    10.1590    11.4134    12.2082    13.9134 
2024     4.7478     5.5230     6.0413     7.0281     8.2579     9.5937    10.8522    11.6529    13.5235 
2025     4.4165     5.2247     5.7470     6.7351     7.9519     9.2892    10.5706    11.3804    13.2946 
2026     4.1047     5.1259     5.7623     6.9565     8.4155    10.0081    11.5291    12.4994    14.8166 
2027     3.9316     5.1318     5.8639     7.2070     8.8289    10.5833    12.2738    13.3820    16.0007 
2028     3.9015     5.2151     5.9885     7.4359     9.1529    11.0162    12.8248    14.0079    16.7619 
2029     3.9223     5.3072     6.1381     7.6146     9.4055    11.3484    13.2440    14.5030    17.3659 
2030     3.9454     5.4131     6.2536     7.7600     9.6081    11.6006    13.5552    14.8110    17.8604 
2031     3.9865     5.4728     6.3488     7.8975     9.7759    11.7994    13.7623    15.1068    18.2271 
2032     4.0143     5.5445     6.4116     7.9881     9.9050    11.9548    13.9562    15.2908    18.4784 
2033     4.0188     5.5911     6.4739     8.0669     9.9971    12.0650    14.1117    15.4505    18.6155 
2034     4.0409     5.6257     6.5205     8.1259    10.0625    12.1432    14.2050    15.5541    18.7991 

Mean Biomass  x       1000 MT

Year       Average        StdDev
2021        8.4069        1.5268
2022        8.1962        1.7118
2023        7.6096        1.7764
2024        7.1747        1.8011
2025        7.3215        2.0735
2026        7.7783        2.4033
2027        8.1604        2.6181
2028        8.4646        2.7578
2029        8.7034        2.8709
2030        8.8874        2.9430
2031        9.0337        2.9978
2032        9.1444        3.0438
2033        9.2303        3.0842
2034        9.2923        3.0990

Mean Biomass Distribution

Year       1%         5%         10%        25%        50%        75%        90%        95%        99%    
2021     5.6416     6.1814     6.5603     7.2863     8.2803     9.2608    10.5394    11.2637    12.5679 
2022     5.0726     5.6886     6.1030     6.9546     8.0508     9.2724    10.4248    11.1409    12.6542 
2023     4.3337     5.0060     5.4507     6.3335     7.4767     8.7041     9.8790    10.6151    12.2503 
2024     3.8750     4.5449     5.0026     5.8896     7.0321     8.2780     9.4507    10.1964    11.8994 
2025     3.4162     4.2776     4.8242     5.8555     7.1714     8.5831     9.9500    10.8039    12.8330 
2026     3.1542     4.2050     4.8551     6.1028     7.6152     9.2425    10.8087    11.8446    14.1503 
2027     3.0138     4.2359     4.9842     6.3411     7.9847     9.7525    11.4979    12.5936    15.1255 
2028     3.0295     4.3303     5.1047     6.5503     8.2774    10.1483    11.9645    13.1378    15.7925 
2029     3.0440     4.4263     5.2457     6.7188     8.5026    10.4363    12.3341    13.5865    16.4793 
2030     3.0636     4.5196     5.3584     6.8509     8.6774    10.6634    12.6011    13.8542    16.8547 
2031     3.0831     4.5808     5.4538     6.9785     8.8280    10.8385    12.7935    14.1133    17.1750 
2032     3.1198     4.6354     5.5119     7.0580     8.9426    10.9749    12.9514    14.2681    17.3786 
2033     3.1403     4.6833     5.5580     7.1178     9.0197    11.0693    13.0776    14.3935    17.6158 
2034     3.1382     4.7199     5.5907     7.1807     9.0803    11.1331    13.1709    14.4674    17.7183 

Combined Catch Biomass  x       1000 MT

Year       Average        StdDev
2021        2.9747        0.4779
2022        3.4197        0.5698
2023        3.3740        0.6665
2024        3.0802        0.6932
2025        2.1750        0.0000
2026        2.1750        0.0000
2027        2.1749        0.0168
2028        2.1745        0.0330
2029        2.1742        0.0418
2030        2.1736        0.0546
2031        2.1731        0.0645
2032        2.1727        0.0714
2033        2.1722        0.0781
2034        2.1718        0.0836

Combined Catch Distribution

Year       1%         5%         10%        25%        50%        75%        90%        95%        99%    
2021     1.9719     2.3548     2.4556     2.6637     2.9114     3.2347     3.5484     3.7924     4.7146 
2022     2.3581     2.5785     2.7244     2.9981     3.3828     3.7478     4.2107     4.4905     4.9285 
2023     2.1329     2.3903     2.5599     2.8938     3.3188     3.7963     4.2459     4.5268     5.0999 
2024     1.7921     2.0613     2.2345     2.5828     3.0333     3.5071     3.9617     4.2526     4.8699 
2025     2.1750     2.1750     2.1750     2.1750     2.1750     2.1750     2.1750     2.1750     2.1750 
2026     2.1750     2.1750     2.1750     2.1750     2.1750     2.1750     2.1750     2.1750     2.1750 
2027     2.1750     2.1750     2.1750     2.1750     2.1750     2.1750     2.1750     2.1750     2.1750 
2028     2.1750     2.1750     2.1750     2.1750     2.1750     2.1750     2.1750     2.1750     2.1750 
2029     2.1750     2.1750     2.1750     2.1750     2.1750     2.1750     2.1750     2.1750     2.1750 
2030     2.1750     2.1750     2.1750     2.1750     2.1750     2.1750     2.1750     2.1750     2.1750 
2031     2.1750     2.1750     2.1750     2.1750     2.1750     2.1750     2.1750     2.1750     2.1750 
2032     2.1750     2.1750     2.1750     2.1750     2.1750     2.1750     2.1750     2.1750     2.1750 
2033     2.1750     2.1750     2.1750     2.1750     2.1750     2.1750     2.1750     2.1750     2.1750 
2034     2.1750     2.1750     2.1750     2.1750     2.1750     2.1750     2.1750     2.1750     2.1750 

Landings  x       1000 MT

Year       Average        StdDev
2021        2.9747        0.4779
2022        3.4197        0.5698
2023        3.3740        0.6665
2024        3.0802        0.6932
2025        2.1750        0.0000
2026        2.1750        0.0000
2027        2.1749        0.0168
2028        2.1745        0.0330
2029        2.1742        0.0418
2030        2.1736        0.0546
2031        2.1731        0.0645
2032        2.1727        0.0714
2033        2.1722        0.0781
2034        2.1718        0.0836

Landings Distribution

Year       1%         5%         10%        25%        50%        75%        90%        95%        99%    
2021     1.9719     2.3548     2.4556     2.6637     2.9114     3.2347     3.5484     3.7924     4.7146 
2022     2.3581     2.5785     2.7244     2.9981     3.3828     3.7478     4.2107     4.4905     4.9285 
2023     2.1329     2.3903     2.5599     2.8938     3.3188     3.7963     4.2459     4.5268     5.0999 
2024     1.7921     2.0613     2.2345     2.5828     3.0333     3.5071     3.9617     4.2526     4.8699 
2025     2.1750     2.1750     2.1750     2.1750     2.1750     2.1750     2.1750     2.1750     2.1750 
2026     2.1750     2.1750     2.1750     2.1750     2.1750     2.1750     2.1750     2.1750     2.1750 
2027     2.1750     2.1750     2.1750     2.1750     2.1750     2.1750     2.1750     2.1750     2.1750 
2028     2.1750     2.1750     2.1750     2.1750     2.1750     2.1750     2.1750     2.1750     2.1750 
2029     2.1750     2.1750     2.1750     2.1750     2.1750     2.1750     2.1750     2.1750     2.1750 
2030     2.1750     2.1750     2.1750     2.1750     2.1750     2.1750     2.1750     2.1750     2.1750 
2031     2.1750     2.1750     2.1750     2.1750     2.1750     2.1750     2.1750     2.1750     2.1750 
2032     2.1750     2.1750     2.1750     2.1750     2.1750     2.1750     2.1750     2.1750     2.1750 
2033     2.1750     2.1750     2.1750     2.1750     2.1750     2.1750     2.1750     2.1750     2.1750 
2034     2.1750     2.1750     2.1750     2.1750     2.1750     2.1750     2.1750     2.1750     2.1750 

Total Fishing Mortality

Year       Average        StdDev
2021        1.0794        0.0000
2022        1.0794        0.0000
2023        1.0794        0.0000
2024        1.0794        0.0000
2025        0.8160        0.2486
2026        0.7850        0.3584
2027        0.7551        0.4545
2028        0.7243        0.4970
2029        0.6964        0.5095
2030        0.6736        0.5127
2031        0.6549        0.4998
2032        0.6406        0.4874
2033        0.6299        0.4808
2034        0.6212        0.4649

Total Fishing Mortality Distribution

Year       1%         5%         10%        25%        50%        75%        90%        95%        99%    
2021     1.0794     1.0794     1.0794     1.0794     1.0794     1.0794     1.0794     1.0794     1.0794 
2022     1.0794     1.0794     1.0794     1.0794     1.0794     1.0794     1.0794     1.0794     1.0794 
2023     1.0794     1.0794     1.0794     1.0794     1.0794     1.0794     1.0794     1.0794     1.0794 
2024     1.0794     1.0794     1.0794     1.0794     1.0794     1.0794     1.0794     1.0794     1.0794 
2025     0.4310     0.5086     0.5529     0.6400     0.7664     0.9406     1.1477     1.2930     1.6109 
2026     0.3431     0.4187     0.4625     0.5535     0.6960     0.9108     1.2036     1.4521     2.1067 
2027     0.2961     0.3663     0.4082     0.4970     0.6389     0.8646     1.2043     1.5073     2.4870 
2028     0.2696     0.3359     0.3751     0.4605     0.5977     0.8204     1.1657     1.4986     2.6753 
2029     0.2551     0.3178     0.3561     0.4368     0.5686     0.7834     1.1234     1.4556     2.6583 
2030     0.2460     0.3055     0.3423     0.4213     0.5477     0.7565     1.0794     1.4067     2.6162 
2031     0.2379     0.2979     0.3338     0.4100     0.5334     0.7352     1.0488     1.3564     2.5624 
2032     0.2319     0.2925     0.3280     0.4015     0.5223     0.7175     1.0247     1.3294     2.5041 
2033     0.2296     0.2883     0.3229     0.3959     0.5138     0.7057     1.0040     1.3037     2.4273 
2034     0.2270     0.2856     0.3192     0.3914     0.5077     0.6973     0.9960     1.2811     2.3719 

JAN-1 Stock Numbers at Age  -       1000  Fish

2021

Age        1%         5%         10%        25%        50%        75%        90%        95%        99%    
1      140.2370   175.0900   184.8320   216.7130   261.1480   317.3690   385.6290   409.5080   464.9250
2       58.9389    77.9477    80.8620    85.4451   100.4175   112.5240   125.3470   138.4980   148.4390
3       34.1986    41.3466    43.5177    47.9381    54.8765    60.4455    67.3245    74.4817    84.8335
4        4.4701     6.3288     7.3712     8.3369     9.5330    10.8358    12.5169    14.0136    20.6054
5        1.2938     1.6031     1.7337     2.2441     2.6907     3.2695     4.2092     4.8898     7.4995
6        0.2917     0.4842     0.6024     0.6936     0.9665     1.2287     1.8234     2.1765     5.0518
7        0.0278     0.0584     0.0739     0.1025     0.1591     0.2261     0.3164     0.3996     1.3049
8        0.0082     0.0292     0.0370     0.0584     0.1092     0.1670     0.2575     0.4456     2.1858
9        0.0003     0.0014     0.0021     0.0035     0.0085     0.0144     0.0223     0.0334     0.2402
10        0.0001     0.0005     0.0007     0.0015     0.0043     0.0069     0.0143     0.0242     0.2609
11        0.0000     0.0001     0.0002     0.0004     0.0014     0.0028     0.0051     0.0082     0.1988
12        0.0000     0.0000     0.0000     0.0000     0.0001     0.0003     0.0005     0.0008     0.0280
13        0.0000     0.0000     0.0000     0.0000     0.0000     0.0002     0.0003     0.0005     0.0316
14        0.0000     0.0000     0.0000     0.0000     0.0000     0.0000     0.0001     0.0001     0.0183
15+       0.0000     0.0000     0.0000     0.0000     0.0000     0.0000     0.0000     0.0000     0.0127

2022

Age        1%         5%         10%        25%        50%        75%        90%        95%        99%    
1       68.6579    70.7172    78.9605   104.4519   168.4610   236.4723   278.8362   305.7178   324.8938
2       85.7973   100.6200   107.1720   123.7911   150.4136   184.2352   222.7750   242.8820   275.7411
3       26.7693    34.4593    36.2158    39.2581    44.7718    51.0474    57.9567    62.8211    70.7505
4       11.9427    13.9012    14.9409    16.5190    18.5524    20.8176    23.6339    25.9811    31.4129
5        1.4384     1.9479     2.1921     2.5234     2.9115     3.3271     3.8928     4.2955     6.5357
6        0.3767     0.4628     0.5098     0.6453     0.7742     0.9528     1.2410     1.4497     2.5939
7        0.0989     0.1451     0.1714     0.2056     0.2742     0.3648     0.5310     0.6299     1.6424
8        0.0095     0.0178     0.0219     0.0304     0.0465     0.0676     0.0970     0.1270     0.4536
9        0.0029     0.0091     0.0114     0.0183     0.0337     0.0513     0.0812     0.1368     0.7658
10        0.0001     0.0004     0.0007     0.0011     0.0027     0.0045     0.0074     0.0110     0.0869
11        0.0000     0.0002     0.0002     0.0005     0.0014     0.0023     0.0049     0.0080     0.0987
12        0.0000     0.0000     0.0001     0.0001     0.0005     0.0009     0.0017     0.0028     0.0745
13        0.0000     0.0000     0.0000     0.0000     0.0000     0.0001     0.0002     0.0003     0.0107
14        0.0000     0.0000     0.0000     0.0000     0.0000     0.0001     0.0001     0.0002     0.0121
15+       0.0000     0.0000     0.0000     0.0000     0.0000     0.0000     0.0000     0.0001     0.0121

2023

Age        1%         5%         10%        25%        50%        75%        90%        95%        99%    
1       68.6422    70.6318    78.9643   104.8250   168.4615   236.2393   278.5076   305.7093   325.3912
2       38.0950    41.3717    45.2449    59.7765    96.5358   136.1910   162.0673   175.7684   195.7526
3       38.5891    45.0097    48.2782    55.8603    67.9978    83.4224   100.7603   110.3493   125.6936
4        9.1397    11.5235    12.2657    13.4684    15.3504    17.6104    20.0230    21.6229    24.5954
5        3.5931     4.1644     4.4893     4.9894     5.6209     6.3542     7.2246     7.9290     9.5741
6        0.4160     0.5592     0.6269     0.7274     0.8419     0.9672     1.1310     1.2561     1.8863
7        0.1086     0.1324     0.1477     0.1856     0.2236     0.2776     0.3611     0.4214     0.7377
8        0.0292     0.0431     0.0502     0.0610     0.0813     0.1092     0.1584     0.1865     0.4868
9        0.0032     0.0055     0.0067     0.0093     0.0142     0.0208     0.0297     0.0392     0.1481
10        0.0010     0.0029     0.0036     0.0058     0.0106     0.0163     0.0259     0.0429     0.2596
11        0.0000     0.0001     0.0002     0.0004     0.0009     0.0015     0.0024     0.0036     0.0284
12        0.0000     0.0001     0.0001     0.0002     0.0005     0.0007     0.0016     0.0027     0.0332
13        0.0000     0.0000     0.0000     0.0000     0.0002     0.0003     0.0006     0.0009     0.0273
14        0.0000     0.0000     0.0000     0.0000     0.0000     0.0000     0.0001     0.0001     0.0039
15+       0.0000     0.0000     0.0000     0.0000     0.0000     0.0000     0.0000     0.0001     0.0085

2024

Age        1%         5%         10%        25%        50%        75%        90%        95%        99%    
1       68.6365    70.4607    78.9019   104.7017   168.5124   236.5344   280.1804   306.5879   325.2626
2       38.0945    41.2859    45.2234    59.9734    96.3619   135.9183   162.1636   176.1167   197.2688
3       16.8403    18.6710    20.4357    26.9403    43.3317    61.1353    73.4617    79.7690    90.8598
4       13.0778    15.2771    16.4762    19.1373    23.3258    28.7159    34.6071    38.1062    43.6144
5        2.7595     3.4392     3.6815     4.0742     4.6524     5.3577     6.1119     6.6116     7.5542
6        1.0271     1.1904     1.2861     1.4378     1.6248     1.8463     2.1040     2.3048     2.7842
7        0.1199     0.1608     0.1799     0.2093     0.2433     0.2815     0.3292     0.3674     0.5459
8        0.0319     0.0389     0.0438     0.0547     0.0663     0.0830     0.1080     0.1260     0.2176
9        0.0090     0.0132     0.0152     0.0187     0.0249     0.0337     0.0486     0.0574     0.1494
10        0.0011     0.0017     0.0021     0.0029     0.0045     0.0066     0.0094     0.0125     0.0475
11        0.0004     0.0009     0.0012     0.0019     0.0034     0.0053     0.0084     0.0139     0.0847
12        0.0000     0.0000     0.0001     0.0001     0.0003     0.0005     0.0008     0.0012     0.0094
13        0.0000     0.0000     0.0000     0.0001     0.0002     0.0003     0.0005     0.0009     0.0111
14        0.0000     0.0000     0.0000     0.0000     0.0001     0.0001     0.0002     0.0003     0.0099
15+       0.0000     0.0000     0.0000     0.0000     0.0000     0.0000     0.0000     0.0001     0.0044

2025

Age        1%         5%         10%        25%        50%        75%        90%        95%        99%    
1       68.6552    70.6015    78.9438   104.6502   168.5256   235.8780   278.9791   306.0173   325.3927
2       38.1078    41.2720    45.1580    59.9221    96.5526   136.2774   162.6800   176.4995   197.4943
3       16.8220    18.6310    20.3778    27.0099    43.2716    61.1141    73.6253    79.8971    91.6228
4        5.6622     6.3759     7.0028     9.2250    14.7883    20.8727    25.3374    27.5262    31.8570
5        3.9383     4.6042     4.9768     5.7977     7.0758     8.7262    10.5306    11.6161    13.3518
6        0.7908     0.9793     1.0528     1.1750     1.3459     1.5569     1.7779     1.9263     2.2112
7        0.2927     0.3410     0.3681     0.4137     0.4704     0.5370     0.6140     0.6738     0.8123
8        0.0355     0.0472     0.0529     0.0618     0.0721     0.0842     0.0984     0.1103     0.1624
9        0.0097     0.0118     0.0134     0.0167     0.0203     0.0255     0.0332     0.0390     0.0669
10        0.0028     0.0041     0.0048     0.0059     0.0079     0.0107     0.0154     0.0182     0.0474
11        0.0004     0.0006     0.0007     0.0010     0.0014     0.0021     0.0030     0.0041     0.0158
12        0.0001     0.0003     0.0004     0.0006     0.0011     0.0018     0.0028     0.0046     0.0281
13        0.0000     0.0000     0.0000     0.0000     0.0001     0.0002     0.0003     0.0004     0.0032
14        0.0000     0.0000     0.0000     0.0000     0.0001     0.0001     0.0002     0.0003     0.0038
15+       0.0000     0.0000     0.0000     0.0000     0.0000     0.0000     0.0001     0.0001     0.0050

2026

Age        1%         5%         10%        25%        50%        75%        90%        95%        99%    
1       68.6447    70.8042    79.1704   104.8645   168.6122   236.8578   278.8513   306.0144   325.1808
2       38.0243    41.7502    45.6902    60.6272    98.0897   138.5672   166.4296   180.6371   203.9587
3       15.2082    18.4116    20.6822    28.0949    47.3829    69.9056    86.7166    94.9026   110.8387
4        4.6252     6.1972     7.2606    10.1531    17.4562    26.5204    34.1288    37.9870    45.7854
5        1.4199     1.9873     2.3612     3.2797     5.4183     8.0449    10.5448    11.8718    14.4883
6        0.9873     1.3549     1.5715     1.9859     2.5643     3.3105     4.1283     4.6590     5.6844
7        0.2100     0.2837     0.3258     0.4009     0.4903     0.5922     0.7007     0.7734     0.9191
8        0.0788     0.1037     0.1178     0.1436     0.1743     0.2084     0.2450     0.2718     0.3315
9        0.0111     0.0152     0.0177     0.0220     0.0271     0.0331     0.0399     0.0454     0.0644
10        0.0031     0.0041     0.0048     0.0061     0.0078     0.0101     0.0134     0.0159     0.0263
11        0.0010     0.0015     0.0017     0.0023     0.0031     0.0043     0.0062     0.0075     0.0189
12        0.0001     0.0002     0.0003     0.0004     0.0006     0.0009     0.0012     0.0017     0.0063
13        0.0000     0.0001     0.0002     0.0003     0.0005     0.0007     0.0012     0.0018     0.0113
14        0.0000     0.0000     0.0000     0.0000     0.0000     0.0001     0.0001     0.0002     0.0013
15+       0.0000     0.0000     0.0000     0.0000     0.0000     0.0001     0.0001     0.0002     0.0036

2027

Age        1%         5%         10%        25%        50%        75%        90%        95%        99%    
1       68.6419    70.6193    79.0037   105.0465   168.5954   236.7552   279.5450   306.6762   325.4767
2       37.9109    41.9549    45.9636    60.8652    98.4722   139.6290   166.8386   181.4269   203.6359
3       13.5202    18.3093    21.1691    29.0098    48.8316    72.0442    90.3251    99.2907   116.7223
4        3.1120     5.5188     7.1079    10.8794    19.8892    31.9848    42.5450    47.8479    58.8968
5        0.7588     1.6309     2.2507     3.7009     6.7338    11.1676    15.5558    18.0133    23.0571
6        0.2273     0.5144     0.7190     1.1697     2.0020     3.2521     4.5890     5.3950     7.0393
7        0.1473     0.3248     0.4450     0.6849     0.9977     1.3808     1.8131     2.1032     2.7112
8        0.0317     0.0686     0.0928     0.1384     0.1944     0.2553     0.3172     0.3577     0.4439
9        0.0124     0.0259     0.0347     0.0509     0.0707     0.0913     0.1123     0.1270     0.1591
10        0.0020     0.0041     0.0054     0.0080     0.0112     0.0147     0.0184     0.0211     0.0294
11        0.0006     0.0012     0.0016     0.0023     0.0033     0.0045     0.0060     0.0073     0.0117
12        0.0002     0.0004     0.0006     0.0009     0.0013     0.0019     0.0027     0.0035     0.0082
13        0.0000     0.0001     0.0001     0.0001     0.0002     0.0004     0.0006     0.0008     0.0027
14        0.0000     0.0000     0.0001     0.0001     0.0002     0.0003     0.0005     0.0008     0.0050
15+       0.0000     0.0000     0.0000     0.0000     0.0000     0.0001     0.0001     0.0002     0.0022

2028

Age        1%         5%         10%        25%        50%        75%        90%        95%        99%    
1       68.6590    70.9164    79.1239   104.9254   168.5218   236.7502   279.2736   306.3941   325.3222
2       37.8586    41.9399    45.9187    61.1084    98.6158   140.0530   167.5522   182.3202   205.3816
3       12.5687    18.5693    21.6757    29.6810    49.8312    72.9741    91.6459   100.7796   118.0311
4        2.2998     5.3186     7.3134    11.6284    21.1333    33.9331    45.6199    51.5481    64.1169
5        0.3920     1.3572     2.1477     4.0303     8.0610    14.2318    20.4530    23.8771    31.0364
6        0.0931     0.3810     0.6575     1.3368     2.6602     4.8182     7.2046     8.7127    11.8347
7        0.0264     0.1214     0.2099     0.4213     0.7971     1.4000     2.1121     2.5825     3.5817
8        0.0170     0.0743     0.1272     0.2442     0.4122     0.6213     0.8581     1.0253     1.3865
9        0.0038     0.0161     0.0268     0.0501     0.0820     0.1179     0.1544     0.1783     0.2308
10        0.0015     0.0063     0.0103     0.0189     0.0304     0.0428     0.0555     0.0641     0.0831
11        0.0003     0.0010     0.0017     0.0030     0.0049     0.0069     0.0091     0.0107     0.0150
12        0.0001     0.0003     0.0005     0.0009     0.0014     0.0021     0.0029     0.0036     0.0058
13        0.0000     0.0001     0.0002     0.0004     0.0006     0.0009     0.0013     0.0017     0.0037
14        0.0000     0.0000     0.0000     0.0001     0.0001     0.0002     0.0003     0.0004     0.0012
15+       0.0000     0.0000     0.0000     0.0000     0.0001     0.0002     0.0003     0.0005     0.0033

2029

Age        1%         5%         10%        25%        50%        75%        90%        95%        99%    
1       68.6428    70.9066    79.0859   104.8197   168.4524   236.3083   280.2263   307.2851   326.5991
2       38.0078    42.1356    46.1243    61.0376    98.9387   139.9719   167.7748   182.2280   205.6493
3       12.2161    18.8275    22.0081    30.2554    50.2740    73.8660    92.8324   101.8236   120.1530
4        1.9105     5.4268     7.6552    12.2749    22.0447    34.9633    46.9480    53.0926    65.0728
5        0.2567     1.3023     2.2253     4.4324     8.8375    15.6268    22.4878    26.4137    34.7488
6        0.0403     0.3134     0.6254     1.4879     3.3026     6.3944     9.8337    11.9258    16.4638
7        0.0098     0.0895     0.1924     0.4884     1.0974     2.1550     3.4417     4.2920     6.2187
8        0.0029     0.0290     0.0622     0.1569     0.3364     0.6353     1.0149     1.2821     1.8741
9        0.0019     0.0176     0.0377     0.0911     0.1788     0.2933     0.4262     0.5216     0.7345
10        0.0004     0.0039     0.0082     0.0191     0.0362     0.0568     0.0783     0.0929     0.1252
11        0.0002     0.0016     0.0032     0.0074     0.0136     0.0209     0.0284     0.0336     0.0450
12        0.0000     0.0003     0.0005     0.0012     0.0022     0.0034     0.0047     0.0056     0.0080
13        0.0000     0.0001     0.0002     0.0004     0.0007     0.0010     0.0015     0.0019     0.0030
14        0.0000     0.0000     0.0001     0.0001     0.0003     0.0004     0.0007     0.0009     0.0018
15+       0.0000     0.0000     0.0000     0.0000     0.0001     0.0002     0.0003     0.0004     0.0021

2030

Age        1%         5%         10%        25%        50%        75%        90%        95%        99%    
1       68.6543    70.9108    79.1947   105.1016   168.5160   236.5442   279.7354   307.1644   327.5536
2       38.0782    42.2134    46.2139    61.2228    98.7694   140.0376   168.4431   183.2895   208.2509
3       12.6271    19.1572    22.3652    30.4606    50.9767    74.2156    93.3454   102.3918   120.5187
4        1.8416     5.6405     8.0459    12.7402    22.6076    35.7713    48.0862    54.1784    67.0465
5        0.2060     1.3526     2.3942     4.8002     9.4409    16.4300    23.4758    27.4721    35.5025
6        0.0258     0.3116     0.6615     1.6760     3.7152     7.1790    10.9872    13.4430    18.6444
7        0.0042     0.0746     0.1876     0.5595     1.3961     2.9299     4.8059     6.0385     8.7518
8        0.0011     0.0221     0.0589     0.1866     0.4737     0.9985     1.6935     2.1741     3.3182
9        0.0004     0.0073     0.0196     0.0611     0.1485     0.2996     0.5054     0.6562     1.0084
10        0.0002     0.0046     0.0119     0.0357     0.0805     0.1434     0.2183     0.2733     0.3982
11        0.0001     0.0010     0.0026     0.0076     0.0165     0.0281     0.0407     0.0494     0.0692
12        0.0000     0.0004     0.0011     0.0030     0.0063     0.0104     0.0149     0.0180     0.0249
13        0.0000     0.0001     0.0002     0.0005     0.0010     0.0017     0.0025     0.0030     0.0043
14        0.0000     0.0000     0.0001     0.0002     0.0003     0.0005     0.0008     0.0010     0.0016
15+       0.0000     0.0000     0.0000     0.0001     0.0002     0.0003     0.0005     0.0007     0.0018

2031

Age        1%         5%         10%        25%        50%        75%        90%        95%        99%    
1       68.6441    70.7916    79.1315   105.0053   168.6155   236.9318   279.6288   306.6417   334.2271
2       37.9757    42.2367    46.2258    61.4902    99.1697   140.2944   168.5084   183.3857   208.7162
3       12.3920    19.5156    22.6841    30.7990    50.9936    74.7007    93.9786   103.3625   122.8417
4        1.9409     5.8702     8.3093    13.0469    23.1426    36.2735    48.6178    54.8590    67.8929
5        0.2064     1.4423     2.5767     5.0970     9.8092    16.9965    24.2368    28.2958    36.7138
6        0.0215     0.3278     0.7231     1.8454     4.0442     7.6621    11.5851    14.0660    19.2705
7        0.0026     0.0756     0.2020     0.6414     1.6049     3.3389     5.4392     6.8808    10.0070
8        0.0006     0.0190     0.0591     0.2167     0.6114     1.3812     2.3981     3.1011     4.7188
9        0.0002     0.0060     0.0190     0.0742     0.2110     0.4771     0.8510     1.1249     1.8043
10        0.0001     0.0020     0.0065     0.0247     0.0676     0.1458     0.2572     0.3426     0.5493
11        0.0000     0.0013     0.0040     0.0145     0.0371     0.0714     0.1137     0.1455     0.2200
12        0.0000     0.0003     0.0009     0.0031     0.0077     0.0141     0.0215     0.0267     0.0387
13        0.0000     0.0001     0.0004     0.0012     0.0029     0.0053     0.0079     0.0098     0.0139
14        0.0000     0.0000     0.0001     0.0002     0.0005     0.0009     0.0013     0.0016     0.0024
15+       0.0000     0.0000     0.0000     0.0001     0.0002     0.0004     0.0007     0.0009     0.0017

2032

Age        1%         5%         10%        25%        50%        75%        90%        95%        99%    
1       68.6245    70.6391    78.9916   104.8131   168.5672   236.6631   279.4687   306.6866   330.1540
2       38.0152    42.3033    46.3078    61.4248    99.5048   140.8464   168.3440   183.1175   208.6838
3       12.5562    19.7559    22.8560    31.0860    51.5364    74.9789    94.2544   103.6507   123.5869
4        1.9193     6.1841     8.6297    13.3403    23.2863    36.6222    49.2476    55.6295    69.1660
5        0.2017     1.5616     2.7324     5.2947    10.1412    17.3730    24.7022    28.8010    37.4614
6        0.0211     0.3627     0.7989     1.9891     4.2652     8.0037    12.1137    14.6256    19.9782
7        0.0022     0.0825     0.2246     0.7202     1.7668     3.6156     5.7872     7.2500    10.4145
8        0.0004     0.0197     0.0653     0.2524     0.7108     1.5879     2.7373     3.5787     5.4682
9        0.0001     0.0053     0.0195     0.0873     0.2753     0.6651     1.2169     1.6262     2.5792
10        0.0000     0.0017     0.0065     0.0304     0.0966     0.2338     0.4354     0.5908     0.9912
11        0.0000     0.0006     0.0023     0.0103     0.0314     0.0723     0.1330     0.1820     0.3008
12        0.0000     0.0004     0.0014     0.0061     0.0174     0.0360     0.0600     0.0783     0.1224
13        0.0000     0.0001     0.0003     0.0013     0.0036     0.0072     0.0115     0.0146     0.0216
14        0.0000     0.0000     0.0001     0.0005     0.0014     0.0027     0.0042     0.0053     0.0078
15+       0.0000     0.0000     0.0000     0.0001     0.0004     0.0007     0.0011     0.0014     0.0022

2033

Age        1%         5%         10%        25%        50%        75%        90%        95%        99%    
1       68.6622    70.7522    79.0846   104.9134   168.5189   236.9591   280.2662   306.7530   334.6923
2       38.0045    42.2165    46.2437    61.3715    99.4335   140.7867   168.5481   183.1826   209.3354
3       12.7888    19.8650    22.9319    31.2323    51.9579    75.5208    94.2772   103.7586   123.8894
4        2.0203     6.3556     8.7769    13.5683    23.7235    36.9910    49.5596    55.9405    69.7259
5        0.2163     1.6592     2.8904     5.4649    10.3118    17.6429    25.1441    29.3346    38.2318
6        0.0223     0.3988     0.8673     2.1065     4.4431     8.2296    12.3910    14.9813    20.5165
7        0.0022     0.0921     0.2530     0.7806     1.8806     3.7967     6.0776     7.5931    10.8418
8        0.0004     0.0218     0.0736     0.2863     0.7918     1.7343     2.9329     3.7855     5.6978
9        0.0001     0.0055     0.0221     0.1021     0.3231     0.7704     1.3986     1.8756     2.9955
10        0.0000     0.0015     0.0068     0.0363     0.1262     0.3266     0.6277     0.8591     1.4221
11        0.0000     0.0005     0.0023     0.0128     0.0451     0.1159     0.2258     0.3151     0.5455
12        0.0000     0.0002     0.0008     0.0044     0.0149     0.0365     0.0697     0.0977     0.1652
13        0.0000     0.0001     0.0005     0.0026     0.0083     0.0184     0.0319     0.0427     0.0684
14        0.0000     0.0000     0.0001     0.0006     0.0017     0.0037     0.0062     0.0080     0.0122
15+       0.0000     0.0000     0.0001     0.0003     0.0009     0.0018     0.0028     0.0037     0.0056

2034

Age        1%         5%         10%        25%        50%        75%        90%        95%        99%    
1       68.6358    70.5984    78.8846   104.8983   168.5416   236.3746   279.7763   306.5186   329.8898
2       38.0612    42.2708    46.2670    61.5262    99.3563   140.7571   168.9722   183.6133   210.6247
3       12.8813    19.9486    23.0464    31.2363    52.0413    75.6265    94.6736   103.8436   123.8719
4        2.0833     6.4981     8.9146    13.7204    24.0442    37.4332    49.7874    56.1529    69.9359
5        0.2464     1.7235     2.9642     5.6136    10.5561    17.9269    25.3852    29.6401    38.8178
6        0.0243     0.4260     0.9252     2.1794     4.5484     8.4262    12.6816    15.3092    20.9704
7        0.0024     0.1030     0.2797     0.8367     1.9735     3.9302     6.2678     7.8001    11.1950
8        0.0005     0.0248     0.0838     0.3133     0.8489     1.8325     3.0922     3.9708     5.9922
9        0.0001     0.0061     0.0250     0.1172     0.3625     0.8474     1.5074     1.9953     3.1389
10        0.0000     0.0016     0.0078     0.0423     0.1498     0.3812     0.7268     0.9961     1.6585
11        0.0000     0.0005     0.0025     0.0155     0.0592     0.1623     0.3268     0.4602     0.7900
12        0.0000     0.0002     0.0009     0.0055     0.0214     0.0583     0.1187     0.1691     0.3045
13        0.0000     0.0001     0.0003     0.0019     0.0071     0.0185     0.0367     0.0525     0.0916
14        0.0000     0.0000     0.0002     0.0011     0.0040     0.0095     0.0171     0.0233     0.0385
15+       0.0000     0.0000     0.0001     0.0004     0.0013     0.0028     0.0049     0.0064     0.0099

Probability Spawning Stock Biomass Exceeds Threshold      3.660 (1000 MT)

Year    Probability

2021    0.017790
2022    0.016580
2023    0.124640
2024    0.050720
2025    0.121950
2026    0.285050
2027    0.390660
2028    0.458450
2029    0.507650
2030    0.541140
2031    0.565500
2032    0.583490
2033    0.598440
2034    0.608570

Probability Threshold Exceeded at Least Once =     0.8524

Probability Total Fishing Mortality Exceeds Threshold     0.8413 

Year    Probability

2021    1.000000
2022    1.000000
2023    1.000000
2024    1.000000
2025    0.376210
2026    0.313980
2027    0.268040
2028    0.234660
2029    0.209680
2030    0.192750
2031    0.177690
2032    0.166900
2033    0.159490
2034    0.153960

Probability Threshold Exceeded at Least Once =     1.0000


Requested Percentile Report

Percentile =    40.00 %

                                 2021       2022       2023       2024       2025       2026       2027       2028       2029       2030       2031       2032       2033       2034 

Recruits                     144.4264   144.2523   144.7336   144.8602   145.6324   145.9024   144.9904   144.4395   145.4860   146.2708   145.7728   145.0103   145.2548   146.3570 
Spawning Stock Biomass         2.1351     2.4788     2.7209     2.3614     2.3512     2.5766     2.8280     3.0581     3.2390     3.3890     3.4894     3.5789     3.6528     3.7040 
Jan-1 Stock Biomass            8.8087     8.8732     8.3632     7.7851     7.4888     7.8537     8.2003     8.4962     8.7153     8.8955     9.0405     9.1664     9.2419     9.3135 
Mean Biomass                   7.9139     7.6132     7.0386     6.5916     6.6619     7.0311     7.3588     7.6270     7.8219     7.9817     8.1089     8.2109     8.2853     8.3624 
Combined Catch Biomass         2.8201     3.2401     3.1493     2.8602     2.1750     2.1750     2.1750     2.1750     2.1750     2.1750     2.1750     2.1750     2.1750     2.1750 
Landings                       2.8201     3.2401     3.1493     2.8602     2.1750     2.1750     2.1750     2.1750     2.1750     2.1750     2.1750     2.1750     2.1750     2.1750 
FMort                          1.0794     1.0794     1.0794     1.0794     0.7144     0.6363     0.5786     0.5391     0.5121     0.4940     0.4803     0.4708     0.4630     0.4578 

Stock Numbers at Age
Age 1                        244.9740   144.4264   144.2523   144.7336   144.8602   145.6324   145.9024   144.9904   144.4395   145.4860   146.2708   145.7728   145.0103   145.2548 
Age 2                         93.8626   140.2561    82.9808    82.8389    83.1295    84.4329    84.8751    84.9744    84.8465    84.4136    85.0877    85.7374    85.3504    85.1480 
Age 3                         51.2273    42.4624    63.2382    37.2841    37.2593    39.9480    40.6463    41.1749    41.7040    41.9890    41.9875    42.5177    43.0793    43.0951 
Age 4                          9.1703    17.7050    14.5657    21.6569    12.7091    14.4003    15.9347    16.8485    17.6014    18.1190    18.5312    18.7437    19.1167    19.3934 
Age 5                          2.4696     2.7639     5.3673     4.4143     6.5535     4.4763     5.3487     6.2076     6.8255     7.3231     7.6562     7.9506     8.1071     8.3242 
Age 6                          0.8492     0.7221     0.7977     1.5509     1.2754     2.3303     1.6290     2.0569     2.4628     2.7799     3.0508     3.2342     3.3838     3.4920 
Age 7                          0.1227     0.2451     0.2086     0.2302     0.4479     0.4557     0.8731     0.6301     0.8245     1.0069     1.1605     1.2917     1.3872     1.4590 
Age 8                          0.0902     0.0370     0.0727     0.0618     0.0681     0.1624     0.1729     0.3457     0.2574     0.3432     0.4255     0.4976     0.5579     0.6053 
Age 9                          0.0063     0.0279     0.0114     0.0223     0.0189     0.0251     0.0630     0.0694     0.1433     0.1095     0.1479     0.1853     0.2185     0.2469 
Age 10                          0.0032     0.0020     0.0088     0.0036     0.0070     0.0072     0.0099     0.0258     0.0292     0.0616     0.0481     0.0652     0.0829     0.0980 
Age 11                          0.0009     0.0011     0.0007     0.0029     0.0012     0.0027     0.0029     0.0041     0.0111     0.0128     0.0273     0.0216     0.0295     0.0377 
Age 12                          0.0001     0.0003     0.0003     0.0002     0.0009     0.0005     0.0011     0.0012     0.0018     0.0049     0.0057     0.0124     0.0099     0.0135 
Age 13                          0.0000     0.0000     0.0001     0.0001     0.0001     0.0004     0.0002     0.0005     0.0005     0.0008     0.0022     0.0026     0.0057     0.0046 
Age 14                          0.0000     0.0000     0.0000     0.0000     0.0000     0.0000     0.0001     0.0001     0.0002     0.0002     0.0004     0.0010     0.0012     0.0026 
Age 15                          0.0000     0.0000     0.0000     0.0000     0.0000     0.0000     0.0000     0.0001     0.0001     0.0001     0.0002     0.0003     0.0006     0.0009 
