AGEPRO VERSION 4.2

Phased_Q_240022002100

Date & Time of Run: 22 May 2024  18:40

Input File Name:    Scenario6_1000.inp

First Age Class:                         1
Number of Age Classes:                  15
Number of Years in Projection:          14
Number of Fleets:                        9
Number of Recruitment Models:            3
Number of Bootstraps:                  100
Number of Simulations:                1000

Bootstrap File Name:            C:\Users\jon.brodziak\Desktop\2024 WCNPO MLS Rebuilding\Bootstrap-numbers-at-age\2023_WCNPOMLS.bsn

Number of Feasible Solutions:      99685  of     100000 Realizations

Input Harvest Scenario

Year  Type        Fleet-1    Fleet-2    Fleet-3    Fleet-4    Fleet-5    Fleet-6    Fleet-7    Fleet-8    Fleet-9    

2021  F-Mult       0.1651     0.0453     0.2588     0.0166     0.0610     0.0487     0.0642     0.0722     0.3475 
2022  F-Mult       0.1651     0.0453     0.2588     0.0166     0.0610     0.0487     0.0642     0.0722     0.3475 
2023  F-Mult       0.1651     0.0453     0.2588     0.0166     0.0610     0.0487     0.0642     0.0722     0.3475 
2024  F-Mult       0.1651     0.0453     0.2588     0.0166     0.0610     0.0487     0.0642     0.0722     0.3475 
2025  Landings        344        137        713         63        208         93        180        324        337 
2026  Landings        344        137        713         63        208         93        180        324        337 
2027  Landings        344        137        713         63        208         93        180        324        337 
2028  Landings        316        125        654         58        191         85        165        297        309 
2029  Landings        316        125        654         58        191         85        165        297        309 
2030  Landings        316        125        654         58        191         85        165        297        309 
2031  Landings        316        125        654         58        191         85        165        297        309 
2032  Landings        301        119        624         56        182         82        157        283        295 
2033  Landings        301        119        624         56        182         82        157        283        295 
2034  Landings        301        119        624         56        182         82        157        283        295 

Recruitment Selection Distribution

Year  Selection-1 Selection-2 Selection-3 

2021      0.1207     0.8397     0.0396 
2022      0.1213     0.8376     0.0411 
2023      0.1194     0.8398     0.0409 
2024      0.1197     0.8410     0.0393 
2025      0.1213     0.8381     0.0406 
2026      0.1196     0.8405     0.0398 
2027      0.1181     0.8418     0.0400 
2028      0.1194     0.8407     0.0399 
2029      0.1211     0.8377     0.0412 
2030      0.1215     0.8394     0.0391 
2031      0.1199     0.8404     0.0397 
2032      0.1202     0.8402     0.0396 
2033      0.1210     0.8394     0.0397 
2034      0.1212     0.8382     0.0406 

Recruits        1000  Fish

Year Class   Average        StdDev
2021        173.4006       80.9015
2022        173.6358       81.3101
2023        173.6371       81.7214
2024        173.3599       81.0778
2025        173.2736       80.6750
2026        173.0524       80.8444
2027        173.3066       80.3942
2028        173.0232       81.5893
2029        173.2282       80.8357
2030        173.2946       81.0872
2031        173.5892       81.9820
2032        173.6269       82.5427
2033        173.5546       82.3943
2034        173.8762       82.8478

Recruits Distribution

Year Class 1%         5%         10%        25%        50%        75%        90%        95%        99%    
2021    68.6598    70.8987    79.2020   105.0821   168.5141   236.4994   279.0873   305.9757   325.0822
2022    68.6517    70.8352    79.2146   105.0500   168.5066   236.3643   278.8043   305.8761   325.2844
2023    68.6416    70.5533    78.9828   104.6151   168.5122   236.1924   279.4697   306.3122   325.6424
2024    68.6325    70.5595    79.0193   104.5003   168.5020   236.3055   279.1674   306.4837   325.2021
2025    68.6349    70.5662    78.9543   104.5839   168.4889   236.0990   278.9910   306.1800   325.3217
2026    68.6303    70.7846    79.0779   104.7693   168.4255   235.7551   278.8129   306.3037   324.9855
2027    68.6272    70.6916    79.0686   105.1358   168.5066   236.0538   278.1270   305.5370   325.0855
2028    68.6225    70.7048    78.9968   104.7065   168.3775   236.0454   278.4956   306.1972   325.3358
2029    68.6433    70.6333    78.9787   104.5855   168.4662   236.2401   279.3001   306.2266   325.2377
2030    68.6291    70.6143    79.0919   104.8522   168.5056   235.9497   278.6771   305.8158   325.3597
2031    68.6390    70.5040    78.8711   104.7772   168.4981   236.5323   278.9710   306.6541   325.6321
2032    68.6266    70.4335    78.7708   104.4996   168.4881   236.7350   279.6771   306.8586   325.7305
2033    68.6553    70.5962    79.0089   104.7741   168.4437   236.6404   280.1581   306.4747   325.5518
2034    68.6456    70.6157    78.9175   104.5974   168.4556   236.6728   280.2092   306.8801   337.5635

Spawning Stock Biomass  x       1000 MT

Year       Average        StdDev
2021        2.2962        0.4598
2022        2.6085        0.4299
2023        2.9388        0.6099
2024        2.5875        0.6368
2025        2.5750        0.8751
2026        2.8137        1.2890
2027        3.0360        1.5660
2028        3.2815        1.7385
2029        3.5375        1.8567
2030        3.7472        1.9375
2031        3.9096        1.9964
2032        4.0743        2.0386
2033        4.2393        2.0738
2034        4.3748        2.1062

Spawning Stock Biomass Distribution

Year        1%         5%         10%        25%        50%        75%        90%        95%        99%   
2021     1.4654     1.7245     1.8297     1.9996     2.2290     2.5097     2.8110     3.0330     4.1594 
2022     1.7510     1.9603     2.0853     2.3111     2.5774     2.8540     3.1939     3.4047     3.7644 
2023     1.8344     2.0733     2.2141     2.4948     2.8683     3.3036     3.7684     4.0708     4.6087 
2024     1.4634     1.6841     1.8318     2.1232     2.5221     2.9845     3.4119     3.6734     4.2498 
2025     1.0088     1.3271     1.5369     1.9476     2.4920     3.1078     3.6980     4.0603     4.8769 
2026     0.5551     0.9996     1.2937     1.8864     2.6811     3.5881     4.4601     5.0063     6.2439 
2027     0.3437     0.8393     1.1887     1.9047     2.8731     3.9615     5.0305     5.7155     7.3196 
2028     0.2998     0.8357     1.2238     2.0247     3.0973     4.3143     5.5060     6.2859     8.1328 
2029     0.3269     0.9102     1.3394     2.1939     3.3433     4.6412     5.9205     6.7594     8.7507 
2030     0.3490     0.9947     1.4394     2.3561     3.5481     4.8957     6.2349     7.0920     9.1688 
2031     0.3571     1.0542     1.5313     2.4773     3.7173     5.0969     6.4642     7.3667     9.4279 
2032     0.3884     1.1462     1.6426     2.6200     3.8888     5.2877     6.6778     7.6010     9.7252 
2033     0.4468     1.2509     1.7656     2.7672     4.0355     5.4796     6.8913     7.8383    10.0048 
2034     0.4808     1.3337     1.8695     2.8909     4.1761     5.6138     7.0656     8.0149    10.2563 

JAN-1 Stock Biomass  x       1000 MT

Year       Average        StdDev
2021        9.2921        1.5937
2022        9.4652        1.8051
2023        8.9741        1.9181
2024        8.4053        1.9497
2025        8.1041        1.9601
2026        8.3964        2.3357
2027        8.6455        2.5855
2028        8.8541        2.7538
2029        9.1723        2.8675
2030        9.4298        2.9497
2031        9.6321        3.0109
2032        9.7921        3.0557
2033       10.0016        3.0976
2034       10.1682        3.1298

JAN-1 Stock Biomass Distribution

Year       1%         5%         10%        25%        50%        75%        90%        95%        99%    
2021     6.3364     6.9436     7.3681     8.1671     9.1678    10.1334    11.5440    12.2912    13.6969 
2022     6.0959     6.8098     7.2639     8.1803     9.3141    10.5772    11.8235    12.6325    14.2232 
2023     5.3887     6.1433     6.6403     7.6099     8.8373    10.1579    11.4130    12.2193    13.9860 
2024     4.7629     5.5314     6.0433     7.0325     8.2615     9.5896    10.8731    11.7017    13.5956 
2025     4.3978     5.2111     5.7335     6.7252     7.9617     9.3006    10.5790    11.4062    13.2666 
2026     3.8829     4.9112     5.5632     6.7653     8.2355     9.8293    11.3479    12.3275    14.6026 
2027     3.5765     4.7907     5.5185     6.8431     8.4629    10.2333    11.9084    13.0265    15.5563 
2028     3.4595     4.7473     5.5338     6.9355     8.6658    10.5295    12.3422    13.5215    16.3111 
2029     3.5246     4.9003     5.7131     7.1873     8.9730    10.9229    12.8132    14.0460    16.8887 
2030     3.5474     5.0234     5.8661     7.3944     9.2396    11.2311    13.1516    14.4195    17.2919 
2031     3.5947     5.1478     6.0045     7.5644     9.4487    11.4659    13.4163    14.7279    17.6655 
2032     3.6647     5.2415     6.1305     7.7044     9.5980    11.6380    13.6531    14.9415    17.9866 
2033     3.7478     5.4159     6.3064     7.8929     9.8020    11.8639    13.8872    15.2164    18.4002 
2034     3.8038     5.5346     6.4479     8.0521     9.9683    12.0543    14.0841    15.4399    18.6178 

Mean Biomass  x       1000 MT

Year       Average        StdDev
2021        8.4067        1.5271
2022        8.2006        1.7196
2023        7.6205        1.7862
2024        7.1844        1.8075
2025        7.2195        2.0851
2026        7.4986        2.4183
2027        7.7266        2.6242
2028        8.0074        2.7602
2029        8.2976        2.8604
2030        8.5291        2.9282
2031        8.7091        2.9751
2032        8.9018        3.0193
2033        9.0915        3.0567
2034        9.2396        3.0825

Mean Biomass Distribution

Year       1%         5%         10%        25%        50%        75%        90%        95%        99%    
2021     5.6353     6.1826     6.5635     7.2848     8.2773     9.2685    10.5399    11.2577    12.5737 
2022     5.0745     5.6927     6.1197     6.9535     8.0577     9.2746    10.4298    11.1616    12.6796 
2023     4.3581     5.0101     5.4571     6.3466     7.4820     8.7190     9.8799    10.6491    12.2724 
2024     3.8877     4.5573     5.0077     5.9019     7.0393     8.2818     9.4771    10.2484    11.9611 
2025     3.2831     4.1357     4.6926     5.7426     7.0751     8.4926     9.8619    10.7361    12.7177 
2026     2.8208     3.8986     4.5695     5.8058     7.3282     8.9711    10.5484    11.5669    13.9695 
2027     2.5647     3.8144     4.5488     5.8982     7.5494     9.3314    11.0406    12.1665    14.8005 
2028     2.5791     3.8944     4.6769     6.0885     7.8264     9.6811    11.5157    12.6964    15.4387 
2029     2.6452     4.0273     4.8482     6.3195     8.1094    10.0482    11.9293    13.1247    15.9648 
2030     2.6714     4.1512     5.0010     6.5065     8.3570    10.3177    12.2363    13.4836    16.3230 
2031     2.7311     4.2767     5.1257     6.6589     8.5296    10.5338    12.4413    13.7345    16.6942 
2032     2.8309     4.4061     5.2817     6.8372     8.7065    10.7322    12.6870    14.0043    17.0075 
2033     2.9173     4.5576     5.4355     7.0137     8.8919    10.9160    12.9277    14.2554    17.4781 
2034     2.9971     4.6788     5.5594     7.1517     9.0325    11.0913    13.1192    14.4148    17.6514 

Combined Catch Biomass  x       1000 MT

Year       Average        StdDev
2021        2.9747        0.4780
2022        3.4198        0.5695
2023        3.3763        0.6694
2024        3.0839        0.6954
2025        2.4000        0.0000
2026        2.4000        0.0076
2027        2.3990        0.0486
2028        2.1980        0.0671
2029        2.1967        0.0854
2030        2.1956        0.0978
2031        2.1947        0.1079
2032        2.0943        0.1092
2033        2.0937        0.1145
2034        2.0934        0.1177

Combined Catch Distribution

Year       1%         5%         10%        25%        50%        75%        90%        95%        99%    
2021     1.9712     2.3534     2.4537     2.6635     2.9133     3.2335     3.5445     3.7932     4.7083 
2022     2.3539     2.5787     2.7245     2.9998     3.3836     3.7474     4.2125     4.4894     4.9278 
2023     2.1361     2.3939     2.5596     2.8915     3.3237     3.7969     4.2416     4.5337     5.1172 
2024     1.7999     2.0646     2.2418     2.5895     3.0330     3.5130     3.9648     4.2536     4.8859 
2025     2.4000     2.4000     2.4000     2.4000     2.4000     2.4000     2.4000     2.4000     2.4000 
2026     2.4000     2.4000     2.4000     2.4000     2.4000     2.4000     2.4000     2.4000     2.4000 
2027     2.4000     2.4000     2.4000     2.4000     2.4000     2.4000     2.4000     2.4000     2.4000 
2028     2.2000     2.2000     2.2000     2.2000     2.2000     2.2000     2.2000     2.2000     2.2000 
2029     2.2000     2.2000     2.2000     2.2000     2.2000     2.2000     2.2000     2.2000     2.2000 
2030     2.2000     2.2000     2.2000     2.2000     2.2000     2.2000     2.2000     2.2000     2.2000 
2031     2.2000     2.2000     2.2000     2.2000     2.2000     2.2000     2.2000     2.2000     2.2000 
2032     2.1000     2.1000     2.1000     2.1000     2.1000     2.1000     2.1000     2.1000     2.1000 
2033     2.1000     2.1000     2.1000     2.1000     2.1000     2.1000     2.1000     2.1000     2.1000 
2034     2.1000     2.1000     2.1000     2.1000     2.1000     2.1000     2.1000     2.1000     2.1000 

Landings  x       1000 MT

Year       Average        StdDev
2021        2.9747        0.4780
2022        3.4198        0.5695
2023        3.3763        0.6694
2024        3.0839        0.6954
2025        2.4000        0.0000
2026        2.4000        0.0076
2027        2.3990        0.0486
2028        2.1980        0.0671
2029        2.1967        0.0854
2030        2.1956        0.0978
2031        2.1947        0.1079
2032        2.0943        0.1092
2033        2.0937        0.1145
2034        2.0934        0.1177

Landings Distribution

Year       1%         5%         10%        25%        50%        75%        90%        95%        99%    
2021     1.9712     2.3534     2.4537     2.6635     2.9133     3.2335     3.5445     3.7932     4.7083 
2022     2.3539     2.5787     2.7245     2.9998     3.3836     3.7474     4.2125     4.4894     4.9278 
2023     2.1361     2.3939     2.5596     2.8915     3.3237     3.7969     4.2416     4.5337     5.1172 
2024     1.7999     2.0646     2.2418     2.5895     3.0330     3.5130     3.9648     4.2536     4.8859 
2025     2.4000     2.4000     2.4000     2.4000     2.4000     2.4000     2.4000     2.4000     2.4000 
2026     2.4000     2.4000     2.4000     2.4000     2.4000     2.4000     2.4000     2.4000     2.4000 
2027     2.4000     2.4000     2.4000     2.4000     2.4000     2.4000     2.4000     2.4000     2.4000 
2028     2.2000     2.2000     2.2000     2.2000     2.2000     2.2000     2.2000     2.2000     2.2000 
2029     2.2000     2.2000     2.2000     2.2000     2.2000     2.2000     2.2000     2.2000     2.2000 
2030     2.2000     2.2000     2.2000     2.2000     2.2000     2.2000     2.2000     2.2000     2.2000 
2031     2.2000     2.2000     2.2000     2.2000     2.2000     2.2000     2.2000     2.2000     2.2000 
2032     2.1000     2.1000     2.1000     2.1000     2.1000     2.1000     2.1000     2.1000     2.1000 
2033     2.1000     2.1000     2.1000     2.1000     2.1000     2.1000     2.1000     2.1000     2.1000 
2034     2.1000     2.1000     2.1000     2.1000     2.1000     2.1000     2.1000     2.1000     2.1000 

Total Fishing Mortality

Year       Average        StdDev
2021        1.0794        0.0000
2022        1.0794        0.0000
2023        1.0794        0.0000
2024        1.0794        0.0000
2025        0.9245        0.2928
2026        0.9437        0.4926
2027        0.9567        0.6922
2028        0.8494        0.6964
2029        0.7959        0.6632
2030        0.7548        0.6346
2031        0.7236        0.6061
2032        0.6591        0.5330
2033        0.6277        0.4852
2034        0.6058        0.4637

Total Fishing Mortality Distribution

Year       1%         5%         10%        25%        50%        75%        90%        95%        99%    
2021     1.0794     1.0794     1.0794     1.0794     1.0794     1.0794     1.0794     1.0794     1.0794 
2022     1.0794     1.0794     1.0794     1.0794     1.0794     1.0794     1.0794     1.0794     1.0794 
2023     1.0794     1.0794     1.0794     1.0794     1.0794     1.0794     1.0794     1.0794     1.0794 
2024     1.0794     1.0794     1.0794     1.0794     1.0794     1.0794     1.0794     1.0794     1.0794 
2025     0.4803     0.5676     0.6179     0.7185     0.8644     1.0672     1.3104     1.4913     1.8741 
2026     0.3887     0.4792     0.5316     0.6415     0.8165     1.0911     1.4841     1.8275     2.8405 
2027     0.3392     0.4260     0.4783     0.5888     0.7743     1.0823     1.5657     2.0541     3.7600 
2028     0.2832     0.3592     0.4048     0.5026     0.6676     0.9491     1.4114     1.8838     3.6968 
2029     0.2656     0.3367     0.3792     0.4709     0.6256     0.8877     1.3150     1.7625     3.4169 
2030     0.2550     0.3228     0.3626     0.4491     0.5948     0.8403     1.2444     1.6585     3.2134 
2031     0.2493     0.3126     0.3515     0.4340     0.5714     0.8070     1.1810     1.5698     3.0661 
2032     0.2321     0.2902     0.3261     0.4012     0.5261     0.7347     1.0683     1.4071     2.7417 
2033     0.2260     0.2827     0.3174     0.3895     0.5082     0.7023     1.0068     1.3178     2.4676 
2034     0.2202     0.2768     0.3103     0.3810     0.4947     0.6790     0.9719     1.2463     2.3397 

JAN-1 Stock Numbers at Age  -       1000  Fish

2021

Age        1%         5%         10%        25%        50%        75%        90%        95%        99%    
1      140.2370   175.0900   184.8320   216.7130   261.1480   317.3690   385.6290   409.5080   464.9250
2       58.9389    77.9477    80.8620    85.4451   100.4175   112.5240   125.3470   138.4980   148.4390
3       34.1986    41.3466    43.5177    47.9381    54.8765    60.4455    67.3245    74.4817    84.8335
4        4.4701     6.3288     7.3712     8.3369     9.5330    10.8358    12.5169    14.0136    20.6054
5        1.2938     1.6031     1.7337     2.2441     2.6907     3.2695     4.2092     4.8898     7.4995
6        0.2917     0.4842     0.6024     0.6936     0.9665     1.2287     1.8234     2.1765     5.0518
7        0.0278     0.0584     0.0739     0.1025     0.1591     0.2261     0.3164     0.3996     1.3049
8        0.0082     0.0292     0.0370     0.0584     0.1092     0.1670     0.2575     0.4456     2.1858
9        0.0003     0.0014     0.0021     0.0035     0.0085     0.0144     0.0223     0.0334     0.2402
10        0.0001     0.0005     0.0007     0.0015     0.0043     0.0069     0.0143     0.0242     0.2609
11        0.0000     0.0001     0.0002     0.0004     0.0014     0.0028     0.0051     0.0082     0.1988
12        0.0000     0.0000     0.0000     0.0000     0.0001     0.0003     0.0005     0.0008     0.0280
13        0.0000     0.0000     0.0000     0.0000     0.0000     0.0002     0.0003     0.0005     0.0316
14        0.0000     0.0000     0.0000     0.0000     0.0000     0.0000     0.0001     0.0001     0.0183
15+       0.0000     0.0000     0.0000     0.0000     0.0000     0.0000     0.0000     0.0000     0.0127

2022

Age        1%         5%         10%        25%        50%        75%        90%        95%        99%    
1       68.6598    70.8987    79.2020   105.0821   168.5141   236.4994   279.0873   305.9757   325.0822
2       85.7418   100.5913   107.2680   123.7947   150.4320   184.0547   222.8026   242.3468   274.9885
3       26.7368    34.4378    36.2040    39.2136    44.7637    51.0883    57.9430    62.8330    70.7204
4       11.9521    13.8915    14.9502    16.5206    18.5428    20.8398    23.6220    25.9890    31.3762
5        1.4351     1.9518     2.1945     2.5213     2.9109     3.3274     3.8951     4.2979     6.5323
6        0.3763     0.4630     0.5103     0.6458     0.7739     0.9522     1.2411     1.4500     2.5082
7        0.0962     0.1451     0.1716     0.2054     0.2741     0.3651     0.5312     0.6300     1.6468
8        0.0096     0.0178     0.0219     0.0304     0.0465     0.0675     0.0968     0.1265     0.4656
9        0.0029     0.0092     0.0114     0.0184     0.0336     0.0514     0.0813     0.1370     0.8032
10        0.0001     0.0004     0.0007     0.0011     0.0027     0.0046     0.0074     0.0110     0.0865
11        0.0000     0.0002     0.0002     0.0005     0.0014     0.0023     0.0049     0.0080     0.1019
12        0.0000     0.0000     0.0001     0.0001     0.0005     0.0009     0.0017     0.0028     0.0756
13        0.0000     0.0000     0.0000     0.0000     0.0000     0.0001     0.0002     0.0003     0.0111
14        0.0000     0.0000     0.0000     0.0000     0.0000     0.0001     0.0001     0.0002     0.0122
15+       0.0000     0.0000     0.0000     0.0000     0.0000     0.0000     0.0000     0.0001     0.0121

2023

Age        1%         5%         10%        25%        50%        75%        90%        95%        99%    
1       68.6517    70.8352    79.2146   105.0500   168.5066   236.3643   278.8043   305.8761   325.2844
2       38.0697    41.3507    45.3724    60.0110    96.4911   136.1851   162.4152   176.2535   197.0927
3       38.5544    45.0064    48.2406    55.8956    67.9741    83.4908   100.7162   110.2019   125.5954
4        9.1265    11.5251    12.2546    13.4629    15.3277    17.6094    20.0592    21.6829    24.5936
5        3.5882     4.1667     4.4941     4.9929     5.6184     6.3512     7.2250     7.9366     9.5924
6        0.4143     0.5604     0.6273     0.7265     0.8423     0.9667     1.1286     1.2572     1.8877
7        0.1082     0.1323     0.1477     0.1856     0.2234     0.2775     0.3615     0.4207     0.7245
8        0.0291     0.0431     0.0502     0.0610     0.0813     0.1091     0.1583     0.1862     0.4890
9        0.0032     0.0055     0.0067     0.0093     0.0142     0.0208     0.0297     0.0392     0.1559
10        0.0010     0.0029     0.0036     0.0058     0.0106     0.0163     0.0259     0.0431     0.2520
11        0.0000     0.0001     0.0002     0.0004     0.0009     0.0015     0.0024     0.0036     0.0281
12        0.0000     0.0001     0.0001     0.0002     0.0005     0.0008     0.0016     0.0026     0.0335
13        0.0000     0.0000     0.0000     0.0000     0.0002     0.0003     0.0006     0.0009     0.0269
14        0.0000     0.0000     0.0000     0.0000     0.0000     0.0000     0.0001     0.0001     0.0039
15+       0.0000     0.0000     0.0000     0.0000     0.0000     0.0000     0.0000     0.0001     0.0084

2024

Age        1%         5%         10%        25%        50%        75%        90%        95%        99%    
1       68.6416    70.5533    78.9828   104.6151   168.5122   236.1924   279.4697   306.3122   325.6424
2       37.9748    41.3846    45.3805    60.0307    96.6706   136.1166   162.2233   176.3064   197.2707
3       16.8501    18.6527    20.4635    27.0698    43.3154    61.1529    73.6479    79.9296    91.2312
4       13.1140    15.3098    16.4745    19.1428    23.3329    28.7056    34.5906    38.0959    43.6430
5        2.7594     3.4370     3.6811     4.0749     4.6525     5.3593     6.1203     6.6242     7.5530
6        1.0294     1.1924     1.2871     1.4372     1.6246     1.8451     2.1039     2.3065     2.7839
7        0.1198     0.1607     0.1796     0.2092     0.2435     0.2813     0.3286     0.3674     0.5465
8        0.0318     0.0389     0.0438     0.0547     0.0663     0.0828     0.1079     0.1255     0.2186
9        0.0089     0.0131     0.0152     0.0187     0.0249     0.0337     0.0487     0.0573     0.1492
10        0.0011     0.0017     0.0021     0.0029     0.0045     0.0066     0.0094     0.0125     0.0477
11        0.0003     0.0009     0.0012     0.0019     0.0034     0.0053     0.0085     0.0139     0.0834
12        0.0000     0.0000     0.0001     0.0001     0.0003     0.0005     0.0008     0.0012     0.0095
13        0.0000     0.0000     0.0000     0.0001     0.0002     0.0003     0.0006     0.0009     0.0112
14        0.0000     0.0000     0.0000     0.0000     0.0001     0.0001     0.0002     0.0003     0.0099
15+       0.0000     0.0000     0.0000     0.0000     0.0000     0.0000     0.0000     0.0001     0.0044

2025

Age        1%         5%         10%        25%        50%        75%        90%        95%        99%    
1       68.6325    70.5595    79.0193   104.5003   168.5020   236.3055   279.1674   306.4837   325.2021
2       38.0474    41.3185    45.1873    59.8867    96.5613   136.1412   162.3558   176.1906   198.6461
3       16.8338    18.6439    20.4452    27.0381    43.4070    61.2243    73.6603    79.9639    91.3141
4        5.6682     6.3834     7.0217     9.2762    14.7867    20.8710    25.3581    27.6305    32.0390
5        3.9483     4.6035     4.9720     5.7995     7.0794     8.7294    10.5198    11.6125    13.3474
6        0.7927     0.9800     1.0544     1.1758     1.3444     1.5547     1.7796     1.9279     2.2106
7        0.2940     0.3406     0.3684     0.4140     0.4699     0.5368     0.6141     0.6739     0.8146
8        0.0355     0.0472     0.0528     0.0618     0.0722     0.0839     0.0982     0.1104     0.1623
9        0.0097     0.0118     0.0134     0.0167     0.0203     0.0255     0.0332     0.0389     0.0667
10        0.0028     0.0041     0.0048     0.0059     0.0079     0.0107     0.0154     0.0182     0.0471
11        0.0004     0.0006     0.0007     0.0010     0.0014     0.0021     0.0030     0.0041     0.0158
12        0.0001     0.0003     0.0004     0.0006     0.0011     0.0018     0.0028     0.0046     0.0279
13        0.0000     0.0000     0.0000     0.0000     0.0001     0.0002     0.0003     0.0004     0.0032
14        0.0000     0.0000     0.0000     0.0000     0.0001     0.0001     0.0002     0.0003     0.0038
15+       0.0000     0.0000     0.0000     0.0000     0.0000     0.0000     0.0001     0.0001     0.0050

2026

Age        1%         5%         10%        25%        50%        75%        90%        95%        99%    
1       68.6349    70.5662    78.9543   104.5839   168.4889   236.0990   278.9910   306.1800   325.3217
2       37.3893    41.2853    45.1482    59.9862    97.3128   137.9269   165.4159   179.5629   202.0043
3       14.0179    17.4077    19.7515    26.8828    45.6962    67.8394    84.4149    92.6416   109.3958
4        4.0160     5.5780     6.6386     9.4407    16.4666    25.2053    32.7252    36.3951    43.9428
5        1.1889     1.7626     2.1461     3.0319     4.9781     7.5196     9.9518    11.2309    13.9657
6        0.8192     1.1820     1.4008     1.8077     2.3644     3.0822     3.8739     4.4003     5.4012
7        0.1744     0.2460     0.2887     0.3639     0.4532     0.5537     0.6578     0.7275     0.8662
8        0.0655     0.0906     0.1052     0.1309     0.1612     0.1946     0.2301     0.2560     0.3142
9        0.0095     0.0134     0.0158     0.0201     0.0252     0.0310     0.0375     0.0427     0.0605
10        0.0026     0.0037     0.0043     0.0056     0.0073     0.0095     0.0125     0.0150     0.0247
11        0.0009     0.0013     0.0016     0.0021     0.0029     0.0040     0.0058     0.0071     0.0179
12        0.0001     0.0002     0.0002     0.0003     0.0005     0.0008     0.0012     0.0016     0.0059
13        0.0000     0.0001     0.0001     0.0002     0.0004     0.0007     0.0011     0.0017     0.0106
14        0.0000     0.0000     0.0000     0.0000     0.0000     0.0001     0.0001     0.0002     0.0012
15+       0.0000     0.0000     0.0000     0.0000     0.0000     0.0000     0.0001     0.0002     0.0034

2027

Age        1%         5%         10%        25%        50%        75%        90%        95%        99%    
1       68.6303    70.7846    79.0779   104.7693   168.4255   235.7551   278.8129   306.3037   324.9855
2       36.9499    41.2062    45.1418    59.9735    97.1740   137.5346   165.5644   179.9384   202.5868
3       10.8530    16.2251    19.4102    27.2140    46.2861    69.1534    87.3495    96.0498   113.9268
4        1.9018     4.2120     5.8029     9.4302    17.7627    29.2809    39.5976    44.9001    56.3032
5        0.3931     1.1300     1.7066     3.0417     5.7657     9.8462    14.0650    16.4124    21.4125
6        0.1134     0.3434     0.5299     0.9445     1.6694     2.8110     4.0494     4.8218     6.4753
7        0.0688     0.2105     0.3173     0.5412     0.8360     1.1969     1.5972     1.8846     2.4838
8        0.0150     0.0440     0.0659     0.1096     0.1635     0.2217     0.2819     0.3209     0.4021
9        0.0060     0.0169     0.0249     0.0406     0.0595     0.0798     0.1001     0.1140     0.1450
10        0.0010     0.0027     0.0040     0.0064     0.0095     0.0128     0.0164     0.0190     0.0265
11        0.0003     0.0008     0.0012     0.0019     0.0028     0.0039     0.0053     0.0065     0.0105
12        0.0001     0.0003     0.0004     0.0007     0.0011     0.0016     0.0024     0.0031     0.0072
13        0.0000     0.0000     0.0001     0.0001     0.0002     0.0003     0.0005     0.0007     0.0024
14        0.0000     0.0000     0.0000     0.0001     0.0002     0.0003     0.0005     0.0007     0.0044
15+       0.0000     0.0000     0.0000     0.0000     0.0000     0.0000     0.0001     0.0001     0.0020

2028

Age        1%         5%         10%        25%        50%        75%        90%        95%        99%    
1       68.6272    70.6916    79.0686   105.1358   168.5066   236.0538   278.1270   305.5370   325.0855
2       36.4980    41.2178    45.2014    60.0851    96.9898   137.3612   165.7496   180.1402   202.9953
3        8.5340    15.9470    19.4986    27.4025    46.5031    69.1485    88.1212    97.3538   115.2146
4        0.9004     3.4655     5.4509     9.6961    18.3749    30.5911    42.0153    47.8639    60.2010
5        0.1011     0.7032     1.3541     3.0165     6.4790    12.1029    17.9247    21.3032    28.6762
6        0.0181     0.1753     0.3730     0.9288     2.0395     3.9266     6.0990     7.5003    10.5370
7        0.0050     0.0523     0.1150     0.2875     0.5972     1.1145     1.7444     2.1795     3.1396
8        0.0030     0.0312     0.0671     0.1624     0.3105     0.4992     0.7151     0.8684     1.2195
9        0.0007     0.0067     0.0142     0.0337     0.0619     0.0953     0.1301     0.1527     0.2027
10        0.0003     0.0027     0.0056     0.0128     0.0231     0.0349     0.0469     0.0550     0.0728
11        0.0001     0.0005     0.0009     0.0021     0.0037     0.0057     0.0077     0.0092     0.0130
12        0.0000     0.0001     0.0003     0.0006     0.0011     0.0017     0.0025     0.0031     0.0049
13        0.0000     0.0001     0.0001     0.0002     0.0004     0.0007     0.0011     0.0015     0.0030
14        0.0000     0.0000     0.0000     0.0000     0.0001     0.0001     0.0002     0.0003     0.0010
15+       0.0000     0.0000     0.0000     0.0000     0.0001     0.0001     0.0002     0.0004     0.0027

2029

Age        1%         5%         10%        25%        50%        75%        90%        95%        99%    
1       68.6225    70.7048    78.9968   104.7065   168.3775   236.0454   278.4956   306.1972   325.3358
2       36.8642    41.6229    45.6733    60.7516    98.0981   138.5852   166.3698   180.9799   205.0100
3        8.5519    16.9782    20.5765    28.6542    48.1274    70.9043    90.3861    99.6797   117.7109
4        0.7187     3.7377     6.0361    10.5967    19.7227    32.3434    44.3185    50.5418    63.1290
5        0.0461     0.6418     1.4038     3.3721     7.3265    13.6517    20.2251    23.9974    32.0844
6        0.0045     0.1218     0.3235     1.0055     2.5076     5.2272     8.3942    10.4036    14.9234
7        0.0010     0.0294     0.0894     0.3075     0.7966     1.6931     2.8346     3.6313     5.4496
8        0.0003     0.0091     0.0280     0.0962     0.2387     0.4882     0.8181     1.0572     1.6149
9        0.0002     0.0054     0.0165     0.0547     0.1271     0.2278     0.3461     0.4338     0.6391
10        0.0000     0.0012     0.0036     0.0116     0.0258     0.0443     0.0644     0.0781     0.1081
11        0.0000     0.0005     0.0015     0.0045     0.0098     0.0165     0.0236     0.0284     0.0390
12        0.0000     0.0001     0.0003     0.0008     0.0016     0.0027     0.0039     0.0047     0.0069
13        0.0000     0.0000     0.0001     0.0002     0.0005     0.0008     0.0012     0.0016     0.0025
14        0.0000     0.0000     0.0000     0.0001     0.0002     0.0003     0.0006     0.0007     0.0015
15+       0.0000     0.0000     0.0000     0.0000     0.0001     0.0001     0.0002     0.0003     0.0017

2030

Age        1%         5%         10%        25%        50%        75%        90%        95%        99%    
1       68.6433    70.6333    78.9787   104.5855   168.4662   236.2401   279.3001   306.2266   325.2377
2       37.0119    41.7748    45.6990    60.6709    98.1553   138.8549   166.9656   181.2898   205.4674
3        9.2923    17.7746    21.2772    29.4889    49.3295    72.1690    91.5703   101.0097   119.1342
4        0.7991     4.2520     6.7053    11.4939    20.8203    33.7000    46.0813    52.2434    64.9727
5        0.0421     0.7396     1.6315     3.8445     8.0958    14.7973    21.7092    25.8045    33.8327
6        0.0022     0.1173     0.3580     1.1630     2.9437     6.0719     9.6902    11.9661    17.0379
7        0.0004     0.0225     0.0819     0.3461     1.0086     2.3162     4.0104     5.1650     7.8555
8        0.0001     0.0057     0.0231     0.1072     0.3276     0.7616     1.3610     1.8087     2.8523
9        0.0000     0.0018     0.0074     0.0343     0.1006     0.2238     0.3988     0.5307     0.8535
10        0.0000     0.0011     0.0045     0.0197     0.0544     0.1080     0.1733     0.2231     0.3442
11        0.0000     0.0003     0.0010     0.0042     0.0112     0.0213     0.0328     0.0408     0.0587
12        0.0000     0.0001     0.0004     0.0017     0.0043     0.0080     0.0121     0.0149     0.0214
13        0.0000     0.0000     0.0001     0.0003     0.0007     0.0013     0.0020     0.0025     0.0037
14        0.0000     0.0000     0.0000     0.0001     0.0002     0.0004     0.0006     0.0008     0.0014
15+       0.0000     0.0000     0.0000     0.0000     0.0001     0.0002     0.0004     0.0006     0.0015

2031

Age        1%         5%         10%        25%        50%        75%        90%        95%        99%    
1       68.6291    70.6143    79.0919   104.8522   168.5056   235.9497   278.6771   305.8158   325.3597
2       36.9636    41.8125    45.7509    60.7706    98.5168   139.5405   167.7323   182.1678   205.0978
3        9.6383    18.1519    21.6403    29.6999    49.7675    72.8761    92.3822   101.6358   120.1615
4        0.9060     4.7101     7.2356    12.1239    21.7470    34.6974    47.0872    53.3756    66.2410
5        0.0526     0.9043     1.8919     4.3042     8.7413    15.6821    22.8716    26.9495    35.5008
6        0.0023     0.1462     0.4310     1.3739     3.3512     6.7365    10.5355    13.0069    18.2428
7        0.0003     0.0233     0.0954     0.4130     1.2134     2.7521     4.7095     6.0139     9.1010
8        0.0000     0.0046     0.0224     0.1248     0.4222     1.0615     1.9586     2.6106     4.2154
9        0.0000     0.0012     0.0066     0.0393     0.1397     0.3536     0.6711     0.9213     1.5241
10        0.0000     0.0004     0.0022     0.0128     0.0439     0.1062     0.1992     0.2731     0.4599
11        0.0000     0.0003     0.0013     0.0075     0.0241     0.0523     0.0888     0.1173     0.1886
12        0.0000     0.0001     0.0003     0.0016     0.0050     0.0105     0.0170     0.0218     0.0326
13        0.0000     0.0000     0.0001     0.0007     0.0019     0.0040     0.0063     0.0080     0.0118
14        0.0000     0.0000     0.0000     0.0001     0.0003     0.0007     0.0010     0.0013     0.0021
15+       0.0000     0.0000     0.0000     0.0001     0.0002     0.0003     0.0005     0.0007     0.0014

2032

Age        1%         5%         10%        25%        50%        75%        90%        95%        99%    
1       68.6390    70.5040    78.8711   104.7772   168.4981   236.5323   278.9710   306.6541   325.6321
2       36.9911    41.8956    45.9211    61.0774    98.8272   139.4142   167.5488   182.0792   205.8515
3        9.7205    18.5737    21.9784    30.1530    50.3536    73.7268    93.0942   102.3770   120.3731
4        0.9619     5.0332     7.5733    12.4601    22.2240    35.2468    47.7680    54.0925    67.2438
5        0.0624     1.0501     2.1382     4.6672     9.2879    16.3103    23.6276    27.7534    36.1696
6        0.0031     0.1881     0.5232     1.5832     3.6860     7.2390    11.2305    13.7103    19.1632
7        0.0004     0.0306     0.1189     0.5007     1.4138     3.1139     5.1880     6.6188     9.7830
8        0.0000     0.0052     0.0270     0.1525     0.5206     1.2823     2.3290     3.0879     4.8935
9        0.0000     0.0010     0.0067     0.0469     0.1844     0.5008     0.9735     1.3445     2.2870
10        0.0000     0.0003     0.0020     0.0151     0.0619     0.1693     0.3381     0.4772     0.8295
11        0.0000     0.0001     0.0007     0.0050     0.0197     0.0518     0.1016     0.1428     0.2494
12        0.0000     0.0001     0.0004     0.0030     0.0109     0.0259     0.0462     0.0622     0.1041
13        0.0000     0.0000     0.0001     0.0007     0.0023     0.0052     0.0089     0.0117     0.0182
14        0.0000     0.0000     0.0000     0.0003     0.0009     0.0020     0.0033     0.0043     0.0066
15+       0.0000     0.0000     0.0000     0.0001     0.0002     0.0005     0.0008     0.0011     0.0019

2033

Age        1%         5%         10%        25%        50%        75%        90%        95%        99%    
1       68.6266    70.4335    78.7708   104.4996   168.4881   236.7350   279.6771   306.8586   325.7305
2       37.3818    42.0283    45.9628    61.2217    99.1638   140.2729   168.3536   183.0113   206.8011
3       10.8512    19.3653    22.6483    30.9774    51.3028    74.7069    94.0093   103.5329   122.2625
4        1.1822     5.6163     8.2626    13.1021    23.1322    36.5015    49.1084    55.3119    68.0111
5        0.0776     1.2597     2.4306     5.0678     9.8296    17.0605    24.4261    28.5993    37.4811
6        0.0049     0.2492     0.6517     1.8119     4.0661     7.7469    11.8938    14.4422    19.8267
7        0.0008     0.0444     0.1595     0.6128     1.6307     3.4282     5.6466     7.1166    10.4132
8        0.0001     0.0074     0.0370     0.1948     0.6287     1.4975     2.6343     3.4451     5.3703
9        0.0000     0.0013     0.0086     0.0607     0.2352     0.6236     1.1858     1.6241     2.6915
10        0.0000     0.0003     0.0022     0.0190     0.0846     0.2460     0.5013     0.7127     1.2619
11        0.0000     0.0001     0.0007     0.0062     0.0286     0.0840     0.1748     0.2531     0.4574
12        0.0000     0.0000     0.0003     0.0021     0.0092     0.0261     0.0532     0.0762     0.1384
13        0.0000     0.0000     0.0002     0.0012     0.0051     0.0132     0.0246     0.0338     0.0581
14        0.0000     0.0000     0.0000     0.0003     0.0011     0.0027     0.0048     0.0064     0.0103
15+       0.0000     0.0000     0.0000     0.0001     0.0005     0.0013     0.0022     0.0030     0.0047

2034

Age        1%         5%         10%        25%        50%        75%        90%        95%        99%    
1       68.6553    70.5962    79.0089   104.7741   168.4437   236.6404   280.1581   306.4747   325.5518
2       37.5022    42.0898    45.9934    61.1453    99.3288   140.7880   168.8835   183.3414   208.1253
3       11.5654    19.8288    22.9787    31.2574    52.0325    75.6197    94.8056   104.2232   123.4509
4        1.4939     6.1919     8.7811    13.6737    23.8402    37.2223    49.8093    56.3551    69.3061
5        0.1192     1.4972     2.7631     5.4258    10.3673    17.7983    25.2682    29.4149    37.9999
6        0.0068     0.3129     0.7750     2.0151     4.3693     8.1898    12.3720    14.9592    20.7481
7        0.0010     0.0634     0.2057     0.7181     1.8210     3.7231     6.0530     7.5675    10.9170
8        0.0001     0.0117     0.0514     0.2460     0.7380     1.6664     2.8928     3.7475     5.7399
9        0.0000     0.0021     0.0125     0.0797     0.2887     0.7370     1.3569     1.8262     2.9691
10        0.0000     0.0005     0.0030     0.0252     0.1090     0.3093     0.6177     0.8687     1.4845
11        0.0000     0.0001     0.0009     0.0080     0.0398     0.1228     0.2620     0.3814     0.7004
12        0.0000     0.0000     0.0003     0.0026     0.0137     0.0424     0.0921     0.1362     0.2580
13        0.0000     0.0000     0.0001     0.0009     0.0044     0.0133     0.0282     0.0413     0.0773
14        0.0000     0.0000     0.0001     0.0005     0.0025     0.0068     0.0131     0.0185     0.0329
15+       0.0000     0.0000     0.0000     0.0002     0.0008     0.0021     0.0038     0.0051     0.0084

Probability Spawning Stock Biomass Exceeds Threshold      3.660 (1000 MT)

Year    Probability

2021    0.017940
2022    0.016960
2023    0.125590
2024    0.051890
2025    0.106750
2026    0.234530
2027    0.311540
2028    0.373810
2029    0.431930
2030    0.477100
2031    0.511120
2032    0.544450
2033    0.575890
2034    0.603310

Probability Threshold Exceeded at Least Once =     0.8221

Probability Total Fishing Mortality Exceeds Threshold     0.8413 

Year    Probability

2021    1.000000
2022    1.000000
2023    1.000000
2024    1.000000
2025    0.537500
2026    0.469500
2027    0.428200
2028    0.322910
2029    0.280750
2030    0.247870
2031    0.225670
2032    0.180850
2033    0.158540
2034    0.143180

Probability Threshold Exceeded at Least Once =     1.0000


Requested Percentile Report

Percentile =    40.00 %

                                 2021       2022       2023       2024       2025       2026       2027       2028       2029       2030       2031       2032       2033       2034 

Recruits                     145.5063   145.5743   145.3921   145.2213   144.6928   144.4898   145.9316   143.8436   144.2926   145.2101   145.4297   144.8354   143.8433   144.4667 
Spawning Stock Biomass         2.1360     2.4781     2.7221     2.3630     2.2765     2.3675     2.4925     2.6735     2.8892     3.0778     3.2334     3.3880     3.5406     3.6755 
Jan-1 Stock Biomass            8.8111     8.8722     8.3640     7.7862     7.4821     7.6667     7.8365     7.9955     8.2832     8.5266     8.7169     8.8732     9.0772     9.2194 
Mean Biomass                   7.9095     7.6145     7.0419     6.5945     6.5600     6.7464     6.9112     7.1500     7.4181     7.6406     7.7971     7.9890     8.1746     8.3163 
Combined Catch Biomass         2.8209     3.2410     3.1533     2.8610     2.4000     2.4000     2.4000     2.2000     2.2000     2.2000     2.2000     2.1000     2.1000     2.1000 
Landings                       2.8209     3.2410     3.1533     2.8610     2.4000     2.4000     2.4000     2.2000     2.2000     2.2000     2.2000     2.1000     2.1000     2.1000 
FMort                          1.0794     1.0794     1.0794     1.0794     0.8048     0.7412     0.6941     0.5959     0.5589     0.5321     0.5120     0.4726     0.4576     0.4459 

Stock Numbers at Age
Age 1                        244.9740   145.5063   145.5743   145.3921   145.2213   144.6928   144.4898   145.9316   143.8436   144.2926   145.2101   145.4297   144.8354   143.8433 
Age 2                         93.8626   140.2500    83.3883    83.3238    83.4077    83.5938    83.1930    82.8030    84.1837    83.4109    83.9023    84.2247    84.7062    84.7403 
Age 3                         51.2273    42.4628    63.2128    37.4318    37.4506    38.5035    38.1320    38.0963    39.2219    40.4783    40.6797    41.3070    42.3879    42.8732 
Age 4                          9.1703    17.6998    14.5498    21.6352    12.7707    13.4904    14.0760    14.3861    15.5686    16.5390    17.3306    17.6976    18.5449    19.2097 
Age 5                          2.4696     2.7660     5.3696     4.4127     6.5567     4.1018     4.5239     4.8711     5.5020     6.1753     6.7606     7.1991     7.6555     8.1264 
Age 6                          0.8492     0.7218     0.7983     1.5508     1.2748     2.1374     1.3452     1.5362     1.8093     2.1185     2.4506     2.7464     3.0524     3.3140 
Age 7                          0.1227     0.2451     0.2086     0.2303     0.4481     0.4191     0.7178     0.4613     0.5726     0.6986     0.8440     0.9937     1.1639     1.3197 
Age 8                          0.0902     0.0370     0.0727     0.0618     0.0682     0.1494     0.1426     0.2501     0.1752     0.2238     0.2806     0.3462     0.4250     0.5092 
Age 9                          0.0063     0.0279     0.0114     0.0223     0.0189     0.0232     0.0523     0.0506     0.0963     0.0699     0.0917     0.1169     0.1502     0.1882 
Age 10                          0.0032     0.0020     0.0088     0.0036     0.0070     0.0066     0.0083     0.0190     0.0199     0.0391     0.0292     0.0389     0.0514     0.0673 
Age 11                          0.0009     0.0011     0.0007     0.0029     0.0012     0.0025     0.0024     0.0031     0.0076     0.0082     0.0164     0.0125     0.0174     0.0234 
Age 12                          0.0001     0.0003     0.0003     0.0002     0.0009     0.0004     0.0009     0.0009     0.0013     0.0032     0.0035     0.0071     0.0057     0.0080 
Age 13                          0.0000     0.0000     0.0001     0.0001     0.0001     0.0003     0.0002     0.0004     0.0004     0.0005     0.0014     0.0015     0.0032     0.0026 
Age 14                          0.0000     0.0000     0.0000     0.0000     0.0000     0.0000     0.0001     0.0001     0.0002     0.0002     0.0002     0.0006     0.0007     0.0015 
Age 15                          0.0000     0.0000     0.0000     0.0000     0.0000     0.0000     0.0000     0.0001     0.0001     0.0001     0.0001     0.0002     0.0004     0.0005 
