AGEPRO VERSION 4.2

Constant_Q2185_CR_age1_highS

Date & Time of Run: 22 May 2024  15:55

Input File Name:    Scenario8_1000.inp

First Age Class:                         1
Number of Age Classes:                  15
Number of Years in Projection:          14
Number of Fleets:                        9
Number of Recruitment Models:            3
Number of Bootstraps:                  100
Number of Simulations:                1000

Bootstrap File Name:            C:\Users\jon.brodziak\Desktop\2024 WCNPO MLS Rebuilding\Bootstrap-numbers-at-age\2023_WCNPOMLS.bsn

Number of Feasible Solutions:      99774  of     100000 Realizations

Input Harvest Scenario

Year  Type        Fleet-1    Fleet-2    Fleet-3    Fleet-4    Fleet-5    Fleet-6    Fleet-7    Fleet-8    Fleet-9    

2021  F-Mult       0.1651     0.0453     0.2588     0.0166     0.0610     0.0487     0.0642     0.0722     0.3475 
2022  F-Mult       0.1651     0.0453     0.2588     0.0166     0.0610     0.0487     0.0642     0.0722     0.3475 
2023  F-Mult       0.1651     0.0453     0.2588     0.0166     0.0610     0.0487     0.0642     0.0722     0.3475 
2024  F-Mult       0.1651     0.0453     0.2588     0.0166     0.0610     0.0487     0.0642     0.0722     0.3475 
2025  Landings        314        124        649         58        190         85        164        295        307 
2026  Landings        314        124        649         58        190         85        164        295        307 
2027  Landings        314        124        649         58        190         85        164        295        307 
2028  Landings        314        124        649         58        190         85        164        295        307 
2029  Landings        314        124        649         58        190         85        164        295        307 
2030  Landings        314        124        649         58        190         85        164        295        307 
2031  Landings        314        124        649         58        190         85        164        295        307 
2032  Landings        314        124        649         58        190         85        164        295        307 
2033  Landings        314        124        649         58        190         85        164        295        307 
2034  Landings        314        124        649         58        190         85        164        295        307 

Recruitment Selection Distribution

Year  Selection-1 Selection-2 Selection-3 

2021      0.1197     0.8417     0.0386 
2022      0.1213     0.8380     0.0407 
2023      0.1199     0.8408     0.0394 
2024      0.1202     0.8396     0.0402 
2025      0.1198     0.8409     0.0393 
2026      0.1200     0.8397     0.0404 
2027      0.1190     0.8412     0.0398 
2028      0.1215     0.8384     0.0401 
2029      0.1194     0.8405     0.0402 
2030      0.1182     0.8410     0.0408 
2031      0.1209     0.8394     0.0397 
2032      0.1198     0.8398     0.0404 
2033      0.1199     0.8408     0.0393 
2034      0.1188     0.8420     0.0392 

Recruits        1000  Fish

Year Class   Average        StdDev
2021        173.0743       80.4937
2022        173.2152       80.9323
2023        173.5973       81.9408
2024        173.3852       81.2559
2025        173.7608       81.1877
2026        173.7806       80.6754
2027        173.6655       81.4810
2028        173.7730       83.3453
2029        173.8492       82.1928
2030        174.2268       83.1046
2031        173.9963       82.9640
2032        174.1180       83.8639
2033        173.9234       83.3665
2034        174.2467       83.3339

Recruits Distribution

Year Class 1%         5%         10%        25%        50%        75%        90%        95%        99%    
2021    68.6579    70.7172    78.9605   104.4540   168.4610   236.4723   278.8362   305.7178   324.8938
2022    68.6423    70.6337    78.9689   104.8250   168.4617   236.2476   278.5207   305.7171   325.4066
2023    68.6365    70.4647    78.9035   104.7136   168.5178   236.5727   280.2356   306.6255   325.3150
2024    68.6567    70.6042    78.9496   104.6821   168.5283   235.9223   279.0804   306.1005   325.4323
2025    68.6451    70.8065    79.1804   104.8837   168.6205   236.8925   278.9114   306.0460   325.2344
2026    68.6429    70.6191    79.0062   105.0465   168.5974   236.7780   279.5708   306.7144   325.5101
2027    68.6593    70.9164    79.1251   104.9328   168.5228   236.7630   279.2843   306.4209   325.3343
2028    68.6418    70.8874    79.0844   104.8197   168.4528   236.3011   280.2263   307.2934   327.3332
2029    68.6537    70.9108    79.1908   105.0935   168.5158   236.5442   279.7415   307.1644   328.0368
2030    68.6429    70.7814    79.1289   105.0053   168.6128   236.9307   279.6065   306.6321   333.9026
2031    68.6244    70.6188    78.9916   104.8088   168.5657   236.6607   279.4649   306.6808   329.6207
2032    68.6610    70.7463    79.0805   104.8967   168.5161   236.9541   280.2510   306.7465   333.8977
2033    68.6333    70.5713    78.8812   104.8918   168.5393   236.3566   279.7550   306.5120   329.2552
2034    68.6269    70.7823    79.0268   105.0328   168.6074   236.6145   280.5277   307.2863   329.1013

Spawning Stock Biomass  x       1000 MT

Year       Average        StdDev
2021        2.2953        0.4574
2022        2.6347        0.4340
2023        3.0149        0.6278
2024        2.6671        0.6573
2025        2.7315        0.9101
2026        3.1033        1.3558
2027        3.4315        1.6380
2028        3.6940        1.8098
2029        3.8978        1.9128
2030        4.0504        1.9843
2031        4.1695        2.0512
2032        4.2619        2.0912
2033        4.3340        2.1227
2034        4.3886        2.1502

Spawning Stock Biomass Distribution

Year        1%         5%         10%        25%        50%        75%        90%        95%        99%   
2021     1.4633     1.7271     1.8316     2.0003     2.2275     2.5095     2.8095     3.0291     4.1468 
2022     1.7694     1.9835     2.1052     2.3327     2.6033     2.8849     3.2268     3.4328     3.8003 
2023     1.8847     2.1229     2.2663     2.5555     2.9426     3.3911     3.8678     4.1779     4.7380 
2024     1.4994     1.7311     1.8846     2.1891     2.6019     3.0783     3.5188     3.7867     4.3862 
2025     1.0977     1.4254     1.6482     2.0770     2.6441     3.2896     3.8998     4.2714     5.0989 
2026     0.7233     1.1970     1.5061     2.1303     2.9638     3.9242     4.8284     5.3939     6.6844 
2027     0.5594     1.1189     1.4961     2.2560     3.2727     4.4103     5.5210     6.2380     7.9128 
2028     0.4874     1.1147     1.5344     2.4014     3.5168     4.7698     5.9961     6.8146     8.6721 
2029     0.4776     1.1477     1.6110     2.5341     3.7146     5.0373     6.3557     7.2117     9.1865 
2030     0.4846     1.1902     1.6774     2.6364     3.8637     5.2304     6.6002     7.4892     9.5309 
2031     0.4784     1.2384     1.7391     2.7128     3.9718     5.3735     6.7914     7.6902     9.8654 
2032     0.4846     1.2686     1.7832     2.7842     4.0585     5.4959     6.9054     7.8440    10.0972 
2033     0.4908     1.2857     1.8262     2.8330     4.1386     5.5779     7.0287     7.9800    10.2715 
2034     0.4826     1.3086     1.8504     2.8713     4.1901     5.6515     7.1083     8.0528    10.3747 

JAN-1 Stock Biomass  x       1000 MT

Year       Average        StdDev
2021        9.2970        1.5941
2022        9.6107        1.8257
2023        9.1591        1.9493
2024        8.5992        1.9901
2025        8.3034        1.9985
2026        8.7582        2.3690
2027        9.1465        2.6138
2028        9.4596        2.7710
2029        9.7056        2.8960
2030        9.8919        2.9749
2031       10.0414        3.0396
2032       10.1564        3.0969
2033       10.2411        3.1359
2034       10.3038        3.1618

JAN-1 Stock Biomass Distribution

Year       1%         5%         10%        25%        50%        75%        90%        95%        99%    
2021     6.3343     6.9565     7.3668     8.1729     9.1691    10.1429    11.5514    12.2967    13.6687 
2022     6.1818     6.9035     7.3693     8.3067     9.4520    10.7562    12.0157    12.8266    14.4507 
2023     5.4647     6.2530     6.7854     7.7650     9.0166    10.3777    11.6583    12.4750    14.2193 
2024     4.8597     5.6562     6.1874     7.1980     8.4536     9.8192    11.1153    11.9329    13.8606 
2025     4.5314     5.3573     5.8908     6.9045     8.1488     9.5182    10.8323    11.6656    13.6407 
2026     4.2032     5.2445     5.8931     7.1047     8.5871    10.2059    11.7489    12.7399    15.1052 
2027     4.0223     5.2360     5.9722     7.3327     8.9690    10.7421    12.4549    13.5771    16.2287 
2028     3.9812     5.3072     6.0815     7.5414     9.2698    11.1481    12.9704    14.1675    16.9591 
2029     3.9933     5.3868     6.2200     7.7026     9.5036    11.4549    13.3613    14.6277    17.5129 
2030     3.9997     5.4778     6.3215     7.8317     9.6850    11.6860    13.6493    14.9119    17.9755 
2031     4.0256     5.5284     6.4063     7.9556     9.8418    11.8674    13.8379    15.1842    18.3184 
2032     4.0331     5.5874     6.4586     8.0383     9.9571    12.0118    14.0173    15.3530    18.5572 
2033     4.0247     5.6281     6.5110     8.1072    10.0408    12.1106    14.1591    15.5010    18.6692 
2034     4.0234     5.6536     6.5499     8.1585    10.0980    12.1824    14.2455    15.5984    18.8452 

Mean Biomass  x       1000 MT

Year       Average        StdDev
2021        8.4727        1.5437
2022        8.3635        1.7510
2023        7.8022        1.8225
2024        7.3715        1.8498
2025        7.5054        2.1219
2026        7.9335        2.4411
2027        8.2883        2.6468
2028        8.5687        2.7792
2029        8.7872        2.8873
2030        8.9542        2.9564
2031        9.0863        3.0099
2032        9.1857        3.0552
2033        9.2619        3.0964
2034        9.3163        3.1115

Mean Biomass Distribution

Year       1%         5%         10%        25%        50%        75%        90%        95%        99%    
2021     5.6811     6.2247     6.6073     7.3370     8.3427     9.3366    10.6287    11.3640    12.6769 
2022     5.1680     5.7982     6.2210     7.0934     8.2145     9.4638    10.6459    11.3789    12.9260 
2023     4.4369     5.1309     5.5865     6.4928     7.6657     8.9237    10.1290    10.8887    12.5700 
2024     3.9807     4.6705     5.1419     6.0533     7.2240     8.5050     9.7060    10.4743    12.2327 
2025     3.5070     4.3931     4.9487     6.0076     7.3500     8.7926    10.1898    11.0650    13.1477 
2026     3.2316     4.3099     4.9692     6.2332     7.7679     9.4203    11.0128    12.0621    14.4240 
2027     3.0813     4.3227     5.0814     6.4527     8.1125     9.8948    11.6610    12.7597    15.3484 
2028     3.0874     4.4057     5.1860     6.6400     8.3796    10.2656    12.0934    13.2773    15.9688 
2029     3.0905     4.4885     5.3116     6.7941     8.5849    10.5296    12.4381    13.6995    16.6081 
2030     3.0898     4.5684     5.4124     6.9136     8.7449    10.7370    12.6797    13.9384    16.9510 
2031     3.0985     4.6212     5.4994     7.0275     8.8818    10.8988    12.8571    14.1828    17.2587 
2032     3.1248     4.6639     5.5437     7.0961     8.9851    11.0216    13.0008    14.3253    17.4307 
2033     3.1243     4.7072     5.5836     7.1468     9.0526    11.1083    13.1178    14.4372    17.6661 
2034     3.1110     4.7296     5.6077     7.2050     9.1076    11.1644    13.2057    14.5019    17.7509 

Combined Catch Biomass  x       1000 MT

Year       Average        StdDev
2021        2.7965        0.4583
2022        3.3619        0.5736
2023        3.3481        0.6798
2024        3.0596        0.7090
2025        2.1850        0.0000
2026        2.1850        0.0000
2027        2.1847        0.0259
2028        2.1842        0.0415
2029        2.1837        0.0526
2030        2.1828        0.0694
2031        2.1820        0.0814
2032        2.1814        0.0892
2033        2.1805        0.0988
2034        2.1801        0.1038

Combined Catch Distribution

Year       1%         5%         10%        25%        50%        75%        90%        95%        99%    
2021     1.8242     2.2210     2.3171     2.4850     2.7331     3.0518     3.3323     3.5723     4.4910 
2022     2.3130     2.5185     2.6669     2.9280     3.3286     3.6875     4.1674     4.4516     4.8852 
2023     2.0984     2.3483     2.5145     2.8561     3.2918     3.7779     4.2371     4.5191     5.1109 
2024     1.7532     2.0206     2.1940     2.5484     3.0116     3.4965     3.9614     4.2610     4.8867 
2025     2.1850     2.1850     2.1850     2.1850     2.1850     2.1850     2.1850     2.1850     2.1850 
2026     2.1850     2.1850     2.1850     2.1850     2.1850     2.1850     2.1850     2.1850     2.1850 
2027     2.1850     2.1850     2.1850     2.1850     2.1850     2.1850     2.1850     2.1850     2.1850 
2028     2.1850     2.1850     2.1850     2.1850     2.1850     2.1850     2.1850     2.1850     2.1850 
2029     2.1850     2.1850     2.1850     2.1850     2.1850     2.1850     2.1850     2.1850     2.1850 
2030     2.1850     2.1850     2.1850     2.1850     2.1850     2.1850     2.1850     2.1850     2.1850 
2031     2.1850     2.1850     2.1850     2.1850     2.1850     2.1850     2.1850     2.1850     2.1850 
2032     2.1850     2.1850     2.1850     2.1850     2.1850     2.1850     2.1850     2.1850     2.1850 
2033     2.1850     2.1850     2.1850     2.1850     2.1850     2.1850     2.1850     2.1850     2.1850 
2034     2.1850     2.1850     2.1850     2.1850     2.1850     2.1850     2.1850     2.1850     2.1850 

Landings  x       1000 MT

Year       Average        StdDev
2021        2.7965        0.4583
2022        3.3619        0.5736
2023        3.3481        0.6798
2024        3.0596        0.7090
2025        2.1850        0.0000
2026        2.1850        0.0000
2027        2.1847        0.0259
2028        2.1842        0.0415
2029        2.1837        0.0526
2030        2.1828        0.0694
2031        2.1820        0.0814
2032        2.1814        0.0892
2033        2.1805        0.0988
2034        2.1801        0.1038

Landings Distribution

Year       1%         5%         10%        25%        50%        75%        90%        95%        99%    
2021     1.8242     2.2210     2.3171     2.4850     2.7331     3.0518     3.3323     3.5723     4.4910 
2022     2.3130     2.5185     2.6669     2.9280     3.3286     3.6875     4.1674     4.4516     4.8852 
2023     2.0984     2.3483     2.5145     2.8561     3.2918     3.7779     4.2371     4.5191     5.1109 
2024     1.7532     2.0206     2.1940     2.5484     3.0116     3.4965     3.9614     4.2610     4.8867 
2025     2.1850     2.1850     2.1850     2.1850     2.1850     2.1850     2.1850     2.1850     2.1850 
2026     2.1850     2.1850     2.1850     2.1850     2.1850     2.1850     2.1850     2.1850     2.1850 
2027     2.1850     2.1850     2.1850     2.1850     2.1850     2.1850     2.1850     2.1850     2.1850 
2028     2.1850     2.1850     2.1850     2.1850     2.1850     2.1850     2.1850     2.1850     2.1850 
2029     2.1850     2.1850     2.1850     2.1850     2.1850     2.1850     2.1850     2.1850     2.1850 
2030     2.1850     2.1850     2.1850     2.1850     2.1850     2.1850     2.1850     2.1850     2.1850 
2031     2.1850     2.1850     2.1850     2.1850     2.1850     2.1850     2.1850     2.1850     2.1850 
2032     2.1850     2.1850     2.1850     2.1850     2.1850     2.1850     2.1850     2.1850     2.1850 
2033     2.1850     2.1850     2.1850     2.1850     2.1850     2.1850     2.1850     2.1850     2.1850 
2034     2.1850     2.1850     2.1850     2.1850     2.1850     2.1850     2.1850     2.1850     2.1850 

Total Fishing Mortality

Year       Average        StdDev
2021        1.0794        0.0000
2022        1.0794        0.0000
2023        1.0794        0.0000
2024        1.0794        0.0000
2025        0.8269        0.2632
2026        0.8034        0.3904
2027        0.7790        0.5047
2028        0.7521        0.5594
2029        0.7256        0.5741
2030        0.7025        0.5662
2031        0.6842        0.5509
2032        0.6708        0.5416
2033        0.6599        0.5326
2034        0.6531        0.5279

Total Fishing Mortality Distribution

Year       1%         5%         10%        25%        50%        75%        90%        95%        99%    
2021     1.0794     1.0794     1.0794     1.0794     1.0794     1.0794     1.0794     1.0794     1.0794 
2022     1.0794     1.0794     1.0794     1.0794     1.0794     1.0794     1.0794     1.0794     1.0794 
2023     1.0794     1.0794     1.0794     1.0794     1.0794     1.0794     1.0794     1.0794     1.0794 
2024     1.0794     1.0794     1.0794     1.0794     1.0794     1.0794     1.0794     1.0794     1.0794 
2025     0.4280     0.5065     0.5515     0.6408     0.7723     0.9564     1.1780     1.3357     1.6778 
2026     0.3412     0.4182     0.4623     0.5560     0.7043     0.9315     1.2470     1.5189     2.2739 
2027     0.2961     0.3677     0.4108     0.5021     0.6498     0.8876     1.2553     1.5880     2.7142 
2028     0.2708     0.3389     0.3791     0.4675     0.6102     0.8457     1.2202     1.5859     2.9610 
2029     0.2570     0.3217     0.3613     0.4448     0.5824     0.8095     1.1780     1.5480     2.9403 
2030     0.2485     0.3100     0.3482     0.4303     0.5622     0.7836     1.1340     1.4970     2.8941 
2031     0.2411     0.3032     0.3401     0.4196     0.5490     0.7633     1.1050     1.4463     2.8331 
2032     0.2356     0.2982     0.3349     0.4114     0.5384     0.7474     1.0788     1.4162     2.7707 
2033     0.2328     0.2941     0.3301     0.4061     0.5303     0.7361     1.0604     1.3913     2.7075 
2034     0.2311     0.2916     0.3266     0.4021     0.5250     0.7278     1.0454     1.3708     2.6622 

JAN-1 Stock Numbers at Age  -       1000  Fish

2021

Age        1%         5%         10%        25%        50%        75%        90%        95%        99%    
1      140.2370   175.0900   184.8320   216.7130   261.1480   317.3690   385.6290   409.5080   464.9250
2       58.9389    77.9477    80.8620    85.4451   100.4175   112.5240   125.3470   138.4980   148.4390
3       34.1986    41.3466    43.5177    47.9381    54.8765    60.4455    67.3245    74.4817    84.8335
4        4.4701     6.3288     7.3712     8.3369     9.5330    10.8358    12.5169    14.0136    20.6054
5        1.2938     1.6031     1.7337     2.2441     2.6907     3.2695     4.2092     4.8898     7.4995
6        0.2917     0.4842     0.6024     0.6936     0.9665     1.2287     1.8234     2.1765     5.0518
7        0.0278     0.0584     0.0739     0.1025     0.1591     0.2261     0.3164     0.3996     1.3049
8        0.0082     0.0292     0.0370     0.0584     0.1092     0.1670     0.2575     0.4456     2.1858
9        0.0003     0.0014     0.0021     0.0035     0.0085     0.0144     0.0223     0.0334     0.2402
10        0.0001     0.0005     0.0007     0.0015     0.0043     0.0069     0.0143     0.0242     0.2609
11        0.0000     0.0001     0.0002     0.0004     0.0014     0.0028     0.0051     0.0082     0.1988
12        0.0000     0.0000     0.0000     0.0000     0.0001     0.0003     0.0005     0.0008     0.0280
13        0.0000     0.0000     0.0000     0.0000     0.0000     0.0002     0.0003     0.0005     0.0316
14        0.0000     0.0000     0.0000     0.0000     0.0000     0.0000     0.0001     0.0001     0.0183
15+       0.0000     0.0000     0.0000     0.0000     0.0000     0.0000     0.0000     0.0000     0.0127

2022

Age        1%         5%         10%        25%        50%        75%        90%        95%        99%    
1       68.6579    70.7172    78.9605   104.4540   168.4610   236.4723   278.8362   305.7178   324.8938
2       88.8400   104.2079   111.0167   128.2060   155.8022   190.8477   230.7359   251.5424   285.6104
3       26.7693    34.4593    36.2158    39.2581    44.7718    51.0474    57.9567    62.8211    70.7505
4       11.9427    13.9012    14.9409    16.5190    18.5524    20.8176    23.6339    25.9811    31.4129
5        1.4384     1.9479     2.1921     2.5234     2.9115     3.3271     3.8928     4.2955     6.5357
6        0.3767     0.4628     0.5098     0.6453     0.7742     0.9528     1.2410     1.4497     2.5939
7        0.0989     0.1451     0.1714     0.2056     0.2742     0.3648     0.5310     0.6299     1.6424
8        0.0095     0.0178     0.0219     0.0304     0.0465     0.0676     0.0970     0.1270     0.4536
9        0.0029     0.0091     0.0114     0.0183     0.0337     0.0513     0.0812     0.1368     0.7658
10        0.0001     0.0004     0.0007     0.0011     0.0027     0.0045     0.0074     0.0110     0.0869
11        0.0000     0.0002     0.0002     0.0005     0.0014     0.0023     0.0049     0.0080     0.0987
12        0.0000     0.0000     0.0001     0.0001     0.0005     0.0009     0.0017     0.0028     0.0745
13        0.0000     0.0000     0.0000     0.0000     0.0000     0.0001     0.0002     0.0003     0.0107
14        0.0000     0.0000     0.0000     0.0000     0.0000     0.0001     0.0001     0.0002     0.0121
15+       0.0000     0.0000     0.0000     0.0000     0.0000     0.0000     0.0000     0.0001     0.0121

2023

Age        1%         5%         10%        25%        50%        75%        90%        95%        99%    
1       68.6423    70.6337    78.9689   104.8250   168.4617   236.2476   278.5207   305.7171   325.4066
2       39.4401    42.8526    46.8547    61.9058   100.0084   141.0506   167.8552   182.0941   202.6694
3       39.9601    46.6171    50.0044    57.8635    70.4318    86.3938   104.3482   114.2853   130.1728
4        9.1397    11.5235    12.2657    13.4684    15.3504    17.6104    20.0230    21.6229    24.5954
5        3.5931     4.1644     4.4893     4.9894     5.6209     6.3542     7.2246     7.9290     9.5741
6        0.4160     0.5592     0.6269     0.7274     0.8419     0.9672     1.1310     1.2561     1.8863
7        0.1086     0.1324     0.1477     0.1856     0.2236     0.2776     0.3611     0.4214     0.7377
8        0.0292     0.0431     0.0502     0.0610     0.0813     0.1092     0.1584     0.1865     0.4868
9        0.0032     0.0055     0.0067     0.0093     0.0142     0.0208     0.0297     0.0392     0.1481
10        0.0010     0.0029     0.0036     0.0058     0.0106     0.0163     0.0259     0.0429     0.2596
11        0.0000     0.0001     0.0002     0.0004     0.0009     0.0015     0.0024     0.0036     0.0284
12        0.0000     0.0001     0.0001     0.0002     0.0005     0.0007     0.0016     0.0027     0.0332
13        0.0000     0.0000     0.0000     0.0000     0.0002     0.0003     0.0006     0.0009     0.0273
14        0.0000     0.0000     0.0000     0.0000     0.0000     0.0000     0.0001     0.0001     0.0039
15+       0.0000     0.0000     0.0000     0.0000     0.0000     0.0000     0.0000     0.0001     0.0085

2024

Age        1%         5%         10%        25%        50%        75%        90%        95%        99%    
1       68.6365    70.4647    78.9035   104.7136   168.5178   236.5727   280.2356   306.6255   325.3150
2       39.4627    42.7614    46.8382    62.1174    99.8314   140.7654   167.9158   182.4049   204.5080
3       17.4469    19.3432    21.1627    27.9076    44.8828    63.3240    76.0999    82.5883    94.0859
4       13.5444    15.8242    17.0671    19.8191    24.1603    29.7467    35.8492    39.4574    45.1607
5        2.7595     3.4392     3.6815     4.0742     4.6524     5.3577     6.1119     6.6116     7.5542
6        1.0271     1.1904     1.2861     1.4378     1.6248     1.8463     2.1040     2.3048     2.7842
7        0.1199     0.1608     0.1799     0.2093     0.2433     0.2815     0.3292     0.3674     0.5459
8        0.0319     0.0389     0.0438     0.0547     0.0663     0.0830     0.1080     0.1260     0.2176
9        0.0090     0.0132     0.0152     0.0187     0.0249     0.0337     0.0486     0.0574     0.1494
10        0.0011     0.0017     0.0021     0.0029     0.0045     0.0066     0.0094     0.0125     0.0475
11        0.0004     0.0009     0.0012     0.0019     0.0034     0.0053     0.0084     0.0139     0.0847
12        0.0000     0.0000     0.0001     0.0001     0.0003     0.0005     0.0008     0.0012     0.0094
13        0.0000     0.0000     0.0000     0.0001     0.0002     0.0003     0.0005     0.0009     0.0111
14        0.0000     0.0000     0.0000     0.0000     0.0001     0.0001     0.0002     0.0003     0.0099
15+       0.0000     0.0000     0.0000     0.0000     0.0000     0.0000     0.0000     0.0001     0.0044

2025

Age        1%         5%         10%        25%        50%        75%        90%        95%        99%    
1       68.6567    70.6042    78.9496   104.6821   168.5283   235.9223   279.0804   306.1005   325.4323
2       39.4618    42.7411    46.7742    62.0631    99.9998   141.1841   168.5275   182.8185   204.7162
3       17.4232    19.2935    21.1035    27.9780    44.8261    63.2858    76.2663    82.7496    94.8999
4        5.8633     6.6030     7.2541     9.5559    15.3181    21.6143    26.2423    28.5060    32.9885
5        4.0794     4.7681     5.1551     6.0063     7.3296     9.0393    10.9060    12.0296    13.8317
6        0.7908     0.9793     1.0528     1.1750     1.3459     1.5569     1.7779     1.9263     2.2112
7        0.2927     0.3410     0.3681     0.4137     0.4704     0.5370     0.6140     0.6738     0.8123
8        0.0355     0.0472     0.0529     0.0618     0.0721     0.0842     0.0984     0.1103     0.1624
9        0.0097     0.0118     0.0134     0.0167     0.0203     0.0255     0.0332     0.0390     0.0669
10        0.0028     0.0041     0.0048     0.0059     0.0079     0.0107     0.0154     0.0182     0.0474
11        0.0004     0.0006     0.0007     0.0010     0.0014     0.0021     0.0030     0.0041     0.0158
12        0.0001     0.0003     0.0004     0.0006     0.0011     0.0018     0.0028     0.0046     0.0281
13        0.0000     0.0000     0.0000     0.0000     0.0001     0.0002     0.0003     0.0004     0.0032
14        0.0000     0.0000     0.0000     0.0000     0.0001     0.0001     0.0002     0.0003     0.0038
15+       0.0000     0.0000     0.0000     0.0000     0.0000     0.0000     0.0001     0.0001     0.0050

2026

Age        1%         5%         10%        25%        50%        75%        90%        95%        99%    
1       68.6451    70.8065    79.1804   104.8837   168.6205   236.8925   278.9114   306.0460   325.2344
2       39.4562    43.0522    47.1106    62.4229   100.7586   141.9357   170.0962   184.4866   207.7036
3       15.2444    18.6965    21.0780    28.7437    48.7826    72.1978    89.7060    98.2244   114.9339
4        4.5608     6.2367     7.3707    10.3903    17.9333    27.3652    35.3097    39.2925    47.4597
5        1.4029     2.0077     2.4032     3.3597     5.5642     8.2807    10.8957    12.2799    15.0018
6        0.9769     1.3646     1.5989     2.0350     2.6390     3.4146     4.2649     4.8186     5.8906
7        0.2008     0.2766     0.3194     0.3971     0.4879     0.5909     0.6998     0.7733     0.9200
8        0.0756     0.1013     0.1161     0.1423     0.1737     0.2080     0.2449     0.2718     0.3319
9        0.0108     0.0149     0.0174     0.0218     0.0271     0.0331     0.0399     0.0453     0.0643
10        0.0030     0.0041     0.0047     0.0061     0.0078     0.0101     0.0133     0.0159     0.0262
11        0.0010     0.0014     0.0017     0.0022     0.0031     0.0043     0.0062     0.0075     0.0188
12        0.0001     0.0002     0.0003     0.0004     0.0006     0.0009     0.0012     0.0017     0.0062
13        0.0000     0.0001     0.0001     0.0003     0.0004     0.0007     0.0012     0.0018     0.0113
14        0.0000     0.0000     0.0000     0.0000     0.0000     0.0001     0.0001     0.0002     0.0013
15+       0.0000     0.0000     0.0000     0.0000     0.0000     0.0001     0.0001     0.0002     0.0036

2027

Age        1%         5%         10%        25%        50%        75%        90%        95%        99%    
1       68.6429    70.6191    79.0062   105.0465   168.5974   236.7780   279.5708   306.7144   325.5101
2       39.3758    43.1758    47.3217    62.5772   101.0527   142.8823   170.3347   185.0234   207.3124
3       13.4374    18.5292    21.5123    29.5258    49.7529    73.3570    91.8941   100.9783   118.7481
4        2.8481     5.3511     7.0045    10.9582    20.3059    32.9234    43.9212    49.4882    61.0373
5        0.6723     1.5637     2.2060     3.7255     6.8413    11.4682    16.0559    18.6183    23.9366
6        0.2005     0.4935     0.7074     1.1799     2.0371     3.3357     4.7233     5.5729     7.2961
7        0.1321     0.3122     0.4384     0.6906     1.0198     1.4219     1.8713     2.1760     2.8118
8        0.0274     0.0637     0.0883     0.1350     0.1924     0.2543     0.3169     0.3581     0.4442
9        0.0108     0.0242     0.0331     0.0499     0.0701     0.0911     0.1123     0.1271     0.1597
10        0.0018     0.0038     0.0052     0.0078     0.0111     0.0146     0.0184     0.0212     0.0295
11        0.0005     0.0011     0.0015     0.0023     0.0032     0.0045     0.0060     0.0073     0.0117
12        0.0002     0.0004     0.0006     0.0009     0.0013     0.0019     0.0027     0.0035     0.0081
13        0.0000     0.0001     0.0001     0.0001     0.0002     0.0004     0.0006     0.0008     0.0027
14        0.0000     0.0000     0.0001     0.0001     0.0002     0.0003     0.0005     0.0008     0.0049
15+       0.0000     0.0000     0.0000     0.0000     0.0000     0.0001     0.0001     0.0002     0.0022

2028

Age        1%         5%         10%        25%        50%        75%        90%        95%        99%    
1       68.6593    70.9164    79.1251   104.9328   168.5228   236.7630   279.2843   306.4209   325.3343
2       39.3314    43.1176    47.1899    62.7205   101.0715   143.0614   170.7911   185.8027   208.9157
3       12.2068    18.7523    21.9450    30.1166    50.6846    74.2166    93.0707   102.2791   119.8272
4        1.9885     5.1003     7.2005    11.6511    21.2988    34.2963    46.2154    52.2252    65.0501
5        0.3097     1.2367     2.0392     3.9751     8.1402    14.5745    21.0485    24.6172    32.1210
6        0.0689     0.3435     0.6198     1.3192     2.6798     4.9148     7.4037     8.9759    12.2585
7        0.0199     0.1100     0.1985     0.4170     0.8035     1.4276     2.1679     2.6578     3.7069
8        0.0128     0.0674     0.1202     0.2418     0.4175     0.6368     0.8846     1.0579     1.4323
9        0.0028     0.0141     0.0247     0.0482     0.0805     0.1170     0.1539     0.1781     0.2312
10        0.0011     0.0056     0.0096     0.0182     0.0299     0.0425     0.0553     0.0641     0.0832
11        0.0002     0.0009     0.0016     0.0029     0.0048     0.0069     0.0091     0.0107     0.0150
12        0.0001     0.0003     0.0005     0.0009     0.0014     0.0021     0.0029     0.0036     0.0057
13        0.0000     0.0001     0.0002     0.0003     0.0006     0.0009     0.0013     0.0017     0.0037
14        0.0000     0.0000     0.0000     0.0001     0.0001     0.0002     0.0003     0.0004     0.0012
15+       0.0000     0.0000     0.0000     0.0000     0.0001     0.0002     0.0003     0.0005     0.0032

2029

Age        1%         5%         10%        25%        50%        75%        90%        95%        99%    
1       68.6418    70.8874    79.0844   104.8197   168.4528   236.3011   280.2263   307.2934   327.3332
2       39.4063    43.2578    47.3497    62.5776   101.2021   142.9086   170.8253   185.4814   208.9367
3       11.8033    18.9543    22.2371    30.6350    51.0162    74.9929    94.0977   103.1672   121.7393
4        1.5743     5.1693     7.5111    12.2426    22.1534    35.2792    47.4232    53.6434    65.8882
5        0.1859     1.1677     2.1065     4.3498     8.7932    15.6878    22.6495    26.6446    35.1464
6        0.0263     0.2681     0.5699     1.4358     3.2936     6.4958    10.0733    12.2547    16.9917
7        0.0061     0.0758     0.1737     0.4714     1.0946     2.1856     3.5161     4.4123     6.4181
8        0.0018     0.0245     0.0566     0.1521     0.3362     0.6432     1.0372     1.3144     1.9339
9        0.0012     0.0150     0.0345     0.0887     0.1795     0.2993     0.4373     0.5365     0.7586
10        0.0003     0.0033     0.0073     0.0181     0.0353     0.0561     0.0778     0.0925     0.1253
11        0.0001     0.0013     0.0029     0.0070     0.0133     0.0207     0.0283     0.0335     0.0450
12        0.0000     0.0002     0.0005     0.0011     0.0022     0.0034     0.0047     0.0056     0.0079
13        0.0000     0.0001     0.0002     0.0003     0.0006     0.0010     0.0015     0.0019     0.0030
14        0.0000     0.0000     0.0001     0.0001     0.0003     0.0004     0.0007     0.0009     0.0018
15+       0.0000     0.0000     0.0000     0.0000     0.0001     0.0002     0.0003     0.0004     0.0021

2030

Age        1%         5%         10%        25%        50%        75%        90%        95%        99%    
1       68.6537    70.9108    79.1908   105.0935   168.5158   236.5442   279.7415   307.1644   328.0368
2       39.4116    43.2896    47.3784    62.6908   100.9941   142.8513   171.3726   186.4742   211.1253
3       12.0291    19.2589    22.5670    30.7940    51.6590    75.2389    94.4879   103.6083   121.8922
4        1.4858     5.3466     7.8628    12.6846    22.6255    35.9842    48.4817    54.6058    67.6634
5        0.1372     1.2003     2.2463     4.6879     9.3628    16.4217    23.5593    27.6028    35.7627
6        0.0150     0.2594     0.5969     1.6081     3.6527     7.1311    10.9911    13.4862    18.7726
7        0.0021     0.0599     0.1635     0.5278     1.3746     2.9510     4.8874     6.1753     8.9992
8        0.0006     0.0175     0.0514     0.1758     0.4662     1.0039     1.7202     2.2213     3.4157
9        0.0002     0.0058     0.0172     0.0580     0.1470     0.3013     0.5145     0.6713     1.0328
10        0.0001     0.0037     0.0105     0.0341     0.0799     0.1451     0.2229     0.2799     0.4103
11        0.0000     0.0008     0.0023     0.0071     0.0159     0.0276     0.0402     0.0491     0.0689
12        0.0000     0.0004     0.0009     0.0028     0.0061     0.0103     0.0148     0.0179     0.0248
13        0.0000     0.0001     0.0002     0.0005     0.0010     0.0017     0.0024     0.0030     0.0043
14        0.0000     0.0000     0.0001     0.0001     0.0003     0.0005     0.0008     0.0010     0.0016
15+       0.0000     0.0000     0.0000     0.0001     0.0002     0.0003     0.0005     0.0007     0.0018

2031

Age        1%         5%         10%        25%        50%        75%        90%        95%        99%    
1       68.6429    70.7814    79.1289   105.0053   168.6128   236.9307   279.6065   306.6321   333.9026
2       39.3163    43.2968    47.3689    62.9247   101.3426   143.1139   171.4135   186.4750   211.5633
3       11.8840    19.5958    22.8644    31.1062    51.6477    75.6917    95.0829   104.5325   124.1251
4        1.5308     5.5680     8.1066    12.9550    23.1339    36.4223    48.9325    55.2401    68.3410
5        0.1346     1.2764     2.4073     4.9679     9.6885    16.9484    24.2540    28.3667    36.9202
6        0.0114     0.2709     0.6470     1.7599     3.9601     7.5868    11.5422    14.0473    19.3259
7        0.0012     0.0583     0.1752     0.6007     1.5570     3.2878     5.4021     6.8609    10.0468
8        0.0003     0.0140     0.0495     0.2004     0.5936     1.3787     2.4274     3.1532     4.8320
9        0.0001     0.0044     0.0158     0.0684     0.2051     0.4761     0.8596     1.1427     1.8485
10        0.0000     0.0015     0.0055     0.0230     0.0660     0.1457     0.2602     0.3486     0.5622
11        0.0000     0.0010     0.0034     0.0136     0.0365     0.0718     0.1157     0.1484     0.2254
12        0.0000     0.0002     0.0008     0.0029     0.0073     0.0138     0.0212     0.0264     0.0384
13        0.0000     0.0001     0.0003     0.0011     0.0028     0.0052     0.0078     0.0097     0.0138
14        0.0000     0.0000     0.0001     0.0002     0.0005     0.0009     0.0013     0.0016     0.0024
15+       0.0000     0.0000     0.0000     0.0001     0.0002     0.0004     0.0007     0.0009     0.0017

2032

Age        1%         5%         10%        25%        50%        75%        90%        95%        99%    
1       68.6244    70.6188    78.9916   104.8088   168.5657   236.6607   279.4649   306.6808   329.6207
2       39.2796    43.3046    47.3881    62.8301   101.5695   143.5488   171.1822   186.1923   211.6366
3       12.0607    19.8265    23.0090    31.3712    52.1127    75.9118    95.2971   104.8033   124.9495
4        1.4953     5.8452     8.3908    13.2088    23.2491    36.7397    49.5006    55.9533    69.5762
5        0.1258     1.3756     2.5502     5.1368     9.9948    17.2772    24.6836    28.8311    37.5752
6        0.0103     0.2955     0.7109     1.8855     4.1557     7.9002    12.0381    14.5681    19.9879
7        0.0010     0.0630     0.1921     0.6707     1.7054     3.5439     5.7317     7.1972    10.3937
8        0.0002     0.0141     0.0538     0.2303     0.6802     1.5497     2.7009     3.5460     5.4600
9        0.0000     0.0037     0.0156     0.0789     0.2636     0.6582     1.2216     1.6438     2.6288
10        0.0000     0.0012     0.0052     0.0275     0.0929     0.2312     0.4375     0.5978     1.0105
11        0.0000     0.0004     0.0018     0.0094     0.0303     0.0717     0.1336     0.1840     0.3070
12        0.0000     0.0003     0.0011     0.0056     0.0169     0.0359     0.0607     0.0794     0.1251
13        0.0000     0.0001     0.0003     0.0012     0.0034     0.0070     0.0112     0.0143     0.0214
14        0.0000     0.0000     0.0001     0.0005     0.0013     0.0026     0.0042     0.0053     0.0077
15+       0.0000     0.0000     0.0000     0.0001     0.0003     0.0007     0.0010     0.0013     0.0022

2033

Age        1%         5%         10%        25%        50%        75%        90%        95%        99%    
1       68.6610    70.7463    79.0805   104.8967   168.5161   236.9541   280.2510   306.7465   333.8977
2       39.1990    43.1846    47.3125    62.7103   101.5120   143.3322   171.3419   186.1455   212.1758
3       12.0079    19.9009    23.0782    31.4934    52.5181    76.4223    95.2946   104.8188   125.0532
4        1.5362     5.9971     8.5349    13.4298    23.6449    37.0770    49.7715    56.2199    70.0739
5        0.1321     1.4589     2.6936     5.2957    10.1393    17.5366    25.0935    29.3143    38.3078
6        0.0106     0.3249     0.7717     1.9947     4.3174     8.1101    12.2890    14.9000    20.4744
7        0.0010     0.0701     0.2155     0.7227     1.8057     3.7106     5.9941     7.5120    10.7786
8        0.0002     0.0154     0.0602     0.2600     0.7532     1.6851     2.8824     3.7385     5.6615
9        0.0000     0.0037     0.0176     0.0911     0.3048     0.7456     1.3718     1.8479     2.9771
10        0.0000     0.0010     0.0052     0.0321     0.1193     0.3204     0.6265     0.8637     1.4441
11        0.0000     0.0004     0.0018     0.0113     0.0428     0.1139     0.2253     0.3167     0.5534
12        0.0000     0.0001     0.0007     0.0039     0.0142     0.0359     0.0695     0.0983     0.1677
13        0.0000     0.0001     0.0004     0.0023     0.0080     0.0182     0.0321     0.0431     0.0697
14        0.0000     0.0000     0.0001     0.0005     0.0016     0.0035     0.0060     0.0078     0.0120
15+       0.0000     0.0000     0.0001     0.0003     0.0008     0.0017     0.0028     0.0036     0.0055

2034

Age        1%         5%         10%        25%        50%        75%        90%        95%        99%    
1       68.6333    70.5713    78.8812   104.8918   168.5393   236.3566   279.7550   306.5120   329.2552
2       39.1902    43.2138    47.2893    62.8570   101.3817   143.4706   171.7264   186.5974   213.1340
3       12.1136    19.9187    23.1675    31.4638    52.5941    76.4528    95.6917   104.9523   124.9282
4        1.5585     6.1175     8.6597    13.5689    23.9673    37.4749    49.9775    56.4367    70.2598
5        0.1437     1.5175     2.7492     5.4349    10.3716    17.7901    25.3204    29.5846    38.9033
6        0.0115     0.3474     0.8198     2.0598     4.4103     8.2852    12.5513    15.1976    20.9258
7        0.0010     0.0781     0.2370     0.7726     1.8924     3.8267     6.1658     7.7062    11.1383
8        0.0002     0.0174     0.0680     0.2833     0.8043     1.7740     3.0289     3.9128     5.9362
9        0.0000     0.0041     0.0196     0.1041     0.3402     0.8156     1.4722     1.9582     3.1149
10        0.0000     0.0011     0.0059     0.0369     0.1397     0.3650     0.7073     0.9770     1.6423
11        0.0000     0.0003     0.0018     0.0134     0.0553     0.1575     0.3238     0.4600     0.7978
12        0.0000     0.0001     0.0007     0.0048     0.0200     0.0566     0.1177     0.1689     0.3070
13        0.0000     0.0000     0.0002     0.0017     0.0067     0.0181     0.0364     0.0525     0.0927
14        0.0000     0.0000     0.0002     0.0010     0.0038     0.0093     0.0171     0.0234     0.0392
15+       0.0000     0.0000     0.0001     0.0003     0.0012     0.0027     0.0047     0.0062     0.0097

Probability Spawning Stock Biomass Exceeds Threshold      3.660 (1000 MT)

Year    Probability

2021    0.017790
2022    0.019980
2023    0.152870
2024    0.070030
2025    0.148890
2026    0.310110
2027    0.405340
2028    0.467270
2029    0.511770
2030    0.542660
2031    0.563920
2032    0.580360
2033    0.593990
2034    0.602890

Probability Threshold Exceeded at Least Once =     0.8591

Probability Total Fishing Mortality Exceeds Threshold     0.8413 

Year    Probability

2021    1.000000
2022    1.000000
2023    1.000000
2024    1.000000
2025    0.389780
2026    0.329480
2027    0.284990
2028    0.253190
2029    0.228490
2030    0.211470
2031    0.197390
2032    0.186300
2033    0.179950
2034    0.174460

Probability Threshold Exceeded at Least Once =     1.0000


Requested Percentile Report

Percentile =    40.00 %

                                 2021       2022       2023       2024       2025       2026       2027       2028       2029       2030       2031       2032       2033       2034 

Recruits                     144.4264   144.3133   144.7773   144.9598   145.6824   145.9481   145.0049   144.4138   145.4993   146.2556   145.7453   144.9679   145.2195   146.3353 
Spawning Stock Biomass         2.1353     2.5042     2.7912     2.4366     2.4225     2.6332     2.8718     3.0874     3.2526     3.3901     3.4820     3.5636     3.6291     3.6747 
Jan-1 Stock Biomass            8.8087     9.0064     8.5405     7.9725     7.6755     8.0148     8.3374     8.6112     8.8084     8.9717     9.1042     9.2168     9.2847     9.3498 
Mean Biomass                   7.9722     7.7695     7.2169     6.7741     6.8293     7.1747     7.4755     7.7243     7.9023     8.0465     8.1603     8.2525     8.3170     8.3879 
Combined Catch Biomass         2.6395     3.1806     3.1174     2.8336     2.1850     2.1850     2.1850     2.1850     2.1850     2.1850     2.1850     2.1850     2.1850     2.1850 
Landings                       2.6395     3.1806     3.1174     2.8336     2.1850     2.1850     2.1850     2.1850     2.1850     2.1850     2.1850     2.1850     2.1850     2.1850 
FMort                          1.0794     1.0794     1.0794     1.0794     0.7178     0.6421     0.5865     0.5493     0.5230     0.5058     0.4933     0.4840     0.4768     0.4718 

Stock Numbers at Age
Age 1                        244.9740   144.4264   144.3133   144.7773   144.9598   145.6824   145.9481   145.0049   144.4138   145.4993   146.2556   145.7453   144.9679   145.2195 
Age 2                         93.8626   145.2891    85.9602    85.8380    86.1309    86.8375    87.2979    87.2548    87.0805    86.5116    87.1432    87.6514    87.2988    86.9307 
Age 3                         51.2273    42.4624    65.5075    38.6181    38.5932    41.0570    41.4037    41.8397    42.3091    42.4938    42.4579    42.9571    43.4841    43.4678 
Age 4                          9.1703    17.7050    14.5657    22.4334    13.1592    14.7602    16.1944    16.9296    17.6335    18.0957    18.4784    18.6508    19.0006    19.2670 
Age 5                          2.4696     2.7639     5.3673     4.4143     6.7877     4.5820     5.4289     6.2248     6.7655     7.2320     7.5321     7.8054     7.9399     8.1352 
Age 6                          0.8492     0.7221     0.7977     1.5509     1.2754     2.3951     1.6523     2.0601     2.4340     2.7133     2.9669     3.1284     3.2647     3.3625 
Age 7                          0.1227     0.2451     0.2086     0.2302     0.4479     0.4528     0.8894     0.6322     0.8144     0.9790     1.1144     1.2341     1.3206     1.3835 
Age 8                          0.0902     0.0370     0.0727     0.0618     0.0681     0.1616     0.1706     0.3483     0.2547     0.3341     0.4070     0.4696     0.5244     0.5656 
Age 9                          0.0063     0.0279     0.0114     0.0223     0.0189     0.0250     0.0623     0.0678     0.1426     0.1069     0.1418     0.1743     0.2029     0.2279 
Age 10                          0.0032     0.0020     0.0088     0.0036     0.0070     0.0071     0.0098     0.0253     0.0282     0.0605     0.0463     0.0616     0.0767     0.0897 
Age 11                          0.0009     0.0011     0.0007     0.0029     0.0012     0.0027     0.0029     0.0041     0.0107     0.0122     0.0265     0.0205     0.0274     0.0344 
Age 12                          0.0001     0.0003     0.0003     0.0002     0.0009     0.0005     0.0011     0.0012     0.0017     0.0047     0.0054     0.0118     0.0092     0.0124 
Age 13                          0.0000     0.0000     0.0001     0.0001     0.0001     0.0004     0.0002     0.0005     0.0005     0.0008     0.0021     0.0024     0.0053     0.0042 
Age 14                          0.0000     0.0000     0.0000     0.0000     0.0000     0.0000     0.0001     0.0001     0.0002     0.0002     0.0004     0.0010     0.0011     0.0024 
Age 15                          0.0000     0.0000     0.0000     0.0000     0.0000     0.0000     0.0000     0.0001     0.0001     0.0001     0.0002     0.0002     0.0006     0.0008 
