AGEPRO VERSION 4.2

Constant_Q2180_CR_age1_lowS

Date & Time of Run: 22 May 2024  14:01

Input File Name:    Scenario7_1000.inp

First Age Class:                         1
Number of Age Classes:                  15
Number of Years in Projection:          14
Number of Fleets:                        9
Number of Recruitment Models:            3
Number of Bootstraps:                  100
Number of Simulations:                1000

Bootstrap File Name:            C:\Users\jon.brodziak\Desktop\2024 WCNPO MLS Rebuilding\Bootstrap-numbers-at-age\2023_WCNPOMLS.bsn

Number of Feasible Solutions:      99836  of     100000 Realizations

Input Harvest Scenario

Year  Type        Fleet-1    Fleet-2    Fleet-3    Fleet-4    Fleet-5    Fleet-6    Fleet-7    Fleet-8    Fleet-9    

2021  F-Mult       0.1651     0.0453     0.2588     0.0166     0.0610     0.0487     0.0642     0.0722     0.3475 
2022  F-Mult       0.1651     0.0453     0.2588     0.0166     0.0610     0.0487     0.0642     0.0722     0.3475 
2023  F-Mult       0.1651     0.0453     0.2588     0.0166     0.0610     0.0487     0.0642     0.0722     0.3475 
2024  F-Mult       0.1651     0.0453     0.2588     0.0166     0.0610     0.0487     0.0642     0.0722     0.3475 
2025  Landings        313        124        648         58        189         85        163        294        306 
2026  Landings        313        124        648         58        189         85        163        294        306 
2027  Landings        313        124        648         58        189         85        163        294        306 
2028  Landings        313        124        648         58        189         85        163        294        306 
2029  Landings        313        124        648         58        189         85        163        294        306 
2030  Landings        313        124        648         58        189         85        163        294        306 
2031  Landings        313        124        648         58        189         85        163        294        306 
2032  Landings        313        124        648         58        189         85        163        294        306 
2033  Landings        313        124        648         58        189         85        163        294        306 
2034  Landings        313        124        648         58        189         85        163        294        306 

Recruitment Selection Distribution

Year  Selection-1 Selection-2 Selection-3 

2021      0.1182     0.8411     0.0407 
2022      0.1216     0.8384     0.0399 
2023      0.1204     0.8395     0.0401 
2024      0.1186     0.8406     0.0408 
2025      0.1182     0.8406     0.0412 
2026      0.1183     0.8417     0.0400 
2027      0.1196     0.8396     0.0408 
2028      0.1201     0.8401     0.0398 
2029      0.1202     0.8398     0.0401 
2030      0.1197     0.8405     0.0397 
2031      0.1194     0.8397     0.0409 
2032      0.1165     0.8432     0.0403 
2033      0.1216     0.8378     0.0406 
2034      0.1206     0.8390     0.0403 

Recruits        1000  Fish

Year Class   Average        StdDev
2021        172.9865       79.9654
2022        173.4823       80.4891
2023        173.5708       81.4232
2024        173.2070       81.7099
2025        173.6564       81.1125
2026        173.5356       81.5674
2027        173.7376       82.4044
2028        173.5497       81.9223
2029        173.4870       82.8713
2030        173.5916       82.5883
2031        174.2405       82.7115
2032        173.8884       82.8835
2033        173.8234       82.3643
2034        173.4844       82.1159

Recruits Distribution

Year Class 1%         5%         10%        25%        50%        75%        90%        95%        99%    
2021    68.6480    70.6272    78.8730   104.5945   168.4059   236.1143   279.3758   306.1060   324.8970
2022    68.6553    70.6833    79.1413   104.9785   168.4883   236.3171   279.3534   306.0908   324.9969
2023    68.6515    70.5790    79.0125   104.5214   168.4832   236.5422   279.5568   306.6712   325.5904
2024    68.6523    70.6383    78.9677   104.6783   168.4717   235.7430   278.5654   305.8699   325.4201
2025    68.6564    70.6860    79.0292   104.7364   168.5580   236.7337   279.7112   306.8407   325.2636
2026    68.6293    70.6722    79.0769   104.7490   168.5351   236.5465   279.9200   306.3468   325.4831
2027    68.6269    70.7349    78.9874   104.6789   168.5239   236.5430   279.3538   306.3158   325.5244
2028    68.6273    70.6481    79.0161   104.6564   168.4443   236.7361   279.1106   306.8480   325.5649
2029    68.6483    70.5746    78.8328   104.3865   168.4319   236.1395   279.9154   306.7249   327.9531
2030    68.6526    70.7999    78.9733   104.0640   168.5163   236.4480   279.7505   306.6312   325.7305
2031    68.6403    70.7143    79.0809   104.6784   168.6258   237.3762   280.3499   307.3088   333.3965
2032    68.6426    70.6071    78.9605   104.5665   168.5922   236.5447   279.0287   306.3760   327.3242
2033    68.6521    70.6198    79.1251   104.8784   168.5265   236.5324   279.6555   306.4460   333.0234
2034    68.6423    70.5334    78.9993   104.5083   168.4443   236.3077   279.2024   306.0532   325.7020

Spawning Stock Biomass  x       1000 MT

Year       Average        StdDev
2021        2.2957        0.4586
2022        2.6205        0.4318
2023        2.9723        0.6169
2024        2.6217        0.6410
2025        2.6880        0.8843
2026        3.0604        1.3196
2027        3.3962        1.6180
2028        3.6660        1.7972
2029        3.8761        1.9150
2030        4.0387        2.0051
2031        4.1604        2.0564
2032        4.2511        2.0936
2033        4.3243        2.1192
2034        4.3861        2.1419

Spawning Stock Biomass Distribution

Year        1%         5%         10%        25%        50%        75%        90%        95%        99%   
2021     1.4685     1.7227     1.8295     1.9992     2.2267     2.5124     2.8107     3.0325     4.1664 
2022     1.7630     1.9699     2.0931     2.3201     2.5882     2.8685     3.2107     3.4184     3.7753 
2023     1.8615     2.0930     2.2364     2.5215     2.9028     3.3442     3.8061     4.1162     4.6724 
2024     1.4793     1.7023     1.8516     2.1540     2.5613     3.0232     3.4571     3.7235     4.2955 
2025     1.0907     1.4179     1.6331     2.0491     2.6044     3.2363     3.8266     4.1902     4.9872 
2026     0.7355     1.1950     1.4993     2.1097     2.9292     3.8639     4.7515     5.2967     6.5615 
2027     0.5739     1.1197     1.4857     2.2389     3.2373     4.3522     5.4516     6.1458     7.7914 
2028     0.5144     1.1176     1.5382     2.3848     3.4864     4.7320     5.9497     6.7357     8.6122 
2029     0.4927     1.1506     1.5993     2.5082     3.6847     5.0119     6.3237     7.1729     9.1614 
2030     0.4885     1.1820     1.6687     2.6122     3.8301     5.2224     6.5850     7.4880     9.6151 
2031     0.4992     1.2320     1.7308     2.6947     3.9526     5.3711     6.7786     7.7035     9.8651 
2032     0.5215     1.2636     1.7740     2.7684     4.0405     5.4788     6.9049     7.8520    10.1464 
2033     0.5218     1.2885     1.8146     2.8252     4.1184     5.5728     7.0105     7.9721    10.3091 
2034     0.5127     1.3125     1.8526     2.8633     4.1855     5.6412     7.0961     8.0819    10.4037 

JAN-1 Stock Biomass  x       1000 MT

Year       Average        StdDev
2021        9.2980        1.5987
2022        9.5319        1.8072
2023        9.0570        1.9232
2024        8.4953        1.9558
2025        8.1944        1.9781
2026        8.6614        2.3575
2027        9.0599        2.6201
2028        9.3849        2.7975
2029        9.6402        2.9206
2030        9.8348        3.0030
2031        9.9825        3.0605
2032       10.1045        3.1032
2033       10.1954        3.1335
2034       10.2624        3.1402

JAN-1 Stock Biomass Distribution

Year       1%         5%         10%        25%        50%        75%        90%        95%        99%    
2021     6.3297     6.9502     7.3681     8.1727     9.1713    10.1415    11.5677    12.2968    13.7406 
2022     6.1460     6.8545     7.3112     8.2317     9.3796    10.6568    11.9214    12.7115    14.3048 
2023     5.4189     6.1943     6.7039     7.6880     8.9197    10.2510    11.5385    12.3293    14.0949 
2024     4.7849     5.5983     6.1133     7.1090     8.3583     9.6973    10.9870    11.8105    13.6690 
2025     4.4608     5.2785     5.8006     6.8002     8.0505     9.4057    10.6954    11.5069    13.4231 
2026     4.1236     5.1610     5.8136     7.0150     8.5042    10.0920    11.6441    12.6315    14.9498 
2027     3.9861     5.1710     5.9066     7.2319     8.8666    10.6535    12.3618    13.4506    16.1020 
2028     3.9067     5.2372     6.0131     7.4454     9.1790    11.0863    12.9298    14.1125    16.9718 
2029     3.9248     5.3114     6.1241     7.6170     9.4201    11.4014    13.3377    14.6009    17.4746 
2030     3.9464     5.3931     6.2391     7.7500     9.6240    11.6335    13.6103    14.9268    18.0128 
2031     3.9836     5.4556     6.3169     7.8770     9.7617    11.8188    13.8320    15.1551    18.4283 
2032     4.0081     5.4967     6.3882     7.9750     9.8905    11.9586    14.0005    15.3675    18.5891 
2033     3.9836     5.5586     6.4564     8.0311     9.9848    12.0846    14.1241    15.4903    18.7712 
2034     3.9585     5.6114     6.4990     8.1125    10.0557    12.1434    14.2040    15.5866    18.7931 

Mean Biomass  x       1000 MT

Year       Average        StdDev
2021        8.4401        1.5362
2022        8.2717        1.7229
2023        7.7025        1.7885
2024        7.2686        1.8139
2025        7.4056        2.1028
2026        7.8472        2.4351
2027        8.2121        2.6524
2028        8.5064        2.8071
2029        8.7321        2.9125
2030        8.9016        2.9807
2031        9.0335        3.0269
2032        9.1409        3.0621
2033        9.2239        3.0916
2034        9.2820        3.0920

Mean Biomass Distribution

Year       1%         5%         10%        25%        50%        75%        90%        95%        99%    
2021     5.6599     6.2100     6.5890     7.3054     8.3137     9.3092    10.5721    11.3146    12.6340 
2022     5.1098     5.7349     6.1559     7.0204     8.1268     9.3560    10.5230    11.2558    12.8291 
2023     4.3901     5.0537     5.5165     6.4215     7.5740     8.8082     9.9968    10.7404    12.3120 
2024     3.9278     4.6138     5.0690     5.9788     7.1287     8.3772     9.5776    10.3454    12.0098 
2025     3.4717     4.3141     4.8684     5.9259     7.2529     8.6907    10.0472    10.9041    12.9660 
2026     3.1854     4.2364     4.9078     6.1547     7.6732     9.3238    10.9204    11.9209    14.3709 
2027     3.0563     4.2767     5.0127     6.3667     8.0107     9.8330    11.5628    12.6437    15.3334 
2028     3.0276     4.3470     5.1172     6.5593     8.3058    10.2117    12.0470    13.2405    16.1406 
2029     3.0306     4.4159     5.2257     6.7133     8.5237    10.4872    12.3973    13.6691    16.5952 
2030     3.0621     4.4966     5.3290     6.8332     8.6950    10.6847    12.6424    13.9444    17.0396 
2031     3.1167     4.5524     5.4029     6.9616     8.8138    10.8523    12.8423    14.1444    17.2750 
2032     3.1270     4.5858     5.4844     7.0365     8.9355    10.9627    12.9975    14.3131    17.5037 
2033     3.1076     4.6349     5.5373     7.0937     9.0154    11.0792    13.0926    14.4583    17.6448 
2034     3.0634     4.6955     5.5763     7.1645     9.0752    11.1329    13.1741    14.5285    17.7085 

Combined Catch Biomass  x       1000 MT

Year       Average        StdDev
2021        2.8919        0.4685
2022        3.3920        0.5709
2023        3.3604        0.6689
2024        3.0703        0.6948
2025        2.1800        0.0000
2026        2.1800        0.0001
2027        2.1799        0.0169
2028        2.1796        0.0284
2029        2.1791        0.0447
2030        2.1786        0.0556
2031        2.1780        0.0657
2032        2.1774        0.0758
2033        2.1769        0.0815
2034        2.1764        0.0882

Combined Catch Distribution

Year       1%         5%         10%        25%        50%        75%        90%        95%        99%    
2021     1.9062     2.2909     2.3898     2.5823     2.8296     3.1494     3.4436     3.6855     4.6131 
2022     2.3347     2.5500     2.6969     2.9651     3.3581     3.7183     4.1883     4.4671     4.9039 
2023     2.1179     2.3668     2.5378     2.8777     3.3057     3.7865     4.2330     4.5164     5.1076 
2024     1.7747     2.0404     2.2181     2.5712     3.0244     3.4992     3.9635     4.2474     4.8616 
2025     2.1800     2.1800     2.1800     2.1800     2.1800     2.1800     2.1800     2.1800     2.1800 
2026     2.1800     2.1800     2.1800     2.1800     2.1800     2.1800     2.1800     2.1800     2.1800 
2027     2.1800     2.1800     2.1800     2.1800     2.1800     2.1800     2.1800     2.1800     2.1800 
2028     2.1800     2.1800     2.1800     2.1800     2.1800     2.1800     2.1800     2.1800     2.1800 
2029     2.1800     2.1800     2.1800     2.1800     2.1800     2.1800     2.1800     2.1800     2.1800 
2030     2.1800     2.1800     2.1800     2.1800     2.1800     2.1800     2.1800     2.1800     2.1800 
2031     2.1800     2.1800     2.1800     2.1800     2.1800     2.1800     2.1800     2.1800     2.1800 
2032     2.1800     2.1800     2.1800     2.1800     2.1800     2.1800     2.1800     2.1800     2.1800 
2033     2.1800     2.1800     2.1800     2.1800     2.1800     2.1800     2.1800     2.1800     2.1800 
2034     2.1800     2.1800     2.1800     2.1800     2.1800     2.1800     2.1800     2.1800     2.1800 

Landings  x       1000 MT

Year       Average        StdDev
2021        2.8919        0.4685
2022        3.3920        0.5709
2023        3.3604        0.6689
2024        3.0703        0.6948
2025        2.1800        0.0000
2026        2.1800        0.0001
2027        2.1799        0.0169
2028        2.1796        0.0284
2029        2.1791        0.0447
2030        2.1786        0.0556
2031        2.1780        0.0657
2032        2.1774        0.0758
2033        2.1769        0.0815
2034        2.1764        0.0882

Landings Distribution

Year       1%         5%         10%        25%        50%        75%        90%        95%        99%    
2021     1.9062     2.2909     2.3898     2.5823     2.8296     3.1494     3.4436     3.6855     4.6131 
2022     2.3347     2.5500     2.6969     2.9651     3.3581     3.7183     4.1883     4.4671     4.9039 
2023     2.1179     2.3668     2.5378     2.8777     3.3057     3.7865     4.2330     4.5164     5.1076 
2024     1.7747     2.0404     2.2181     2.5712     3.0244     3.4992     3.9635     4.2474     4.8616 
2025     2.1800     2.1800     2.1800     2.1800     2.1800     2.1800     2.1800     2.1800     2.1800 
2026     2.1800     2.1800     2.1800     2.1800     2.1800     2.1800     2.1800     2.1800     2.1800 
2027     2.1800     2.1800     2.1800     2.1800     2.1800     2.1800     2.1800     2.1800     2.1800 
2028     2.1800     2.1800     2.1800     2.1800     2.1800     2.1800     2.1800     2.1800     2.1800 
2029     2.1800     2.1800     2.1800     2.1800     2.1800     2.1800     2.1800     2.1800     2.1800 
2030     2.1800     2.1800     2.1800     2.1800     2.1800     2.1800     2.1800     2.1800     2.1800 
2031     2.1800     2.1800     2.1800     2.1800     2.1800     2.1800     2.1800     2.1800     2.1800 
2032     2.1800     2.1800     2.1800     2.1800     2.1800     2.1800     2.1800     2.1800     2.1800 
2033     2.1800     2.1800     2.1800     2.1800     2.1800     2.1800     2.1800     2.1800     2.1800 
2034     2.1800     2.1800     2.1800     2.1800     2.1800     2.1800     2.1800     2.1800     2.1800 

Total Fishing Mortality

Year       Average        StdDev
2021        1.0794        0.0000
2022        1.0794        0.0000
2023        1.0794        0.0000
2024        1.0794        0.0000
2025        0.8207        0.2547
2026        0.7940        0.3734
2027        0.7675        0.4771
2028        0.7391        0.5226
2029        0.7127        0.5332
2030        0.6916        0.5346
2031        0.6739        0.5257
2032        0.6599        0.5186
2033        0.6505        0.5205
2034        0.6422        0.5129

Total Fishing Mortality Distribution

Year       1%         5%         10%        25%        50%        75%        90%        95%        99%    
2021     1.0794     1.0794     1.0794     1.0794     1.0794     1.0794     1.0794     1.0794     1.0794 
2022     1.0794     1.0794     1.0794     1.0794     1.0794     1.0794     1.0794     1.0794     1.0794 
2023     1.0794     1.0794     1.0794     1.0794     1.0794     1.0794     1.0794     1.0794     1.0794 
2024     1.0794     1.0794     1.0794     1.0794     1.0794     1.0794     1.0794     1.0794     1.0794 
2025     0.4325     0.5085     0.5517     0.6402     0.7697     0.9471     1.1580     1.3128     1.6502 
2026     0.3444     0.4194     0.4629     0.5546     0.7007     0.9218     1.2271     1.4870     2.1769 
2027     0.2950     0.3673     0.4097     0.4999     0.6451     0.8777     1.2302     1.5541     2.5839 
2028     0.2703     0.3370     0.3781     0.4638     0.6056     0.8363     1.1969     1.5519     2.7734 
2029     0.2533     0.3188     0.3580     0.4409     0.5773     0.8016     1.1582     1.5072     2.8045 
2030     0.2447     0.3072     0.3448     0.4249     0.5578     0.7751     1.1209     1.4686     2.8019 
2031     0.2377     0.2996     0.3365     0.4150     0.5428     0.7563     1.0899     1.4288     2.7058 
2032     0.2326     0.2947     0.3309     0.4074     0.5322     0.7374     1.0653     1.3972     2.6101 
2033     0.2298     0.2902     0.3269     0.4016     0.5239     0.7254     1.0432     1.3718     2.5946 
2034     0.2290     0.2871     0.3239     0.3975     0.5175     0.7167     1.0260     1.3497     2.5951 

JAN-1 Stock Numbers at Age  -       1000  Fish

2021

Age        1%         5%         10%        25%        50%        75%        90%        95%        99%    
1      140.2370   175.0900   184.8320   216.7130   261.1480   317.3690   385.6290   409.5080   464.9250
2       58.9389    77.9477    80.8620    85.4451   100.4175   112.5240   125.3470   138.4980   148.4390
3       34.1986    41.3466    43.5177    47.9381    54.8765    60.4455    67.3245    74.4817    84.8335
4        4.4701     6.3288     7.3712     8.3369     9.5330    10.8358    12.5169    14.0136    20.6054
5        1.2938     1.6031     1.7337     2.2441     2.6907     3.2695     4.2092     4.8898     7.4995
6        0.2917     0.4842     0.6024     0.6936     0.9665     1.2287     1.8234     2.1765     5.0518
7        0.0278     0.0584     0.0739     0.1025     0.1591     0.2261     0.3164     0.3996     1.3049
8        0.0082     0.0292     0.0370     0.0584     0.1092     0.1670     0.2575     0.4456     2.1858
9        0.0003     0.0014     0.0021     0.0035     0.0085     0.0144     0.0223     0.0334     0.2402
10        0.0001     0.0005     0.0007     0.0015     0.0043     0.0069     0.0143     0.0242     0.2609
11        0.0000     0.0001     0.0002     0.0004     0.0014     0.0028     0.0051     0.0082     0.1988
12        0.0000     0.0000     0.0000     0.0000     0.0001     0.0003     0.0005     0.0008     0.0280
13        0.0000     0.0000     0.0000     0.0000     0.0000     0.0002     0.0003     0.0005     0.0316
14        0.0000     0.0000     0.0000     0.0000     0.0000     0.0000     0.0001     0.0001     0.0183
15+       0.0000     0.0000     0.0000     0.0000     0.0000     0.0000     0.0000     0.0000     0.0127

2022

Age        1%         5%         10%        25%        50%        75%        90%        95%        99%    
1       68.6480    70.6272    78.8730   104.5945   168.4059   236.1143   279.3758   306.1060   324.8970
2       86.8859   102.3368   108.9798   125.8022   152.7984   187.3411   226.1838   246.5005   280.5868
3       26.7474    34.4326    36.1923    39.2212    44.7631    51.0740    57.9574    62.8086    70.6859
4       11.9461    13.9166    14.9611    16.5189    18.5543    20.8299    23.6346    25.9931    31.4388
5        1.4342     1.9491     2.1921     2.5213     2.9106     3.3273     3.8949     4.2927     6.5330
6        0.3772     0.4639     0.5100     0.6456     0.7744     0.9529     1.2412     1.4498     2.5222
7        0.0972     0.1451     0.1715     0.2056     0.2738     0.3645     0.5311     0.6299     1.6421
8        0.0097     0.0178     0.0219     0.0304     0.0465     0.0675     0.0970     0.1263     0.4535
9        0.0030     0.0092     0.0114     0.0183     0.0337     0.0514     0.0813     0.1367     0.7894
10        0.0001     0.0004     0.0007     0.0011     0.0027     0.0045     0.0073     0.0110     0.0868
11        0.0000     0.0002     0.0002     0.0005     0.0014     0.0023     0.0049     0.0080     0.0982
12        0.0000     0.0000     0.0001     0.0001     0.0005     0.0009     0.0017     0.0028     0.0750
13        0.0000     0.0000     0.0000     0.0000     0.0000     0.0001     0.0002     0.0003     0.0110
14        0.0000     0.0000     0.0000     0.0000     0.0000     0.0001     0.0001     0.0002     0.0122
15+       0.0000     0.0000     0.0000     0.0000     0.0000     0.0000     0.0000     0.0001     0.0122

2023

Age        1%         5%         10%        25%        50%        75%        90%        95%        99%    
1       68.6553    70.6833    79.1413   104.9785   168.4883   236.3171   279.3534   306.0908   324.9969
2       38.6636    41.9432    45.9378    60.8676    97.9656   138.1563   164.7819   178.9099   198.9010
3       39.0601    45.7140    49.0518    56.7441    69.1041    84.8942   102.1856   112.1927   127.8684
4        9.1478    11.5187    12.2574    13.4502    15.3442    17.6148    20.0432    21.6775    24.6090
5        3.5908     4.1741     4.4928     4.9878     5.6185     6.3517     7.2219     7.9349     9.6067
6        0.4153     0.5606     0.6273     0.7257     0.8416     0.9666     1.1308     1.2559     1.8937
7        0.1084     0.1324     0.1478     0.1856     0.2235     0.2774     0.3612     0.4218     0.7287
8        0.0292     0.0431     0.0502     0.0610     0.0812     0.1091     0.1587     0.1864     0.4911
9        0.0032     0.0055     0.0067     0.0093     0.0142     0.0208     0.0297     0.0391     0.1485
10        0.0010     0.0029     0.0036     0.0058     0.0106     0.0163     0.0259     0.0429     0.2605
11        0.0000     0.0001     0.0002     0.0004     0.0009     0.0015     0.0024     0.0036     0.0283
12        0.0000     0.0001     0.0001     0.0002     0.0005     0.0007     0.0016     0.0026     0.0333
13        0.0000     0.0000     0.0000     0.0000     0.0002     0.0003     0.0006     0.0009     0.0274
14        0.0000     0.0000     0.0000     0.0000     0.0000     0.0000     0.0001     0.0001     0.0038
15+       0.0000     0.0000     0.0000     0.0000     0.0000     0.0000     0.0000     0.0001     0.0085

2024

Age        1%         5%         10%        25%        50%        75%        90%        95%        99%    
1       68.6515    70.5790    79.0125   104.5214   168.4832   236.5422   279.5568   306.6712   325.5904
2       38.6890    42.0237    46.0880    60.9990    98.1642   138.4970   165.0371   179.0917   199.6785
3       17.1086    18.9077    20.7081    27.4153    43.9736    62.0699    74.7931    81.1058    92.1327
4       13.2920    15.5186    16.7569    19.4338    23.7286    29.2010    35.1292    38.6769    44.3946
5        2.7501     3.4329     3.6773     4.0736     4.6482     5.3580     6.1189     6.6170     7.5658
6        1.0278     1.1934     1.2851     1.4365     1.6245     1.8462     2.1034     2.3103     2.7985
7        0.1199     0.1609     0.1797     0.2091     0.2433     0.2814     0.3285     0.3674     0.5493
8        0.0319     0.0389     0.0437     0.0547     0.0663     0.0828     0.1078     0.1258     0.2180
9        0.0089     0.0132     0.0152     0.0187     0.0249     0.0336     0.0487     0.0573     0.1497
10        0.0011     0.0017     0.0021     0.0029     0.0045     0.0066     0.0094     0.0125     0.0478
11        0.0004     0.0009     0.0012     0.0019     0.0035     0.0053     0.0084     0.0138     0.0837
12        0.0000     0.0000     0.0001     0.0001     0.0003     0.0005     0.0008     0.0012     0.0094
13        0.0000     0.0000     0.0000     0.0001     0.0002     0.0003     0.0005     0.0009     0.0112
14        0.0000     0.0000     0.0000     0.0000     0.0001     0.0001     0.0002     0.0003     0.0095
15+       0.0000     0.0000     0.0000     0.0000     0.0000     0.0000     0.0000     0.0001     0.0044

2025

Age        1%         5%         10%        25%        50%        75%        90%        95%        99%    
1       68.6523    70.6383    78.9677   104.6783   168.4717   235.7430   278.5654   305.8699   325.4201
2       38.6169    42.0057    45.9923    60.8294    98.2592   138.4598   164.9883   179.3797   201.2134
3       17.1345    18.9318    20.7927    27.4393    44.0649    62.2451    74.8389    81.1799    92.5071
4        5.7561     6.4732     7.0971     9.3808    15.0117    21.1897    25.7813    27.9943    32.3260
5        3.9843     4.6655     5.0509     5.8841     7.1989     8.8626    10.6948    11.7880    13.5990
6        0.7914     0.9776     1.0528     1.1753     1.3448     1.5551     1.7793     1.9283     2.2127
7        0.2932     0.3408     0.3680     0.4136     0.4701     0.5372     0.6142     0.6737     0.8180
8        0.0356     0.0472     0.0528     0.0617     0.0722     0.0839     0.0983     0.1103     0.1637
9        0.0097     0.0119     0.0134     0.0167     0.0203     0.0255     0.0332     0.0389     0.0671
10        0.0028     0.0041     0.0048     0.0059     0.0079     0.0107     0.0154     0.0182     0.0476
11        0.0003     0.0006     0.0007     0.0010     0.0014     0.0021     0.0031     0.0041     0.0158
12        0.0001     0.0003     0.0004     0.0006     0.0011     0.0018     0.0028     0.0046     0.0280
13        0.0000     0.0000     0.0000     0.0000     0.0001     0.0002     0.0003     0.0004     0.0032
14        0.0000     0.0000     0.0000     0.0000     0.0001     0.0001     0.0002     0.0003     0.0038
15+       0.0000     0.0000     0.0000     0.0000     0.0000     0.0000     0.0001     0.0001     0.0050

2026

Age        1%         5%         10%        25%        50%        75%        90%        95%        99%    
1       68.6564    70.6860    79.0292   104.7364   168.5580   236.7337   279.7112   306.8407   325.2636
2       38.6296    42.2812    46.2934    61.3080    99.1200   139.9501   167.8792   182.4019   205.8969
3       15.2915    18.5437    20.9016    28.4035    48.0860    70.8870    87.8513    96.2337   112.7700
4        4.6045     6.2343     7.3403    10.2879    17.7444    27.0380    34.6975    38.4560    46.1785
5        1.4050     1.9969     2.3781     3.3216     5.4654     8.1336    10.6913    12.0186    14.7383
6        0.9764     1.3588     1.5854     2.0090     2.6043     3.3544     4.1890     4.7340     5.7877
7        0.2065     0.2803     0.3223     0.3987     0.4893     0.5922     0.7003     0.7719     0.9158
8        0.0778     0.1027     0.1171     0.1432     0.1739     0.2078     0.2451     0.2714     0.3323
9        0.0110     0.0150     0.0175     0.0219     0.0271     0.0330     0.0398     0.0453     0.0647
10        0.0031     0.0041     0.0048     0.0061     0.0078     0.0101     0.0133     0.0159     0.0266
11        0.0010     0.0015     0.0017     0.0023     0.0031     0.0043     0.0062     0.0075     0.0192
12        0.0001     0.0002     0.0003     0.0004     0.0006     0.0009     0.0012     0.0017     0.0063
13        0.0000     0.0001     0.0002     0.0003     0.0004     0.0007     0.0012     0.0018     0.0114
14        0.0000     0.0000     0.0000     0.0000     0.0000     0.0001     0.0001     0.0002     0.0013
15+       0.0000     0.0000     0.0000     0.0000     0.0000     0.0001     0.0001     0.0002     0.0037

2027

Age        1%         5%         10%        25%        50%        75%        90%        95%        99%    
1       68.6293    70.6722    79.0769   104.7490   168.5351   236.5465   279.9200   306.3468   325.4831
2       38.5085    42.4249    46.4264    61.4877    99.5082   140.9234   168.4079   183.1615   205.3991
3       13.5466    18.4302    21.2536    29.0822    49.1487    72.2616    90.8685    99.7537   118.2414
4        2.9906     5.4508     7.0607    10.9094    20.1519    32.3657    43.1606    48.5088    59.8994
5        0.7212     1.6033     2.2488     3.7212     6.8103    11.3394    15.8303    18.1984    23.2871
6        0.2131     0.5017     0.7144     1.1781     2.0186     3.2738     4.6470     5.4639     7.1645
7        0.1395     0.3194     0.4427     0.6856     1.0055     1.4019     1.8344     2.1307     2.7577
8        0.0299     0.0657     0.0902     0.1366     0.1935     0.2552     0.3165     0.3574     0.4447
9        0.0118     0.0252     0.0339     0.0505     0.0703     0.0912     0.1123     0.1270     0.1593
10        0.0019     0.0040     0.0053     0.0079     0.0111     0.0146     0.0184     0.0212     0.0295
11        0.0006     0.0012     0.0016     0.0023     0.0033     0.0045     0.0060     0.0073     0.0118
12        0.0002     0.0004     0.0006     0.0009     0.0013     0.0019     0.0028     0.0035     0.0082
13        0.0000     0.0001     0.0001     0.0001     0.0002     0.0004     0.0006     0.0008     0.0028
14        0.0000     0.0000     0.0001     0.0001     0.0002     0.0003     0.0005     0.0008     0.0050
15+       0.0000     0.0000     0.0000     0.0000     0.0000     0.0001     0.0001     0.0002     0.0022

2028

Age        1%         5%         10%        25%        50%        75%        90%        95%        99%    
1       68.6269    70.7349    78.9874   104.6789   168.5239   236.5430   279.3538   306.3158   325.5244
2       38.4840    42.4511    46.5234    61.5721    99.6052   141.1911   169.0491   183.4110   206.8097
3       12.5740    18.6041    21.6907    29.7974    50.0458    73.5406    92.1981   101.4737   119.1564
4        2.1482     5.2172     7.2013    11.6008    21.2281    33.9797    45.6566    51.7115    64.8404
5        0.3679     1.2958     2.0959     3.9959     8.1069    14.3991    20.7063    24.1523    31.5697
6        0.0814     0.3636     0.6399     1.3271     2.6658     4.8726     7.3135     8.7885    11.9611
7        0.0245     0.1138     0.2028     0.4208     0.7976     1.4109     2.1262     2.6075     3.6470
8        0.0154     0.0707     0.1235     0.2420     0.4142     0.6305     0.8677     1.0346     1.3987
9        0.0035     0.0150     0.0255     0.0490     0.0813     0.1176     0.1540     0.1784     0.2316
10        0.0014     0.0059     0.0100     0.0186     0.0301     0.0427     0.0554     0.0638     0.0835
11        0.0002     0.0010     0.0016     0.0030     0.0048     0.0069     0.0091     0.0107     0.0150
12        0.0001     0.0003     0.0005     0.0009     0.0014     0.0021     0.0029     0.0036     0.0058
13        0.0000     0.0001     0.0002     0.0003     0.0006     0.0009     0.0013     0.0017     0.0037
14        0.0000     0.0000     0.0000     0.0001     0.0001     0.0002     0.0003     0.0004     0.0013
15+       0.0000     0.0000     0.0000     0.0000     0.0001     0.0002     0.0003     0.0005     0.0033

2029

Age        1%         5%         10%        25%        50%        75%        90%        95%        99%    
1       68.6273    70.6481    79.0161   104.6564   168.4443   236.7361   279.1106   306.8480   325.5649
2       38.4969    42.5242    46.5214    61.6831    99.8106   141.1689   169.1667   183.8354   208.1351
3       12.0831    18.8961    22.0903    30.1758    50.4465    74.1253    93.2468   102.3518   120.5860
4        1.8261     5.2883     7.5467    12.1687    21.9903    35.0478    47.1775    53.2670    66.0225
5        0.2256     1.2211     2.1485     4.3691     8.8101    15.6231    22.4578    26.3241    34.9461
6        0.0360     0.2912     0.5946     1.4554     3.3009     6.4301     9.9121    12.0536    16.7331
7        0.0080     0.0820     0.1829     0.4826     1.0929     2.1709     3.4730     4.3490     6.3057
8        0.0025     0.0260     0.0591     0.1552     0.3348     0.6375     1.0219     1.2928     1.9059
9        0.0016     0.0163     0.0360     0.0897     0.1787     0.2963     0.4302     0.5251     0.7432
10        0.0004     0.0036     0.0076     0.0185     0.0356     0.0565     0.0779     0.0925     0.1246
11        0.0002     0.0015     0.0031     0.0072     0.0134     0.0208     0.0283     0.0334     0.0453
12        0.0000     0.0002     0.0005     0.0012     0.0022     0.0034     0.0047     0.0056     0.0080
13        0.0000     0.0001     0.0002     0.0004     0.0007     0.0010     0.0015     0.0019     0.0030
14        0.0000     0.0000     0.0001     0.0001     0.0003     0.0004     0.0007     0.0009     0.0018
15+       0.0000     0.0000     0.0000     0.0000     0.0001     0.0002     0.0003     0.0004     0.0021

2030

Age        1%         5%         10%        25%        50%        75%        90%        95%        99%    
1       68.6483    70.5746    78.8328   104.3865   168.4319   236.1395   279.9154   306.7249   327.9531
2       38.4834    42.5638    46.6609    61.7708    99.8076   141.5353   169.2165   184.0040   208.3296
3       11.9396    19.1438    22.3673    30.5840    51.0477    74.5413    93.8419   103.0851   122.2179
4        1.6978     5.4752     7.8776    12.5865    22.4791    35.7433    48.1194    54.3770    67.2252
5        0.1736     1.2610     2.2966     4.6856     9.3066    16.4291    23.5637    27.5386    35.9946
6        0.0204     0.2727     0.6211     1.6204     3.6690     7.1560    10.9515    13.3529    18.7242
7        0.0031     0.0659     0.1731     0.5416     1.3818     2.9234     4.8259     6.0689     8.9379
8        0.0009     0.0192     0.0548     0.1817     0.4663     1.0018     1.6998     2.2049     3.3579
9        0.0003     0.0064     0.0181     0.0599     0.1468     0.2987     0.5063     0.6604     1.0167
10        0.0002     0.0041     0.0110     0.0348     0.0794     0.1441     0.2192     0.2746     0.4039
11        0.0000     0.0009     0.0024     0.0073     0.0161     0.0278     0.0405     0.0493     0.0690
12        0.0000     0.0004     0.0010     0.0029     0.0061     0.0103     0.0148     0.0179     0.0251
13        0.0000     0.0001     0.0002     0.0005     0.0010     0.0017     0.0024     0.0030     0.0044
14        0.0000     0.0000     0.0001     0.0001     0.0003     0.0005     0.0008     0.0010     0.0016
15+       0.0000     0.0000     0.0000     0.0001     0.0002     0.0003     0.0005     0.0007     0.0019

2031

Age        1%         5%         10%        25%        50%        75%        90%        95%        99%    
1       68.6526    70.7999    78.9733   104.0640   168.5163   236.4480   279.7505   306.6312   325.7305
2       38.5671    42.5330    46.5639    61.7101    99.8088   141.2825   169.4472   184.4310   209.0943
3       11.9754    19.4247    22.5923    30.7418    51.2500    75.0175    94.2640   103.6395   122.1612
4        1.6570     5.6865     8.1603    12.9620    22.9430    36.2340    48.7892    55.0358    68.6990
5        0.1721     1.3301     2.4512     4.9402     9.6938    16.9325    24.2297    28.3546    36.8690
6        0.0172     0.2901     0.6758     1.7744     3.9552     7.6251    11.6314    14.1294    19.4700
7        0.0019     0.0633     0.1833     0.6101     1.5636     3.3196     5.4142     6.8094    10.0947
8        0.0004     0.0160     0.0524     0.2077     0.5983     1.3696     2.3928     3.1162     4.8259
9        0.0001     0.0049     0.0171     0.0705     0.2067     0.4760     0.8551     1.1420     1.8234
10        0.0000     0.0017     0.0058     0.0238     0.0663     0.1443     0.2580     0.3453     0.5551
11        0.0000     0.0011     0.0036     0.0139     0.0364     0.0716     0.1143     0.1463     0.2219
12        0.0000     0.0002     0.0008     0.0030     0.0074     0.0140     0.0214     0.0266     0.0385
13        0.0000     0.0001     0.0003     0.0012     0.0029     0.0052     0.0079     0.0097     0.0140
14        0.0000     0.0000     0.0001     0.0002     0.0005     0.0009     0.0013     0.0016     0.0024
15+       0.0000     0.0000     0.0000     0.0001     0.0002     0.0004     0.0007     0.0009     0.0017

2032

Age        1%         5%         10%        25%        50%        75%        90%        95%        99%    
1       68.6403    70.7143    79.0809   104.6784   168.6258   237.3762   280.3499   307.3088   333.3965
2       38.4375    42.6849    46.7090    61.6232   100.0396   141.4892   169.6310   184.6808   208.8394
3       12.3605    19.5385    22.6993    30.9149    51.4678    75.0242    94.5909   103.9087   123.4244
4        1.6639     5.9145     8.3716    13.1596    23.2555    36.6643    49.2107    55.5322    68.7423
5        0.1630     1.4166     2.5978     5.1592     9.9827    17.2906    24.6891    28.8897    38.1742
6        0.0150     0.3109     0.7376     1.8976     4.1625     7.9326    12.0620    14.6347    20.1287
7        0.0016     0.0681     0.2032     0.6801     1.7128     3.5757     5.7871     7.2681    10.5414
8        0.0003     0.0157     0.0567     0.2364     0.6867     1.5678     2.7138     3.5337     5.4681
9        0.0001     0.0042     0.0168     0.0825     0.2674     0.6561     1.2084     1.6270     2.6501
10        0.0000     0.0013     0.0056     0.0284     0.0941     0.2311     0.4375     0.5993     1.0003
11        0.0000     0.0005     0.0020     0.0097     0.0306     0.0712     0.1331     0.1824     0.3071
12        0.0000     0.0003     0.0012     0.0058     0.0170     0.0360     0.0602     0.0786     0.1231
13        0.0000     0.0001     0.0003     0.0012     0.0035     0.0071     0.0114     0.0145     0.0216
14        0.0000     0.0000     0.0001     0.0005     0.0014     0.0027     0.0042     0.0053     0.0079
15+       0.0000     0.0000     0.0000     0.0001     0.0003     0.0007     0.0011     0.0014     0.0022

2033

Age        1%         5%         10%        25%        50%        75%        90%        95%        99%    
1       68.6426    70.6071    78.9605   104.5665   168.5922   236.5447   279.0287   306.3760   327.3242
2       38.5066    42.6558    46.7720    61.8829   100.3937   142.3874   170.0484   184.8971   210.7646
3       12.3176    19.7568    22.9019    31.1180    51.7647    75.4178    95.0046   104.2396   123.7184
4        1.7964     6.0116     8.4979    13.3480    23.4682    36.8711    49.4953    55.8888    69.6063
5        0.1719     1.5149     2.7072     5.3136    10.1919    17.5950    25.0253    29.2607    38.0326
6        0.0151     0.3384     0.7940     2.0067     4.3347     8.1664    12.3471    14.9511    20.8266
7        0.0014     0.0757     0.2241     0.7388     1.8190     3.7389     6.0513     7.5867    10.9574
8        0.0003     0.0174     0.0640     0.2653     0.7621     1.7063     2.9159     3.7860     5.7633
9        0.0000     0.0041     0.0185     0.0943     0.3103     0.7582     1.3822     1.8561     3.0025
10        0.0000     0.0012     0.0057     0.0335     0.1221     0.3207     0.6203     0.8585     1.4614
11        0.0000     0.0004     0.0020     0.0118     0.0436     0.1144     0.2264     0.3186     0.5539
12        0.0000     0.0001     0.0007     0.0041     0.0143     0.0357     0.0696     0.0973     0.1697
13        0.0000     0.0001     0.0004     0.0024     0.0080     0.0183     0.0320     0.0427     0.0685
14        0.0000     0.0000     0.0001     0.0005     0.0017     0.0036     0.0061     0.0079     0.0122
15+       0.0000     0.0000     0.0001     0.0003     0.0008     0.0017     0.0028     0.0036     0.0056

2034

Age        1%         5%         10%        25%        50%        75%        90%        95%        99%    
1       68.6521    70.6198    79.1251   104.8784   168.5265   236.5324   279.6555   306.4460   333.0234
2       38.5718    42.6861    46.6386    61.8790   100.2839   141.9944   169.6124   184.2802   209.1627
3       12.4329    19.8268    22.9907    31.2466    52.1879    76.1019    95.2723   104.6523   124.7854
4        1.8046     6.1892     8.6940    13.5602    23.6966    37.1344    49.8908    56.1648    70.0412
5        0.1945     1.5515     2.7904     5.4550    10.3754    17.7530    25.2178    29.4723    38.5529
6        0.0169     0.3616     0.8317     2.0863     4.4573     8.3454    12.5459    15.2111    20.8897
7        0.0016     0.0825     0.2442     0.7832     1.9144     3.8791     6.2077     7.7476    11.3790
8        0.0003     0.0192     0.0713     0.2915     0.8146     1.7967     3.0703     3.9652     5.9974
9        0.0000     0.0045     0.0211     0.1063     0.3463     0.8294     1.4899     1.9956     3.1924
10        0.0000     0.0012     0.0062     0.0389     0.1427     0.3728     0.7159     0.9832     1.6658
11        0.0000     0.0004     0.0020     0.0141     0.0567     0.1589     0.3230     0.4561     0.8090
12        0.0000     0.0001     0.0007     0.0050     0.0206     0.0570     0.1180     0.1703     0.3077
13        0.0000     0.0000     0.0003     0.0017     0.0068     0.0181     0.0366     0.0526     0.0946
14        0.0000     0.0000     0.0002     0.0010     0.0038     0.0094     0.0171     0.0232     0.0387
15+       0.0000     0.0000     0.0001     0.0004     0.0012     0.0028     0.0048     0.0063     0.0100

Probability Spawning Stock Biomass Exceeds Threshold      3.660 (1000 MT)

Year    Probability

2021    0.018000
2022    0.017990
2023    0.135870
2024    0.059520
2025    0.133590
2026    0.297880
2027    0.395870
2028    0.460230
2029    0.505700
2030    0.535350
2031    0.560730
2032    0.576550
2033    0.590730
2034    0.603050

Probability Threshold Exceeded at Least Once =     0.8524

Probability Total Fishing Mortality Exceeds Threshold     0.8413 

Year    Probability

2021    1.000000
2022    1.000000
2023    1.000000
2024    1.000000
2025    0.382030
2026    0.321090
2027    0.277780
2028    0.246640
2029    0.222230
2030    0.206500
2031    0.192650
2032    0.181140
2033    0.173400
2034    0.167230

Probability Threshold Exceeded at Least Once =     1.0000


Requested Percentile Report

Percentile =    40.00 %

                                 2021       2022       2023       2024       2025       2026       2027       2028       2029       2030       2031       2032       2033       2034 

Recruits                     144.3634   145.4831   144.9033   144.6567   145.9215   144.7365   145.2230   144.4211   143.8856   144.7613   145.3045   145.4035   145.5356   144.7372 
Spawning Stock Biomass         2.1356     2.4885     2.7532     2.3988     2.3858     2.6035     2.8464     3.0521     3.2210     3.3584     3.4675     3.5467     3.6134     3.6758 
Jan-1 Stock Biomass            8.8092     8.9345     8.4444     7.8808     7.5690     7.9249     8.2380     8.5090     8.7196     8.8965     9.0234     9.1504     9.2342     9.3063 
Mean Biomass                   7.9369     7.6898     7.1360     6.6835     6.7411     7.0864     7.3755     7.6279     7.8205     7.9782     8.0861     8.2015     8.2803     8.3432 
Combined Catch Biomass         2.7361     3.2128     3.1372     2.8506     2.1800     2.1800     2.1800     2.1800     2.1800     2.1800     2.1800     2.1800     2.1800     2.1800 
Landings                       2.7361     3.2128     3.1372     2.8506     2.1800     2.1800     2.1800     2.1800     2.1800     2.1800     2.1800     2.1800     2.1800     2.1800 
FMort                          1.0794     1.0794     1.0794     1.0794     0.7165     0.6388     0.5830     0.5448     0.5182     0.5001     0.4877     0.4789     0.4716     0.4661 

Stock Numbers at Age
Age 1                        244.9740   144.3634   145.4831   144.9033   144.6567   145.9215   144.7365   145.2230   144.4211   143.8856   144.7613   145.3045   145.4035   145.5356 
Age 2                         93.8626   142.4816    84.2705    84.7583    84.5300    85.2897    85.7554    85.3109    85.6706    85.4137    85.2613    85.4744    86.0507    86.0941 
Age 3                         51.2273    42.4299    64.2464    37.9445    38.0714    40.4724    40.7933    41.3543    41.6156    42.0322    42.2851    42.4273    42.5778    43.0509 
Age 4                          9.1703    17.7024    14.5604    22.0072    12.9243    14.6338    16.0133    16.8539    17.5338    17.9467    18.3483    18.6500    18.8538    19.0110 
Age 5                          2.4696     2.7648     5.3664     4.4126     6.6696     4.5210     5.3813     6.2162     6.7787     7.2298     7.5224     7.7916     7.9709     8.1245 
Age 6                          0.8492     0.7220     0.7977     1.5505     1.2756     2.3585     1.6420     2.0514     2.4464     2.7391     2.9715     3.1444     3.2764     3.3895 
Age 7                          0.1227     0.2449     0.2085     0.2303     0.4478     0.4540     0.8788     0.6339     0.8174     0.9922     1.1303     1.2430     1.3309     1.4014 
Age 8                          0.0902     0.0370     0.0726     0.0618     0.0681     0.1620     0.1716     0.3443     0.2563     0.3386     0.4151     0.4781     0.5330     0.5732 
Age 9                          0.0063     0.0279     0.0114     0.0222     0.0189     0.0251     0.0626     0.0686     0.1419     0.1079     0.1442     0.1781     0.2078     0.2343 
Age 10                          0.0032     0.0020     0.0088     0.0036     0.0070     0.0071     0.0099     0.0256     0.0287     0.0603     0.0466     0.0632     0.0786     0.0922 
Age 11                          0.0009     0.0011     0.0007     0.0029     0.0012     0.0027     0.0029     0.0041     0.0109     0.0124     0.0265     0.0207     0.0284     0.0354 
Age 12                          0.0001     0.0003     0.0003     0.0002     0.0009     0.0005     0.0011     0.0012     0.0018     0.0048     0.0055     0.0119     0.0094     0.0129 
Age 13                          0.0000     0.0000     0.0001     0.0001     0.0001     0.0004     0.0002     0.0005     0.0005     0.0008     0.0021     0.0025     0.0054     0.0043 
Age 14                          0.0000     0.0000     0.0000     0.0000     0.0000     0.0000     0.0001     0.0001     0.0002     0.0002     0.0004     0.0010     0.0011     0.0025 
Age 15                          0.0000     0.0000     0.0000     0.0000     0.0000     0.0000     0.0000     0.0001     0.0001     0.0001     0.0002     0.0002     0.0006     0.0008 
