AGEPRO VERSION 4.2

Phased_F_055037

Date & Time of Run: 25 May 2024  16:59

Input File Name:    Scenario3_1000.inp

First Age Class:                         1
Number of Age Classes:                  15
Number of Years in Projection:          14
Number of Fleets:                        9
Number of Recruitment Models:            3
Number of Bootstraps:                  100
Number of Simulations:                1000

Bootstrap File Name:            C:\Users\jon.brodziak\Desktop\2024 WCNPO MLS Rebuilding\Bootstrap-numbers-at-age\2023_WCNPOMLS.bsn

Input Harvest Scenario

Year  Type        Fleet-1    Fleet-2    Fleet-3    Fleet-4    Fleet-5    Fleet-6    Fleet-7    Fleet-8    Fleet-9    

2021  F-Mult       0.1651     0.0453     0.2588     0.0166     0.0610     0.0487     0.0642     0.0722     0.3475 
2022  F-Mult       0.1651     0.0453     0.2588     0.0166     0.0610     0.0487     0.0642     0.0722     0.3475 
2023  F-Mult       0.1651     0.0453     0.2588     0.0166     0.0610     0.0487     0.0642     0.0722     0.3475 
2024  F-Mult       0.1651     0.0453     0.2588     0.0166     0.0610     0.0487     0.0642     0.0722     0.3475 
2025  F-Mult       0.1335     0.0366     0.2093     0.0134     0.0493     0.0394     0.0519     0.0584     0.2811 
2026  F-Mult       0.1335     0.0366     0.2093     0.0134     0.0493     0.0394     0.0519     0.0584     0.2811 
2027  F-Mult       0.1335     0.0366     0.2093     0.0134     0.0493     0.0394     0.0519     0.0584     0.2811 
2028  F-Mult       0.0898     0.0246     0.1408     0.0090     0.0332     0.0265     0.0349     0.0393     0.1891 
2029  F-Mult       0.0898     0.0246     0.1408     0.0090     0.0332     0.0265     0.0349     0.0393     0.1891 
2030  F-Mult       0.0898     0.0246     0.1408     0.0090     0.0332     0.0265     0.0349     0.0393     0.1891 
2031  F-Mult       0.0898     0.0246     0.1408     0.0090     0.0332     0.0265     0.0349     0.0393     0.1891 
2032  F-Mult       0.0898     0.0246     0.1408     0.0090     0.0332     0.0265     0.0349     0.0393     0.1891 
2033  F-Mult       0.0898     0.0246     0.1408     0.0090     0.0332     0.0265     0.0349     0.0393     0.1891 
2034  F-Mult       0.0898     0.0246     0.1408     0.0090     0.0332     0.0265     0.0349     0.0393     0.1891 

Recruitment Selection Distribution

Year  Selection-1 Selection-2 Selection-3 

2021      0.1197     0.8417     0.0386 
2022      0.1213     0.8380     0.0407 
2023      0.1199     0.8408     0.0394 
2024      0.1202     0.8396     0.0402 
2025      0.1198     0.8409     0.0393 
2026      0.1200     0.8397     0.0404 
2027      0.1190     0.8412     0.0398 
2028      0.1215     0.8384     0.0401 
2029      0.1194     0.8405     0.0402 
2030      0.1182     0.8410     0.0408 
2031      0.1209     0.8394     0.0397 
2032      0.1198     0.8398     0.0404 
2033      0.1199     0.8408     0.0393 
2034      0.1188     0.8420     0.0392 

Recruits        1000  Fish

Year Class   Average        StdDev
2021        173.0741       80.4932
2022        173.1920       80.8798
2023        173.5444       81.8145
2024        173.3142       81.0950
2025        173.6826       80.9460
2026        173.6982       80.3479
2027        173.5428       80.9452
2028        173.7456       82.9209
2029        174.0060       82.1937
2030        174.4508       83.1919
2031        174.2248       83.1488
2032        174.3711       84.1480
2033        174.1127       83.4215
2034        174.4501       83.5469

Recruits Distribution

Year Class 1%         5%         10%        25%        50%        75%        90%        95%        99%    
2021    68.6579    70.7172    78.9605   104.4519   168.4610   236.4723   278.8362   305.7178   324.8938
2022    68.6422    70.6318    78.9643   104.8250   168.4615   236.2393   278.5076   305.7093   325.3912
2023    68.6365    70.4607    78.9019   104.7017   168.5124   236.5344   280.1804   306.5879   325.2626
2024    68.6552    70.6015    78.9438   104.6502   168.5256   235.8780   278.9791   306.0173   325.3927
2025    68.6449    70.8113    79.1708   104.8885   168.6121   236.8544   278.8543   305.9950   325.1274
2026    68.6445    70.6519    79.0155   105.0816   168.5963   236.7509   279.4744   306.5918   325.4188
2027    68.6615    70.9481    79.1251   104.9367   168.5153   236.7120   279.1511   306.2999   325.1896
2028    68.6512    70.9740    79.1259   104.8614   168.4599   236.3315   280.1344   307.2000   325.7137
2029    68.6667    70.9684    79.2369   105.1912   168.5378   236.6333   279.8640   307.1565   331.0288
2030    68.6584    70.8644    79.1837   105.1116   168.6381   237.0856   279.9772   306.9445   338.3238
2031    68.6369    70.6990    79.0567   104.8882   168.5966   236.8074   279.7128   306.7811   335.9556
2032    68.6712    70.7922    79.1202   105.0003   168.5523   237.0586   280.5076   307.0045   340.2532
2033    68.6447    70.6504    78.9192   104.9552   168.5621   236.4907   279.9570   306.6861   335.6488
2034    68.6430    70.8471    79.0743   105.1337   168.6335   236.7700   280.7604   307.4111   334.8791

Spawning Stock Biomass  x       1000 MT

Year       Average        StdDev
2021        2.2951        0.4574
2022        2.6080        0.4288
2023        2.9373        0.6082
2024        2.5841        0.6350
2025        2.5556        0.6810
2026        2.7001        0.7393
2027        2.7850        0.7576
2028        3.0879        0.8297
2029        3.5152        0.9230
2030        3.7734        0.9718
2031        3.9087        1.0032
2032        3.9772        1.0096
2033        4.0125        1.0185
2034        4.0296        1.0246

Spawning Stock Biomass Distribution

Year        1%         5%         10%        25%        50%        75%        90%        95%        99%   
2021     1.4631     1.7268     1.8313     2.0001     2.2273     2.5093     2.8092     3.0288     4.1465 
2022     1.7507     1.9649     2.0859     2.3101     2.5765     2.8552     3.1930     3.3973     3.7586 
2023     1.8414     2.0725     2.2112     2.4924     2.8677     3.3015     3.7637     4.0631     4.6043 
2024     1.4555     1.6797     1.8281     2.1225     2.5212     2.9813     3.4072     3.6651     4.2434 
2025     1.3561     1.5896     1.7481     2.0604     2.4870     2.9751     3.4341     3.7138     4.3359 
2026     1.4004     1.6563     1.8269     2.1656     2.6237     3.1557     3.6478     3.9532     4.6257 
2027     1.4380     1.7088     1.8855     2.2356     2.7115     3.2522     3.7594     4.0703     4.7971 
2028     1.5970     1.8997     2.0973     2.4925     3.0090     3.6016     4.1562     4.5033     5.2561 
2029     1.8423     2.1833     2.4082     2.8484     3.4258     4.0877     4.7109     5.1001     5.9602 
2030     2.0119     2.3727     2.6059     3.0743     3.6861     4.3721     5.0219     5.4403     6.3272 
2031     2.1020     2.4813     2.7263     3.1948     3.8194     4.5162     5.1807     5.5942     6.5464 
2032     2.1632     2.5400     2.7837     3.2599     3.8839     4.5851     5.2534     5.6807     6.6992 
2033     2.1803     2.5616     2.8110     3.2907     3.9183     4.6194     5.3009     5.7273     6.7306 
2034     2.1953     2.5803     2.8274     3.3030     3.9275     4.6453     5.3238     5.7551     6.7695 

JAN-1 Stock Biomass  x       1000 MT

Year       Average        StdDev
2021        9.2970        1.5941
2022        9.4657        1.7944
2023        8.9679        1.9061
2024        8.3984        1.9432
2025        8.1012        1.9494
2026        8.3539        2.0048
2027        8.4882        2.0114
2028        8.5483        2.0073
2029        9.1902        2.1268
2030        9.5587        2.1813
2031        9.7614        2.2099
2032        9.8657        2.2363
2033        9.9156        2.2496
2034        9.9376        2.2515

JAN-1 Stock Biomass Distribution

Year       1%         5%         10%        25%        50%        75%        90%        95%        99%    
2021     6.3343     6.9565     7.3668     8.1729     9.1691    10.1429    11.5514    12.2967    13.6687 
2022     6.0946     6.8038     7.2619     8.1845     9.3123    10.5933    11.8259    12.6160    14.2194 
2023     5.3559     6.1264     6.6465     7.6050     8.8304    10.1590    11.4134    12.2082    13.9134 
2024     4.7478     5.5230     6.0413     7.0281     8.2579     9.5937    10.8522    11.6529    13.5235 
2025     4.4165     5.2247     5.7470     6.7351     7.9519     9.2892    10.5706    11.3804    13.2946 
2026     4.5616     5.3897     5.9273     6.9377     8.2136     9.5838    10.8873    11.7127    13.6635 
2027     4.6199     5.4883     6.0318     7.0700     8.3537     9.7311    11.0443    11.8829    13.8248 
2028     4.6925     5.5540     6.0972     7.1337     8.4059     9.7896    11.1188    11.9425    13.8433 
2029     5.1265     6.0412     6.6195     7.6995     9.0409    10.4791    11.8692    12.7823    14.7968 
2030     5.3803     6.3286     6.9276     8.0432     9.4051    10.8814    12.2993    13.2270    15.3817 
2031     5.5427     6.5125     7.1065     8.2244     9.5990    11.0872    12.5323    13.4701    15.6783 
2032     5.6149     6.5896     7.1935     8.3207     9.6953    11.2046    12.6477    13.6174    15.8667 
2033     5.6663     6.6297     7.2321     8.3503     9.7457    11.2567    12.7148    13.6611    15.9599 
2034     5.6704     6.6441     7.2528     8.3853     9.7684    11.2683    12.7351    13.6782    16.0215 

Mean Biomass  x       1000 MT

Year       Average        StdDev
2021        8.4069        1.5268
2022        8.1962        1.7118
2023        7.6096        1.7764
2024        7.1747        1.8011
2025        7.1931        1.8447
2026        7.3844        1.8747
2027        7.4796        1.8739
2028        7.8724        1.9409
2029        8.3748        2.0340
2030        8.6534        2.0719
2031        8.8023        2.0923
2032        8.8759        2.1095
2033        8.9136        2.1303
2034        8.9275        2.1246

Mean Biomass Distribution

Year       1%         5%         10%        25%        50%        75%        90%        95%        99%    
2021     5.6416     6.1814     6.5603     7.2863     8.2803     9.2608    10.5394    11.2637    12.5679 
2022     5.0726     5.6886     6.1030     6.9546     8.0508     9.2724    10.4248    11.1409    12.6542 
2023     4.3337     5.0060     5.4507     6.3335     7.4767     8.7041     9.8790    10.6151    12.2503 
2024     3.8750     4.5449     5.0026     5.8896     7.0321     8.2780     9.4507    10.1964    11.8994 
2025     3.7844     4.5055     4.9780     5.8789     7.0502     8.3158     9.5357    10.2908    12.0808 
2026     3.8953     4.6231     5.1086     6.0516     7.2501     8.5336     9.7616    10.5568    12.3094 
2027     3.9485     4.7071     5.1963     6.1489     7.3386     8.6345     9.8715    10.6538    12.3746 
2028     4.2177     5.0011     5.5098     6.4893     7.7314     9.0715    10.3558    11.1583    12.9255 
2029     4.5657     5.3912     5.9274     6.9427     8.2199     9.6050    10.9521    11.7911    13.7334 
2030     4.7668     5.6128     6.1612     7.2038     8.4954     9.9049    11.2641    12.1246    14.1365 
2031     4.8707     5.7461     6.2903     7.3427     8.6459    10.0506    11.4196    12.3118    14.3945 
2032     4.9269     5.7998     6.3559     7.4012     8.7085    10.1398    11.5286    12.4182    14.5090 
2033     4.9745     5.8392     6.3858     7.4272     8.7451    10.1747    11.5562    12.4526    14.6237 
2034     4.9629     5.8358     6.3947     7.4556     8.7702    10.1826    11.5626    12.4739    14.6694 

Combined Catch Biomass  x       1000 MT

Year       Average        StdDev
2021        2.9747        0.4779
2022        3.4197        0.5698
2023        3.3740        0.6665
2024        3.0802        0.6932
2025        2.4668        0.5918
2026        2.5724        0.6244
2027        2.6329        0.6350
2028        1.9109        0.4546
2029        2.1165        0.4952
2030        2.2375        0.5180
2031        2.3011        0.5297
2032        2.3327        0.5341
2033        2.3479        0.5384
2034        2.3549        0.5421

Combined Catch Distribution

Year       1%         5%         10%        25%        50%        75%        90%        95%        99%    
2021     1.9719     2.3548     2.4556     2.6637     2.9114     3.2347     3.5484     3.7924     4.7146 
2022     2.3581     2.5785     2.7244     2.9981     3.3828     3.7478     4.2107     4.4905     4.9285 
2023     2.1329     2.3903     2.5599     2.8938     3.3188     3.7963     4.2459     4.5268     5.0999 
2024     1.7921     2.0613     2.2345     2.5828     3.0333     3.5071     3.9617     4.2526     4.8699 
2025     1.3729     1.6007     1.7497     2.0458     2.4245     2.8295     3.2150     3.4620     4.0180 
2026     1.4113     1.6558     1.8192     2.1271     2.5261     2.9538     3.3669     3.6235     4.2323 
2027     1.4425     1.6994     1.8622     2.1808     2.5887     3.0217     3.4348     3.7025     4.2951 
2028     1.0521     1.2364     1.3570     1.5879     1.8802     2.1923     2.4919     2.6797     3.0997 
2029     1.1788     1.3833     1.5124     1.7653     2.0805     2.4218     2.7516     2.9581     3.4089 
2030     1.2546     1.4731     1.6108     1.8736     2.1999     2.5524     2.8968     3.1121     3.5922 
2031     1.3035     1.5243     1.6634     1.9324     2.2611     2.6194     2.9676     3.1869     3.7104 
2032     1.3278     1.5513     1.6924     1.9591     2.2911     2.6549     3.0009     3.2286     3.7710 
2033     1.3355     1.5642     1.7042     1.9715     2.3053     2.6731     3.0226     3.2492     3.7806 
2034     1.3441     1.5698     1.7112     1.9764     2.3143     2.6776     3.0283     3.2587     3.8034 

Landings  x       1000 MT

Year       Average        StdDev
2021        2.9747        0.4779
2022        3.4197        0.5698
2023        3.3740        0.6665
2024        3.0802        0.6932
2025        2.4668        0.5918
2026        2.5724        0.6244
2027        2.6329        0.6350
2028        1.9109        0.4546
2029        2.1165        0.4952
2030        2.2375        0.5180
2031        2.3011        0.5297
2032        2.3327        0.5341
2033        2.3479        0.5384
2034        2.3549        0.5421

Landings Distribution

Year       1%         5%         10%        25%        50%        75%        90%        95%        99%    
2021     1.9719     2.3548     2.4556     2.6637     2.9114     3.2347     3.5484     3.7924     4.7146 
2022     2.3581     2.5785     2.7244     2.9981     3.3828     3.7478     4.2107     4.4905     4.9285 
2023     2.1329     2.3903     2.5599     2.8938     3.3188     3.7963     4.2459     4.5268     5.0999 
2024     1.7921     2.0613     2.2345     2.5828     3.0333     3.5071     3.9617     4.2526     4.8699 
2025     1.3729     1.6007     1.7497     2.0458     2.4245     2.8295     3.2150     3.4620     4.0180 
2026     1.4113     1.6558     1.8192     2.1271     2.5261     2.9538     3.3669     3.6235     4.2323 
2027     1.4425     1.6994     1.8622     2.1808     2.5887     3.0217     3.4348     3.7025     4.2951 
2028     1.0521     1.2364     1.3570     1.5879     1.8802     2.1923     2.4919     2.6797     3.0997 
2029     1.1788     1.3833     1.5124     1.7653     2.0805     2.4218     2.7516     2.9581     3.4089 
2030     1.2546     1.4731     1.6108     1.8736     2.1999     2.5524     2.8968     3.1121     3.5922 
2031     1.3035     1.5243     1.6634     1.9324     2.2611     2.6194     2.9676     3.1869     3.7104 
2032     1.3278     1.5513     1.6924     1.9591     2.2911     2.6549     3.0009     3.2286     3.7710 
2033     1.3355     1.5642     1.7042     1.9715     2.3053     2.6731     3.0226     3.2492     3.7806 
2034     1.3441     1.5698     1.7112     1.9764     2.3143     2.6776     3.0283     3.2587     3.8034 

Total Fishing Mortality

Year       Average        StdDev
2021        1.0794        0.0000
2022        1.0794        0.0000
2023        1.0794        0.0000
2024        1.0794        0.0000
2025        0.8730        0.0000
2026        0.8730        0.0000
2027        0.8730        0.0000
2028        0.5873        0.0000
2029        0.5873        0.0000
2030        0.5873        0.0000
2031        0.5873        0.0000
2032        0.5873        0.0000
2033        0.5873        0.0000
2034        0.5873        0.0000

Total Fishing Mortality Distribution

Year       1%         5%         10%        25%        50%        75%        90%        95%        99%    
2021     1.0794     1.0794     1.0794     1.0794     1.0794     1.0794     1.0794     1.0794     1.0794 
2022     1.0794     1.0794     1.0794     1.0794     1.0794     1.0794     1.0794     1.0794     1.0794 
2023     1.0794     1.0794     1.0794     1.0794     1.0794     1.0794     1.0794     1.0794     1.0794 
2024     1.0794     1.0794     1.0794     1.0794     1.0794     1.0794     1.0794     1.0794     1.0794 
2025     0.8730     0.8730     0.8730     0.8730     0.8730     0.8730     0.8730     0.8730     0.8730 
2026     0.8730     0.8730     0.8730     0.8730     0.8730     0.8730     0.8730     0.8730     0.8730 
2027     0.8730     0.8730     0.8730     0.8730     0.8730     0.8730     0.8730     0.8730     0.8730 
2028     0.5873     0.5873     0.5873     0.5873     0.5873     0.5873     0.5873     0.5873     0.5873 
2029     0.5873     0.5873     0.5873     0.5873     0.5873     0.5873     0.5873     0.5873     0.5873 
2030     0.5873     0.5873     0.5873     0.5873     0.5873     0.5873     0.5873     0.5873     0.5873 
2031     0.5873     0.5873     0.5873     0.5873     0.5873     0.5873     0.5873     0.5873     0.5873 
2032     0.5873     0.5873     0.5873     0.5873     0.5873     0.5873     0.5873     0.5873     0.5873 
2033     0.5873     0.5873     0.5873     0.5873     0.5873     0.5873     0.5873     0.5873     0.5873 
2034     0.5873     0.5873     0.5873     0.5873     0.5873     0.5873     0.5873     0.5873     0.5873 

JAN-1 Stock Numbers at Age  -       1000  Fish

2021

Age        1%         5%         10%        25%        50%        75%        90%        95%        99%    
1      140.2370   175.0900   184.8320   216.7130   261.1480   317.3690   385.6290   409.5080   464.9250
2       58.9389    77.9477    80.8620    85.4451   100.4175   112.5240   125.3470   138.4980   148.4390
3       34.1986    41.3466    43.5177    47.9381    54.8765    60.4455    67.3245    74.4817    84.8335
4        4.4701     6.3288     7.3712     8.3369     9.5330    10.8358    12.5169    14.0136    20.6054
5        1.2938     1.6031     1.7337     2.2441     2.6907     3.2695     4.2092     4.8898     7.4995
6        0.2917     0.4842     0.6024     0.6936     0.9665     1.2287     1.8234     2.1765     5.0518
7        0.0278     0.0584     0.0739     0.1025     0.1591     0.2261     0.3164     0.3996     1.3049
8        0.0082     0.0292     0.0370     0.0584     0.1092     0.1670     0.2575     0.4456     2.1858
9        0.0003     0.0014     0.0021     0.0035     0.0085     0.0144     0.0223     0.0334     0.2402
10        0.0001     0.0005     0.0007     0.0015     0.0043     0.0069     0.0143     0.0242     0.2609
11        0.0000     0.0001     0.0002     0.0004     0.0014     0.0028     0.0051     0.0082     0.1988
12        0.0000     0.0000     0.0000     0.0000     0.0001     0.0003     0.0005     0.0008     0.0280
13        0.0000     0.0000     0.0000     0.0000     0.0000     0.0002     0.0003     0.0005     0.0316
14        0.0000     0.0000     0.0000     0.0000     0.0000     0.0000     0.0001     0.0001     0.0183
15+       0.0000     0.0000     0.0000     0.0000     0.0000     0.0000     0.0000     0.0000     0.0127

2022

Age        1%         5%         10%        25%        50%        75%        90%        95%        99%    
1       68.6579    70.7172    78.9605   104.4519   168.4610   236.4723   278.8362   305.7178   324.8938
2       85.7973   100.6200   107.1720   123.7911   150.4136   184.2352   222.7750   242.8820   275.7411
3       26.7693    34.4593    36.2158    39.2581    44.7718    51.0474    57.9567    62.8211    70.7505
4       11.9427    13.9012    14.9409    16.5190    18.5524    20.8176    23.6339    25.9811    31.4129
5        1.4384     1.9479     2.1921     2.5234     2.9115     3.3271     3.8928     4.2955     6.5357
6        0.3767     0.4628     0.5098     0.6453     0.7742     0.9528     1.2410     1.4497     2.5939
7        0.0989     0.1451     0.1714     0.2056     0.2742     0.3648     0.5310     0.6299     1.6424
8        0.0095     0.0178     0.0219     0.0304     0.0465     0.0676     0.0970     0.1270     0.4536
9        0.0029     0.0091     0.0114     0.0183     0.0337     0.0513     0.0812     0.1368     0.7658
10        0.0001     0.0004     0.0007     0.0011     0.0027     0.0045     0.0074     0.0110     0.0869
11        0.0000     0.0002     0.0002     0.0005     0.0014     0.0023     0.0049     0.0080     0.0987
12        0.0000     0.0000     0.0001     0.0001     0.0005     0.0009     0.0017     0.0028     0.0745
13        0.0000     0.0000     0.0000     0.0000     0.0000     0.0001     0.0002     0.0003     0.0107
14        0.0000     0.0000     0.0000     0.0000     0.0000     0.0001     0.0001     0.0002     0.0121
15+       0.0000     0.0000     0.0000     0.0000     0.0000     0.0000     0.0000     0.0001     0.0121

2023

Age        1%         5%         10%        25%        50%        75%        90%        95%        99%    
1       68.6422    70.6318    78.9643   104.8250   168.4615   236.2393   278.5076   305.7093   325.3912
2       38.0950    41.3717    45.2449    59.7765    96.5358   136.1910   162.0673   175.7684   195.7526
3       38.5891    45.0097    48.2782    55.8603    67.9978    83.4224   100.7603   110.3493   125.6936
4        9.1397    11.5235    12.2657    13.4684    15.3504    17.6104    20.0230    21.6229    24.5954
5        3.5931     4.1644     4.4893     4.9894     5.6209     6.3542     7.2246     7.9290     9.5741
6        0.4160     0.5592     0.6269     0.7274     0.8419     0.9672     1.1310     1.2561     1.8863
7        0.1086     0.1324     0.1477     0.1856     0.2236     0.2776     0.3611     0.4214     0.7377
8        0.0292     0.0431     0.0502     0.0610     0.0813     0.1092     0.1584     0.1865     0.4868
9        0.0032     0.0055     0.0067     0.0093     0.0142     0.0208     0.0297     0.0392     0.1481
10        0.0010     0.0029     0.0036     0.0058     0.0106     0.0163     0.0259     0.0429     0.2596
11        0.0000     0.0001     0.0002     0.0004     0.0009     0.0015     0.0024     0.0036     0.0284
12        0.0000     0.0001     0.0001     0.0002     0.0005     0.0007     0.0016     0.0027     0.0332
13        0.0000     0.0000     0.0000     0.0000     0.0002     0.0003     0.0006     0.0009     0.0273
14        0.0000     0.0000     0.0000     0.0000     0.0000     0.0000     0.0001     0.0001     0.0039
15+       0.0000     0.0000     0.0000     0.0000     0.0000     0.0000     0.0000     0.0001     0.0085

2024

Age        1%         5%         10%        25%        50%        75%        90%        95%        99%    
1       68.6365    70.4607    78.9019   104.7017   168.5124   236.5344   280.1804   306.5879   325.2626
2       38.0945    41.2859    45.2234    59.9734    96.3619   135.9183   162.1636   176.1167   197.2688
3       16.8403    18.6710    20.4357    26.9403    43.3317    61.1353    73.4617    79.7690    90.8598
4       13.0778    15.2771    16.4762    19.1373    23.3258    28.7159    34.6071    38.1062    43.6144
5        2.7595     3.4392     3.6815     4.0742     4.6524     5.3577     6.1119     6.6116     7.5542
6        1.0271     1.1904     1.2861     1.4378     1.6248     1.8463     2.1040     2.3048     2.7842
7        0.1199     0.1608     0.1799     0.2093     0.2433     0.2815     0.3292     0.3674     0.5459
8        0.0319     0.0389     0.0438     0.0547     0.0663     0.0830     0.1080     0.1260     0.2176
9        0.0090     0.0132     0.0152     0.0187     0.0249     0.0337     0.0486     0.0574     0.1494
10        0.0011     0.0017     0.0021     0.0029     0.0045     0.0066     0.0094     0.0125     0.0475
11        0.0004     0.0009     0.0012     0.0019     0.0034     0.0053     0.0084     0.0139     0.0847
12        0.0000     0.0000     0.0001     0.0001     0.0003     0.0005     0.0008     0.0012     0.0094
13        0.0000     0.0000     0.0000     0.0001     0.0002     0.0003     0.0005     0.0009     0.0111
14        0.0000     0.0000     0.0000     0.0000     0.0001     0.0001     0.0002     0.0003     0.0099
15+       0.0000     0.0000     0.0000     0.0000     0.0000     0.0000     0.0000     0.0001     0.0044

2025

Age        1%         5%         10%        25%        50%        75%        90%        95%        99%    
1       68.6552    70.6015    78.9438   104.6502   168.5256   235.8780   278.9791   306.0173   325.3927
2       38.1078    41.2720    45.1580    59.9221    96.5526   136.2774   162.6800   176.4995   197.4943
3       16.8220    18.6310    20.3778    27.0099    43.2716    61.1141    73.6253    79.8971    91.6228
4        5.6622     6.3759     7.0028     9.2250    14.7883    20.8727    25.3374    27.5262    31.8570
5        3.9383     4.6042     4.9768     5.7977     7.0758     8.7262    10.5306    11.6161    13.3518
6        0.7908     0.9793     1.0528     1.1750     1.3459     1.5569     1.7779     1.9263     2.2112
7        0.2927     0.3410     0.3681     0.4137     0.4704     0.5370     0.6140     0.6738     0.8123
8        0.0355     0.0472     0.0529     0.0618     0.0721     0.0842     0.0984     0.1103     0.1624
9        0.0097     0.0118     0.0134     0.0167     0.0203     0.0255     0.0332     0.0390     0.0669
10        0.0028     0.0041     0.0048     0.0059     0.0079     0.0107     0.0154     0.0182     0.0474
11        0.0004     0.0006     0.0007     0.0010     0.0014     0.0021     0.0030     0.0041     0.0158
12        0.0001     0.0003     0.0004     0.0006     0.0011     0.0018     0.0028     0.0046     0.0281
13        0.0000     0.0000     0.0000     0.0000     0.0001     0.0002     0.0003     0.0004     0.0032
14        0.0000     0.0000     0.0000     0.0000     0.0001     0.0001     0.0002     0.0003     0.0038
15+       0.0000     0.0000     0.0000     0.0000     0.0000     0.0000     0.0001     0.0001     0.0050

2026

Age        1%         5%         10%        25%        50%        75%        90%        95%        99%    
1       68.6449    70.8113    79.1708   104.8885   168.6121   236.8544   278.8543   305.9950   325.1274
2       38.6713    41.9841    45.9714    60.8465    98.1295   137.9504   164.8899   178.9187   200.4825
3       18.0376    19.9712    21.8732    28.9177    46.4930    65.7332    79.1166    85.9057    97.9291
4        6.4439     7.2394     7.9492    10.5100    16.7865    23.7162    28.8185    31.3728    36.4305
5        1.9810     2.2495     2.4809     3.2667     5.2248     7.3710     8.9914     9.8039    11.4617
6        1.3288     1.5551     1.6887     1.9731     2.4134     2.9804     3.5988     3.9716     4.5864
7        0.2683     0.3291     0.3559     0.3996     0.4592     0.5328     0.6104     0.6618     0.7640
8        0.1005     0.1174     0.1269     0.1434     0.1638     0.1880     0.2156     0.2368     0.2859
9        0.0127     0.0167     0.0187     0.0220     0.0258     0.0302     0.0354     0.0398     0.0580
10        0.0035     0.0043     0.0049     0.0061     0.0075     0.0094     0.0122     0.0144     0.0246
11        0.0011     0.0015     0.0018     0.0022     0.0029     0.0040     0.0058     0.0068     0.0178
12        0.0001     0.0002     0.0003     0.0004     0.0005     0.0008     0.0012     0.0016     0.0060
13        0.0000     0.0001     0.0001     0.0002     0.0004     0.0007     0.0011     0.0018     0.0108
14        0.0000     0.0000     0.0000     0.0000     0.0000     0.0001     0.0001     0.0002     0.0012
15+       0.0000     0.0000     0.0000     0.0000     0.0000     0.0000     0.0001     0.0002     0.0035

2027

Age        1%         5%         10%        25%        50%        75%        90%        95%        99%    
1       68.6445    70.6519    79.0155   105.0816   168.5963   236.7509   279.4744   306.5918   325.4188
2       38.7098    42.0534    46.1070    60.9322    98.2379   138.6518   164.8093   179.0872   199.8027
3       18.3484    20.3212    22.2485    29.3878    47.2592    66.5049    80.3096    87.2738    99.4449
4        6.9244     7.7615     8.5255    11.2551    18.0479    25.5171    30.9764    33.6664    39.1031
5        2.2516     2.5550     2.8197     3.7199     5.9302     8.3750    10.2429    11.1784    13.1238
6        0.6659     0.7630     0.8445     1.1131     1.7770     2.5042     3.0725     3.3617     3.9592
7        0.4487     0.5257     0.5725     0.6721     0.8233     1.0190     1.2310     1.3632     1.5833
8        0.0925     0.1130     0.1225     0.1386     0.1599     0.1862     0.2139     0.2326     0.2700
9        0.0354     0.0415     0.0449     0.0510     0.0585     0.0675     0.0777     0.0853     0.1030
10        0.0046     0.0061     0.0068     0.0080     0.0094     0.0111     0.0131     0.0147     0.0213
11        0.0013     0.0016     0.0018     0.0023     0.0028     0.0035     0.0046     0.0054     0.0092
12        0.0004     0.0006     0.0007     0.0008     0.0011     0.0015     0.0022     0.0026     0.0068
13        0.0001     0.0001     0.0001     0.0001     0.0002     0.0003     0.0004     0.0006     0.0023
14        0.0000     0.0000     0.0001     0.0001     0.0002     0.0003     0.0004     0.0007     0.0042
15+       0.0000     0.0000     0.0000     0.0000     0.0000     0.0000     0.0001     0.0001     0.0019

2028

Age        1%         5%         10%        25%        50%        75%        90%        95%        99%    
1       68.6615    70.9481    79.1251   104.9367   168.5153   236.7120   279.1511   306.2999   325.1896
2       38.6622    41.9634    45.9663    61.0424    98.2470   138.6896   165.1686   179.5218   200.6803
3       18.3620    20.3724    22.3029    29.4497    47.3438    66.8424    80.2048    87.1485    99.0399
4        7.0303     7.8835     8.6674    11.4261    18.3330    25.8431    31.4241    34.2197    39.6789
5        2.4166     2.7423     3.0212     3.9831     6.3728     9.0095    11.0026    12.0035    14.0049
6        0.7577     0.8679     0.9604     1.2665     2.0162     2.8452     3.5016     3.8351     4.5408
7        0.2243     0.2590     0.2879     0.3797     0.6043     0.8513     1.0510     1.1545     1.3669
8        0.1543     0.1811     0.1980     0.2333     0.2870     0.3555     0.4304     0.4770     0.5600
9        0.0327     0.0398     0.0433     0.0494     0.0571     0.0668     0.0770     0.0839     0.0977
10        0.0128     0.0150     0.0163     0.0186     0.0214     0.0249     0.0286     0.0315     0.0381
11        0.0017     0.0023     0.0025     0.0030     0.0035     0.0042     0.0049     0.0056     0.0080
12        0.0005     0.0006     0.0007     0.0009     0.0011     0.0013     0.0018     0.0021     0.0035
13        0.0002     0.0002     0.0003     0.0003     0.0004     0.0006     0.0008     0.0010     0.0026
14        0.0000     0.0000     0.0000     0.0001     0.0001     0.0001     0.0002     0.0002     0.0009
15+       0.0000     0.0000     0.0000     0.0000     0.0001     0.0001     0.0002     0.0003     0.0024

2029

Age        1%         5%         10%        25%        50%        75%        90%        95%        99%    
1       68.6512    70.9740    79.1259   104.8614   168.4599   236.3315   280.1344   307.2000   325.7137
2       39.5949    42.9719    47.0430    62.2436   100.3341   141.4612   168.6292   182.8791   204.4492
3       20.2284    22.3550    24.5153    32.4947    52.1125    73.7008    88.5595    96.0860   109.6941
4        8.4126     9.4680    10.3723    13.6829    21.9307    30.9815    37.5183    40.7315    46.9244
5        3.0539     3.4556     3.8086     5.0109     8.0353    11.3061    13.8445    15.1130    17.6420
6        1.0240     1.1693     1.2934     1.7049     2.7199     3.8444     4.7231     5.1589     6.0862
7        0.3208     0.3706     0.4115     0.5426     0.8610     1.2147     1.5043     1.6503     1.9639
8        0.0964     0.1122     0.1248     0.1648     0.2618     0.3688     0.4582     0.5043     0.6009
9        0.0675     0.0795     0.0871     0.1029     0.1268     0.1575     0.1907     0.2121     0.2497
10        0.0146     0.0178     0.0194     0.0221     0.0257     0.0301     0.0348     0.0379     0.0443
11        0.0058     0.0068     0.0074     0.0084     0.0098     0.0114     0.0131     0.0145     0.0175
12        0.0008     0.0010     0.0012     0.0014     0.0016     0.0019     0.0023     0.0026     0.0037
13        0.0002     0.0003     0.0003     0.0004     0.0005     0.0006     0.0008     0.0010     0.0016
14        0.0001     0.0001     0.0001     0.0002     0.0002     0.0003     0.0004     0.0005     0.0012
15+       0.0000     0.0000     0.0000     0.0000     0.0001     0.0001     0.0002     0.0003     0.0016

2030

Age        1%         5%         10%        25%        50%        75%        90%        95%        99%    
1       68.6667    70.9684    79.2369   105.1912   168.5378   236.6333   279.8640   307.1565   331.0288
2       39.6181    43.0062    47.0912    62.2539   100.1004   141.2122   169.0514   183.6583   206.9105
3       20.6834    22.8997    25.0783    33.1393    53.2735    75.1636    90.3726    97.8979   111.4985
4        9.2736    10.3831    11.4102    15.1112    24.1668    34.1421    41.3499    44.9098    51.9215
5        3.6538     4.1463     4.5613     6.0044     9.6150    13.5674    16.5232    17.9466    20.8670
6        1.2909     1.4753     1.6302     2.1463     3.4311     4.8309     5.9447     6.4979     7.6556
7        0.4334     0.4992     0.5545     0.7304     1.1629     1.6441     2.0278     2.2199     2.6381
8        0.1382     0.1605     0.1786     0.2357     0.3729     0.5259     0.6551     0.7212     0.8641
9        0.0421     0.0493     0.0551     0.0728     0.1154     0.1628     0.2031     0.2242     0.2684
10        0.0300     0.0355     0.0390     0.0462     0.0570     0.0710     0.0861     0.0958     0.1130
11        0.0066     0.0080     0.0088     0.0100     0.0117     0.0138     0.0160     0.0174     0.0204
12        0.0026     0.0031     0.0034     0.0039     0.0045     0.0053     0.0061     0.0067     0.0081
13        0.0004     0.0005     0.0005     0.0006     0.0008     0.0009     0.0011     0.0012     0.0017
14        0.0001     0.0001     0.0001     0.0002     0.0002     0.0003     0.0004     0.0005     0.0008
15+       0.0000     0.0001     0.0001     0.0001     0.0001     0.0002     0.0003     0.0003     0.0013

2031

Age        1%         5%         10%        25%        50%        75%        90%        95%        99%    
1       68.6584    70.8644    79.1837   105.1116   168.6381   237.0856   279.9772   306.9445   338.3238
2       39.6044    42.9873    47.0696    62.4515   100.3932   141.5102   168.9527   183.8397   207.5683
3       20.7219    22.9251    25.1029    33.1245    53.0949    75.0439    90.5533    98.1919   113.0338
4        9.4874    10.6336    11.6764    15.3746    24.6948    34.9104    42.2287    45.8432    52.8394
5        4.0339     4.5533     5.0101     6.6307    10.6007    14.9487    18.2172    19.8072    23.1459
6        1.5459     1.7685     1.9517     2.5694     4.1073     5.7860     7.0829     7.7325     9.0431
7        0.5460     0.6289     0.6969     0.9188     1.4659     2.0643     2.5510     2.7913     3.3247
8        0.1860     0.2161     0.2405     0.3172     0.5031     0.7128     0.8848     0.9699     1.1577
9        0.0603     0.0706     0.0788     0.1042     0.1644     0.2321     0.2899     0.3208     0.3857
10        0.0187     0.0221     0.0247     0.0327     0.0518     0.0731     0.0915     0.1012     0.1221
11        0.0136     0.0161     0.0177     0.0210     0.0260     0.0324     0.0394     0.0438     0.0520
12        0.0030     0.0037     0.0040     0.0046     0.0054     0.0064     0.0074     0.0081     0.0095
13        0.0012     0.0014     0.0016     0.0018     0.0021     0.0025     0.0028     0.0031     0.0038
14        0.0002     0.0002     0.0003     0.0003     0.0004     0.0004     0.0005     0.0006     0.0008
15+       0.0001     0.0001     0.0001     0.0001     0.0002     0.0002     0.0003     0.0004     0.0010

2032

Age        1%         5%         10%        25%        50%        75%        90%        95%        99%    
1       68.6369    70.6990    79.0567   104.8882   168.5966   236.8074   279.7128   306.7811   335.9556
2       39.5711    43.0114    47.0982    62.3751   100.5424   141.8701   168.7087   183.4101   208.1199
3       20.7284    22.9170    25.0803    33.2209    53.2556    75.1563    90.5377    98.2832   113.8085
4        9.4887    10.6369    11.6843    15.4080    24.5995    34.8412    42.2979    46.0405    53.5712
5        4.1167     4.6555     5.1277     6.7560    10.8138    15.2802    18.5910    20.2526    23.5182
6        1.7076     1.9398     2.1442     2.8392     4.5257     6.3806     7.8232     8.5382    10.0457
7        0.6535     0.7544     0.8355     1.1003     1.7555     2.4715     3.0449     3.3257     3.9363
8        0.2344     0.2723     0.3024     0.3987     0.6350     0.8941     1.1114     1.2205     1.4598
9        0.0811     0.0951     0.1060     0.1401     0.2219     0.3142     0.3920     0.4313     0.5186
10        0.0269     0.0316     0.0354     0.0468     0.0737     0.1042     0.1308     0.1449     0.1746
11        0.0084     0.0100     0.0113     0.0149     0.0235     0.0333     0.0419     0.0464     0.0562
12        0.0062     0.0074     0.0081     0.0097     0.0120     0.0149     0.0182     0.0203     0.0242
13        0.0014     0.0017     0.0019     0.0021     0.0025     0.0030     0.0035     0.0038     0.0045
14        0.0006     0.0007     0.0007     0.0008     0.0010     0.0012     0.0013     0.0015     0.0018
15+       0.0001     0.0002     0.0002     0.0002     0.0002     0.0003     0.0004     0.0004     0.0008

2033

Age        1%         5%         10%        25%        50%        75%        90%        95%        99%    
1       68.6712    70.7922    79.1202   105.0003   168.5523   237.0586   280.5076   307.0045   340.2532
2       39.6097    42.8841    47.0382    62.3085   100.5287   141.6644   168.8264   183.3732   208.7423
3       20.6801    22.9073    25.1060    33.1703    53.3634    75.5482    90.3455    98.2859   113.8175
4        9.5011    10.6586    11.6816    15.4494    24.7151    34.8819    42.2825    46.0292    53.8101
5        4.1310     4.6649     5.1350     6.7600    10.7828    15.2548    18.6419    20.2817    23.7782
6        1.7415     1.9880     2.1924     2.8914     4.6140     6.5211     7.9792     8.7050    10.2204
7        0.7213     0.8280     0.9171     1.2137     1.9329     2.7273     3.3637     3.6772     4.3518
8        0.2807     0.3263     0.3621     0.4777     0.7601     1.0720     1.3247     1.4535     1.7270
9        0.1025     0.1198     0.1333     0.1760     0.2801     0.3943     0.4924     0.5421     0.6528
10        0.0360     0.0426     0.0477     0.0630     0.0996     0.1411     0.1767     0.1946     0.2349
11        0.0121     0.0143     0.0161     0.0213     0.0336     0.0474     0.0598     0.0664     0.0806
12        0.0039     0.0046     0.0052     0.0069     0.0108     0.0154     0.0194     0.0215     0.0262
13        0.0028     0.0034     0.0038     0.0045     0.0056     0.0070     0.0085     0.0095     0.0114
14        0.0006     0.0008     0.0009     0.0010     0.0012     0.0014     0.0016     0.0018     0.0021
15+       0.0003     0.0004     0.0004     0.0005     0.0006     0.0007     0.0008     0.0009     0.0012

2034

Age        1%         5%         10%        25%        50%        75%        90%        95%        99%    
1       68.6447    70.6504    78.9192   104.9552   168.5621   236.4907   279.9570   306.6861   335.6488
2       39.6243    42.9360    47.0089    62.3937   100.3404   141.7061   169.0402   183.6379   209.4787
3       20.6917    22.8741    25.0585    33.1430    53.3229    75.2282    90.4317    98.1027   114.0023
4        9.5006    10.6351    11.6869    15.4410    24.7292    35.0014    42.2769    45.9894    53.8981
5        4.1282     4.6648     5.1334     6.7820    10.8174    15.2650    18.6075    20.3118    23.9150
6        1.7498     1.9904     2.1959     2.8933     4.6061     6.5119     7.9961     8.7295    10.3070
7        0.7370     0.8482     0.9396     1.2391     1.9716     2.7850     3.4311     3.7510     4.4232
8        0.3096     0.3583     0.3984     0.5272     0.8371     1.1824     1.4651     1.6065     1.9089
9        0.1226     0.1436     0.1598     0.2111     0.3350     0.4725     0.5873     0.6457     0.7730
10        0.0456     0.0536     0.0599     0.0792     0.1256     0.1769     0.2219     0.2453     0.2971
11        0.0163     0.0194     0.0217     0.0287     0.0454     0.0641     0.0808     0.0893     0.1082
12        0.0055     0.0066     0.0074     0.0098     0.0154     0.0219     0.0276     0.0307     0.0374
13        0.0018     0.0021     0.0024     0.0032     0.0050     0.0071     0.0090     0.0100     0.0123
14        0.0013     0.0016     0.0018     0.0021     0.0026     0.0033     0.0040     0.0045     0.0053
15+       0.0005     0.0006     0.0006     0.0007     0.0008     0.0010     0.0011     0.0012     0.0014

Probability Spawning Stock Biomass Exceeds Threshold      3.660 (1000 MT)

Year    Probability

2021    0.017790
2022    0.016580
2023    0.124640
2024    0.050720
2025    0.057350
2026    0.097350
2027    0.122800
2028    0.229880
2029    0.404810
2030    0.511100
2031    0.564130
2032    0.590120
2033    0.606070
2034    0.610950

Probability Threshold Exceeded at Least Once =     0.9037

Probability Total Fishing Mortality Exceeds Threshold     0.8413 

Year    Probability

2021    1.000000
2022    1.000000
2023    1.000000
2024    1.000000
2025    1.000000
2026    1.000000
2027    1.000000
2028    0.000000
2029    0.000000
2030    0.000000
2031    0.000000
2032    0.000000
2033    0.000000
2034    0.000000

Probability Threshold Exceeded at Least Once =     1.0000


Requested Percentile Report

Percentile =    40.00 %

                                 2021       2022       2023       2024       2025       2026       2027       2028       2029       2030       2031       2032       2033       2034 

Recruits                     144.4264   144.2523   144.7336   144.8602   145.6234   145.9521   145.0237   144.6465   145.8258   146.6167   146.0927   145.3304   145.5957   146.6213 
Spawning Stock Biomass         2.1351     2.4788     2.7209     2.3614     2.3182     2.4413     2.5206     2.8030     3.1976     3.4479     3.5713     3.6352     3.6754     3.6864 
Jan-1 Stock Biomass            8.8087     8.8732     8.3632     7.7851     7.4888     7.7182     7.8581     7.9163     8.5234     8.8748     9.0671     9.1656     9.2059     9.2283 
Mean Biomass                   7.9139     7.6132     7.0386     6.5916     6.5988     6.7836     6.8792     7.2553     7.7270     7.9936     8.1354     8.2014     8.2310     8.2645 
Combined Catch Biomass         2.8201     3.2401     3.1493     2.8602     2.2776     2.3724     2.4309     1.7672     1.9596     2.0744     2.1324     2.1638     2.1773     2.1831 
Landings                       2.8201     3.2401     3.1493     2.8602     2.2776     2.3724     2.4309     1.7672     1.9596     2.0744     2.1324     2.1638     2.1773     2.1831 
FMort                          1.0794     1.0794     1.0794     1.0794     0.8730     0.8730     0.8730     0.5873     0.5873     0.5873     0.5873     0.5873     0.5873     0.5873 

Stock Numbers at Age
Age 1                        244.9740   144.4264   144.2523   144.7336   144.8602   145.6234   145.9521   145.0237   144.6465   145.8258   146.6167   146.0927   145.3304   145.5957 
Age 2                         93.8626   140.2561    82.9808    82.8389    83.1295    84.6298    84.9177    84.8809    86.5618    85.9958    86.8135    87.2569    86.9506    86.6210 
Age 3                         51.2273    42.4624    63.2382    37.2841    37.2593    40.0346    40.7744    40.9399    44.9756    45.9102    45.6953    46.0648    46.3082    46.1289 
Age 4                          9.1703    17.7050    14.5657    21.6569    12.7091    14.4298    15.5171    15.8034    18.9682    20.8617    21.2696    21.1810    21.3470    21.4492 
Age 5                          2.4696     2.7639     5.3673     4.4143     6.5535     4.4812     5.0880     5.4708     6.9171     8.3087     9.1357     9.2969     9.2602     9.3466 
Age 6                          0.8492     0.7221     0.7977     1.5509     1.2754     2.2335     1.5229     1.7276     2.3327     2.9476     3.5402     3.8942     3.9620     3.9465 
Age 7                          0.1227     0.2451     0.2086     0.2302     0.4479     0.4352     0.7615     0.5172     0.7369     0.9950     1.2588     1.5125     1.6588     1.6900 
Age 8                          0.0902     0.0370     0.0727     0.0618     0.0681     0.1557     0.1513     0.2649     0.2234     0.3192     0.4304     0.5436     0.6535     0.7178 
Age 9                          0.0063     0.0279     0.0114     0.0223     0.0189     0.0243     0.0556     0.0540     0.1170     0.0984     0.1406     0.1897     0.2395     0.2880 
Age 10                          0.0032     0.0020     0.0088     0.0036     0.0070     0.0069     0.0089     0.0203     0.0242     0.0526     0.0441     0.0630     0.0849     0.1073 
Age 11                          0.0009     0.0011     0.0007     0.0029     0.0012     0.0026     0.0026     0.0033     0.0092     0.0111     0.0240     0.0201     0.0286     0.0386 
Age 12                          0.0001     0.0003     0.0003     0.0002     0.0009     0.0004     0.0010     0.0010     0.0015     0.0043     0.0051     0.0110     0.0092     0.0132 
Age 13                          0.0000     0.0000     0.0001     0.0001     0.0001     0.0004     0.0002     0.0004     0.0005     0.0007     0.0020     0.0024     0.0051     0.0043 
Age 14                          0.0000     0.0000     0.0000     0.0000     0.0000     0.0000     0.0001     0.0001     0.0002     0.0002     0.0003     0.0009     0.0011     0.0024 
Age 15                          0.0000     0.0000     0.0000     0.0000     0.0000     0.0000     0.0000     0.0001     0.0001     0.0001     0.0002     0.0002     0.0005     0.0008 
