AGEPRO VERSION 4.2

Phased_Q_24002150

Date & Time of Run: 25 May 2024  17:09

Input File Name:    Scenario4_1000.inp

First Age Class:                         1
Number of Age Classes:                  15
Number of Years in Projection:          14
Number of Fleets:                        9
Number of Recruitment Models:            3
Number of Bootstraps:                  100
Number of Simulations:                1000

Bootstrap File Name:            C:\Users\jon.brodziak\Desktop\2024 WCNPO MLS Rebuilding\Bootstrap-numbers-at-age\2023_WCNPOMLS.bsn

Number of Feasible Solutions:      99765  of     100000 Realizations

Input Harvest Scenario

Year  Type        Fleet-1    Fleet-2    Fleet-3    Fleet-4    Fleet-5    Fleet-6    Fleet-7    Fleet-8    Fleet-9    

2021  F-Mult       0.1651     0.0453     0.2588     0.0166     0.0610     0.0487     0.0642     0.0722     0.3475 
2022  F-Mult       0.1651     0.0453     0.2588     0.0166     0.0610     0.0487     0.0642     0.0722     0.3475 
2023  F-Mult       0.1651     0.0453     0.2588     0.0166     0.0610     0.0487     0.0642     0.0722     0.3475 
2024  F-Mult       0.1651     0.0453     0.2588     0.0166     0.0610     0.0487     0.0642     0.0722     0.3475 
2025  Landings        344        137        713         63        208         93        180        324        337 
2026  Landings        344        137        713         63        208         93        180        324        337 
2027  Landings        344        137        713         63        208         93        180        324        337 
2028  Landings        309        122        639         57        187         84        161        290        302 
2029  Landings        309        122        639         57        187         84        161        290        302 
2030  Landings        309        122        639         57        187         84        161        290        302 
2031  Landings        309        122        639         57        187         84        161        290        302 
2032  Landings        309        122        639         57        187         84        161        290        302 
2033  Landings        309        122        639         57        187         84        161        290        302 
2034  Landings        309        122        639         57        187         84        161        290        302 

Recruitment Selection Distribution

Year  Selection-1 Selection-2 Selection-3 

2021      0.1215     0.8389     0.0396 
2022      0.1188     0.8414     0.0398 
2023      0.1176     0.8417     0.0408 
2024      0.1200     0.8401     0.0399 
2025      0.1215     0.8388     0.0397 
2026      0.1195     0.8400     0.0406 
2027      0.1197     0.8407     0.0396 
2028      0.1214     0.8400     0.0386 
2029      0.1198     0.8398     0.0404 
2030      0.1180     0.8423     0.0397 
2031      0.1211     0.8397     0.0392 
2032      0.1200     0.8402     0.0398 
2033      0.1217     0.8379     0.0404 
2034      0.1202     0.8396     0.0402 

Recruits        1000  Fish

Year Class   Average        StdDev
2021        172.7301       79.5513
2022        173.1832       81.3751
2023        173.7949       82.0892
2024        172.7521       80.2362
2025        172.9980       80.8889
2026        173.4130       80.9764
2027        173.0405       81.2758
2028        173.4758       81.8316
2029        173.4572       81.5317
2030        173.6961       81.7231
2031        173.7880       82.1928
2032        173.7636       83.6988
2033        173.9934       82.0732
2034        174.0253       82.6004

Recruits Distribution

Year Class 1%         5%         10%        25%        50%        75%        90%        95%        99%    
2021    68.6476    70.7878    79.0179   104.8263   168.4314   235.6134   278.2480   305.9581   325.0137
2022    68.6520    70.7167    79.0471   104.5113   168.4508   236.3820   279.6529   306.3132   325.1745
2023    68.6607    70.6853    79.0077   104.8918   168.5060   236.2185   279.2111   306.4304   331.3044
2024    68.6324    70.4695    78.9168   104.2833   168.3784   235.8214   278.3664   305.7789   325.2457
2025    68.6314    70.5553    78.9536   104.5960   168.4013   235.8169   279.1518   306.1867   325.1210
2026    68.6544    70.8088    79.1103   104.6680   168.5910   236.3727   278.8773   306.0115   325.3184
2027    68.6280    70.5527    78.9369   104.4538   168.4313   235.8866   278.9994   306.4157   325.3323
2028    68.6236    70.6394    78.9418   104.7998   168.4736   236.5577   279.6660   305.9689   325.3074
2029    68.6373    70.4263    78.9471   104.3681   168.5428   236.3880   279.2342   306.6336   325.4174
2030    68.6472    70.7161    78.9959   104.6827   168.5127   236.3789   279.7916   306.5739   325.6001
2031    68.6395    70.4948    78.9186   104.5737   168.5514   236.7589   279.7406   306.8146   327.2042
2032    68.6330    70.5338    79.0271   104.6454   168.5451   236.2457   279.2504   306.9391   330.3942
2033    68.6434    70.6316    79.0931   104.7339   168.5452   236.8169   280.6909   307.2782   333.5257
2034    68.6531    70.7389    78.9449   104.6078   168.5727   237.1969   280.3751   307.2653   328.5934

Spawning Stock Biomass  x       1000 MT

Year       Average        StdDev
2021        2.2955        0.4582
2022        2.6084        0.4299
2023        2.9374        0.6099
2024        2.5823        0.6319
2025        2.5701        0.8746
2026        2.8087        1.2946
2027        3.0269        1.5626
2028        3.2896        1.7378
2029        3.5817        1.8645
2030        3.8226        1.9533
2031        4.0152        2.0199
2032        4.1664        2.0633
2033        4.2843        2.0896
2034        4.3758        2.1105

Spawning Stock Biomass Distribution

Year        1%         5%         10%        25%        50%        75%        90%        95%        99%   
2021     1.4676     1.7248     1.8302     1.9981     2.2275     2.5113     2.8093     3.0292     4.1529 
2022     1.7541     1.9587     2.0842     2.3109     2.5773     2.8534     3.1943     3.3998     3.7620 
2023     1.8417     2.0721     2.2129     2.4924     2.8679     3.2988     3.7680     4.0703     4.6232 
2024     1.4581     1.6790     1.8262     2.1216     2.5186     2.9821     3.4059     3.6664     4.2156 
2025     1.0034     1.3259     1.5383     1.9467     2.4825     3.1086     3.6876     4.0507     4.8528 
2026     0.5663     0.9943     1.2986     1.8830     2.6723     3.5794     4.4462     4.9957     6.2808 
2027     0.3611     0.8470     1.1910     1.9022     2.8589     3.9468     5.0212     5.7119     7.3077 
2028     0.3184     0.8529     1.2411     2.0375     3.1009     4.3188     5.5027     6.2925     8.1513 
2029     0.3471     0.9421     1.3728     2.2411     3.3790     4.6835     5.9660     6.8041     8.8352 
2030     0.3775     1.0377     1.5063     2.4190     3.6224     4.9797     6.3355     7.2031     9.2999 
2031     0.4152     1.1213     1.6153     2.5745     3.8153     5.2110     6.5960     7.5121     9.6695 
2032     0.4367     1.2036     1.7170     2.6884     3.9660     5.3897     6.8090     7.7522     9.8809 
2033     0.4740     1.2737     1.7945     2.7986     4.0837     5.5319     6.9657     7.9168    10.0992 
2034     0.5216     1.3292     1.8624     2.8789     4.1805     5.6337     7.0779     8.0168    10.2496 

JAN-1 Stock Biomass  x       1000 MT

Year       Average        StdDev
2021        9.2955        1.5965
2022        9.4605        1.7956
2023        8.9619        1.9141
2024        8.3990        1.9541
2025        8.0953        1.9594
2026        8.3834        2.3326
2027        8.6406        2.5868
2028        8.8462        2.7565
2029        9.2165        2.8807
2030        9.5161        2.9711
2031        9.7556        3.0321
2032        9.9448        3.0684
2033       10.0889        3.1078
2034       10.2050        3.1357

JAN-1 Stock Biomass Distribution

Year       1%         5%         10%        25%        50%        75%        90%        95%        99%    
2021     6.3289     6.9484     7.3579     8.1673     9.1734    10.1348    11.5457    12.2948    13.7404 
2022     6.1011     6.7976     7.2525     8.1717     9.3048    10.5805    11.8346    12.6339    14.1710 
2023     5.3573     6.1229     6.6284     7.5961     8.8245    10.1534    11.4183    12.2010    13.9449 
2024     4.7468     5.5379     6.0399     7.0273     8.2502     9.5918    10.8550    11.6720    13.6059 
2025     4.4156     5.2107     5.7358     6.7070     7.9567     9.2865    10.5785    11.3743    13.3257 
2026     3.8942     4.9238     5.5604     6.7570     8.2115     9.7999    11.3191    12.2951    14.6435 
2027     3.6407     4.8054     5.5024     6.8433     8.4600    10.2144    11.9145    12.9915    15.5915 
2028     3.4576     4.7355     5.5191     6.9284     8.6514    10.5174    12.3398    13.5087    16.3172 
2029     3.5626     4.9308     5.7400     7.2055     9.0297    10.9637    12.8576    14.1026    17.0129 
2030     3.6378     5.0850     5.9326     7.4710     9.3097    11.3200    13.2778    14.5704    17.5307 
2031     3.7023     5.2242     6.1255     7.6706     9.5430    11.5865    13.5848    14.9286    17.8847 
2032     3.7865     5.3932     6.2682     7.8378     9.7424    11.7983    13.8301    15.1417    18.2295 
2033     3.9050     5.4635     6.3708     7.9708     9.8795    11.9564    14.0151    15.3535    18.4654 
2034     3.9540     5.5579     6.4614     8.0662     9.9998    12.0902    14.1176    15.4988    18.7053 

Mean Biomass  x       1000 MT

Year       Average        StdDev
2021        8.4079        1.5254
2022        8.1916        1.7050
2023        7.6060        1.7801
2024        7.1769        1.8070
2025        7.2071        2.0782
2026        7.4828        2.4065
2027        7.7192        2.6251
2028        8.0220        2.7669
2029        8.3629        2.8751
2030        8.6321        2.9487
2031        8.8472        3.0003
2032        9.0164        3.0254
2033        9.1448        3.0652
2034        9.2472        3.0845

Mean Biomass Distribution

Year       1%         5%         10%        25%        50%        75%        90%        95%        99%    
2021     5.6392     6.1863     6.5703     7.2833     8.2745     9.2701    10.5353    11.2669    12.5679 
2022     5.0738     5.6967     6.1043     6.9495     8.0434     9.2717    10.4254    11.1590    12.6869 
2023     4.3382     5.0059     5.4520     6.3288     7.4715     8.7117     9.8748    10.6055    12.2835 
2024     3.8825     4.5620     5.0031     5.9020     7.0281     8.2743     9.4517    10.1944    11.9595 
2025     3.3148     4.1385     4.7027     5.7421     7.0584     8.4699     9.8310    10.6973    12.6934 
2026     2.8582     3.9040     4.5650     5.8094     7.3116     8.9508    10.5189    11.5028    13.9230 
2027     2.6139     3.8248     4.5386     5.8952     7.5385     9.3169    11.0216    12.1301    14.7996 
2028     2.5915     3.8956     4.6906     6.0986     7.8309     9.6991    11.5248    12.7016    15.5115 
2029     2.6636     4.0812     4.8927     6.3756     8.1747    10.1053    11.9776    13.2307    16.1457 
2030     2.7649     4.2283     5.0789     6.6052     8.4256    10.4246    12.3523    13.6196    16.6782 
2031     2.8329     4.3683     5.2560     6.7800     8.6460    10.6674    12.6370    13.9325    16.9753 
2032     2.9167     4.5084     5.3845     6.9381     8.8198    10.8485    12.8296    14.1233    17.1394 
2033     3.0305     4.5960     5.4712     7.0455     8.9453    10.9955    12.9953    14.3141    17.4097 
2034     3.0541     4.6713     5.5578     7.1284     9.0573    11.1109    13.0965    14.4246    17.6911 

Combined Catch Biomass  x       1000 MT

Year       Average        StdDev
2021        2.9750        0.4784
2022        3.4197        0.5709
2023        3.3729        0.6657
2024        3.0794        0.6935
2025        2.4000        0.0000
2026        2.4000        0.0000
2027        2.3993        0.0423
2028        2.1486        0.0544
2029        2.1479        0.0673
2030        2.1473        0.0760
2031        2.1466        0.0859
2032        2.1459        0.0939
2033        2.1455        0.0984
2034        2.1449        0.1041

Combined Catch Distribution

Year       1%         5%         10%        25%        50%        75%        90%        95%        99%    
2021     1.9718     2.3521     2.4536     2.6629     2.9130     3.2339     3.5485     3.7948     4.7159 
2022     2.3607     2.5739     2.7222     2.9992     3.3815     3.7492     4.2118     4.4936     4.9330 
2023     2.1341     2.3903     2.5580     2.8900     3.3175     3.7949     4.2432     4.5332     5.1119 
2024     1.7954     2.0571     2.2389     2.5824     3.0284     3.5114     3.9658     4.2507     4.8721 
2025     2.4000     2.4000     2.4000     2.4000     2.4000     2.4000     2.4000     2.4000     2.4000 
2026     2.4000     2.4000     2.4000     2.4000     2.4000     2.4000     2.4000     2.4000     2.4000 
2027     2.4000     2.4000     2.4000     2.4000     2.4000     2.4000     2.4000     2.4000     2.4000 
2028     2.1500     2.1500     2.1500     2.1500     2.1500     2.1500     2.1500     2.1500     2.1500 
2029     2.1500     2.1500     2.1500     2.1500     2.1500     2.1500     2.1500     2.1500     2.1500 
2030     2.1500     2.1500     2.1500     2.1500     2.1500     2.1500     2.1500     2.1500     2.1500 
2031     2.1500     2.1500     2.1500     2.1500     2.1500     2.1500     2.1500     2.1500     2.1500 
2032     2.1500     2.1500     2.1500     2.1500     2.1500     2.1500     2.1500     2.1500     2.1500 
2033     2.1500     2.1500     2.1500     2.1500     2.1500     2.1500     2.1500     2.1500     2.1500 
2034     2.1500     2.1500     2.1500     2.1500     2.1500     2.1500     2.1500     2.1500     2.1500 

Landings  x       1000 MT

Year       Average        StdDev
2021        2.9750        0.4784
2022        3.4197        0.5709
2023        3.3729        0.6657
2024        3.0794        0.6935
2025        2.4000        0.0000
2026        2.4000        0.0000
2027        2.3993        0.0423
2028        2.1486        0.0544
2029        2.1479        0.0673
2030        2.1473        0.0760
2031        2.1466        0.0859
2032        2.1459        0.0939
2033        2.1455        0.0984
2034        2.1449        0.1041

Landings Distribution

Year       1%         5%         10%        25%        50%        75%        90%        95%        99%    
2021     1.9718     2.3521     2.4536     2.6629     2.9130     3.2339     3.5485     3.7948     4.7159 
2022     2.3607     2.5739     2.7222     2.9992     3.3815     3.7492     4.2118     4.4936     4.9330 
2023     2.1341     2.3903     2.5580     2.8900     3.3175     3.7949     4.2432     4.5332     5.1119 
2024     1.7954     2.0571     2.2389     2.5824     3.0284     3.5114     3.9658     4.2507     4.8721 
2025     2.4000     2.4000     2.4000     2.4000     2.4000     2.4000     2.4000     2.4000     2.4000 
2026     2.4000     2.4000     2.4000     2.4000     2.4000     2.4000     2.4000     2.4000     2.4000 
2027     2.4000     2.4000     2.4000     2.4000     2.4000     2.4000     2.4000     2.4000     2.4000 
2028     2.1500     2.1500     2.1500     2.1500     2.1500     2.1500     2.1500     2.1500     2.1500 
2029     2.1500     2.1500     2.1500     2.1500     2.1500     2.1500     2.1500     2.1500     2.1500 
2030     2.1500     2.1500     2.1500     2.1500     2.1500     2.1500     2.1500     2.1500     2.1500 
2031     2.1500     2.1500     2.1500     2.1500     2.1500     2.1500     2.1500     2.1500     2.1500 
2032     2.1500     2.1500     2.1500     2.1500     2.1500     2.1500     2.1500     2.1500     2.1500 
2033     2.1500     2.1500     2.1500     2.1500     2.1500     2.1500     2.1500     2.1500     2.1500 
2034     2.1500     2.1500     2.1500     2.1500     2.1500     2.1500     2.1500     2.1500     2.1500 

Total Fishing Mortality

Year       Average        StdDev
2021        1.0794        0.0000
2022        1.0794        0.0000
2023        1.0794        0.0000
2024        1.0794        0.0000
2025        0.9257        0.2930
2026        0.9443        0.4879
2027        0.9561        0.6790
2028        0.8250        0.6598
2029        0.7675        0.6287
2030        0.7213        0.5912
2031        0.6857        0.5612
2032        0.6582        0.5292
2033        0.6371        0.4999
2034        0.6203        0.4692

Total Fishing Mortality Distribution

Year       1%         5%         10%        25%        50%        75%        90%        95%        99%    
2021     1.0794     1.0794     1.0794     1.0794     1.0794     1.0794     1.0794     1.0794     1.0794 
2022     1.0794     1.0794     1.0794     1.0794     1.0794     1.0794     1.0794     1.0794     1.0794 
2023     1.0794     1.0794     1.0794     1.0794     1.0794     1.0794     1.0794     1.0794     1.0794 
2024     1.0794     1.0794     1.0794     1.0794     1.0794     1.0794     1.0794     1.0794     1.0794 
2025     0.4793     0.5693     0.6193     0.7190     0.8664     1.0679     1.3111     1.4898     1.8861 
2026     0.3891     0.4804     0.5327     0.6426     0.8191     1.0922     1.4834     1.8286     2.7818 
2027     0.3398     0.4281     0.4791     0.5910     0.7766     1.0838     1.5740     2.0444     3.6899 
2028     0.2764     0.3523     0.3953     0.4904     0.6510     0.9220     1.3702     1.8228     3.5534 
2029     0.2578     0.3275     0.3689     0.4566     0.6058     0.8547     1.2683     1.6863     3.3420 
2030     0.2457     0.3111     0.3497     0.4330     0.5706     0.8030     1.1818     1.5637     3.1095 
2031     0.2372     0.2995     0.3371     0.4161     0.5471     0.7640     1.1150     1.4717     2.9001 
2032     0.2331     0.2916     0.3281     0.4041     0.5283     0.7350     1.0547     1.3907     2.7184 
2033     0.2296     0.2867     0.3221     0.3957     0.5156     0.7113     1.0194     1.3281     2.5424 
2034     0.2254     0.2836     0.3174     0.3892     0.5057     0.6957     0.9984     1.2916     2.3710 

JAN-1 Stock Numbers at Age  -       1000  Fish

2021

Age        1%         5%         10%        25%        50%        75%        90%        95%        99%    
1      140.2370   175.0900   184.8320   216.7130   261.1480   317.3690   385.6290   409.5080   464.9250
2       58.9389    77.9477    80.8620    85.4451   100.4175   112.5240   125.3470   138.4980   148.4390
3       34.1986    41.3466    43.5177    47.9381    54.8765    60.4455    67.3245    74.4817    84.8335
4        4.4701     6.3288     7.3712     8.3369     9.5330    10.8358    12.5169    14.0136    20.6054
5        1.2938     1.6031     1.7337     2.2441     2.6907     3.2695     4.2092     4.8898     7.4995
6        0.2917     0.4842     0.6024     0.6936     0.9665     1.2287     1.8234     2.1765     5.0518
7        0.0278     0.0584     0.0739     0.1025     0.1591     0.2261     0.3164     0.3996     1.3049
8        0.0082     0.0292     0.0370     0.0584     0.1092     0.1670     0.2575     0.4456     2.1858
9        0.0003     0.0014     0.0021     0.0035     0.0085     0.0144     0.0223     0.0334     0.2402
10        0.0001     0.0005     0.0007     0.0015     0.0043     0.0069     0.0143     0.0242     0.2609
11        0.0000     0.0001     0.0002     0.0004     0.0014     0.0028     0.0051     0.0082     0.1988
12        0.0000     0.0000     0.0000     0.0000     0.0001     0.0003     0.0005     0.0008     0.0280
13        0.0000     0.0000     0.0000     0.0000     0.0000     0.0002     0.0003     0.0005     0.0316
14        0.0000     0.0000     0.0000     0.0000     0.0000     0.0000     0.0001     0.0001     0.0183
15+       0.0000     0.0000     0.0000     0.0000     0.0000     0.0000     0.0000     0.0000     0.0127

2022

Age        1%         5%         10%        25%        50%        75%        90%        95%        99%    
1       68.6476    70.7878    79.0179   104.8263   168.4314   235.6134   278.2480   305.9581   325.0137
2       85.5108   100.6363   107.2025   123.9035   150.4250   184.3334   222.9190   242.4676   275.7479
3       26.6914    34.4399    36.1937    39.2474    44.7864    51.0612    57.9996    62.8569    70.7840
4       11.9573    13.9127    14.9750    16.5153    18.5346    20.8356    23.6677    26.0156    31.3528
5        1.4339     1.9506     2.1889     2.5216     2.9113     3.3268     3.8933     4.3015     6.5322
6        0.3768     0.4631     0.5092     0.6460     0.7746     0.9521     1.2410     1.4506     2.5221
7        0.0980     0.1449     0.1715     0.2056     0.2743     0.3644     0.5307     0.6290     1.6351
8        0.0098     0.0178     0.0219     0.0304     0.0465     0.0676     0.0969     0.1269     0.4655
9        0.0029     0.0092     0.0114     0.0183     0.0337     0.0514     0.0812     0.1369     0.7772
10        0.0001     0.0004     0.0007     0.0011     0.0027     0.0045     0.0074     0.0111     0.0866
11        0.0000     0.0002     0.0002     0.0005     0.0014     0.0023     0.0049     0.0080     0.0967
12        0.0000     0.0000     0.0001     0.0001     0.0005     0.0009     0.0017     0.0028     0.0833
13        0.0000     0.0000     0.0000     0.0000     0.0000     0.0001     0.0002     0.0003     0.0108
14        0.0000     0.0000     0.0000     0.0000     0.0000     0.0001     0.0001     0.0002     0.0123
15+       0.0000     0.0000     0.0000     0.0000     0.0000     0.0000     0.0000     0.0001     0.0121

2023

Age        1%         5%         10%        25%        50%        75%        90%        95%        99%    
1       68.6520    70.7167    79.0471   104.5113   168.4508   236.3820   279.6529   306.3132   325.1745
2       38.0552    41.3526    45.2165    59.8709    96.4055   135.5458   161.9356   176.1552   196.1097
3       38.5482    44.9712    48.2191    55.9006    68.0287    83.4968   100.7019   110.3547   125.7682
4        9.1221    11.5251    12.2583    13.4595    15.3547    17.6133    20.0501    21.6632    24.6349
5        3.5923     4.1710     4.4912     4.9890     5.6142     6.3576     7.2299     7.9405     9.5804
6        0.4142     0.5606     0.6273     0.7269     0.8417     0.9673     1.1296     1.2567     1.8946
7        0.1085     0.1324     0.1476     0.1856     0.2239     0.2768     0.3615     0.4215     0.7327
8        0.0293     0.0430     0.0502     0.0610     0.0814     0.1090     0.1584     0.1864     0.4881
9        0.0031     0.0055     0.0067     0.0093     0.0142     0.0207     0.0297     0.0392     0.1457
10        0.0010     0.0029     0.0036     0.0058     0.0106     0.0163     0.0258     0.0429     0.2534
11        0.0000     0.0001     0.0002     0.0004     0.0009     0.0015     0.0024     0.0036     0.0285
12        0.0000     0.0001     0.0001     0.0002     0.0005     0.0008     0.0016     0.0026     0.0330
13        0.0000     0.0000     0.0000     0.0000     0.0002     0.0003     0.0006     0.0009     0.0283
14        0.0000     0.0000     0.0000     0.0000     0.0000     0.0000     0.0001     0.0001     0.0040
15+       0.0000     0.0000     0.0000     0.0000     0.0000     0.0000     0.0000     0.0001     0.0084

2024

Age        1%         5%         10%        25%        50%        75%        90%        95%        99%    
1       68.6607    70.6853    79.0077   104.8918   168.5060   236.2185   279.2111   306.4304   331.3044
2       38.0817    41.3392    45.2421    59.7904    96.5324   136.1350   162.3632   176.4096   197.3090
3       16.8093    18.6702    20.3802    26.9961    43.2927    60.8803    73.4937    79.7487    90.7561
4       13.0807    15.2796    16.4605    19.1475    23.3306    28.7142    34.6490    38.0965    43.8429
5        2.7480     3.4334     3.6793     4.0745     4.6544     5.3625     6.1153     6.6171     7.5509
6        1.0293     1.1937     1.2863     1.4369     1.6231     1.8479     2.1062     2.3092     2.7987
7        0.1196     0.1606     0.1798     0.2094     0.2435     0.2812     0.3288     0.3672     0.5484
8        0.0319     0.0389     0.0437     0.0547     0.0663     0.0827     0.1080     0.1261     0.2179
9        0.0089     0.0131     0.0152     0.0187     0.0250     0.0336     0.0487     0.0572     0.1498
10        0.0011     0.0017     0.0021     0.0029     0.0045     0.0066     0.0094     0.0124     0.0488
11        0.0003     0.0009     0.0012     0.0019     0.0034     0.0053     0.0084     0.0138     0.0837
12        0.0000     0.0000     0.0001     0.0001     0.0003     0.0005     0.0008     0.0012     0.0094
13        0.0000     0.0000     0.0000     0.0001     0.0002     0.0003     0.0005     0.0009     0.0112
14        0.0000     0.0000     0.0000     0.0000     0.0001     0.0001     0.0002     0.0003     0.0098
15+       0.0000     0.0000     0.0000     0.0000     0.0000     0.0000     0.0000     0.0001     0.0043

2025

Age        1%         5%         10%        25%        50%        75%        90%        95%        99%    
1       68.6324    70.4695    78.9168   104.2833   168.3784   235.8214   278.3664   305.7789   325.2457
2       38.1068    41.3020    45.2225    59.9885    96.6710   135.9919   162.3236   176.3101   199.6244
3       16.8494    18.6683    20.4095    26.9581    43.2887    61.1911    73.7580    79.9297    91.1790
4        5.6670     6.3928     7.0007     9.2438    14.7791    20.7926    25.3187    27.5328    31.8651
5        3.9347     4.5948     4.9715     5.8012     7.0825     8.7371    10.5361    11.6071    13.3682
6        0.7914     0.9776     1.0528     1.1747     1.3455     1.5568     1.7779     1.9274     2.2098
7        0.2935     0.3417     0.3684     0.4138     0.4700     0.5379     0.6140     0.6740     0.8170
8        0.0355     0.0472     0.0528     0.0618     0.0722     0.0839     0.0982     0.1102     0.1626
9        0.0097     0.0118     0.0134     0.0167     0.0204     0.0255     0.0333     0.0389     0.0665
10        0.0028     0.0041     0.0048     0.0059     0.0079     0.0107     0.0154     0.0181     0.0473
11        0.0004     0.0006     0.0007     0.0010     0.0014     0.0021     0.0030     0.0041     0.0157
12        0.0001     0.0003     0.0004     0.0006     0.0011     0.0018     0.0028     0.0046     0.0278
13        0.0000     0.0000     0.0000     0.0000     0.0001     0.0002     0.0003     0.0004     0.0032
14        0.0000     0.0000     0.0000     0.0000     0.0001     0.0001     0.0002     0.0003     0.0038
15+       0.0000     0.0000     0.0000     0.0000     0.0000     0.0000     0.0001     0.0001     0.0048

2026

Age        1%         5%         10%        25%        50%        75%        90%        95%        99%    
1       68.6314    70.5553    78.9536   104.5960   168.4013   235.8169   279.1518   306.1867   325.1210
2       37.5032    41.3024    45.1694    59.8171    97.0392   137.4205   164.8886   179.5880   201.9552
3       14.1017    17.4065    19.7618    26.9480    45.8469    67.7587    84.2961    92.5735   109.7639
4        3.9727     5.5864     6.6434     9.4065    16.3853    25.1967    32.7137    36.3722    43.9170
5        1.1807     1.7669     2.1392     3.0084     4.9653     7.4813     9.9091    11.1875    13.8661
6        0.8110     1.1750     1.3931     1.8083     2.3696     3.0835     3.8677     4.3987     5.4073
7        0.1717     0.2460     0.2884     0.3633     0.4529     0.5535     0.6582     0.7280     0.8718
8        0.0650     0.0902     0.1051     0.1307     0.1612     0.1945     0.2298     0.2553     0.3140
9        0.0095     0.0133     0.0158     0.0201     0.0251     0.0309     0.0374     0.0428     0.0602
10        0.0026     0.0037     0.0043     0.0056     0.0073     0.0094     0.0125     0.0151     0.0246
11        0.0009     0.0013     0.0016     0.0021     0.0029     0.0040     0.0058     0.0071     0.0178
12        0.0001     0.0002     0.0002     0.0003     0.0005     0.0008     0.0012     0.0016     0.0059
13        0.0000     0.0001     0.0001     0.0002     0.0004     0.0007     0.0011     0.0017     0.0105
14        0.0000     0.0000     0.0000     0.0000     0.0000     0.0001     0.0001     0.0002     0.0012
15+       0.0000     0.0000     0.0000     0.0000     0.0000     0.0000     0.0001     0.0002     0.0034

2027

Age        1%         5%         10%        25%        50%        75%        90%        95%        99%    
1       68.6544    70.8088    79.1103   104.6680   168.5910   236.3727   278.8773   306.0115   325.3184
2       36.9790    41.2428    45.1322    59.8408    97.0063   137.4735   165.4477   179.7187   202.7371
3       11.0576    16.3686    19.4134    26.9843    46.1892    68.7884    87.0968    96.0447   113.7216
4        1.9654     4.2330     5.8133     9.4328    17.7792    29.1843    39.5741    44.8558    56.7967
5        0.3975     1.1233     1.7070     3.0398     5.7193     9.8169    14.0626    16.3765    21.3703
6        0.1152     0.3443     0.5289     0.9394     1.6663     2.7969     4.0260     4.8120     6.3892
7        0.0722     0.2091     0.3172     0.5401     0.8349     1.1960     1.5949     1.8763     2.4588
8        0.0154     0.0439     0.0659     0.1092     0.1632     0.2221     0.2808     0.3198     0.4055
9        0.0060     0.0168     0.0250     0.0405     0.0594     0.0796     0.0998     0.1134     0.1458
10        0.0010     0.0027     0.0040     0.0064     0.0094     0.0128     0.0164     0.0190     0.0262
11        0.0003     0.0008     0.0012     0.0019     0.0028     0.0039     0.0053     0.0065     0.0103
12        0.0001     0.0003     0.0004     0.0007     0.0011     0.0016     0.0024     0.0031     0.0070
13        0.0000     0.0000     0.0001     0.0001     0.0002     0.0003     0.0005     0.0007     0.0023
14        0.0000     0.0000     0.0000     0.0001     0.0002     0.0003     0.0005     0.0007     0.0042
15+       0.0000     0.0000     0.0000     0.0000     0.0000     0.0000     0.0001     0.0001     0.0019

2028

Age        1%         5%         10%        25%        50%        75%        90%        95%        99%    
1       68.6280    70.5527    78.9369   104.4538   168.4313   235.8866   278.9994   306.4157   325.3323
2       36.7248    41.3459    45.2245    59.9687    97.3614   137.8395   165.5466   180.1490   203.3962
3        8.7779    15.9755    19.4897    27.3568    46.4147    68.9186    88.0594    97.2368   115.0532
4        0.9709     3.5186     5.4609     9.6105    18.2607    30.5083    41.8714    47.8643    60.1873
5        0.1134     0.7087     1.3504     3.0020     6.4697    12.0448    17.9108    21.2263    28.8148
6        0.0211     0.1751     0.3743     0.9288     2.0101     3.9087     6.0853     7.4931    10.5351
7        0.0057     0.0530     0.1141     0.2848     0.5937     1.1062     1.7315     2.1661     3.0957
8        0.0034     0.0312     0.0671     0.1616     0.3090     0.4989     0.7122     0.8631     1.2043
9        0.0008     0.0068     0.0142     0.0334     0.0617     0.0952     0.1293     0.1517     0.2037
10        0.0003     0.0027     0.0056     0.0128     0.0230     0.0347     0.0466     0.0545     0.0733
11        0.0001     0.0005     0.0009     0.0021     0.0037     0.0057     0.0077     0.0091     0.0129
12        0.0000     0.0001     0.0003     0.0006     0.0011     0.0017     0.0025     0.0031     0.0049
13        0.0000     0.0001     0.0001     0.0002     0.0004     0.0007     0.0011     0.0015     0.0029
14        0.0000     0.0000     0.0000     0.0000     0.0001     0.0001     0.0002     0.0003     0.0010
15+       0.0000     0.0000     0.0000     0.0000     0.0001     0.0001     0.0002     0.0004     0.0025

2029

Age        1%         5%         10%        25%        50%        75%        90%        95%        99%    
1       68.6236    70.6394    78.9418   104.7998   168.4736   236.5577   279.6660   305.9689   325.3074
2       37.0391    41.7173    45.6542    60.4771    98.0605   138.7988   167.1611   181.5654   204.9521
3        9.1482    17.2280    20.7524    28.8079    48.7036    71.5580    90.9489   100.2017   118.2119
4        0.8150     3.8589     6.1458    10.7748    19.8414    32.4640    44.5903    50.7369    63.4480
5        0.0600     0.6813     1.4310     3.4008     7.3628    13.7195    20.3104    24.1558    32.2645
6        0.0060     0.1271     0.3337     1.0163     2.5361     5.2722     8.4405    10.4600    15.1353
7        0.0011     0.0307     0.0926     0.3132     0.7966     1.7014     2.8457     3.6557     5.4634
8        0.0004     0.0096     0.0283     0.0971     0.2408     0.4887     0.8205     1.0619     1.6014
9        0.0002     0.0057     0.0167     0.0555     0.1282     0.2290     0.3485     0.4352     0.6334
10        0.0001     0.0013     0.0036     0.0117     0.0260     0.0447     0.0645     0.0781     0.1095
11        0.0000     0.0005     0.0015     0.0046     0.0099     0.0165     0.0235     0.0283     0.0396
12        0.0000     0.0001     0.0003     0.0008     0.0016     0.0027     0.0039     0.0047     0.0069
13        0.0000     0.0000     0.0001     0.0002     0.0005     0.0008     0.0012     0.0016     0.0025
14        0.0000     0.0000     0.0000     0.0001     0.0002     0.0003     0.0006     0.0007     0.0014
15+       0.0000     0.0000     0.0000     0.0000     0.0001     0.0001     0.0002     0.0004     0.0016

2030

Age        1%         5%         10%        25%        50%        75%        90%        95%        99%    
1       68.6373    70.4263    78.9471   104.3681   168.5428   236.3880   279.2342   306.6336   325.4174
2       37.3328    41.8656    45.7741    60.9151    98.4449   139.8808   167.8030   182.2303   205.4841
3        9.7657    18.1547    21.5423    29.6438    49.6035    72.8785    92.3045   101.7212   120.0079
4        0.9384     4.4761     6.9372    11.7487    21.3893    34.3134    46.6718    52.9048    66.0262
5        0.0552     0.8004     1.7306     4.0050     8.3073    15.0425    22.0934    26.0408    34.5066
6        0.0034     0.1313     0.3778     1.2086     2.9974     6.2070     9.8394    12.1426    17.1720
7        0.0005     0.0253     0.0889     0.3591     1.0378     2.3662     4.0647     5.2407     8.0837
8        0.0001     0.0062     0.0246     0.1115     0.3331     0.7733     1.3816     1.8331     2.9031
9        0.0000     0.0020     0.0078     0.0354     0.1032     0.2263     0.4033     0.5381     0.8544
10        0.0000     0.0012     0.0047     0.0204     0.0556     0.1095     0.1762     0.2267     0.3419
11        0.0000     0.0003     0.0011     0.0044     0.0115     0.0217     0.0332     0.0413     0.0601
12        0.0000     0.0001     0.0004     0.0017     0.0044     0.0081     0.0122     0.0151     0.0217
13        0.0000     0.0000     0.0001     0.0003     0.0007     0.0013     0.0020     0.0025     0.0038
14        0.0000     0.0000     0.0000     0.0001     0.0002     0.0004     0.0006     0.0008     0.0014
15+       0.0000     0.0000     0.0000     0.0001     0.0001     0.0002     0.0004     0.0006     0.0014

2031

Age        1%         5%         10%        25%        50%        75%        90%        95%        99%    
1       68.6472    70.7161    78.9959   104.6827   168.5127   236.3789   279.7916   306.5739   325.6001
2       37.4308    41.9681    45.8815    60.8692    98.9873   140.0408   167.9266   182.8233   206.9952
3       10.4599    18.6783    22.0563    30.2650    50.5435    73.9977    93.4306   102.4378   120.4897
4        1.0772     5.0886     7.6205    12.4515    22.2241    35.3587    47.8946    54.2169    67.3666
5        0.0697     1.0169     2.0663     4.5386     9.1415    16.1801    23.4218    27.5422    36.2276
6        0.0036     0.1713     0.4846     1.4745     3.5035     6.9499    10.8583    13.3070    18.7235
7        0.0004     0.0274     0.1061     0.4440     1.2645     2.8643     4.8387     6.1739     9.2139
8        0.0000     0.0056     0.0256     0.1333     0.4463     1.1031     2.0079     2.6769     4.3670
9        0.0000     0.0015     0.0073     0.0422     0.1453     0.3647     0.6893     0.9451     1.5726
10        0.0000     0.0005     0.0024     0.0137     0.0460     0.1086     0.2043     0.2794     0.4672
11        0.0000     0.0003     0.0015     0.0079     0.0251     0.0538     0.0915     0.1203     0.1876
12        0.0000     0.0001     0.0003     0.0017     0.0052     0.0108     0.0174     0.0222     0.0333
13        0.0000     0.0000     0.0001     0.0007     0.0020     0.0041     0.0065     0.0081     0.0121
14        0.0000     0.0000     0.0000     0.0001     0.0003     0.0007     0.0011     0.0014     0.0021
15+       0.0000     0.0000     0.0000     0.0001     0.0002     0.0003     0.0006     0.0008     0.0014

2032

Age        1%         5%         10%        25%        50%        75%        90%        95%        99%    
1       68.6395    70.4948    78.9186   104.5737   168.5514   236.7589   279.7406   306.8146   327.2042
2       37.5925    42.0583    46.0889    61.2229    99.0746   140.2929   168.2546   182.7628   206.7977
3       10.9051    19.1291    22.4229    30.5624    51.2201    74.3856    94.0369   103.2311   122.0081
4        1.2836     5.4860     8.0897    12.9285    22.9111    36.2576    48.7764    55.0667    68.4121
5        0.0893     1.2167     2.3775     4.9352     9.6689    16.8937    24.2854    28.4669    37.1388
6        0.0056     0.2270     0.6076     1.7265     3.9395     7.5859    11.6569    14.2242    19.7138
7        0.0005     0.0384     0.1414     0.5596     1.5174     3.2478     5.4016     6.8396    10.1871
8        0.0000     0.0067     0.0323     0.1697     0.5547     1.3542     2.4216     3.1936     5.0279
9        0.0000     0.0014     0.0080     0.0520     0.1981     0.5283     1.0159     1.3969     2.3902
10        0.0000     0.0004     0.0024     0.0168     0.0658     0.1770     0.3524     0.4951     0.8669
11        0.0000     0.0001     0.0008     0.0055     0.0210     0.0536     0.1053     0.1480     0.2569
12        0.0000     0.0001     0.0005     0.0032     0.0116     0.0270     0.0481     0.0644     0.1041
13        0.0000     0.0000     0.0001     0.0007     0.0024     0.0054     0.0093     0.0121     0.0187
14        0.0000     0.0000     0.0000     0.0003     0.0010     0.0021     0.0034     0.0044     0.0068
15+       0.0000     0.0000     0.0000     0.0001     0.0002     0.0005     0.0009     0.0011     0.0019

2033

Age        1%         5%         10%        25%        50%        75%        90%        95%        99%    
1       68.6330    70.5338    79.0271   104.6454   168.5451   236.2457   279.2504   306.9391   330.3942
2       37.5558    42.0791    46.0507    61.2584    99.3493   140.5928   168.4488   183.1065   208.2168
3       11.5631    19.4932    22.7515    30.9870    51.5071    75.1138    94.3137   103.5583   122.2575
4        1.3905     5.9082     8.4231    13.2752    23.4693    36.7565    49.4158    55.6809    69.1509
5        0.1204     1.3888     2.6303     5.2484    10.0913    17.4874    24.8991    29.1042    38.1025
6        0.0076     0.2895     0.7216     1.9213     4.2265     8.0108    12.1993    14.7706    20.3951
7        0.0010     0.0534     0.1844     0.6692     1.7351     3.5960     5.8589     7.3678    10.8304
8        0.0001     0.0094     0.0439     0.2182     0.6740     1.5508     2.7372     3.5774     5.5715
9        0.0000     0.0017     0.0104     0.0676     0.2508     0.6562     1.2367     1.6693     2.7631
10        0.0000     0.0004     0.0026     0.0211     0.0904     0.2583     0.5225     0.7368     1.3170
11        0.0000     0.0001     0.0009     0.0069     0.0305     0.0876     0.1828     0.2632     0.4802
12        0.0000     0.0000     0.0003     0.0023     0.0099     0.0269     0.0549     0.0796     0.1431
13        0.0000     0.0000     0.0002     0.0014     0.0055     0.0137     0.0255     0.0350     0.0585
14        0.0000     0.0000     0.0000     0.0003     0.0012     0.0028     0.0049     0.0066     0.0105
15+       0.0000     0.0000     0.0000     0.0002     0.0006     0.0013     0.0023     0.0030     0.0049

2034

Age        1%         5%         10%        25%        50%        75%        90%        95%        99%    
1       68.6434    70.6316    79.0931   104.7339   168.5452   236.8169   280.6909   307.2782   333.5257
2       37.7786    42.2205    46.1775    61.3834    99.3074   140.3458   168.6914   183.5145   208.8657
3       12.0740    19.7439    22.9320    31.1995    51.9545    75.4937    94.5147   103.7782   122.8122
4        1.6646     6.2020     8.7566    13.6179    23.8129    37.2166    49.7777    56.1208    69.6108
5        0.1439     1.5614     2.8175     5.4826    10.4302    17.8670    25.3552    29.5518    38.3142
6        0.0115     0.3471     0.8259     2.0839     4.4572     8.3432    12.5404    15.1839    20.9007
7        0.0010     0.0729     0.2272     0.7598     1.8740     3.8261     6.1581     7.6711    11.2223
8        0.0001     0.0141     0.0599     0.2668     0.7832     1.7356     2.9768     3.8601     5.9578
9        0.0000     0.0025     0.0147     0.0885     0.3086     0.7584     1.4089     1.8881     3.0613
10        0.0000     0.0006     0.0036     0.0281     0.1156     0.3228     0.6427     0.8875     1.5221
11        0.0000     0.0001     0.0010     0.0089     0.0422     0.1283     0.2728     0.3943     0.7300
12        0.0000     0.0000     0.0003     0.0029     0.0144     0.0441     0.0959     0.1419     0.2647
13        0.0000     0.0000     0.0001     0.0010     0.0047     0.0137     0.0291     0.0428     0.0795
14        0.0000     0.0000     0.0001     0.0006     0.0026     0.0070     0.0136     0.0191     0.0332
15+       0.0000     0.0000     0.0000     0.0002     0.0009     0.0021     0.0039     0.0053     0.0086

Probability Spawning Stock Biomass Exceeds Threshold      3.660 (1000 MT)

Year    Probability

2021    0.018160
2022    0.017100
2023    0.124520
2024    0.050750
2025    0.105230
2026    0.232810
2027    0.307000
2028    0.375270
2029    0.440500
2030    0.492360
2031    0.531140
2032    0.562100
2033    0.585850
2034    0.601780

Probability Threshold Exceeded at Least Once =     0.8257

Probability Total Fishing Mortality Exceeds Threshold     0.8413 

Year    Probability

2021    1.000000
2022    1.000000
2023    1.000000
2024    1.000000
2025    0.541650
2026    0.472580
2027    0.429330
2028    0.304960
2029    0.258170
2030    0.224340
2031    0.198960
2032    0.179080
2033    0.164550
2034    0.153260

Probability Threshold Exceeded at Least Once =     1.0000


Requested Percentile Report

Percentile =    40.00 %

                                 2021       2022       2023       2024       2025       2026       2027       2028       2029       2030       2031       2032       2033       2034 

Recruits                     143.4949   144.0708   145.9238   143.7713   144.0119   145.2634   143.6936   144.5365   145.3436   145.1104   145.3457   144.5842   145.7585   144.7849 
Spawning Stock Biomass         2.1347     2.4778     2.7195     2.3598     2.2689     2.3618     2.4797     2.6780     2.9385     3.1524     3.3356     3.4739     3.5880     3.6695 
Jan-1 Stock Biomass            8.8158     8.8680     8.3492     7.7803     7.4677     7.6580     7.8286     7.9886     8.3322     8.6070     8.8215     9.0096     9.1493     9.2608 
Mean Biomass                   7.9094     7.6117     7.0267     6.5896     6.5493     6.7414     6.8971     7.1614     7.4833     7.7237     7.9213     8.0910     8.2204     8.3204 
Combined Catch Biomass         2.8202     3.2403     3.1503     2.8553     2.4000     2.4000     2.4000     2.1500     2.1500     2.1500     2.1500     2.1500     2.1500     2.1500 
Landings                       2.8202     3.2403     3.1503     2.8553     2.4000     2.4000     2.4000     2.1500     2.1500     2.1500     2.1500     2.1500     2.1500     2.1500 
FMort                          1.0794     1.0794     1.0794     1.0794     0.8067     0.7444     0.6972     0.5821     0.5415     0.5116     0.4902     0.4750     0.4646     0.4560 

Stock Numbers at Age
Age 1                        244.9740   143.4949   144.0708   145.9238   143.7713   144.0119   145.2634   143.6936   144.5365   145.3436   145.1104   145.3457   144.5842   145.7585 
Age 2                         93.8626   140.2748    82.4223    82.6534    83.5045    82.8474    82.9089    83.2671    83.4349    84.0231    84.7577    84.6316    85.1141    84.7676 
Age 3                         51.2273    42.4460    63.1992    37.1443    37.1663    38.5762    37.8667    37.9058    39.7785    40.6395    41.4076    42.1303    42.5294    42.8158 
Age 4                          9.1703    17.6991    14.5644    21.6439    12.6633    13.4105    14.0591    14.3575    15.7193    17.0053    17.6987    18.2803    18.8407    19.1492 
Age 5                          2.4696     2.7640     5.3635     4.4154     6.5533     4.0861     4.4752     4.8662     5.5672     6.3482     7.0805     7.5006     7.8802     8.1497 
Age 6                          0.8492     0.7224     0.7979     1.5497     1.2758     2.1418     1.3404     1.5158     1.8368     2.1881     2.5860     2.9530     3.1892     3.3821 
Age 7                          0.1227     0.2451     0.2088     0.2303     0.4476     0.4183     0.7182     0.4591     0.5746     0.7218     0.8837     1.0794     1.2526     1.3706 
Age 8                          0.0902     0.0370     0.0727     0.0619     0.0682     0.1495     0.1424     0.2491     0.1768     0.2297     0.2959     0.3713     0.4621     0.5437 
Age 9                          0.0063     0.0279     0.0114     0.0223     0.0189     0.0232     0.0523     0.0504     0.0974     0.0719     0.0962     0.1267     0.1621     0.2042 
Age 10                          0.0032     0.0020     0.0088     0.0036     0.0070     0.0066     0.0083     0.0190     0.0201     0.0402     0.0306     0.0418     0.0557     0.0725 
Age 11                          0.0009     0.0011     0.0007     0.0029     0.0012     0.0025     0.0024     0.0031     0.0077     0.0084     0.0173     0.0135     0.0188     0.0252 
Age 12                          0.0001     0.0003     0.0003     0.0002     0.0009     0.0004     0.0009     0.0009     0.0013     0.0033     0.0037     0.0077     0.0061     0.0086 
Age 13                          0.0000     0.0000     0.0001     0.0001     0.0001     0.0003     0.0002     0.0004     0.0004     0.0005     0.0014     0.0016     0.0035     0.0028 
Age 14                          0.0000     0.0000     0.0000     0.0000     0.0000     0.0000     0.0001     0.0001     0.0002     0.0002     0.0002     0.0007     0.0008     0.0016 
Age 15                          0.0000     0.0000     0.0000     0.0000     0.0000     0.0000     0.0000     0.0001     0.0001     0.0001     0.0001     0.0002     0.0004     0.0005 
