AGEPRO VERSION 4.2

Constant_F_0373

Date & Time of Run: 25 May 2024  14:54

Input File Name:    Scenario1_1000.inp

First Age Class:                         1
Number of Age Classes:                  15
Number of Years in Projection:          14
Number of Fleets:                        9
Number of Recruitment Models:            3
Number of Bootstraps:                  100
Number of Simulations:                1000

Bootstrap File Name:            C:\Users\jon.brodziak\Desktop\2024 WCNPO MLS Rebuilding\Bootstrap-numbers-at-age\2023_WCNPOMLS.bsn

Input Harvest Scenario

Year  Type        Fleet-1    Fleet-2    Fleet-3    Fleet-4    Fleet-5    Fleet-6    Fleet-7    Fleet-8    Fleet-9    

2021  F-Mult       0.1651     0.0453     0.2588     0.0166     0.0610     0.0487     0.0642     0.0722     0.3475 
2022  F-Mult       0.1651     0.0453     0.2588     0.0166     0.0610     0.0487     0.0642     0.0722     0.3475 
2023  F-Mult       0.1651     0.0453     0.2588     0.0166     0.0610     0.0487     0.0642     0.0722     0.3475 
2024  F-Mult       0.1651     0.0453     0.2588     0.0166     0.0610     0.0487     0.0642     0.0722     0.3475 
2025  F-Mult       0.0905     0.0248     0.1420     0.0091     0.0334     0.0267     0.0352     0.0396     0.1906 
2026  F-Mult       0.0905     0.0248     0.1420     0.0091     0.0334     0.0267     0.0352     0.0396     0.1906 
2027  F-Mult       0.0905     0.0248     0.1420     0.0091     0.0334     0.0267     0.0352     0.0396     0.1906 
2028  F-Mult       0.0905     0.0248     0.1420     0.0091     0.0334     0.0267     0.0352     0.0396     0.1906 
2029  F-Mult       0.0905     0.0248     0.1420     0.0091     0.0334     0.0267     0.0352     0.0396     0.1906 
2030  F-Mult       0.0905     0.0248     0.1420     0.0091     0.0334     0.0267     0.0352     0.0396     0.1906 
2031  F-Mult       0.0905     0.0248     0.1420     0.0091     0.0334     0.0267     0.0352     0.0396     0.1906 
2032  F-Mult       0.0905     0.0248     0.1420     0.0091     0.0334     0.0267     0.0352     0.0396     0.1906 
2033  F-Mult       0.0905     0.0248     0.1420     0.0091     0.0334     0.0267     0.0352     0.0396     0.1906 
2034  F-Mult       0.0905     0.0248     0.1420     0.0091     0.0334     0.0267     0.0352     0.0396     0.1906 

Recruitment Selection Distribution

Year  Selection-1 Selection-2 Selection-3 

2021      0.1230     0.8360     0.0410 
2022      0.1194     0.8399     0.0406 
2023      0.1182     0.8419     0.0398 
2024      0.1208     0.8399     0.0392 
2025      0.1190     0.8400     0.0410 
2026      0.1205     0.8406     0.0390 
2027      0.1190     0.8404     0.0406 
2028      0.1206     0.8379     0.0414 
2029      0.1172     0.8430     0.0398 
2030      0.1191     0.8402     0.0407 
2031      0.1186     0.8426     0.0389 
2032      0.1195     0.8399     0.0407 
2033      0.1213     0.8390     0.0397 
2034      0.1204     0.8396     0.0401 

Recruits        1000  Fish

Year Class   Average        StdDev
2021        172.7293       80.4598
2022        173.5018       81.5367
2023        173.3663       81.0225
2024        173.2244       80.4362
2025        173.6414       81.9447
2026        174.0813       81.0757
2027        174.3105       82.9516
2028        174.1430       83.2711
2029        174.1842       82.7287
2030        174.1964       83.0250
2031        173.8072       81.8649
2032        174.4301       82.2889
2033        173.6192       81.7305
2034        173.5998       81.9731

Recruits Distribution

Year Class 1%         5%         10%        25%        50%        75%        90%        95%        99%    
2021    68.6300    70.6423    78.9651   104.4113   168.3490   235.7627   278.4020   305.7521   325.0979
2022    68.6578    70.6532    78.9352   104.7488   168.4959   236.7408   279.4676   306.5581   325.5419
2023    68.6385    70.7175    79.0885   104.6008   168.5522   236.1910   279.9160   306.3180   325.4396
2024    68.6367    70.7631    79.0766   104.9176   168.4656   236.4011   279.3627   306.0640   325.0232
2025    68.6379    70.7727    78.9412   104.7803   168.5089   236.5385   279.5002   306.1844   325.3379
2026    68.6571    70.8789    79.2999   105.2749   168.6294   236.9119   280.2034   306.6221   325.4752
2027    68.6669    70.6650    79.1267   105.0877   168.5614   236.8173   280.5001   307.1004   333.2302
2028    68.6461    70.6571    79.1283   104.9231   168.5022   237.0678   280.5678   307.1134   341.1163
2029    68.6705    70.8714    79.1144   104.8403   168.5506   236.9551   279.8702   307.2133   336.5600
2030    68.6668    71.0048    79.0927   104.6690   168.5464   237.1520   279.7409   306.6140   335.1974
2031    68.6497    70.8527    79.2118   105.0377   168.5721   236.2419   279.8131   306.7396   326.7873
2032    68.6668    70.6178    79.0199   105.1563   168.6599   237.1633   280.1166   306.7378   338.2853
2033    68.6473    70.6537    79.0570   104.6216   168.5133   236.1434   279.0498   306.6111   330.3546
2034    68.6305    70.4802    78.8297   104.5024   168.5043   236.2653   279.9815   306.6957   328.2178

Spawning Stock Biomass  x       1000 MT

Year       Average        StdDev
2021        2.2958        0.4578
2022        2.6087        0.4296
2023        2.9366        0.6071
2024        2.5829        0.6334
2025        2.7891        0.7436
2026        3.3160        0.8932
2027        3.6567        0.9620
2028        3.8378        0.9910
2029        3.9301        0.9934
2030        3.9759        1.0065
2031        3.9963        1.0126
2032        4.0062        1.0141
2033        4.0103        1.0154
2034        4.0108        1.0081

Spawning Stock Biomass Distribution

Year        1%         5%         10%        25%        50%        75%        90%        95%        99%   
2021     1.4698     1.7266     1.8309     1.9982     2.2290     2.5108     2.8087     3.0291     4.1547 
2022     1.7548     1.9603     2.0859     2.3110     2.5759     2.8532     3.1954     3.4026     3.7616 
2023     1.8411     2.0716     2.2148     2.4937     2.8689     3.3015     3.7553     4.0498     4.6117 
2024     1.4619     1.6837     1.8272     2.1227     2.5201     2.9786     3.4020     3.6633     4.2189 
2025     1.4850     1.7400     1.9100     2.2531     2.7119     3.2436     3.7406     4.0539     4.7339 
2026     1.7393     2.0517     2.2582     2.6726     3.2279     3.8623     4.4601     4.8359     5.6679 
2027     1.9333     2.2787     2.5087     2.9610     3.5638     4.2510     4.8950     5.3047     6.2077 
2028     2.0520     2.4212     2.6594     3.1284     3.7475     4.4383     5.0944     5.5164     6.4930 
2029     2.1233     2.4994     2.7403     3.2185     3.8450     4.5370     5.1891     5.6148     6.5998 
2030     2.1524     2.5360     2.7837     3.2604     3.8840     4.5860     5.2519     5.6764     6.6596 
2031     2.1749     2.5574     2.8004     3.2744     3.9034     4.6034     5.2728     5.7091     6.7406 
2032     2.1824     2.5679     2.8108     3.2868     3.9126     4.6100     5.2855     5.7150     6.7765 
2033     2.1843     2.5688     2.8148     3.2884     3.9192     4.6139     5.2869     5.7156     6.7423 
2034     2.1912     2.5708     2.8152     3.2902     3.9196     4.6199     5.2865     5.7266     6.7295 

JAN-1 Stock Biomass  x       1000 MT

Year       Average        StdDev
2021        9.2973        1.5967
2022        9.4599        1.7941
2023        8.9672        1.9150
2024        8.3971        1.9427
2025        8.0996        1.9486
2026        8.9105        2.0971
2027        9.4006        2.1631
2028        9.6676        2.1976
2029        9.8019        2.2135
2030        9.8666        2.2240
2031        9.8975        2.2281
2032        9.9069        2.2242
2033        9.9148        2.2195
2034        9.9140        2.2107

JAN-1 Stock Biomass Distribution

Year       1%         5%         10%        25%        50%        75%        90%        95%        99%    
2021     6.3387     6.9504     7.3762     8.1690     9.1655    10.1399    11.5542    12.2991    13.7207 
2022     6.0995     6.8135     7.2639     8.1750     9.3052    10.5745    11.8124    12.6041    14.2184 
2023     5.3758     6.1382     6.6418     7.6130     8.8309    10.1427    11.4170    12.2067    13.9824 
2024     4.7367     5.5390     6.0347     7.0299     8.2578     9.5797    10.8580    11.6786    13.5136 
2025     4.4476     5.2187     5.7415     6.7197     7.9607     9.3010    10.5649    11.3853    13.2679 
2026     4.9274     5.7988     6.3669     7.4318     8.7567    10.1980    11.5833    12.4531    14.4989 
2027     5.2602     6.1912     6.7846     7.8884     9.2439    10.7222    12.1314    13.0449    15.1871 
2028     5.4532     6.4279     7.0195     8.1361     9.5087    11.0044    12.4392    13.3594    15.5628 
2029     5.5682     6.5417     7.1454     8.2493     9.6437    11.1484    12.5843    13.5292    15.7658 
2030     5.6294     6.6005     7.2000     8.3156     9.6964    11.2034    12.6535    13.6036    15.9167 
2031     5.6567     6.6297     7.2283     8.3541     9.7368    11.2210    12.6771    13.6417    16.0224 
2032     5.6704     6.6416     7.2405     8.3561     9.7469    11.2449    12.6937    13.6418    15.9318 
2033     5.6747     6.6466     7.2470     8.3659     9.7507    11.2530    12.7053    13.6337    15.9532 
2034     5.6714     6.6493     7.2561     8.3660     9.7499    11.2572    12.6895    13.6582    15.9159 

Mean Biomass  x       1000 MT

Year       Average        StdDev
2021        8.4050        1.5298
2022        8.1870        1.7044
2023        7.6066        1.7771
2024        7.1705        1.7938
2025        7.5078        1.8977
2026        8.1539        2.0144
2027        8.5260        2.0548
2028        8.7226        2.0825
2029        8.8194        2.0916
2030        8.8646        2.0992
2031        8.8878        2.1083
2032        8.8917        2.1016
2033        8.9021        2.0986
2034        8.8965        2.0873

Mean Biomass Distribution

Year       1%         5%         10%        25%        50%        75%        90%        95%        99%    
2021     5.6253     6.1795     6.5651     7.2798     8.2756     9.2639    10.5401    11.2822    12.5868 
2022     5.0689     5.6921     6.1118     6.9526     8.0435     9.2627    10.3993    11.1465    12.6816 
2023     4.3445     5.0111     5.4579     6.3329     7.4814     8.6992     9.8749    10.6008    12.2551 
2024     3.8807     4.5450     4.9995     5.8935     7.0328     8.2644     9.4526    10.1856    11.8525 
2025     4.0034     4.7243     5.2155     6.1476     7.3674     8.6814     9.9254    10.7097    12.4877 
2026     4.3695     5.1931     5.7180     6.7323     7.9941     9.3831    10.7020    11.5694    13.5071 
2027     4.6555     5.4922     6.0417     7.0826     8.3736     9.7825    11.1068    11.9589    14.0106 
2028     4.7902     5.6730     6.2252     7.2671     8.5658     9.9807    11.3350    12.2119    14.3134 
2029     4.8846     5.7579     6.3130     7.3459     8.6689    10.0819    11.4443    12.3239    14.4419 
2030     4.9157     5.8043     6.3506     7.3957     8.7044    10.1221    11.4983    12.3806    14.5709 
2031     4.9307     5.8075     6.3672     7.4267     8.7228    10.1318    11.5158    12.4116    14.6993 
2032     4.9528     5.8205     6.3747     7.4223     8.7292    10.1550    11.5222    12.4196    14.5912 
2033     4.9494     5.8325     6.3717     7.4317     8.7335    10.1693    11.5394    12.4315    14.5689 
2034     4.9443     5.8204     6.3827     7.4292     8.7447    10.1569    11.5290    12.4312    14.5411 

Combined Catch Biomass  x       1000 MT

Year       Average        StdDev
2021        2.9749        0.4778
2022        3.4189        0.5688
2023        3.3724        0.6652
2024        3.0794        0.6926
2025        1.7816        0.4263
2026        2.0395        0.4873
2027        2.2006        0.5173
2028        2.2868        0.5269
2029        2.3295        0.5315
2030        2.3495        0.5363
2031        2.3585        0.5388
2032        2.3624        0.5406
2033        2.3637        0.5395
2034        2.3645        0.5376

Combined Catch Distribution

Year       1%         5%         10%        25%        50%        75%        90%        95%        99%    
2021     1.9743     2.3530     2.4543     2.6643     2.9121     3.2348     3.5467     3.7923     4.7134 
2022     2.3616     2.5808     2.7228     2.9995     3.3816     3.7478     4.2081     4.4830     4.9363 
2023     2.1442     2.3888     2.5583     2.8906     3.3176     3.7928     4.2388     4.5208     5.1035 
2024     1.7971     2.0617     2.2367     2.5860     3.0301     3.5068     3.9632     4.2440     4.8668 
2025     0.9955     1.1560     1.2663     1.4788     1.7502     2.0416     2.3213     2.4987     2.8965 
2026     1.1285     1.3227     1.4476     1.6924     2.0034     2.3386     2.6590     2.8657     3.3202 
2027     1.2259     1.4372     1.5754     1.8344     2.1617     2.5180     2.8583     3.0718     3.5666 
2028     1.2868     1.5091     1.6495     1.9153     2.2487     2.6091     2.9500     3.1698     3.6885 
2029     1.3160     1.5467     1.6897     1.9559     2.2910     2.6543     3.0000     3.2202     3.7394 
2030     1.3362     1.5634     1.7076     1.9736     2.3096     2.6751     3.0227     3.2467     3.7839 
2031     1.3456     1.5726     1.7141     1.9808     2.3181     2.6816     3.0325     3.2576     3.8217 
2032     1.3462     1.5750     1.7172     1.9870     2.3207     2.6855     3.0367     3.2673     3.8383 
2033     1.3508     1.5752     1.7174     1.9864     2.3227     2.6876     3.0383     3.2686     3.8224 
2034     1.3502     1.5763     1.7193     1.9882     2.3222     2.6889     3.0410     3.2690     3.8194 

Landings  x       1000 MT

Year       Average        StdDev
2021        2.9749        0.4778
2022        3.4189        0.5688
2023        3.3724        0.6652
2024        3.0794        0.6926
2025        1.7816        0.4263
2026        2.0395        0.4873
2027        2.2006        0.5173
2028        2.2868        0.5269
2029        2.3295        0.5315
2030        2.3495        0.5363
2031        2.3585        0.5388
2032        2.3624        0.5406
2033        2.3637        0.5395
2034        2.3645        0.5376

Landings Distribution

Year       1%         5%         10%        25%        50%        75%        90%        95%        99%    
2021     1.9743     2.3530     2.4543     2.6643     2.9121     3.2348     3.5467     3.7923     4.7134 
2022     2.3616     2.5808     2.7228     2.9995     3.3816     3.7478     4.2081     4.4830     4.9363 
2023     2.1442     2.3888     2.5583     2.8906     3.3176     3.7928     4.2388     4.5208     5.1035 
2024     1.7971     2.0617     2.2367     2.5860     3.0301     3.5068     3.9632     4.2440     4.8668 
2025     0.9955     1.1560     1.2663     1.4788     1.7502     2.0416     2.3213     2.4987     2.8965 
2026     1.1285     1.3227     1.4476     1.6924     2.0034     2.3386     2.6590     2.8657     3.3202 
2027     1.2259     1.4372     1.5754     1.8344     2.1617     2.5180     2.8583     3.0718     3.5666 
2028     1.2868     1.5091     1.6495     1.9153     2.2487     2.6091     2.9500     3.1698     3.6885 
2029     1.3160     1.5467     1.6897     1.9559     2.2910     2.6543     3.0000     3.2202     3.7394 
2030     1.3362     1.5634     1.7076     1.9736     2.3096     2.6751     3.0227     3.2467     3.7839 
2031     1.3456     1.5726     1.7141     1.9808     2.3181     2.6816     3.0325     3.2576     3.8217 
2032     1.3462     1.5750     1.7172     1.9870     2.3207     2.6855     3.0367     3.2673     3.8383 
2033     1.3508     1.5752     1.7174     1.9864     2.3227     2.6876     3.0383     3.2686     3.8224 
2034     1.3502     1.5763     1.7193     1.9882     2.3222     2.6889     3.0410     3.2690     3.8194 

Total Fishing Mortality

Year       Average        StdDev
2021        1.0794        0.0000
2022        1.0794        0.0000
2023        1.0794        0.0000
2024        1.0794        0.0000
2025        0.5921        0.0000
2026        0.5921        0.0000
2027        0.5921        0.0000
2028        0.5921        0.0000
2029        0.5921        0.0000
2030        0.5921        0.0000
2031        0.5921        0.0000
2032        0.5921        0.0000
2033        0.5921        0.0000
2034        0.5921        0.0000

Total Fishing Mortality Distribution

Year       1%         5%         10%        25%        50%        75%        90%        95%        99%    
2021     1.0794     1.0794     1.0794     1.0794     1.0794     1.0794     1.0794     1.0794     1.0794 
2022     1.0794     1.0794     1.0794     1.0794     1.0794     1.0794     1.0794     1.0794     1.0794 
2023     1.0794     1.0794     1.0794     1.0794     1.0794     1.0794     1.0794     1.0794     1.0794 
2024     1.0794     1.0794     1.0794     1.0794     1.0794     1.0794     1.0794     1.0794     1.0794 
2025     0.5921     0.5921     0.5921     0.5921     0.5921     0.5921     0.5921     0.5921     0.5921 
2026     0.5921     0.5921     0.5921     0.5921     0.5921     0.5921     0.5921     0.5921     0.5921 
2027     0.5921     0.5921     0.5921     0.5921     0.5921     0.5921     0.5921     0.5921     0.5921 
2028     0.5921     0.5921     0.5921     0.5921     0.5921     0.5921     0.5921     0.5921     0.5921 
2029     0.5921     0.5921     0.5921     0.5921     0.5921     0.5921     0.5921     0.5921     0.5921 
2030     0.5921     0.5921     0.5921     0.5921     0.5921     0.5921     0.5921     0.5921     0.5921 
2031     0.5921     0.5921     0.5921     0.5921     0.5921     0.5921     0.5921     0.5921     0.5921 
2032     0.5921     0.5921     0.5921     0.5921     0.5921     0.5921     0.5921     0.5921     0.5921 
2033     0.5921     0.5921     0.5921     0.5921     0.5921     0.5921     0.5921     0.5921     0.5921 
2034     0.5921     0.5921     0.5921     0.5921     0.5921     0.5921     0.5921     0.5921     0.5921 

JAN-1 Stock Numbers at Age  -       1000  Fish

2021

Age        1%         5%         10%        25%        50%        75%        90%        95%        99%    
1      140.2370   175.0900   184.8320   216.7130   261.1480   317.3690   385.6290   409.5080   464.9250
2       58.9389    77.9477    80.8620    85.4451   100.4175   112.5240   125.3470   138.4980   148.4390
3       34.1986    41.3466    43.5177    47.9381    54.8765    60.4455    67.3245    74.4817    84.8335
4        4.4701     6.3288     7.3712     8.3369     9.5330    10.8358    12.5169    14.0136    20.6054
5        1.2938     1.6031     1.7337     2.2441     2.6907     3.2695     4.2092     4.8898     7.4995
6        0.2917     0.4842     0.6024     0.6936     0.9665     1.2287     1.8234     2.1765     5.0518
7        0.0278     0.0584     0.0739     0.1025     0.1591     0.2261     0.3164     0.3996     1.3049
8        0.0082     0.0292     0.0370     0.0584     0.1092     0.1670     0.2575     0.4456     2.1858
9        0.0003     0.0014     0.0021     0.0035     0.0085     0.0144     0.0223     0.0334     0.2402
10        0.0001     0.0005     0.0007     0.0015     0.0043     0.0069     0.0143     0.0242     0.2609
11        0.0000     0.0001     0.0002     0.0004     0.0014     0.0028     0.0051     0.0082     0.1988
12        0.0000     0.0000     0.0000     0.0000     0.0001     0.0003     0.0005     0.0008     0.0280
13        0.0000     0.0000     0.0000     0.0000     0.0000     0.0002     0.0003     0.0005     0.0316
14        0.0000     0.0000     0.0000     0.0000     0.0000     0.0000     0.0001     0.0001     0.0183
15+       0.0000     0.0000     0.0000     0.0000     0.0000     0.0000     0.0000     0.0000     0.0127

2022

Age        1%         5%         10%        25%        50%        75%        90%        95%        99%    
1       68.6300    70.6423    78.9651   104.4113   168.3490   235.7627   278.4020   305.7521   325.0979
2       85.4407   100.5752   107.2331   123.8598   150.4383   184.2904   222.5148   242.5408   275.5270
3       26.7439    34.4330    36.2131    39.2425    44.7360    51.0874    57.9366    62.8765    70.7555
4       11.9544    13.9046    14.9565    16.5360    18.5406    20.8345    23.6460    26.0091    31.5831
5        1.4362     1.9503     2.1916     2.5193     2.9106     3.3267     3.8935     4.3017     6.5582
6        0.3769     0.4633     0.5100     0.6455     0.7742     0.9524     1.2402     1.4507     2.4585
7        0.0989     0.1450     0.1715     0.2056     0.2739     0.3646     0.5308     0.6295     1.6465
8        0.0096     0.0178     0.0219     0.0304     0.0465     0.0675     0.0970     0.1271     0.4526
9        0.0029     0.0091     0.0114     0.0183     0.0336     0.0514     0.0812     0.1374     0.7750
10        0.0001     0.0004     0.0007     0.0011     0.0027     0.0045     0.0073     0.0110     0.0868
11        0.0000     0.0002     0.0002     0.0005     0.0014     0.0023     0.0049     0.0080     0.0976
12        0.0000     0.0000     0.0001     0.0001     0.0005     0.0009     0.0017     0.0028     0.0771
13        0.0000     0.0000     0.0000     0.0000     0.0000     0.0001     0.0002     0.0003     0.0108
14        0.0000     0.0000     0.0000     0.0000     0.0000     0.0001     0.0001     0.0002     0.0123
15+       0.0000     0.0000     0.0000     0.0000     0.0000     0.0000     0.0000     0.0001     0.0121

2023

Age        1%         5%         10%        25%        50%        75%        90%        95%        99%    
1       68.6578    70.6532    78.9352   104.7488   168.4959   236.7408   279.4676   306.5581   325.5419
2       38.0211    41.3348    45.3242    59.7549    96.3684   135.5334   162.0759   176.0567   196.8170
3       38.4261    44.9836    48.2554    55.8869    67.9791    83.4476   100.5574   110.2739   125.7055
4        9.1285    11.5175    12.2576    13.4576    15.3332    17.6108    20.0507    21.7121    24.6112
5        3.5929     4.1679     4.4929     4.9917     5.6173     6.3473     7.2252     7.9328     9.6119
6        0.4157     0.5600     0.6277     0.7263     0.8413     0.9664     1.1280     1.2558     1.8933
7        0.1083     0.1327     0.1478     0.1855     0.2237     0.2771     0.3615     0.4213     0.7259
8        0.0292     0.0431     0.0502     0.0610     0.0812     0.1090     0.1582     0.1862     0.4881
9        0.0031     0.0055     0.0067     0.0093     0.0142     0.0207     0.0297     0.0393     0.1457
10        0.0010     0.0029     0.0036     0.0058     0.0106     0.0163     0.0258     0.0430     0.2630
11        0.0000     0.0001     0.0002     0.0004     0.0009     0.0015     0.0024     0.0036     0.0282
12        0.0000     0.0001     0.0001     0.0002     0.0005     0.0007     0.0016     0.0026     0.0330
13        0.0000     0.0000     0.0000     0.0000     0.0002     0.0003     0.0006     0.0009     0.0281
14        0.0000     0.0000     0.0000     0.0000     0.0000     0.0000     0.0001     0.0001     0.0041
15+       0.0000     0.0000     0.0000     0.0000     0.0000     0.0000     0.0000     0.0001     0.0085

2024

Age        1%         5%         10%        25%        50%        75%        90%        95%        99%    
1       68.6385    70.7175    79.0885   104.6008   168.5522   236.1910   279.9160   306.3180   325.4396
2       37.9954    41.2658    45.1160    59.9589    96.5181   136.4308   162.4826   176.4437   197.7011
3       16.7789    18.6568    20.4133    26.8813    43.2543    60.9585    73.5062    79.8368    90.9703
4       13.0877    15.2888    16.4746    19.1448    23.3514    28.7309    34.5702    38.0921    43.6477
5        2.7596     3.4370     3.6760     4.0717     4.6437     5.3639     6.1163     6.6234     7.5449
6        1.0259     1.1917     1.2868     1.4368     1.6246     1.8443     2.1020     2.3076     2.7923
7        0.1197     0.1606     0.1801     0.2092     0.2433     0.2811     0.3284     0.3671     0.5480
8        0.0319     0.0390     0.0438     0.0547     0.0663     0.0827     0.1078     0.1258     0.2187
9        0.0089     0.0131     0.0152     0.0187     0.0249     0.0337     0.0486     0.0573     0.1496
10        0.0010     0.0017     0.0021     0.0029     0.0045     0.0066     0.0094     0.0125     0.0492
11        0.0004     0.0009     0.0012     0.0019     0.0034     0.0053     0.0084     0.0139     0.0842
12        0.0000     0.0000     0.0001     0.0001     0.0003     0.0005     0.0008     0.0012     0.0094
13        0.0000     0.0000     0.0000     0.0001     0.0002     0.0003     0.0005     0.0009     0.0112
14        0.0000     0.0000     0.0000     0.0000     0.0001     0.0001     0.0002     0.0003     0.0101
15+       0.0000     0.0000     0.0000     0.0000     0.0000     0.0000     0.0000     0.0001     0.0044

2025

Age        1%         5%         10%        25%        50%        75%        90%        95%        99%    
1       68.6367    70.7631    79.0766   104.9176   168.4656   236.4011   279.3627   306.0640   325.0232
2       38.0141    41.3163    45.2897    59.8209    96.4950   136.0517   162.7616   176.4482   198.1666
3       16.8289    18.6209    20.3568    27.0070    43.3402    61.2876    73.7458    80.0921    91.6083
4        5.6379     6.3687     7.0027     9.2048    14.7576    20.7926    25.3437    27.5506    31.8564
5        3.9149     4.5918     4.9735     5.7968     7.0787     8.7196    10.5070    11.5938    13.3627
6        0.7929     0.9785     1.0524     1.1746     1.3438     1.5565     1.7784     1.9280     2.2050
7        0.2929     0.3408     0.3687     0.4139     0.4699     0.5365     0.6129     0.6728     0.8151
8        0.0354     0.0472     0.0530     0.0617     0.0722     0.0839     0.0982     0.1101     0.1624
9        0.0097     0.0118     0.0134     0.0167     0.0203     0.0255     0.0332     0.0390     0.0665
10        0.0028     0.0041     0.0048     0.0059     0.0079     0.0107     0.0154     0.0182     0.0474
11        0.0003     0.0006     0.0007     0.0010     0.0014     0.0021     0.0030     0.0041     0.0156
12        0.0001     0.0003     0.0004     0.0006     0.0011     0.0018     0.0028     0.0046     0.0280
13        0.0000     0.0000     0.0000     0.0000     0.0001     0.0002     0.0003     0.0004     0.0032
14        0.0000     0.0000     0.0000     0.0000     0.0001     0.0001     0.0002     0.0003     0.0038
15+       0.0000     0.0000     0.0000     0.0000     0.0000     0.0000     0.0001     0.0001     0.0050

2026

Age        1%         5%         10%        25%        50%        75%        90%        95%        99%    
1       68.6379    70.7727    78.9412   104.7803   168.5089   236.5385   279.5002   306.1844   325.3379
2       39.5238    42.8885    47.0346    62.2131   100.1911   141.3082   168.5255   182.9622   204.1009
3       19.8669    21.9926    24.0771    31.7760    51.1036    72.0545    87.0372    94.3683   107.7623
4        7.6983     8.6293     9.4604    12.5234    20.0311    28.3469    34.3760    37.3855    43.3303
5        2.4369     2.7814     3.0624     4.0255     6.4405     9.0752    11.1255    12.1130    14.1388
6        1.6619     1.9458     2.1112     2.4693     3.0243     3.7241     4.4892     4.9642     5.7431
7        0.3368     0.4131     0.4456     0.4996     0.5736     0.6657     0.7623     0.8269     0.9504
8        0.1255     0.1463     0.1581     0.1784     0.2035     0.2329     0.2670     0.2927     0.3549
9        0.0155     0.0207     0.0232     0.0271     0.0318     0.0371     0.0434     0.0488     0.0716
10        0.0043     0.0053     0.0060     0.0074     0.0091     0.0114     0.0149     0.0175     0.0298
11        0.0013     0.0019     0.0022     0.0027     0.0036     0.0049     0.0070     0.0083     0.0215
12        0.0002     0.0003     0.0003     0.0004     0.0007     0.0010     0.0014     0.0019     0.0072
13        0.0001     0.0001     0.0002     0.0003     0.0005     0.0008     0.0013     0.0021     0.0130
14        0.0000     0.0000     0.0000     0.0000     0.0000     0.0001     0.0001     0.0002     0.0015
15+       0.0000     0.0000     0.0000     0.0000     0.0000     0.0001     0.0001     0.0002     0.0042

2027

Age        1%         5%         10%        25%        50%        75%        90%        95%        99%    
1       68.6571    70.8789    79.2999   105.2749   168.6294   236.9119   280.2034   306.6221   325.4752
2       39.4821    42.8160    46.9426    62.1548   100.2830   141.3423   168.5084   182.8925   204.8603
3       20.6448    22.8119    25.0149    33.0109    53.0761    74.8852    90.1880    97.7864   111.2610
4        9.1008    10.1956    11.1879    14.7115    23.6269    33.2937    40.5503    43.9885    50.9607
5        3.3279     3.7644     4.1428     5.4740     8.7370    12.3503    15.0846    16.4330    19.1695
6        1.0289     1.1823     1.3062     1.7154     2.7402     3.8556     4.7550     5.1918     6.0844
7        0.7031     0.8245     0.8967     1.0519     1.2899     1.5918     1.9191     2.1249     2.4744
8        0.1447     0.1767     0.1912     0.2155     0.2482     0.2887     0.3317     0.3600     0.4166
9        0.0547     0.0638     0.0691     0.0783     0.0895     0.1029     0.1183     0.1298     0.1575
10        0.0070     0.0092     0.0103     0.0121     0.0142     0.0167     0.0196     0.0220     0.0321
11        0.0019     0.0024     0.0027     0.0034     0.0041     0.0052     0.0068     0.0080     0.0136
12        0.0006     0.0009     0.0010     0.0012     0.0016     0.0022     0.0032     0.0038     0.0099
13        0.0001     0.0001     0.0001     0.0002     0.0003     0.0005     0.0007     0.0009     0.0034
14        0.0000     0.0001     0.0001     0.0001     0.0002     0.0004     0.0006     0.0010     0.0060
15+       0.0000     0.0000     0.0000     0.0000     0.0000     0.0001     0.0001     0.0002     0.0027

2028

Age        1%         5%         10%        25%        50%        75%        90%        95%        99%    
1       68.6669    70.6650    79.1267   105.0877   168.5614   236.8173   280.5001   307.1004   333.2302
2       39.5701    42.9849    47.1648    62.4122   100.4906   141.6538   168.8979   183.2638   204.9716
3       20.6261    22.7924    24.9527    33.0030    53.1161    74.9025    90.1396    97.8670   112.0462
4        9.4354    10.5803    11.6095    15.3161    24.5130    34.6553    42.0565    45.6167    52.4279
5        3.9326     4.4476     4.8973     6.4370    10.3094    14.5174    17.7746    19.3446    22.6095
6        1.4062     1.6018     1.7671     2.3334     3.7180     5.2542     6.4391     7.0400     8.2866
7        0.4352     0.5028     0.5576     0.7319     1.1654     1.6403     2.0331     2.2271     2.6270
8        0.3010     0.3542     0.3864     0.4544     0.5580     0.6898     0.8328     0.9244     1.0793
9        0.0632     0.0769     0.0835     0.0947     0.1093     0.1275     0.1467     0.1593     0.1852
10        0.0243     0.0283     0.0308     0.0349     0.0401     0.0463     0.0533     0.0585     0.0708
11        0.0032     0.0041     0.0047     0.0055     0.0065     0.0076     0.0089     0.0101     0.0146
12        0.0009     0.0011     0.0012     0.0015     0.0019     0.0024     0.0031     0.0037     0.0062
13        0.0003     0.0004     0.0005     0.0006     0.0008     0.0010     0.0015     0.0018     0.0046
14        0.0000     0.0001     0.0001     0.0001     0.0001     0.0002     0.0003     0.0004     0.0016
15+       0.0000     0.0000     0.0000     0.0001     0.0001     0.0002     0.0003     0.0006     0.0041

2029

Age        1%         5%         10%        25%        50%        75%        90%        95%        99%    
1       68.6461    70.6571    79.1283   104.9231   168.5022   237.0678   280.5678   307.1134   341.1163
2       39.5601    42.8796    47.0131    62.4279   100.3236   141.7690   168.9981   183.4400   207.6168
3       20.6864    22.9042    25.0746    33.1469    53.2317    75.0821    90.3076    97.9763   111.9818
4        9.4321    10.5532    11.5702    15.3062    24.5580    34.6405    41.9163    45.6383    52.9864
5        4.0784     4.6210     5.0808     6.6971    10.6961    15.1061    18.4348    20.0830    23.2394
6        1.6605     1.8906     2.0881     2.7452     4.3848     6.1754     7.5948     8.2980     9.7528
7        0.5931     0.6797     0.7530     0.9950     1.5817     2.2334     2.7572     3.0210     3.5741
8        0.1858     0.2166     0.2408     0.3165     0.5031     0.7085     0.8827     0.9690     1.1573
9        0.1313     0.1547     0.1692     0.1996     0.2457     0.3041     0.3678     0.4092     0.4801
10        0.0281     0.0341     0.0371     0.0423     0.0490     0.0573     0.0661     0.0719     0.0837
11        0.0109     0.0128     0.0139     0.0158     0.0182     0.0211     0.0243     0.0267     0.0325
12        0.0014     0.0019     0.0021     0.0025     0.0030     0.0035     0.0041     0.0047     0.0067
13        0.0004     0.0005     0.0006     0.0007     0.0009     0.0011     0.0015     0.0017     0.0029
14        0.0001     0.0002     0.0002     0.0003     0.0004     0.0005     0.0007     0.0008     0.0021
15+       0.0000     0.0000     0.0001     0.0001     0.0001     0.0002     0.0003     0.0004     0.0027

2030

Age        1%         5%         10%        25%        50%        75%        90%        95%        99%    
1       68.6705    70.8714    79.1144   104.8403   168.5506   236.9551   279.8702   307.2133   336.5600
2       39.4452    42.8431    47.0369    62.2612   100.2789   141.7737   169.0770   183.3920   209.0717
3       20.6693    22.8069    25.0223    33.1623    53.1609    75.1819    90.3609    98.0701   113.7650
4        9.4574    10.6035    11.6360    15.3818    24.6287    34.6851    42.0154    45.6925    52.8224
5        4.0831     4.6047     5.0606     6.6968    10.7154    15.1081    18.4034    20.0586    23.4939
6        1.7240     1.9633     2.1681     2.8549     4.5515     6.4200     7.8935     8.6033    10.0407
7        0.6979     0.8040     0.8899     1.1716     1.8662     2.6319     3.2486     3.5518     4.2112
8        0.2541     0.2930     0.3253     0.4305     0.6833     0.9654     1.1967     1.3150     1.5637
9        0.0810     0.0949     0.1059     0.1393     0.2209     0.3112     0.3897     0.4303     0.5133
10        0.0581     0.0688     0.0755     0.0893     0.1102     0.1364     0.1654     0.1840     0.2173
11        0.0127     0.0154     0.0168     0.0191     0.0223     0.0261     0.0302     0.0329     0.0384
12        0.0050     0.0058     0.0063     0.0072     0.0084     0.0097     0.0112     0.0124     0.0150
13        0.0007     0.0009     0.0010     0.0012     0.0014     0.0016     0.0019     0.0022     0.0031
14        0.0002     0.0002     0.0003     0.0003     0.0004     0.0005     0.0007     0.0008     0.0014
15+       0.0001     0.0001     0.0001     0.0002     0.0002     0.0003     0.0005     0.0006     0.0023

2031

Age        1%         5%         10%        25%        50%        75%        90%        95%        99%    
1       68.6668    71.0048    79.0927   104.6690   168.5464   237.1520   279.7409   306.6140   335.1974
2       39.5849    42.9428    47.0310    62.2234   100.3205   141.7298   168.7536   183.3907   208.1423
3       20.6321    22.8154    24.9886    33.0886    53.0908    75.0997    90.4061    98.0623   113.8245
4        9.4500    10.5728    11.6115    15.3842    24.5730    34.7675    42.0733    45.7552    53.6117
5        4.0955     4.6290     5.0976     6.7309    10.7566    15.1539    18.4465    20.1084    23.4712
6        1.7200     1.9564     2.1587     2.8518     4.5640     6.4251     7.8691     8.5884    10.1530
7        0.7272     0.8355     0.9248     1.2175     1.9374     2.7318     3.3729     3.6891     4.3413
8        0.2989     0.3463     0.3848     0.5067     0.8068     1.1352     1.4087     1.5474     1.8413
9        0.1104     0.1285     0.1431     0.1894     0.3002     0.4242     0.5283     0.5820     0.6995
10        0.0358     0.0423     0.0474     0.0625     0.0988     0.1392     0.1750     0.1938     0.2327
11        0.0262     0.0311     0.0341     0.0405     0.0500     0.0621     0.0754     0.0839     0.0994
12        0.0058     0.0070     0.0077     0.0088     0.0102     0.0120     0.0139     0.0152     0.0178
13        0.0023     0.0027     0.0029     0.0033     0.0039     0.0045     0.0052     0.0058     0.0070
14        0.0003     0.0004     0.0005     0.0005     0.0006     0.0008     0.0009     0.0010     0.0015
15+       0.0001     0.0002     0.0002     0.0002     0.0003     0.0004     0.0005     0.0006     0.0017

2032

Age        1%         5%         10%        25%        50%        75%        90%        95%        99%    
1       68.6497    70.8527    79.2118   105.0377   168.5721   236.2419   279.8131   306.7396   326.7873
2       39.5575    42.9421    47.0319    62.1162   100.2923   141.8656   168.8186   183.3187   207.7886
3       20.6608    22.8550    25.0429    33.0812    53.1642    75.1583    90.3384    98.1138   113.6616
4        9.4243    10.5804    11.6081    15.3255    24.5493    34.7319    42.1270    45.8052    53.7556
5        4.0814     4.6103     5.0852     6.7218    10.7443    15.1731    18.4738    20.1356    23.8014
6        1.7233     1.9667     2.1731     2.8677     4.5714     6.4422     7.8879     8.6200    10.1423
7        0.7251     0.8311     0.9214     1.2152     1.9409     2.7316     3.3683     3.6823     4.3777
8        0.3105     0.3597     0.3994     0.5260     0.8367     1.1782     1.4623     1.6045     1.9040
9        0.1301     0.1518     0.1694     0.2229     0.3543     0.4992     0.6217     0.6841     0.8213
10        0.0490     0.0573     0.0640     0.0848     0.1343     0.1898     0.2370     0.2620     0.3165
11        0.0161     0.0191     0.0215     0.0284     0.0448     0.0632     0.0798     0.0886     0.1067
12        0.0119     0.0142     0.0156     0.0186     0.0230     0.0286     0.0348     0.0387     0.0460
13        0.0027     0.0032     0.0035     0.0040     0.0047     0.0056     0.0065     0.0071     0.0083
14        0.0011     0.0012     0.0014     0.0016     0.0018     0.0021     0.0025     0.0027     0.0033
15+       0.0002     0.0003     0.0003     0.0004     0.0004     0.0005     0.0007     0.0008     0.0015

2033

Age        1%         5%         10%        25%        50%        75%        90%        95%        99%    
1       68.6668    70.6178    79.0199   105.1563   168.6599   237.1633   280.1166   306.7378   338.2853
2       39.5141    42.9599    47.0979    62.3253   100.3742   141.2586   168.6286   183.3585   206.3538
3       20.6467    22.8494    25.0047    33.0268    53.1513    75.1883    90.2943    97.9020   113.5992
4        9.4436    10.5805    11.6171    15.3272    24.5849    34.7381    42.0835    45.7552    53.6745
5        4.0718     4.6120     5.0795     6.7004    10.7112    15.1507    18.4791    20.1409    23.8957
6        1.7243     1.9628     2.1695     2.8652     4.5698     6.4514     7.8935     8.6251    10.2606
7        0.7262     0.8353     0.9275     1.2232     1.9471     2.7427     3.3777     3.6980     4.3786
8        0.3110     0.3583     0.3982     0.5257     0.8379     1.1796     1.4613     1.6034     1.9158
9        0.1353     0.1578     0.1758     0.2314     0.3673     0.5185     0.6455     0.7107     0.8448
10        0.0577     0.0678     0.0758     0.0999     0.1585     0.2234     0.2788     0.3084     0.3715
11        0.0220     0.0259     0.0291     0.0385     0.0608     0.0861     0.1080     0.1196     0.1457
12        0.0073     0.0087     0.0099     0.0130     0.0205     0.0290     0.0367     0.0409     0.0494
13        0.0055     0.0065     0.0072     0.0086     0.0106     0.0133     0.0162     0.0180     0.0215
14        0.0012     0.0015     0.0016     0.0019     0.0022     0.0026     0.0030     0.0033     0.0039
15+       0.0006     0.0007     0.0008     0.0009     0.0011     0.0012     0.0015     0.0016     0.0022

2034

Age        1%         5%         10%        25%        50%        75%        90%        95%        99%    
1       68.6473    70.6537    79.0570   104.6216   168.5133   236.1434   279.0498   306.6111   330.3546
2       39.5053    42.8363    46.9767    62.3601   100.5670   141.9311   168.7448   183.5924   208.0988
3       20.6709    22.8812    25.0909    33.1066    53.1596    74.9784    90.1650    98.0723   112.5869
4        9.4373    10.5726    11.5954    15.3099    24.5779    34.7735    42.0700    45.6750    53.6223
5        4.0834     4.6110     5.0831     6.6988    10.7269    15.1664    18.4620    20.1194    23.8039
6        1.7202     1.9624     2.1671     2.8587     4.5574     6.4380     7.9000     8.6328    10.3264
7        0.7275     0.8346     0.9250     1.2230     1.9436     2.7433     3.3758     3.7002     4.4407
8        0.3106     0.3603     0.4012     0.5287     0.8406     1.1821     1.4641     1.6093     1.9172
9        0.1349     0.1574     0.1752     0.2313     0.3683     0.5184     0.6447     0.7106     0.8546
10        0.0600     0.0703     0.0786     0.1036     0.1641     0.2320     0.2898     0.3200     0.3843
11        0.0260     0.0307     0.0343     0.0454     0.0718     0.1014     0.1270     0.1409     0.1704
12        0.0100     0.0118     0.0133     0.0177     0.0279     0.0395     0.0498     0.0552     0.0675
13        0.0034     0.0040     0.0046     0.0060     0.0095     0.0135     0.0171     0.0190     0.0232
14        0.0025     0.0030     0.0033     0.0040     0.0050     0.0062     0.0076     0.0085     0.0101
15+       0.0009     0.0011     0.0012     0.0013     0.0016     0.0018     0.0021     0.0023     0.0026

Probability Spawning Stock Biomass Exceeds Threshold      3.660 (1000 MT)

Year    Probability

2021    0.017840
2022    0.016820
2023    0.123850
2024    0.050450
2025    0.118760
2026    0.320910
2027    0.460880
2028    0.534960
2029    0.575430
2030    0.590890
2031    0.598640
2032    0.601750
2033    0.604260
2034    0.605130

Probability Threshold Exceeded at Least Once =     0.9464

Probability Total Fishing Mortality Exceeds Threshold     0.8413 

Year    Probability

2021    1.000000
2022    1.000000
2023    1.000000
2024    1.000000
2025    0.000000
2026    0.000000
2027    0.000000
2028    0.000000
2029    0.000000
2030    0.000000
2031    0.000000
2032    0.000000
2033    0.000000
2034    0.000000

Probability Threshold Exceeded at Least Once =     1.0000


Requested Percentile Report

Percentile =    40.00 %

                                 2021       2022       2023       2024       2025       2026       2027       2028       2029       2030       2031       2032       2033       2034 

Recruits                     143.3267   144.8079   144.8830   144.3454   145.7663   146.7567   145.9442   144.8253   145.8460   145.6413   145.5743   147.0340   145.5139   144.6991 
Spawning Stock Biomass         2.1359     2.4768     2.7193     2.3603     2.5271     3.0056     3.3243     3.5042     3.5975     3.6380     3.6571     3.6642     3.6708     3.6734 
Jan-1 Stock Biomass            8.8085     8.8671     8.3540     7.7872     7.4788     8.2465     8.7129     8.9748     9.1031     9.1677     9.1963     9.2029     9.2131     9.2174 
Mean Biomass                   7.9057     7.6101     7.0322     6.5948     6.8910     7.5077     7.8754     8.0638     8.1533     8.1899     8.2225     8.2260     8.2354     8.2298 
Combined Catch Biomass         2.8202     3.2392     3.1499     2.8586     1.6463     1.8833     2.0357     2.1209     2.1608     2.1773     2.1856     2.1917     2.1929     2.1931 
Landings                       2.8202     3.2392     3.1499     2.8586     1.6463     1.8833     2.0357     2.1209     2.1608     2.1773     2.1856     2.1917     2.1929     2.1931 
FMort                          1.0794     1.0794     1.0794     1.0794     0.5921     0.5921     0.5921     0.5921     0.5921     0.5921     0.5921     0.5921     0.5921     0.5921 

Stock Numbers at Age
Age 1                        244.9740   143.3267   144.8079   144.8830   144.3454   145.7663   146.7567   145.9442   144.8253   145.8460   145.6413   145.5743   147.0340   145.5139 
Age 2                         93.8626   140.1716    82.2008    83.0790    83.1817    85.8807    86.6963    87.0793    86.6736    86.0633    86.7174    86.6553    86.4889    87.3858 
Age 3                         51.2273    42.4379    63.2221    36.9640    37.3496    44.1261    45.5204    45.9740    46.1851    45.9450    45.6410    45.9468    45.9010    45.7949 
Age 4                          9.1703    17.6903    14.5522    21.6723    12.6158    17.2361    20.3654    21.0555    21.2433    21.3596    21.2387    21.1018    21.2356    21.1955 
Age 5                          2.4696     2.7625     5.3641     4.4121     6.5654     5.5061     7.5162     8.8801     9.1619     9.2480     9.2909     9.2628     9.2082     9.2513 
Age 6                          0.8492     0.7218     0.7977     1.5500     1.2745     2.7979     2.3396     3.1914     3.7732     3.8921     3.9231     3.9536     3.9330     3.9093 
Age 7                          0.1227     0.2451     0.2087     0.2301     0.4476     0.5436     1.1934     0.9935     1.3570     1.6030     1.6551     1.6706     1.6779     1.6709 
Age 8                          0.0902     0.0370     0.0728     0.0618     0.0681     0.1935     0.2350     0.5162     0.4289     0.5851     0.6903     0.7146     0.7195     0.7232 
Age 9                          0.0063     0.0279     0.0114     0.0223     0.0189     0.0300     0.0851     0.1034     0.2271     0.1884     0.2570     0.3031     0.3134     0.3153 
Age 10                          0.0032     0.0020     0.0088     0.0036     0.0070     0.0085     0.0134     0.0381     0.0463     0.1016     0.0841     0.1148     0.1354     0.1399 
Age 11                          0.0009     0.0011     0.0007     0.0029     0.0012     0.0032     0.0038     0.0061     0.0173     0.0210     0.0461     0.0381     0.0520     0.0614 
Age 12                          0.0001     0.0003     0.0003     0.0002     0.0009     0.0005     0.0015     0.0018     0.0028     0.0079     0.0096     0.0212     0.0175     0.0238 
Age 13                          0.0000     0.0000     0.0001     0.0001     0.0001     0.0004     0.0003     0.0007     0.0008     0.0013     0.0037     0.0045     0.0098     0.0081 
Age 14                          0.0000     0.0000     0.0000     0.0000     0.0000     0.0000     0.0002     0.0001     0.0003     0.0004     0.0006     0.0017     0.0021     0.0046 
Age 15                          0.0000     0.0000     0.0000     0.0000     0.0000     0.0000     0.0000     0.0001     0.0001     0.0002     0.0003     0.0004     0.0010     0.0015 
