AGEPRO VERSION 4.2

2025_MLS_scenario1

Date & Time of Run: 10 Mar 2025  12:38

Input File Name:    2025_MLS_scenario1.inp

First Age Class:                         1
Number of Age Classes:                  15
Number of Years in Projection:          14
Number of Fleets:                        9
Number of Recruitment Models:            3
Number of Bootstraps:                  100
Number of Simulations:                1000

Bootstrap File Name:            C:\Users\jon.brodziak\Desktop\2024 WCNPO MLS Rebuilding\Bootstrap-numbers-at-age\2023_WCNPOMLS.bsn

Number of Feasible Solutions:      99844  of     100000 Realizations

Input Harvest Scenario

Year  Type        Fleet-1    Fleet-2    Fleet-3    Fleet-4    Fleet-5    Fleet-6    Fleet-7    Fleet-8    Fleet-9    

2021  Landings        118        100        551         72         89         37         58        265        249 
2022  Landings         75         99        464         36         80         54         84        298        284 
2023  Landings        129         80        526         28        110         54         84        214        461 
2024  Landings         83        176        578         27        110         54         84        584        461 
2025  Landings        316        125        904         58        191         85        166        228        326 
2026  Landings        316        125        904         58        191         85        166        228        326 
2027  Landings        316        125        904         58        191         85        166        228        326 
2028  Landings        198        130        740         71        169         94        180        399        318 
2029  Landings        198        130        740         71        169         94        180        399        318 
2030  Landings        198        130        740         71        169         94        180        399        318 
2031  Landings        198        130        740         71        169         94        180        399        318 
2032  Landings        189        125        708         68        162         90        173        381        304 
2033  Landings        189        125        708         68        162         90        173        381        304 
2034  Landings        189        125        708         68        162         90        173        381        304 

Recruitment Selection Distribution

Year  Selection-1 Selection-2 Selection-3 

2021      0.1210     0.8391     0.0400 
2022      0.1209     0.8378     0.0412 
2023      0.1192     0.8400     0.0408 
2024      0.1196     0.8413     0.0391 
2025      0.1211     0.8381     0.0408 
2026      0.1191     0.8410     0.0399 
2027      0.1184     0.8417     0.0399 
2028      0.1199     0.8402     0.0399 
2029      0.1213     0.8376     0.0412 
2030      0.1217     0.8391     0.0392 
2031      0.1204     0.8399     0.0396 
2032      0.1203     0.8400     0.0397 
2033      0.1217     0.8383     0.0400 
2034      0.1207     0.8386     0.0406 

Recruits        1000  Fish

Year Class   Average        StdDev
2021        173.7373       82.0013
2022        174.4404       83.6117
2023        174.6495       84.5804
2024        174.6760       84.4921
2025        174.9746       84.3782
2026        174.3015       83.6675
2027        174.2389       82.3141
2028        174.0260       83.3487
2029        173.8192       81.8556
2030        173.7222       82.0137
2031        173.9778       82.7769
2032        173.9571       82.8251
2033        173.7696       83.1303
2034        173.8924       82.6526

Recruits Distribution

Year Class 1%         5%         10%        25%        50%        75%        90%        95%        99%    
2021    68.6629    70.8964    79.1970   105.1951   168.5409   236.6984   279.3704   306.2575   325.4521
2022    68.6697    70.9034    79.2150   105.1321   168.5670   236.8441   280.0774   306.9589   342.4789
2023    68.6436    70.5752    79.0552   104.7588   168.5874   236.6964   280.7858   307.3744   354.7226
2024    68.6579    70.6394    79.0606   104.7533   168.5908   237.0110   280.9539   307.8879   352.3671
2025    68.6580    70.7510    79.1394   105.0709   168.6232   237.1795   281.2694   307.9370   358.0753
2026    68.6620    70.9223    79.1826   105.0825   168.5309   236.4861   280.6170   307.5504   341.4439
2027    68.6618    70.7995    79.1679   105.3074   168.5894   236.7003   279.1418   306.4557   337.2843
2028    68.6543    70.8748    79.1561   105.0351   168.4680   236.5338   279.8849   307.2374   341.7157
2029    68.6658    70.8124    79.1143   104.8463   168.5275   236.5687   280.0013   306.6745   327.8157
2030    68.6456    70.7238    79.1505   104.8477   168.5420   236.3046   279.4084   306.2443   327.5265
2031    68.6580    70.5734    78.9491   104.9433   168.5587   236.6822   279.0945   306.7812   329.8452
2032    68.6316    70.5055    78.8563   104.7714   168.5301   236.9364   280.2550   307.1770   328.5962
2033    68.6593    70.6567    79.0676   104.8559   168.4423   236.7124   280.2728   306.4728   327.5395
2034    68.6490    70.5889    78.9086   104.6806   168.4609   236.8070   280.1744   306.7475   336.7485

Spawning Stock Biomass  x       1000 MT

Year       Average        StdDev
2021        2.7367        0.6258
2022        4.0562        0.8624
2023        5.6542        1.4209
2024        5.8767        1.7236
2025        5.5786        1.9107
2026        5.1942        2.0213
2027        4.8964        2.0838
2028        4.7191        2.1123
2029        4.5978        2.1228
2030        4.4890        2.1229
2031        4.4008        2.1237
2032        4.3683        2.1209
2033        4.3798        2.1244
2034        4.3958        2.1351

Spawning Stock Biomass Distribution

Year        1%         5%         10%        25%        50%        75%        90%        95%        99%   
2021     1.6082     1.9803     2.1176     2.3359     2.6384     3.0235     3.4247     3.7304     5.3692 
2022     2.3058     2.8070     3.0375     3.4804     3.9729     4.5180     5.1978     5.6346     6.6083 
2023     3.0348     3.5944     3.9409     4.6198     5.5208     6.4879     7.5834     8.3035     9.5325 
2024     2.6484     3.3617     3.7947     4.6377     5.7159     6.9471     8.1353     8.8902    10.5245 
2025     1.9903     2.7976     3.2880     4.2236     5.4135     6.7342     8.0328     8.8599    10.7519 
2026     1.4393     2.2724     2.7945     3.7713     5.0149     6.3904     7.7582     8.6590    10.8009 
2027     1.0671     1.8979     2.4412     3.4390     4.7072     6.1166     7.5109     8.4654    10.7269 
2028     0.8680     1.6993     2.2358     3.2369     4.5148     5.9445     7.3749     8.3462    10.7198 
2029     0.7599     1.5771     2.1123     3.0987     4.3900     5.8295     7.2762     8.2441    10.6557 
2030     0.6695     1.4733     1.9851     2.9851     4.2750     5.7291     7.1777     8.1360    10.5892 
2031     0.5849     1.3713     1.8920     2.8957     4.1970     5.6376     7.0911     8.0675    10.3595 
2032     0.5446     1.3344     1.8540     2.8634     4.1673     5.6144     7.0607     8.0348    10.3455 
2033     0.5355     1.3369     1.8599     2.8773     4.1651     5.6316     7.0805     8.0764    10.3605 
2034     0.5239     1.3373     1.8682     2.8905     4.1914     5.6425     7.1162     8.0896    10.3838 

JAN-1 Stock Biomass  x       1000 MT

Year       Average        StdDev
2021        9.2913        1.5938
2022       10.6231        2.0518
2023       11.5540        2.4233
2024       11.9906        2.6808
2025       11.7893        2.8713
2026       11.3695        2.9903
2027       11.0035        3.0532
2028       10.7156        3.0880
2029       10.5446        3.1022
2030       10.4042        3.1093
2031       10.2902        3.1151
2032       10.2032        3.1201
2033       10.2204        3.1351
2034       10.2375        3.1534

JAN-1 Stock Biomass Distribution

Year       1%         5%         10%        25%        50%        75%        90%        95%        99%    
2021     6.3315     6.9532     7.3668     8.1653     9.1614    10.1311    11.5415    12.2800    13.7190 
2022     6.7068     7.5810     8.1342     9.1867    10.4413    11.8804    13.3050    14.2376    16.0644 
2023     6.9009     7.9706     8.6330     9.8434    11.3704    13.0372    14.6526    15.7088    18.0642 
2024     6.7866     8.0042     8.7494    10.1121    11.7972    13.6220    15.3920    16.5886    19.1935 
2025     6.1793     7.5191     8.3412     9.7963    11.5809    13.5168    15.4059    16.6535    19.5991 
2026     5.4894     6.9281     7.7953     9.3129    11.1568    13.1596    15.1280    16.4215    19.6081 
2027     4.9944     6.4920     7.3637     8.9006    10.7693    12.8236    14.8472    16.1676    19.5210 
2028     4.6687     6.1691     7.0365     8.5813    10.4814    12.5537    14.5982    15.9608    19.3442 
2029     4.4816     5.9642     6.8418     8.4082    10.3084    12.4066    14.4538    15.8232    19.2278 
2030     4.2770     5.7923     6.6791     8.2641    10.1777    12.2651    14.3102    15.7171    18.9531 
2031     4.1384     5.6685     6.5467     8.1408    10.0732    12.1584    14.1977    15.6069    18.8074 
2032     4.0495     5.5683     6.4615     8.0540     9.9883    12.0718    14.1229    15.4950    18.7648 
2033     3.9941     5.5886     6.4697     8.0639    10.0041    12.0907    14.1485    15.5264    18.8914 
2034     3.9640     5.5786     6.4725     8.0804    10.0174    12.1271    14.1727    15.5747    18.9234 

Mean Biomass  x       1000 MT

Year       Average        StdDev
2021        9.0563        1.6986
2022       10.1753        2.1461
2023       10.8285        2.4760
2024       10.9160        2.7143
2025       10.5685        2.8811
2026       10.1747        2.9828
2027        9.8425        3.0258
2028        9.6220        3.0458
2029        9.4660        3.0612
2030        9.3385        3.0648
2031        9.2348        3.0641
2032        9.2072        3.0761
2033        9.2264        3.0904
2034        9.2408        3.1084

Mean Biomass Distribution

Year       1%         5%         10%        25%        50%        75%        90%        95%        99%    
2021     5.9377     6.5586     6.9924     7.8300     8.9227     9.9751    11.4747    12.2237    13.7193 
2022     6.1017     7.0024     7.5631     8.6652     9.9838    11.5051    12.9709    13.9366    15.8447 
2023     6.0611     7.1613     7.8370     9.0732    10.6399    12.3488    14.0109    15.0848    17.4692 
2024     5.6483     6.9044     7.6421     9.0237    10.7087    12.5625    14.3801    15.5293    18.2114 
2025     4.9608     6.2997     7.1118     8.5794    10.3549    12.2923    14.1887    15.4436    18.4100 
2026     4.3175     5.7600     6.6165     8.1167     9.9502    11.9464    13.8968    15.2271    18.4511 
2027     3.8923     5.3764     6.2327     7.7632     9.6205    11.6401    13.6470    14.9698    18.2557 
2028     3.6686     5.1296     5.9994     7.5194     9.3927    11.4350    13.4513    14.7807    18.1181 
2029     3.4865     4.9480     5.7924     7.3499     9.2376    11.2956    13.3229    14.6672    17.9597 
2030     3.2746     4.7834     5.6607     7.2229     9.1327    11.1669    13.1898    14.5566    17.7654 
2031     3.1726     4.6909     5.5527     7.1146     9.0300    11.0836    13.0801    14.4278    17.6416 
2032     3.1188     4.6433     5.5200     7.0939     8.9938    11.0488    13.0665    14.4323    17.6093 
2033     3.0886     4.6582     5.5167     7.1127     9.0158    11.0632    13.0973    14.4639    17.8078 
2034     3.0752     4.6536     5.5312     7.1162     9.0222    11.0958    13.1435    14.4674    17.8246 

Combined Catch Biomass  x       1000 MT

Year       Average        StdDev
2021        1.5398        0.0000
2022        1.4739        0.0000
2023        1.6853        0.0151
2024        2.1565        0.0236
2025        2.3997        0.0263
2026        2.3997        0.0263
2027        2.3997        0.0284
2028        2.2995        0.0341
2029        2.2992        0.0436
2030        2.2986        0.0559
2031        2.2982        0.0650
2032        2.1977        0.0706
2033        2.1972        0.0790
2034        2.1966        0.0868

Combined Catch Distribution

Year       1%         5%         10%        25%        50%        75%        90%        95%        99%    
2021     1.5398     1.5398     1.5398     1.5398     1.5398     1.5398     1.5398     1.5398     1.5398 
2022     1.4739     1.4739     1.4739     1.4739     1.4739     1.4739     1.4739     1.4739     1.4739 
2023     1.6854     1.6854     1.6854     1.6854     1.6854     1.6854     1.6854     1.6854     1.6854 
2024     2.1567     2.1567     2.1567     2.1567     2.1567     2.1567     2.1567     2.1567     2.1567 
2025     2.4000     2.4000     2.4000     2.4000     2.4000     2.4000     2.4000     2.4000     2.4000 
2026     2.4000     2.4000     2.4000     2.4000     2.4000     2.4000     2.4000     2.4000     2.4000 
2027     2.4000     2.4000     2.4000     2.4000     2.4000     2.4000     2.4000     2.4000     2.4000 
2028     2.3000     2.3000     2.3000     2.3000     2.3000     2.3000     2.3000     2.3000     2.3000 
2029     2.3000     2.3000     2.3000     2.3000     2.3000     2.3000     2.3000     2.3000     2.3000 
2030     2.3000     2.3000     2.3000     2.3000     2.3000     2.3000     2.3000     2.3000     2.3000 
2031     2.3000     2.3000     2.3000     2.3000     2.3000     2.3000     2.3000     2.3000     2.3000 
2032     2.2000     2.2000     2.2000     2.2000     2.2000     2.2000     2.2000     2.2000     2.2000 
2033     2.2000     2.2000     2.2000     2.2000     2.2000     2.2000     2.2000     2.2000     2.2000 
2034     2.2000     2.2000     2.2000     2.2000     2.2000     2.2000     2.2000     2.2000     2.2000 

Landings  x       1000 MT

Year       Average        StdDev
2021        1.5398        0.0000
2022        1.4739        0.0000
2023        1.6853        0.0151
2024        2.1565        0.0236
2025        2.3997        0.0263
2026        2.3997        0.0263
2027        2.3997        0.0284
2028        2.2995        0.0341
2029        2.2992        0.0436
2030        2.2986        0.0559
2031        2.2982        0.0650
2032        2.1977        0.0706
2033        2.1972        0.0790
2034        2.1966        0.0868

Landings Distribution

Year       1%         5%         10%        25%        50%        75%        90%        95%        99%    
2021     1.5398     1.5398     1.5398     1.5398     1.5398     1.5398     1.5398     1.5398     1.5398 
2022     1.4739     1.4739     1.4739     1.4739     1.4739     1.4739     1.4739     1.4739     1.4739 
2023     1.6854     1.6854     1.6854     1.6854     1.6854     1.6854     1.6854     1.6854     1.6854 
2024     2.1567     2.1567     2.1567     2.1567     2.1567     2.1567     2.1567     2.1567     2.1567 
2025     2.4000     2.4000     2.4000     2.4000     2.4000     2.4000     2.4000     2.4000     2.4000 
2026     2.4000     2.4000     2.4000     2.4000     2.4000     2.4000     2.4000     2.4000     2.4000 
2027     2.4000     2.4000     2.4000     2.4000     2.4000     2.4000     2.4000     2.4000     2.4000 
2028     2.3000     2.3000     2.3000     2.3000     2.3000     2.3000     2.3000     2.3000     2.3000 
2029     2.3000     2.3000     2.3000     2.3000     2.3000     2.3000     2.3000     2.3000     2.3000 
2030     2.3000     2.3000     2.3000     2.3000     2.3000     2.3000     2.3000     2.3000     2.3000 
2031     2.3000     2.3000     2.3000     2.3000     2.3000     2.3000     2.3000     2.3000     2.3000 
2032     2.2000     2.2000     2.2000     2.2000     2.2000     2.2000     2.2000     2.2000     2.2000 
2033     2.2000     2.2000     2.2000     2.2000     2.2000     2.2000     2.2000     2.2000     2.2000 
2034     2.2000     2.2000     2.2000     2.2000     2.2000     2.2000     2.2000     2.2000     2.2000 

Total Fishing Mortality

Year       Average        StdDev
2021        0.5271        0.0947
2022        0.3727        0.0749
2023        0.3814        0.0911
2024        0.4237        0.1196
2025        0.4851        0.1718
2026        0.5339        0.2376
2027        0.5827        0.3215
2028        0.5862        0.3678
2029        0.6105        0.4156
2030        0.6327        0.4592
2031        0.6523        0.4902
2032        0.6323        0.4883
2033        0.6310        0.4904
2034        0.6301        0.4959

Total Fishing Mortality Distribution

Year       1%         5%         10%        25%        50%        75%        90%        95%        99%    
2021     0.2832     0.3867     0.4181     0.4637     0.5247     0.5834     0.6376     0.6718     0.8276 
2022     0.2248     0.2606     0.2805     0.3251     0.3638     0.4144     0.4731     0.5100     0.5861 
2023     0.2234     0.2552     0.2766     0.3179     0.3690     0.4320     0.5033     0.5494     0.6483 
2024     0.2329     0.2712     0.2942     0.3398     0.4031     0.4852     0.5795     0.6477     0.7999 
2025     0.2415     0.2874     0.3149     0.3693     0.4494     0.5593     0.6962     0.8020     1.0719 
2026     0.2395     0.2940     0.3247     0.3874     0.4799     0.6151     0.7962     0.9499     1.3776 
2027     0.2413     0.3000     0.3346     0.4031     0.5083     0.6664     0.8907     1.0962     1.7506 
2028     0.2319     0.2904     0.3253     0.3937     0.5008     0.6654     0.9080     1.1311     1.9037 
2029     0.2320     0.2944     0.3291     0.4008     0.5143     0.6917     0.9522     1.2037     2.0901 
2030     0.2350     0.2974     0.3332     0.4068     0.5252     0.7134     1.0016     1.2711     2.2892 
2031     0.2388     0.2998     0.3368     0.4125     0.5340     0.7320     1.0371     1.3466     2.4677 
2032     0.2286     0.2881     0.3232     0.3965     0.5146     0.7063     1.0119     1.3076     2.4785 
2033     0.2288     0.2872     0.3224     0.3956     0.5133     0.7056     1.0083     1.3093     2.4895 
2034     0.2270     0.2861     0.3208     0.3944     0.5120     0.7035     1.0030     1.3011     2.4573 

JAN-1 Stock Numbers at Age  -       1000  Fish

2021

Age        1%         5%         10%        25%        50%        75%        90%        95%        99%    
1      140.2370   175.0900   184.8320   216.7130   261.1480   317.3690   385.6290   409.5080   464.9250
2       58.9389    77.9477    80.8620    85.4451   100.4175   112.5240   125.3470   138.4980   148.4390
3       34.1986    41.3466    43.5177    47.9381    54.8765    60.4455    67.3245    74.4817    84.8335
4        4.4701     6.3288     7.3712     8.3369     9.5330    10.8358    12.5169    14.0136    20.6054
5        1.2938     1.6031     1.7337     2.2441     2.6907     3.2695     4.2092     4.8898     7.4995
6        0.2917     0.4842     0.6024     0.6936     0.9665     1.2287     1.8234     2.1765     5.0518
7        0.0278     0.0584     0.0739     0.1025     0.1591     0.2261     0.3164     0.3996     1.3049
8        0.0082     0.0292     0.0370     0.0584     0.1092     0.1670     0.2575     0.4456     2.1858
9        0.0003     0.0014     0.0021     0.0035     0.0085     0.0144     0.0223     0.0334     0.2402
10        0.0001     0.0005     0.0007     0.0015     0.0043     0.0069     0.0143     0.0242     0.2609
11        0.0000     0.0001     0.0002     0.0004     0.0014     0.0028     0.0051     0.0082     0.1988
12        0.0000     0.0000     0.0000     0.0000     0.0001     0.0003     0.0005     0.0008     0.0280
13        0.0000     0.0000     0.0000     0.0000     0.0000     0.0002     0.0003     0.0005     0.0316
14        0.0000     0.0000     0.0000     0.0000     0.0000     0.0000     0.0001     0.0001     0.0183
15+       0.0000     0.0000     0.0000     0.0000     0.0000     0.0000     0.0000     0.0000     0.0127

2022

Age        1%         5%         10%        25%        50%        75%        90%        95%        99%    
1       68.6629    70.8964    79.1970   105.1951   168.5409   236.6984   279.3704   306.2575   325.4521
2       88.1641   103.9381   110.7242   128.0304   156.4003   191.5117   232.7100   253.5317   288.5586
3       30.1680    40.6623    43.0765    46.7771    54.1971    62.7715    71.5960    78.4702    89.1502
4       15.2368    18.6765    20.6047    23.1367    26.5379    30.7453    35.5015    39.9606    50.2397
5        1.9804     2.7398     3.2521     3.7772     4.4699     5.2540     6.4280     7.0777    11.8963
6        0.5402     0.6563     0.7413     0.9995     1.2047     1.5435     2.0825     2.4510     4.4964
7        0.1304     0.2164     0.2510     0.3095     0.4196     0.5832     0.8877     1.0801     3.0400
8        0.0134     0.0255     0.0325     0.0452     0.0696     0.1067     0.1606     0.2059     0.7894
9        0.0040     0.0128     0.0165     0.0270     0.0490     0.0802     0.1298     0.2202     1.3448
10        0.0001     0.0006     0.0009     0.0017     0.0038     0.0069     0.0111     0.0178     0.1472
11        0.0000     0.0002     0.0003     0.0007     0.0020     0.0033     0.0076     0.0123     0.1605
12        0.0000     0.0000     0.0001     0.0002     0.0007     0.0013     0.0026     0.0042     0.1248
13        0.0000     0.0000     0.0000     0.0000     0.0001     0.0001     0.0003     0.0004     0.0178
14        0.0000     0.0000     0.0000     0.0000     0.0000     0.0001     0.0001     0.0003     0.0201
15+       0.0000     0.0000     0.0000     0.0000     0.0000     0.0000     0.0001     0.0001     0.0200

2023

Age        1%         5%         10%        25%        50%        75%        90%        95%        99%    
1       68.6697    70.9034    79.2150   105.1321   168.5670   236.8441   280.0774   306.9589   342.4789
2       39.8710    43.3403    47.5812    63.0266   101.4313   143.4320   171.1413   185.8697   208.5718
3       48.3314    57.6788    62.2164    72.6337    90.6395   112.1949   137.7868   152.1901   174.7122
4       14.8503    20.5963    22.3476    24.9748    29.4669    34.9781    40.5361    44.6154    51.6616
5        7.0371     9.0479    10.3051    11.9146    13.9366    16.6667    19.5626    22.4246    29.2157
6        0.8837     1.3437     1.6066     1.9081     2.2894     2.7721     3.4899     3.8955     6.8339
7        0.2515     0.3038     0.3673     0.4962     0.6171     0.8051     1.1193     1.3168     2.6678
8        0.0602     0.1073     0.1200     0.1573     0.2182     0.3037     0.4822     0.5775     1.7728
9        0.0071     0.0127     0.0164     0.0232     0.0358     0.0556     0.0864     0.1117     0.4825
10        0.0021     0.0062     0.0083     0.0141     0.0250     0.0424     0.0714     0.1159     0.8373
11        0.0001     0.0003     0.0004     0.0009     0.0019     0.0037     0.0061     0.0098     0.0901
12        0.0000     0.0001     0.0002     0.0004     0.0010     0.0018     0.0042     0.0067     0.0989
13        0.0000     0.0000     0.0000     0.0001     0.0003     0.0007     0.0014     0.0023     0.0760
14        0.0000     0.0000     0.0000     0.0000     0.0000     0.0001     0.0002     0.0002     0.0109
15+       0.0000     0.0000     0.0000     0.0000     0.0000     0.0001     0.0001     0.0002     0.0240

2024

Age        1%         5%         10%        25%        50%        75%        90%        95%        99%    
1       68.6436    70.5752    79.0552   104.7588   168.5874   236.6964   280.7858   307.3744   354.7226
2       40.0451    43.6217    47.8830    63.3622   102.1598   144.2518   172.2733   187.2208   214.5228
3       21.9825    24.7259    27.2590    36.2729    58.6711    83.9636   101.9862   111.1213   128.3571
4       23.8555    29.3610    32.3734    38.7527    50.0998    63.2794    79.2946    88.8797   103.6902
5        6.9490     9.7520    11.0621    12.9744    15.7564    19.0669    22.6992    25.1303    29.7557
6        3.1745     4.2997     4.9383     5.9664     7.2466     8.8511    10.6613    12.3336    16.6152
7        0.3771     0.6322     0.7693     0.9475     1.1643     1.4579     1.8852     2.1527     3.8541
8        0.1123     0.1412     0.1779     0.2430     0.3167     0.4184     0.5930     0.7161     1.5288
9        0.0281     0.0511     0.0574     0.0782     0.1128     0.1565     0.2598     0.3115     1.0073
10        0.0032     0.0062     0.0080     0.0117     0.0180     0.0287     0.0458     0.0600     0.2956
11        0.0011     0.0031     0.0042     0.0073     0.0127     0.0220     0.0392     0.0600     0.4837
12        0.0000     0.0001     0.0002     0.0004     0.0010     0.0019     0.0034     0.0053     0.0516
13        0.0000     0.0001     0.0001     0.0002     0.0005     0.0009     0.0023     0.0037     0.0580
14        0.0000     0.0000     0.0000     0.0001     0.0002     0.0004     0.0008     0.0013     0.0471
15+       0.0000     0.0000     0.0000     0.0000     0.0000     0.0001     0.0001     0.0002     0.0208

2025

Age        1%         5%         10%        25%        50%        75%        90%        95%        99%    
1       68.6579    70.6394    79.0606   104.7533   168.5908   237.0110   280.9539   307.8879   352.3671
2       39.0576    42.5916    46.6028    61.8442    99.9213   141.4507   169.3509   183.8303   215.6037
3       20.3755    23.3739    25.9273    34.4884    56.3479    80.9534    99.1427   108.0926   127.5367
4        9.6208    11.8134    13.3883    18.2320    30.2227    44.6030    56.2372    62.0085    74.2122
5        9.7520    12.9462    14.8938    18.8560    25.3727    33.2558    42.9021    49.0213    58.8971
6        2.8499     4.1030     4.9063     6.2095     7.8672     9.8037    12.0184    13.4892    16.3237
7        1.3140     1.8683     2.2123     2.8441     3.6224     4.5431     5.6571     6.5788     9.0061
8        0.1550     0.2744     0.3504     0.4559     0.5834     0.7557     1.0008     1.1818     2.1002
9        0.0477     0.0651     0.0821     0.1187     0.1612     0.2179     0.3115     0.3886     0.8435
10        0.0131     0.0229     0.0274     0.0387     0.0575     0.0814     0.1386     0.1701     0.5558
11        0.0015     0.0030     0.0038     0.0059     0.0092     0.0149     0.0245     0.0321     0.1660
12        0.0006     0.0015     0.0021     0.0037     0.0066     0.0115     0.0216     0.0318     0.2723
13        0.0000     0.0001     0.0001     0.0002     0.0005     0.0010     0.0019     0.0028     0.0291
14        0.0000     0.0000     0.0000     0.0001     0.0003     0.0005     0.0013     0.0020     0.0330
15+       0.0000     0.0000     0.0000     0.0000     0.0001     0.0002     0.0005     0.0008     0.0402

2026

Age        1%         5%         10%        25%        50%        75%        90%        95%        99%    
1       68.6580    70.7510    79.1394   105.0709   168.6232   237.1795   281.2694   307.9370   358.0753
2       39.3067    42.9934    46.9957    62.3628   100.8018   142.6799   170.7877   185.3214   215.7332
3       18.5872    22.1126    24.6296    32.9467    54.0252    78.0361    96.2151   105.2771   127.4615
4        7.3551     9.9529    11.6773    16.1711    27.3751    40.9823    52.8059    58.5977    72.0626
5        3.0939     4.6375     5.6634     8.2175    14.0843    21.8702    29.0438    32.8286    41.0235
6        3.0575     4.8473     6.0067     8.3246    11.8446    16.4266    21.8724    25.4653    31.7598
7        0.9481     1.5486     1.9595     2.7483     3.7155     4.8556     6.1409     7.0351     8.7736
8        0.4489     0.7280     0.9153     1.2760     1.7339     2.2789     2.9320     3.4397     4.7487
9        0.0585     0.1091     0.1471     0.2088     0.2846     0.3840     0.5206     0.6357     1.1103
10        0.0178     0.0280     0.0363     0.0556     0.0798     0.1119     0.1622     0.2073     0.4484
11        0.0054     0.0095     0.0125     0.0186     0.0286     0.0421     0.0724     0.0914     0.3005
12        0.0006     0.0013     0.0018     0.0029     0.0046     0.0077     0.0129     0.0171     0.0897
13        0.0003     0.0007     0.0010     0.0018     0.0033     0.0059     0.0115     0.0168     0.1479
14        0.0000     0.0000     0.0001     0.0001     0.0003     0.0005     0.0010     0.0015     0.0158
15+       0.0000     0.0000     0.0000     0.0001     0.0002     0.0004     0.0009     0.0015     0.0400

2027

Age        1%         5%         10%        25%        50%        75%        90%        95%        99%    
1       68.6620    70.9223    79.1826   105.0825   168.5309   236.4861   280.6170   307.5504   341.4439
2       39.0993    42.8167    46.8745    62.2626   100.5539   142.2605   170.4484   185.4479   216.4363
3       17.4683    21.6364    24.2831    32.6623    53.7780    77.7607    96.3681   105.2666   126.5406
4        5.6101     8.6721    10.5288    14.9631    25.5768    38.8977    50.6329    56.8002    71.4703
5        1.9101     3.5095     4.5789     7.0253    12.3976    19.8262    26.9815    30.8025    39.8740
6        0.7787     1.5925     2.1862     3.5137     6.2928    10.4148    14.5860    16.9996    22.2568
7        0.7670     1.6330     2.2653     3.5228     5.4314     8.0030    11.0412    13.1345    17.1282
8        0.2501     0.5425     0.7492     1.1753     1.7339     2.4028     3.1407     3.6659     4.7251
9        0.1247     0.2650     0.3616     0.5583     0.8249     1.1460     1.5206     1.8037     2.5139
10        0.0185     0.0414     0.0587     0.0933     0.1379     0.1954     0.2724     0.3391     0.5791
11        0.0056     0.0112     0.0155     0.0253     0.0391     0.0572     0.0842     0.1107     0.2354
12        0.0018     0.0038     0.0054     0.0087     0.0141     0.0218     0.0374     0.0491     0.1577
13        0.0002     0.0005     0.0008     0.0014     0.0023     0.0039     0.0067     0.0091     0.0473
14        0.0001     0.0003     0.0005     0.0009     0.0016     0.0030     0.0060     0.0089     0.0789
15+       0.0000     0.0000     0.0000     0.0001     0.0002     0.0005     0.0010     0.0016     0.0303

2028

Age        1%         5%         10%        25%        50%        75%        90%        95%        99%    
1       68.6618    70.7995    79.1679   105.3074   168.5894   236.7003   279.1418   306.4557   337.2843
2       38.8227    42.6831    46.7731    62.0276    99.9083   141.4618   169.7325   184.4146   211.6301
3       16.0263    21.0225    23.7919    32.0730    52.9121    76.9202    95.5057   104.8669   126.7195
4        4.2913     7.8540     9.8931    14.4527    24.8903    38.1893    50.2352    56.3653    71.0581
5        1.1239     2.7470     3.8544     6.2988    11.3388    18.5349    25.5838    29.7009    39.4972
6        0.3597     1.0717     1.6203     2.8817     5.4152     9.3375    13.4120    15.8465    21.5446
7        0.1538     0.4938     0.7845     1.4546     2.7704     4.8974     7.2480     8.6894    11.9832
8        0.1522     0.5114     0.8128     1.4565     2.4727     3.8853     5.5650     6.7567     9.2200
9        0.0536     0.1765     0.2758     0.4925     0.8035     1.1905     1.6155     1.9214     2.5676
10        0.0280     0.0891     0.1370     0.2401     0.3899     0.5762     0.7923     0.9562     1.3483
11        0.0046     0.0144     0.0227     0.0408     0.0662     0.0992     0.1425     0.1800     0.3032
12        0.0014     0.0041     0.0062     0.0112     0.0189     0.0292     0.0439     0.0588     0.1228
13        0.0005     0.0014     0.0022     0.0040     0.0069     0.0112     0.0191     0.0262     0.0822
14        0.0001     0.0002     0.0003     0.0006     0.0011     0.0020     0.0035     0.0048     0.0248
15+       0.0000     0.0001     0.0002     0.0004     0.0009     0.0018     0.0036     0.0055     0.0575

2029

Age        1%         5%         10%        25%        50%        75%        90%        95%        99%    
1       68.6543    70.8748    79.1561   105.0351   168.4680   236.5338   279.8849   307.2374   341.7157
2       38.2274    42.1668    46.2916    61.4426    99.0994   140.0114   167.7802   182.6164   209.1621
3       15.1294    20.5923    23.4158    31.6372    52.2871    75.7796    94.8301   104.0694   124.1561
4        3.6904     7.5434     9.6973    14.2517    24.6894    37.9800    50.1763    56.4422    71.3102
5        0.7750     2.4579     3.6356     6.1308    11.1435    18.4218    25.6968    29.7651    39.4604
6        0.1949     0.8218     1.3572     2.6075     5.0170     8.8198    12.8950    15.4539    21.5557
7        0.0637     0.3228     0.5774     1.1967     2.4267     4.4655     6.7569     8.2533    11.7402
8        0.0285     0.1545     0.2858     0.6163     1.2610     2.3733     3.6847     4.5480     6.5475
9        0.0292     0.1624     0.2968     0.6203     1.1594     1.9336     2.8822     3.5704     5.0626
10        0.0106     0.0573     0.1027     0.2127     0.3831     0.6035     0.8522     1.0333     1.4282
11        0.0059     0.0297     0.0523     0.1056     0.1883     0.2949     0.4207     0.5150     0.7418
12        0.0010     0.0050     0.0088     0.0181     0.0323     0.0513     0.0757     0.0970     0.1625
13        0.0003     0.0015     0.0025     0.0051     0.0093     0.0152     0.0233     0.0314     0.0647
14        0.0001     0.0005     0.0009     0.0018     0.0034     0.0058     0.0100     0.0141     0.0425
15+       0.0000     0.0001     0.0002     0.0005     0.0010     0.0019     0.0037     0.0055     0.0433

2030

Age        1%         5%         10%        25%        50%        75%        90%        95%        99%    
1       68.6658    70.8124    79.1143   104.8463   168.5275   236.5687   280.0013   306.6745   327.8157
2       37.9358    42.0694    46.0937    61.1315    98.7089   139.8123   167.8535   182.3311   210.1826
3       14.2093    20.0358    22.9424    31.1092    51.4194    74.5939    93.5392   102.9751   123.2657
4        3.1485     7.1264     9.3004    13.9022    24.0964    37.2397    49.5787    55.8035    70.0688
5        0.5915     2.2483     3.4193     5.9424    10.9620    18.2347    25.5823    29.7053    39.4129
6        0.1168     0.6907     1.2262     2.4882     4.8729     8.7462    12.8716    15.4497    21.4939
7        0.0283     0.2332     0.4632     1.0622     2.2219     4.1966     6.4899     8.0050    11.6921
8        0.0100     0.0959     0.2014     0.4925     1.0935     2.1486     3.4188     4.3040     6.3884
9        0.0046     0.0472     0.1019     0.2589     0.5787     1.1608     1.8866     2.3965     3.5974
10        0.0050     0.0510     0.1070     0.2639     0.5439     0.9687     1.5022     1.9046     2.7935
11        0.0019     0.0185     0.0381     0.0917     0.1822     0.3065     0.4512     0.5584     0.7975
12        0.0011     0.0099     0.0197     0.0462     0.0905     0.1511     0.2243     0.2788     0.4085
13        0.0002     0.0017     0.0034     0.0080     0.0157     0.0265     0.0404     0.0523     0.0877
14        0.0001     0.0005     0.0010     0.0023     0.0045     0.0078     0.0124     0.0168     0.0342
15+       0.0000     0.0002     0.0005     0.0011     0.0022     0.0040     0.0071     0.0105     0.0442

2031

Age        1%         5%         10%        25%        50%        75%        90%        95%        99%    
1       68.6456    70.7238    79.1505   104.8477   168.5420   236.3046   279.4084   306.2443   327.5265
2       37.7637    41.9785    45.9385    60.9428    98.6278   139.7694   167.8343   182.2275   206.9202
3       13.4249    19.5497    22.6432    30.7275    50.9636    74.3011    93.2833   102.5676   123.1524
4        2.6032     6.6826     8.8900    13.5726    23.5895    36.5396    48.7978    55.1336    69.2898
5        0.4452     1.9932     3.1877     5.6945    10.5882    17.8547    25.1515    29.2950    38.8159
6        0.0747     0.6019     1.1095     2.3603     4.7601     8.6109    12.7656    15.3801    21.5256
7        0.0150     0.1862     0.3999     0.9882     2.1401     4.1279     6.4447     7.9877    11.7677
8        0.0040     0.0649     0.1542     0.4265     0.9952     2.0041     3.2731     4.1771     6.3680
9        0.0014     0.0277     0.0693     0.2035     0.4985     1.0403     1.7452     2.2538     3.5029
10        0.0008     0.0143     0.0362     0.1090     0.2674     0.5700     0.9714     1.2661     1.9837
11        0.0009     0.0155     0.0381     0.1118     0.2557     0.4873     0.7862     1.0165     1.5521
12        0.0004     0.0057     0.0139     0.0393     0.0864     0.1558     0.2392     0.3024     0.4486
13        0.0002     0.0031     0.0072     0.0200     0.0434     0.0774     0.1191     0.1506     0.2288
14        0.0000     0.0006     0.0013     0.0035     0.0076     0.0136     0.0215     0.0282     0.0477
15+       0.0000     0.0003     0.0006     0.0015     0.0033     0.0061     0.0103     0.0145     0.0387

2032

Age        1%         5%         10%        25%        50%        75%        90%        95%        99%    
1       68.6580    70.5734    78.9491   104.9433   168.5587   236.6822   279.0945   306.7812   329.8452
2       37.4932    41.8759    45.9394    60.9667    98.5647   139.2383   167.2299   181.7964   206.8179
3       12.4011    19.3205    22.3984    30.5322    50.6798    74.0322    93.0894   102.3403   121.3227
4        2.1664     6.2362     8.5881    13.2669    23.2407    36.2501    48.6045    54.8465    69.0826
5        0.3008     1.7836     2.9672     5.4895    10.3122    17.4183    24.7694    28.8717    38.3528
6        0.0458     0.5022     1.0043     2.2342     4.5810     8.3782    12.5028    15.0915    21.1550
7        0.0077     0.1525     0.3472     0.9252     2.0776     4.0658     6.3852     7.9468    11.6825
8        0.0019     0.0488     0.1292     0.3917     0.9521     1.9641     3.2425     4.1385     6.3773
9        0.0006     0.0178     0.0512     0.1730     0.4505     0.9669     1.6629     2.1835     3.4843
10        0.0003     0.0078     0.0236     0.0838     0.2285     0.5084     0.8931     1.1870     1.9312
11        0.0001     0.0042     0.0126     0.0456     0.1244     0.2818     0.5035     0.6723     1.0959
12        0.0002     0.0046     0.0136     0.0470     0.1205     0.2453     0.4129     0.5443     0.8630
13        0.0001     0.0017     0.0050     0.0167     0.0409     0.0791     0.1270     0.1637     0.2507
14        0.0000     0.0010     0.0026     0.0086     0.0207     0.0395     0.0634     0.0816     0.1270
15+       0.0000     0.0003     0.0007     0.0022     0.0053     0.0102     0.0170     0.0229     0.0449

2033

Age        1%         5%         10%        25%        50%        75%        90%        95%        99%    
1       68.6316    70.5055    78.8563   104.7714   168.5301   236.9364   280.2550   307.1770   328.5962
2       37.6838    41.8812    45.8115    61.0667    98.7981   139.7425   167.7185   182.2678   206.9927
3       12.4998    19.5073    22.6203    30.8276    51.0361    74.3255    93.4657   102.9025   122.5004
4        1.9809     6.2716     8.7054    13.3911    23.3711    36.6481    49.0071    55.2671    68.6012
5        0.2480     1.6969     2.8973     5.4937    10.3491    17.5273    24.8539    29.0270    38.5019
6        0.0318     0.4577     0.9587     2.1928     4.5377     8.2963    12.5001    15.0807    21.0246
7        0.0050     0.1300     0.3221     0.8915     2.0383     3.9930     6.3137     7.8705    11.5694
8        0.0010     0.0407     0.1142     0.3729     0.9356     1.9624     3.2514     4.1673     6.4375
9        0.0003     0.0136     0.0432     0.1608     0.4364     0.9635     1.6708     2.1937     3.5324
10        0.0001     0.0052     0.0177     0.0719     0.2090     0.4785     0.8651     1.1626     1.9429
11        0.0000     0.0024     0.0084     0.0358     0.1078     0.2534     0.4668     0.6365     1.0789
12        0.0000     0.0013     0.0046     0.0197     0.0591     0.1421     0.2645     0.3626     0.6110
13        0.0000     0.0014     0.0050     0.0203     0.0577     0.1254     0.2203     0.2941     0.4841
14        0.0000     0.0006     0.0019     0.0073     0.0197     0.0408     0.0681     0.0895     0.1410
15+       0.0000     0.0004     0.0013     0.0048     0.0127     0.0259     0.0432     0.0570     0.0947

2034

Age        1%         5%         10%        25%        50%        75%        90%        95%        99%    
1       68.6593    70.6567    79.0676   104.8559   168.4423   236.7124   280.2728   306.4728   327.5395
2       37.4304    41.8589    45.7916    60.8714    98.7780   140.0685   168.1635   182.5539   207.7029
3       12.3563    19.5558    22.6609    30.8702    51.3212    74.6005    93.7715   103.2000   122.8117
4        1.9592     6.3499     8.7797    13.5335    23.5794    36.7623    49.2083    55.7196    69.3888
5        0.2254     1.7024     2.9536     5.5370    10.4239    17.7544    25.0658    29.2807    38.2751
6        0.0250     0.4333     0.9317     2.1937     4.5660     8.3678    12.5366    15.1319    21.1771
7        0.0032     0.1179     0.3047     0.8726     2.0251     3.9749     6.3252     7.8675    11.5322
8        0.0008     0.0345     0.1047     0.3594     0.9219     1.9293     3.2249     4.1412     6.3633
9        0.0002     0.0111     0.0386     0.1535     0.4306     0.9642     1.6742     2.2007     3.5398
10        0.0000     0.0040     0.0150     0.0672     0.2033     0.4777     0.8647     1.1702     1.9474
11        0.0000     0.0016     0.0064     0.0304     0.0985     0.2391     0.4525     0.6202     1.0768
12        0.0000     0.0008     0.0031     0.0153     0.0512     0.1276     0.2460     0.3428     0.5966
13        0.0000     0.0004     0.0017     0.0086     0.0283     0.0720     0.1397     0.1957     0.3418
14        0.0000     0.0005     0.0018     0.0089     0.0279     0.0644     0.1174     0.1603     0.2724
15+       0.0000     0.0003     0.0012     0.0053     0.0159     0.0347     0.0600     0.0801     0.1289

Probability Spawning Stock Biomass Exceeds Threshold      3.660 (1000 MT)

Year    Probability

2021    0.058210
2022    0.668800
2023    0.942290
2024    0.917680
2025    0.848610
2026    0.770570
2027    0.709400
2028    0.670950
2029    0.644500
2030    0.622520
2031    0.606200
2032    0.599080
2033    0.600430
2034    0.604400

Probability Threshold Exceeded at Least Once =     0.9881

Probability Total Fishing Mortality Exceeds Threshold     0.8413 

Year    Probability

2021    0.007150
2022    0.000000
2023    0.000150
2024    0.006350
2025    0.038700
2026    0.081500
2027    0.120950
2028    0.125480
2029    0.144840
2030    0.161070
2031    0.175050
2032    0.161790
2033    0.159760
2034    0.158570

Probability Threshold Exceeded at Least Once =     0.3498


Requested Percentile Report

Percentile =    40.00 %

                                 2021       2022       2023       2024       2025       2026       2027       2028       2029       2030       2031       2032       2033       2034 

Recruits                     145.7889   145.7874   146.1674   146.3650   146.4248   145.9075   146.6905   144.9365   145.0970   145.3498   146.0931   145.5204   143.9189   144.6181 
Spawning Stock Biomass         2.5147     3.7934     5.1813     5.2982     4.9491     4.5374     4.2111     4.0204     3.8875     3.7674     3.6903     3.6559     3.6618     3.6823 
Jan-1 Stock Biomass            8.8025     9.9483    10.7774    11.1529    10.8971    10.4421    10.0569     9.7499     9.5787     9.4377     9.3323     9.2473     9.2666     9.2627 
Mean Biomass                   8.5343     9.4641    10.0350    10.0584     9.6723     9.2492     8.9020     8.6636     8.5152     8.3965     8.2857     8.2629     8.2840     8.2951 
Combined Catch Biomass         1.5398     1.4739     1.6854     2.1567     2.4000     2.4000     2.4000     2.3000     2.3000     2.3000     2.3000     2.2000     2.2000     2.2000 
Landings                       1.5398     1.4739     1.6854     2.1567     2.4000     2.4000     2.4000     2.3000     2.3000     2.3000     2.3000     2.2000     2.2000     2.2000 
FMort                          0.5036     0.3491     0.3492     0.3773     0.4162     0.4407     0.4635     0.4560     0.4664     0.4752     0.4821     0.4641     0.4631     0.4615 

Stock Numbers at Age
Age 1                        244.9740   145.7889   145.7874   146.1674   146.3650   146.4248   145.9075   146.6905   144.9365   145.0970   145.3498   146.0931   145.5204   143.9189 
Age 2                         93.8626   145.4256    87.7440    88.1275    86.5437    87.2044    86.8215    86.2399    85.7142    84.6897    84.5698    84.2221    84.7184    84.5745 
Age 3                         51.2273    51.0228    83.4534    50.5391    48.1392    45.9366    45.3073    44.4824    43.4526    42.8851    42.1926    41.9701    42.2446    42.4177 
Age 4                          9.1703    24.9806    27.5973    45.4591    25.4275    22.6049    20.9978    20.1934    20.0442    19.4611    19.0114    18.6837    18.8676    18.9892 
Age 5                          2.4696     4.2323    13.0673    14.6184    22.6849    11.5002     9.9900     9.0632     8.8525     8.6685     8.3703     8.1144     8.1240     8.2113 
Age 6                          0.8492     1.1149     2.1414     6.7441     7.2127    10.3713     5.0380     4.2639     3.9364     3.8030     3.6837     3.5233     3.4788     3.5000 
Age 7                          0.1227     0.3793     0.5674     1.0765     3.3211     3.3343     4.6381     2.1785     1.8690     1.7004     1.6239     1.5624     1.5210     1.5011 
Age 8                          0.0902     0.0563     0.1930     0.2896     0.5325     1.5571     1.5123     2.0548     0.9681     0.8237     0.7390     0.7009     0.6809     0.6651 
Age 9                          0.0063     0.0409     0.0287     0.0986     0.1451     0.2543     0.7206     0.6801     0.9308     0.4338     0.3646     0.3229     0.3118     0.3020 
Age 10                          0.0032     0.0030     0.0206     0.0147     0.0501     0.0702     0.1200     0.3304     0.3127     0.4234     0.1944     0.1624     0.1457     0.1401 
Age 11                          0.0009     0.0015     0.0015     0.0103     0.0077     0.0246     0.0335     0.0559     0.1540     0.1439     0.1928     0.0877     0.0740     0.0664 
Age 12                          0.0001     0.0004     0.0008     0.0008     0.0052     0.0038     0.0119     0.0158     0.0265     0.0719     0.0662     0.0878     0.0404     0.0340 
Age 13                          0.0000     0.0000     0.0002     0.0004     0.0004     0.0026     0.0019     0.0056     0.0075     0.0125     0.0334     0.0303     0.0407     0.0188 
Age 14                          0.0000     0.0000     0.0000     0.0001     0.0002     0.0002     0.0013     0.0009     0.0027     0.0036     0.0058     0.0154     0.0141     0.0190 
Age 15                          0.0000     0.0000     0.0000     0.0000     0.0001     0.0001     0.0002     0.0007     0.0008     0.0017     0.0025     0.0039     0.0091     0.0110 
